[0.410s] Invoking command in '/home/pp/Tawan-pe-/build/lidar_bringup': CMAKE_PREFIX_PATH=${CMAKE_PREFIX_PATH}:/home/pp/Tawan-pe-/install/station_pkg:/home/pp/Tawan-pe-/install/ros2_aruco:/home/pp/Tawan-pe-/install/motion_control:/home/pp/Tawan-pe-/install/ired_teleop:/home/pp/Tawan-pe-/install/ired_movetogoal:/opt/ros/jazzy DEBUGINFOD_URLS=https://debuginfod.ubuntu.com /usr/bin/cmake --build /home/pp/Tawan-pe-/build/lidar_bringup -- -j12 -l12
[0.786s] Invoked command in '/home/pp/Tawan-pe-/build/lidar_bringup' returned '0': CMAKE_PREFIX_PATH=${CMAKE_PREFIX_PATH}:/home/pp/Tawan-pe-/install/station_pkg:/home/pp/Tawan-pe-/install/ros2_aruco:/home/pp/Tawan-pe-/install/motion_control:/home/pp/Tawan-pe-/install/ired_teleop:/home/pp/Tawan-pe-/install/ired_movetogoal:/opt/ros/jazzy DEBUGINFOD_URLS=https://debuginfod.ubuntu.com /usr/bin/cmake --build /home/pp/Tawan-pe-/build/lidar_bringup -- -j12 -l12
[0.787s] Invoking command in '/home/pp/Tawan-pe-/build/lidar_bringup': CMAKE_PREFIX_PATH=${CMAKE_PREFIX_PATH}:/home/pp/Tawan-pe-/install/station_pkg:/home/pp/Tawan-pe-/install/ros2_aruco:/home/pp/Tawan-pe-/install/motion_control:/home/pp/Tawan-pe-/install/ired_teleop:/home/pp/Tawan-pe-/install/ired_movetogoal:/opt/ros/jazzy DEBUGINFOD_URLS=https://debuginfod.ubuntu.com /usr/bin/cmake --install /home/pp/Tawan-pe-/build/lidar_bringup
[0.818s] -- Install configuration: ""
[0.818s] -- Execute custom install script
[0.818s] -- Up-to-date symlink: /home/pp/Tawan-pe-/install/lidar_bringup/share/lidar_bringup/launch/hokuyo_launch.py
[0.820s] -- Up-to-date symlink: /home/pp/Tawan-pe-/install/lidar_bringup/share/ament_index/resource_index/package_run_dependencies/lidar_bringup
[0.821s] -- Up-to-date symlink: /home/pp/Tawan-pe-/install/lidar_bringup/share/ament_index/resource_index/parent_prefix_path/lidar_bringup
[0.821s] -- Up-to-date symlink: /home/pp/Tawan-pe-/install/lidar_bringup/share/lidar_bringup/environment/ament_prefix_path.sh
[0.821s] -- Up-to-date symlink: /home/pp/Tawan-pe-/install/lidar_bringup/share/lidar_bringup/environment/ament_prefix_path.dsv
[0.821s] -- Up-to-date symlink: /home/pp/Tawan-pe-/install/lidar_bringup/share/lidar_bringup/environment/path.sh
[0.821s] -- Up-to-date symlink: /home/pp/Tawan-pe-/install/lidar_bringup/share/lidar_bringup/environment/path.dsv
[0.822s] -- Up-to-date symlink: /home/pp/Tawan-pe-/install/lidar_bringup/share/lidar_bringup/local_setup.bash
[0.822s] -- Up-to-date symlink: /home/pp/Tawan-pe-/install/lidar_bringup/share/lidar_bringup/local_setup.sh
[0.823s] -- Up-to-date symlink: /home/pp/Tawan-pe-/install/lidar_bringup/share/lidar_bringup/local_setup.zsh
[0.823s] -- Up-to-date symlink: /home/pp/Tawan-pe-/install/lidar_bringup/share/lidar_bringup/local_setup.dsv
[0.828s] -- Symlinking: /home/pp/Tawan-pe-/install/lidar_bringup/share/lidar_bringup/package.dsv
[0.838s] -- Up-to-date symlink: /home/pp/Tawan-pe-/install/lidar_bringup/share/ament_index/resource_index/packages/lidar_bringup
[0.838s] -- Up-to-date symlink: /home/pp/Tawan-pe-/install/lidar_bringup/share/lidar_bringup/cmake/lidar_bringupConfig.cmake
[0.838s] -- Up-to-date symlink: /home/pp/Tawan-pe-/install/lidar_bringup/share/lidar_bringup/cmake/lidar_bringupConfig-version.cmake
[0.838s] -- Up-to-date symlink: /home/pp/Tawan-pe-/install/lidar_bringup/share/lidar_bringup/package.xml
[0.860s] Invoked command in '/home/pp/Tawan-pe-/build/lidar_bringup' returned '0': CMAKE_PREFIX_PATH=${CMAKE_PREFIX_PATH}:/home/pp/Tawan-pe-/install/station_pkg:/home/pp/Tawan-pe-/install/ros2_aruco:/home/pp/Tawan-pe-/install/motion_control:/home/pp/Tawan-pe-/install/ired_teleop:/home/pp/Tawan-pe-/install/ired_movetogoal:/opt/ros/jazzy DEBUGINFOD_URLS=https://debuginfod.ubuntu.com /usr/bin/cmake --install /home/pp/Tawan-pe-/build/lidar_bringup
