[0.750s] Invoking command in '/home/pi/robot_ws/build/ros2_aruco_interfaces': CMAKE_PREFIX_PATH=${CMAKE_PREFIX_PATH}:/home/pi/robot_ws/install/ros2_aruco:/home/pi/robot_ws/install/ired_teleop:/home/pi/robot_ws/install/ired_movetogoal:/opt/ros/jazzy DEBUGINFOD_URLS=https://debuginfod.ubuntu.com /usr/bin/cmake /home/pi/robot_ws/src/aruco_marker/ros2_aruco/ros2_aruco_interfaces -DAMENT_CMAKE_SYMLINK_INSTALL=1 -DCMAKE_INSTALL_PREFIX=/home/pi/robot_ws/install/ros2_aruco_interfaces
[0.768s] -- Found ament_cmake: 2.5.4 (/opt/ros/jazzy/share/ament_cmake/cmake)
[0.789s] -- Found Python3: /usr/bin/python3 (found version "3.12.3") found components: Interpreter 
[0.886s] -- Override CMake install command with custom implementation using symlinks instead of copying resources
[0.896s] -- Found geometry_msgs: 5.3.6 (/opt/ros/jazzy/share/geometry_msgs/cmake)
[0.918s] -- Found rosidl_generator_c: 4.6.6 (/opt/ros/jazzy/share/rosidl_generator_c/cmake)
[0.926s] -- Found rosidl_generator_cpp: 4.6.6 (/opt/ros/jazzy/share/rosidl_generator_cpp/cmake)
[0.936s] -- Using all available rosidl_typesupport_c: rosidl_typesupport_fastrtps_c;rosidl_typesupport_introspection_c
[0.948s] -- Using all available rosidl_typesupport_cpp: rosidl_typesupport_fastrtps_cpp;rosidl_typesupport_introspection_cpp
[0.985s] -- Found rosidl_default_generators: 1.6.0 (/opt/ros/jazzy/share/rosidl_default_generators/cmake)
[0.996s] -- Found rosidl_adapter: 4.6.6 (/opt/ros/jazzy/share/rosidl_adapter/cmake)
[1.266s] -- Found ament_cmake_ros: 0.12.0 (/opt/ros/jazzy/share/ament_cmake_ros/cmake)
[1.554s] -- Using all available rosidl_typesupport_c: rosidl_typesupport_fastrtps_c;rosidl_typesupport_introspection_c
[1.657s] -- Using all available rosidl_typesupport_cpp: rosidl_typesupport_fastrtps_cpp;rosidl_typesupport_introspection_cpp
[1.658s] -- Found python_cmake_module: 0.11.1 (/opt/ros/jazzy/share/python_cmake_module/cmake)
[1.914s] -- Found Python3: /usr/bin/python3 (found version "3.12.3") found components: Interpreter Development NumPy Development.Module Development.Embed 
[1.941s] -- Found ament_lint_auto: 0.17.3 (/opt/ros/jazzy/share/ament_lint_auto/cmake)
[1.950s] -- Added test 'copyright' to check source files copyright and LICENSE
[1.951s] -- Added test 'lint_cmake' to check CMake code style
[1.952s] -- Added test 'xmllint' to check XML markup files
[1.954s] -- Configuring done (1.2s)
[1.982s] -- Generating done (0.0s)
[1.991s] -- Build files have been written to: /home/pi/robot_ws/build/ros2_aruco_interfaces
[1.998s] Invoked command in '/home/pi/robot_ws/build/ros2_aruco_interfaces' returned '0': CMAKE_PREFIX_PATH=${CMAKE_PREFIX_PATH}:/home/pi/robot_ws/install/ros2_aruco:/home/pi/robot_ws/install/ired_teleop:/home/pi/robot_ws/install/ired_movetogoal:/opt/ros/jazzy DEBUGINFOD_URLS=https://debuginfod.ubuntu.com /usr/bin/cmake /home/pi/robot_ws/src/aruco_marker/ros2_aruco/ros2_aruco_interfaces -DAMENT_CMAKE_SYMLINK_INSTALL=1 -DCMAKE_INSTALL_PREFIX=/home/pi/robot_ws/install/ros2_aruco_interfaces
[1.999s] Invoking command in '/home/pi/robot_ws/build/ros2_aruco_interfaces': CMAKE_PREFIX_PATH=${CMAKE_PREFIX_PATH}:/home/pi/robot_ws/install/ros2_aruco:/home/pi/robot_ws/install/ired_teleop:/home/pi/robot_ws/install/ired_movetogoal:/opt/ros/jazzy DEBUGINFOD_URLS=https://debuginfod.ubuntu.com /usr/bin/cmake --build /home/pi/robot_ws/build/ros2_aruco_interfaces -- -j16 -l16
[2.057s] [  2%] Built target ros2_aruco_interfaces__rosidl_generator_type_description
[2.066s] [  2%] Built target ament_cmake_python_symlink_ros2_aruco_interfaces
[2.079s] [  5%] Built target ros2_aruco_interfaces__cpp
[2.080s] [ 20%] Built target ros2_aruco_interfaces__rosidl_generator_c
[2.104s] [ 73%] Built target ros2_aruco_interfaces__rosidl_typesupport_cpp
[2.104s] [ 73%] Built target ros2_aruco_interfaces__rosidl_typesupport_fastrtps_cpp
[2.104s] [ 73%] Built target ros2_aruco_interfaces__rosidl_typesupport_c
[2.104s] [ 73%] Built target ros2_aruco_interfaces__rosidl_typesupport_introspection_cpp
[2.104s] [ 73%] Built target ros2_aruco_interfaces__rosidl_typesupport_introspection_c
[2.104s] [ 73%] Built target ros2_aruco_interfaces__rosidl_typesupport_fastrtps_c
[2.128s] [ 73%] Built target ros2_aruco_interfaces
[2.157s] [ 76%] Built target ros2_aruco_interfaces__py
[2.185s] [ 82%] Built target ros2_aruco_interfaces__rosidl_generator_py
[2.210s] [100%] Built target ros2_aruco_interfaces_s__rosidl_typesupport_c
[2.210s] [100%] Built target ros2_aruco_interfaces_s__rosidl_typesupport_introspection_c
[2.210s] [100%] Built target ros2_aruco_interfaces_s__rosidl_typesupport_fastrtps_c
[2.231s] running egg_info
[2.245s] writing ros2_aruco_interfaces.egg-info/PKG-INFO
[2.245s] writing dependency_links to ros2_aruco_interfaces.egg-info/dependency_links.txt
[2.245s] writing top-level names to ros2_aruco_interfaces.egg-info/top_level.txt
[2.280s] reading manifest file 'ros2_aruco_interfaces.egg-info/SOURCES.txt'
[2.280s] writing manifest file 'ros2_aruco_interfaces.egg-info/SOURCES.txt'
[2.309s] [100%] Built target ament_cmake_python_build_ros2_aruco_interfaces_egg
[2.323s] Invoked command in '/home/pi/robot_ws/build/ros2_aruco_interfaces' returned '0': CMAKE_PREFIX_PATH=${CMAKE_PREFIX_PATH}:/home/pi/robot_ws/install/ros2_aruco:/home/pi/robot_ws/install/ired_teleop:/home/pi/robot_ws/install/ired_movetogoal:/opt/ros/jazzy DEBUGINFOD_URLS=https://debuginfod.ubuntu.com /usr/bin/cmake --build /home/pi/robot_ws/build/ros2_aruco_interfaces -- -j16 -l16
[2.324s] Invoking command in '/home/pi/robot_ws/build/ros2_aruco_interfaces': CMAKE_PREFIX_PATH=${CMAKE_PREFIX_PATH}:/home/pi/robot_ws/install/ros2_aruco:/home/pi/robot_ws/install/ired_teleop:/home/pi/robot_ws/install/ired_movetogoal:/opt/ros/jazzy DEBUGINFOD_URLS=https://debuginfod.ubuntu.com /usr/bin/cmake --install /home/pi/robot_ws/build/ros2_aruco_interfaces
[2.332s] -- Install configuration: ""
[2.332s] -- Execute custom install script
[2.332s] -- Up-to-date symlink: /home/pi/robot_ws/install/ros2_aruco_interfaces/share/ament_index/resource_index/rosidl_interfaces/ros2_aruco_interfaces
[2.333s] -- Up-to-date symlink: /home/pi/robot_ws/install/ros2_aruco_interfaces/share/ros2_aruco_interfaces/msg/ArucoMarkers.json
[2.333s] -- Up-to-date symlink: /home/pi/robot_ws/install/ros2_aruco_interfaces/include/ros2_aruco_interfaces/ros2_aruco_interfaces/msg/aruco_markers.h
[2.333s] -- Up-to-date symlink: /home/pi/robot_ws/install/ros2_aruco_interfaces/include/ros2_aruco_interfaces/ros2_aruco_interfaces/msg/detail/aruco_markers__functions.h
[2.333s] -- Up-to-date symlink: /home/pi/robot_ws/install/ros2_aruco_interfaces/include/ros2_aruco_interfaces/ros2_aruco_interfaces/msg/detail/aruco_markers__struct.h
[2.333s] -- Up-to-date symlink: /home/pi/robot_ws/install/ros2_aruco_interfaces/include/ros2_aruco_interfaces/ros2_aruco_interfaces/msg/detail/aruco_markers__type_support.h
[2.333s] -- Up-to-date symlink: /home/pi/robot_ws/install/ros2_aruco_interfaces/include/ros2_aruco_interfaces/ros2_aruco_interfaces/msg/rosidl_generator_c__visibility_control.h
[2.333s] -- Up-to-date symlink: /home/pi/robot_ws/install/ros2_aruco_interfaces/share/ros2_aruco_interfaces/environment/library_path.sh
[2.333s] -- Up-to-date symlink: /home/pi/robot_ws/install/ros2_aruco_interfaces/share/ros2_aruco_interfaces/environment/library_path.dsv
[2.334s] -- Up-to-date symlink: /home/pi/robot_ws/install/ros2_aruco_interfaces/include/ros2_aruco_interfaces/ros2_aruco_interfaces/msg/detail/aruco_markers__rosidl_typesupport_fastrtps_c.h
[2.334s] -- Up-to-date symlink: /home/pi/robot_ws/install/ros2_aruco_interfaces/include/ros2_aruco_interfaces/ros2_aruco_interfaces/msg/rosidl_typesupport_fastrtps_c__visibility_control.h
[2.334s] -- Up-to-date symlink: /home/pi/robot_ws/install/ros2_aruco_interfaces/include/ros2_aruco_interfaces/ros2_aruco_interfaces/msg/aruco_markers.hpp
[2.334s] -- Up-to-date symlink: /home/pi/robot_ws/install/ros2_aruco_interfaces/include/ros2_aruco_interfaces/ros2_aruco_interfaces/msg/detail/aruco_markers__builder.hpp
[2.334s] -- Up-to-date symlink: /home/pi/robot_ws/install/ros2_aruco_interfaces/include/ros2_aruco_interfaces/ros2_aruco_interfaces/msg/detail/aruco_markers__struct.hpp
[2.334s] -- Up-to-date symlink: /home/pi/robot_ws/install/ros2_aruco_interfaces/include/ros2_aruco_interfaces/ros2_aruco_interfaces/msg/detail/aruco_markers__traits.hpp
[2.334s] -- Up-to-date symlink: /home/pi/robot_ws/install/ros2_aruco_interfaces/include/ros2_aruco_interfaces/ros2_aruco_interfaces/msg/detail/aruco_markers__type_support.hpp
[2.334s] -- Up-to-date symlink: /home/pi/robot_ws/install/ros2_aruco_interfaces/include/ros2_aruco_interfaces/ros2_aruco_interfaces/msg/rosidl_generator_cpp__visibility_control.hpp
[2.335s] -- Up-to-date symlink: /home/pi/robot_ws/install/ros2_aruco_interfaces/include/ros2_aruco_interfaces/ros2_aruco_interfaces/msg/detail/aruco_markers__rosidl_typesupport_fastrtps_cpp.hpp
[2.335s] -- Up-to-date symlink: /home/pi/robot_ws/install/ros2_aruco_interfaces/include/ros2_aruco_interfaces/ros2_aruco_interfaces/msg/rosidl_typesupport_fastrtps_cpp__visibility_control.h
[2.335s] -- Up-to-date symlink: /home/pi/robot_ws/install/ros2_aruco_interfaces/include/ros2_aruco_interfaces/ros2_aruco_interfaces/msg/detail/aruco_markers__rosidl_typesupport_introspection_c.h
[2.335s] -- Up-to-date symlink: /home/pi/robot_ws/install/ros2_aruco_interfaces/include/ros2_aruco_interfaces/ros2_aruco_interfaces/msg/rosidl_typesupport_introspection_c__visibility_control.h
[2.336s] -- Up-to-date symlink: /home/pi/robot_ws/install/ros2_aruco_interfaces/include/ros2_aruco_interfaces/ros2_aruco_interfaces/msg/detail/aruco_markers__rosidl_typesupport_introspection_cpp.hpp
[2.336s] -- Up-to-date symlink: /home/pi/robot_ws/install/ros2_aruco_interfaces/share/ros2_aruco_interfaces/environment/pythonpath.sh
[2.336s] -- Up-to-date symlink: /home/pi/robot_ws/install/ros2_aruco_interfaces/share/ros2_aruco_interfaces/environment/pythonpath.dsv
[2.336s] -- Up-to-date symlink: /home/pi/robot_ws/install/ros2_aruco_interfaces/lib/python3.12/site-packages/ros2_aruco_interfaces-0.1.0-py3.12.egg-info/PKG-INFO
[2.336s] -- Up-to-date symlink: /home/pi/robot_ws/install/ros2_aruco_interfaces/lib/python3.12/site-packages/ros2_aruco_interfaces-0.1.0-py3.12.egg-info/SOURCES.txt
[2.337s] -- Up-to-date symlink: /home/pi/robot_ws/install/ros2_aruco_interfaces/lib/python3.12/site-packages/ros2_aruco_interfaces-0.1.0-py3.12.egg-info/dependency_links.txt
[2.337s] -- Up-to-date symlink: /home/pi/robot_ws/install/ros2_aruco_interfaces/lib/python3.12/site-packages/ros2_aruco_interfaces-0.1.0-py3.12.egg-info/top_level.txt
[2.337s] -- Up-to-date symlink: /home/pi/robot_ws/install/ros2_aruco_interfaces/lib/python3.12/site-packages/ros2_aruco_interfaces/__init__.py
[2.337s] -- Up-to-date symlink: /home/pi/robot_ws/install/ros2_aruco_interfaces/lib/python3.12/site-packages/ros2_aruco_interfaces/_ros2_aruco_interfaces_s.ep.rosidl_typesupport_c.c
[2.337s] -- Up-to-date symlink: /home/pi/robot_ws/install/ros2_aruco_interfaces/lib/python3.12/site-packages/ros2_aruco_interfaces/_ros2_aruco_interfaces_s.ep.rosidl_typesupport_fastrtps_c.c
[2.337s] -- Up-to-date symlink: /home/pi/robot_ws/install/ros2_aruco_interfaces/lib/python3.12/site-packages/ros2_aruco_interfaces/_ros2_aruco_interfaces_s.ep.rosidl_typesupport_introspection_c.c
[2.338s] -- Up-to-date symlink: /home/pi/robot_ws/install/ros2_aruco_interfaces/lib/python3.12/site-packages/ros2_aruco_interfaces/msg/__init__.py
[2.338s] -- Up-to-date symlink: /home/pi/robot_ws/install/ros2_aruco_interfaces/lib/python3.12/site-packages/ros2_aruco_interfaces/msg/_aruco_markers.py
[2.338s] -- Up-to-date symlink: /home/pi/robot_ws/install/ros2_aruco_interfaces/lib/python3.12/site-packages/ros2_aruco_interfaces/msg/_aruco_markers_s.c
[2.338s] -- Up-to-date symlink: /home/pi/robot_ws/install/ros2_aruco_interfaces/lib/python3.12/site-packages/ros2_aruco_interfaces/ros2_aruco_interfaces_s__rosidl_typesupport_c.so
[2.338s] -- Up-to-date symlink: /home/pi/robot_ws/install/ros2_aruco_interfaces/lib/python3.12/site-packages/ros2_aruco_interfaces/ros2_aruco_interfaces_s__rosidl_typesupport_fastrtps_c.so
[2.338s] -- Up-to-date symlink: /home/pi/robot_ws/install/ros2_aruco_interfaces/lib/python3.12/site-packages/ros2_aruco_interfaces/ros2_aruco_interfaces_s__rosidl_typesupport_introspection_c.so
[2.338s] -- Up-to-date symlink: /home/pi/robot_ws/install/ros2_aruco_interfaces/lib/python3.12/site-packages/ros2_aruco_interfaces/ros2_aruco_interfaces_s__rosidl_typesupport_fastrtps_c.so
[2.338s] -- Up-to-date symlink: /home/pi/robot_ws/install/ros2_aruco_interfaces/lib/python3.12/site-packages/ros2_aruco_interfaces/ros2_aruco_interfaces_s__rosidl_typesupport_introspection_c.so
[2.339s] -- Up-to-date symlink: /home/pi/robot_ws/install/ros2_aruco_interfaces/lib/python3.12/site-packages/ros2_aruco_interfaces/ros2_aruco_interfaces_s__rosidl_typesupport_c.so
[2.339s] -- Up-to-date symlink: /home/pi/robot_ws/install/ros2_aruco_interfaces/share/ros2_aruco_interfaces/msg/ArucoMarkers.idl
[2.339s] -- Up-to-date symlink: /home/pi/robot_ws/install/ros2_aruco_interfaces/share/ros2_aruco_interfaces/msg/ArucoMarkers.msg
[2.339s] -- Up-to-date symlink: /home/pi/robot_ws/install/ros2_aruco_interfaces/share/ament_index/resource_index/package_run_dependencies/ros2_aruco_interfaces
[2.339s] -- Up-to-date symlink: /home/pi/robot_ws/install/ros2_aruco_interfaces/share/ament_index/resource_index/parent_prefix_path/ros2_aruco_interfaces
[2.339s] -- Up-to-date symlink: /home/pi/robot_ws/install/ros2_aruco_interfaces/share/ros2_aruco_interfaces/environment/ament_prefix_path.sh
[2.339s] -- Up-to-date symlink: /home/pi/robot_ws/install/ros2_aruco_interfaces/share/ros2_aruco_interfaces/environment/ament_prefix_path.dsv
[2.339s] -- Up-to-date symlink: /home/pi/robot_ws/install/ros2_aruco_interfaces/share/ros2_aruco_interfaces/environment/path.sh
[2.339s] -- Up-to-date symlink: /home/pi/robot_ws/install/ros2_aruco_interfaces/share/ros2_aruco_interfaces/environment/path.dsv
[2.340s] -- Up-to-date symlink: /home/pi/robot_ws/install/ros2_aruco_interfaces/share/ros2_aruco_interfaces/local_setup.bash
[2.340s] -- Up-to-date symlink: /home/pi/robot_ws/install/ros2_aruco_interfaces/share/ros2_aruco_interfaces/local_setup.sh
[2.340s] -- Up-to-date symlink: /home/pi/robot_ws/install/ros2_aruco_interfaces/share/ros2_aruco_interfaces/local_setup.zsh
[2.340s] -- Up-to-date symlink: /home/pi/robot_ws/install/ros2_aruco_interfaces/share/ros2_aruco_interfaces/local_setup.dsv
[2.340s] -- Symlinking: /home/pi/robot_ws/install/ros2_aruco_interfaces/share/ros2_aruco_interfaces/package.dsv
[2.350s] -- Up-to-date symlink: /home/pi/robot_ws/install/ros2_aruco_interfaces/share/ament_index/resource_index/packages/ros2_aruco_interfaces
[2.351s] -- Up-to-date symlink: /home/pi/robot_ws/install/ros2_aruco_interfaces/share/ros2_aruco_interfaces/cmake/rosidl_cmake-extras.cmake
[2.351s] -- Up-to-date symlink: /home/pi/robot_ws/install/ros2_aruco_interfaces/share/ros2_aruco_interfaces/cmake/ament_cmake_export_dependencies-extras.cmake
[2.351s] -- Up-to-date symlink: /home/pi/robot_ws/install/ros2_aruco_interfaces/share/ros2_aruco_interfaces/cmake/ament_cmake_export_include_directories-extras.cmake
[2.351s] -- Up-to-date symlink: /home/pi/robot_ws/install/ros2_aruco_interfaces/share/ros2_aruco_interfaces/cmake/ament_cmake_export_libraries-extras.cmake
[2.351s] -- Up-to-date symlink: /home/pi/robot_ws/install/ros2_aruco_interfaces/share/ros2_aruco_interfaces/cmake/ament_cmake_export_targets-extras.cmake
[2.351s] -- Up-to-date symlink: /home/pi/robot_ws/install/ros2_aruco_interfaces/share/ros2_aruco_interfaces/cmake/rosidl_cmake_export_typesupport_targets-extras.cmake
[2.351s] -- Up-to-date symlink: /home/pi/robot_ws/install/ros2_aruco_interfaces/share/ros2_aruco_interfaces/cmake/rosidl_cmake_export_typesupport_libraries-extras.cmake
[2.351s] -- Up-to-date symlink: /home/pi/robot_ws/install/ros2_aruco_interfaces/share/ros2_aruco_interfaces/cmake/ros2_aruco_interfacesConfig.cmake
[2.351s] -- Up-to-date symlink: /home/pi/robot_ws/install/ros2_aruco_interfaces/share/ros2_aruco_interfaces/cmake/ros2_aruco_interfacesConfig-version.cmake
[2.351s] -- Up-to-date symlink: /home/pi/robot_ws/install/ros2_aruco_interfaces/share/ros2_aruco_interfaces/package.xml
[2.351s] -- Up-to-date: /home/pi/robot_ws/install/ros2_aruco_interfaces/lib/libros2_aruco_interfaces__rosidl_generator_c.so
[2.351s] -- Up-to-date: /home/pi/robot_ws/install/ros2_aruco_interfaces/lib/libros2_aruco_interfaces__rosidl_typesupport_fastrtps_c.so
[2.352s] -- Up-to-date: /home/pi/robot_ws/install/ros2_aruco_interfaces/lib/libros2_aruco_interfaces__rosidl_typesupport_fastrtps_cpp.so
[2.352s] -- Up-to-date: /home/pi/robot_ws/install/ros2_aruco_interfaces/lib/libros2_aruco_interfaces__rosidl_typesupport_introspection_c.so
[2.352s] -- Up-to-date: /home/pi/robot_ws/install/ros2_aruco_interfaces/lib/libros2_aruco_interfaces__rosidl_typesupport_c.so
[2.353s] -- Up-to-date: /home/pi/robot_ws/install/ros2_aruco_interfaces/lib/libros2_aruco_interfaces__rosidl_typesupport_introspection_cpp.so
[2.353s] -- Up-to-date: /home/pi/robot_ws/install/ros2_aruco_interfaces/lib/libros2_aruco_interfaces__rosidl_typesupport_cpp.so
[2.382s] Listing '/home/pi/robot_ws/install/ros2_aruco_interfaces/lib/python3.12/site-packages/ros2_aruco_interfaces'...
[2.382s] Compiling '/home/pi/robot_ws/install/ros2_aruco_interfaces/lib/python3.12/site-packages/ros2_aruco_interfaces/__init__.py'...
[2.382s] Listing '/home/pi/robot_ws/install/ros2_aruco_interfaces/lib/python3.12/site-packages/ros2_aruco_interfaces/msg'...
[2.387s] -- Up-to-date: /home/pi/robot_ws/install/ros2_aruco_interfaces/lib/libros2_aruco_interfaces__rosidl_generator_py.so
[2.387s] -- Up-to-date: /home/pi/robot_ws/install/ros2_aruco_interfaces/share/ros2_aruco_interfaces/cmake/export_ros2_aruco_interfaces__rosidl_generator_cExport.cmake
[2.387s] -- Up-to-date: /home/pi/robot_ws/install/ros2_aruco_interfaces/share/ros2_aruco_interfaces/cmake/export_ros2_aruco_interfaces__rosidl_generator_cExport-noconfig.cmake
[2.387s] -- Up-to-date: /home/pi/robot_ws/install/ros2_aruco_interfaces/share/ros2_aruco_interfaces/cmake/export_ros2_aruco_interfaces__rosidl_typesupport_fastrtps_cExport.cmake
[2.387s] -- Up-to-date: /home/pi/robot_ws/install/ros2_aruco_interfaces/share/ros2_aruco_interfaces/cmake/export_ros2_aruco_interfaces__rosidl_typesupport_fastrtps_cExport-noconfig.cmake
[2.387s] -- Up-to-date: /home/pi/robot_ws/install/ros2_aruco_interfaces/share/ros2_aruco_interfaces/cmake/export_ros2_aruco_interfaces__rosidl_generator_cppExport.cmake
[2.387s] -- Up-to-date: /home/pi/robot_ws/install/ros2_aruco_interfaces/share/ros2_aruco_interfaces/cmake/export_ros2_aruco_interfaces__rosidl_typesupport_fastrtps_cppExport.cmake
[2.387s] -- Up-to-date: /home/pi/robot_ws/install/ros2_aruco_interfaces/share/ros2_aruco_interfaces/cmake/export_ros2_aruco_interfaces__rosidl_typesupport_fastrtps_cppExport-noconfig.cmake
[2.387s] -- Up-to-date: /home/pi/robot_ws/install/ros2_aruco_interfaces/share/ros2_aruco_interfaces/cmake/ros2_aruco_interfaces__rosidl_typesupport_introspection_cExport.cmake
[2.387s] -- Up-to-date: /home/pi/robot_ws/install/ros2_aruco_interfaces/share/ros2_aruco_interfaces/cmake/ros2_aruco_interfaces__rosidl_typesupport_introspection_cExport-noconfig.cmake
[2.388s] -- Up-to-date: /home/pi/robot_ws/install/ros2_aruco_interfaces/share/ros2_aruco_interfaces/cmake/ros2_aruco_interfaces__rosidl_typesupport_cExport.cmake
[2.388s] -- Up-to-date: /home/pi/robot_ws/install/ros2_aruco_interfaces/share/ros2_aruco_interfaces/cmake/ros2_aruco_interfaces__rosidl_typesupport_cExport-noconfig.cmake
[2.388s] -- Up-to-date: /home/pi/robot_ws/install/ros2_aruco_interfaces/share/ros2_aruco_interfaces/cmake/ros2_aruco_interfaces__rosidl_typesupport_introspection_cppExport.cmake
[2.388s] -- Up-to-date: /home/pi/robot_ws/install/ros2_aruco_interfaces/share/ros2_aruco_interfaces/cmake/ros2_aruco_interfaces__rosidl_typesupport_introspection_cppExport-noconfig.cmake
[2.388s] -- Up-to-date: /home/pi/robot_ws/install/ros2_aruco_interfaces/share/ros2_aruco_interfaces/cmake/ros2_aruco_interfaces__rosidl_typesupport_cppExport.cmake
[2.388s] -- Up-to-date: /home/pi/robot_ws/install/ros2_aruco_interfaces/share/ros2_aruco_interfaces/cmake/ros2_aruco_interfaces__rosidl_typesupport_cppExport-noconfig.cmake
[2.388s] -- Up-to-date: /home/pi/robot_ws/install/ros2_aruco_interfaces/share/ros2_aruco_interfaces/cmake/export_ros2_aruco_interfaces__rosidl_generator_pyExport.cmake
[2.388s] -- Up-to-date: /home/pi/robot_ws/install/ros2_aruco_interfaces/share/ros2_aruco_interfaces/cmake/export_ros2_aruco_interfaces__rosidl_generator_pyExport-noconfig.cmake
[2.390s] Invoked command in '/home/pi/robot_ws/build/ros2_aruco_interfaces' returned '0': CMAKE_PREFIX_PATH=${CMAKE_PREFIX_PATH}:/home/pi/robot_ws/install/ros2_aruco:/home/pi/robot_ws/install/ired_teleop:/home/pi/robot_ws/install/ired_movetogoal:/opt/ros/jazzy DEBUGINFOD_URLS=https://debuginfod.ubuntu.com /usr/bin/cmake --install /home/pi/robot_ws/build/ros2_aruco_interfaces
