[0.027s] Invoking command in '/home/pi/robot_ws/build/ired_bringup': CMAKE_PREFIX_PATH=/home/pi/robot_ws/install/ired_msgs:/home/pi/robot_ws/install/rplidar_ros:/home/pi/robot_ws/install/ros2_laser_scan_matcher:/home/pi/robot_ws/install/ired_rviz:/home/pi/robot_ws/install/ired_navigation:/home/pi/robot_ws/install/ired_bringup:/home/pi/robot_ws/install/csm:/opt/ros/jazzy/opt/gz_sim_vendor:/opt/ros/jazzy/opt/gz_sensors_vendor:/opt/ros/jazzy/opt/gz_physics_vendor:/opt/ros/jazzy/opt/sdformat_vendor:/opt/ros/jazzy/opt/gz_gui_vendor:/opt/ros/jazzy/opt/gz_transport_vendor:/opt/ros/jazzy/opt/gz_rendering_vendor:/opt/ros/jazzy/opt/gz_plugin_vendor:/opt/ros/jazzy/opt/gz_fuel_tools_vendor:/opt/ros/jazzy/opt/gz_msgs_vendor:/opt/ros/jazzy/opt/gz_common_vendor:/opt/ros/jazzy/opt/gz_math_vendor:/opt/ros/jazzy/opt/gz_utils_vendor:/opt/ros/jazzy/opt/gz_tools_vendor:/opt/ros/jazzy/opt/gz_ogre_next_vendor:/opt/ros/jazzy/opt/gz_dartsim_vendor:/opt/ros/jazzy/opt/gz_cmake_vendor:/home/pi/robot_ws/install/ired_teleop:/home/pi/robot_ws/install/ired_movetogoal:/opt/ros/jazzy DEBUGINFOD_URLS=https://debuginfod.ubuntu.com PYTHONPATH=/home/pi/robot_ws/install/ired_msgs/lib/python3.12/site-packages:/home/pi/robot_ws/build/ired_teleop:/home/pi/robot_ws/install/ired_teleop/lib/python3.12/site-packages:/home/pi/robot_ws/build/ired_movetogoal:/home/pi/robot_ws/install/ired_movetogoal/lib/python3.12/site-packages:/opt/ros/jazzy/lib/python3.12/site-packages /usr/bin/cmake --build /home/pi/robot_ws/build/ired_bringup -- -j16 -l16
[0.139s] [ 81%] [32mBuilding CXX object CMakeFiles/inverse_kinematics_node.dir/src/inverse_kinematics.cpp.o[0m
[0.139s] [ 81%] Built target imu_node
[0.139s] [ 81%] Built target forward_kinematics_node
[0.139s] [ 90%] Built target odom_node
[0.139s] [ 90%] Built target iredcr_modbus_node
[5.512s] [100%] [32m[1mLinking CXX executable inverse_kinematics_node[0m
[5.748s] [100%] Built target inverse_kinematics_node
[5.760s] Invoked command in '/home/pi/robot_ws/build/ired_bringup' returned '0': CMAKE_PREFIX_PATH=/home/pi/robot_ws/install/ired_msgs:/home/pi/robot_ws/install/rplidar_ros:/home/pi/robot_ws/install/ros2_laser_scan_matcher:/home/pi/robot_ws/install/ired_rviz:/home/pi/robot_ws/install/ired_navigation:/home/pi/robot_ws/install/ired_bringup:/home/pi/robot_ws/install/csm:/opt/ros/jazzy/opt/gz_sim_vendor:/opt/ros/jazzy/opt/gz_sensors_vendor:/opt/ros/jazzy/opt/gz_physics_vendor:/opt/ros/jazzy/opt/sdformat_vendor:/opt/ros/jazzy/opt/gz_gui_vendor:/opt/ros/jazzy/opt/gz_transport_vendor:/opt/ros/jazzy/opt/gz_rendering_vendor:/opt/ros/jazzy/opt/gz_plugin_vendor:/opt/ros/jazzy/opt/gz_fuel_tools_vendor:/opt/ros/jazzy/opt/gz_msgs_vendor:/opt/ros/jazzy/opt/gz_common_vendor:/opt/ros/jazzy/opt/gz_math_vendor:/opt/ros/jazzy/opt/gz_utils_vendor:/opt/ros/jazzy/opt/gz_tools_vendor:/opt/ros/jazzy/opt/gz_ogre_next_vendor:/opt/ros/jazzy/opt/gz_dartsim_vendor:/opt/ros/jazzy/opt/gz_cmake_vendor:/home/pi/robot_ws/install/ired_teleop:/home/pi/robot_ws/install/ired_movetogoal:/opt/ros/jazzy DEBUGINFOD_URLS=https://debuginfod.ubuntu.com PYTHONPATH=/home/pi/robot_ws/install/ired_msgs/lib/python3.12/site-packages:/home/pi/robot_ws/build/ired_teleop:/home/pi/robot_ws/install/ired_teleop/lib/python3.12/site-packages:/home/pi/robot_ws/build/ired_movetogoal:/home/pi/robot_ws/install/ired_movetogoal/lib/python3.12/site-packages:/opt/ros/jazzy/lib/python3.12/site-packages /usr/bin/cmake --build /home/pi/robot_ws/build/ired_bringup -- -j16 -l16
[5.764s] Invoking command in '/home/pi/robot_ws/build/ired_bringup': CMAKE_PREFIX_PATH=/home/pi/robot_ws/install/ired_msgs:/home/pi/robot_ws/install/rplidar_ros:/home/pi/robot_ws/install/ros2_laser_scan_matcher:/home/pi/robot_ws/install/ired_rviz:/home/pi/robot_ws/install/ired_navigation:/home/pi/robot_ws/install/ired_bringup:/home/pi/robot_ws/install/csm:/opt/ros/jazzy/opt/gz_sim_vendor:/opt/ros/jazzy/opt/gz_sensors_vendor:/opt/ros/jazzy/opt/gz_physics_vendor:/opt/ros/jazzy/opt/sdformat_vendor:/opt/ros/jazzy/opt/gz_gui_vendor:/opt/ros/jazzy/opt/gz_transport_vendor:/opt/ros/jazzy/opt/gz_rendering_vendor:/opt/ros/jazzy/opt/gz_plugin_vendor:/opt/ros/jazzy/opt/gz_fuel_tools_vendor:/opt/ros/jazzy/opt/gz_msgs_vendor:/opt/ros/jazzy/opt/gz_common_vendor:/opt/ros/jazzy/opt/gz_math_vendor:/opt/ros/jazzy/opt/gz_utils_vendor:/opt/ros/jazzy/opt/gz_tools_vendor:/opt/ros/jazzy/opt/gz_ogre_next_vendor:/opt/ros/jazzy/opt/gz_dartsim_vendor:/opt/ros/jazzy/opt/gz_cmake_vendor:/home/pi/robot_ws/install/ired_teleop:/home/pi/robot_ws/install/ired_movetogoal:/opt/ros/jazzy DEBUGINFOD_URLS=https://debuginfod.ubuntu.com PYTHONPATH=/home/pi/robot_ws/install/ired_msgs/lib/python3.12/site-packages:/home/pi/robot_ws/build/ired_teleop:/home/pi/robot_ws/install/ired_teleop/lib/python3.12/site-packages:/home/pi/robot_ws/build/ired_movetogoal:/home/pi/robot_ws/install/ired_movetogoal/lib/python3.12/site-packages:/opt/ros/jazzy/lib/python3.12/site-packages /usr/bin/cmake --install /home/pi/robot_ws/build/ired_bringup
[5.775s] -- Install configuration: ""
[5.776s] -- Execute custom install script
[5.776s] -- Up-to-date symlink: /home/pi/robot_ws/install/ired_bringup/lib/ired_bringup/forward_kinematics_node
[5.776s] -- Up-to-date symlink: /home/pi/robot_ws/install/ired_bringup/lib/ired_bringup/inverse_kinematics_node
[5.776s] -- Up-to-date symlink: /home/pi/robot_ws/install/ired_bringup/lib/ired_bringup/imu_node
[5.776s] -- Up-to-date symlink: /home/pi/robot_ws/install/ired_bringup/lib/ired_bringup/iredcr_modbus_node
[5.776s] -- Up-to-date symlink: /home/pi/robot_ws/install/ired_bringup/lib/ired_bringup/odom_node
[5.777s] -- Up-to-date symlink: /home/pi/robot_ws/install/ired_bringup/share/ired_bringup/launch/bringup.launch.py
[5.777s] -- Up-to-date symlink: /home/pi/robot_ws/install/ired_bringup/share/ired_bringup/param/ired.yaml
[5.777s] -- Up-to-date symlink: /home/pi/robot_ws/install/ired_bringup/share/ired_bringup/param/laser_config.yaml
[5.777s] -- Up-to-date symlink: /home/pi/robot_ws/install/ired_bringup/share/ired_bringup/param/laser_scan_matcher.yaml
[5.777s] -- Up-to-date symlink: /home/pi/robot_ws/install/ired_bringup/share/ired_bringup/urdf/ired.urdf.xacro
[5.777s] -- Up-to-date symlink: /home/pi/robot_ws/install/ired_bringup/include//ired_bringup/forward_kinematics.hpp
[5.778s] -- Up-to-date symlink: /home/pi/robot_ws/install/ired_bringup/include//ired_bringup/imu.hpp
[5.778s] -- Up-to-date symlink: /home/pi/robot_ws/install/ired_bringup/include//ired_bringup/inverse_kinematics.hpp
[5.778s] -- Up-to-date symlink: /home/pi/robot_ws/install/ired_bringup/include//ired_bringup/ired_controller.hpp
[5.778s] -- Up-to-date symlink: /home/pi/robot_ws/install/ired_bringup/include//ired_bringup/ired_controller_define.hpp
[5.778s] -- Up-to-date symlink: /home/pi/robot_ws/install/ired_bringup/include//ired_bringup/odom.hpp
[5.778s] -- Up-to-date symlink: /home/pi/robot_ws/install/ired_bringup/include//modbus_rtu.hpp
[5.778s] -- Up-to-date symlink: /home/pi/robot_ws/install/ired_bringup/share/ament_index/resource_index/package_run_dependencies/ired_bringup
[5.779s] -- Up-to-date symlink: /home/pi/robot_ws/install/ired_bringup/share/ament_index/resource_index/parent_prefix_path/ired_bringup
[5.779s] -- Up-to-date symlink: /home/pi/robot_ws/install/ired_bringup/share/ired_bringup/environment/ament_prefix_path.sh
[5.779s] -- Up-to-date symlink: /home/pi/robot_ws/install/ired_bringup/share/ired_bringup/environment/ament_prefix_path.dsv
[5.779s] -- Up-to-date symlink: /home/pi/robot_ws/install/ired_bringup/share/ired_bringup/environment/path.sh
[5.779s] -- Up-to-date symlink: /home/pi/robot_ws/install/ired_bringup/share/ired_bringup/environment/path.dsv
[5.779s] -- Up-to-date symlink: /home/pi/robot_ws/install/ired_bringup/share/ired_bringup/local_setup.bash
[5.779s] -- Up-to-date symlink: /home/pi/robot_ws/install/ired_bringup/share/ired_bringup/local_setup.sh
[5.779s] -- Up-to-date symlink: /home/pi/robot_ws/install/ired_bringup/share/ired_bringup/local_setup.zsh
[5.779s] -- Up-to-date symlink: /home/pi/robot_ws/install/ired_bringup/share/ired_bringup/local_setup.dsv
[5.779s] -- Symlinking: /home/pi/robot_ws/install/ired_bringup/share/ired_bringup/package.dsv
[5.789s] -- Up-to-date symlink: /home/pi/robot_ws/install/ired_bringup/share/ament_index/resource_index/packages/ired_bringup
[5.789s] -- Up-to-date symlink: /home/pi/robot_ws/install/ired_bringup/share/ired_bringup/cmake/ament_cmake_export_include_directories-extras.cmake
[5.789s] -- Up-to-date symlink: /home/pi/robot_ws/install/ired_bringup/share/ired_bringup/cmake/ament_cmake_export_dependencies-extras.cmake
[5.789s] -- Up-to-date symlink: /home/pi/robot_ws/install/ired_bringup/share/ired_bringup/cmake/ired_bringupConfig.cmake
[5.789s] -- Up-to-date symlink: /home/pi/robot_ws/install/ired_bringup/share/ired_bringup/cmake/ired_bringupConfig-version.cmake
[5.789s] -- Up-to-date symlink: /home/pi/robot_ws/install/ired_bringup/share/ired_bringup/package.xml
[5.792s] Invoked command in '/home/pi/robot_ws/build/ired_bringup' returned '0': CMAKE_PREFIX_PATH=/home/pi/robot_ws/install/ired_msgs:/home/pi/robot_ws/install/rplidar_ros:/home/pi/robot_ws/install/ros2_laser_scan_matcher:/home/pi/robot_ws/install/ired_rviz:/home/pi/robot_ws/install/ired_navigation:/home/pi/robot_ws/install/ired_bringup:/home/pi/robot_ws/install/csm:/opt/ros/jazzy/opt/gz_sim_vendor:/opt/ros/jazzy/opt/gz_sensors_vendor:/opt/ros/jazzy/opt/gz_physics_vendor:/opt/ros/jazzy/opt/sdformat_vendor:/opt/ros/jazzy/opt/gz_gui_vendor:/opt/ros/jazzy/opt/gz_transport_vendor:/opt/ros/jazzy/opt/gz_rendering_vendor:/opt/ros/jazzy/opt/gz_plugin_vendor:/opt/ros/jazzy/opt/gz_fuel_tools_vendor:/opt/ros/jazzy/opt/gz_msgs_vendor:/opt/ros/jazzy/opt/gz_common_vendor:/opt/ros/jazzy/opt/gz_math_vendor:/opt/ros/jazzy/opt/gz_utils_vendor:/opt/ros/jazzy/opt/gz_tools_vendor:/opt/ros/jazzy/opt/gz_ogre_next_vendor:/opt/ros/jazzy/opt/gz_dartsim_vendor:/opt/ros/jazzy/opt/gz_cmake_vendor:/home/pi/robot_ws/install/ired_teleop:/home/pi/robot_ws/install/ired_movetogoal:/opt/ros/jazzy DEBUGINFOD_URLS=https://debuginfod.ubuntu.com PYTHONPATH=/home/pi/robot_ws/install/ired_msgs/lib/python3.12/site-packages:/home/pi/robot_ws/build/ired_teleop:/home/pi/robot_ws/install/ired_teleop/lib/python3.12/site-packages:/home/pi/robot_ws/build/ired_movetogoal:/home/pi/robot_ws/install/ired_movetogoal/lib/python3.12/site-packages:/opt/ros/jazzy/lib/python3.12/site-packages /usr/bin/cmake --install /home/pi/robot_ws/build/ired_bringup
