[3.037s] Invoking command in '/home/pp/Tawan-pe-/build/ired_teleop': DEBUGINFOD_URLS=https://debuginfod.ubuntu.com PYTHONPATH=/home/pp/Tawan-pe-/build/ired_teleop/prefix_override:/usr/lib/python3/dist-packages/colcon_core/task/python/colcon_distutils_commands:/home/pp/Tawan-pe-/install/ired_teleop/lib/python3.12/site-packages:${PYTHONPATH} /usr/bin/python3 -W ignore:setup.py install is deprecated -W ignore:easy_install command is deprecated setup.py develop --uninstall --editable --build-directory /home/pp/Tawan-pe-/build/ired_teleop/build
[3.888s] running develop
[4.431s] Removing /home/pp/Tawan-pe-/install/ired_teleop/lib/python3.12/site-packages/ired-teleop.egg-link (link to .)
[4.539s] Invoked command in '/home/pp/Tawan-pe-/build/ired_teleop' returned '0': DEBUGINFOD_URLS=https://debuginfod.ubuntu.com PYTHONPATH=/home/pp/Tawan-pe-/build/ired_teleop/prefix_override:/usr/lib/python3/dist-packages/colcon_core/task/python/colcon_distutils_commands:/home/pp/Tawan-pe-/install/ired_teleop/lib/python3.12/site-packages:${PYTHONPATH} /usr/bin/python3 -W ignore:setup.py install is deprecated -W ignore:easy_install command is deprecated setup.py develop --uninstall --editable --build-directory /home/pp/Tawan-pe-/build/ired_teleop/build
[4.541s] Invoking command in '/home/pp/Tawan-pe-/src/robot/ired_teleop': DEBUGINFOD_URLS=https://debuginfod.ubuntu.com PYTHONPATH=/home/pp/Tawan-pe-/build/ired_teleop/prefix_override:/usr/lib/python3/dist-packages/colcon_core/task/python/colcon_distutils_commands:/home/pp/Tawan-pe-/install/ired_teleop/lib/python3.12/site-packages:${PYTHONPATH} /usr/bin/python3 -W ignore:setup.py install is deprecated -W ignore:easy_install command is deprecated setup.py egg_info --egg-base ../../../build/ired_teleop build --build-base /home/pp/Tawan-pe-/build/ired_teleop/build install --record /home/pp/Tawan-pe-/build/ired_teleop/install.log --single-version-externally-managed install_data --force
[4.970s] running egg_info
[4.998s] writing ../../../build/ired_teleop/ired_teleop.egg-info/PKG-INFO
[4.998s] writing dependency_links to ../../../build/ired_teleop/ired_teleop.egg-info/dependency_links.txt
[4.999s] writing entry points to ../../../build/ired_teleop/ired_teleop.egg-info/entry_points.txt
[4.999s] writing requirements to ../../../build/ired_teleop/ired_teleop.egg-info/requires.txt
[4.999s] writing top-level names to ../../../build/ired_teleop/ired_teleop.egg-info/top_level.txt
[5.071s] reading manifest file '../../../build/ired_teleop/ired_teleop.egg-info/SOURCES.txt'
[5.073s] writing manifest file '../../../build/ired_teleop/ired_teleop.egg-info/SOURCES.txt'
[5.073s] running build
[5.073s] running build_py
[5.073s] running install
[5.082s] running install_lib
[5.111s] creating /home/pp/Tawan-pe-/install/ired_teleop/lib/python3.12/site-packages/ired_teleop
[5.112s] creating /home/pp/Tawan-pe-/install/ired_teleop/lib/python3.12/site-packages/ired_teleop/script
[5.112s] copying /home/pp/Tawan-pe-/build/ired_teleop/build/lib/ired_teleop/script/teleop_keyboard.py -> /home/pp/Tawan-pe-/install/ired_teleop/lib/python3.12/site-packages/ired_teleop/script
[5.112s] copying /home/pp/Tawan-pe-/build/ired_teleop/build/lib/ired_teleop/script/__init__.py -> /home/pp/Tawan-pe-/install/ired_teleop/lib/python3.12/site-packages/ired_teleop/script
[5.112s] copying /home/pp/Tawan-pe-/build/ired_teleop/build/lib/ired_teleop/__init__.py -> /home/pp/Tawan-pe-/install/ired_teleop/lib/python3.12/site-packages/ired_teleop
[5.113s] byte-compiling /home/pp/Tawan-pe-/install/ired_teleop/lib/python3.12/site-packages/ired_teleop/script/teleop_keyboard.py to teleop_keyboard.cpython-312.pyc
[5.116s] byte-compiling /home/pp/Tawan-pe-/install/ired_teleop/lib/python3.12/site-packages/ired_teleop/script/__init__.py to __init__.cpython-312.pyc
[5.116s] byte-compiling /home/pp/Tawan-pe-/install/ired_teleop/lib/python3.12/site-packages/ired_teleop/__init__.py to __init__.cpython-312.pyc
[5.116s] running install_data
[5.116s] copying resource/ired_teleop -> /home/pp/Tawan-pe-/install/ired_teleop/share/ament_index/resource_index/packages
[5.116s] copying package.xml -> /home/pp/Tawan-pe-/install/ired_teleop/share/ired_teleop
[5.117s] running install_egg_info
[5.146s] Copying ../../../build/ired_teleop/ired_teleop.egg-info to /home/pp/Tawan-pe-/install/ired_teleop/lib/python3.12/site-packages/ired_teleop-2.0.1-py3.12.egg-info
[5.148s] running install_scripts
[5.459s] Installing teleop_keyboard script to /home/pp/Tawan-pe-/install/ired_teleop/lib/ired_teleop
[5.459s] writing list of installed files to '/home/pp/Tawan-pe-/build/ired_teleop/install.log'
[5.504s] Invoked command in '/home/pp/Tawan-pe-/src/robot/ired_teleop' returned '0': DEBUGINFOD_URLS=https://debuginfod.ubuntu.com PYTHONPATH=/home/pp/Tawan-pe-/build/ired_teleop/prefix_override:/usr/lib/python3/dist-packages/colcon_core/task/python/colcon_distutils_commands:/home/pp/Tawan-pe-/install/ired_teleop/lib/python3.12/site-packages:${PYTHONPATH} /usr/bin/python3 -W ignore:setup.py install is deprecated -W ignore:easy_install command is deprecated setup.py egg_info --egg-base ../../../build/ired_teleop build --build-base /home/pp/Tawan-pe-/build/ired_teleop/build install --record /home/pp/Tawan-pe-/build/ired_teleop/install.log --single-version-externally-managed install_data --force
