[0.074s] Invoking command in '/home/pp/Tawan-pe-/build/ros2_aruco_interfaces': CMAKE_PREFIX_PATH=${CMAKE_PREFIX_PATH}:/home/pp/Tawan-pe-/install/station_manager:/home/pp/Tawan-pe-/install/station_pkg:/home/pp/Tawan-pe-/install/ros2_aruco:/home/pp/Tawan-pe-/install/motion_control:/home/pp/Tawan-pe-/install/ired_teleop:/home/pp/Tawan-pe-/install/ired_movetogoal:/opt/ros/jazzy DEBUGINFOD_URLS=https://debuginfod.ubuntu.com /usr/bin/cmake /home/pp/Tawan-pe-/src/aruco_marker/ros2_aruco/ros2_aruco_interfaces -DCMAKE_INSTALL_PREFIX=/home/pp/Tawan-pe-/install/ros2_aruco_interfaces
[1.925s] -- Found ament_cmake: 2.5.4 (/opt/ros/jazzy/share/ament_cmake/cmake)
[1.925s] -- Found Python3: /usr/bin/python3 (found version "3.12.3") found components: Interpreter 
[1.925s] -- Override CMake install command with custom implementation using symlinks instead of copying resources
[1.925s] -- Found geometry_msgs: 5.3.6 (/opt/ros/jazzy/share/geometry_msgs/cmake)
[1.925s] -- Found rosidl_generator_c: 4.6.6 (/opt/ros/jazzy/share/rosidl_generator_c/cmake)
[1.925s] -- Found rosidl_generator_cpp: 4.6.6 (/opt/ros/jazzy/share/rosidl_generator_cpp/cmake)
[1.925s] -- Using all available rosidl_typesupport_c: rosidl_typesupport_fastrtps_c;rosidl_typesupport_introspection_c
[1.926s] -- Using all available rosidl_typesupport_cpp: rosidl_typesupport_fastrtps_cpp;rosidl_typesupport_introspection_cpp
[1.926s] -- Found rosidl_default_generators: 1.6.0 (/opt/ros/jazzy/share/rosidl_default_generators/cmake)
[1.926s] -- Found rosidl_adapter: 4.6.6 (/opt/ros/jazzy/share/rosidl_adapter/cmake)
[1.926s] -- Found ament_cmake_ros: 0.12.0 (/opt/ros/jazzy/share/ament_cmake_ros/cmake)
[1.926s] -- Using all available rosidl_typesupport_c: rosidl_typesupport_fastrtps_c;rosidl_typesupport_introspection_c
[1.978s] -- Using all available rosidl_typesupport_cpp: rosidl_typesupport_fastrtps_cpp;rosidl_typesupport_introspection_cpp
[1.981s] -- Found python_cmake_module: 0.11.1 (/opt/ros/jazzy/share/python_cmake_module/cmake)
[2.809s] -- Found Python3: /usr/bin/python3 (found version "3.12.3") found components: Interpreter Development NumPy Development.Module Development.Embed 
[2.913s] -- Found ament_lint_auto: 0.17.3 (/opt/ros/jazzy/share/ament_lint_auto/cmake)
[2.932s] -- Added test 'copyright' to check source files copyright and LICENSE
[2.936s] -- Added test 'lint_cmake' to check CMake code style
[2.938s] -- Added test 'xmllint' to check XML markup files
[2.947s] -- Configuring done (2.9s)
[3.028s] -- Generating done (0.1s)
[3.047s] -- Build files have been written to: /home/pp/Tawan-pe-/build/ros2_aruco_interfaces
[3.059s] Invoked command in '/home/pp/Tawan-pe-/build/ros2_aruco_interfaces' returned '0': CMAKE_PREFIX_PATH=${CMAKE_PREFIX_PATH}:/home/pp/Tawan-pe-/install/station_manager:/home/pp/Tawan-pe-/install/station_pkg:/home/pp/Tawan-pe-/install/ros2_aruco:/home/pp/Tawan-pe-/install/motion_control:/home/pp/Tawan-pe-/install/ired_teleop:/home/pp/Tawan-pe-/install/ired_movetogoal:/opt/ros/jazzy DEBUGINFOD_URLS=https://debuginfod.ubuntu.com /usr/bin/cmake /home/pp/Tawan-pe-/src/aruco_marker/ros2_aruco/ros2_aruco_interfaces -DCMAKE_INSTALL_PREFIX=/home/pp/Tawan-pe-/install/ros2_aruco_interfaces
[3.062s] Invoking command in '/home/pp/Tawan-pe-/build/ros2_aruco_interfaces': CMAKE_PREFIX_PATH=${CMAKE_PREFIX_PATH}:/home/pp/Tawan-pe-/install/station_manager:/home/pp/Tawan-pe-/install/station_pkg:/home/pp/Tawan-pe-/install/ros2_aruco:/home/pp/Tawan-pe-/install/motion_control:/home/pp/Tawan-pe-/install/ired_teleop:/home/pp/Tawan-pe-/install/ired_movetogoal:/opt/ros/jazzy DEBUGINFOD_URLS=https://debuginfod.ubuntu.com /usr/bin/cmake --build /home/pp/Tawan-pe-/build/ros2_aruco_interfaces -- -j12 -l12
[3.180s] [  2%] Built target ros2_aruco_interfaces__rosidl_generator_type_description
[3.200s] [  2%] Built target ament_cmake_python_symlink_ros2_aruco_interfaces
[3.227s] [  5%] Built target ros2_aruco_interfaces__cpp
[3.227s] [ 20%] Built target ros2_aruco_interfaces__rosidl_generator_c
[3.313s] [ 29%] Built target ros2_aruco_interfaces__rosidl_typesupport_introspection_c
[3.317s] [ 38%] Built target ros2_aruco_interfaces__rosidl_typesupport_c
[3.326s] [ 47%] Built target ros2_aruco_interfaces__rosidl_typesupport_cpp
[3.348s] [ 55%] Built target ros2_aruco_interfaces__rosidl_typesupport_fastrtps_c
[3.353s] [ 64%] Built target ros2_aruco_interfaces__rosidl_typesupport_introspection_cpp
[3.360s] [ 73%] Built target ros2_aruco_interfaces__rosidl_typesupport_fastrtps_cpp
[3.406s] [ 73%] Built target ros2_aruco_interfaces
[3.513s] [ 76%] Built target ros2_aruco_interfaces__py
[3.588s] [ 82%] Built target ros2_aruco_interfaces__rosidl_generator_py
[3.645s] [ 88%] Built target ros2_aruco_interfaces_s__rosidl_typesupport_fastrtps_c
[3.671s] [ 94%] Built target ros2_aruco_interfaces_s__rosidl_typesupport_c
[3.702s] [100%] Built target ros2_aruco_interfaces_s__rosidl_typesupport_introspection_c
[3.887s] running egg_info
[3.956s] writing ros2_aruco_interfaces.egg-info/PKG-INFO
[3.957s] writing dependency_links to ros2_aruco_interfaces.egg-info/dependency_links.txt
[3.957s] writing top-level names to ros2_aruco_interfaces.egg-info/top_level.txt
[4.149s] reading manifest file 'ros2_aruco_interfaces.egg-info/SOURCES.txt'
[4.151s] writing manifest file 'ros2_aruco_interfaces.egg-info/SOURCES.txt'
[4.228s] [100%] Built target ament_cmake_python_build_ros2_aruco_interfaces_egg
[4.258s] Invoked command in '/home/pp/Tawan-pe-/build/ros2_aruco_interfaces' returned '0': CMAKE_PREFIX_PATH=${CMAKE_PREFIX_PATH}:/home/pp/Tawan-pe-/install/station_manager:/home/pp/Tawan-pe-/install/station_pkg:/home/pp/Tawan-pe-/install/ros2_aruco:/home/pp/Tawan-pe-/install/motion_control:/home/pp/Tawan-pe-/install/ired_teleop:/home/pp/Tawan-pe-/install/ired_movetogoal:/opt/ros/jazzy DEBUGINFOD_URLS=https://debuginfod.ubuntu.com /usr/bin/cmake --build /home/pp/Tawan-pe-/build/ros2_aruco_interfaces -- -j12 -l12
[4.260s] Invoking command in '/home/pp/Tawan-pe-/build/ros2_aruco_interfaces': CMAKE_PREFIX_PATH=${CMAKE_PREFIX_PATH}:/home/pp/Tawan-pe-/install/station_manager:/home/pp/Tawan-pe-/install/station_pkg:/home/pp/Tawan-pe-/install/ros2_aruco:/home/pp/Tawan-pe-/install/motion_control:/home/pp/Tawan-pe-/install/ired_teleop:/home/pp/Tawan-pe-/install/ired_movetogoal:/opt/ros/jazzy DEBUGINFOD_URLS=https://debuginfod.ubuntu.com /usr/bin/cmake --install /home/pp/Tawan-pe-/build/ros2_aruco_interfaces
[4.277s] -- Install configuration: ""
[4.279s] -- Execute custom install script
[4.279s] -- Up-to-date symlink: /home/pp/Tawan-pe-/install/ros2_aruco_interfaces/share/ament_index/resource_index/rosidl_interfaces/ros2_aruco_interfaces
[4.280s] -- Up-to-date symlink: /home/pp/Tawan-pe-/install/ros2_aruco_interfaces/share/ros2_aruco_interfaces/msg/ArucoMarkers.json
[4.281s] -- Up-to-date symlink: /home/pp/Tawan-pe-/install/ros2_aruco_interfaces/include/ros2_aruco_interfaces/ros2_aruco_interfaces/msg/aruco_markers.h
[4.282s] -- Up-to-date symlink: /home/pp/Tawan-pe-/install/ros2_aruco_interfaces/include/ros2_aruco_interfaces/ros2_aruco_interfaces/msg/detail/aruco_markers__functions.h
[4.282s] -- Up-to-date symlink: /home/pp/Tawan-pe-/install/ros2_aruco_interfaces/include/ros2_aruco_interfaces/ros2_aruco_interfaces/msg/detail/aruco_markers__struct.h
[4.283s] -- Up-to-date symlink: /home/pp/Tawan-pe-/install/ros2_aruco_interfaces/include/ros2_aruco_interfaces/ros2_aruco_interfaces/msg/detail/aruco_markers__type_support.h
[4.283s] -- Up-to-date symlink: /home/pp/Tawan-pe-/install/ros2_aruco_interfaces/include/ros2_aruco_interfaces/ros2_aruco_interfaces/msg/rosidl_generator_c__visibility_control.h
[4.284s] -- Up-to-date symlink: /home/pp/Tawan-pe-/install/ros2_aruco_interfaces/share/ros2_aruco_interfaces/environment/library_path.sh
[4.285s] -- Up-to-date symlink: /home/pp/Tawan-pe-/install/ros2_aruco_interfaces/share/ros2_aruco_interfaces/environment/library_path.dsv
[4.286s] -- Up-to-date symlink: /home/pp/Tawan-pe-/install/ros2_aruco_interfaces/include/ros2_aruco_interfaces/ros2_aruco_interfaces/msg/detail/aruco_markers__rosidl_typesupport_fastrtps_c.h
[4.287s] -- Up-to-date symlink: /home/pp/Tawan-pe-/install/ros2_aruco_interfaces/include/ros2_aruco_interfaces/ros2_aruco_interfaces/msg/rosidl_typesupport_fastrtps_c__visibility_control.h
[4.288s] -- Up-to-date symlink: /home/pp/Tawan-pe-/install/ros2_aruco_interfaces/include/ros2_aruco_interfaces/ros2_aruco_interfaces/msg/aruco_markers.hpp
[4.288s] -- Up-to-date symlink: /home/pp/Tawan-pe-/install/ros2_aruco_interfaces/include/ros2_aruco_interfaces/ros2_aruco_interfaces/msg/detail/aruco_markers__builder.hpp
[4.289s] -- Up-to-date symlink: /home/pp/Tawan-pe-/install/ros2_aruco_interfaces/include/ros2_aruco_interfaces/ros2_aruco_interfaces/msg/detail/aruco_markers__struct.hpp
[4.289s] -- Up-to-date symlink: /home/pp/Tawan-pe-/install/ros2_aruco_interfaces/include/ros2_aruco_interfaces/ros2_aruco_interfaces/msg/detail/aruco_markers__traits.hpp
[4.290s] -- Up-to-date symlink: /home/pp/Tawan-pe-/install/ros2_aruco_interfaces/include/ros2_aruco_interfaces/ros2_aruco_interfaces/msg/detail/aruco_markers__type_support.hpp
[4.290s] -- Up-to-date symlink: /home/pp/Tawan-pe-/install/ros2_aruco_interfaces/include/ros2_aruco_interfaces/ros2_aruco_interfaces/msg/rosidl_generator_cpp__visibility_control.hpp
[4.292s] -- Up-to-date symlink: /home/pp/Tawan-pe-/install/ros2_aruco_interfaces/include/ros2_aruco_interfaces/ros2_aruco_interfaces/msg/detail/aruco_markers__rosidl_typesupport_fastrtps_cpp.hpp
[4.292s] -- Up-to-date symlink: /home/pp/Tawan-pe-/install/ros2_aruco_interfaces/include/ros2_aruco_interfaces/ros2_aruco_interfaces/msg/rosidl_typesupport_fastrtps_cpp__visibility_control.h
[4.294s] -- Up-to-date symlink: /home/pp/Tawan-pe-/install/ros2_aruco_interfaces/include/ros2_aruco_interfaces/ros2_aruco_interfaces/msg/detail/aruco_markers__rosidl_typesupport_introspection_c.h
[4.294s] -- Up-to-date symlink: /home/pp/Tawan-pe-/install/ros2_aruco_interfaces/include/ros2_aruco_interfaces/ros2_aruco_interfaces/msg/rosidl_typesupport_introspection_c__visibility_control.h
[4.296s] -- Up-to-date symlink: /home/pp/Tawan-pe-/install/ros2_aruco_interfaces/include/ros2_aruco_interfaces/ros2_aruco_interfaces/msg/detail/aruco_markers__rosidl_typesupport_introspection_cpp.hpp
[4.297s] -- Up-to-date symlink: /home/pp/Tawan-pe-/install/ros2_aruco_interfaces/share/ros2_aruco_interfaces/environment/pythonpath.sh
[4.297s] -- Up-to-date symlink: /home/pp/Tawan-pe-/install/ros2_aruco_interfaces/share/ros2_aruco_interfaces/environment/pythonpath.dsv
[4.300s] -- Up-to-date symlink: /home/pp/Tawan-pe-/install/ros2_aruco_interfaces/lib/python3.12/site-packages/ros2_aruco_interfaces-0.1.0-py3.12.egg-info/PKG-INFO
[4.300s] -- Up-to-date symlink: /home/pp/Tawan-pe-/install/ros2_aruco_interfaces/lib/python3.12/site-packages/ros2_aruco_interfaces-0.1.0-py3.12.egg-info/SOURCES.txt
[4.301s] -- Up-to-date symlink: /home/pp/Tawan-pe-/install/ros2_aruco_interfaces/lib/python3.12/site-packages/ros2_aruco_interfaces-0.1.0-py3.12.egg-info/dependency_links.txt
[4.301s] -- Up-to-date symlink: /home/pp/Tawan-pe-/install/ros2_aruco_interfaces/lib/python3.12/site-packages/ros2_aruco_interfaces-0.1.0-py3.12.egg-info/top_level.txt
[4.306s] -- Up-to-date symlink: /home/pp/Tawan-pe-/install/ros2_aruco_interfaces/lib/python3.12/site-packages/ros2_aruco_interfaces/__init__.py
[4.306s] -- Up-to-date symlink: /home/pp/Tawan-pe-/install/ros2_aruco_interfaces/lib/python3.12/site-packages/ros2_aruco_interfaces/_ros2_aruco_interfaces_s.ep.rosidl_typesupport_c.c
[4.307s] -- Up-to-date symlink: /home/pp/Tawan-pe-/install/ros2_aruco_interfaces/lib/python3.12/site-packages/ros2_aruco_interfaces/_ros2_aruco_interfaces_s.ep.rosidl_typesupport_fastrtps_c.c
[4.307s] -- Up-to-date symlink: /home/pp/Tawan-pe-/install/ros2_aruco_interfaces/lib/python3.12/site-packages/ros2_aruco_interfaces/_ros2_aruco_interfaces_s.ep.rosidl_typesupport_introspection_c.c
[4.307s] -- Up-to-date symlink: /home/pp/Tawan-pe-/install/ros2_aruco_interfaces/lib/python3.12/site-packages/ros2_aruco_interfaces/msg/__init__.py
[4.307s] -- Up-to-date symlink: /home/pp/Tawan-pe-/install/ros2_aruco_interfaces/lib/python3.12/site-packages/ros2_aruco_interfaces/msg/_aruco_markers.py
[4.307s] -- Up-to-date symlink: /home/pp/Tawan-pe-/install/ros2_aruco_interfaces/lib/python3.12/site-packages/ros2_aruco_interfaces/msg/_aruco_markers_s.c
[4.307s] -- Up-to-date symlink: /home/pp/Tawan-pe-/install/ros2_aruco_interfaces/lib/python3.12/site-packages/ros2_aruco_interfaces/ros2_aruco_interfaces_s__rosidl_typesupport_c.so
[4.308s] -- Up-to-date symlink: /home/pp/Tawan-pe-/install/ros2_aruco_interfaces/lib/python3.12/site-packages/ros2_aruco_interfaces/ros2_aruco_interfaces_s__rosidl_typesupport_fastrtps_c.so
[4.308s] -- Up-to-date symlink: /home/pp/Tawan-pe-/install/ros2_aruco_interfaces/lib/python3.12/site-packages/ros2_aruco_interfaces/ros2_aruco_interfaces_s__rosidl_typesupport_introspection_c.so
[4.308s] -- Up-to-date symlink: /home/pp/Tawan-pe-/install/ros2_aruco_interfaces/lib/python3.12/site-packages/ros2_aruco_interfaces/ros2_aruco_interfaces_s__rosidl_typesupport_fastrtps_c.so
[4.308s] -- Up-to-date symlink: /home/pp/Tawan-pe-/install/ros2_aruco_interfaces/lib/python3.12/site-packages/ros2_aruco_interfaces/ros2_aruco_interfaces_s__rosidl_typesupport_introspection_c.so
[4.309s] -- Up-to-date symlink: /home/pp/Tawan-pe-/install/ros2_aruco_interfaces/lib/python3.12/site-packages/ros2_aruco_interfaces/ros2_aruco_interfaces_s__rosidl_typesupport_c.so
[4.310s] -- Up-to-date symlink: /home/pp/Tawan-pe-/install/ros2_aruco_interfaces/share/ros2_aruco_interfaces/msg/ArucoMarkers.idl
[4.311s] -- Up-to-date symlink: /home/pp/Tawan-pe-/install/ros2_aruco_interfaces/share/ros2_aruco_interfaces/msg/ArucoMarkers.msg
[4.312s] -- Up-to-date symlink: /home/pp/Tawan-pe-/install/ros2_aruco_interfaces/share/ament_index/resource_index/package_run_dependencies/ros2_aruco_interfaces
[4.312s] -- Up-to-date symlink: /home/pp/Tawan-pe-/install/ros2_aruco_interfaces/share/ament_index/resource_index/parent_prefix_path/ros2_aruco_interfaces
[4.313s] -- Up-to-date symlink: /home/pp/Tawan-pe-/install/ros2_aruco_interfaces/share/ros2_aruco_interfaces/environment/ament_prefix_path.sh
[4.313s] -- Up-to-date symlink: /home/pp/Tawan-pe-/install/ros2_aruco_interfaces/share/ros2_aruco_interfaces/environment/ament_prefix_path.dsv
[4.314s] -- Up-to-date symlink: /home/pp/Tawan-pe-/install/ros2_aruco_interfaces/share/ros2_aruco_interfaces/environment/path.sh
[4.314s] -- Up-to-date symlink: /home/pp/Tawan-pe-/install/ros2_aruco_interfaces/share/ros2_aruco_interfaces/environment/path.dsv
[4.315s] -- Up-to-date symlink: /home/pp/Tawan-pe-/install/ros2_aruco_interfaces/share/ros2_aruco_interfaces/local_setup.bash
[4.315s] -- Up-to-date symlink: /home/pp/Tawan-pe-/install/ros2_aruco_interfaces/share/ros2_aruco_interfaces/local_setup.sh
[4.316s] -- Up-to-date symlink: /home/pp/Tawan-pe-/install/ros2_aruco_interfaces/share/ros2_aruco_interfaces/local_setup.zsh
[4.317s] -- Up-to-date symlink: /home/pp/Tawan-pe-/install/ros2_aruco_interfaces/share/ros2_aruco_interfaces/local_setup.dsv
[4.317s] -- Symlinking: /home/pp/Tawan-pe-/install/ros2_aruco_interfaces/share/ros2_aruco_interfaces/package.dsv
[4.350s] -- Up-to-date symlink: /home/pp/Tawan-pe-/install/ros2_aruco_interfaces/share/ament_index/resource_index/packages/ros2_aruco_interfaces
[4.351s] -- Up-to-date symlink: /home/pp/Tawan-pe-/install/ros2_aruco_interfaces/share/ros2_aruco_interfaces/cmake/rosidl_cmake-extras.cmake
[4.351s] -- Up-to-date symlink: /home/pp/Tawan-pe-/install/ros2_aruco_interfaces/share/ros2_aruco_interfaces/cmake/ament_cmake_export_dependencies-extras.cmake
[4.355s] -- Up-to-date symlink: /home/pp/Tawan-pe-/install/ros2_aruco_interfaces/share/ros2_aruco_interfaces/cmake/ament_cmake_export_include_directories-extras.cmake
[4.356s] -- Up-to-date symlink: /home/pp/Tawan-pe-/install/ros2_aruco_interfaces/share/ros2_aruco_interfaces/cmake/ament_cmake_export_libraries-extras.cmake
[4.356s] -- Up-to-date symlink: /home/pp/Tawan-pe-/install/ros2_aruco_interfaces/share/ros2_aruco_interfaces/cmake/ament_cmake_export_targets-extras.cmake
[4.357s] -- Up-to-date symlink: /home/pp/Tawan-pe-/install/ros2_aruco_interfaces/share/ros2_aruco_interfaces/cmake/rosidl_cmake_export_typesupport_targets-extras.cmake
[4.361s] -- Up-to-date symlink: /home/pp/Tawan-pe-/install/ros2_aruco_interfaces/share/ros2_aruco_interfaces/cmake/rosidl_cmake_export_typesupport_libraries-extras.cmake
[4.362s] -- Up-to-date symlink: /home/pp/Tawan-pe-/install/ros2_aruco_interfaces/share/ros2_aruco_interfaces/cmake/ros2_aruco_interfacesConfig.cmake
[4.362s] -- Up-to-date symlink: /home/pp/Tawan-pe-/install/ros2_aruco_interfaces/share/ros2_aruco_interfaces/cmake/ros2_aruco_interfacesConfig-version.cmake
[4.363s] -- Up-to-date symlink: /home/pp/Tawan-pe-/install/ros2_aruco_interfaces/share/ros2_aruco_interfaces/package.xml
[4.363s] -- Up-to-date: /home/pp/Tawan-pe-/install/ros2_aruco_interfaces/lib/libros2_aruco_interfaces__rosidl_generator_c.so
[4.368s] -- Up-to-date: /home/pp/Tawan-pe-/install/ros2_aruco_interfaces/lib/libros2_aruco_interfaces__rosidl_typesupport_fastrtps_c.so
[4.369s] -- Up-to-date: /home/pp/Tawan-pe-/install/ros2_aruco_interfaces/lib/libros2_aruco_interfaces__rosidl_typesupport_fastrtps_cpp.so
[4.374s] -- Up-to-date: /home/pp/Tawan-pe-/install/ros2_aruco_interfaces/lib/libros2_aruco_interfaces__rosidl_typesupport_introspection_c.so
[4.375s] -- Up-to-date: /home/pp/Tawan-pe-/install/ros2_aruco_interfaces/lib/libros2_aruco_interfaces__rosidl_typesupport_c.so
[4.376s] -- Up-to-date: /home/pp/Tawan-pe-/install/ros2_aruco_interfaces/lib/libros2_aruco_interfaces__rosidl_typesupport_introspection_cpp.so
[4.380s] -- Up-to-date: /home/pp/Tawan-pe-/install/ros2_aruco_interfaces/lib/libros2_aruco_interfaces__rosidl_typesupport_cpp.so
[4.490s] Listing '/home/pp/Tawan-pe-/install/ros2_aruco_interfaces/lib/python3.12/site-packages/ros2_aruco_interfaces'...
[4.490s] Compiling '/home/pp/Tawan-pe-/install/ros2_aruco_interfaces/lib/python3.12/site-packages/ros2_aruco_interfaces/__init__.py'...
[4.491s] Listing '/home/pp/Tawan-pe-/install/ros2_aruco_interfaces/lib/python3.12/site-packages/ros2_aruco_interfaces/msg'...
[4.508s] -- Up-to-date: /home/pp/Tawan-pe-/install/ros2_aruco_interfaces/lib/libros2_aruco_interfaces__rosidl_generator_py.so
[4.508s] -- Up-to-date: /home/pp/Tawan-pe-/install/ros2_aruco_interfaces/share/ros2_aruco_interfaces/cmake/export_ros2_aruco_interfaces__rosidl_generator_cExport.cmake
[4.509s] -- Up-to-date: /home/pp/Tawan-pe-/install/ros2_aruco_interfaces/share/ros2_aruco_interfaces/cmake/export_ros2_aruco_interfaces__rosidl_generator_cExport-noconfig.cmake
[4.509s] -- Up-to-date: /home/pp/Tawan-pe-/install/ros2_aruco_interfaces/share/ros2_aruco_interfaces/cmake/export_ros2_aruco_interfaces__rosidl_typesupport_fastrtps_cExport.cmake
[4.509s] -- Up-to-date: /home/pp/Tawan-pe-/install/ros2_aruco_interfaces/share/ros2_aruco_interfaces/cmake/export_ros2_aruco_interfaces__rosidl_typesupport_fastrtps_cExport-noconfig.cmake
[4.509s] -- Up-to-date: /home/pp/Tawan-pe-/install/ros2_aruco_interfaces/share/ros2_aruco_interfaces/cmake/export_ros2_aruco_interfaces__rosidl_generator_cppExport.cmake
[4.510s] -- Up-to-date: /home/pp/Tawan-pe-/install/ros2_aruco_interfaces/share/ros2_aruco_interfaces/cmake/export_ros2_aruco_interfaces__rosidl_typesupport_fastrtps_cppExport.cmake
[4.510s] -- Up-to-date: /home/pp/Tawan-pe-/install/ros2_aruco_interfaces/share/ros2_aruco_interfaces/cmake/export_ros2_aruco_interfaces__rosidl_typesupport_fastrtps_cppExport-noconfig.cmake
[4.510s] -- Up-to-date: /home/pp/Tawan-pe-/install/ros2_aruco_interfaces/share/ros2_aruco_interfaces/cmake/ros2_aruco_interfaces__rosidl_typesupport_introspection_cExport.cmake
[4.510s] -- Up-to-date: /home/pp/Tawan-pe-/install/ros2_aruco_interfaces/share/ros2_aruco_interfaces/cmake/ros2_aruco_interfaces__rosidl_typesupport_introspection_cExport-noconfig.cmake
[4.511s] -- Up-to-date: /home/pp/Tawan-pe-/install/ros2_aruco_interfaces/share/ros2_aruco_interfaces/cmake/ros2_aruco_interfaces__rosidl_typesupport_cExport.cmake
[4.511s] -- Up-to-date: /home/pp/Tawan-pe-/install/ros2_aruco_interfaces/share/ros2_aruco_interfaces/cmake/ros2_aruco_interfaces__rosidl_typesupport_cExport-noconfig.cmake
[4.511s] -- Up-to-date: /home/pp/Tawan-pe-/install/ros2_aruco_interfaces/share/ros2_aruco_interfaces/cmake/ros2_aruco_interfaces__rosidl_typesupport_introspection_cppExport.cmake
[4.512s] -- Up-to-date: /home/pp/Tawan-pe-/install/ros2_aruco_interfaces/share/ros2_aruco_interfaces/cmake/ros2_aruco_interfaces__rosidl_typesupport_introspection_cppExport-noconfig.cmake
[4.512s] -- Up-to-date: /home/pp/Tawan-pe-/install/ros2_aruco_interfaces/share/ros2_aruco_interfaces/cmake/ros2_aruco_interfaces__rosidl_typesupport_cppExport.cmake
[4.512s] -- Up-to-date: /home/pp/Tawan-pe-/install/ros2_aruco_interfaces/share/ros2_aruco_interfaces/cmake/ros2_aruco_interfaces__rosidl_typesupport_cppExport-noconfig.cmake
[4.512s] -- Up-to-date: /home/pp/Tawan-pe-/install/ros2_aruco_interfaces/share/ros2_aruco_interfaces/cmake/export_ros2_aruco_interfaces__rosidl_generator_pyExport.cmake
[4.513s] -- Up-to-date: /home/pp/Tawan-pe-/install/ros2_aruco_interfaces/share/ros2_aruco_interfaces/cmake/export_ros2_aruco_interfaces__rosidl_generator_pyExport-noconfig.cmake
[4.517s] Invoked command in '/home/pp/Tawan-pe-/build/ros2_aruco_interfaces' returned '0': CMAKE_PREFIX_PATH=${CMAKE_PREFIX_PATH}:/home/pp/Tawan-pe-/install/station_manager:/home/pp/Tawan-pe-/install/station_pkg:/home/pp/Tawan-pe-/install/ros2_aruco:/home/pp/Tawan-pe-/install/motion_control:/home/pp/Tawan-pe-/install/ired_teleop:/home/pp/Tawan-pe-/install/ired_movetogoal:/opt/ros/jazzy DEBUGINFOD_URLS=https://debuginfod.ubuntu.com /usr/bin/cmake --install /home/pp/Tawan-pe-/build/ros2_aruco_interfaces
