[1.812s] Invoking command in '/home/pp/Tawan-pe-/build/rplidar_ros': CMAKE_PREFIX_PATH=${CMAKE_PREFIX_PATH}:/home/pp/Tawan-pe-/install/station_pkg:/home/pp/Tawan-pe-/install/ros2_aruco:/home/pp/Tawan-pe-/install/motion_control:/home/pp/Tawan-pe-/install/ired_teleop:/home/pp/Tawan-pe-/install/ired_movetogoal:/opt/ros/jazzy DEBUGINFOD_URLS=https://debuginfod.ubuntu.com /usr/bin/cmake --build /home/pp/Tawan-pe-/build/rplidar_ros -- -j12 -l12
[1.953s] [  5%] Built target rplidar_client
[1.954s] [ 78%] Built target rplidar_node
[1.955s] [100%] Built target rplidar_composition
[2.100s] Invoked command in '/home/pp/Tawan-pe-/build/rplidar_ros' returned '0': CMAKE_PREFIX_PATH=${CMAKE_PREFIX_PATH}:/home/pp/Tawan-pe-/install/station_pkg:/home/pp/Tawan-pe-/install/ros2_aruco:/home/pp/Tawan-pe-/install/motion_control:/home/pp/Tawan-pe-/install/ired_teleop:/home/pp/Tawan-pe-/install/ired_movetogoal:/opt/ros/jazzy DEBUGINFOD_URLS=https://debuginfod.ubuntu.com /usr/bin/cmake --build /home/pp/Tawan-pe-/build/rplidar_ros -- -j12 -l12
[2.103s] Invoking command in '/home/pp/Tawan-pe-/build/rplidar_ros': CMAKE_PREFIX_PATH=${CMAKE_PREFIX_PATH}:/home/pp/Tawan-pe-/install/station_pkg:/home/pp/Tawan-pe-/install/ros2_aruco:/home/pp/Tawan-pe-/install/motion_control:/home/pp/Tawan-pe-/install/ired_teleop:/home/pp/Tawan-pe-/install/ired_movetogoal:/opt/ros/jazzy DEBUGINFOD_URLS=https://debuginfod.ubuntu.com /usr/bin/cmake --install /home/pp/Tawan-pe-/build/rplidar_ros
[2.488s] -- Install configuration: ""
[2.488s] -- Execute custom install script
[2.488s] -- Up-to-date symlink: /home/pp/Tawan-pe-/install/rplidar_ros/share/rplidar_ros/launch/rplidar_a1_launch.py
[2.489s] -- Up-to-date symlink: /home/pp/Tawan-pe-/install/rplidar_ros/share/rplidar_ros/launch/view_rplidar_a1_launch.py
[2.489s] -- Up-to-date symlink: /home/pp/Tawan-pe-/install/rplidar_ros/share/rplidar_ros/rviz/rplidar_ros.rviz
[2.489s] -- Up-to-date symlink: /home/pp/Tawan-pe-/install/rplidar_ros/lib/rplidar_ros/rplidar_node
[2.489s] -- Up-to-date symlink: /home/pp/Tawan-pe-/install/rplidar_ros/lib/rplidar_ros/rplidar_composition
[2.489s] -- Up-to-date symlink: /home/pp/Tawan-pe-/install/rplidar_ros/lib/rplidar_ros/rplidar_client
[2.489s] -- Up-to-date symlink: /home/pp/Tawan-pe-/install/rplidar_ros/share/ament_index/resource_index/package_run_dependencies/rplidar_ros
[2.489s] -- Up-to-date symlink: /home/pp/Tawan-pe-/install/rplidar_ros/share/ament_index/resource_index/parent_prefix_path/rplidar_ros
[2.489s] -- Up-to-date symlink: /home/pp/Tawan-pe-/install/rplidar_ros/share/rplidar_ros/environment/ament_prefix_path.sh
[2.489s] -- Up-to-date symlink: /home/pp/Tawan-pe-/install/rplidar_ros/share/rplidar_ros/environment/ament_prefix_path.dsv
[2.489s] -- Up-to-date symlink: /home/pp/Tawan-pe-/install/rplidar_ros/share/rplidar_ros/environment/path.sh
[2.489s] -- Up-to-date symlink: /home/pp/Tawan-pe-/install/rplidar_ros/share/rplidar_ros/environment/path.dsv
[2.490s] -- Up-to-date symlink: /home/pp/Tawan-pe-/install/rplidar_ros/share/rplidar_ros/local_setup.bash
[2.490s] -- Up-to-date symlink: /home/pp/Tawan-pe-/install/rplidar_ros/share/rplidar_ros/local_setup.sh
[2.490s] -- Up-to-date symlink: /home/pp/Tawan-pe-/install/rplidar_ros/share/rplidar_ros/local_setup.zsh
[2.490s] -- Up-to-date symlink: /home/pp/Tawan-pe-/install/rplidar_ros/share/rplidar_ros/local_setup.dsv
[2.490s] -- Symlinking: /home/pp/Tawan-pe-/install/rplidar_ros/share/rplidar_ros/package.dsv
[2.490s] -- Up-to-date symlink: /home/pp/Tawan-pe-/install/rplidar_ros/share/ament_index/resource_index/packages/rplidar_ros
[2.490s] -- Up-to-date symlink: /home/pp/Tawan-pe-/install/rplidar_ros/share/rplidar_ros/cmake/ament_cmake_export_dependencies-extras.cmake
[2.490s] -- Up-to-date symlink: /home/pp/Tawan-pe-/install/rplidar_ros/share/rplidar_ros/cmake/ament_cmake_export_include_directories-extras.cmake
[2.490s] -- Up-to-date symlink: /home/pp/Tawan-pe-/install/rplidar_ros/share/rplidar_ros/cmake/rplidar_rosConfig.cmake
[2.490s] -- Up-to-date symlink: /home/pp/Tawan-pe-/install/rplidar_ros/share/rplidar_ros/cmake/rplidar_rosConfig-version.cmake
[2.491s] -- Up-to-date symlink: /home/pp/Tawan-pe-/install/rplidar_ros/share/rplidar_ros/package.xml
[2.534s] Invoked command in '/home/pp/Tawan-pe-/build/rplidar_ros' returned '0': CMAKE_PREFIX_PATH=${CMAKE_PREFIX_PATH}:/home/pp/Tawan-pe-/install/station_pkg:/home/pp/Tawan-pe-/install/ros2_aruco:/home/pp/Tawan-pe-/install/motion_control:/home/pp/Tawan-pe-/install/ired_teleop:/home/pp/Tawan-pe-/install/ired_movetogoal:/opt/ros/jazzy DEBUGINFOD_URLS=https://debuginfod.ubuntu.com /usr/bin/cmake --install /home/pp/Tawan-pe-/build/rplidar_ros
