[0.935s] Invoking command in '/home/pp/Tawan-pe-/build/lidar_bringup': CMAKE_PREFIX_PATH=${CMAKE_PREFIX_PATH}:/home/pp/Tawan-pe-/install/station_manager:/home/pp/Tawan-pe-/install/station_pkg:/home/pp/Tawan-pe-/install/ros2_aruco:/home/pp/Tawan-pe-/install/motion_control:/home/pp/Tawan-pe-/install/ired_teleop:/home/pp/Tawan-pe-/install/ired_movetogoal:/opt/ros/jazzy DEBUGINFOD_URLS=https://debuginfod.ubuntu.com /usr/bin/cmake /home/pp/Tawan-pe-/src/lidar_bringup -DCMAKE_INSTALL_PREFIX=/home/pp/Tawan-pe-/install/lidar_bringup
[1.894s] -- Found ament_cmake: 2.5.4 (/opt/ros/jazzy/share/ament_cmake/cmake)
[1.895s] -- Override CMake install command with custom implementation using symlinks instead of copying resources
[1.895s] -- Found ament_lint_auto: 0.17.3 (/opt/ros/jazzy/share/ament_lint_auto/cmake)
[1.895s] -- Added test 'flake8' to check Python code syntax and style conventions
[1.895s] -- Configured 'flake8' exclude dirs and/or files: 
[1.895s] -- Added test 'lint_cmake' to check CMake code style
[1.896s] -- Added test 'pep257' to check Python code against some of the docstring style conventions in PEP 257
[1.896s] -- Added test 'xmllint' to check XML markup files
[1.896s] -- Configuring done (0.6s)
[1.896s] -- Generating done (0.0s)
[1.896s] -- Build files have been written to: /home/pp/Tawan-pe-/build/lidar_bringup
[1.903s] Invoked command in '/home/pp/Tawan-pe-/build/lidar_bringup' returned '0': CMAKE_PREFIX_PATH=${CMAKE_PREFIX_PATH}:/home/pp/Tawan-pe-/install/station_manager:/home/pp/Tawan-pe-/install/station_pkg:/home/pp/Tawan-pe-/install/ros2_aruco:/home/pp/Tawan-pe-/install/motion_control:/home/pp/Tawan-pe-/install/ired_teleop:/home/pp/Tawan-pe-/install/ired_movetogoal:/opt/ros/jazzy DEBUGINFOD_URLS=https://debuginfod.ubuntu.com /usr/bin/cmake /home/pp/Tawan-pe-/src/lidar_bringup -DCMAKE_INSTALL_PREFIX=/home/pp/Tawan-pe-/install/lidar_bringup
[1.905s] Invoking command in '/home/pp/Tawan-pe-/build/lidar_bringup': CMAKE_PREFIX_PATH=${CMAKE_PREFIX_PATH}:/home/pp/Tawan-pe-/install/station_manager:/home/pp/Tawan-pe-/install/station_pkg:/home/pp/Tawan-pe-/install/ros2_aruco:/home/pp/Tawan-pe-/install/motion_control:/home/pp/Tawan-pe-/install/ired_teleop:/home/pp/Tawan-pe-/install/ired_movetogoal:/opt/ros/jazzy DEBUGINFOD_URLS=https://debuginfod.ubuntu.com /usr/bin/cmake --build /home/pp/Tawan-pe-/build/lidar_bringup -- -j12 -l12
[2.005s] Invoked command in '/home/pp/Tawan-pe-/build/lidar_bringup' returned '0': CMAKE_PREFIX_PATH=${CMAKE_PREFIX_PATH}:/home/pp/Tawan-pe-/install/station_manager:/home/pp/Tawan-pe-/install/station_pkg:/home/pp/Tawan-pe-/install/ros2_aruco:/home/pp/Tawan-pe-/install/motion_control:/home/pp/Tawan-pe-/install/ired_teleop:/home/pp/Tawan-pe-/install/ired_movetogoal:/opt/ros/jazzy DEBUGINFOD_URLS=https://debuginfod.ubuntu.com /usr/bin/cmake --build /home/pp/Tawan-pe-/build/lidar_bringup -- -j12 -l12
[2.007s] Invoking command in '/home/pp/Tawan-pe-/build/lidar_bringup': CMAKE_PREFIX_PATH=${CMAKE_PREFIX_PATH}:/home/pp/Tawan-pe-/install/station_manager:/home/pp/Tawan-pe-/install/station_pkg:/home/pp/Tawan-pe-/install/ros2_aruco:/home/pp/Tawan-pe-/install/motion_control:/home/pp/Tawan-pe-/install/ired_teleop:/home/pp/Tawan-pe-/install/ired_movetogoal:/opt/ros/jazzy DEBUGINFOD_URLS=https://debuginfod.ubuntu.com /usr/bin/cmake --install /home/pp/Tawan-pe-/build/lidar_bringup
[2.032s] -- Install configuration: ""
[2.035s] -- Execute custom install script
[2.036s] -- Up-to-date symlink: /home/pp/Tawan-pe-/install/lidar_bringup/share/lidar_bringup/launch/hokuyo_launch.py
[2.036s] -- Up-to-date symlink: /home/pp/Tawan-pe-/install/lidar_bringup/share/ament_index/resource_index/package_run_dependencies/lidar_bringup
[2.036s] -- Up-to-date symlink: /home/pp/Tawan-pe-/install/lidar_bringup/share/ament_index/resource_index/parent_prefix_path/lidar_bringup
[2.037s] -- Up-to-date symlink: /home/pp/Tawan-pe-/install/lidar_bringup/share/lidar_bringup/environment/ament_prefix_path.sh
[2.038s] -- Up-to-date symlink: /home/pp/Tawan-pe-/install/lidar_bringup/share/lidar_bringup/environment/ament_prefix_path.dsv
[2.040s] -- Up-to-date symlink: /home/pp/Tawan-pe-/install/lidar_bringup/share/lidar_bringup/environment/path.sh
[2.040s] -- Up-to-date symlink: /home/pp/Tawan-pe-/install/lidar_bringup/share/lidar_bringup/environment/path.dsv
[2.041s] -- Up-to-date symlink: /home/pp/Tawan-pe-/install/lidar_bringup/share/lidar_bringup/local_setup.bash
[2.041s] -- Up-to-date symlink: /home/pp/Tawan-pe-/install/lidar_bringup/share/lidar_bringup/local_setup.sh
[2.042s] -- Up-to-date symlink: /home/pp/Tawan-pe-/install/lidar_bringup/share/lidar_bringup/local_setup.zsh
[2.044s] -- Up-to-date symlink: /home/pp/Tawan-pe-/install/lidar_bringup/share/lidar_bringup/local_setup.dsv
[2.044s] -- Symlinking: /home/pp/Tawan-pe-/install/lidar_bringup/share/lidar_bringup/package.dsv
[2.074s] -- Up-to-date symlink: /home/pp/Tawan-pe-/install/lidar_bringup/share/ament_index/resource_index/packages/lidar_bringup
[2.077s] -- Up-to-date symlink: /home/pp/Tawan-pe-/install/lidar_bringup/share/lidar_bringup/cmake/lidar_bringupConfig.cmake
[2.077s] -- Up-to-date symlink: /home/pp/Tawan-pe-/install/lidar_bringup/share/lidar_bringup/cmake/lidar_bringupConfig-version.cmake
[2.078s] -- Up-to-date symlink: /home/pp/Tawan-pe-/install/lidar_bringup/share/lidar_bringup/package.xml
[2.102s] Invoked command in '/home/pp/Tawan-pe-/build/lidar_bringup' returned '0': CMAKE_PREFIX_PATH=${CMAKE_PREFIX_PATH}:/home/pp/Tawan-pe-/install/station_manager:/home/pp/Tawan-pe-/install/station_pkg:/home/pp/Tawan-pe-/install/ros2_aruco:/home/pp/Tawan-pe-/install/motion_control:/home/pp/Tawan-pe-/install/ired_teleop:/home/pp/Tawan-pe-/install/ired_movetogoal:/opt/ros/jazzy DEBUGINFOD_URLS=https://debuginfod.ubuntu.com /usr/bin/cmake --install /home/pp/Tawan-pe-/build/lidar_bringup
