[2.571s] Invoking command in '/home/pp/Tawan-pe-/src/robot/ired_teleop': DEBUGINFOD_URLS=https://debuginfod.ubuntu.com PYTHONPATH=/home/pp/Tawan-pe-/build/ired_teleop/prefix_override:/usr/lib/python3/dist-packages/colcon_core/task/python/colcon_distutils_commands:/home/pp/Tawan-pe-/install/ired_teleop/lib/python3.12/site-packages:${PYTHONPATH} /usr/bin/python3 -W ignore:setup.py install is deprecated -W ignore:easy_install command is deprecated setup.py egg_info --egg-base ../../../build/ired_teleop build --build-base /home/pp/Tawan-pe-/build/ired_teleop/build install --record /home/pp/Tawan-pe-/build/ired_teleop/install.log --single-version-externally-managed install_data
[3.125s] running egg_info
[3.175s] writing ../../../build/ired_teleop/ired_teleop.egg-info/PKG-INFO
[3.176s] writing dependency_links to ../../../build/ired_teleop/ired_teleop.egg-info/dependency_links.txt
[3.176s] writing entry points to ../../../build/ired_teleop/ired_teleop.egg-info/entry_points.txt
[3.176s] writing requirements to ../../../build/ired_teleop/ired_teleop.egg-info/requires.txt
[3.177s] writing top-level names to ../../../build/ired_teleop/ired_teleop.egg-info/top_level.txt
[3.277s] reading manifest file '../../../build/ired_teleop/ired_teleop.egg-info/SOURCES.txt'
[3.278s] writing manifest file '../../../build/ired_teleop/ired_teleop.egg-info/SOURCES.txt'
[3.278s] running build
[3.279s] running build_py
[3.280s] running install
[3.294s] running install_lib
[3.343s] running install_data
[3.343s] running install_egg_info
[3.381s] removing '/home/pp/Tawan-pe-/install/ired_teleop/lib/python3.12/site-packages/ired_teleop-2.0.1-py3.12.egg-info' (and everything under it)
[3.381s] Copying ../../../build/ired_teleop/ired_teleop.egg-info to /home/pp/Tawan-pe-/install/ired_teleop/lib/python3.12/site-packages/ired_teleop-2.0.1-py3.12.egg-info
[3.383s] running install_scripts
[3.590s] Installing teleop_keyboard script to /home/pp/Tawan-pe-/install/ired_teleop/lib/ired_teleop
[3.591s] writing list of installed files to '/home/pp/Tawan-pe-/build/ired_teleop/install.log'
[3.630s] Invoked command in '/home/pp/Tawan-pe-/src/robot/ired_teleop' returned '0': DEBUGINFOD_URLS=https://debuginfod.ubuntu.com PYTHONPATH=/home/pp/Tawan-pe-/build/ired_teleop/prefix_override:/usr/lib/python3/dist-packages/colcon_core/task/python/colcon_distutils_commands:/home/pp/Tawan-pe-/install/ired_teleop/lib/python3.12/site-packages:${PYTHONPATH} /usr/bin/python3 -W ignore:setup.py install is deprecated -W ignore:easy_install command is deprecated setup.py egg_info --egg-base ../../../build/ired_teleop build --build-base /home/pp/Tawan-pe-/build/ired_teleop/build install --record /home/pp/Tawan-pe-/build/ired_teleop/install.log --single-version-externally-managed install_data
