[0.045s] Invoking command in '/home/pp/Tawan-pe-/build/ros2_aruco_interfaces': CMAKE_PREFIX_PATH=${CMAKE_PREFIX_PATH}:/home/pp/Tawan-pe-/install/station_pkg:/home/pp/Tawan-pe-/install/station_manager:/home/pp/Tawan-pe-/install/ros2_aruco:/home/pp/Tawan-pe-/install/motion_control:/home/pp/Tawan-pe-/install/ired_teleop:/home/pp/Tawan-pe-/install/ired_movetogoal:/opt/ros/jazzy DEBUGINFOD_URLS=https://debuginfod.ubuntu.com /usr/bin/cmake --build /home/pp/Tawan-pe-/build/ros2_aruco_interfaces -- -j12 -l12
[0.955s] [  2%] Built target ros2_aruco_interfaces__rosidl_generator_type_description
[0.955s] [  2%] Built target ament_cmake_python_symlink_ros2_aruco_interfaces
[0.955s] [  5%] Built target ros2_aruco_interfaces__cpp
[0.955s] [ 20%] Built target ros2_aruco_interfaces__rosidl_generator_c
[0.955s] [ 29%] Built target ros2_aruco_interfaces__rosidl_typesupport_introspection_cpp
[0.955s] [ 38%] Built target ros2_aruco_interfaces__rosidl_typesupport_fastrtps_cpp
[0.955s] [ 47%] Built target ros2_aruco_interfaces__rosidl_typesupport_c
[0.955s] [ 55%] Built target ros2_aruco_interfaces__rosidl_typesupport_introspection_c
[0.955s] [ 64%] Built target ros2_aruco_interfaces__rosidl_typesupport_fastrtps_c
[0.955s] [ 73%] Built target ros2_aruco_interfaces__rosidl_typesupport_cpp
[0.956s] [ 73%] Built target ros2_aruco_interfaces
[0.956s] [ 76%] Built target ros2_aruco_interfaces__py
[0.956s] [ 82%] Built target ros2_aruco_interfaces__rosidl_generator_py
[0.956s] [ 88%] Built target ros2_aruco_interfaces_s__rosidl_typesupport_fastrtps_c
[0.956s] [ 94%] Built target ros2_aruco_interfaces_s__rosidl_typesupport_introspection_c
[0.956s] [100%] Built target ros2_aruco_interfaces_s__rosidl_typesupport_c
[0.956s] running egg_info
[0.956s] writing ros2_aruco_interfaces.egg-info/PKG-INFO
[0.956s] writing dependency_links to ros2_aruco_interfaces.egg-info/dependency_links.txt
[0.956s] writing top-level names to ros2_aruco_interfaces.egg-info/top_level.txt
[0.956s] reading manifest file 'ros2_aruco_interfaces.egg-info/SOURCES.txt'
[0.956s] writing manifest file 'ros2_aruco_interfaces.egg-info/SOURCES.txt'
[0.956s] [100%] Built target ament_cmake_python_build_ros2_aruco_interfaces_egg
[0.970s] Invoked command in '/home/pp/Tawan-pe-/build/ros2_aruco_interfaces' returned '0': CMAKE_PREFIX_PATH=${CMAKE_PREFIX_PATH}:/home/pp/Tawan-pe-/install/station_pkg:/home/pp/Tawan-pe-/install/station_manager:/home/pp/Tawan-pe-/install/ros2_aruco:/home/pp/Tawan-pe-/install/motion_control:/home/pp/Tawan-pe-/install/ired_teleop:/home/pp/Tawan-pe-/install/ired_movetogoal:/opt/ros/jazzy DEBUGINFOD_URLS=https://debuginfod.ubuntu.com /usr/bin/cmake --build /home/pp/Tawan-pe-/build/ros2_aruco_interfaces -- -j12 -l12
[0.972s] Invoking command in '/home/pp/Tawan-pe-/build/ros2_aruco_interfaces': CMAKE_PREFIX_PATH=${CMAKE_PREFIX_PATH}:/home/pp/Tawan-pe-/install/station_pkg:/home/pp/Tawan-pe-/install/station_manager:/home/pp/Tawan-pe-/install/ros2_aruco:/home/pp/Tawan-pe-/install/motion_control:/home/pp/Tawan-pe-/install/ired_teleop:/home/pp/Tawan-pe-/install/ired_movetogoal:/opt/ros/jazzy DEBUGINFOD_URLS=https://debuginfod.ubuntu.com /usr/bin/cmake --install /home/pp/Tawan-pe-/build/ros2_aruco_interfaces
[0.985s] -- Install configuration: ""
[0.998s] -- Execute custom install script
[0.999s] -- Up-to-date symlink: /home/pp/Tawan-pe-/install/ros2_aruco_interfaces/share/ament_index/resource_index/rosidl_interfaces/ros2_aruco_interfaces
[0.999s] -- Up-to-date symlink: /home/pp/Tawan-pe-/install/ros2_aruco_interfaces/share/ros2_aruco_interfaces/msg/ArucoMarkers.json
[0.999s] -- Up-to-date symlink: /home/pp/Tawan-pe-/install/ros2_aruco_interfaces/include/ros2_aruco_interfaces/ros2_aruco_interfaces/msg/aruco_markers.h
[0.999s] -- Up-to-date symlink: /home/pp/Tawan-pe-/install/ros2_aruco_interfaces/include/ros2_aruco_interfaces/ros2_aruco_interfaces/msg/detail/aruco_markers__functions.h
[0.999s] -- Up-to-date symlink: /home/pp/Tawan-pe-/install/ros2_aruco_interfaces/include/ros2_aruco_interfaces/ros2_aruco_interfaces/msg/detail/aruco_markers__struct.h
[0.999s] -- Up-to-date symlink: /home/pp/Tawan-pe-/install/ros2_aruco_interfaces/include/ros2_aruco_interfaces/ros2_aruco_interfaces/msg/detail/aruco_markers__type_support.h
[1.000s] -- Up-to-date symlink: /home/pp/Tawan-pe-/install/ros2_aruco_interfaces/include/ros2_aruco_interfaces/ros2_aruco_interfaces/msg/rosidl_generator_c__visibility_control.h
[1.000s] -- Up-to-date symlink: /home/pp/Tawan-pe-/install/ros2_aruco_interfaces/share/ros2_aruco_interfaces/environment/library_path.sh
[1.000s] -- Up-to-date symlink: /home/pp/Tawan-pe-/install/ros2_aruco_interfaces/share/ros2_aruco_interfaces/environment/library_path.dsv
[1.000s] -- Up-to-date symlink: /home/pp/Tawan-pe-/install/ros2_aruco_interfaces/include/ros2_aruco_interfaces/ros2_aruco_interfaces/msg/detail/aruco_markers__rosidl_typesupport_fastrtps_c.h
[1.000s] -- Up-to-date symlink: /home/pp/Tawan-pe-/install/ros2_aruco_interfaces/include/ros2_aruco_interfaces/ros2_aruco_interfaces/msg/rosidl_typesupport_fastrtps_c__visibility_control.h
[1.000s] -- Up-to-date symlink: /home/pp/Tawan-pe-/install/ros2_aruco_interfaces/include/ros2_aruco_interfaces/ros2_aruco_interfaces/msg/aruco_markers.hpp
[1.000s] -- Up-to-date symlink: /home/pp/Tawan-pe-/install/ros2_aruco_interfaces/include/ros2_aruco_interfaces/ros2_aruco_interfaces/msg/detail/aruco_markers__builder.hpp
[1.002s] -- Up-to-date symlink: /home/pp/Tawan-pe-/install/ros2_aruco_interfaces/include/ros2_aruco_interfaces/ros2_aruco_interfaces/msg/detail/aruco_markers__struct.hpp
[1.002s] -- Up-to-date symlink: /home/pp/Tawan-pe-/install/ros2_aruco_interfaces/include/ros2_aruco_interfaces/ros2_aruco_interfaces/msg/detail/aruco_markers__traits.hpp
[1.002s] -- Up-to-date symlink: /home/pp/Tawan-pe-/install/ros2_aruco_interfaces/include/ros2_aruco_interfaces/ros2_aruco_interfaces/msg/detail/aruco_markers__type_support.hpp
[1.003s] -- Up-to-date symlink: /home/pp/Tawan-pe-/install/ros2_aruco_interfaces/include/ros2_aruco_interfaces/ros2_aruco_interfaces/msg/rosidl_generator_cpp__visibility_control.hpp
[1.009s] -- Up-to-date symlink: /home/pp/Tawan-pe-/install/ros2_aruco_interfaces/include/ros2_aruco_interfaces/ros2_aruco_interfaces/msg/detail/aruco_markers__rosidl_typesupport_fastrtps_cpp.hpp
[1.009s] -- Up-to-date symlink: /home/pp/Tawan-pe-/install/ros2_aruco_interfaces/include/ros2_aruco_interfaces/ros2_aruco_interfaces/msg/rosidl_typesupport_fastrtps_cpp__visibility_control.h
[1.009s] -- Up-to-date symlink: /home/pp/Tawan-pe-/install/ros2_aruco_interfaces/include/ros2_aruco_interfaces/ros2_aruco_interfaces/msg/detail/aruco_markers__rosidl_typesupport_introspection_c.h
[1.009s] -- Up-to-date symlink: /home/pp/Tawan-pe-/install/ros2_aruco_interfaces/include/ros2_aruco_interfaces/ros2_aruco_interfaces/msg/rosidl_typesupport_introspection_c__visibility_control.h
[1.010s] -- Up-to-date symlink: /home/pp/Tawan-pe-/install/ros2_aruco_interfaces/include/ros2_aruco_interfaces/ros2_aruco_interfaces/msg/detail/aruco_markers__rosidl_typesupport_introspection_cpp.hpp
[1.010s] -- Up-to-date symlink: /home/pp/Tawan-pe-/install/ros2_aruco_interfaces/share/ros2_aruco_interfaces/environment/pythonpath.sh
[1.010s] -- Up-to-date symlink: /home/pp/Tawan-pe-/install/ros2_aruco_interfaces/share/ros2_aruco_interfaces/environment/pythonpath.dsv
[1.012s] -- Up-to-date symlink: /home/pp/Tawan-pe-/install/ros2_aruco_interfaces/lib/python3.12/site-packages/ros2_aruco_interfaces-0.1.0-py3.12.egg-info/PKG-INFO
[1.012s] -- Up-to-date symlink: /home/pp/Tawan-pe-/install/ros2_aruco_interfaces/lib/python3.12/site-packages/ros2_aruco_interfaces-0.1.0-py3.12.egg-info/SOURCES.txt
[1.012s] -- Up-to-date symlink: /home/pp/Tawan-pe-/install/ros2_aruco_interfaces/lib/python3.12/site-packages/ros2_aruco_interfaces-0.1.0-py3.12.egg-info/dependency_links.txt
[1.012s] -- Up-to-date symlink: /home/pp/Tawan-pe-/install/ros2_aruco_interfaces/lib/python3.12/site-packages/ros2_aruco_interfaces-0.1.0-py3.12.egg-info/top_level.txt
[1.025s] -- Up-to-date symlink: /home/pp/Tawan-pe-/install/ros2_aruco_interfaces/lib/python3.12/site-packages/ros2_aruco_interfaces/__init__.py
[1.025s] -- Up-to-date symlink: /home/pp/Tawan-pe-/install/ros2_aruco_interfaces/lib/python3.12/site-packages/ros2_aruco_interfaces/_ros2_aruco_interfaces_s.ep.rosidl_typesupport_c.c
[1.025s] -- Up-to-date symlink: /home/pp/Tawan-pe-/install/ros2_aruco_interfaces/lib/python3.12/site-packages/ros2_aruco_interfaces/_ros2_aruco_interfaces_s.ep.rosidl_typesupport_fastrtps_c.c
[1.025s] -- Up-to-date symlink: /home/pp/Tawan-pe-/install/ros2_aruco_interfaces/lib/python3.12/site-packages/ros2_aruco_interfaces/_ros2_aruco_interfaces_s.ep.rosidl_typesupport_introspection_c.c
[1.025s] -- Up-to-date symlink: /home/pp/Tawan-pe-/install/ros2_aruco_interfaces/lib/python3.12/site-packages/ros2_aruco_interfaces/msg/__init__.py
[1.025s] -- Up-to-date symlink: /home/pp/Tawan-pe-/install/ros2_aruco_interfaces/lib/python3.12/site-packages/ros2_aruco_interfaces/msg/_aruco_markers.py
[1.026s] -- Up-to-date symlink: /home/pp/Tawan-pe-/install/ros2_aruco_interfaces/lib/python3.12/site-packages/ros2_aruco_interfaces/msg/_aruco_markers_s.c
[1.026s] -- Up-to-date symlink: /home/pp/Tawan-pe-/install/ros2_aruco_interfaces/lib/python3.12/site-packages/ros2_aruco_interfaces/ros2_aruco_interfaces_s__rosidl_typesupport_c.so
[1.026s] -- Up-to-date symlink: /home/pp/Tawan-pe-/install/ros2_aruco_interfaces/lib/python3.12/site-packages/ros2_aruco_interfaces/ros2_aruco_interfaces_s__rosidl_typesupport_fastrtps_c.so
[1.026s] -- Up-to-date symlink: /home/pp/Tawan-pe-/install/ros2_aruco_interfaces/lib/python3.12/site-packages/ros2_aruco_interfaces/ros2_aruco_interfaces_s__rosidl_typesupport_introspection_c.so
[1.026s] -- Up-to-date symlink: /home/pp/Tawan-pe-/install/ros2_aruco_interfaces/lib/python3.12/site-packages/ros2_aruco_interfaces/ros2_aruco_interfaces_s__rosidl_typesupport_fastrtps_c.so
[1.026s] -- Up-to-date symlink: /home/pp/Tawan-pe-/install/ros2_aruco_interfaces/lib/python3.12/site-packages/ros2_aruco_interfaces/ros2_aruco_interfaces_s__rosidl_typesupport_introspection_c.so
[1.026s] -- Up-to-date symlink: /home/pp/Tawan-pe-/install/ros2_aruco_interfaces/lib/python3.12/site-packages/ros2_aruco_interfaces/ros2_aruco_interfaces_s__rosidl_typesupport_c.so
[1.026s] -- Up-to-date symlink: /home/pp/Tawan-pe-/install/ros2_aruco_interfaces/share/ros2_aruco_interfaces/msg/ArucoMarkers.idl
[1.027s] -- Up-to-date symlink: /home/pp/Tawan-pe-/install/ros2_aruco_interfaces/share/ros2_aruco_interfaces/msg/ArucoMarkers.msg
[1.027s] -- Up-to-date symlink: /home/pp/Tawan-pe-/install/ros2_aruco_interfaces/share/ament_index/resource_index/package_run_dependencies/ros2_aruco_interfaces
[1.027s] -- Up-to-date symlink: /home/pp/Tawan-pe-/install/ros2_aruco_interfaces/share/ament_index/resource_index/parent_prefix_path/ros2_aruco_interfaces
[1.027s] -- Up-to-date symlink: /home/pp/Tawan-pe-/install/ros2_aruco_interfaces/share/ros2_aruco_interfaces/environment/ament_prefix_path.sh
[1.027s] -- Up-to-date symlink: /home/pp/Tawan-pe-/install/ros2_aruco_interfaces/share/ros2_aruco_interfaces/environment/ament_prefix_path.dsv
[1.031s] -- Up-to-date symlink: /home/pp/Tawan-pe-/install/ros2_aruco_interfaces/share/ros2_aruco_interfaces/environment/path.sh
[1.035s] -- Up-to-date symlink: /home/pp/Tawan-pe-/install/ros2_aruco_interfaces/share/ros2_aruco_interfaces/environment/path.dsv
[1.036s] -- Up-to-date symlink: /home/pp/Tawan-pe-/install/ros2_aruco_interfaces/share/ros2_aruco_interfaces/local_setup.bash
[1.036s] -- Up-to-date symlink: /home/pp/Tawan-pe-/install/ros2_aruco_interfaces/share/ros2_aruco_interfaces/local_setup.sh
[1.040s] -- Up-to-date symlink: /home/pp/Tawan-pe-/install/ros2_aruco_interfaces/share/ros2_aruco_interfaces/local_setup.zsh
[1.040s] -- Up-to-date symlink: /home/pp/Tawan-pe-/install/ros2_aruco_interfaces/share/ros2_aruco_interfaces/local_setup.dsv
[1.040s] -- Symlinking: /home/pp/Tawan-pe-/install/ros2_aruco_interfaces/share/ros2_aruco_interfaces/package.dsv
[1.052s] -- Up-to-date symlink: /home/pp/Tawan-pe-/install/ros2_aruco_interfaces/share/ament_index/resource_index/packages/ros2_aruco_interfaces
[1.052s] -- Up-to-date symlink: /home/pp/Tawan-pe-/install/ros2_aruco_interfaces/share/ros2_aruco_interfaces/cmake/rosidl_cmake-extras.cmake
[1.052s] -- Up-to-date symlink: /home/pp/Tawan-pe-/install/ros2_aruco_interfaces/share/ros2_aruco_interfaces/cmake/ament_cmake_export_dependencies-extras.cmake
[1.052s] -- Up-to-date symlink: /home/pp/Tawan-pe-/install/ros2_aruco_interfaces/share/ros2_aruco_interfaces/cmake/ament_cmake_export_include_directories-extras.cmake
[1.052s] -- Up-to-date symlink: /home/pp/Tawan-pe-/install/ros2_aruco_interfaces/share/ros2_aruco_interfaces/cmake/ament_cmake_export_libraries-extras.cmake
[1.053s] -- Up-to-date symlink: /home/pp/Tawan-pe-/install/ros2_aruco_interfaces/share/ros2_aruco_interfaces/cmake/ament_cmake_export_targets-extras.cmake
[1.053s] -- Up-to-date symlink: /home/pp/Tawan-pe-/install/ros2_aruco_interfaces/share/ros2_aruco_interfaces/cmake/rosidl_cmake_export_typesupport_targets-extras.cmake
[1.053s] -- Up-to-date symlink: /home/pp/Tawan-pe-/install/ros2_aruco_interfaces/share/ros2_aruco_interfaces/cmake/rosidl_cmake_export_typesupport_libraries-extras.cmake
[1.053s] -- Up-to-date symlink: /home/pp/Tawan-pe-/install/ros2_aruco_interfaces/share/ros2_aruco_interfaces/cmake/ros2_aruco_interfacesConfig.cmake
[1.053s] -- Up-to-date symlink: /home/pp/Tawan-pe-/install/ros2_aruco_interfaces/share/ros2_aruco_interfaces/cmake/ros2_aruco_interfacesConfig-version.cmake
[1.053s] -- Up-to-date symlink: /home/pp/Tawan-pe-/install/ros2_aruco_interfaces/share/ros2_aruco_interfaces/package.xml
[1.053s] -- Up-to-date: /home/pp/Tawan-pe-/install/ros2_aruco_interfaces/lib/libros2_aruco_interfaces__rosidl_generator_c.so
[1.053s] -- Up-to-date: /home/pp/Tawan-pe-/install/ros2_aruco_interfaces/lib/libros2_aruco_interfaces__rosidl_typesupport_fastrtps_c.so
[1.053s] -- Up-to-date: /home/pp/Tawan-pe-/install/ros2_aruco_interfaces/lib/libros2_aruco_interfaces__rosidl_typesupport_fastrtps_cpp.so
[1.053s] -- Up-to-date: /home/pp/Tawan-pe-/install/ros2_aruco_interfaces/lib/libros2_aruco_interfaces__rosidl_typesupport_introspection_c.so
[1.054s] -- Up-to-date: /home/pp/Tawan-pe-/install/ros2_aruco_interfaces/lib/libros2_aruco_interfaces__rosidl_typesupport_c.so
[1.054s] -- Up-to-date: /home/pp/Tawan-pe-/install/ros2_aruco_interfaces/lib/libros2_aruco_interfaces__rosidl_typesupport_introspection_cpp.so
[1.054s] -- Up-to-date: /home/pp/Tawan-pe-/install/ros2_aruco_interfaces/lib/libros2_aruco_interfaces__rosidl_typesupport_cpp.so
[1.062s] Listing '/home/pp/Tawan-pe-/install/ros2_aruco_interfaces/lib/python3.12/site-packages/ros2_aruco_interfaces'...
[1.062s] Listing '/home/pp/Tawan-pe-/install/ros2_aruco_interfaces/lib/python3.12/site-packages/ros2_aruco_interfaces/msg'...
[1.062s] -- Up-to-date: /home/pp/Tawan-pe-/install/ros2_aruco_interfaces/lib/libros2_aruco_interfaces__rosidl_generator_py.so
[1.062s] -- Up-to-date: /home/pp/Tawan-pe-/install/ros2_aruco_interfaces/share/ros2_aruco_interfaces/cmake/export_ros2_aruco_interfaces__rosidl_generator_cExport.cmake
[1.063s] -- Up-to-date: /home/pp/Tawan-pe-/install/ros2_aruco_interfaces/share/ros2_aruco_interfaces/cmake/export_ros2_aruco_interfaces__rosidl_generator_cExport-noconfig.cmake
[1.063s] -- Up-to-date: /home/pp/Tawan-pe-/install/ros2_aruco_interfaces/share/ros2_aruco_interfaces/cmake/export_ros2_aruco_interfaces__rosidl_typesupport_fastrtps_cExport.cmake
[1.063s] -- Up-to-date: /home/pp/Tawan-pe-/install/ros2_aruco_interfaces/share/ros2_aruco_interfaces/cmake/export_ros2_aruco_interfaces__rosidl_typesupport_fastrtps_cExport-noconfig.cmake
[1.066s] -- Up-to-date: /home/pp/Tawan-pe-/install/ros2_aruco_interfaces/share/ros2_aruco_interfaces/cmake/export_ros2_aruco_interfaces__rosidl_generator_cppExport.cmake
[1.066s] -- Up-to-date: /home/pp/Tawan-pe-/install/ros2_aruco_interfaces/share/ros2_aruco_interfaces/cmake/export_ros2_aruco_interfaces__rosidl_typesupport_fastrtps_cppExport.cmake
[1.066s] -- Up-to-date: /home/pp/Tawan-pe-/install/ros2_aruco_interfaces/share/ros2_aruco_interfaces/cmake/export_ros2_aruco_interfaces__rosidl_typesupport_fastrtps_cppExport-noconfig.cmake
[1.067s] -- Up-to-date: /home/pp/Tawan-pe-/install/ros2_aruco_interfaces/share/ros2_aruco_interfaces/cmake/ros2_aruco_interfaces__rosidl_typesupport_introspection_cExport.cmake
[1.067s] -- Up-to-date: /home/pp/Tawan-pe-/install/ros2_aruco_interfaces/share/ros2_aruco_interfaces/cmake/ros2_aruco_interfaces__rosidl_typesupport_introspection_cExport-noconfig.cmake
[1.067s] -- Up-to-date: /home/pp/Tawan-pe-/install/ros2_aruco_interfaces/share/ros2_aruco_interfaces/cmake/ros2_aruco_interfaces__rosidl_typesupport_cExport.cmake
[1.067s] -- Up-to-date: /home/pp/Tawan-pe-/install/ros2_aruco_interfaces/share/ros2_aruco_interfaces/cmake/ros2_aruco_interfaces__rosidl_typesupport_cExport-noconfig.cmake
[1.067s] -- Up-to-date: /home/pp/Tawan-pe-/install/ros2_aruco_interfaces/share/ros2_aruco_interfaces/cmake/ros2_aruco_interfaces__rosidl_typesupport_introspection_cppExport.cmake
[1.067s] -- Up-to-date: /home/pp/Tawan-pe-/install/ros2_aruco_interfaces/share/ros2_aruco_interfaces/cmake/ros2_aruco_interfaces__rosidl_typesupport_introspection_cppExport-noconfig.cmake
[1.067s] -- Up-to-date: /home/pp/Tawan-pe-/install/ros2_aruco_interfaces/share/ros2_aruco_interfaces/cmake/ros2_aruco_interfaces__rosidl_typesupport_cppExport.cmake
[1.067s] -- Up-to-date: /home/pp/Tawan-pe-/install/ros2_aruco_interfaces/share/ros2_aruco_interfaces/cmake/ros2_aruco_interfaces__rosidl_typesupport_cppExport-noconfig.cmake
[1.068s] -- Up-to-date: /home/pp/Tawan-pe-/install/ros2_aruco_interfaces/share/ros2_aruco_interfaces/cmake/export_ros2_aruco_interfaces__rosidl_generator_pyExport.cmake
[1.068s] -- Up-to-date: /home/pp/Tawan-pe-/install/ros2_aruco_interfaces/share/ros2_aruco_interfaces/cmake/export_ros2_aruco_interfaces__rosidl_generator_pyExport-noconfig.cmake
[1.146s] Invoked command in '/home/pp/Tawan-pe-/build/ros2_aruco_interfaces' returned '0': CMAKE_PREFIX_PATH=${CMAKE_PREFIX_PATH}:/home/pp/Tawan-pe-/install/station_pkg:/home/pp/Tawan-pe-/install/station_manager:/home/pp/Tawan-pe-/install/ros2_aruco:/home/pp/Tawan-pe-/install/motion_control:/home/pp/Tawan-pe-/install/ired_teleop:/home/pp/Tawan-pe-/install/ired_movetogoal:/opt/ros/jazzy DEBUGINFOD_URLS=https://debuginfod.ubuntu.com /usr/bin/cmake --install /home/pp/Tawan-pe-/build/ros2_aruco_interfaces
