running develop
Removing /home/pp/Tawan-pe-/install/station_manager/lib/python3.12/site-packages/station-manager.egg-link (link to .)
running egg_info
writing ../../build/station_manager/station_manager.egg-info/PKG-INFO
writing dependency_links to ../../build/station_manager/station_manager.egg-info/dependency_links.txt
writing entry points to ../../build/station_manager/station_manager.egg-info/entry_points.txt
writing requirements to ../../build/station_manager/station_manager.egg-info/requires.txt
writing top-level names to ../../build/station_manager/station_manager.egg-info/top_level.txt
reading manifest file '../../build/station_manager/station_manager.egg-info/SOURCES.txt'
writing manifest file '../../build/station_manager/station_manager.egg-info/SOURCES.txt'
running build
running build_py
running install
running install_lib
creating /home/pp/Tawan-pe-/install/station_manager/lib/python3.12/site-packages/station_manager
copying /home/pp/Tawan-pe-/build/station_manager/build/lib/station_manager/__init__.py -> /home/pp/Tawan-pe-/install/station_manager/lib/python3.12/site-packages/station_manager
copying /home/pp/Tawan-pe-/build/station_manager/build/lib/station_manager/identifier_node.py -> /home/pp/Tawan-pe-/install/station_manager/lib/python3.12/site-packages/station_manager
byte-compiling /home/pp/Tawan-pe-/install/station_manager/lib/python3.12/site-packages/station_manager/__init__.py to __init__.cpython-312.pyc
byte-compiling /home/pp/Tawan-pe-/install/station_manager/lib/python3.12/site-packages/station_manager/identifier_node.py to identifier_node.cpython-312.pyc
running install_data
copying resource/station_manager -> /home/pp/Tawan-pe-/install/station_manager/share/ament_index/resource_index/packages
copying package.xml -> /home/pp/Tawan-pe-/install/station_manager/share/station_manager
running install_egg_info
Copying ../../build/station_manager/station_manager.egg-info to /home/pp/Tawan-pe-/install/station_manager/lib/python3.12/site-packages/station_manager-0.0.0-py3.12.egg-info
running install_scripts
Installing identifier script to /home/pp/Tawan-pe-/install/station_manager/lib/station_manager
writing list of installed files to '/home/pp/Tawan-pe-/build/station_manager/install.log'
