[0.048s] Invoking command in '/home/pi/robot_ws/build/csm': CMAKE_PREFIX_PATH=${CMAKE_PREFIX_PATH}:/home/pi/robot_ws/install/ired_teleop:/home/pi/robot_ws/install/ired_movetogoal:/opt/ros/jazzy DEBUGINFOD_URLS=https://debuginfod.ubuntu.com /usr/bin/cmake /home/pi/robot_ws/src/robot/cms -DAMENT_CMAKE_SYMLINK_INSTALL=1 -DCMAKE_INSTALL_PREFIX=/home/pi/robot_ws/install/csm
[0.618s] -- The C compiler identification is GNU 13.3.0
[0.619s] -- The CXX compiler identification is GNU 13.3.0
[0.619s] -- Detecting C compiler ABI info
[0.619s] -- Detecting C compiler ABI info - done
[0.619s] -- Check for working C compiler: /usr/bin/cc - skipped
[0.619s] -- Detecting C compile features
[0.620s] -- Detecting C compile features - done
[0.620s] -- Detecting CXX compiler ABI info
[0.620s] -- Detecting CXX compiler ABI info - done
[0.620s] -- Check for working CXX compiler: /usr/bin/c++ - skipped
[0.620s] -- Detecting CXX compile features
[0.620s] -- Detecting CXX compile features - done
[0.620s] -- Found ament_cmake: 2.5.4 (/opt/ros/jazzy/share/ament_cmake/cmake)
[0.860s] -- Found Python3: /usr/bin/python3 (found version "3.12.3") found components: Interpreter 
[0.968s] -- Override CMake install command with custom implementation using symlinks instead of copying resources
[1.070s] -- Found rclcpp: 28.1.13 (/opt/ros/jazzy/share/rclcpp/cmake)
[1.161s] -- Found rosidl_generator_c: 4.6.6 (/opt/ros/jazzy/share/rosidl_generator_c/cmake)
[1.190s] -- Found rosidl_generator_cpp: 4.6.6 (/opt/ros/jazzy/share/rosidl_generator_cpp/cmake)
[1.223s] -- Using all available rosidl_typesupport_c: rosidl_typesupport_fastrtps_c;rosidl_typesupport_introspection_c
[1.258s] -- Using all available rosidl_typesupport_cpp: rosidl_typesupport_fastrtps_cpp;rosidl_typesupport_introspection_cpp
[1.408s] -- Found rmw_implementation_cmake: 7.3.2 (/opt/ros/jazzy/share/rmw_implementation_cmake/cmake)
[1.416s] -- Found rmw_fastrtps_cpp: 8.4.3 (/opt/ros/jazzy/share/rmw_fastrtps_cpp/cmake)
[1.548s] -- Found OpenSSL: /usr/lib/x86_64-linux-gnu/libcrypto.so (found version "3.0.13")  
[1.567s] -- Found FastRTPS: /opt/ros/jazzy/include (Required is at least version "2.13") 
[1.586s] -- Using RMW implementation 'rmw_fastrtps_cpp' as default
[1.720s] -- Configuring done (1.7s)
[1.726s] -- Generating done (0.0s)
[1.727s] -- Build files have been written to: /home/pi/robot_ws/build/csm
[1.736s] Invoked command in '/home/pi/robot_ws/build/csm' returned '0': CMAKE_PREFIX_PATH=${CMAKE_PREFIX_PATH}:/home/pi/robot_ws/install/ired_teleop:/home/pi/robot_ws/install/ired_movetogoal:/opt/ros/jazzy DEBUGINFOD_URLS=https://debuginfod.ubuntu.com /usr/bin/cmake /home/pi/robot_ws/src/robot/cms -DAMENT_CMAKE_SYMLINK_INSTALL=1 -DCMAKE_INSTALL_PREFIX=/home/pi/robot_ws/install/csm
[1.737s] Invoking command in '/home/pi/robot_ws/build/csm': CMAKE_PREFIX_PATH=${CMAKE_PREFIX_PATH}:/home/pi/robot_ws/install/ired_teleop:/home/pi/robot_ws/install/ired_movetogoal:/opt/ros/jazzy DEBUGINFOD_URLS=https://debuginfod.ubuntu.com /usr/bin/cmake --build /home/pi/robot_ws/build/csm -- -j16 -l16
[1.794s] [ 37%] [32mBuilding CXX object CMakeFiles/csm.dir/src/gpc/gpc_utils.cpp.o[0m
[1.794s] [ 41%] [32mBuilding CXX object CMakeFiles/csm.dir/src/egsl/egsl_misc.cpp.o[0m
[1.794s] [ 41%] [32mBuilding CXX object CMakeFiles/csm.dir/src/egsl/egsl_conversions.cpp.o[0m
[1.794s] [ 41%] [32mBuilding CXX object CMakeFiles/csm.dir/src/gpc/gpc.cpp.o[0m
[1.794s] [ 41%] [32mBuilding CXX object CMakeFiles/csm.dir/src/csm/orientation.cpp.o[0m
[1.794s] [ 41%] [32mBuilding CXX object CMakeFiles/csm.dir/src/csm/math_utils.cpp.o[0m
[1.794s] [ 41%] [32mBuilding CXX object CMakeFiles/csm.dir/src/csm/logging.cpp.o[0m
[1.794s] [ 41%] [32mBuilding CXX object CMakeFiles/csm.dir/src/csm/laser_data.cpp.o[0m
[1.794s] [ 41%] [32mBuilding CXX object CMakeFiles/csm.dir/src/csm/math_utils_gsl.cpp.o[0m
[1.796s] [ 41%] [32mBuilding CXX object CMakeFiles/csm.dir/src/csm/utils.cpp.o[0m
[1.797s] [ 45%] [32mBuilding CXX object CMakeFiles/csm.dir/src/csm/sm_options.cpp.o[0m
[1.797s] [ 50%] [32mBuilding CXX object CMakeFiles/csm.dir/src/egsl/egsl.cpp.o[0m
[1.799s] [ 58%] [32mBuilding CXX object CMakeFiles/csm.dir/src/csm/clustering.cpp.o[0m
[1.799s] [ 58%] [32mBuilding CXX object CMakeFiles/csm.dir/src/icp/icp_corr_dumb.cpp.o[0m
[1.801s] [ 62%] [32mBuilding CXX object CMakeFiles/csm.dir/src/egsl/egsl_ops.cpp.o[0m
[1.806s] [ 66%] [32mBuilding CXX object CMakeFiles/csm.dir/src/icp/icp.cpp.o[0m
[2.949s] [ 70%] [32mBuilding CXX object CMakeFiles/csm.dir/src/icp/icp_corr_tricks.cpp.o[0m
[2.977s] [ 83%] [32mBuilding CXX object CMakeFiles/csm.dir/src/icp/icp_loop.cpp.o[0m
[2.977s] [ 83%] [32mBuilding CXX object CMakeFiles/csm.dir/src/icp/icp_debug.cpp.o[0m
[2.977s] [ 83%] [32mBuilding CXX object CMakeFiles/csm.dir/src/icp/icp_covariance.cpp.o[0m
[2.985s] [ 87%] [32mBuilding CXX object CMakeFiles/csm.dir/src/icp/icp_outliers.cpp.o[0m
[2.994s] [ 91%] [32mBuilding CXX object CMakeFiles/csm.dir/src/options/options.cpp.o[0m
[3.033s] [ 95%] [32mBuilding CXX object CMakeFiles/csm.dir/src/options/options_interface.cpp.o[0m
[9.460s] [100%] [32m[1mLinking CXX shared library libcsm.so[0m
[9.637s] [100%] Built target csm
[9.651s] Invoked command in '/home/pi/robot_ws/build/csm' returned '0': CMAKE_PREFIX_PATH=${CMAKE_PREFIX_PATH}:/home/pi/robot_ws/install/ired_teleop:/home/pi/robot_ws/install/ired_movetogoal:/opt/ros/jazzy DEBUGINFOD_URLS=https://debuginfod.ubuntu.com /usr/bin/cmake --build /home/pi/robot_ws/build/csm -- -j16 -l16
[9.652s] Invoking command in '/home/pi/robot_ws/build/csm': CMAKE_PREFIX_PATH=${CMAKE_PREFIX_PATH}:/home/pi/robot_ws/install/ired_teleop:/home/pi/robot_ws/install/ired_movetogoal:/opt/ros/jazzy DEBUGINFOD_URLS=https://debuginfod.ubuntu.com /usr/bin/cmake --install /home/pi/robot_ws/build/csm
[9.660s] -- Install configuration: ""
[9.660s] -- Execute custom install script
[9.660s] -- Symlinking: /home/pi/robot_ws/install/csm/lib/libcsm.so
[9.670s] -- Symlinking: /home/pi/robot_ws/install/csm/include/..//include/csm/algos.h
[9.679s] -- Symlinking: /home/pi/robot_ws/install/csm/include/..//include/csm/csm.h
[9.689s] -- Symlinking: /home/pi/robot_ws/install/csm/include/..//include/csm/laser_data.h
[9.697s] -- Symlinking: /home/pi/robot_ws/install/csm/include/..//include/csm/laser_data_inline.h
[9.706s] -- Symlinking: /home/pi/robot_ws/install/csm/include/..//include/csm/restrict.h
[9.716s] -- Symlinking: /home/pi/robot_ws/install/csm/include/..//include/gsl_eigen/gsl_eigen.h
[9.724s] -- Symlinking: /home/pi/robot_ws/install/csm/share/csm/resource/csm
[9.733s] -- Symlinking: /home/pi/robot_ws/install/csm/include/../gsl_eigen/gsl_eigen.h
[9.744s] -- Symlinking: /home/pi/robot_ws/install/csm/share/csm/environment/library_path.sh
[9.753s] -- Symlinking: /home/pi/robot_ws/install/csm/share/csm/environment/library_path.dsv
[9.763s] -- Symlinking: /home/pi/robot_ws/install/csm/share/ament_index/resource_index/package_run_dependencies/csm
[9.770s] -- Symlinking: /home/pi/robot_ws/install/csm/share/ament_index/resource_index/parent_prefix_path/csm
[9.779s] -- Symlinking: /home/pi/robot_ws/install/csm/share/csm/environment/ament_prefix_path.sh
[9.787s] -- Symlinking: /home/pi/robot_ws/install/csm/share/csm/environment/ament_prefix_path.dsv
[9.796s] -- Symlinking: /home/pi/robot_ws/install/csm/share/csm/environment/path.sh
[9.805s] -- Symlinking: /home/pi/robot_ws/install/csm/share/csm/environment/path.dsv
[9.814s] -- Symlinking: /home/pi/robot_ws/install/csm/share/csm/local_setup.bash
[9.823s] -- Symlinking: /home/pi/robot_ws/install/csm/share/csm/local_setup.sh
[9.832s] -- Symlinking: /home/pi/robot_ws/install/csm/share/csm/local_setup.zsh
[9.841s] -- Symlinking: /home/pi/robot_ws/install/csm/share/csm/local_setup.dsv
[9.851s] -- Symlinking: /home/pi/robot_ws/install/csm/share/csm/package.dsv
[9.861s] -- Symlinking: /home/pi/robot_ws/install/csm/share/ament_index/resource_index/packages/csm
[9.869s] -- Symlinking: /home/pi/robot_ws/install/csm/share/csm/cmake/ament_cmake_export_dependencies-extras.cmake
[9.878s] -- Symlinking: /home/pi/robot_ws/install/csm/share/csm/cmake/ament_cmake_export_include_directories-extras.cmake
[9.887s] -- Symlinking: /home/pi/robot_ws/install/csm/share/csm/cmake/ament_cmake_export_libraries-extras.cmake
[9.896s] -- Symlinking: /home/pi/robot_ws/install/csm/share/csm/cmake/csmConfig.cmake
[9.905s] -- Symlinking: /home/pi/robot_ws/install/csm/share/csm/cmake/csmConfig-version.cmake
[9.913s] -- Symlinking: /home/pi/robot_ws/install/csm/share/csm/package.xml
[9.924s] Invoked command in '/home/pi/robot_ws/build/csm' returned '0': CMAKE_PREFIX_PATH=${CMAKE_PREFIX_PATH}:/home/pi/robot_ws/install/ired_teleop:/home/pi/robot_ws/install/ired_movetogoal:/opt/ros/jazzy DEBUGINFOD_URLS=https://debuginfod.ubuntu.com /usr/bin/cmake --install /home/pi/robot_ws/build/csm
