[0.009s] Invoking command in '/home/pp/Tawan-pe-/build/ired_bringup': CMAKE_PREFIX_PATH=/home/pp/Tawan-pe-/install/ired_msgs:/home/pp/Tawan-pe-/install/rplidar_ros:/home/pp/Tawan-pe-/install/ros2_laser_scan_matcher:/home/pp/Tawan-pe-/install/ros2_aruco_interfaces:/home/pp/Tawan-pe-/install/lidar_bringup:/home/pp/Tawan-pe-/install/ired_rviz:/home/pp/Tawan-pe-/install/ired_navigation:/home/pp/Tawan-pe-/install/ired_bringup:/home/pp/Tawan-pe-/install/ired_aruco:/home/pp/Tawan-pe-/install/csm:/opt/ros/jazzy/opt/gz_math_vendor:/opt/ros/jazzy/opt/gz_utils_vendor:/opt/ros/jazzy/opt/gz_cmake_vendor:/home/pp/Tawan-pe-/install/station_pkg:/home/pp/Tawan-pe-/install/ros2_aruco:/home/pp/Tawan-pe-/install/ired_teleop:/home/pp/Tawan-pe-/install/ired_movetogoal:/opt/ros/jazzy DEBUGINFOD_URLS=https://debuginfod.ubuntu.com LD_LIBRARY_PATH=/home/pp/Tawan-pe-/install/ired_msgs/lib:/home/pp/Tawan-pe-/install/ros2_aruco_interfaces/lib:/home/pp/Tawan-pe-/install/csm/lib:/opt/ros/jazzy/opt/rviz_ogre_vendor/lib:/opt/ros/jazzy/lib/x86_64-linux-gnu:/opt/ros/jazzy/opt/gz_math_vendor/lib:/opt/ros/jazzy/opt/gz_utils_vendor/lib:/opt/ros/jazzy/opt/gz_cmake_vendor/lib:/opt/ros/jazzy/lib PYTHONPATH=/home/pp/Tawan-pe-/install/ired_msgs/lib/python3.12/site-packages:/home/pp/Tawan-pe-/install/station_pkg/lib/python3.12/site-packages:/home/pp/Tawan-pe-/install/ros2_aruco_interfaces/lib/python3.12/site-packages:/home/pp/Tawan-pe-/install/ros2_aruco/lib/python3.12/site-packages:/home/pp/Tawan-pe-/install/motion_control/lib/python3.12/site-packages:/home/pp/Tawan-pe-/install/ired_teleop/lib/python3.12/site-packages:/home/pp/Tawan-pe-/install/ired_movetogoal/lib/python3.12/site-packages:/opt/ros/jazzy/lib/python3.12/site-packages /usr/bin/cmake /home/pp/Tawan-pe-/src/robot/ired_bringup -DAMENT_CMAKE_SYMLINK_INSTALL=1 -DCMAKE_INSTALL_PREFIX=/home/pp/Tawan-pe-/install/ired_bringup
[0.057s] -- The C compiler identification is GNU 13.3.0
[0.105s] -- The CXX compiler identification is GNU 13.3.0
[0.121s] -- Detecting C compiler ABI info
[0.201s] -- Detecting C compiler ABI info - done
[0.208s] -- Check for working C compiler: /usr/bin/cc - skipped
[0.208s] -- Detecting C compile features
[0.209s] -- Detecting C compile features - done
[0.218s] -- Detecting CXX compiler ABI info
[0.309s] -- Detecting CXX compiler ABI info - done
[0.319s] -- Check for working CXX compiler: /usr/bin/c++ - skipped
[0.320s] -- Detecting CXX compile features
[0.320s] -- Detecting CXX compile features - done
[0.323s] -- Found ament_cmake: 2.5.4 (/opt/ros/jazzy/share/ament_cmake/cmake)
[0.461s] -- Found Python3: /usr/bin/python3 (found version "3.12.3") found components: Interpreter 
[0.522s] -- Override CMake install command with custom implementation using symlinks instead of copying resources
[0.557s] -- Found geometry_msgs: 5.3.6 (/opt/ros/jazzy/share/geometry_msgs/cmake)
[0.597s] -- Found rosidl_generator_c: 4.6.6 (/opt/ros/jazzy/share/rosidl_generator_c/cmake)
[0.612s] -- Found rosidl_generator_cpp: 4.6.6 (/opt/ros/jazzy/share/rosidl_generator_cpp/cmake)
[0.627s] -- Using all available rosidl_typesupport_c: rosidl_typesupport_fastrtps_c;rosidl_typesupport_introspection_c
[0.649s] -- Using all available rosidl_typesupport_cpp: rosidl_typesupport_fastrtps_cpp;rosidl_typesupport_introspection_cpp
[0.690s] -- Found ired_msgs: 2.0.1 (/home/pp/Tawan-pe-/install/ired_msgs/share/ired_msgs/cmake)
[0.722s] -- Found nav_msgs: 5.3.6 (/opt/ros/jazzy/share/nav_msgs/cmake)
[0.747s] -- Found rclcpp: 28.1.13 (/opt/ros/jazzy/share/rclcpp/cmake)
[0.792s] -- Found rmw_implementation_cmake: 7.3.2 (/opt/ros/jazzy/share/rmw_implementation_cmake/cmake)
[0.795s] -- Found rmw_fastrtps_cpp: 8.4.3 (/opt/ros/jazzy/share/rmw_fastrtps_cpp/cmake)
[0.877s] -- Found OpenSSL: /usr/lib/x86_64-linux-gnu/libcrypto.so (found version "3.0.13")  
[0.897s] -- Found FastRTPS: /opt/ros/jazzy/include (Required is at least version "2.13") 
[0.919s] -- Using RMW implementation 'rmw_fastrtps_cpp' as default
[0.992s] -- Found rclpy: 7.1.6 (/opt/ros/jazzy/share/rclpy/cmake)
[0.995s] -- Found sensor_msgs: 5.3.6 (/opt/ros/jazzy/share/sensor_msgs/cmake)
[1.017s] -- Found std_srvs: 5.3.6 (/opt/ros/jazzy/share/std_srvs/cmake)
[1.033s] -- Found tf2: 0.36.16 (/opt/ros/jazzy/share/tf2/cmake)
[1.038s] -- Found tf2_msgs: 0.36.16 (/opt/ros/jazzy/share/tf2_msgs/cmake)
[1.197s] -- Configuring done (1.2s)
[1.229s] -- Generating done (0.0s)
[1.238s] -- Build files have been written to: /home/pp/Tawan-pe-/build/ired_bringup
[1.251s] Invoked command in '/home/pp/Tawan-pe-/build/ired_bringup' returned '0': CMAKE_PREFIX_PATH=/home/pp/Tawan-pe-/install/ired_msgs:/home/pp/Tawan-pe-/install/rplidar_ros:/home/pp/Tawan-pe-/install/ros2_laser_scan_matcher:/home/pp/Tawan-pe-/install/ros2_aruco_interfaces:/home/pp/Tawan-pe-/install/lidar_bringup:/home/pp/Tawan-pe-/install/ired_rviz:/home/pp/Tawan-pe-/install/ired_navigation:/home/pp/Tawan-pe-/install/ired_bringup:/home/pp/Tawan-pe-/install/ired_aruco:/home/pp/Tawan-pe-/install/csm:/opt/ros/jazzy/opt/gz_math_vendor:/opt/ros/jazzy/opt/gz_utils_vendor:/opt/ros/jazzy/opt/gz_cmake_vendor:/home/pp/Tawan-pe-/install/station_pkg:/home/pp/Tawan-pe-/install/ros2_aruco:/home/pp/Tawan-pe-/install/ired_teleop:/home/pp/Tawan-pe-/install/ired_movetogoal:/opt/ros/jazzy DEBUGINFOD_URLS=https://debuginfod.ubuntu.com LD_LIBRARY_PATH=/home/pp/Tawan-pe-/install/ired_msgs/lib:/home/pp/Tawan-pe-/install/ros2_aruco_interfaces/lib:/home/pp/Tawan-pe-/install/csm/lib:/opt/ros/jazzy/opt/rviz_ogre_vendor/lib:/opt/ros/jazzy/lib/x86_64-linux-gnu:/opt/ros/jazzy/opt/gz_math_vendor/lib:/opt/ros/jazzy/opt/gz_utils_vendor/lib:/opt/ros/jazzy/opt/gz_cmake_vendor/lib:/opt/ros/jazzy/lib PYTHONPATH=/home/pp/Tawan-pe-/install/ired_msgs/lib/python3.12/site-packages:/home/pp/Tawan-pe-/install/station_pkg/lib/python3.12/site-packages:/home/pp/Tawan-pe-/install/ros2_aruco_interfaces/lib/python3.12/site-packages:/home/pp/Tawan-pe-/install/ros2_aruco/lib/python3.12/site-packages:/home/pp/Tawan-pe-/install/motion_control/lib/python3.12/site-packages:/home/pp/Tawan-pe-/install/ired_teleop/lib/python3.12/site-packages:/home/pp/Tawan-pe-/install/ired_movetogoal/lib/python3.12/site-packages:/opt/ros/jazzy/lib/python3.12/site-packages /usr/bin/cmake /home/pp/Tawan-pe-/src/robot/ired_bringup -DAMENT_CMAKE_SYMLINK_INSTALL=1 -DCMAKE_INSTALL_PREFIX=/home/pp/Tawan-pe-/install/ired_bringup
[1.252s] Invoking command in '/home/pp/Tawan-pe-/build/ired_bringup': CMAKE_PREFIX_PATH=/home/pp/Tawan-pe-/install/ired_msgs:/home/pp/Tawan-pe-/install/rplidar_ros:/home/pp/Tawan-pe-/install/ros2_laser_scan_matcher:/home/pp/Tawan-pe-/install/ros2_aruco_interfaces:/home/pp/Tawan-pe-/install/lidar_bringup:/home/pp/Tawan-pe-/install/ired_rviz:/home/pp/Tawan-pe-/install/ired_navigation:/home/pp/Tawan-pe-/install/ired_bringup:/home/pp/Tawan-pe-/install/ired_aruco:/home/pp/Tawan-pe-/install/csm:/opt/ros/jazzy/opt/gz_math_vendor:/opt/ros/jazzy/opt/gz_utils_vendor:/opt/ros/jazzy/opt/gz_cmake_vendor:/home/pp/Tawan-pe-/install/station_pkg:/home/pp/Tawan-pe-/install/ros2_aruco:/home/pp/Tawan-pe-/install/ired_teleop:/home/pp/Tawan-pe-/install/ired_movetogoal:/opt/ros/jazzy DEBUGINFOD_URLS=https://debuginfod.ubuntu.com LD_LIBRARY_PATH=/home/pp/Tawan-pe-/install/ired_msgs/lib:/home/pp/Tawan-pe-/install/ros2_aruco_interfaces/lib:/home/pp/Tawan-pe-/install/csm/lib:/opt/ros/jazzy/opt/rviz_ogre_vendor/lib:/opt/ros/jazzy/lib/x86_64-linux-gnu:/opt/ros/jazzy/opt/gz_math_vendor/lib:/opt/ros/jazzy/opt/gz_utils_vendor/lib:/opt/ros/jazzy/opt/gz_cmake_vendor/lib:/opt/ros/jazzy/lib PYTHONPATH=/home/pp/Tawan-pe-/install/ired_msgs/lib/python3.12/site-packages:/home/pp/Tawan-pe-/install/station_pkg/lib/python3.12/site-packages:/home/pp/Tawan-pe-/install/ros2_aruco_interfaces/lib/python3.12/site-packages:/home/pp/Tawan-pe-/install/ros2_aruco/lib/python3.12/site-packages:/home/pp/Tawan-pe-/install/motion_control/lib/python3.12/site-packages:/home/pp/Tawan-pe-/install/ired_teleop/lib/python3.12/site-packages:/home/pp/Tawan-pe-/install/ired_movetogoal/lib/python3.12/site-packages:/opt/ros/jazzy/lib/python3.12/site-packages /usr/bin/cmake --build /home/pp/Tawan-pe-/build/ired_bringup -- -j12 -l12
[1.303s] [ 18%] [32mBuilding CXX object CMakeFiles/inverse_kinematics_node.dir/src/inverse_kinematics.cpp.o[0m
[1.303s] [ 18%] [32mBuilding CXX object CMakeFiles/forward_kinematics_node.dir/src/forward_kinematics.cpp.o[0m
[1.303s] [ 36%] [32mBuilding CXX object CMakeFiles/iredcr_modbus_node.dir/src/modbus_rtu.cpp.o[0m
[1.304s] [ 36%] [32mBuilding CXX object CMakeFiles/iredcr_modbus_node.dir/src/ired_controller.cpp.o[0m
[1.307s] [ 45%] [32mBuilding CXX object CMakeFiles/odom_node.dir/src/odom.cpp.o[0m
[1.307s] [ 54%] [32mBuilding CXX object CMakeFiles/imu_node.dir/src/imu.cpp.o[0m
[8.902s] [ 63%] [32m[1mLinking CXX executable forward_kinematics_node[0m
[9.058s] [ 72%] [32m[1mLinking CXX executable inverse_kinematics_node[0m
[9.248s] [ 72%] Built target forward_kinematics_node
[9.397s] [ 72%] Built target inverse_kinematics_node
[10.135s] [ 81%] [32m[1mLinking CXX executable imu_node[0m
[10.456s] [ 81%] Built target imu_node
[10.926s] [ 90%] [32m[1mLinking CXX executable iredcr_modbus_node[0m
[11.292s] [ 90%] Built target iredcr_modbus_node
[13.947s] [100%] [32m[1mLinking CXX executable odom_node[0m
[14.433s] [100%] Built target odom_node
[14.445s] Invoked command in '/home/pp/Tawan-pe-/build/ired_bringup' returned '0': CMAKE_PREFIX_PATH=/home/pp/Tawan-pe-/install/ired_msgs:/home/pp/Tawan-pe-/install/rplidar_ros:/home/pp/Tawan-pe-/install/ros2_laser_scan_matcher:/home/pp/Tawan-pe-/install/ros2_aruco_interfaces:/home/pp/Tawan-pe-/install/lidar_bringup:/home/pp/Tawan-pe-/install/ired_rviz:/home/pp/Tawan-pe-/install/ired_navigation:/home/pp/Tawan-pe-/install/ired_bringup:/home/pp/Tawan-pe-/install/ired_aruco:/home/pp/Tawan-pe-/install/csm:/opt/ros/jazzy/opt/gz_math_vendor:/opt/ros/jazzy/opt/gz_utils_vendor:/opt/ros/jazzy/opt/gz_cmake_vendor:/home/pp/Tawan-pe-/install/station_pkg:/home/pp/Tawan-pe-/install/ros2_aruco:/home/pp/Tawan-pe-/install/ired_teleop:/home/pp/Tawan-pe-/install/ired_movetogoal:/opt/ros/jazzy DEBUGINFOD_URLS=https://debuginfod.ubuntu.com LD_LIBRARY_PATH=/home/pp/Tawan-pe-/install/ired_msgs/lib:/home/pp/Tawan-pe-/install/ros2_aruco_interfaces/lib:/home/pp/Tawan-pe-/install/csm/lib:/opt/ros/jazzy/opt/rviz_ogre_vendor/lib:/opt/ros/jazzy/lib/x86_64-linux-gnu:/opt/ros/jazzy/opt/gz_math_vendor/lib:/opt/ros/jazzy/opt/gz_utils_vendor/lib:/opt/ros/jazzy/opt/gz_cmake_vendor/lib:/opt/ros/jazzy/lib PYTHONPATH=/home/pp/Tawan-pe-/install/ired_msgs/lib/python3.12/site-packages:/home/pp/Tawan-pe-/install/station_pkg/lib/python3.12/site-packages:/home/pp/Tawan-pe-/install/ros2_aruco_interfaces/lib/python3.12/site-packages:/home/pp/Tawan-pe-/install/ros2_aruco/lib/python3.12/site-packages:/home/pp/Tawan-pe-/install/motion_control/lib/python3.12/site-packages:/home/pp/Tawan-pe-/install/ired_teleop/lib/python3.12/site-packages:/home/pp/Tawan-pe-/install/ired_movetogoal/lib/python3.12/site-packages:/opt/ros/jazzy/lib/python3.12/site-packages /usr/bin/cmake --build /home/pp/Tawan-pe-/build/ired_bringup -- -j12 -l12
[14.446s] Invoking command in '/home/pp/Tawan-pe-/build/ired_bringup': CMAKE_PREFIX_PATH=/home/pp/Tawan-pe-/install/ired_msgs:/home/pp/Tawan-pe-/install/rplidar_ros:/home/pp/Tawan-pe-/install/ros2_laser_scan_matcher:/home/pp/Tawan-pe-/install/ros2_aruco_interfaces:/home/pp/Tawan-pe-/install/lidar_bringup:/home/pp/Tawan-pe-/install/ired_rviz:/home/pp/Tawan-pe-/install/ired_navigation:/home/pp/Tawan-pe-/install/ired_bringup:/home/pp/Tawan-pe-/install/ired_aruco:/home/pp/Tawan-pe-/install/csm:/opt/ros/jazzy/opt/gz_math_vendor:/opt/ros/jazzy/opt/gz_utils_vendor:/opt/ros/jazzy/opt/gz_cmake_vendor:/home/pp/Tawan-pe-/install/station_pkg:/home/pp/Tawan-pe-/install/ros2_aruco:/home/pp/Tawan-pe-/install/ired_teleop:/home/pp/Tawan-pe-/install/ired_movetogoal:/opt/ros/jazzy DEBUGINFOD_URLS=https://debuginfod.ubuntu.com LD_LIBRARY_PATH=/home/pp/Tawan-pe-/install/ired_msgs/lib:/home/pp/Tawan-pe-/install/ros2_aruco_interfaces/lib:/home/pp/Tawan-pe-/install/csm/lib:/opt/ros/jazzy/opt/rviz_ogre_vendor/lib:/opt/ros/jazzy/lib/x86_64-linux-gnu:/opt/ros/jazzy/opt/gz_math_vendor/lib:/opt/ros/jazzy/opt/gz_utils_vendor/lib:/opt/ros/jazzy/opt/gz_cmake_vendor/lib:/opt/ros/jazzy/lib PYTHONPATH=/home/pp/Tawan-pe-/install/ired_msgs/lib/python3.12/site-packages:/home/pp/Tawan-pe-/install/station_pkg/lib/python3.12/site-packages:/home/pp/Tawan-pe-/install/ros2_aruco_interfaces/lib/python3.12/site-packages:/home/pp/Tawan-pe-/install/ros2_aruco/lib/python3.12/site-packages:/home/pp/Tawan-pe-/install/motion_control/lib/python3.12/site-packages:/home/pp/Tawan-pe-/install/ired_teleop/lib/python3.12/site-packages:/home/pp/Tawan-pe-/install/ired_movetogoal/lib/python3.12/site-packages:/opt/ros/jazzy/lib/python3.12/site-packages /usr/bin/cmake --install /home/pp/Tawan-pe-/build/ired_bringup
[14.454s] -- Install configuration: ""
[14.455s] -- Execute custom install script
[14.455s] -- Symlinking: /home/pp/Tawan-pe-/install/ired_bringup/lib/ired_bringup/forward_kinematics_node
[14.466s] -- Symlinking: /home/pp/Tawan-pe-/install/ired_bringup/lib/ired_bringup/inverse_kinematics_node
[14.474s] -- Symlinking: /home/pp/Tawan-pe-/install/ired_bringup/lib/ired_bringup/imu_node
[14.482s] -- Symlinking: /home/pp/Tawan-pe-/install/ired_bringup/lib/ired_bringup/iredcr_modbus_node
[14.491s] -- Symlinking: /home/pp/Tawan-pe-/install/ired_bringup/lib/ired_bringup/odom_node
[14.501s] -- Symlinking: /home/pp/Tawan-pe-/install/ired_bringup/share/ired_bringup/launch/bringup.launch.py
[14.510s] -- Symlinking: /home/pp/Tawan-pe-/install/ired_bringup/share/ired_bringup/param/efk.yaml
[14.519s] -- Symlinking: /home/pp/Tawan-pe-/install/ired_bringup/share/ired_bringup/param/frames_2026-03-02_22.16.46.gv
[14.527s] -- Symlinking: /home/pp/Tawan-pe-/install/ired_bringup/share/ired_bringup/param/frames_2026-03-02_22.16.46.pdf
[14.535s] -- Symlinking: /home/pp/Tawan-pe-/install/ired_bringup/share/ired_bringup/param/ired.yaml
[14.545s] -- Symlinking: /home/pp/Tawan-pe-/install/ired_bringup/share/ired_bringup/param/laser_config.yaml
[14.554s] -- Symlinking: /home/pp/Tawan-pe-/install/ired_bringup/share/ired_bringup/param/laser_scan_matcher.yaml
[14.563s] -- Symlinking: /home/pp/Tawan-pe-/install/ired_bringup/share/ired_bringup/urdf/ired.urdf.xacro
[14.573s] -- Symlinking: /home/pp/Tawan-pe-/install/ired_bringup/include//ired_bringup/forward_kinematics.hpp
[14.581s] -- Symlinking: /home/pp/Tawan-pe-/install/ired_bringup/include//ired_bringup/imu.hpp
[14.589s] -- Symlinking: /home/pp/Tawan-pe-/install/ired_bringup/include//ired_bringup/inverse_kinematics.hpp
[14.598s] -- Symlinking: /home/pp/Tawan-pe-/install/ired_bringup/include//ired_bringup/ired_controller.hpp
[14.609s] -- Symlinking: /home/pp/Tawan-pe-/install/ired_bringup/include//ired_bringup/ired_controller_define.hpp
[14.618s] -- Symlinking: /home/pp/Tawan-pe-/install/ired_bringup/include//ired_bringup/odom.hpp
[14.626s] -- Symlinking: /home/pp/Tawan-pe-/install/ired_bringup/include//modbus_rtu.hpp
[14.636s] -- Symlinking: /home/pp/Tawan-pe-/install/ired_bringup/share/ament_index/resource_index/package_run_dependencies/ired_bringup
[14.644s] -- Symlinking: /home/pp/Tawan-pe-/install/ired_bringup/share/ament_index/resource_index/parent_prefix_path/ired_bringup
[14.653s] -- Symlinking: /home/pp/Tawan-pe-/install/ired_bringup/share/ired_bringup/environment/ament_prefix_path.sh
[14.662s] -- Symlinking: /home/pp/Tawan-pe-/install/ired_bringup/share/ired_bringup/environment/ament_prefix_path.dsv
[14.670s] -- Symlinking: /home/pp/Tawan-pe-/install/ired_bringup/share/ired_bringup/environment/path.sh
[14.679s] -- Symlinking: /home/pp/Tawan-pe-/install/ired_bringup/share/ired_bringup/environment/path.dsv
[14.688s] -- Symlinking: /home/pp/Tawan-pe-/install/ired_bringup/share/ired_bringup/local_setup.bash
[14.697s] -- Symlinking: /home/pp/Tawan-pe-/install/ired_bringup/share/ired_bringup/local_setup.sh
[14.705s] -- Symlinking: /home/pp/Tawan-pe-/install/ired_bringup/share/ired_bringup/local_setup.zsh
[14.714s] -- Symlinking: /home/pp/Tawan-pe-/install/ired_bringup/share/ired_bringup/local_setup.dsv
[14.724s] -- Symlinking: /home/pp/Tawan-pe-/install/ired_bringup/share/ired_bringup/package.dsv
[14.733s] -- Symlinking: /home/pp/Tawan-pe-/install/ired_bringup/share/ament_index/resource_index/packages/ired_bringup
[14.743s] -- Symlinking: /home/pp/Tawan-pe-/install/ired_bringup/share/ired_bringup/cmake/ament_cmake_export_include_directories-extras.cmake
[14.752s] -- Symlinking: /home/pp/Tawan-pe-/install/ired_bringup/share/ired_bringup/cmake/ament_cmake_export_dependencies-extras.cmake
[14.761s] -- Symlinking: /home/pp/Tawan-pe-/install/ired_bringup/share/ired_bringup/cmake/ired_bringupConfig.cmake
[14.769s] -- Symlinking: /home/pp/Tawan-pe-/install/ired_bringup/share/ired_bringup/cmake/ired_bringupConfig-version.cmake
[14.778s] -- Symlinking: /home/pp/Tawan-pe-/install/ired_bringup/share/ired_bringup/package.xml
[14.788s] Invoked command in '/home/pp/Tawan-pe-/build/ired_bringup' returned '0': CMAKE_PREFIX_PATH=/home/pp/Tawan-pe-/install/ired_msgs:/home/pp/Tawan-pe-/install/rplidar_ros:/home/pp/Tawan-pe-/install/ros2_laser_scan_matcher:/home/pp/Tawan-pe-/install/ros2_aruco_interfaces:/home/pp/Tawan-pe-/install/lidar_bringup:/home/pp/Tawan-pe-/install/ired_rviz:/home/pp/Tawan-pe-/install/ired_navigation:/home/pp/Tawan-pe-/install/ired_bringup:/home/pp/Tawan-pe-/install/ired_aruco:/home/pp/Tawan-pe-/install/csm:/opt/ros/jazzy/opt/gz_math_vendor:/opt/ros/jazzy/opt/gz_utils_vendor:/opt/ros/jazzy/opt/gz_cmake_vendor:/home/pp/Tawan-pe-/install/station_pkg:/home/pp/Tawan-pe-/install/ros2_aruco:/home/pp/Tawan-pe-/install/ired_teleop:/home/pp/Tawan-pe-/install/ired_movetogoal:/opt/ros/jazzy DEBUGINFOD_URLS=https://debuginfod.ubuntu.com LD_LIBRARY_PATH=/home/pp/Tawan-pe-/install/ired_msgs/lib:/home/pp/Tawan-pe-/install/ros2_aruco_interfaces/lib:/home/pp/Tawan-pe-/install/csm/lib:/opt/ros/jazzy/opt/rviz_ogre_vendor/lib:/opt/ros/jazzy/lib/x86_64-linux-gnu:/opt/ros/jazzy/opt/gz_math_vendor/lib:/opt/ros/jazzy/opt/gz_utils_vendor/lib:/opt/ros/jazzy/opt/gz_cmake_vendor/lib:/opt/ros/jazzy/lib PYTHONPATH=/home/pp/Tawan-pe-/install/ired_msgs/lib/python3.12/site-packages:/home/pp/Tawan-pe-/install/station_pkg/lib/python3.12/site-packages:/home/pp/Tawan-pe-/install/ros2_aruco_interfaces/lib/python3.12/site-packages:/home/pp/Tawan-pe-/install/ros2_aruco/lib/python3.12/site-packages:/home/pp/Tawan-pe-/install/motion_control/lib/python3.12/site-packages:/home/pp/Tawan-pe-/install/ired_teleop/lib/python3.12/site-packages:/home/pp/Tawan-pe-/install/ired_movetogoal/lib/python3.12/site-packages:/opt/ros/jazzy/lib/python3.12/site-packages /usr/bin/cmake --install /home/pp/Tawan-pe-/build/ired_bringup
