[0.039s] Invoking command in '/home/pi/robot_ws/build/ired_aruco': CMAKE_PREFIX_PATH=${CMAKE_PREFIX_PATH}:/home/pi/robot_ws/install/ros2_aruco:/home/pi/robot_ws/install/ired_teleop:/home/pi/robot_ws/install/ired_movetogoal:/opt/ros/jazzy DEBUGINFOD_URLS=https://debuginfod.ubuntu.com /usr/bin/cmake --build /home/pi/robot_ws/build/ired_aruco -- -j16 -l16
[0.619s] Invoked command in '/home/pi/robot_ws/build/ired_aruco' returned '0': CMAKE_PREFIX_PATH=${CMAKE_PREFIX_PATH}:/home/pi/robot_ws/install/ros2_aruco:/home/pi/robot_ws/install/ired_teleop:/home/pi/robot_ws/install/ired_movetogoal:/opt/ros/jazzy DEBUGINFOD_URLS=https://debuginfod.ubuntu.com /usr/bin/cmake --build /home/pi/robot_ws/build/ired_aruco -- -j16 -l16
[0.620s] Invoking command in '/home/pi/robot_ws/build/ired_aruco': CMAKE_PREFIX_PATH=${CMAKE_PREFIX_PATH}:/home/pi/robot_ws/install/ros2_aruco:/home/pi/robot_ws/install/ired_teleop:/home/pi/robot_ws/install/ired_movetogoal:/opt/ros/jazzy DEBUGINFOD_URLS=https://debuginfod.ubuntu.com /usr/bin/cmake --install /home/pi/robot_ws/build/ired_aruco
[0.627s] -- Install configuration: ""
[0.629s] -- Execute custom install script
[0.629s] -- Up-to-date symlink: /home/pi/robot_ws/install/ired_aruco/share/ired_aruco/launch/aruco_detect.launch.py
[0.629s] -- Up-to-date symlink: /home/pi/robot_ws/install/ired_aruco/share/ired_aruco/rviz/aruco.rviz
[0.629s] -- Up-to-date symlink: /home/pi/robot_ws/install/ired_aruco/share/ired_aruco/config/camera_calibration/ost.txt
[0.629s] -- Up-to-date symlink: /home/pi/robot_ws/install/ired_aruco/share/ired_aruco/config/camera_calibration/ost.yaml
[0.630s] -- Up-to-date symlink: /home/pi/robot_ws/install/ired_aruco/share/ament_index/resource_index/package_run_dependencies/ired_aruco
[0.631s] -- Up-to-date symlink: /home/pi/robot_ws/install/ired_aruco/share/ament_index/resource_index/parent_prefix_path/ired_aruco
[0.631s] -- Up-to-date symlink: /home/pi/robot_ws/install/ired_aruco/share/ired_aruco/environment/ament_prefix_path.sh
[0.631s] -- Up-to-date symlink: /home/pi/robot_ws/install/ired_aruco/share/ired_aruco/environment/ament_prefix_path.dsv
[0.632s] -- Up-to-date symlink: /home/pi/robot_ws/install/ired_aruco/share/ired_aruco/environment/path.sh
[0.632s] -- Up-to-date symlink: /home/pi/robot_ws/install/ired_aruco/share/ired_aruco/environment/path.dsv
[0.633s] -- Up-to-date symlink: /home/pi/robot_ws/install/ired_aruco/share/ired_aruco/local_setup.bash
[0.633s] -- Up-to-date symlink: /home/pi/robot_ws/install/ired_aruco/share/ired_aruco/local_setup.sh
[0.633s] -- Up-to-date symlink: /home/pi/robot_ws/install/ired_aruco/share/ired_aruco/local_setup.zsh
[0.633s] -- Up-to-date symlink: /home/pi/robot_ws/install/ired_aruco/share/ired_aruco/local_setup.dsv
[0.633s] -- Symlinking: /home/pi/robot_ws/install/ired_aruco/share/ired_aruco/package.dsv
[0.647s] -- Up-to-date symlink: /home/pi/robot_ws/install/ired_aruco/share/ament_index/resource_index/packages/ired_aruco
[0.647s] -- Up-to-date symlink: /home/pi/robot_ws/install/ired_aruco/share/ired_aruco/cmake/ired_arucoConfig.cmake
[0.647s] -- Up-to-date symlink: /home/pi/robot_ws/install/ired_aruco/share/ired_aruco/cmake/ired_arucoConfig-version.cmake
[0.648s] -- Up-to-date symlink: /home/pi/robot_ws/install/ired_aruco/share/ired_aruco/package.xml
[0.649s] Invoked command in '/home/pi/robot_ws/build/ired_aruco' returned '0': CMAKE_PREFIX_PATH=${CMAKE_PREFIX_PATH}:/home/pi/robot_ws/install/ros2_aruco:/home/pi/robot_ws/install/ired_teleop:/home/pi/robot_ws/install/ired_movetogoal:/opt/ros/jazzy DEBUGINFOD_URLS=https://debuginfod.ubuntu.com /usr/bin/cmake --install /home/pi/robot_ws/build/ired_aruco
