[1.276s] Invoking command in '/home/pi/robot_ws/build/motion_control': DEBUGINFOD_URLS=https://debuginfod.ubuntu.com PYTHONPATH=/home/pi/robot_ws/build/motion_control/prefix_override:/usr/lib/python3/dist-packages/colcon_core/task/python/colcon_distutils_commands:/home/pi/robot_ws/install/motion_control/lib/python3.12/site-packages:${PYTHONPATH} /usr/bin/python3 -W ignore:setup.py install is deprecated -W ignore:easy_install command is deprecated setup.py develop --editable --build-directory /home/pi/robot_ws/build/motion_control/build --no-deps symlink_data
[1.575s] running develop
[1.968s] running egg_info
[1.969s] creating motion_control.egg-info
[2.031s] writing motion_control.egg-info/PKG-INFO
[2.031s] writing dependency_links to motion_control.egg-info/dependency_links.txt
[2.032s] writing entry points to motion_control.egg-info/entry_points.txt
[2.032s] writing requirements to motion_control.egg-info/requires.txt
[2.036s] writing top-level names to motion_control.egg-info/top_level.txt
[2.036s] writing manifest file 'motion_control.egg-info/SOURCES.txt'
[2.146s] reading manifest file 'motion_control.egg-info/SOURCES.txt'
[2.151s] writing manifest file 'motion_control.egg-info/SOURCES.txt'
[2.225s] running build_ext
[2.225s] Creating /home/pi/robot_ws/install/motion_control/lib/python3.12/site-packages/motion-control.egg-link (link to .)
[2.225s] Installing omni_docking_controller script to /home/pi/robot_ws/install/motion_control/lib/motion_control
[2.225s] 
[2.225s] Installed /home/pi/robot_ws/build/motion_control
[2.225s] running symlink_data
[2.225s] creating /home/pi/robot_ws/install/motion_control/share
[2.225s] creating /home/pi/robot_ws/install/motion_control/share/ament_index
[2.226s] creating /home/pi/robot_ws/install/motion_control/share/ament_index/resource_index
[2.235s] creating /home/pi/robot_ws/install/motion_control/share/ament_index/resource_index/packages
[2.238s] symbolically linking /home/pi/robot_ws/build/motion_control/resource/motion_control -> /home/pi/robot_ws/install/motion_control/share/ament_index/resource_index/packages
[2.239s] creating /home/pi/robot_ws/install/motion_control/share/motion_control
[2.239s] symbolically linking /home/pi/robot_ws/build/motion_control/package.xml -> /home/pi/robot_ws/install/motion_control/share/motion_control
[2.428s] Invoked command in '/home/pi/robot_ws/build/motion_control' returned '0': DEBUGINFOD_URLS=https://debuginfod.ubuntu.com PYTHONPATH=/home/pi/robot_ws/build/motion_control/prefix_override:/usr/lib/python3/dist-packages/colcon_core/task/python/colcon_distutils_commands:/home/pi/robot_ws/install/motion_control/lib/python3.12/site-packages:${PYTHONPATH} /usr/bin/python3 -W ignore:setup.py install is deprecated -W ignore:easy_install command is deprecated setup.py develop --editable --build-directory /home/pi/robot_ws/build/motion_control/build --no-deps symlink_data
