[1.449s] Invoking command in '/home/pp/Tawan-pe-/src/station_pkg': DEBUGINFOD_URLS=https://debuginfod.ubuntu.com PYTHONPATH=/home/pp/Tawan-pe-/build/station_pkg/prefix_override:/usr/lib/python3/dist-packages/colcon_core/task/python/colcon_distutils_commands:/home/pp/Tawan-pe-/install/station_pkg/lib/python3.12/site-packages:${PYTHONPATH} /usr/bin/python3 -W ignore:setup.py install is deprecated -W ignore:easy_install command is deprecated setup.py egg_info --egg-base ../../build/station_pkg build --build-base /home/pp/Tawan-pe-/build/station_pkg/build install --record /home/pp/Tawan-pe-/build/station_pkg/install.log --single-version-externally-managed install_data
[1.862s] running egg_info
[1.893s] writing ../../build/station_pkg/station_pkg.egg-info/PKG-INFO
[1.893s] writing dependency_links to ../../build/station_pkg/station_pkg.egg-info/dependency_links.txt
[1.894s] writing entry points to ../../build/station_pkg/station_pkg.egg-info/entry_points.txt
[1.894s] writing requirements to ../../build/station_pkg/station_pkg.egg-info/requires.txt
[1.894s] writing top-level names to ../../build/station_pkg/station_pkg.egg-info/top_level.txt
[1.956s] reading manifest file '../../build/station_pkg/station_pkg.egg-info/SOURCES.txt'
[1.957s] writing manifest file '../../build/station_pkg/station_pkg.egg-info/SOURCES.txt'
[1.958s] running build
[1.958s] running build_py
[1.958s] running install
[1.967s] running install_lib
[2.001s] running install_data
[2.001s] running install_egg_info
[2.035s] removing '/home/pp/Tawan-pe-/install/station_pkg/lib/python3.12/site-packages/station_pkg-0.0.0-py3.12.egg-info' (and everything under it)
[2.035s] Copying ../../build/station_pkg/station_pkg.egg-info to /home/pp/Tawan-pe-/install/station_pkg/lib/python3.12/site-packages/station_pkg-0.0.0-py3.12.egg-info
[2.037s] running install_scripts
[2.242s] Installing station_detector script to /home/pp/Tawan-pe-/install/station_pkg/lib/station_pkg
[2.243s] writing list of installed files to '/home/pp/Tawan-pe-/build/station_pkg/install.log'
[2.280s] Invoked command in '/home/pp/Tawan-pe-/src/station_pkg' returned '0': DEBUGINFOD_URLS=https://debuginfod.ubuntu.com PYTHONPATH=/home/pp/Tawan-pe-/build/station_pkg/prefix_override:/usr/lib/python3/dist-packages/colcon_core/task/python/colcon_distutils_commands:/home/pp/Tawan-pe-/install/station_pkg/lib/python3.12/site-packages:${PYTHONPATH} /usr/bin/python3 -W ignore:setup.py install is deprecated -W ignore:easy_install command is deprecated setup.py egg_info --egg-base ../../build/station_pkg build --build-base /home/pp/Tawan-pe-/build/station_pkg/build install --record /home/pp/Tawan-pe-/build/station_pkg/install.log --single-version-externally-managed install_data
