[0.090s] DEBUG:colcon:Command line arguments: ['/usr/bin/colcon', 'build', '--symlink-install']
[0.090s] DEBUG:colcon:Parsed command line arguments: Namespace(log_base=None, log_level=None, verb_name='build', build_base='build', install_base='install', merge_install=False, symlink_install=True, test_result_base=None, continue_on_error=False, executor='parallel', parallel_workers=12, event_handlers=None, ignore_user_meta=False, metas=['./colcon.meta'], base_paths=['.'], packages_ignore=None, packages_ignore_regex=None, paths=None, packages_up_to=None, packages_up_to_regex=None, packages_above=None, packages_above_and_dependencies=None, packages_above_depth=None, packages_select_by_dep=None, packages_skip_by_dep=None, packages_skip_up_to=None, packages_select_build_failed=False, packages_skip_build_finished=False, packages_select_test_failures=False, packages_skip_test_passed=False, packages_select=None, packages_skip=None, packages_select_regex=None, packages_skip_regex=None, packages_start=None, packages_end=None, allow_overriding=[], cmake_args=None, cmake_target=None, cmake_target_skip_unavailable=False, cmake_clean_cache=False, cmake_clean_first=False, cmake_force_configure=False, ament_cmake_args=None, catkin_cmake_args=None, catkin_skip_building_tests=False, mixin_files=None, mixin=None, verb_parser=<colcon_mixin.mixin.mixin_argument.MixinArgumentDecorator object at 0x77e8a7938530>, verb_extension=<colcon_core.verb.build.BuildVerb object at 0x77e8a7ab4ce0>, main=<bound method BuildVerb.main of <colcon_core.verb.build.BuildVerb object at 0x77e8a7ab4ce0>>, mixin_verb=('build',))
[0.119s] Level 1:colcon.colcon_core.package_discovery:discover_packages(colcon_meta) check parameters
[0.120s] Level 1:colcon.colcon_core.package_discovery:discover_packages(recursive) check parameters
[0.120s] Level 1:colcon.colcon_core.package_discovery:discover_packages(ignore) check parameters
[0.120s] Level 1:colcon.colcon_core.package_discovery:discover_packages(path) check parameters
[0.120s] Level 1:colcon.colcon_core.package_discovery:discover_packages(colcon_meta) discover
[0.120s] Level 1:colcon.colcon_core.package_discovery:discover_packages(recursive) discover
[0.120s] INFO:colcon.colcon_core.package_discovery:Crawling recursively for packages in '/home/pp/Tawan-pe-/src/robot/motion_control'
[0.120s] Level 1:colcon.colcon_core.package_identification:_identify(.) by extensions ['ignore', 'ignore_ament_install']
[0.120s] Level 1:colcon.colcon_core.package_identification:_identify(.) by extension 'ignore'
[0.120s] Level 1:colcon.colcon_core.package_identification:_identify(.) by extension 'ignore_ament_install'
[0.120s] Level 1:colcon.colcon_core.package_identification:_identify(.) by extensions ['colcon_pkg']
[0.120s] Level 1:colcon.colcon_core.package_identification:_identify(.) by extension 'colcon_pkg'
[0.120s] Level 1:colcon.colcon_core.package_identification:_identify(.) by extensions ['colcon_meta']
[0.120s] Level 1:colcon.colcon_core.package_identification:_identify(.) by extension 'colcon_meta'
[0.120s] Level 1:colcon.colcon_core.package_identification:_identify(.) by extensions ['ros']
[0.120s] Level 1:colcon.colcon_core.package_identification:_identify(.) by extension 'ros'
[0.142s] DEBUG:colcon.colcon_core.package_identification:Package '.' with type 'ros.ament_python' and name 'motion_control'
[0.142s] Level 1:colcon.colcon_core.package_discovery:discover_packages(recursive) using defaults
[0.142s] Level 1:colcon.colcon_core.package_discovery:discover_packages(ignore) discover
[0.142s] Level 1:colcon.colcon_core.package_discovery:discover_packages(ignore) using defaults
[0.142s] Level 1:colcon.colcon_core.package_discovery:discover_packages(path) discover
[0.142s] Level 1:colcon.colcon_core.package_discovery:discover_packages(path) using defaults
[0.156s] Level 1:colcon.colcon_core.package_discovery:discover_packages(prefix_path) check parameters
[0.156s] Level 1:colcon.colcon_core.package_discovery:discover_packages(prefix_path) discover
[0.158s] DEBUG:colcon.colcon_installed_package_information.package_discovery:Found 15 installed packages in /home/pp/Tawan-pe-/install
[0.160s] DEBUG:colcon.colcon_installed_package_information.package_discovery:Found 303 installed packages in /opt/ros/jazzy
[0.161s] Level 1:colcon.colcon_core.package_discovery:discover_packages(prefix_path) using defaults
[0.197s] Level 5:colcon.colcon_core.verb:set package 'motion_control' build argument 'cmake_args' from command line to 'None'
[0.197s] Level 5:colcon.colcon_core.verb:set package 'motion_control' build argument 'cmake_target' from command line to 'None'
[0.197s] Level 5:colcon.colcon_core.verb:set package 'motion_control' build argument 'cmake_target_skip_unavailable' from command line to 'False'
[0.197s] Level 5:colcon.colcon_core.verb:set package 'motion_control' build argument 'cmake_clean_cache' from command line to 'False'
[0.197s] Level 5:colcon.colcon_core.verb:set package 'motion_control' build argument 'cmake_clean_first' from command line to 'False'
[0.197s] Level 5:colcon.colcon_core.verb:set package 'motion_control' build argument 'cmake_force_configure' from command line to 'False'
[0.197s] Level 5:colcon.colcon_core.verb:set package 'motion_control' build argument 'ament_cmake_args' from command line to 'None'
[0.197s] Level 5:colcon.colcon_core.verb:set package 'motion_control' build argument 'catkin_cmake_args' from command line to 'None'
[0.198s] Level 5:colcon.colcon_core.verb:set package 'motion_control' build argument 'catkin_skip_building_tests' from command line to 'False'
[0.198s] DEBUG:colcon.colcon_core.verb:Building package 'motion_control' with the following arguments: {'ament_cmake_args': None, 'build_base': '/home/pp/Tawan-pe-/src/robot/motion_control/build/motion_control', 'catkin_cmake_args': None, 'catkin_skip_building_tests': False, 'cmake_args': None, 'cmake_clean_cache': False, 'cmake_clean_first': False, 'cmake_force_configure': False, 'cmake_target': None, 'cmake_target_skip_unavailable': False, 'install_base': '/home/pp/Tawan-pe-/src/robot/motion_control/install/motion_control', 'merge_install': False, 'path': '/home/pp/Tawan-pe-/src/robot/motion_control', 'symlink_install': True, 'test_result_base': None}
[0.198s] INFO:colcon.colcon_core.executor:Executing jobs using 'parallel' executor
[0.198s] DEBUG:colcon.colcon_parallel_executor.executor.parallel:run_until_complete
[0.198s] INFO:colcon.colcon_ros.task.ament_python.build:Building ROS package in '/home/pp/Tawan-pe-/src/robot/motion_control' with build type 'ament_python'
[0.199s] Level 1:colcon.colcon_core.shell:create_environment_hook('motion_control', 'ament_prefix_path')
[0.200s] INFO:colcon.colcon_core.plugin_system:Skipping extension 'colcon_core.shell.bat': Not used on non-Windows systems
[0.200s] INFO:colcon.colcon_core.shell:Creating environment hook '/home/pp/Tawan-pe-/src/robot/motion_control/install/motion_control/share/motion_control/hook/ament_prefix_path.ps1'
[0.201s] INFO:colcon.colcon_core.shell:Creating environment descriptor '/home/pp/Tawan-pe-/src/robot/motion_control/install/motion_control/share/motion_control/hook/ament_prefix_path.dsv'
[0.201s] INFO:colcon.colcon_core.shell:Creating environment hook '/home/pp/Tawan-pe-/src/robot/motion_control/install/motion_control/share/motion_control/hook/ament_prefix_path.sh'
[0.202s] INFO:colcon.colcon_core.shell:Skip shell extension 'powershell' for command environment: Not usable outside of PowerShell
[0.202s] DEBUG:colcon.colcon_core.shell:Skip shell extension 'dsv' for command environment
[0.380s] INFO:colcon.colcon_core.task.python.build:Building Python package in '/home/pp/Tawan-pe-/src/robot/motion_control'
[0.381s] INFO:colcon.colcon_core.shell:Skip shell extension 'powershell' for command environment: Not usable outside of PowerShell
[0.381s] DEBUG:colcon.colcon_core.shell:Skip shell extension 'dsv' for command environment
[0.849s] DEBUG:colcon.colcon_core.event_handler.log_command:Invoking command in '/home/pp/Tawan-pe-/src/robot/motion_control/build/motion_control': DEBUGINFOD_URLS=https://debuginfod.ubuntu.com PYTHONPATH=/home/pp/Tawan-pe-/src/robot/motion_control/build/motion_control/prefix_override:/usr/lib/python3/dist-packages/colcon_core/task/python/colcon_distutils_commands:/home/pp/Tawan-pe-/src/robot/motion_control/install/motion_control/lib/python3.12/site-packages:${PYTHONPATH} /usr/bin/python3 -W ignore:setup.py install is deprecated -W ignore:easy_install command is deprecated setup.py develop --editable --build-directory /home/pp/Tawan-pe-/src/robot/motion_control/build/motion_control/build --no-deps symlink_data
[1.370s] Level 1:colcon.colcon_core.shell:create_environment_hook('motion_control', 'pythonpath_develop')
[1.370s] INFO:colcon.colcon_core.shell:Creating environment hook '/home/pp/Tawan-pe-/src/robot/motion_control/build/motion_control/share/motion_control/hook/pythonpath_develop.ps1'
[1.370s] DEBUG:colcon.colcon_core.event_handler.log_command:Invoked command in '/home/pp/Tawan-pe-/src/robot/motion_control/build/motion_control' returned '0': DEBUGINFOD_URLS=https://debuginfod.ubuntu.com PYTHONPATH=/home/pp/Tawan-pe-/src/robot/motion_control/build/motion_control/prefix_override:/usr/lib/python3/dist-packages/colcon_core/task/python/colcon_distutils_commands:/home/pp/Tawan-pe-/src/robot/motion_control/install/motion_control/lib/python3.12/site-packages:${PYTHONPATH} /usr/bin/python3 -W ignore:setup.py install is deprecated -W ignore:easy_install command is deprecated setup.py develop --editable --build-directory /home/pp/Tawan-pe-/src/robot/motion_control/build/motion_control/build --no-deps symlink_data
[1.371s] INFO:colcon.colcon_core.shell:Creating environment descriptor '/home/pp/Tawan-pe-/src/robot/motion_control/build/motion_control/share/motion_control/hook/pythonpath_develop.dsv'
[1.371s] INFO:colcon.colcon_core.shell:Creating environment hook '/home/pp/Tawan-pe-/src/robot/motion_control/build/motion_control/share/motion_control/hook/pythonpath_develop.sh'
[1.373s] Level 1:colcon.colcon_core.environment:checking '/home/pp/Tawan-pe-/src/robot/motion_control/install/motion_control' for CMake module files
[1.373s] Level 1:colcon.colcon_core.environment:checking '/home/pp/Tawan-pe-/src/robot/motion_control/install/motion_control' for CMake config files
[1.373s] Level 1:colcon.colcon_core.environment:checking '/home/pp/Tawan-pe-/src/robot/motion_control/install/motion_control/lib'
[1.374s] Level 1:colcon.colcon_core.environment:checking '/home/pp/Tawan-pe-/src/robot/motion_control/install/motion_control/bin'
[1.374s] Level 1:colcon.colcon_core.environment:checking '/home/pp/Tawan-pe-/src/robot/motion_control/install/motion_control/lib/pkgconfig/motion_control.pc'
[1.374s] Level 1:colcon.colcon_core.environment:checking '/home/pp/Tawan-pe-/src/robot/motion_control/install/motion_control/lib/python3.12/site-packages'
[1.374s] Level 1:colcon.colcon_core.shell:create_environment_hook('motion_control', 'pythonpath')
[1.374s] INFO:colcon.colcon_core.shell:Creating environment hook '/home/pp/Tawan-pe-/src/robot/motion_control/install/motion_control/share/motion_control/hook/pythonpath.ps1'
[1.374s] INFO:colcon.colcon_core.shell:Creating environment descriptor '/home/pp/Tawan-pe-/src/robot/motion_control/install/motion_control/share/motion_control/hook/pythonpath.dsv'
[1.374s] INFO:colcon.colcon_core.shell:Creating environment hook '/home/pp/Tawan-pe-/src/robot/motion_control/install/motion_control/share/motion_control/hook/pythonpath.sh'
[1.375s] Level 1:colcon.colcon_core.environment:checking '/home/pp/Tawan-pe-/src/robot/motion_control/install/motion_control/bin'
[1.375s] Level 1:colcon.colcon_core.environment:create_environment_scripts_only(motion_control)
[1.375s] INFO:colcon.colcon_core.shell:Creating package script '/home/pp/Tawan-pe-/src/robot/motion_control/install/motion_control/share/motion_control/package.ps1'
[1.375s] INFO:colcon.colcon_core.shell:Creating package descriptor '/home/pp/Tawan-pe-/src/robot/motion_control/install/motion_control/share/motion_control/package.dsv'
[1.376s] INFO:colcon.colcon_core.shell:Creating package script '/home/pp/Tawan-pe-/src/robot/motion_control/install/motion_control/share/motion_control/package.sh'
[1.376s] INFO:colcon.colcon_core.shell:Creating package script '/home/pp/Tawan-pe-/src/robot/motion_control/install/motion_control/share/motion_control/package.bash'
[1.377s] INFO:colcon.colcon_core.shell:Creating package script '/home/pp/Tawan-pe-/src/robot/motion_control/install/motion_control/share/motion_control/package.zsh'
[1.377s] Level 1:colcon.colcon_core.environment:create_file_with_runtime_dependencies(/home/pp/Tawan-pe-/src/robot/motion_control/install/motion_control/share/colcon-core/packages/motion_control)
[1.377s] DEBUG:colcon.colcon_parallel_executor.executor.parallel:closing loop
[1.378s] DEBUG:colcon.colcon_parallel_executor.executor.parallel:loop closed
[1.378s] DEBUG:colcon.colcon_parallel_executor.executor.parallel:run_until_complete finished with '0'
[1.378s] DEBUG:colcon.colcon_core.event_reactor:joining thread
[1.382s] INFO:colcon.colcon_core.plugin_system:Skipping extension 'colcon_notification.desktop_notification.terminal_notifier': Not used on non-Darwin systems
[1.382s] INFO:colcon.colcon_core.plugin_system:Skipping extension 'colcon_notification.desktop_notification.win32': Not used on non-Windows systems
[1.382s] INFO:colcon.colcon_notification.desktop_notification:Sending desktop notification using 'notify2'
[1.389s] DEBUG:colcon.colcon_core.event_reactor:joined thread
[1.390s] INFO:colcon.colcon_core.shell:Creating prefix script '/home/pp/Tawan-pe-/src/robot/motion_control/install/local_setup.ps1'
[1.390s] INFO:colcon.colcon_core.shell:Creating prefix util module '/home/pp/Tawan-pe-/src/robot/motion_control/install/_local_setup_util_ps1.py'
[1.391s] INFO:colcon.colcon_core.shell:Creating prefix chain script '/home/pp/Tawan-pe-/src/robot/motion_control/install/setup.ps1'
[1.392s] INFO:colcon.colcon_core.shell:Creating prefix script '/home/pp/Tawan-pe-/src/robot/motion_control/install/local_setup.sh'
[1.392s] INFO:colcon.colcon_core.shell:Creating prefix util module '/home/pp/Tawan-pe-/src/robot/motion_control/install/_local_setup_util_sh.py'
[1.393s] INFO:colcon.colcon_core.shell:Creating prefix chain script '/home/pp/Tawan-pe-/src/robot/motion_control/install/setup.sh'
[1.393s] INFO:colcon.colcon_core.shell:Creating prefix script '/home/pp/Tawan-pe-/src/robot/motion_control/install/local_setup.bash'
[1.394s] INFO:colcon.colcon_core.shell:Creating prefix chain script '/home/pp/Tawan-pe-/src/robot/motion_control/install/setup.bash'
[1.395s] INFO:colcon.colcon_core.shell:Creating prefix script '/home/pp/Tawan-pe-/src/robot/motion_control/install/local_setup.zsh'
[1.396s] INFO:colcon.colcon_core.shell:Creating prefix chain script '/home/pp/Tawan-pe-/src/robot/motion_control/install/setup.zsh'
