[1.070s] Invoking command in '/home/pi/robot_ws/build/ired_teleop': DEBUGINFOD_URLS=https://debuginfod.ubuntu.com PYTHONPATH=/home/pi/robot_ws/build/ired_teleop/prefix_override:/usr/lib/python3/dist-packages/colcon_core/task/python/colcon_distutils_commands:/home/pi/robot_ws/install/ired_teleop/lib/python3.12/site-packages:${PYTHONPATH} /usr/bin/python3 -W ignore:setup.py install is deprecated -W ignore:easy_install command is deprecated setup.py develop --uninstall --editable --build-directory /home/pi/robot_ws/build/ired_teleop/build
[1.292s] running develop
[1.420s] Removing /home/pi/robot_ws/install/ired_teleop/lib/python3.12/site-packages/ired-teleop.egg-link (link to .)
[1.468s] Invoked command in '/home/pi/robot_ws/build/ired_teleop' returned '0': DEBUGINFOD_URLS=https://debuginfod.ubuntu.com PYTHONPATH=/home/pi/robot_ws/build/ired_teleop/prefix_override:/usr/lib/python3/dist-packages/colcon_core/task/python/colcon_distutils_commands:/home/pi/robot_ws/install/ired_teleop/lib/python3.12/site-packages:${PYTHONPATH} /usr/bin/python3 -W ignore:setup.py install is deprecated -W ignore:easy_install command is deprecated setup.py develop --uninstall --editable --build-directory /home/pi/robot_ws/build/ired_teleop/build
[1.470s] Invoking command in '/home/pi/robot_ws/src/robot/ired_teleop': DEBUGINFOD_URLS=https://debuginfod.ubuntu.com PYTHONPATH=/home/pi/robot_ws/build/ired_teleop/prefix_override:/usr/lib/python3/dist-packages/colcon_core/task/python/colcon_distutils_commands:/home/pi/robot_ws/install/ired_teleop/lib/python3.12/site-packages:${PYTHONPATH} /usr/bin/python3 -W ignore:setup.py install is deprecated -W ignore:easy_install command is deprecated setup.py egg_info --egg-base ../../../build/ired_teleop build --build-base /home/pi/robot_ws/build/ired_teleop/build install --record /home/pi/robot_ws/build/ired_teleop/install.log --single-version-externally-managed install_data --force
[1.652s] running egg_info
[1.665s] writing ../../../build/ired_teleop/ired_teleop.egg-info/PKG-INFO
[1.665s] writing dependency_links to ../../../build/ired_teleop/ired_teleop.egg-info/dependency_links.txt
[1.665s] writing entry points to ../../../build/ired_teleop/ired_teleop.egg-info/entry_points.txt
[1.665s] writing requirements to ../../../build/ired_teleop/ired_teleop.egg-info/requires.txt
[1.665s] writing top-level names to ../../../build/ired_teleop/ired_teleop.egg-info/top_level.txt
[1.691s] reading manifest file '../../../build/ired_teleop/ired_teleop.egg-info/SOURCES.txt'
[1.692s] writing manifest file '../../../build/ired_teleop/ired_teleop.egg-info/SOURCES.txt'
[1.692s] running build
[1.692s] running build_py
[1.692s] running install
[1.697s] running install_lib
[1.717s] creating /home/pi/robot_ws/install/ired_teleop/lib/python3.12/site-packages/ired_teleop
[1.717s] copying /home/pi/robot_ws/build/ired_teleop/build/lib/ired_teleop/__init__.py -> /home/pi/robot_ws/install/ired_teleop/lib/python3.12/site-packages/ired_teleop
[1.717s] creating /home/pi/robot_ws/install/ired_teleop/lib/python3.12/site-packages/ired_teleop/script
[1.717s] copying /home/pi/robot_ws/build/ired_teleop/build/lib/ired_teleop/script/teleop_keyboard.py -> /home/pi/robot_ws/install/ired_teleop/lib/python3.12/site-packages/ired_teleop/script
[1.718s] copying /home/pi/robot_ws/build/ired_teleop/build/lib/ired_teleop/script/__init__.py -> /home/pi/robot_ws/install/ired_teleop/lib/python3.12/site-packages/ired_teleop/script
[1.718s] byte-compiling /home/pi/robot_ws/install/ired_teleop/lib/python3.12/site-packages/ired_teleop/__init__.py to __init__.cpython-312.pyc
[1.718s] byte-compiling /home/pi/robot_ws/install/ired_teleop/lib/python3.12/site-packages/ired_teleop/script/teleop_keyboard.py to teleop_keyboard.cpython-312.pyc
[1.720s] byte-compiling /home/pi/robot_ws/install/ired_teleop/lib/python3.12/site-packages/ired_teleop/script/__init__.py to __init__.cpython-312.pyc
[1.720s] running install_data
[1.720s] copying resource/ired_teleop -> /home/pi/robot_ws/install/ired_teleop/share/ament_index/resource_index/packages
[1.720s] copying package.xml -> /home/pi/robot_ws/install/ired_teleop/share/ired_teleop
[1.720s] running install_egg_info
[1.735s] Copying ../../../build/ired_teleop/ired_teleop.egg-info to /home/pi/robot_ws/install/ired_teleop/lib/python3.12/site-packages/ired_teleop-2.0.1-py3.12.egg-info
[1.736s] running install_scripts
[1.824s] Installing teleop_keyboard script to /home/pi/robot_ws/install/ired_teleop/lib/ired_teleop
[1.824s] writing list of installed files to '/home/pi/robot_ws/build/ired_teleop/install.log'
[1.856s] Invoked command in '/home/pi/robot_ws/src/robot/ired_teleop' returned '0': DEBUGINFOD_URLS=https://debuginfod.ubuntu.com PYTHONPATH=/home/pi/robot_ws/build/ired_teleop/prefix_override:/usr/lib/python3/dist-packages/colcon_core/task/python/colcon_distutils_commands:/home/pi/robot_ws/install/ired_teleop/lib/python3.12/site-packages:${PYTHONPATH} /usr/bin/python3 -W ignore:setup.py install is deprecated -W ignore:easy_install command is deprecated setup.py egg_info --egg-base ../../../build/ired_teleop build --build-base /home/pi/robot_ws/build/ired_teleop/build install --record /home/pi/robot_ws/build/ired_teleop/install.log --single-version-externally-managed install_data --force
