[1.340s] Invoking command in '/home/pp/Tawan-pe-/src/station_manager': CMAKE_PREFIX_PATH=/home/pp/Tawan-pe-/install/ros2_aruco_interfaces:/home/pp/Tawan-pe-/install/rplidar_ros:/home/pp/Tawan-pe-/install/ros2_laser_scan_matcher:/home/pp/Tawan-pe-/install/lidar_bringup:/home/pp/Tawan-pe-/install/ired_rviz:/home/pp/Tawan-pe-/install/ired_navigation:/home/pp/Tawan-pe-/install/ired_bringup:/home/pp/Tawan-pe-/install/ired_msgs:/home/pp/Tawan-pe-/install/ired_aruco:/home/pp/Tawan-pe-/install/csm:/opt/ros/jazzy/opt/gz_math_vendor:/opt/ros/jazzy/opt/gz_utils_vendor:/opt/ros/jazzy/opt/gz_cmake_vendor DEBUGINFOD_URLS=https://debuginfod.ubuntu.com PYTHONPATH=/home/pp/Tawan-pe-/build/station_manager/prefix_override:/usr/lib/python3/dist-packages/colcon_core/task/python/colcon_distutils_commands:/home/pp/Tawan-pe-/install/station_manager/lib/python3.12/site-packages:/home/pp/Tawan-pe-/install/ros2_aruco_interfaces/lib/python3.12/site-packages:/home/pp/Tawan-pe-/install/station_pkg/lib/python3.12/site-packages:/home/pp/Tawan-pe-/install/ros2_aruco/lib/python3.12/site-packages:/home/pp/Tawan-pe-/install/motion_control/lib/python3.12/site-packages:/home/pp/Tawan-pe-/install/ired_teleop/lib/python3.12/site-packages:/home/pp/Tawan-pe-/install/ired_msgs/lib/python3.12/site-packages:/home/pp/Tawan-pe-/install/ired_movetogoal/lib/python3.12/site-packages:/opt/ros/jazzy/lib/python3.12/site-packages /usr/bin/python3 -W ignore:setup.py install is deprecated -W ignore:easy_install command is deprecated setup.py egg_info --egg-base ../../build/station_manager build --build-base /home/pp/Tawan-pe-/build/station_manager/build install --record /home/pp/Tawan-pe-/build/station_manager/install.log --single-version-externally-managed install_data
[1.546s] running egg_info
[1.546s] creating ../../build/station_manager/station_manager.egg-info
[1.561s] writing ../../build/station_manager/station_manager.egg-info/PKG-INFO
[1.561s] writing dependency_links to ../../build/station_manager/station_manager.egg-info/dependency_links.txt
[1.561s] writing entry points to ../../build/station_manager/station_manager.egg-info/entry_points.txt
[1.561s] writing requirements to ../../build/station_manager/station_manager.egg-info/requires.txt
[1.562s] writing top-level names to ../../build/station_manager/station_manager.egg-info/top_level.txt
[1.562s] writing manifest file '../../build/station_manager/station_manager.egg-info/SOURCES.txt'
[1.591s] reading manifest file '../../build/station_manager/station_manager.egg-info/SOURCES.txt'
[1.591s] writing manifest file '../../build/station_manager/station_manager.egg-info/SOURCES.txt'
[1.592s] running build
[1.592s] running build_py
[1.592s] creating /home/pp/Tawan-pe-/build/station_manager/build
[1.592s] creating /home/pp/Tawan-pe-/build/station_manager/build/lib
[1.592s] creating /home/pp/Tawan-pe-/build/station_manager/build/lib/station_manager
[1.592s] copying station_manager/__init__.py -> /home/pp/Tawan-pe-/build/station_manager/build/lib/station_manager
[1.593s] copying station_manager/identifier_node.py -> /home/pp/Tawan-pe-/build/station_manager/build/lib/station_manager
[1.593s] running install
[1.597s] running install_lib
[1.612s] creating /home/pp/Tawan-pe-/install/station_manager/lib/python3.12/site-packages/station_manager
[1.612s] copying /home/pp/Tawan-pe-/build/station_manager/build/lib/station_manager/__init__.py -> /home/pp/Tawan-pe-/install/station_manager/lib/python3.12/site-packages/station_manager
[1.612s] copying /home/pp/Tawan-pe-/build/station_manager/build/lib/station_manager/identifier_node.py -> /home/pp/Tawan-pe-/install/station_manager/lib/python3.12/site-packages/station_manager
[1.612s] byte-compiling /home/pp/Tawan-pe-/install/station_manager/lib/python3.12/site-packages/station_manager/__init__.py to __init__.cpython-312.pyc
[1.612s] byte-compiling /home/pp/Tawan-pe-/install/station_manager/lib/python3.12/site-packages/station_manager/identifier_node.py to identifier_node.cpython-312.pyc
[1.612s] running install_data
[1.613s] creating /home/pp/Tawan-pe-/install/station_manager/share/ament_index
[1.613s] creating /home/pp/Tawan-pe-/install/station_manager/share/ament_index/resource_index
[1.613s] creating /home/pp/Tawan-pe-/install/station_manager/share/ament_index/resource_index/packages
[1.613s] copying resource/station_manager -> /home/pp/Tawan-pe-/install/station_manager/share/ament_index/resource_index/packages
[1.613s] copying package.xml -> /home/pp/Tawan-pe-/install/station_manager/share/station_manager
[1.613s] running install_egg_info
[1.629s] Copying ../../build/station_manager/station_manager.egg-info to /home/pp/Tawan-pe-/install/station_manager/lib/python3.12/site-packages/station_manager-0.0.0-py3.12.egg-info
[1.629s] running install_scripts
[1.731s] Installing identifier script to /home/pp/Tawan-pe-/install/station_manager/lib/station_manager
[1.731s] writing list of installed files to '/home/pp/Tawan-pe-/build/station_manager/install.log'
[1.759s] Invoked command in '/home/pp/Tawan-pe-/src/station_manager' returned '0': CMAKE_PREFIX_PATH=/home/pp/Tawan-pe-/install/ros2_aruco_interfaces:/home/pp/Tawan-pe-/install/rplidar_ros:/home/pp/Tawan-pe-/install/ros2_laser_scan_matcher:/home/pp/Tawan-pe-/install/lidar_bringup:/home/pp/Tawan-pe-/install/ired_rviz:/home/pp/Tawan-pe-/install/ired_navigation:/home/pp/Tawan-pe-/install/ired_bringup:/home/pp/Tawan-pe-/install/ired_msgs:/home/pp/Tawan-pe-/install/ired_aruco:/home/pp/Tawan-pe-/install/csm:/opt/ros/jazzy/opt/gz_math_vendor:/opt/ros/jazzy/opt/gz_utils_vendor:/opt/ros/jazzy/opt/gz_cmake_vendor DEBUGINFOD_URLS=https://debuginfod.ubuntu.com PYTHONPATH=/home/pp/Tawan-pe-/build/station_manager/prefix_override:/usr/lib/python3/dist-packages/colcon_core/task/python/colcon_distutils_commands:/home/pp/Tawan-pe-/install/station_manager/lib/python3.12/site-packages:/home/pp/Tawan-pe-/install/ros2_aruco_interfaces/lib/python3.12/site-packages:/home/pp/Tawan-pe-/install/station_pkg/lib/python3.12/site-packages:/home/pp/Tawan-pe-/install/ros2_aruco/lib/python3.12/site-packages:/home/pp/Tawan-pe-/install/motion_control/lib/python3.12/site-packages:/home/pp/Tawan-pe-/install/ired_teleop/lib/python3.12/site-packages:/home/pp/Tawan-pe-/install/ired_msgs/lib/python3.12/site-packages:/home/pp/Tawan-pe-/install/ired_movetogoal/lib/python3.12/site-packages:/opt/ros/jazzy/lib/python3.12/site-packages /usr/bin/python3 -W ignore:setup.py install is deprecated -W ignore:easy_install command is deprecated setup.py egg_info --egg-base ../../build/station_manager build --build-base /home/pp/Tawan-pe-/build/station_manager/build install --record /home/pp/Tawan-pe-/build/station_manager/install.log --single-version-externally-managed install_data
