[1.611s] Invoking command in '/home/pp/Tawan-pe-/src/robot/motion_control': DEBUGINFOD_URLS=https://debuginfod.ubuntu.com PYTHONPATH=/home/pp/Tawan-pe-/build/motion_control/prefix_override:/usr/lib/python3/dist-packages/colcon_core/task/python/colcon_distutils_commands:/home/pp/Tawan-pe-/install/motion_control/lib/python3.12/site-packages:${PYTHONPATH} /usr/bin/python3 -W ignore:setup.py install is deprecated -W ignore:easy_install command is deprecated setup.py egg_info --egg-base ../../../build/motion_control build --build-base /home/pp/Tawan-pe-/build/motion_control/build install --record /home/pp/Tawan-pe-/build/motion_control/install.log --single-version-externally-managed install_data
[1.817s] running egg_info
[1.833s] writing ../../../build/motion_control/motion_control.egg-info/PKG-INFO
[1.833s] writing dependency_links to ../../../build/motion_control/motion_control.egg-info/dependency_links.txt
[1.833s] writing entry points to ../../../build/motion_control/motion_control.egg-info/entry_points.txt
[1.834s] writing requirements to ../../../build/motion_control/motion_control.egg-info/requires.txt
[1.834s] writing top-level names to ../../../build/motion_control/motion_control.egg-info/top_level.txt
[1.866s] reading manifest file '../../../build/motion_control/motion_control.egg-info/SOURCES.txt'
[1.867s] writing manifest file '../../../build/motion_control/motion_control.egg-info/SOURCES.txt'
[1.867s] running build
[1.867s] running build_py
[1.867s] copying motion_control/omni_docking_controller.py -> /home/pp/Tawan-pe-/build/motion_control/build/lib/motion_control
[1.868s] running install
[1.873s] running install_lib
[1.890s] copying /home/pp/Tawan-pe-/build/motion_control/build/lib/motion_control/omni_docking_controller.py -> /home/pp/Tawan-pe-/install/motion_control/lib/python3.12/site-packages/motion_control
[1.890s] byte-compiling /home/pp/Tawan-pe-/install/motion_control/lib/python3.12/site-packages/motion_control/omni_docking_controller.py to omni_docking_controller.cpython-312.pyc
[1.892s] running install_data
[1.892s] running install_egg_info
[1.909s] removing '/home/pp/Tawan-pe-/install/motion_control/lib/python3.12/site-packages/motion_control-0.0.0-py3.12.egg-info' (and everything under it)
[1.909s] Copying ../../../build/motion_control/motion_control.egg-info to /home/pp/Tawan-pe-/install/motion_control/lib/python3.12/site-packages/motion_control-0.0.0-py3.12.egg-info
[1.910s] running install_scripts
[2.022s] Installing omni_docking_controller script to /home/pp/Tawan-pe-/install/motion_control/lib/motion_control
[2.023s] writing list of installed files to '/home/pp/Tawan-pe-/build/motion_control/install.log'
[2.066s] Invoked command in '/home/pp/Tawan-pe-/src/robot/motion_control' returned '0': DEBUGINFOD_URLS=https://debuginfod.ubuntu.com PYTHONPATH=/home/pp/Tawan-pe-/build/motion_control/prefix_override:/usr/lib/python3/dist-packages/colcon_core/task/python/colcon_distutils_commands:/home/pp/Tawan-pe-/install/motion_control/lib/python3.12/site-packages:${PYTHONPATH} /usr/bin/python3 -W ignore:setup.py install is deprecated -W ignore:easy_install command is deprecated setup.py egg_info --egg-base ../../../build/motion_control build --build-base /home/pp/Tawan-pe-/build/motion_control/build install --record /home/pp/Tawan-pe-/build/motion_control/install.log --single-version-externally-managed install_data
