[0.082s] Invoking command in '/home/pp/Tawan-pe-/build/ired_msgs': CMAKE_PREFIX_PATH=${CMAKE_PREFIX_PATH}:/home/pp/Tawan-pe-/install/station_pkg:/home/pp/Tawan-pe-/install/ros2_aruco:/home/pp/Tawan-pe-/install/motion_control:/home/pp/Tawan-pe-/install/ired_teleop:/home/pp/Tawan-pe-/install/ired_movetogoal:/opt/ros/jazzy DEBUGINFOD_URLS=https://debuginfod.ubuntu.com /usr/bin/cmake --build /home/pp/Tawan-pe-/build/ired_msgs -- -j12 -l12
[1.880s] [  1%] Built target ired_msgs__rosidl_generator_type_description
[1.881s] [  1%] Built target ament_cmake_python_symlink_ired_msgs
[1.881s] [  2%] Built target ired_msgs__cpp
[1.881s] [ 25%] Built target ired_msgs__rosidl_generator_c
[1.882s] [ 35%] Built target ired_msgs__rosidl_typesupport_c
[1.882s] [ 45%] Built target ired_msgs__rosidl_typesupport_introspection_c
[1.882s] [ 54%] Built target ired_msgs__rosidl_typesupport_cpp
[1.882s] [ 63%] Built target ired_msgs__rosidl_typesupport_fastrtps_cpp
[1.882s] [ 72%] Built target ired_msgs__rosidl_typesupport_introspection_cpp
[1.882s] [ 82%] Built target ired_msgs__rosidl_typesupport_fastrtps_c
[1.882s] [ 82%] Built target ired_msgs
[1.882s] [ 83%] Built target ired_msgs__py
[1.882s] [ 91%] Built target ired_msgs__rosidl_generator_py
[1.883s] [100%] Built target ired_msgs_s__rosidl_typesupport_introspection_c
[1.883s] [100%] Built target ired_msgs_s__rosidl_typesupport_c
[1.883s] [100%] Built target ired_msgs_s__rosidl_typesupport_fastrtps_c
[1.883s] running egg_info
[1.883s] writing ired_msgs.egg-info/PKG-INFO
[1.883s] writing dependency_links to ired_msgs.egg-info/dependency_links.txt
[1.883s] writing top-level names to ired_msgs.egg-info/top_level.txt
[1.884s] reading manifest file 'ired_msgs.egg-info/SOURCES.txt'
[1.884s] writing manifest file 'ired_msgs.egg-info/SOURCES.txt'
[1.884s] [100%] Built target ament_cmake_python_build_ired_msgs_egg
[1.909s] Invoked command in '/home/pp/Tawan-pe-/build/ired_msgs' returned '0': CMAKE_PREFIX_PATH=${CMAKE_PREFIX_PATH}:/home/pp/Tawan-pe-/install/station_pkg:/home/pp/Tawan-pe-/install/ros2_aruco:/home/pp/Tawan-pe-/install/motion_control:/home/pp/Tawan-pe-/install/ired_teleop:/home/pp/Tawan-pe-/install/ired_movetogoal:/opt/ros/jazzy DEBUGINFOD_URLS=https://debuginfod.ubuntu.com /usr/bin/cmake --build /home/pp/Tawan-pe-/build/ired_msgs -- -j12 -l12
[1.911s] Invoking command in '/home/pp/Tawan-pe-/build/ired_msgs': CMAKE_PREFIX_PATH=${CMAKE_PREFIX_PATH}:/home/pp/Tawan-pe-/install/station_pkg:/home/pp/Tawan-pe-/install/ros2_aruco:/home/pp/Tawan-pe-/install/motion_control:/home/pp/Tawan-pe-/install/ired_teleop:/home/pp/Tawan-pe-/install/ired_movetogoal:/opt/ros/jazzy DEBUGINFOD_URLS=https://debuginfod.ubuntu.com /usr/bin/cmake --install /home/pp/Tawan-pe-/build/ired_msgs
[1.927s] -- Install configuration: ""
[1.929s] -- Execute custom install script
[1.930s] -- Up-to-date symlink: /home/pp/Tawan-pe-/install/ired_msgs/share/ament_index/resource_index/rosidl_interfaces/ired_msgs
[1.930s] -- Up-to-date symlink: /home/pp/Tawan-pe-/install/ired_msgs/share/ired_msgs/msg/IMUData.json
[1.931s] -- Up-to-date symlink: /home/pp/Tawan-pe-/install/ired_msgs/share/ired_msgs/msg/MotorControl.json
[1.931s] -- Up-to-date symlink: /home/pp/Tawan-pe-/install/ired_msgs/share/ired_msgs/msg/MotorData.json
[1.932s] -- Up-to-date symlink: /home/pp/Tawan-pe-/install/ired_msgs/share/ired_msgs/msg/MotorSpeed.json
[1.932s] -- Up-to-date symlink: /home/pp/Tawan-pe-/install/ired_msgs/share/ired_msgs/srv/PIDTuning.json
[1.939s] -- Up-to-date symlink: /home/pp/Tawan-pe-/install/ired_msgs/include/ired_msgs/ired_msgs/msg/detail/imu_data__functions.h
[1.950s] -- Up-to-date symlink: /home/pp/Tawan-pe-/install/ired_msgs/include/ired_msgs/ired_msgs/msg/detail/imu_data__struct.h
[1.950s] -- Up-to-date symlink: /home/pp/Tawan-pe-/install/ired_msgs/include/ired_msgs/ired_msgs/msg/detail/imu_data__type_support.h
[1.951s] -- Up-to-date symlink: /home/pp/Tawan-pe-/install/ired_msgs/include/ired_msgs/ired_msgs/msg/detail/motor_control__functions.h
[1.955s] -- Up-to-date symlink: /home/pp/Tawan-pe-/install/ired_msgs/include/ired_msgs/ired_msgs/msg/detail/motor_control__struct.h
[1.959s] -- Up-to-date symlink: /home/pp/Tawan-pe-/install/ired_msgs/include/ired_msgs/ired_msgs/msg/detail/motor_control__type_support.h
[1.960s] -- Up-to-date symlink: /home/pp/Tawan-pe-/install/ired_msgs/include/ired_msgs/ired_msgs/msg/detail/motor_data__functions.h
[1.960s] -- Up-to-date symlink: /home/pp/Tawan-pe-/install/ired_msgs/include/ired_msgs/ired_msgs/msg/detail/motor_data__struct.h
[1.960s] -- Up-to-date symlink: /home/pp/Tawan-pe-/install/ired_msgs/include/ired_msgs/ired_msgs/msg/detail/motor_data__type_support.h
[1.961s] -- Up-to-date symlink: /home/pp/Tawan-pe-/install/ired_msgs/include/ired_msgs/ired_msgs/msg/detail/motor_speed__functions.h
[1.961s] -- Up-to-date symlink: /home/pp/Tawan-pe-/install/ired_msgs/include/ired_msgs/ired_msgs/msg/detail/motor_speed__struct.h
[1.961s] -- Up-to-date symlink: /home/pp/Tawan-pe-/install/ired_msgs/include/ired_msgs/ired_msgs/msg/detail/motor_speed__type_support.h
[1.961s] -- Up-to-date symlink: /home/pp/Tawan-pe-/install/ired_msgs/include/ired_msgs/ired_msgs/msg/imu_data.h
[1.962s] -- Up-to-date symlink: /home/pp/Tawan-pe-/install/ired_msgs/include/ired_msgs/ired_msgs/msg/motor_control.h
[1.962s] -- Up-to-date symlink: /home/pp/Tawan-pe-/install/ired_msgs/include/ired_msgs/ired_msgs/msg/motor_data.h
[1.963s] -- Up-to-date symlink: /home/pp/Tawan-pe-/install/ired_msgs/include/ired_msgs/ired_msgs/msg/motor_speed.h
[1.963s] -- Up-to-date symlink: /home/pp/Tawan-pe-/install/ired_msgs/include/ired_msgs/ired_msgs/msg/rosidl_generator_c__visibility_control.h
[1.968s] -- Up-to-date symlink: /home/pp/Tawan-pe-/install/ired_msgs/include/ired_msgs/ired_msgs/srv/detail/pid_tuning__functions.h
[1.973s] -- Up-to-date symlink: /home/pp/Tawan-pe-/install/ired_msgs/include/ired_msgs/ired_msgs/srv/detail/pid_tuning__struct.h
[1.973s] -- Up-to-date symlink: /home/pp/Tawan-pe-/install/ired_msgs/include/ired_msgs/ired_msgs/srv/detail/pid_tuning__type_support.h
[1.973s] -- Up-to-date symlink: /home/pp/Tawan-pe-/install/ired_msgs/include/ired_msgs/ired_msgs/srv/pid_tuning.h
[1.973s] -- Up-to-date symlink: /home/pp/Tawan-pe-/install/ired_msgs/share/ired_msgs/environment/library_path.sh
[1.973s] -- Up-to-date symlink: /home/pp/Tawan-pe-/install/ired_msgs/share/ired_msgs/environment/library_path.dsv
[1.973s] -- Up-to-date symlink: /home/pp/Tawan-pe-/install/ired_msgs/include/ired_msgs/ired_msgs/msg/detail/imu_data__rosidl_typesupport_fastrtps_c.h
[1.974s] -- Up-to-date symlink: /home/pp/Tawan-pe-/install/ired_msgs/include/ired_msgs/ired_msgs/msg/detail/motor_control__rosidl_typesupport_fastrtps_c.h
[1.974s] -- Up-to-date symlink: /home/pp/Tawan-pe-/install/ired_msgs/include/ired_msgs/ired_msgs/msg/detail/motor_data__rosidl_typesupport_fastrtps_c.h
[1.974s] -- Up-to-date symlink: /home/pp/Tawan-pe-/install/ired_msgs/include/ired_msgs/ired_msgs/msg/detail/motor_speed__rosidl_typesupport_fastrtps_c.h
[1.974s] -- Up-to-date symlink: /home/pp/Tawan-pe-/install/ired_msgs/include/ired_msgs/ired_msgs/msg/rosidl_typesupport_fastrtps_c__visibility_control.h
[1.974s] -- Up-to-date symlink: /home/pp/Tawan-pe-/install/ired_msgs/include/ired_msgs/ired_msgs/srv/detail/pid_tuning__rosidl_typesupport_fastrtps_c.h
[1.975s] -- Up-to-date symlink: /home/pp/Tawan-pe-/install/ired_msgs/include/ired_msgs/ired_msgs/msg/detail/imu_data__builder.hpp
[1.975s] -- Up-to-date symlink: /home/pp/Tawan-pe-/install/ired_msgs/include/ired_msgs/ired_msgs/msg/detail/imu_data__struct.hpp
[1.975s] -- Up-to-date symlink: /home/pp/Tawan-pe-/install/ired_msgs/include/ired_msgs/ired_msgs/msg/detail/imu_data__traits.hpp
[1.980s] -- Up-to-date symlink: /home/pp/Tawan-pe-/install/ired_msgs/include/ired_msgs/ired_msgs/msg/detail/imu_data__type_support.hpp
[1.980s] -- Up-to-date symlink: /home/pp/Tawan-pe-/install/ired_msgs/include/ired_msgs/ired_msgs/msg/detail/motor_control__builder.hpp
[1.980s] -- Up-to-date symlink: /home/pp/Tawan-pe-/install/ired_msgs/include/ired_msgs/ired_msgs/msg/detail/motor_control__struct.hpp
[1.980s] -- Up-to-date symlink: /home/pp/Tawan-pe-/install/ired_msgs/include/ired_msgs/ired_msgs/msg/detail/motor_control__traits.hpp
[1.981s] -- Up-to-date symlink: /home/pp/Tawan-pe-/install/ired_msgs/include/ired_msgs/ired_msgs/msg/detail/motor_control__type_support.hpp
[1.981s] -- Up-to-date symlink: /home/pp/Tawan-pe-/install/ired_msgs/include/ired_msgs/ired_msgs/msg/detail/motor_data__builder.hpp
[1.981s] -- Up-to-date symlink: /home/pp/Tawan-pe-/install/ired_msgs/include/ired_msgs/ired_msgs/msg/detail/motor_data__struct.hpp
[1.981s] -- Up-to-date symlink: /home/pp/Tawan-pe-/install/ired_msgs/include/ired_msgs/ired_msgs/msg/detail/motor_data__traits.hpp
[1.981s] -- Up-to-date symlink: /home/pp/Tawan-pe-/install/ired_msgs/include/ired_msgs/ired_msgs/msg/detail/motor_data__type_support.hpp
[1.981s] -- Up-to-date symlink: /home/pp/Tawan-pe-/install/ired_msgs/include/ired_msgs/ired_msgs/msg/detail/motor_speed__builder.hpp
[1.981s] -- Up-to-date symlink: /home/pp/Tawan-pe-/install/ired_msgs/include/ired_msgs/ired_msgs/msg/detail/motor_speed__struct.hpp
[1.982s] -- Up-to-date symlink: /home/pp/Tawan-pe-/install/ired_msgs/include/ired_msgs/ired_msgs/msg/detail/motor_speed__traits.hpp
[1.982s] -- Up-to-date symlink: /home/pp/Tawan-pe-/install/ired_msgs/include/ired_msgs/ired_msgs/msg/detail/motor_speed__type_support.hpp
[1.982s] -- Up-to-date symlink: /home/pp/Tawan-pe-/install/ired_msgs/include/ired_msgs/ired_msgs/msg/imu_data.hpp
[1.982s] -- Up-to-date symlink: /home/pp/Tawan-pe-/install/ired_msgs/include/ired_msgs/ired_msgs/msg/motor_control.hpp
[1.983s] -- Up-to-date symlink: /home/pp/Tawan-pe-/install/ired_msgs/include/ired_msgs/ired_msgs/msg/motor_data.hpp
[1.986s] -- Up-to-date symlink: /home/pp/Tawan-pe-/install/ired_msgs/include/ired_msgs/ired_msgs/msg/motor_speed.hpp
[1.986s] -- Up-to-date symlink: /home/pp/Tawan-pe-/install/ired_msgs/include/ired_msgs/ired_msgs/msg/rosidl_generator_cpp__visibility_control.hpp
[1.987s] -- Up-to-date symlink: /home/pp/Tawan-pe-/install/ired_msgs/include/ired_msgs/ired_msgs/srv/detail/pid_tuning__builder.hpp
[1.988s] -- Up-to-date symlink: /home/pp/Tawan-pe-/install/ired_msgs/include/ired_msgs/ired_msgs/srv/detail/pid_tuning__struct.hpp
[1.988s] -- Up-to-date symlink: /home/pp/Tawan-pe-/install/ired_msgs/include/ired_msgs/ired_msgs/srv/detail/pid_tuning__traits.hpp
[1.989s] -- Up-to-date symlink: /home/pp/Tawan-pe-/install/ired_msgs/include/ired_msgs/ired_msgs/srv/detail/pid_tuning__type_support.hpp
[1.990s] -- Up-to-date symlink: /home/pp/Tawan-pe-/install/ired_msgs/include/ired_msgs/ired_msgs/srv/pid_tuning.hpp
[1.991s] -- Up-to-date symlink: /home/pp/Tawan-pe-/install/ired_msgs/include/ired_msgs/ired_msgs/msg/detail/imu_data__rosidl_typesupport_fastrtps_cpp.hpp
[1.991s] -- Up-to-date symlink: /home/pp/Tawan-pe-/install/ired_msgs/include/ired_msgs/ired_msgs/msg/detail/motor_control__rosidl_typesupport_fastrtps_cpp.hpp
[1.991s] -- Up-to-date symlink: /home/pp/Tawan-pe-/install/ired_msgs/include/ired_msgs/ired_msgs/msg/detail/motor_data__rosidl_typesupport_fastrtps_cpp.hpp
[1.991s] -- Up-to-date symlink: /home/pp/Tawan-pe-/install/ired_msgs/include/ired_msgs/ired_msgs/msg/detail/motor_speed__rosidl_typesupport_fastrtps_cpp.hpp
[1.991s] -- Up-to-date symlink: /home/pp/Tawan-pe-/install/ired_msgs/include/ired_msgs/ired_msgs/msg/rosidl_typesupport_fastrtps_cpp__visibility_control.h
[1.991s] -- Up-to-date symlink: /home/pp/Tawan-pe-/install/ired_msgs/include/ired_msgs/ired_msgs/srv/detail/pid_tuning__rosidl_typesupport_fastrtps_cpp.hpp
[1.992s] -- Up-to-date symlink: /home/pp/Tawan-pe-/install/ired_msgs/include/ired_msgs/ired_msgs/msg/detail/imu_data__rosidl_typesupport_introspection_c.h
[1.992s] -- Up-to-date symlink: /home/pp/Tawan-pe-/install/ired_msgs/include/ired_msgs/ired_msgs/msg/detail/motor_control__rosidl_typesupport_introspection_c.h
[1.992s] -- Up-to-date symlink: /home/pp/Tawan-pe-/install/ired_msgs/include/ired_msgs/ired_msgs/msg/detail/motor_data__rosidl_typesupport_introspection_c.h
[1.992s] -- Up-to-date symlink: /home/pp/Tawan-pe-/install/ired_msgs/include/ired_msgs/ired_msgs/msg/detail/motor_speed__rosidl_typesupport_introspection_c.h
[1.992s] -- Up-to-date symlink: /home/pp/Tawan-pe-/install/ired_msgs/include/ired_msgs/ired_msgs/msg/rosidl_typesupport_introspection_c__visibility_control.h
[1.993s] -- Up-to-date symlink: /home/pp/Tawan-pe-/install/ired_msgs/include/ired_msgs/ired_msgs/srv/detail/pid_tuning__rosidl_typesupport_introspection_c.h
[1.993s] -- Up-to-date symlink: /home/pp/Tawan-pe-/install/ired_msgs/include/ired_msgs/ired_msgs/msg/detail/imu_data__rosidl_typesupport_introspection_cpp.hpp
[1.993s] -- Up-to-date symlink: /home/pp/Tawan-pe-/install/ired_msgs/include/ired_msgs/ired_msgs/msg/detail/motor_control__rosidl_typesupport_introspection_cpp.hpp
[1.993s] -- Up-to-date symlink: /home/pp/Tawan-pe-/install/ired_msgs/include/ired_msgs/ired_msgs/msg/detail/motor_data__rosidl_typesupport_introspection_cpp.hpp
[1.994s] -- Up-to-date symlink: /home/pp/Tawan-pe-/install/ired_msgs/include/ired_msgs/ired_msgs/msg/detail/motor_speed__rosidl_typesupport_introspection_cpp.hpp
[1.994s] -- Up-to-date symlink: /home/pp/Tawan-pe-/install/ired_msgs/include/ired_msgs/ired_msgs/srv/detail/pid_tuning__rosidl_typesupport_introspection_cpp.hpp
[1.995s] -- Up-to-date symlink: /home/pp/Tawan-pe-/install/ired_msgs/share/ired_msgs/environment/pythonpath.sh
[1.996s] -- Up-to-date symlink: /home/pp/Tawan-pe-/install/ired_msgs/share/ired_msgs/environment/pythonpath.dsv
[1.996s] -- Up-to-date symlink: /home/pp/Tawan-pe-/install/ired_msgs/lib/python3.12/site-packages/ired_msgs-2.0.1-py3.12.egg-info/PKG-INFO
[1.996s] -- Up-to-date symlink: /home/pp/Tawan-pe-/install/ired_msgs/lib/python3.12/site-packages/ired_msgs-2.0.1-py3.12.egg-info/SOURCES.txt
[1.996s] -- Up-to-date symlink: /home/pp/Tawan-pe-/install/ired_msgs/lib/python3.12/site-packages/ired_msgs-2.0.1-py3.12.egg-info/dependency_links.txt
[1.996s] -- Up-to-date symlink: /home/pp/Tawan-pe-/install/ired_msgs/lib/python3.12/site-packages/ired_msgs-2.0.1-py3.12.egg-info/top_level.txt
[1.996s] -- Up-to-date symlink: /home/pp/Tawan-pe-/install/ired_msgs/lib/python3.12/site-packages/ired_msgs/__init__.py
[1.997s] -- Up-to-date symlink: /home/pp/Tawan-pe-/install/ired_msgs/lib/python3.12/site-packages/ired_msgs/_ired_msgs_s.ep.rosidl_typesupport_c.c
[1.997s] -- Up-to-date symlink: /home/pp/Tawan-pe-/install/ired_msgs/lib/python3.12/site-packages/ired_msgs/_ired_msgs_s.ep.rosidl_typesupport_fastrtps_c.c
[1.997s] -- Up-to-date symlink: /home/pp/Tawan-pe-/install/ired_msgs/lib/python3.12/site-packages/ired_msgs/_ired_msgs_s.ep.rosidl_typesupport_introspection_c.c
[1.997s] -- Up-to-date symlink: /home/pp/Tawan-pe-/install/ired_msgs/lib/python3.12/site-packages/ired_msgs/ired_msgs_s__rosidl_typesupport_c.so
[1.997s] -- Up-to-date symlink: /home/pp/Tawan-pe-/install/ired_msgs/lib/python3.12/site-packages/ired_msgs/ired_msgs_s__rosidl_typesupport_fastrtps_c.so
[1.997s] -- Up-to-date symlink: /home/pp/Tawan-pe-/install/ired_msgs/lib/python3.12/site-packages/ired_msgs/ired_msgs_s__rosidl_typesupport_introspection_c.so
[1.998s] -- Up-to-date symlink: /home/pp/Tawan-pe-/install/ired_msgs/lib/python3.12/site-packages/ired_msgs/msg/__init__.py
[1.998s] -- Up-to-date symlink: /home/pp/Tawan-pe-/install/ired_msgs/lib/python3.12/site-packages/ired_msgs/msg/_imu_data.py
[1.999s] -- Up-to-date symlink: /home/pp/Tawan-pe-/install/ired_msgs/lib/python3.12/site-packages/ired_msgs/msg/_imu_data_s.c
[1.999s] -- Up-to-date symlink: /home/pp/Tawan-pe-/install/ired_msgs/lib/python3.12/site-packages/ired_msgs/msg/_motor_control.py
[1.999s] -- Up-to-date symlink: /home/pp/Tawan-pe-/install/ired_msgs/lib/python3.12/site-packages/ired_msgs/msg/_motor_control_s.c
[1.999s] -- Up-to-date symlink: /home/pp/Tawan-pe-/install/ired_msgs/lib/python3.12/site-packages/ired_msgs/msg/_motor_data.py
[2.000s] -- Up-to-date symlink: /home/pp/Tawan-pe-/install/ired_msgs/lib/python3.12/site-packages/ired_msgs/msg/_motor_data_s.c
[2.000s] -- Up-to-date symlink: /home/pp/Tawan-pe-/install/ired_msgs/lib/python3.12/site-packages/ired_msgs/msg/_motor_speed.py
[2.001s] -- Up-to-date symlink: /home/pp/Tawan-pe-/install/ired_msgs/lib/python3.12/site-packages/ired_msgs/msg/_motor_speed_s.c
[2.001s] -- Up-to-date symlink: /home/pp/Tawan-pe-/install/ired_msgs/lib/python3.12/site-packages/ired_msgs/srv/__init__.py
[2.001s] -- Up-to-date symlink: /home/pp/Tawan-pe-/install/ired_msgs/lib/python3.12/site-packages/ired_msgs/srv/_pid_tuning.py
[2.001s] -- Up-to-date symlink: /home/pp/Tawan-pe-/install/ired_msgs/lib/python3.12/site-packages/ired_msgs/srv/_pid_tuning_s.c
[2.002s] -- Up-to-date symlink: /home/pp/Tawan-pe-/install/ired_msgs/lib/python3.12/site-packages/ired_msgs/ired_msgs_s__rosidl_typesupport_fastrtps_c.so
[2.002s] -- Up-to-date symlink: /home/pp/Tawan-pe-/install/ired_msgs/lib/python3.12/site-packages/ired_msgs/ired_msgs_s__rosidl_typesupport_introspection_c.so
[2.002s] -- Up-to-date symlink: /home/pp/Tawan-pe-/install/ired_msgs/lib/python3.12/site-packages/ired_msgs/ired_msgs_s__rosidl_typesupport_c.so
[2.002s] -- Up-to-date symlink: /home/pp/Tawan-pe-/install/ired_msgs/share/ired_msgs/msg/IMUData.idl
[2.002s] -- Up-to-date symlink: /home/pp/Tawan-pe-/install/ired_msgs/share/ired_msgs/msg/MotorControl.idl
[2.002s] -- Up-to-date symlink: /home/pp/Tawan-pe-/install/ired_msgs/share/ired_msgs/msg/MotorData.idl
[2.003s] -- Up-to-date symlink: /home/pp/Tawan-pe-/install/ired_msgs/share/ired_msgs/msg/MotorSpeed.idl
[2.003s] -- Up-to-date symlink: /home/pp/Tawan-pe-/install/ired_msgs/share/ired_msgs/srv/PIDTuning.idl
[2.003s] -- Up-to-date symlink: /home/pp/Tawan-pe-/install/ired_msgs/share/ired_msgs/msg/IMUData.msg
[2.003s] -- Up-to-date symlink: /home/pp/Tawan-pe-/install/ired_msgs/share/ired_msgs/msg/MotorControl.msg
[2.004s] -- Up-to-date symlink: /home/pp/Tawan-pe-/install/ired_msgs/share/ired_msgs/msg/MotorData.msg
[2.004s] -- Up-to-date symlink: /home/pp/Tawan-pe-/install/ired_msgs/share/ired_msgs/msg/MotorSpeed.msg
[2.004s] -- Up-to-date symlink: /home/pp/Tawan-pe-/install/ired_msgs/share/ired_msgs/srv/PIDTuning.srv
[2.004s] -- Up-to-date symlink: /home/pp/Tawan-pe-/install/ired_msgs/share/ament_index/resource_index/package_run_dependencies/ired_msgs
[2.004s] -- Up-to-date symlink: /home/pp/Tawan-pe-/install/ired_msgs/share/ament_index/resource_index/parent_prefix_path/ired_msgs
[2.005s] -- Up-to-date symlink: /home/pp/Tawan-pe-/install/ired_msgs/share/ired_msgs/environment/ament_prefix_path.sh
[2.005s] -- Up-to-date symlink: /home/pp/Tawan-pe-/install/ired_msgs/share/ired_msgs/environment/ament_prefix_path.dsv
[2.005s] -- Up-to-date symlink: /home/pp/Tawan-pe-/install/ired_msgs/share/ired_msgs/environment/path.sh
[2.005s] -- Up-to-date symlink: /home/pp/Tawan-pe-/install/ired_msgs/share/ired_msgs/environment/path.dsv
[2.005s] -- Up-to-date symlink: /home/pp/Tawan-pe-/install/ired_msgs/share/ired_msgs/local_setup.bash
[2.006s] -- Up-to-date symlink: /home/pp/Tawan-pe-/install/ired_msgs/share/ired_msgs/local_setup.sh
[2.006s] -- Up-to-date symlink: /home/pp/Tawan-pe-/install/ired_msgs/share/ired_msgs/local_setup.zsh
[2.006s] -- Up-to-date symlink: /home/pp/Tawan-pe-/install/ired_msgs/share/ired_msgs/local_setup.dsv
[2.006s] -- Symlinking: /home/pp/Tawan-pe-/install/ired_msgs/share/ired_msgs/package.dsv
[2.022s] -- Up-to-date symlink: /home/pp/Tawan-pe-/install/ired_msgs/share/ament_index/resource_index/packages/ired_msgs
[2.023s] -- Up-to-date symlink: /home/pp/Tawan-pe-/install/ired_msgs/share/ired_msgs/cmake/rosidl_cmake-extras.cmake
[2.023s] -- Up-to-date symlink: /home/pp/Tawan-pe-/install/ired_msgs/share/ired_msgs/cmake/ament_cmake_export_dependencies-extras.cmake
[2.024s] -- Up-to-date symlink: /home/pp/Tawan-pe-/install/ired_msgs/share/ired_msgs/cmake/ament_cmake_export_include_directories-extras.cmake
[2.025s] -- Up-to-date symlink: /home/pp/Tawan-pe-/install/ired_msgs/share/ired_msgs/cmake/ament_cmake_export_libraries-extras.cmake
[2.026s] -- Up-to-date symlink: /home/pp/Tawan-pe-/install/ired_msgs/share/ired_msgs/cmake/ament_cmake_export_targets-extras.cmake
[2.026s] -- Up-to-date symlink: /home/pp/Tawan-pe-/install/ired_msgs/share/ired_msgs/cmake/rosidl_cmake_export_typesupport_targets-extras.cmake
[2.026s] -- Up-to-date symlink: /home/pp/Tawan-pe-/install/ired_msgs/share/ired_msgs/cmake/rosidl_cmake_export_typesupport_libraries-extras.cmake
[2.027s] -- Up-to-date symlink: /home/pp/Tawan-pe-/install/ired_msgs/share/ired_msgs/cmake/ired_msgsConfig.cmake
[2.027s] -- Up-to-date symlink: /home/pp/Tawan-pe-/install/ired_msgs/share/ired_msgs/cmake/ired_msgsConfig-version.cmake
[2.027s] -- Up-to-date symlink: /home/pp/Tawan-pe-/install/ired_msgs/share/ired_msgs/package.xml
[2.029s] -- Up-to-date: /home/pp/Tawan-pe-/install/ired_msgs/lib/libired_msgs__rosidl_generator_c.so
[2.030s] -- Up-to-date: /home/pp/Tawan-pe-/install/ired_msgs/lib/libired_msgs__rosidl_typesupport_fastrtps_c.so
[2.032s] -- Up-to-date: /home/pp/Tawan-pe-/install/ired_msgs/lib/libired_msgs__rosidl_typesupport_fastrtps_cpp.so
[2.034s] -- Up-to-date: /home/pp/Tawan-pe-/install/ired_msgs/lib/libired_msgs__rosidl_typesupport_introspection_c.so
[2.040s] -- Up-to-date: /home/pp/Tawan-pe-/install/ired_msgs/lib/libired_msgs__rosidl_typesupport_c.so
[2.040s] -- Up-to-date: /home/pp/Tawan-pe-/install/ired_msgs/lib/libired_msgs__rosidl_typesupport_introspection_cpp.so
[2.040s] -- Up-to-date: /home/pp/Tawan-pe-/install/ired_msgs/lib/libired_msgs__rosidl_typesupport_cpp.so
[2.149s] Listing '/home/pp/Tawan-pe-/install/ired_msgs/lib/python3.12/site-packages/ired_msgs'...
[2.150s] Listing '/home/pp/Tawan-pe-/install/ired_msgs/lib/python3.12/site-packages/ired_msgs/msg'...
[2.150s] Listing '/home/pp/Tawan-pe-/install/ired_msgs/lib/python3.12/site-packages/ired_msgs/srv'...
[2.166s] -- Up-to-date: /home/pp/Tawan-pe-/install/ired_msgs/lib/libired_msgs__rosidl_generator_py.so
[2.169s] -- Up-to-date: /home/pp/Tawan-pe-/install/ired_msgs/share/ired_msgs/cmake/export_ired_msgs__rosidl_generator_cExport.cmake
[2.169s] -- Up-to-date: /home/pp/Tawan-pe-/install/ired_msgs/share/ired_msgs/cmake/export_ired_msgs__rosidl_generator_cExport-noconfig.cmake
[2.169s] -- Up-to-date: /home/pp/Tawan-pe-/install/ired_msgs/share/ired_msgs/cmake/export_ired_msgs__rosidl_typesupport_fastrtps_cExport.cmake
[2.170s] -- Up-to-date: /home/pp/Tawan-pe-/install/ired_msgs/share/ired_msgs/cmake/export_ired_msgs__rosidl_typesupport_fastrtps_cExport-noconfig.cmake
[2.170s] -- Up-to-date: /home/pp/Tawan-pe-/install/ired_msgs/share/ired_msgs/cmake/export_ired_msgs__rosidl_generator_cppExport.cmake
[2.171s] -- Up-to-date: /home/pp/Tawan-pe-/install/ired_msgs/share/ired_msgs/cmake/export_ired_msgs__rosidl_typesupport_fastrtps_cppExport.cmake
[2.171s] -- Up-to-date: /home/pp/Tawan-pe-/install/ired_msgs/share/ired_msgs/cmake/export_ired_msgs__rosidl_typesupport_fastrtps_cppExport-noconfig.cmake
[2.171s] -- Up-to-date: /home/pp/Tawan-pe-/install/ired_msgs/share/ired_msgs/cmake/ired_msgs__rosidl_typesupport_introspection_cExport.cmake
[2.172s] -- Up-to-date: /home/pp/Tawan-pe-/install/ired_msgs/share/ired_msgs/cmake/ired_msgs__rosidl_typesupport_introspection_cExport-noconfig.cmake
[2.172s] -- Up-to-date: /home/pp/Tawan-pe-/install/ired_msgs/share/ired_msgs/cmake/ired_msgs__rosidl_typesupport_cExport.cmake
[2.173s] -- Up-to-date: /home/pp/Tawan-pe-/install/ired_msgs/share/ired_msgs/cmake/ired_msgs__rosidl_typesupport_cExport-noconfig.cmake
[2.173s] -- Up-to-date: /home/pp/Tawan-pe-/install/ired_msgs/share/ired_msgs/cmake/ired_msgs__rosidl_typesupport_introspection_cppExport.cmake
[2.173s] -- Up-to-date: /home/pp/Tawan-pe-/install/ired_msgs/share/ired_msgs/cmake/ired_msgs__rosidl_typesupport_introspection_cppExport-noconfig.cmake
[2.174s] -- Up-to-date: /home/pp/Tawan-pe-/install/ired_msgs/share/ired_msgs/cmake/ired_msgs__rosidl_typesupport_cppExport.cmake
[2.174s] -- Up-to-date: /home/pp/Tawan-pe-/install/ired_msgs/share/ired_msgs/cmake/ired_msgs__rosidl_typesupport_cppExport-noconfig.cmake
[2.175s] -- Up-to-date: /home/pp/Tawan-pe-/install/ired_msgs/share/ired_msgs/cmake/export_ired_msgs__rosidl_generator_pyExport.cmake
[2.175s] -- Up-to-date: /home/pp/Tawan-pe-/install/ired_msgs/share/ired_msgs/cmake/export_ired_msgs__rosidl_generator_pyExport-noconfig.cmake
[2.565s] Invoked command in '/home/pp/Tawan-pe-/build/ired_msgs' returned '0': CMAKE_PREFIX_PATH=${CMAKE_PREFIX_PATH}:/home/pp/Tawan-pe-/install/station_pkg:/home/pp/Tawan-pe-/install/ros2_aruco:/home/pp/Tawan-pe-/install/motion_control:/home/pp/Tawan-pe-/install/ired_teleop:/home/pp/Tawan-pe-/install/ired_movetogoal:/opt/ros/jazzy DEBUGINFOD_URLS=https://debuginfod.ubuntu.com /usr/bin/cmake --install /home/pp/Tawan-pe-/build/ired_msgs
