[0.091s] Invoking command in '/home/pp/Tawan-pe-/build/csm': CMAKE_PREFIX_PATH=${CMAKE_PREFIX_PATH}:/home/pp/Tawan-pe-/install/station_pkg:/home/pp/Tawan-pe-/install/ros2_aruco:/home/pp/Tawan-pe-/install/motion_control:/home/pp/Tawan-pe-/install/ired_teleop:/home/pp/Tawan-pe-/install/ired_movetogoal:/opt/ros/jazzy DEBUGINFOD_URLS=https://debuginfod.ubuntu.com /usr/bin/cmake /home/pp/Tawan-pe-/src/robot/cms -DAMENT_CMAKE_SYMLINK_INSTALL=1 -DCMAKE_INSTALL_PREFIX=/home/pp/Tawan-pe-/install/csm
[1.920s] -- Found ament_cmake: 2.5.4 (/opt/ros/jazzy/share/ament_cmake/cmake)
[1.921s] -- Override CMake install command with custom implementation using symlinks instead of copying resources
[1.921s] -- Found rclcpp: 28.1.13 (/opt/ros/jazzy/share/rclcpp/cmake)
[1.922s] -- Found rosidl_generator_c: 4.6.6 (/opt/ros/jazzy/share/rosidl_generator_c/cmake)
[1.922s] -- Found rosidl_generator_cpp: 4.6.6 (/opt/ros/jazzy/share/rosidl_generator_cpp/cmake)
[1.922s] -- Using all available rosidl_typesupport_c: rosidl_typesupport_fastrtps_c;rosidl_typesupport_introspection_c
[1.923s] -- Using all available rosidl_typesupport_cpp: rosidl_typesupport_fastrtps_cpp;rosidl_typesupport_introspection_cpp
[1.923s] -- Found rmw_implementation_cmake: 7.3.2 (/opt/ros/jazzy/share/rmw_implementation_cmake/cmake)
[1.923s] -- Found rmw_fastrtps_cpp: 8.4.3 (/opt/ros/jazzy/share/rmw_fastrtps_cpp/cmake)
[1.923s] -- Using RMW implementation 'rmw_fastrtps_cpp' as default
[1.923s] -- Configuring done (1.2s)
[1.923s] -- Generating done (0.0s)
[1.923s] -- Build files have been written to: /home/pp/Tawan-pe-/build/csm
[1.933s] Invoked command in '/home/pp/Tawan-pe-/build/csm' returned '0': CMAKE_PREFIX_PATH=${CMAKE_PREFIX_PATH}:/home/pp/Tawan-pe-/install/station_pkg:/home/pp/Tawan-pe-/install/ros2_aruco:/home/pp/Tawan-pe-/install/motion_control:/home/pp/Tawan-pe-/install/ired_teleop:/home/pp/Tawan-pe-/install/ired_movetogoal:/opt/ros/jazzy DEBUGINFOD_URLS=https://debuginfod.ubuntu.com /usr/bin/cmake /home/pp/Tawan-pe-/src/robot/cms -DAMENT_CMAKE_SYMLINK_INSTALL=1 -DCMAKE_INSTALL_PREFIX=/home/pp/Tawan-pe-/install/csm
[1.934s] Invoking command in '/home/pp/Tawan-pe-/build/csm': CMAKE_PREFIX_PATH=${CMAKE_PREFIX_PATH}:/home/pp/Tawan-pe-/install/station_pkg:/home/pp/Tawan-pe-/install/ros2_aruco:/home/pp/Tawan-pe-/install/motion_control:/home/pp/Tawan-pe-/install/ired_teleop:/home/pp/Tawan-pe-/install/ired_movetogoal:/opt/ros/jazzy DEBUGINFOD_URLS=https://debuginfod.ubuntu.com /usr/bin/cmake --build /home/pp/Tawan-pe-/build/csm -- -j12 -l12
[2.156s] [100%] Built target csm
[2.834s] Invoked command in '/home/pp/Tawan-pe-/build/csm' returned '0': CMAKE_PREFIX_PATH=${CMAKE_PREFIX_PATH}:/home/pp/Tawan-pe-/install/station_pkg:/home/pp/Tawan-pe-/install/ros2_aruco:/home/pp/Tawan-pe-/install/motion_control:/home/pp/Tawan-pe-/install/ired_teleop:/home/pp/Tawan-pe-/install/ired_movetogoal:/opt/ros/jazzy DEBUGINFOD_URLS=https://debuginfod.ubuntu.com /usr/bin/cmake --build /home/pp/Tawan-pe-/build/csm -- -j12 -l12
[2.836s] Invoking command in '/home/pp/Tawan-pe-/build/csm': CMAKE_PREFIX_PATH=${CMAKE_PREFIX_PATH}:/home/pp/Tawan-pe-/install/station_pkg:/home/pp/Tawan-pe-/install/ros2_aruco:/home/pp/Tawan-pe-/install/motion_control:/home/pp/Tawan-pe-/install/ired_teleop:/home/pp/Tawan-pe-/install/ired_movetogoal:/opt/ros/jazzy DEBUGINFOD_URLS=https://debuginfod.ubuntu.com /usr/bin/cmake --install /home/pp/Tawan-pe-/build/csm
[2.849s] -- Install configuration: ""
[2.850s] -- Execute custom install script
[2.851s] -- Up-to-date symlink: /home/pp/Tawan-pe-/install/csm/lib/libcsm.so
[2.852s] -- Up-to-date symlink: /home/pp/Tawan-pe-/install/csm/include/..//include/csm/algos.h
[2.852s] -- Up-to-date symlink: /home/pp/Tawan-pe-/install/csm/include/..//include/csm/csm.h
[2.852s] -- Up-to-date symlink: /home/pp/Tawan-pe-/install/csm/include/..//include/csm/laser_data.h
[2.853s] -- Up-to-date symlink: /home/pp/Tawan-pe-/install/csm/include/..//include/csm/laser_data_inline.h
[2.853s] -- Up-to-date symlink: /home/pp/Tawan-pe-/install/csm/include/..//include/csm/restrict.h
[2.853s] -- Up-to-date symlink: /home/pp/Tawan-pe-/install/csm/include/..//include/gsl_eigen/gsl_eigen.h
[2.854s] -- Up-to-date symlink: /home/pp/Tawan-pe-/install/csm/share/csm/resource/csm
[2.854s] -- Up-to-date symlink: /home/pp/Tawan-pe-/install/csm/include/../gsl_eigen/gsl_eigen.h
[2.855s] -- Up-to-date symlink: /home/pp/Tawan-pe-/install/csm/share/csm/environment/library_path.sh
[2.855s] -- Up-to-date symlink: /home/pp/Tawan-pe-/install/csm/share/csm/environment/library_path.dsv
[2.855s] -- Up-to-date symlink: /home/pp/Tawan-pe-/install/csm/share/ament_index/resource_index/package_run_dependencies/csm
[2.856s] -- Up-to-date symlink: /home/pp/Tawan-pe-/install/csm/share/ament_index/resource_index/parent_prefix_path/csm
[2.856s] -- Up-to-date symlink: /home/pp/Tawan-pe-/install/csm/share/csm/environment/ament_prefix_path.sh
[2.856s] -- Up-to-date symlink: /home/pp/Tawan-pe-/install/csm/share/csm/environment/ament_prefix_path.dsv
[2.857s] -- Up-to-date symlink: /home/pp/Tawan-pe-/install/csm/share/csm/environment/path.sh
[2.858s] -- Up-to-date symlink: /home/pp/Tawan-pe-/install/csm/share/csm/environment/path.dsv
[2.858s] -- Up-to-date symlink: /home/pp/Tawan-pe-/install/csm/share/csm/local_setup.bash
[2.858s] -- Up-to-date symlink: /home/pp/Tawan-pe-/install/csm/share/csm/local_setup.sh
[2.859s] -- Up-to-date symlink: /home/pp/Tawan-pe-/install/csm/share/csm/local_setup.zsh
[2.859s] -- Up-to-date symlink: /home/pp/Tawan-pe-/install/csm/share/csm/local_setup.dsv
[2.860s] -- Symlinking: /home/pp/Tawan-pe-/install/csm/share/csm/package.dsv
[2.882s] -- Up-to-date symlink: /home/pp/Tawan-pe-/install/csm/share/ament_index/resource_index/packages/csm
[2.883s] -- Up-to-date symlink: /home/pp/Tawan-pe-/install/csm/share/csm/cmake/ament_cmake_export_dependencies-extras.cmake
[2.884s] -- Up-to-date symlink: /home/pp/Tawan-pe-/install/csm/share/csm/cmake/ament_cmake_export_include_directories-extras.cmake
[2.884s] -- Up-to-date symlink: /home/pp/Tawan-pe-/install/csm/share/csm/cmake/ament_cmake_export_libraries-extras.cmake
[2.885s] -- Up-to-date symlink: /home/pp/Tawan-pe-/install/csm/share/csm/cmake/csmConfig.cmake
[2.885s] -- Up-to-date symlink: /home/pp/Tawan-pe-/install/csm/share/csm/cmake/csmConfig-version.cmake
[2.886s] -- Up-to-date symlink: /home/pp/Tawan-pe-/install/csm/share/csm/package.xml
[2.892s] Invoked command in '/home/pp/Tawan-pe-/build/csm' returned '0': CMAKE_PREFIX_PATH=${CMAKE_PREFIX_PATH}:/home/pp/Tawan-pe-/install/station_pkg:/home/pp/Tawan-pe-/install/ros2_aruco:/home/pp/Tawan-pe-/install/motion_control:/home/pp/Tawan-pe-/install/ired_teleop:/home/pp/Tawan-pe-/install/ired_movetogoal:/opt/ros/jazzy DEBUGINFOD_URLS=https://debuginfod.ubuntu.com /usr/bin/cmake --install /home/pp/Tawan-pe-/build/csm
