[0.047s] Invoking command in '/home/pi/robot_ws/build/csm': CMAKE_PREFIX_PATH=${CMAKE_PREFIX_PATH}:/home/pi/robot_ws/install/ros2_aruco:/home/pi/robot_ws/install/motion_control:/home/pi/robot_ws/install/ired_teleop:/home/pi/robot_ws/install/ired_movetogoal:/opt/ros/jazzy DEBUGINFOD_URLS=https://debuginfod.ubuntu.com /usr/bin/cmake --build /home/pi/robot_ws/build/csm -- -j16 -l16
[0.684s] [100%] Built target csm
[0.687s] Invoked command in '/home/pi/robot_ws/build/csm' returned '0': CMAKE_PREFIX_PATH=${CMAKE_PREFIX_PATH}:/home/pi/robot_ws/install/ros2_aruco:/home/pi/robot_ws/install/motion_control:/home/pi/robot_ws/install/ired_teleop:/home/pi/robot_ws/install/ired_movetogoal:/opt/ros/jazzy DEBUGINFOD_URLS=https://debuginfod.ubuntu.com /usr/bin/cmake --build /home/pi/robot_ws/build/csm -- -j16 -l16
[0.698s] Invoking command in '/home/pi/robot_ws/build/csm': CMAKE_PREFIX_PATH=${CMAKE_PREFIX_PATH}:/home/pi/robot_ws/install/ros2_aruco:/home/pi/robot_ws/install/motion_control:/home/pi/robot_ws/install/ired_teleop:/home/pi/robot_ws/install/ired_movetogoal:/opt/ros/jazzy DEBUGINFOD_URLS=https://debuginfod.ubuntu.com /usr/bin/cmake --install /home/pi/robot_ws/build/csm
[0.706s] -- Install configuration: ""
[0.706s] -- Execute custom install script
[0.706s] -- Up-to-date symlink: /home/pi/robot_ws/install/csm/lib/libcsm.so
[0.707s] -- Up-to-date symlink: /home/pi/robot_ws/install/csm/include/..//include/csm/algos.h
[0.707s] -- Up-to-date symlink: /home/pi/robot_ws/install/csm/include/..//include/csm/csm.h
[0.707s] -- Up-to-date symlink: /home/pi/robot_ws/install/csm/include/..//include/csm/laser_data.h
[0.707s] -- Up-to-date symlink: /home/pi/robot_ws/install/csm/include/..//include/csm/laser_data_inline.h
[0.707s] -- Up-to-date symlink: /home/pi/robot_ws/install/csm/include/..//include/csm/restrict.h
[0.708s] -- Up-to-date symlink: /home/pi/robot_ws/install/csm/include/..//include/gsl_eigen/gsl_eigen.h
[0.709s] -- Up-to-date symlink: /home/pi/robot_ws/install/csm/share/csm/resource/csm
[0.711s] -- Up-to-date symlink: /home/pi/robot_ws/install/csm/include/../gsl_eigen/gsl_eigen.h
[0.711s] -- Up-to-date symlink: /home/pi/robot_ws/install/csm/share/csm/environment/library_path.sh
[0.711s] -- Up-to-date symlink: /home/pi/robot_ws/install/csm/share/csm/environment/library_path.dsv
[0.711s] -- Up-to-date symlink: /home/pi/robot_ws/install/csm/share/ament_index/resource_index/package_run_dependencies/csm
[0.712s] -- Up-to-date symlink: /home/pi/robot_ws/install/csm/share/ament_index/resource_index/parent_prefix_path/csm
[0.712s] -- Up-to-date symlink: /home/pi/robot_ws/install/csm/share/csm/environment/ament_prefix_path.sh
[0.713s] -- Up-to-date symlink: /home/pi/robot_ws/install/csm/share/csm/environment/ament_prefix_path.dsv
[0.715s] -- Up-to-date symlink: /home/pi/robot_ws/install/csm/share/csm/environment/path.sh
[0.715s] -- Up-to-date symlink: /home/pi/robot_ws/install/csm/share/csm/environment/path.dsv
[0.715s] -- Up-to-date symlink: /home/pi/robot_ws/install/csm/share/csm/local_setup.bash
[0.715s] -- Up-to-date symlink: /home/pi/robot_ws/install/csm/share/csm/local_setup.sh
[0.715s] -- Up-to-date symlink: /home/pi/robot_ws/install/csm/share/csm/local_setup.zsh
[0.715s] -- Up-to-date symlink: /home/pi/robot_ws/install/csm/share/csm/local_setup.dsv
[0.715s] -- Symlinking: /home/pi/robot_ws/install/csm/share/csm/package.dsv
[0.734s] -- Up-to-date symlink: /home/pi/robot_ws/install/csm/share/ament_index/resource_index/packages/csm
[0.734s] -- Up-to-date symlink: /home/pi/robot_ws/install/csm/share/csm/cmake/ament_cmake_export_dependencies-extras.cmake
[0.735s] -- Up-to-date symlink: /home/pi/robot_ws/install/csm/share/csm/cmake/ament_cmake_export_include_directories-extras.cmake
[0.735s] -- Up-to-date symlink: /home/pi/robot_ws/install/csm/share/csm/cmake/ament_cmake_export_libraries-extras.cmake
[0.735s] -- Up-to-date symlink: /home/pi/robot_ws/install/csm/share/csm/cmake/csmConfig.cmake
[0.735s] -- Up-to-date symlink: /home/pi/robot_ws/install/csm/share/csm/cmake/csmConfig-version.cmake
[0.735s] -- Up-to-date symlink: /home/pi/robot_ws/install/csm/share/csm/package.xml
[0.754s] Invoked command in '/home/pi/robot_ws/build/csm' returned '0': CMAKE_PREFIX_PATH=${CMAKE_PREFIX_PATH}:/home/pi/robot_ws/install/ros2_aruco:/home/pi/robot_ws/install/motion_control:/home/pi/robot_ws/install/ired_teleop:/home/pi/robot_ws/install/ired_movetogoal:/opt/ros/jazzy DEBUGINFOD_URLS=https://debuginfod.ubuntu.com /usr/bin/cmake --install /home/pi/robot_ws/build/csm
