[0.058s] DEBUG:colcon:Command line arguments: ['/usr/bin/colcon', 'build', '--symlink-install']
[0.058s] DEBUG:colcon:Parsed command line arguments: Namespace(log_base=None, log_level=None, verb_name='build', build_base='build', install_base='install', merge_install=False, symlink_install=True, test_result_base=None, continue_on_error=False, executor='parallel', parallel_workers=16, event_handlers=None, ignore_user_meta=False, metas=['./colcon.meta'], base_paths=['.'], packages_ignore=None, packages_ignore_regex=None, paths=None, packages_up_to=None, packages_up_to_regex=None, packages_above=None, packages_above_and_dependencies=None, packages_above_depth=None, packages_select_by_dep=None, packages_skip_by_dep=None, packages_skip_up_to=None, packages_select_build_failed=False, packages_skip_build_finished=False, packages_select_test_failures=False, packages_skip_test_passed=False, packages_select=None, packages_skip=None, packages_select_regex=None, packages_skip_regex=None, packages_start=None, packages_end=None, allow_overriding=[], cmake_args=None, cmake_target=None, cmake_target_skip_unavailable=False, cmake_clean_cache=False, cmake_clean_first=False, cmake_force_configure=False, ament_cmake_args=None, catkin_cmake_args=None, catkin_skip_building_tests=False, mixin_files=None, mixin=None, verb_parser=<colcon_mixin.mixin.mixin_argument.MixinArgumentDecorator object at 0x76da7dd983b0>, verb_extension=<colcon_core.verb.build.BuildVerb object at 0x76da7dd980e0>, main=<bound method BuildVerb.main of <colcon_core.verb.build.BuildVerb object at 0x76da7dd980e0>>, mixin_verb=('build',))
[0.081s] Level 1:colcon.colcon_core.package_discovery:discover_packages(colcon_meta) check parameters
[0.081s] Level 1:colcon.colcon_core.package_discovery:discover_packages(recursive) check parameters
[0.081s] Level 1:colcon.colcon_core.package_discovery:discover_packages(ignore) check parameters
[0.081s] Level 1:colcon.colcon_core.package_discovery:discover_packages(path) check parameters
[0.081s] Level 1:colcon.colcon_core.package_discovery:discover_packages(colcon_meta) discover
[0.081s] Level 1:colcon.colcon_core.package_discovery:discover_packages(recursive) discover
[0.081s] INFO:colcon.colcon_core.package_discovery:Crawling recursively for packages in '/home/pi/robot_ws'
[0.081s] Level 1:colcon.colcon_core.package_identification:_identify(.) by extensions ['ignore', 'ignore_ament_install']
[0.081s] Level 1:colcon.colcon_core.package_identification:_identify(.) by extension 'ignore'
[0.081s] Level 1:colcon.colcon_core.package_identification:_identify(.) by extension 'ignore_ament_install'
[0.081s] Level 1:colcon.colcon_core.package_identification:_identify(.) by extensions ['colcon_pkg']
[0.081s] Level 1:colcon.colcon_core.package_identification:_identify(.) by extension 'colcon_pkg'
[0.081s] Level 1:colcon.colcon_core.package_identification:_identify(.) by extensions ['colcon_meta']
[0.081s] Level 1:colcon.colcon_core.package_identification:_identify(.) by extension 'colcon_meta'
[0.081s] Level 1:colcon.colcon_core.package_identification:_identify(.) by extensions ['ros']
[0.081s] Level 1:colcon.colcon_core.package_identification:_identify(.) by extension 'ros'
[0.096s] Level 1:colcon.colcon_core.package_identification:_identify(.) by extensions ['cmake', 'python']
[0.096s] Level 1:colcon.colcon_core.package_identification:_identify(.) by extension 'cmake'
[0.096s] Level 1:colcon.colcon_core.package_identification:_identify(.) by extension 'python'
[0.096s] Level 1:colcon.colcon_core.package_identification:_identify(.) by extensions ['python_setup_py']
[0.096s] Level 1:colcon.colcon_core.package_identification:_identify(.) by extension 'python_setup_py'
[0.096s] Level 1:colcon.colcon_core.package_identification:_identify(build) by extensions ['ignore', 'ignore_ament_install']
[0.096s] Level 1:colcon.colcon_core.package_identification:_identify(build) by extension 'ignore'
[0.096s] Level 1:colcon.colcon_core.package_identification:_identify(build) ignored
[0.096s] Level 1:colcon.colcon_core.package_identification:_identify(install) by extensions ['ignore', 'ignore_ament_install']
[0.096s] Level 1:colcon.colcon_core.package_identification:_identify(install) by extension 'ignore'
[0.096s] Level 1:colcon.colcon_core.package_identification:_identify(install) ignored
[0.096s] Level 1:colcon.colcon_core.package_identification:_identify(log) by extensions ['ignore', 'ignore_ament_install']
[0.096s] Level 1:colcon.colcon_core.package_identification:_identify(log) by extension 'ignore'
[0.096s] Level 1:colcon.colcon_core.package_identification:_identify(log) ignored
[0.097s] Level 1:colcon.colcon_core.package_identification:_identify(src) by extensions ['ignore', 'ignore_ament_install']
[0.097s] Level 1:colcon.colcon_core.package_identification:_identify(src) by extension 'ignore'
[0.097s] Level 1:colcon.colcon_core.package_identification:_identify(src) by extension 'ignore_ament_install'
[0.097s] Level 1:colcon.colcon_core.package_identification:_identify(src) by extensions ['colcon_pkg']
[0.097s] Level 1:colcon.colcon_core.package_identification:_identify(src) by extension 'colcon_pkg'
[0.097s] Level 1:colcon.colcon_core.package_identification:_identify(src) by extensions ['colcon_meta']
[0.097s] Level 1:colcon.colcon_core.package_identification:_identify(src) by extension 'colcon_meta'
[0.097s] Level 1:colcon.colcon_core.package_identification:_identify(src) by extensions ['ros']
[0.097s] Level 1:colcon.colcon_core.package_identification:_identify(src) by extension 'ros'
[0.097s] Level 1:colcon.colcon_core.package_identification:_identify(src) by extensions ['cmake', 'python']
[0.097s] Level 1:colcon.colcon_core.package_identification:_identify(src) by extension 'cmake'
[0.097s] Level 1:colcon.colcon_core.package_identification:_identify(src) by extension 'python'
[0.097s] Level 1:colcon.colcon_core.package_identification:_identify(src) by extensions ['python_setup_py']
[0.097s] Level 1:colcon.colcon_core.package_identification:_identify(src) by extension 'python_setup_py'
[0.097s] Level 1:colcon.colcon_core.package_identification:_identify(src/robot) by extensions ['ignore', 'ignore_ament_install']
[0.097s] Level 1:colcon.colcon_core.package_identification:_identify(src/robot) by extension 'ignore'
[0.097s] Level 1:colcon.colcon_core.package_identification:_identify(src/robot) by extension 'ignore_ament_install'
[0.097s] Level 1:colcon.colcon_core.package_identification:_identify(src/robot) by extensions ['colcon_pkg']
[0.097s] Level 1:colcon.colcon_core.package_identification:_identify(src/robot) by extension 'colcon_pkg'
[0.097s] Level 1:colcon.colcon_core.package_identification:_identify(src/robot) by extensions ['colcon_meta']
[0.097s] Level 1:colcon.colcon_core.package_identification:_identify(src/robot) by extension 'colcon_meta'
[0.097s] Level 1:colcon.colcon_core.package_identification:_identify(src/robot) by extensions ['ros']
[0.097s] Level 1:colcon.colcon_core.package_identification:_identify(src/robot) by extension 'ros'
[0.097s] Level 1:colcon.colcon_core.package_identification:_identify(src/robot) by extensions ['cmake', 'python']
[0.097s] Level 1:colcon.colcon_core.package_identification:_identify(src/robot) by extension 'cmake'
[0.097s] Level 1:colcon.colcon_core.package_identification:_identify(src/robot) by extension 'python'
[0.097s] Level 1:colcon.colcon_core.package_identification:_identify(src/robot) by extensions ['python_setup_py']
[0.097s] Level 1:colcon.colcon_core.package_identification:_identify(src/robot) by extension 'python_setup_py'
[0.097s] Level 1:colcon.colcon_core.package_identification:_identify(src/robot/ired_bringup) by extensions ['ignore', 'ignore_ament_install']
[0.097s] Level 1:colcon.colcon_core.package_identification:_identify(src/robot/ired_bringup) by extension 'ignore'
[0.097s] Level 1:colcon.colcon_core.package_identification:_identify(src/robot/ired_bringup) by extension 'ignore_ament_install'
[0.097s] Level 1:colcon.colcon_core.package_identification:_identify(src/robot/ired_bringup) by extensions ['colcon_pkg']
[0.097s] Level 1:colcon.colcon_core.package_identification:_identify(src/robot/ired_bringup) by extension 'colcon_pkg'
[0.097s] Level 1:colcon.colcon_core.package_identification:_identify(src/robot/ired_bringup) by extensions ['colcon_meta']
[0.097s] Level 1:colcon.colcon_core.package_identification:_identify(src/robot/ired_bringup) by extension 'colcon_meta'
[0.097s] Level 1:colcon.colcon_core.package_identification:_identify(src/robot/ired_bringup) by extensions ['ros']
[0.097s] Level 1:colcon.colcon_core.package_identification:_identify(src/robot/ired_bringup) by extension 'ros'
[0.099s] DEBUG:colcon.colcon_core.package_identification:Package 'src/robot/ired_bringup' with type 'ros.ament_cmake' and name 'ired_bringup'
[0.099s] Level 1:colcon.colcon_core.package_identification:_identify(src/robot/ired_movetogoal) by extensions ['ignore', 'ignore_ament_install']
[0.099s] Level 1:colcon.colcon_core.package_identification:_identify(src/robot/ired_movetogoal) by extension 'ignore'
[0.099s] Level 1:colcon.colcon_core.package_identification:_identify(src/robot/ired_movetogoal) by extension 'ignore_ament_install'
[0.099s] Level 1:colcon.colcon_core.package_identification:_identify(src/robot/ired_movetogoal) by extensions ['colcon_pkg']
[0.099s] Level 1:colcon.colcon_core.package_identification:_identify(src/robot/ired_movetogoal) by extension 'colcon_pkg'
[0.099s] Level 1:colcon.colcon_core.package_identification:_identify(src/robot/ired_movetogoal) by extensions ['colcon_meta']
[0.099s] Level 1:colcon.colcon_core.package_identification:_identify(src/robot/ired_movetogoal) by extension 'colcon_meta'
[0.099s] Level 1:colcon.colcon_core.package_identification:_identify(src/robot/ired_movetogoal) by extensions ['ros']
[0.099s] Level 1:colcon.colcon_core.package_identification:_identify(src/robot/ired_movetogoal) by extension 'ros'
[0.099s] DEBUG:colcon.colcon_core.package_identification:Package 'src/robot/ired_movetogoal' with type 'ros.ament_python' and name 'ired_movetogoal'
[0.099s] Level 1:colcon.colcon_core.package_identification:_identify(src/robot/ired_msgs) by extensions ['ignore', 'ignore_ament_install']
[0.099s] Level 1:colcon.colcon_core.package_identification:_identify(src/robot/ired_msgs) by extension 'ignore'
[0.099s] Level 1:colcon.colcon_core.package_identification:_identify(src/robot/ired_msgs) by extension 'ignore_ament_install'
[0.099s] Level 1:colcon.colcon_core.package_identification:_identify(src/robot/ired_msgs) by extensions ['colcon_pkg']
[0.099s] Level 1:colcon.colcon_core.package_identification:_identify(src/robot/ired_msgs) by extension 'colcon_pkg'
[0.099s] Level 1:colcon.colcon_core.package_identification:_identify(src/robot/ired_msgs) by extensions ['colcon_meta']
[0.099s] Level 1:colcon.colcon_core.package_identification:_identify(src/robot/ired_msgs) by extension 'colcon_meta'
[0.099s] Level 1:colcon.colcon_core.package_identification:_identify(src/robot/ired_msgs) by extensions ['ros']
[0.099s] Level 1:colcon.colcon_core.package_identification:_identify(src/robot/ired_msgs) by extension 'ros'
[0.100s] DEBUG:colcon.colcon_core.package_identification:Package 'src/robot/ired_msgs' with type 'ros.ament_cmake' and name 'ired_msgs'
[0.100s] Level 1:colcon.colcon_core.package_identification:_identify(src/robot/ired_navigation) by extensions ['ignore', 'ignore_ament_install']
[0.100s] Level 1:colcon.colcon_core.package_identification:_identify(src/robot/ired_navigation) by extension 'ignore'
[0.100s] Level 1:colcon.colcon_core.package_identification:_identify(src/robot/ired_navigation) by extension 'ignore_ament_install'
[0.100s] Level 1:colcon.colcon_core.package_identification:_identify(src/robot/ired_navigation) by extensions ['colcon_pkg']
[0.100s] Level 1:colcon.colcon_core.package_identification:_identify(src/robot/ired_navigation) by extension 'colcon_pkg'
[0.100s] Level 1:colcon.colcon_core.package_identification:_identify(src/robot/ired_navigation) by extensions ['colcon_meta']
[0.100s] Level 1:colcon.colcon_core.package_identification:_identify(src/robot/ired_navigation) by extension 'colcon_meta'
[0.100s] Level 1:colcon.colcon_core.package_identification:_identify(src/robot/ired_navigation) by extensions ['ros']
[0.100s] Level 1:colcon.colcon_core.package_identification:_identify(src/robot/ired_navigation) by extension 'ros'
[0.100s] DEBUG:colcon.colcon_core.package_identification:Package 'src/robot/ired_navigation' with type 'ros.ament_cmake' and name 'ired_navigation'
[0.100s] Level 1:colcon.colcon_core.package_identification:_identify(src/robot/ired_teleop) by extensions ['ignore', 'ignore_ament_install']
[0.100s] Level 1:colcon.colcon_core.package_identification:_identify(src/robot/ired_teleop) by extension 'ignore'
[0.100s] Level 1:colcon.colcon_core.package_identification:_identify(src/robot/ired_teleop) by extension 'ignore_ament_install'
[0.100s] Level 1:colcon.colcon_core.package_identification:_identify(src/robot/ired_teleop) by extensions ['colcon_pkg']
[0.100s] Level 1:colcon.colcon_core.package_identification:_identify(src/robot/ired_teleop) by extension 'colcon_pkg'
[0.100s] Level 1:colcon.colcon_core.package_identification:_identify(src/robot/ired_teleop) by extensions ['colcon_meta']
[0.100s] Level 1:colcon.colcon_core.package_identification:_identify(src/robot/ired_teleop) by extension 'colcon_meta'
[0.100s] Level 1:colcon.colcon_core.package_identification:_identify(src/robot/ired_teleop) by extensions ['ros']
[0.100s] Level 1:colcon.colcon_core.package_identification:_identify(src/robot/ired_teleop) by extension 'ros'
[0.101s] DEBUG:colcon.colcon_core.package_identification:Package 'src/robot/ired_teleop' with type 'ros.ament_python' and name 'ired_teleop'
[0.101s] Level 1:colcon.colcon_core.package_identification:_identify(src/robot/rplidar_ros) by extensions ['ignore', 'ignore_ament_install']
[0.101s] Level 1:colcon.colcon_core.package_identification:_identify(src/robot/rplidar_ros) by extension 'ignore'
[0.101s] Level 1:colcon.colcon_core.package_identification:_identify(src/robot/rplidar_ros) by extension 'ignore_ament_install'
[0.101s] Level 1:colcon.colcon_core.package_identification:_identify(src/robot/rplidar_ros) by extensions ['colcon_pkg']
[0.101s] Level 1:colcon.colcon_core.package_identification:_identify(src/robot/rplidar_ros) by extension 'colcon_pkg'
[0.101s] Level 1:colcon.colcon_core.package_identification:_identify(src/robot/rplidar_ros) by extensions ['colcon_meta']
[0.101s] Level 1:colcon.colcon_core.package_identification:_identify(src/robot/rplidar_ros) by extension 'colcon_meta'
[0.101s] Level 1:colcon.colcon_core.package_identification:_identify(src/robot/rplidar_ros) by extensions ['ros']
[0.101s] Level 1:colcon.colcon_core.package_identification:_identify(src/robot/rplidar_ros) by extension 'ros'
[0.101s] DEBUG:colcon.colcon_core.package_identification:Package 'src/robot/rplidar_ros' with type 'ros.ament_cmake' and name 'rplidar_ros'
[0.101s] Level 1:colcon.colcon_core.package_discovery:discover_packages(recursive) using defaults
[0.101s] Level 1:colcon.colcon_core.package_discovery:discover_packages(ignore) discover
[0.101s] Level 1:colcon.colcon_core.package_discovery:discover_packages(ignore) using defaults
[0.101s] Level 1:colcon.colcon_core.package_discovery:discover_packages(path) discover
[0.101s] Level 1:colcon.colcon_core.package_discovery:discover_packages(path) using defaults
[0.111s] Level 1:colcon.colcon_core.package_discovery:discover_packages(prefix_path) check parameters
[0.111s] Level 1:colcon.colcon_core.package_discovery:discover_packages(prefix_path) discover
[0.112s] DEBUG:colcon.colcon_installed_package_information.package_discovery:Found 0 installed packages in /home/pi/robot_ws/install
[0.113s] DEBUG:colcon.colcon_installed_package_information.package_discovery:Found 382 installed packages in /opt/ros/jazzy
[0.114s] Level 1:colcon.colcon_core.package_discovery:discover_packages(prefix_path) using defaults
[0.140s] Level 5:colcon.colcon_core.verb:set package 'ired_movetogoal' build argument 'cmake_args' from command line to 'None'
[0.140s] Level 5:colcon.colcon_core.verb:set package 'ired_movetogoal' build argument 'cmake_target' from command line to 'None'
[0.140s] Level 5:colcon.colcon_core.verb:set package 'ired_movetogoal' build argument 'cmake_target_skip_unavailable' from command line to 'False'
[0.140s] Level 5:colcon.colcon_core.verb:set package 'ired_movetogoal' build argument 'cmake_clean_cache' from command line to 'False'
[0.140s] Level 5:colcon.colcon_core.verb:set package 'ired_movetogoal' build argument 'cmake_clean_first' from command line to 'False'
[0.140s] Level 5:colcon.colcon_core.verb:set package 'ired_movetogoal' build argument 'cmake_force_configure' from command line to 'False'
[0.140s] Level 5:colcon.colcon_core.verb:set package 'ired_movetogoal' build argument 'ament_cmake_args' from command line to 'None'
[0.140s] Level 5:colcon.colcon_core.verb:set package 'ired_movetogoal' build argument 'catkin_cmake_args' from command line to 'None'
[0.140s] Level 5:colcon.colcon_core.verb:set package 'ired_movetogoal' build argument 'catkin_skip_building_tests' from command line to 'False'
[0.140s] DEBUG:colcon.colcon_core.verb:Building package 'ired_movetogoal' with the following arguments: {'ament_cmake_args': None, 'build_base': '/home/pi/robot_ws/build/ired_movetogoal', 'catkin_cmake_args': None, 'catkin_skip_building_tests': False, 'cmake_args': None, 'cmake_clean_cache': False, 'cmake_clean_first': False, 'cmake_force_configure': False, 'cmake_target': None, 'cmake_target_skip_unavailable': False, 'install_base': '/home/pi/robot_ws/install/ired_movetogoal', 'merge_install': False, 'path': '/home/pi/robot_ws/src/robot/ired_movetogoal', 'symlink_install': True, 'test_result_base': None}
[0.140s] Level 5:colcon.colcon_core.verb:set package 'ired_msgs' build argument 'cmake_args' from command line to 'None'
[0.140s] Level 5:colcon.colcon_core.verb:set package 'ired_msgs' build argument 'cmake_target' from command line to 'None'
[0.140s] Level 5:colcon.colcon_core.verb:set package 'ired_msgs' build argument 'cmake_target_skip_unavailable' from command line to 'False'
[0.140s] Level 5:colcon.colcon_core.verb:set package 'ired_msgs' build argument 'cmake_clean_cache' from command line to 'False'
[0.140s] Level 5:colcon.colcon_core.verb:set package 'ired_msgs' build argument 'cmake_clean_first' from command line to 'False'
[0.140s] Level 5:colcon.colcon_core.verb:set package 'ired_msgs' build argument 'cmake_force_configure' from command line to 'False'
[0.140s] Level 5:colcon.colcon_core.verb:set package 'ired_msgs' build argument 'ament_cmake_args' from command line to 'None'
[0.140s] Level 5:colcon.colcon_core.verb:set package 'ired_msgs' build argument 'catkin_cmake_args' from command line to 'None'
[0.140s] Level 5:colcon.colcon_core.verb:set package 'ired_msgs' build argument 'catkin_skip_building_tests' from command line to 'False'
[0.140s] DEBUG:colcon.colcon_core.verb:Building package 'ired_msgs' with the following arguments: {'ament_cmake_args': None, 'build_base': '/home/pi/robot_ws/build/ired_msgs', 'catkin_cmake_args': None, 'catkin_skip_building_tests': False, 'cmake_args': None, 'cmake_clean_cache': False, 'cmake_clean_first': False, 'cmake_force_configure': False, 'cmake_target': None, 'cmake_target_skip_unavailable': False, 'install_base': '/home/pi/robot_ws/install/ired_msgs', 'merge_install': False, 'path': '/home/pi/robot_ws/src/robot/ired_msgs', 'symlink_install': True, 'test_result_base': None}
[0.140s] Level 5:colcon.colcon_core.verb:set package 'ired_navigation' build argument 'cmake_args' from command line to 'None'
[0.140s] Level 5:colcon.colcon_core.verb:set package 'ired_navigation' build argument 'cmake_target' from command line to 'None'
[0.140s] Level 5:colcon.colcon_core.verb:set package 'ired_navigation' build argument 'cmake_target_skip_unavailable' from command line to 'False'
[0.140s] Level 5:colcon.colcon_core.verb:set package 'ired_navigation' build argument 'cmake_clean_cache' from command line to 'False'
[0.140s] Level 5:colcon.colcon_core.verb:set package 'ired_navigation' build argument 'cmake_clean_first' from command line to 'False'
[0.140s] Level 5:colcon.colcon_core.verb:set package 'ired_navigation' build argument 'cmake_force_configure' from command line to 'False'
[0.140s] Level 5:colcon.colcon_core.verb:set package 'ired_navigation' build argument 'ament_cmake_args' from command line to 'None'
[0.140s] Level 5:colcon.colcon_core.verb:set package 'ired_navigation' build argument 'catkin_cmake_args' from command line to 'None'
[0.140s] Level 5:colcon.colcon_core.verb:set package 'ired_navigation' build argument 'catkin_skip_building_tests' from command line to 'False'
[0.140s] DEBUG:colcon.colcon_core.verb:Building package 'ired_navigation' with the following arguments: {'ament_cmake_args': None, 'build_base': '/home/pi/robot_ws/build/ired_navigation', 'catkin_cmake_args': None, 'catkin_skip_building_tests': False, 'cmake_args': None, 'cmake_clean_cache': False, 'cmake_clean_first': False, 'cmake_force_configure': False, 'cmake_target': None, 'cmake_target_skip_unavailable': False, 'install_base': '/home/pi/robot_ws/install/ired_navigation', 'merge_install': False, 'path': '/home/pi/robot_ws/src/robot/ired_navigation', 'symlink_install': True, 'test_result_base': None}
[0.140s] Level 5:colcon.colcon_core.verb:set package 'ired_teleop' build argument 'cmake_args' from command line to 'None'
[0.140s] Level 5:colcon.colcon_core.verb:set package 'ired_teleop' build argument 'cmake_target' from command line to 'None'
[0.140s] Level 5:colcon.colcon_core.verb:set package 'ired_teleop' build argument 'cmake_target_skip_unavailable' from command line to 'False'
[0.140s] Level 5:colcon.colcon_core.verb:set package 'ired_teleop' build argument 'cmake_clean_cache' from command line to 'False'
[0.140s] Level 5:colcon.colcon_core.verb:set package 'ired_teleop' build argument 'cmake_clean_first' from command line to 'False'
[0.140s] Level 5:colcon.colcon_core.verb:set package 'ired_teleop' build argument 'cmake_force_configure' from command line to 'False'
[0.141s] Level 5:colcon.colcon_core.verb:set package 'ired_teleop' build argument 'ament_cmake_args' from command line to 'None'
[0.141s] Level 5:colcon.colcon_core.verb:set package 'ired_teleop' build argument 'catkin_cmake_args' from command line to 'None'
[0.141s] Level 5:colcon.colcon_core.verb:set package 'ired_teleop' build argument 'catkin_skip_building_tests' from command line to 'False'
[0.141s] DEBUG:colcon.colcon_core.verb:Building package 'ired_teleop' with the following arguments: {'ament_cmake_args': None, 'build_base': '/home/pi/robot_ws/build/ired_teleop', 'catkin_cmake_args': None, 'catkin_skip_building_tests': False, 'cmake_args': None, 'cmake_clean_cache': False, 'cmake_clean_first': False, 'cmake_force_configure': False, 'cmake_target': None, 'cmake_target_skip_unavailable': False, 'install_base': '/home/pi/robot_ws/install/ired_teleop', 'merge_install': False, 'path': '/home/pi/robot_ws/src/robot/ired_teleop', 'symlink_install': True, 'test_result_base': None}
[0.141s] Level 5:colcon.colcon_core.verb:set package 'rplidar_ros' build argument 'cmake_args' from command line to 'None'
[0.141s] Level 5:colcon.colcon_core.verb:set package 'rplidar_ros' build argument 'cmake_target' from command line to 'None'
[0.141s] Level 5:colcon.colcon_core.verb:set package 'rplidar_ros' build argument 'cmake_target_skip_unavailable' from command line to 'False'
[0.141s] Level 5:colcon.colcon_core.verb:set package 'rplidar_ros' build argument 'cmake_clean_cache' from command line to 'False'
[0.141s] Level 5:colcon.colcon_core.verb:set package 'rplidar_ros' build argument 'cmake_clean_first' from command line to 'False'
[0.141s] Level 5:colcon.colcon_core.verb:set package 'rplidar_ros' build argument 'cmake_force_configure' from command line to 'False'
[0.141s] Level 5:colcon.colcon_core.verb:set package 'rplidar_ros' build argument 'ament_cmake_args' from command line to 'None'
[0.141s] Level 5:colcon.colcon_core.verb:set package 'rplidar_ros' build argument 'catkin_cmake_args' from command line to 'None'
[0.141s] Level 5:colcon.colcon_core.verb:set package 'rplidar_ros' build argument 'catkin_skip_building_tests' from command line to 'False'
[0.141s] DEBUG:colcon.colcon_core.verb:Building package 'rplidar_ros' with the following arguments: {'ament_cmake_args': None, 'build_base': '/home/pi/robot_ws/build/rplidar_ros', 'catkin_cmake_args': None, 'catkin_skip_building_tests': False, 'cmake_args': None, 'cmake_clean_cache': False, 'cmake_clean_first': False, 'cmake_force_configure': False, 'cmake_target': None, 'cmake_target_skip_unavailable': False, 'install_base': '/home/pi/robot_ws/install/rplidar_ros', 'merge_install': False, 'path': '/home/pi/robot_ws/src/robot/rplidar_ros', 'symlink_install': True, 'test_result_base': None}
[0.141s] Level 5:colcon.colcon_core.verb:set package 'ired_bringup' build argument 'cmake_args' from command line to 'None'
[0.141s] Level 5:colcon.colcon_core.verb:set package 'ired_bringup' build argument 'cmake_target' from command line to 'None'
[0.141s] Level 5:colcon.colcon_core.verb:set package 'ired_bringup' build argument 'cmake_target_skip_unavailable' from command line to 'False'
[0.141s] Level 5:colcon.colcon_core.verb:set package 'ired_bringup' build argument 'cmake_clean_cache' from command line to 'False'
[0.141s] Level 5:colcon.colcon_core.verb:set package 'ired_bringup' build argument 'cmake_clean_first' from command line to 'False'
[0.141s] Level 5:colcon.colcon_core.verb:set package 'ired_bringup' build argument 'cmake_force_configure' from command line to 'False'
[0.141s] Level 5:colcon.colcon_core.verb:set package 'ired_bringup' build argument 'ament_cmake_args' from command line to 'None'
[0.141s] Level 5:colcon.colcon_core.verb:set package 'ired_bringup' build argument 'catkin_cmake_args' from command line to 'None'
[0.141s] Level 5:colcon.colcon_core.verb:set package 'ired_bringup' build argument 'catkin_skip_building_tests' from command line to 'False'
[0.141s] DEBUG:colcon.colcon_core.verb:Building package 'ired_bringup' with the following arguments: {'ament_cmake_args': None, 'build_base': '/home/pi/robot_ws/build/ired_bringup', 'catkin_cmake_args': None, 'catkin_skip_building_tests': False, 'cmake_args': None, 'cmake_clean_cache': False, 'cmake_clean_first': False, 'cmake_force_configure': False, 'cmake_target': None, 'cmake_target_skip_unavailable': False, 'install_base': '/home/pi/robot_ws/install/ired_bringup', 'merge_install': False, 'path': '/home/pi/robot_ws/src/robot/ired_bringup', 'symlink_install': True, 'test_result_base': None}
[0.141s] INFO:colcon.colcon_core.executor:Executing jobs using 'parallel' executor
[0.142s] DEBUG:colcon.colcon_parallel_executor.executor.parallel:run_until_complete
[0.142s] INFO:colcon.colcon_ros.task.ament_cmake.build:Building ROS package in '/home/pi/robot_ws/src/robot/ired_msgs' with build type 'ament_cmake'
[0.142s] INFO:colcon.colcon_cmake.task.cmake.build:Building CMake package in '/home/pi/robot_ws/src/robot/ired_msgs'
[0.143s] INFO:colcon.colcon_core.plugin_system:Skipping extension 'colcon_core.shell.bat': Not used on non-Windows systems
[0.143s] INFO:colcon.colcon_core.shell:Skip shell extension 'powershell' for command environment: Not usable outside of PowerShell
[0.143s] DEBUG:colcon.colcon_core.shell:Skip shell extension 'dsv' for command environment
[0.147s] INFO:colcon.colcon_ros.task.ament_python.build:Building ROS package in '/home/pi/robot_ws/src/robot/ired_movetogoal' with build type 'ament_python'
[0.147s] Level 1:colcon.colcon_core.shell:create_environment_hook('ired_movetogoal', 'ament_prefix_path')
[0.147s] INFO:colcon.colcon_core.shell:Creating environment hook '/home/pi/robot_ws/install/ired_movetogoal/share/ired_movetogoal/hook/ament_prefix_path.ps1'
[0.148s] INFO:colcon.colcon_core.shell:Creating environment descriptor '/home/pi/robot_ws/install/ired_movetogoal/share/ired_movetogoal/hook/ament_prefix_path.dsv'
[0.148s] INFO:colcon.colcon_core.shell:Creating environment hook '/home/pi/robot_ws/install/ired_movetogoal/share/ired_movetogoal/hook/ament_prefix_path.sh'
[0.148s] INFO:colcon.colcon_core.shell:Skip shell extension 'powershell' for command environment: Not usable outside of PowerShell
[0.148s] DEBUG:colcon.colcon_core.shell:Skip shell extension 'dsv' for command environment
[0.151s] INFO:colcon.colcon_ros.task.ament_cmake.build:Building ROS package in '/home/pi/robot_ws/src/robot/ired_navigation' with build type 'ament_cmake'
[0.151s] INFO:colcon.colcon_cmake.task.cmake.build:Building CMake package in '/home/pi/robot_ws/src/robot/ired_navigation'
[0.151s] INFO:colcon.colcon_core.shell:Skip shell extension 'powershell' for command environment: Not usable outside of PowerShell
[0.151s] DEBUG:colcon.colcon_core.shell:Skip shell extension 'dsv' for command environment
[0.153s] INFO:colcon.colcon_ros.task.ament_python.build:Building ROS package in '/home/pi/robot_ws/src/robot/ired_teleop' with build type 'ament_python'
[0.153s] Level 1:colcon.colcon_core.shell:create_environment_hook('ired_teleop', 'ament_prefix_path')
[0.153s] INFO:colcon.colcon_core.shell:Creating environment hook '/home/pi/robot_ws/install/ired_teleop/share/ired_teleop/hook/ament_prefix_path.ps1'
[0.153s] INFO:colcon.colcon_core.shell:Creating environment descriptor '/home/pi/robot_ws/install/ired_teleop/share/ired_teleop/hook/ament_prefix_path.dsv'
[0.153s] INFO:colcon.colcon_core.shell:Creating environment hook '/home/pi/robot_ws/install/ired_teleop/share/ired_teleop/hook/ament_prefix_path.sh'
[0.154s] INFO:colcon.colcon_core.shell:Skip shell extension 'powershell' for command environment: Not usable outside of PowerShell
[0.154s] DEBUG:colcon.colcon_core.shell:Skip shell extension 'dsv' for command environment
[0.156s] INFO:colcon.colcon_ros.task.ament_cmake.build:Building ROS package in '/home/pi/robot_ws/src/robot/rplidar_ros' with build type 'ament_cmake'
[0.156s] INFO:colcon.colcon_cmake.task.cmake.build:Building CMake package in '/home/pi/robot_ws/src/robot/rplidar_ros'
[0.156s] INFO:colcon.colcon_core.shell:Skip shell extension 'powershell' for command environment: Not usable outside of PowerShell
[0.156s] DEBUG:colcon.colcon_core.shell:Skip shell extension 'dsv' for command environment
[0.161s] DEBUG:colcon.colcon_core.event_handler.log_command:Invoking command in '/home/pi/robot_ws/build/ired_msgs': CMAKE_PREFIX_PATH=${CMAKE_PREFIX_PATH}:/opt/ros/jazzy DEBUGINFOD_URLS=https://debuginfod.ubuntu.com /usr/bin/cmake /home/pi/robot_ws/src/robot/ired_msgs -DAMENT_CMAKE_SYMLINK_INSTALL=1 -DCMAKE_INSTALL_PREFIX=/home/pi/robot_ws/install/ired_msgs
[0.284s] INFO:colcon.colcon_core.task.python.build:Building Python package in '/home/pi/robot_ws/src/robot/ired_movetogoal'
[0.285s] INFO:colcon.colcon_core.shell:Skip shell extension 'powershell' for command environment: Not usable outside of PowerShell
[0.285s] DEBUG:colcon.colcon_core.shell:Skip shell extension 'dsv' for command environment
[0.288s] DEBUG:colcon.colcon_core.event_handler.log_command:Invoking command in '/home/pi/robot_ws/build/ired_navigation': CMAKE_PREFIX_PATH=${CMAKE_PREFIX_PATH}:/opt/ros/jazzy DEBUGINFOD_URLS=https://debuginfod.ubuntu.com /usr/bin/cmake /home/pi/robot_ws/src/robot/ired_navigation -DAMENT_CMAKE_SYMLINK_INSTALL=1 -DCMAKE_INSTALL_PREFIX=/home/pi/robot_ws/install/ired_navigation
[0.416s] INFO:colcon.colcon_core.task.python.build:Building Python package in '/home/pi/robot_ws/src/robot/ired_teleop'
[0.416s] INFO:colcon.colcon_core.shell:Skip shell extension 'powershell' for command environment: Not usable outside of PowerShell
[0.416s] DEBUG:colcon.colcon_core.shell:Skip shell extension 'dsv' for command environment
[0.423s] DEBUG:colcon.colcon_core.event_handler.log_command:Invoking command in '/home/pi/robot_ws/build/rplidar_ros': CMAKE_PREFIX_PATH=${CMAKE_PREFIX_PATH}:/opt/ros/jazzy DEBUGINFOD_URLS=https://debuginfod.ubuntu.com /usr/bin/cmake /home/pi/robot_ws/src/robot/rplidar_ros -DAMENT_CMAKE_SYMLINK_INSTALL=1 -DCMAKE_INSTALL_PREFIX=/home/pi/robot_ws/install/rplidar_ros
[0.794s] DEBUG:colcon.colcon_core.event_handler.log_command:Invoking command in '/home/pi/robot_ws/build/ired_movetogoal': DEBUGINFOD_URLS=https://debuginfod.ubuntu.com PYTHONPATH=/home/pi/robot_ws/build/ired_movetogoal/prefix_override:/usr/lib/python3/dist-packages/colcon_core/task/python/colcon_distutils_commands:/home/pi/robot_ws/install/ired_movetogoal/lib/python3.12/site-packages:${PYTHONPATH} /usr/bin/python3 -W ignore:setup.py install is deprecated -W ignore:easy_install command is deprecated setup.py develop --editable --build-directory /home/pi/robot_ws/build/ired_movetogoal/build --no-deps symlink_data
[0.796s] DEBUG:colcon.colcon_core.event_handler.log_command:Invoking command in '/home/pi/robot_ws/build/ired_teleop': DEBUGINFOD_URLS=https://debuginfod.ubuntu.com PYTHONPATH=/home/pi/robot_ws/build/ired_teleop/prefix_override:/usr/lib/python3/dist-packages/colcon_core/task/python/colcon_distutils_commands:/home/pi/robot_ws/install/ired_teleop/lib/python3.12/site-packages:${PYTHONPATH} /usr/bin/python3 -W ignore:setup.py install is deprecated -W ignore:easy_install command is deprecated setup.py develop --editable --build-directory /home/pi/robot_ws/build/ired_teleop/build --no-deps symlink_data
[0.864s] DEBUG:colcon.colcon_core.event_handler.log_command:Invoked command in '/home/pi/robot_ws/build/ired_navigation' returned '0': CMAKE_PREFIX_PATH=${CMAKE_PREFIX_PATH}:/opt/ros/jazzy DEBUGINFOD_URLS=https://debuginfod.ubuntu.com /usr/bin/cmake /home/pi/robot_ws/src/robot/ired_navigation -DAMENT_CMAKE_SYMLINK_INSTALL=1 -DCMAKE_INSTALL_PREFIX=/home/pi/robot_ws/install/ired_navigation
[0.865s] DEBUG:colcon.colcon_core.event_handler.log_command:Invoking command in '/home/pi/robot_ws/build/ired_navigation': CMAKE_PREFIX_PATH=${CMAKE_PREFIX_PATH}:/opt/ros/jazzy DEBUGINFOD_URLS=https://debuginfod.ubuntu.com /usr/bin/cmake --build /home/pi/robot_ws/build/ired_navigation -- -j16 -l16
[0.903s] DEBUG:colcon.colcon_core.event_handler.log_command:Invoked command in '/home/pi/robot_ws/build/ired_navigation' returned '0': CMAKE_PREFIX_PATH=${CMAKE_PREFIX_PATH}:/opt/ros/jazzy DEBUGINFOD_URLS=https://debuginfod.ubuntu.com /usr/bin/cmake --build /home/pi/robot_ws/build/ired_navigation -- -j16 -l16
[0.912s] DEBUG:colcon.colcon_core.event_handler.log_command:Invoking command in '/home/pi/robot_ws/build/ired_navigation': CMAKE_PREFIX_PATH=${CMAKE_PREFIX_PATH}:/opt/ros/jazzy DEBUGINFOD_URLS=https://debuginfod.ubuntu.com /usr/bin/cmake --install /home/pi/robot_ws/build/ired_navigation
[1.133s] Level 1:colcon.colcon_core.environment:create_environment_scripts_only(ired_navigation)
[1.134s] DEBUG:colcon.colcon_core.event_handler.log_command:Invoked command in '/home/pi/robot_ws/build/ired_navigation' returned '0': CMAKE_PREFIX_PATH=${CMAKE_PREFIX_PATH}:/opt/ros/jazzy DEBUGINFOD_URLS=https://debuginfod.ubuntu.com /usr/bin/cmake --install /home/pi/robot_ws/build/ired_navigation
[1.135s] Level 1:colcon.colcon_core.environment:checking '/home/pi/robot_ws/install/ired_navigation' for CMake module files
[1.135s] Level 1:colcon.colcon_core.environment:checking '/home/pi/robot_ws/install/ired_navigation' for CMake config files
[1.135s] Level 1:colcon.colcon_core.shell:create_environment_hook('ired_navigation', 'cmake_prefix_path')
[1.136s] INFO:colcon.colcon_core.shell:Creating environment hook '/home/pi/robot_ws/install/ired_navigation/share/ired_navigation/hook/cmake_prefix_path.ps1'
[1.136s] INFO:colcon.colcon_core.shell:Creating environment descriptor '/home/pi/robot_ws/install/ired_navigation/share/ired_navigation/hook/cmake_prefix_path.dsv'
[1.136s] INFO:colcon.colcon_core.shell:Creating environment hook '/home/pi/robot_ws/install/ired_navigation/share/ired_navigation/hook/cmake_prefix_path.sh'
[1.136s] Level 1:colcon.colcon_core.environment:checking '/home/pi/robot_ws/install/ired_navigation/bin'
[1.137s] Level 1:colcon.colcon_core.environment:checking '/home/pi/robot_ws/install/ired_navigation/lib/pkgconfig/ired_navigation.pc'
[1.137s] Level 1:colcon.colcon_core.environment:checking '/home/pi/robot_ws/install/ired_navigation/lib/python3.12/site-packages'
[1.137s] Level 1:colcon.colcon_core.environment:checking '/home/pi/robot_ws/install/ired_navigation/bin'
[1.137s] INFO:colcon.colcon_core.shell:Creating package script '/home/pi/robot_ws/install/ired_navigation/share/ired_navigation/package.ps1'
[1.138s] INFO:colcon.colcon_core.shell:Creating package descriptor '/home/pi/robot_ws/install/ired_navigation/share/ired_navigation/package.dsv'
[1.138s] INFO:colcon.colcon_core.shell:Creating package script '/home/pi/robot_ws/install/ired_navigation/share/ired_navigation/package.sh'
[1.138s] INFO:colcon.colcon_core.shell:Creating package script '/home/pi/robot_ws/install/ired_navigation/share/ired_navigation/package.bash'
[1.139s] INFO:colcon.colcon_core.shell:Creating package script '/home/pi/robot_ws/install/ired_navigation/share/ired_navigation/package.zsh'
[1.139s] Level 1:colcon.colcon_core.environment:create_file_with_runtime_dependencies(/home/pi/robot_ws/install/ired_navigation/share/colcon-core/packages/ired_navigation)
[1.140s] Level 1:colcon.colcon_core.environment:create_environment_scripts_only(ired_navigation)
[1.140s] Level 1:colcon.colcon_core.environment:checking '/home/pi/robot_ws/install/ired_navigation' for CMake module files
[1.140s] Level 1:colcon.colcon_core.environment:checking '/home/pi/robot_ws/install/ired_navigation' for CMake config files
[1.140s] Level 1:colcon.colcon_core.shell:create_environment_hook('ired_navigation', 'cmake_prefix_path')
[1.140s] INFO:colcon.colcon_core.shell:Creating environment hook '/home/pi/robot_ws/install/ired_navigation/share/ired_navigation/hook/cmake_prefix_path.ps1'
[1.140s] INFO:colcon.colcon_core.shell:Creating environment descriptor '/home/pi/robot_ws/install/ired_navigation/share/ired_navigation/hook/cmake_prefix_path.dsv'
[1.141s] INFO:colcon.colcon_core.shell:Creating environment hook '/home/pi/robot_ws/install/ired_navigation/share/ired_navigation/hook/cmake_prefix_path.sh'
[1.141s] Level 1:colcon.colcon_core.environment:checking '/home/pi/robot_ws/install/ired_navigation/bin'
[1.141s] Level 1:colcon.colcon_core.environment:checking '/home/pi/robot_ws/install/ired_navigation/lib/pkgconfig/ired_navigation.pc'
[1.141s] Level 1:colcon.colcon_core.environment:checking '/home/pi/robot_ws/install/ired_navigation/lib/python3.12/site-packages'
[1.141s] Level 1:colcon.colcon_core.environment:checking '/home/pi/robot_ws/install/ired_navigation/bin'
[1.141s] INFO:colcon.colcon_core.shell:Creating package script '/home/pi/robot_ws/install/ired_navigation/share/ired_navigation/package.ps1'
[1.142s] INFO:colcon.colcon_core.shell:Creating package descriptor '/home/pi/robot_ws/install/ired_navigation/share/ired_navigation/package.dsv'
[1.142s] INFO:colcon.colcon_core.shell:Creating package script '/home/pi/robot_ws/install/ired_navigation/share/ired_navigation/package.sh'
[1.142s] INFO:colcon.colcon_core.shell:Creating package script '/home/pi/robot_ws/install/ired_navigation/share/ired_navigation/package.bash'
[1.143s] INFO:colcon.colcon_core.shell:Creating package script '/home/pi/robot_ws/install/ired_navigation/share/ired_navigation/package.zsh'
[1.143s] Level 1:colcon.colcon_core.environment:create_file_with_runtime_dependencies(/home/pi/robot_ws/install/ired_navigation/share/colcon-core/packages/ired_navigation)
[1.186s] Level 1:colcon.colcon_core.shell:create_environment_hook('ired_teleop', 'pythonpath_develop')
[1.187s] INFO:colcon.colcon_core.shell:Creating environment hook '/home/pi/robot_ws/build/ired_teleop/share/ired_teleop/hook/pythonpath_develop.ps1'
[1.187s] DEBUG:colcon.colcon_core.event_handler.log_command:Invoked command in '/home/pi/robot_ws/build/ired_teleop' returned '0': DEBUGINFOD_URLS=https://debuginfod.ubuntu.com PYTHONPATH=/home/pi/robot_ws/build/ired_teleop/prefix_override:/usr/lib/python3/dist-packages/colcon_core/task/python/colcon_distutils_commands:/home/pi/robot_ws/install/ired_teleop/lib/python3.12/site-packages:${PYTHONPATH} /usr/bin/python3 -W ignore:setup.py install is deprecated -W ignore:easy_install command is deprecated setup.py develop --editable --build-directory /home/pi/robot_ws/build/ired_teleop/build --no-deps symlink_data
[1.187s] INFO:colcon.colcon_core.shell:Creating environment descriptor '/home/pi/robot_ws/build/ired_teleop/share/ired_teleop/hook/pythonpath_develop.dsv'
[1.188s] INFO:colcon.colcon_core.shell:Creating environment hook '/home/pi/robot_ws/build/ired_teleop/share/ired_teleop/hook/pythonpath_develop.sh'
[1.188s] Level 1:colcon.colcon_core.environment:checking '/home/pi/robot_ws/install/ired_teleop' for CMake module files
[1.188s] Level 1:colcon.colcon_core.environment:checking '/home/pi/robot_ws/install/ired_teleop' for CMake config files
[1.189s] Level 1:colcon.colcon_core.environment:checking '/home/pi/robot_ws/install/ired_teleop/lib'
[1.189s] Level 1:colcon.colcon_core.environment:checking '/home/pi/robot_ws/install/ired_teleop/bin'
[1.189s] Level 1:colcon.colcon_core.environment:checking '/home/pi/robot_ws/install/ired_teleop/lib/pkgconfig/ired_teleop.pc'
[1.189s] Level 1:colcon.colcon_core.environment:checking '/home/pi/robot_ws/install/ired_teleop/lib/python3.12/site-packages'
[1.189s] Level 1:colcon.colcon_core.shell:create_environment_hook('ired_teleop', 'pythonpath')
[1.189s] INFO:colcon.colcon_core.shell:Creating environment hook '/home/pi/robot_ws/install/ired_teleop/share/ired_teleop/hook/pythonpath.ps1'
[1.190s] INFO:colcon.colcon_core.shell:Creating environment descriptor '/home/pi/robot_ws/install/ired_teleop/share/ired_teleop/hook/pythonpath.dsv'
[1.190s] INFO:colcon.colcon_core.shell:Creating environment hook '/home/pi/robot_ws/install/ired_teleop/share/ired_teleop/hook/pythonpath.sh'
[1.190s] Level 1:colcon.colcon_core.environment:checking '/home/pi/robot_ws/install/ired_teleop/bin'
[1.190s] Level 1:colcon.colcon_core.environment:create_environment_scripts_only(ired_teleop)
[1.191s] INFO:colcon.colcon_core.shell:Creating package script '/home/pi/robot_ws/install/ired_teleop/share/ired_teleop/package.ps1'
[1.191s] INFO:colcon.colcon_core.shell:Creating package descriptor '/home/pi/robot_ws/install/ired_teleop/share/ired_teleop/package.dsv'
[1.192s] INFO:colcon.colcon_core.shell:Creating package script '/home/pi/robot_ws/install/ired_teleop/share/ired_teleop/package.sh'
[1.192s] INFO:colcon.colcon_core.shell:Creating package script '/home/pi/robot_ws/install/ired_teleop/share/ired_teleop/package.bash'
[1.192s] INFO:colcon.colcon_core.shell:Creating package script '/home/pi/robot_ws/install/ired_teleop/share/ired_teleop/package.zsh'
[1.192s] Level 1:colcon.colcon_core.environment:create_file_with_runtime_dependencies(/home/pi/robot_ws/install/ired_teleop/share/colcon-core/packages/ired_teleop)
[1.192s] Level 1:colcon.colcon_core.shell:create_environment_hook('ired_movetogoal', 'pythonpath_develop')
[1.193s] INFO:colcon.colcon_core.shell:Creating environment hook '/home/pi/robot_ws/build/ired_movetogoal/share/ired_movetogoal/hook/pythonpath_develop.ps1'
[1.194s] DEBUG:colcon.colcon_core.event_handler.log_command:Invoked command in '/home/pi/robot_ws/build/ired_movetogoal' returned '0': DEBUGINFOD_URLS=https://debuginfod.ubuntu.com PYTHONPATH=/home/pi/robot_ws/build/ired_movetogoal/prefix_override:/usr/lib/python3/dist-packages/colcon_core/task/python/colcon_distutils_commands:/home/pi/robot_ws/install/ired_movetogoal/lib/python3.12/site-packages:${PYTHONPATH} /usr/bin/python3 -W ignore:setup.py install is deprecated -W ignore:easy_install command is deprecated setup.py develop --editable --build-directory /home/pi/robot_ws/build/ired_movetogoal/build --no-deps symlink_data
[1.194s] INFO:colcon.colcon_core.shell:Creating environment descriptor '/home/pi/robot_ws/build/ired_movetogoal/share/ired_movetogoal/hook/pythonpath_develop.dsv'
[1.194s] INFO:colcon.colcon_core.shell:Creating environment hook '/home/pi/robot_ws/build/ired_movetogoal/share/ired_movetogoal/hook/pythonpath_develop.sh'
[1.195s] Level 1:colcon.colcon_core.environment:checking '/home/pi/robot_ws/install/ired_movetogoal' for CMake module files
[1.195s] Level 1:colcon.colcon_core.environment:checking '/home/pi/robot_ws/install/ired_movetogoal' for CMake config files
[1.195s] Level 1:colcon.colcon_core.environment:checking '/home/pi/robot_ws/install/ired_movetogoal/lib'
[1.195s] Level 1:colcon.colcon_core.environment:checking '/home/pi/robot_ws/install/ired_movetogoal/bin'
[1.195s] Level 1:colcon.colcon_core.environment:checking '/home/pi/robot_ws/install/ired_movetogoal/lib/pkgconfig/ired_movetogoal.pc'
[1.195s] Level 1:colcon.colcon_core.environment:checking '/home/pi/robot_ws/install/ired_movetogoal/lib/python3.12/site-packages'
[1.195s] Level 1:colcon.colcon_core.shell:create_environment_hook('ired_movetogoal', 'pythonpath')
[1.195s] INFO:colcon.colcon_core.shell:Creating environment hook '/home/pi/robot_ws/install/ired_movetogoal/share/ired_movetogoal/hook/pythonpath.ps1'
[1.196s] INFO:colcon.colcon_core.shell:Creating environment descriptor '/home/pi/robot_ws/install/ired_movetogoal/share/ired_movetogoal/hook/pythonpath.dsv'
[1.196s] INFO:colcon.colcon_core.shell:Creating environment hook '/home/pi/robot_ws/install/ired_movetogoal/share/ired_movetogoal/hook/pythonpath.sh'
[1.196s] Level 1:colcon.colcon_core.environment:checking '/home/pi/robot_ws/install/ired_movetogoal/bin'
[1.196s] Level 1:colcon.colcon_core.environment:create_environment_scripts_only(ired_movetogoal)
[1.197s] INFO:colcon.colcon_core.shell:Creating package script '/home/pi/robot_ws/install/ired_movetogoal/share/ired_movetogoal/package.ps1'
[1.197s] INFO:colcon.colcon_core.shell:Creating package descriptor '/home/pi/robot_ws/install/ired_movetogoal/share/ired_movetogoal/package.dsv'
[1.197s] INFO:colcon.colcon_core.shell:Creating package script '/home/pi/robot_ws/install/ired_movetogoal/share/ired_movetogoal/package.sh'
[1.197s] INFO:colcon.colcon_core.shell:Creating package script '/home/pi/robot_ws/install/ired_movetogoal/share/ired_movetogoal/package.bash'
[1.197s] INFO:colcon.colcon_core.shell:Creating package script '/home/pi/robot_ws/install/ired_movetogoal/share/ired_movetogoal/package.zsh'
[1.198s] Level 1:colcon.colcon_core.environment:create_file_with_runtime_dependencies(/home/pi/robot_ws/install/ired_movetogoal/share/colcon-core/packages/ired_movetogoal)
[1.431s] DEBUG:colcon.colcon_core.event_handler.log_command:Invoked command in '/home/pi/robot_ws/build/rplidar_ros' returned '0': CMAKE_PREFIX_PATH=${CMAKE_PREFIX_PATH}:/opt/ros/jazzy DEBUGINFOD_URLS=https://debuginfod.ubuntu.com /usr/bin/cmake /home/pi/robot_ws/src/robot/rplidar_ros -DAMENT_CMAKE_SYMLINK_INSTALL=1 -DCMAKE_INSTALL_PREFIX=/home/pi/robot_ws/install/rplidar_ros
[1.432s] DEBUG:colcon.colcon_core.event_handler.log_command:Invoking command in '/home/pi/robot_ws/build/rplidar_ros': CMAKE_PREFIX_PATH=${CMAKE_PREFIX_PATH}:/opt/ros/jazzy DEBUGINFOD_URLS=https://debuginfod.ubuntu.com /usr/bin/cmake --build /home/pi/robot_ws/build/rplidar_ros -- -j16 -l16
[3.367s] DEBUG:colcon.colcon_core.event_handler.log_command:Invoked command in '/home/pi/robot_ws/build/ired_msgs' returned '0': CMAKE_PREFIX_PATH=${CMAKE_PREFIX_PATH}:/opt/ros/jazzy DEBUGINFOD_URLS=https://debuginfod.ubuntu.com /usr/bin/cmake /home/pi/robot_ws/src/robot/ired_msgs -DAMENT_CMAKE_SYMLINK_INSTALL=1 -DCMAKE_INSTALL_PREFIX=/home/pi/robot_ws/install/ired_msgs
[3.368s] DEBUG:colcon.colcon_core.event_handler.log_command:Invoking command in '/home/pi/robot_ws/build/ired_msgs': CMAKE_PREFIX_PATH=${CMAKE_PREFIX_PATH}:/opt/ros/jazzy DEBUGINFOD_URLS=https://debuginfod.ubuntu.com /usr/bin/cmake --build /home/pi/robot_ws/build/ired_msgs -- -j16 -l16
[6.227s] DEBUG:colcon.colcon_core.event_handler.log_command:Invoked command in '/home/pi/robot_ws/build/ired_msgs' returned '0': CMAKE_PREFIX_PATH=${CMAKE_PREFIX_PATH}:/opt/ros/jazzy DEBUGINFOD_URLS=https://debuginfod.ubuntu.com /usr/bin/cmake --build /home/pi/robot_ws/build/ired_msgs -- -j16 -l16
[6.228s] DEBUG:colcon.colcon_core.event_handler.log_command:Invoking command in '/home/pi/robot_ws/build/ired_msgs': CMAKE_PREFIX_PATH=${CMAKE_PREFIX_PATH}:/opt/ros/jazzy DEBUGINFOD_URLS=https://debuginfod.ubuntu.com /usr/bin/cmake --install /home/pi/robot_ws/build/ired_msgs
[7.508s] Level 1:colcon.colcon_core.environment:create_environment_scripts_only(ired_msgs)
[7.508s] DEBUG:colcon.colcon_core.event_handler.log_command:Invoked command in '/home/pi/robot_ws/build/ired_msgs' returned '0': CMAKE_PREFIX_PATH=${CMAKE_PREFIX_PATH}:/opt/ros/jazzy DEBUGINFOD_URLS=https://debuginfod.ubuntu.com /usr/bin/cmake --install /home/pi/robot_ws/build/ired_msgs
[7.509s] Level 1:colcon.colcon_core.environment:checking '/home/pi/robot_ws/install/ired_msgs' for CMake module files
[7.509s] Level 1:colcon.colcon_core.environment:checking '/home/pi/robot_ws/install/ired_msgs' for CMake config files
[7.510s] Level 1:colcon.colcon_core.shell:create_environment_hook('ired_msgs', 'cmake_prefix_path')
[7.510s] INFO:colcon.colcon_core.shell:Creating environment hook '/home/pi/robot_ws/install/ired_msgs/share/ired_msgs/hook/cmake_prefix_path.ps1'
[7.510s] INFO:colcon.colcon_core.shell:Creating environment descriptor '/home/pi/robot_ws/install/ired_msgs/share/ired_msgs/hook/cmake_prefix_path.dsv'
[7.511s] INFO:colcon.colcon_core.shell:Creating environment hook '/home/pi/robot_ws/install/ired_msgs/share/ired_msgs/hook/cmake_prefix_path.sh'
[7.511s] Level 1:colcon.colcon_core.environment:checking '/home/pi/robot_ws/install/ired_msgs/lib'
[7.511s] Level 1:colcon.colcon_core.shell:create_environment_hook('ired_msgs', 'ld_library_path_lib')
[7.511s] INFO:colcon.colcon_core.shell:Creating environment hook '/home/pi/robot_ws/install/ired_msgs/share/ired_msgs/hook/ld_library_path_lib.ps1'
[7.511s] INFO:colcon.colcon_core.shell:Creating environment descriptor '/home/pi/robot_ws/install/ired_msgs/share/ired_msgs/hook/ld_library_path_lib.dsv'
[7.511s] INFO:colcon.colcon_core.shell:Creating environment hook '/home/pi/robot_ws/install/ired_msgs/share/ired_msgs/hook/ld_library_path_lib.sh'
[7.512s] Level 1:colcon.colcon_core.environment:checking '/home/pi/robot_ws/install/ired_msgs/bin'
[7.512s] Level 1:colcon.colcon_core.environment:checking '/home/pi/robot_ws/install/ired_msgs/lib/pkgconfig/ired_msgs.pc'
[7.512s] Level 1:colcon.colcon_core.environment:checking '/home/pi/robot_ws/install/ired_msgs/lib/python3.12/site-packages'
[7.512s] Level 1:colcon.colcon_core.shell:create_environment_hook('ired_msgs', 'pythonpath')
[7.512s] INFO:colcon.colcon_core.shell:Creating environment hook '/home/pi/robot_ws/install/ired_msgs/share/ired_msgs/hook/pythonpath.ps1'
[7.512s] INFO:colcon.colcon_core.shell:Creating environment descriptor '/home/pi/robot_ws/install/ired_msgs/share/ired_msgs/hook/pythonpath.dsv'
[7.512s] INFO:colcon.colcon_core.shell:Creating environment hook '/home/pi/robot_ws/install/ired_msgs/share/ired_msgs/hook/pythonpath.sh'
[7.513s] Level 1:colcon.colcon_core.environment:checking '/home/pi/robot_ws/install/ired_msgs/bin'
[7.513s] INFO:colcon.colcon_core.shell:Creating package script '/home/pi/robot_ws/install/ired_msgs/share/ired_msgs/package.ps1'
[7.513s] INFO:colcon.colcon_core.shell:Creating package descriptor '/home/pi/robot_ws/install/ired_msgs/share/ired_msgs/package.dsv'
[7.513s] INFO:colcon.colcon_core.shell:Creating package script '/home/pi/robot_ws/install/ired_msgs/share/ired_msgs/package.sh'
[7.513s] INFO:colcon.colcon_core.shell:Creating package script '/home/pi/robot_ws/install/ired_msgs/share/ired_msgs/package.bash'
[7.514s] INFO:colcon.colcon_core.shell:Creating package script '/home/pi/robot_ws/install/ired_msgs/share/ired_msgs/package.zsh'
[7.514s] Level 1:colcon.colcon_core.environment:create_file_with_runtime_dependencies(/home/pi/robot_ws/install/ired_msgs/share/colcon-core/packages/ired_msgs)
[7.514s] Level 1:colcon.colcon_core.environment:create_environment_scripts_only(ired_msgs)
[7.514s] Level 1:colcon.colcon_core.environment:checking '/home/pi/robot_ws/install/ired_msgs' for CMake module files
[7.514s] Level 1:colcon.colcon_core.environment:checking '/home/pi/robot_ws/install/ired_msgs' for CMake config files
[7.515s] Level 1:colcon.colcon_core.shell:create_environment_hook('ired_msgs', 'cmake_prefix_path')
[7.515s] INFO:colcon.colcon_core.shell:Creating environment hook '/home/pi/robot_ws/install/ired_msgs/share/ired_msgs/hook/cmake_prefix_path.ps1'
[7.515s] INFO:colcon.colcon_core.shell:Creating environment descriptor '/home/pi/robot_ws/install/ired_msgs/share/ired_msgs/hook/cmake_prefix_path.dsv'
[7.516s] INFO:colcon.colcon_core.shell:Creating environment hook '/home/pi/robot_ws/install/ired_msgs/share/ired_msgs/hook/cmake_prefix_path.sh'
[7.516s] Level 1:colcon.colcon_core.environment:checking '/home/pi/robot_ws/install/ired_msgs/lib'
[7.516s] Level 1:colcon.colcon_core.shell:create_environment_hook('ired_msgs', 'ld_library_path_lib')
[7.516s] INFO:colcon.colcon_core.shell:Creating environment hook '/home/pi/robot_ws/install/ired_msgs/share/ired_msgs/hook/ld_library_path_lib.ps1'
[7.516s] INFO:colcon.colcon_core.shell:Creating environment descriptor '/home/pi/robot_ws/install/ired_msgs/share/ired_msgs/hook/ld_library_path_lib.dsv'
[7.516s] INFO:colcon.colcon_core.shell:Creating environment hook '/home/pi/robot_ws/install/ired_msgs/share/ired_msgs/hook/ld_library_path_lib.sh'
[7.517s] Level 1:colcon.colcon_core.environment:checking '/home/pi/robot_ws/install/ired_msgs/bin'
[7.517s] Level 1:colcon.colcon_core.environment:checking '/home/pi/robot_ws/install/ired_msgs/lib/pkgconfig/ired_msgs.pc'
[7.517s] Level 1:colcon.colcon_core.environment:checking '/home/pi/robot_ws/install/ired_msgs/lib/python3.12/site-packages'
[7.517s] Level 1:colcon.colcon_core.shell:create_environment_hook('ired_msgs', 'pythonpath')
[7.517s] INFO:colcon.colcon_core.shell:Creating environment hook '/home/pi/robot_ws/install/ired_msgs/share/ired_msgs/hook/pythonpath.ps1'
[7.517s] INFO:colcon.colcon_core.shell:Creating environment descriptor '/home/pi/robot_ws/install/ired_msgs/share/ired_msgs/hook/pythonpath.dsv'
[7.518s] INFO:colcon.colcon_core.shell:Creating environment hook '/home/pi/robot_ws/install/ired_msgs/share/ired_msgs/hook/pythonpath.sh'
[7.518s] Level 1:colcon.colcon_core.environment:checking '/home/pi/robot_ws/install/ired_msgs/bin'
[7.519s] INFO:colcon.colcon_core.shell:Creating package script '/home/pi/robot_ws/install/ired_msgs/share/ired_msgs/package.ps1'
[7.519s] INFO:colcon.colcon_core.shell:Creating package descriptor '/home/pi/robot_ws/install/ired_msgs/share/ired_msgs/package.dsv'
[7.519s] INFO:colcon.colcon_core.shell:Creating package script '/home/pi/robot_ws/install/ired_msgs/share/ired_msgs/package.sh'
[7.519s] INFO:colcon.colcon_core.shell:Creating package script '/home/pi/robot_ws/install/ired_msgs/share/ired_msgs/package.bash'
[7.520s] INFO:colcon.colcon_core.shell:Creating package script '/home/pi/robot_ws/install/ired_msgs/share/ired_msgs/package.zsh'
[7.520s] Level 1:colcon.colcon_core.environment:create_file_with_runtime_dependencies(/home/pi/robot_ws/install/ired_msgs/share/colcon-core/packages/ired_msgs)
[7.520s] INFO:colcon.colcon_ros.task.ament_cmake.build:Building ROS package in '/home/pi/robot_ws/src/robot/ired_bringup' with build type 'ament_cmake'
[7.521s] INFO:colcon.colcon_cmake.task.cmake.build:Building CMake package in '/home/pi/robot_ws/src/robot/ired_bringup'
[7.521s] INFO:colcon.colcon_core.shell:Skip shell extension 'powershell' for command environment: Not usable outside of PowerShell
[7.521s] DEBUG:colcon.colcon_core.shell:Skip shell extension 'dsv' for command environment
[7.531s] DEBUG:colcon.colcon_core.event_handler.log_command:Invoking command in '/home/pi/robot_ws/build/ired_bringup': AMENT_PREFIX_PATH=/home/pi/robot_ws/install/ired_msgs:${AMENT_PREFIX_PATH} CMAKE_PREFIX_PATH=/home/pi/robot_ws/install/ired_msgs:/opt/ros/jazzy/opt/gz_sim_vendor:/opt/ros/jazzy/opt/gz_sensors_vendor:/opt/ros/jazzy/opt/gz_physics_vendor:/opt/ros/jazzy/opt/sdformat_vendor:/opt/ros/jazzy/opt/gz_gui_vendor:/opt/ros/jazzy/opt/gz_transport_vendor:/opt/ros/jazzy/opt/gz_rendering_vendor:/opt/ros/jazzy/opt/gz_plugin_vendor:/opt/ros/jazzy/opt/gz_fuel_tools_vendor:/opt/ros/jazzy/opt/gz_msgs_vendor:/opt/ros/jazzy/opt/gz_common_vendor:/opt/ros/jazzy/opt/gz_math_vendor:/opt/ros/jazzy/opt/gz_utils_vendor:/opt/ros/jazzy/opt/gz_tools_vendor:/opt/ros/jazzy/opt/gz_ogre_next_vendor:/opt/ros/jazzy/opt/gz_dartsim_vendor:/opt/ros/jazzy/opt/gz_cmake_vendor:/opt/ros/jazzy DEBUGINFOD_URLS=https://debuginfod.ubuntu.com LD_LIBRARY_PATH=/home/pi/robot_ws/install/ired_msgs/lib:${LD_LIBRARY_PATH} PYTHONPATH=/home/pi/robot_ws/install/ired_msgs/lib/python3.12/site-packages:${PYTHONPATH} /usr/bin/cmake /home/pi/robot_ws/src/robot/ired_bringup -DAMENT_CMAKE_SYMLINK_INSTALL=1 -DCMAKE_INSTALL_PREFIX=/home/pi/robot_ws/install/ired_bringup
[8.287s] DEBUG:colcon.colcon_core.event_handler.log_command:Invoked command in '/home/pi/robot_ws/build/rplidar_ros' returned '0': CMAKE_PREFIX_PATH=${CMAKE_PREFIX_PATH}:/opt/ros/jazzy DEBUGINFOD_URLS=https://debuginfod.ubuntu.com /usr/bin/cmake --build /home/pi/robot_ws/build/rplidar_ros -- -j16 -l16
[8.288s] DEBUG:colcon.colcon_core.event_handler.log_command:Invoking command in '/home/pi/robot_ws/build/rplidar_ros': CMAKE_PREFIX_PATH=${CMAKE_PREFIX_PATH}:/opt/ros/jazzy DEBUGINFOD_URLS=https://debuginfod.ubuntu.com /usr/bin/cmake --install /home/pi/robot_ws/build/rplidar_ros
[8.495s] Level 1:colcon.colcon_core.environment:create_environment_scripts_only(rplidar_ros)
[8.495s] Level 1:colcon.colcon_core.environment:checking '/home/pi/robot_ws/install/rplidar_ros' for CMake module files
[8.496s] DEBUG:colcon.colcon_core.event_handler.log_command:Invoked command in '/home/pi/robot_ws/build/rplidar_ros' returned '0': CMAKE_PREFIX_PATH=${CMAKE_PREFIX_PATH}:/opt/ros/jazzy DEBUGINFOD_URLS=https://debuginfod.ubuntu.com /usr/bin/cmake --install /home/pi/robot_ws/build/rplidar_ros
[8.496s] Level 1:colcon.colcon_core.environment:checking '/home/pi/robot_ws/install/rplidar_ros' for CMake config files
[8.496s] Level 1:colcon.colcon_core.shell:create_environment_hook('rplidar_ros', 'cmake_prefix_path')
[8.496s] INFO:colcon.colcon_core.shell:Creating environment hook '/home/pi/robot_ws/install/rplidar_ros/share/rplidar_ros/hook/cmake_prefix_path.ps1'
[8.496s] INFO:colcon.colcon_core.shell:Creating environment descriptor '/home/pi/robot_ws/install/rplidar_ros/share/rplidar_ros/hook/cmake_prefix_path.dsv'
[8.497s] INFO:colcon.colcon_core.shell:Creating environment hook '/home/pi/robot_ws/install/rplidar_ros/share/rplidar_ros/hook/cmake_prefix_path.sh'
[8.497s] Level 1:colcon.colcon_core.environment:checking '/home/pi/robot_ws/install/rplidar_ros/lib'
[8.497s] Level 1:colcon.colcon_core.environment:checking '/home/pi/robot_ws/install/rplidar_ros/bin'
[8.497s] Level 1:colcon.colcon_core.environment:checking '/home/pi/robot_ws/install/rplidar_ros/lib/pkgconfig/rplidar_ros.pc'
[8.497s] Level 1:colcon.colcon_core.environment:checking '/home/pi/robot_ws/install/rplidar_ros/lib/python3.12/site-packages'
[8.497s] Level 1:colcon.colcon_core.environment:checking '/home/pi/robot_ws/install/rplidar_ros/bin'
[8.497s] INFO:colcon.colcon_core.shell:Creating package script '/home/pi/robot_ws/install/rplidar_ros/share/rplidar_ros/package.ps1'
[8.498s] INFO:colcon.colcon_core.shell:Creating package descriptor '/home/pi/robot_ws/install/rplidar_ros/share/rplidar_ros/package.dsv'
[8.498s] INFO:colcon.colcon_core.shell:Creating package script '/home/pi/robot_ws/install/rplidar_ros/share/rplidar_ros/package.sh'
[8.498s] INFO:colcon.colcon_core.shell:Creating package script '/home/pi/robot_ws/install/rplidar_ros/share/rplidar_ros/package.bash'
[8.498s] INFO:colcon.colcon_core.shell:Creating package script '/home/pi/robot_ws/install/rplidar_ros/share/rplidar_ros/package.zsh'
[8.498s] Level 1:colcon.colcon_core.environment:create_file_with_runtime_dependencies(/home/pi/robot_ws/install/rplidar_ros/share/colcon-core/packages/rplidar_ros)
[8.498s] Level 1:colcon.colcon_core.environment:create_environment_scripts_only(rplidar_ros)
[8.499s] Level 1:colcon.colcon_core.environment:checking '/home/pi/robot_ws/install/rplidar_ros' for CMake module files
[8.499s] Level 1:colcon.colcon_core.environment:checking '/home/pi/robot_ws/install/rplidar_ros' for CMake config files
[8.499s] Level 1:colcon.colcon_core.shell:create_environment_hook('rplidar_ros', 'cmake_prefix_path')
[8.499s] INFO:colcon.colcon_core.shell:Creating environment hook '/home/pi/robot_ws/install/rplidar_ros/share/rplidar_ros/hook/cmake_prefix_path.ps1'
[8.500s] INFO:colcon.colcon_core.shell:Creating environment descriptor '/home/pi/robot_ws/install/rplidar_ros/share/rplidar_ros/hook/cmake_prefix_path.dsv'
[8.500s] INFO:colcon.colcon_core.shell:Creating environment hook '/home/pi/robot_ws/install/rplidar_ros/share/rplidar_ros/hook/cmake_prefix_path.sh'
[8.500s] Level 1:colcon.colcon_core.environment:checking '/home/pi/robot_ws/install/rplidar_ros/lib'
[8.500s] Level 1:colcon.colcon_core.environment:checking '/home/pi/robot_ws/install/rplidar_ros/bin'
[8.500s] Level 1:colcon.colcon_core.environment:checking '/home/pi/robot_ws/install/rplidar_ros/lib/pkgconfig/rplidar_ros.pc'
[8.500s] Level 1:colcon.colcon_core.environment:checking '/home/pi/robot_ws/install/rplidar_ros/lib/python3.12/site-packages'
[8.500s] Level 1:colcon.colcon_core.environment:checking '/home/pi/robot_ws/install/rplidar_ros/bin'
[8.500s] INFO:colcon.colcon_core.shell:Creating package script '/home/pi/robot_ws/install/rplidar_ros/share/rplidar_ros/package.ps1'
[8.501s] INFO:colcon.colcon_core.shell:Creating package descriptor '/home/pi/robot_ws/install/rplidar_ros/share/rplidar_ros/package.dsv'
[8.501s] INFO:colcon.colcon_core.shell:Creating package script '/home/pi/robot_ws/install/rplidar_ros/share/rplidar_ros/package.sh'
[8.501s] INFO:colcon.colcon_core.shell:Creating package script '/home/pi/robot_ws/install/rplidar_ros/share/rplidar_ros/package.bash'
[8.502s] INFO:colcon.colcon_core.shell:Creating package script '/home/pi/robot_ws/install/rplidar_ros/share/rplidar_ros/package.zsh'
[8.502s] Level 1:colcon.colcon_core.environment:create_file_with_runtime_dependencies(/home/pi/robot_ws/install/rplidar_ros/share/colcon-core/packages/rplidar_ros)
[8.651s] DEBUG:colcon.colcon_core.event_handler.log_command:Invoked command in '/home/pi/robot_ws/build/ired_bringup' returned '0': AMENT_PREFIX_PATH=/home/pi/robot_ws/install/ired_msgs:${AMENT_PREFIX_PATH} CMAKE_PREFIX_PATH=/home/pi/robot_ws/install/ired_msgs:/opt/ros/jazzy/opt/gz_sim_vendor:/opt/ros/jazzy/opt/gz_sensors_vendor:/opt/ros/jazzy/opt/gz_physics_vendor:/opt/ros/jazzy/opt/sdformat_vendor:/opt/ros/jazzy/opt/gz_gui_vendor:/opt/ros/jazzy/opt/gz_transport_vendor:/opt/ros/jazzy/opt/gz_rendering_vendor:/opt/ros/jazzy/opt/gz_plugin_vendor:/opt/ros/jazzy/opt/gz_fuel_tools_vendor:/opt/ros/jazzy/opt/gz_msgs_vendor:/opt/ros/jazzy/opt/gz_common_vendor:/opt/ros/jazzy/opt/gz_math_vendor:/opt/ros/jazzy/opt/gz_utils_vendor:/opt/ros/jazzy/opt/gz_tools_vendor:/opt/ros/jazzy/opt/gz_ogre_next_vendor:/opt/ros/jazzy/opt/gz_dartsim_vendor:/opt/ros/jazzy/opt/gz_cmake_vendor:/opt/ros/jazzy DEBUGINFOD_URLS=https://debuginfod.ubuntu.com LD_LIBRARY_PATH=/home/pi/robot_ws/install/ired_msgs/lib:${LD_LIBRARY_PATH} PYTHONPATH=/home/pi/robot_ws/install/ired_msgs/lib/python3.12/site-packages:${PYTHONPATH} /usr/bin/cmake /home/pi/robot_ws/src/robot/ired_bringup -DAMENT_CMAKE_SYMLINK_INSTALL=1 -DCMAKE_INSTALL_PREFIX=/home/pi/robot_ws/install/ired_bringup
[8.651s] DEBUG:colcon.colcon_core.event_handler.log_command:Invoking command in '/home/pi/robot_ws/build/ired_bringup': AMENT_PREFIX_PATH=/home/pi/robot_ws/install/ired_msgs:${AMENT_PREFIX_PATH} CMAKE_PREFIX_PATH=/home/pi/robot_ws/install/ired_msgs:/opt/ros/jazzy/opt/gz_sim_vendor:/opt/ros/jazzy/opt/gz_sensors_vendor:/opt/ros/jazzy/opt/gz_physics_vendor:/opt/ros/jazzy/opt/sdformat_vendor:/opt/ros/jazzy/opt/gz_gui_vendor:/opt/ros/jazzy/opt/gz_transport_vendor:/opt/ros/jazzy/opt/gz_rendering_vendor:/opt/ros/jazzy/opt/gz_plugin_vendor:/opt/ros/jazzy/opt/gz_fuel_tools_vendor:/opt/ros/jazzy/opt/gz_msgs_vendor:/opt/ros/jazzy/opt/gz_common_vendor:/opt/ros/jazzy/opt/gz_math_vendor:/opt/ros/jazzy/opt/gz_utils_vendor:/opt/ros/jazzy/opt/gz_tools_vendor:/opt/ros/jazzy/opt/gz_ogre_next_vendor:/opt/ros/jazzy/opt/gz_dartsim_vendor:/opt/ros/jazzy/opt/gz_cmake_vendor:/opt/ros/jazzy DEBUGINFOD_URLS=https://debuginfod.ubuntu.com LD_LIBRARY_PATH=/home/pi/robot_ws/install/ired_msgs/lib:${LD_LIBRARY_PATH} PYTHONPATH=/home/pi/robot_ws/install/ired_msgs/lib/python3.12/site-packages:${PYTHONPATH} /usr/bin/cmake --build /home/pi/robot_ws/build/ired_bringup -- -j16 -l16
[19.752s] DEBUG:colcon.colcon_core.event_handler.log_command:Invoked command in '/home/pi/robot_ws/build/ired_bringup' returned '0': AMENT_PREFIX_PATH=/home/pi/robot_ws/install/ired_msgs:${AMENT_PREFIX_PATH} CMAKE_PREFIX_PATH=/home/pi/robot_ws/install/ired_msgs:/opt/ros/jazzy/opt/gz_sim_vendor:/opt/ros/jazzy/opt/gz_sensors_vendor:/opt/ros/jazzy/opt/gz_physics_vendor:/opt/ros/jazzy/opt/sdformat_vendor:/opt/ros/jazzy/opt/gz_gui_vendor:/opt/ros/jazzy/opt/gz_transport_vendor:/opt/ros/jazzy/opt/gz_rendering_vendor:/opt/ros/jazzy/opt/gz_plugin_vendor:/opt/ros/jazzy/opt/gz_fuel_tools_vendor:/opt/ros/jazzy/opt/gz_msgs_vendor:/opt/ros/jazzy/opt/gz_common_vendor:/opt/ros/jazzy/opt/gz_math_vendor:/opt/ros/jazzy/opt/gz_utils_vendor:/opt/ros/jazzy/opt/gz_tools_vendor:/opt/ros/jazzy/opt/gz_ogre_next_vendor:/opt/ros/jazzy/opt/gz_dartsim_vendor:/opt/ros/jazzy/opt/gz_cmake_vendor:/opt/ros/jazzy DEBUGINFOD_URLS=https://debuginfod.ubuntu.com LD_LIBRARY_PATH=/home/pi/robot_ws/install/ired_msgs/lib:${LD_LIBRARY_PATH} PYTHONPATH=/home/pi/robot_ws/install/ired_msgs/lib/python3.12/site-packages:${PYTHONPATH} /usr/bin/cmake --build /home/pi/robot_ws/build/ired_bringup -- -j16 -l16
[19.753s] DEBUG:colcon.colcon_core.event_handler.log_command:Invoking command in '/home/pi/robot_ws/build/ired_bringup': AMENT_PREFIX_PATH=/home/pi/robot_ws/install/ired_msgs:${AMENT_PREFIX_PATH} CMAKE_PREFIX_PATH=/home/pi/robot_ws/install/ired_msgs:/opt/ros/jazzy/opt/gz_sim_vendor:/opt/ros/jazzy/opt/gz_sensors_vendor:/opt/ros/jazzy/opt/gz_physics_vendor:/opt/ros/jazzy/opt/sdformat_vendor:/opt/ros/jazzy/opt/gz_gui_vendor:/opt/ros/jazzy/opt/gz_transport_vendor:/opt/ros/jazzy/opt/gz_rendering_vendor:/opt/ros/jazzy/opt/gz_plugin_vendor:/opt/ros/jazzy/opt/gz_fuel_tools_vendor:/opt/ros/jazzy/opt/gz_msgs_vendor:/opt/ros/jazzy/opt/gz_common_vendor:/opt/ros/jazzy/opt/gz_math_vendor:/opt/ros/jazzy/opt/gz_utils_vendor:/opt/ros/jazzy/opt/gz_tools_vendor:/opt/ros/jazzy/opt/gz_ogre_next_vendor:/opt/ros/jazzy/opt/gz_dartsim_vendor:/opt/ros/jazzy/opt/gz_cmake_vendor:/opt/ros/jazzy DEBUGINFOD_URLS=https://debuginfod.ubuntu.com LD_LIBRARY_PATH=/home/pi/robot_ws/install/ired_msgs/lib:${LD_LIBRARY_PATH} PYTHONPATH=/home/pi/robot_ws/install/ired_msgs/lib/python3.12/site-packages:${PYTHONPATH} /usr/bin/cmake --install /home/pi/robot_ws/build/ired_bringup
[20.041s] Level 1:colcon.colcon_core.environment:create_environment_scripts_only(ired_bringup)
[20.041s] Level 1:colcon.colcon_core.environment:checking '/home/pi/robot_ws/install/ired_bringup' for CMake module files
[20.042s] DEBUG:colcon.colcon_core.event_handler.log_command:Invoked command in '/home/pi/robot_ws/build/ired_bringup' returned '0': AMENT_PREFIX_PATH=/home/pi/robot_ws/install/ired_msgs:${AMENT_PREFIX_PATH} CMAKE_PREFIX_PATH=/home/pi/robot_ws/install/ired_msgs:/opt/ros/jazzy/opt/gz_sim_vendor:/opt/ros/jazzy/opt/gz_sensors_vendor:/opt/ros/jazzy/opt/gz_physics_vendor:/opt/ros/jazzy/opt/sdformat_vendor:/opt/ros/jazzy/opt/gz_gui_vendor:/opt/ros/jazzy/opt/gz_transport_vendor:/opt/ros/jazzy/opt/gz_rendering_vendor:/opt/ros/jazzy/opt/gz_plugin_vendor:/opt/ros/jazzy/opt/gz_fuel_tools_vendor:/opt/ros/jazzy/opt/gz_msgs_vendor:/opt/ros/jazzy/opt/gz_common_vendor:/opt/ros/jazzy/opt/gz_math_vendor:/opt/ros/jazzy/opt/gz_utils_vendor:/opt/ros/jazzy/opt/gz_tools_vendor:/opt/ros/jazzy/opt/gz_ogre_next_vendor:/opt/ros/jazzy/opt/gz_dartsim_vendor:/opt/ros/jazzy/opt/gz_cmake_vendor:/opt/ros/jazzy DEBUGINFOD_URLS=https://debuginfod.ubuntu.com LD_LIBRARY_PATH=/home/pi/robot_ws/install/ired_msgs/lib:${LD_LIBRARY_PATH} PYTHONPATH=/home/pi/robot_ws/install/ired_msgs/lib/python3.12/site-packages:${PYTHONPATH} /usr/bin/cmake --install /home/pi/robot_ws/build/ired_bringup
[20.042s] Level 1:colcon.colcon_core.environment:checking '/home/pi/robot_ws/install/ired_bringup' for CMake config files
[20.043s] Level 1:colcon.colcon_core.shell:create_environment_hook('ired_bringup', 'cmake_prefix_path')
[20.043s] INFO:colcon.colcon_core.shell:Creating environment hook '/home/pi/robot_ws/install/ired_bringup/share/ired_bringup/hook/cmake_prefix_path.ps1'
[20.043s] INFO:colcon.colcon_core.shell:Creating environment descriptor '/home/pi/robot_ws/install/ired_bringup/share/ired_bringup/hook/cmake_prefix_path.dsv'
[20.044s] INFO:colcon.colcon_core.shell:Creating environment hook '/home/pi/robot_ws/install/ired_bringup/share/ired_bringup/hook/cmake_prefix_path.sh'
[20.044s] Level 1:colcon.colcon_core.environment:checking '/home/pi/robot_ws/install/ired_bringup/lib'
[20.044s] Level 1:colcon.colcon_core.environment:checking '/home/pi/robot_ws/install/ired_bringup/bin'
[20.044s] Level 1:colcon.colcon_core.environment:checking '/home/pi/robot_ws/install/ired_bringup/lib/pkgconfig/ired_bringup.pc'
[20.044s] Level 1:colcon.colcon_core.environment:checking '/home/pi/robot_ws/install/ired_bringup/lib/python3.12/site-packages'
[20.045s] Level 1:colcon.colcon_core.environment:checking '/home/pi/robot_ws/install/ired_bringup/bin'
[20.045s] INFO:colcon.colcon_core.shell:Creating package script '/home/pi/robot_ws/install/ired_bringup/share/ired_bringup/package.ps1'
[20.045s] INFO:colcon.colcon_core.shell:Creating package descriptor '/home/pi/robot_ws/install/ired_bringup/share/ired_bringup/package.dsv'
[20.045s] INFO:colcon.colcon_core.shell:Creating package script '/home/pi/robot_ws/install/ired_bringup/share/ired_bringup/package.sh'
[20.045s] INFO:colcon.colcon_core.shell:Creating package script '/home/pi/robot_ws/install/ired_bringup/share/ired_bringup/package.bash'
[20.046s] INFO:colcon.colcon_core.shell:Creating package script '/home/pi/robot_ws/install/ired_bringup/share/ired_bringup/package.zsh'
[20.046s] Level 1:colcon.colcon_core.environment:create_file_with_runtime_dependencies(/home/pi/robot_ws/install/ired_bringup/share/colcon-core/packages/ired_bringup)
[20.046s] Level 1:colcon.colcon_core.environment:create_environment_scripts_only(ired_bringup)
[20.046s] Level 1:colcon.colcon_core.environment:checking '/home/pi/robot_ws/install/ired_bringup' for CMake module files
[20.047s] Level 1:colcon.colcon_core.environment:checking '/home/pi/robot_ws/install/ired_bringup' for CMake config files
[20.047s] Level 1:colcon.colcon_core.shell:create_environment_hook('ired_bringup', 'cmake_prefix_path')
[20.047s] INFO:colcon.colcon_core.shell:Creating environment hook '/home/pi/robot_ws/install/ired_bringup/share/ired_bringup/hook/cmake_prefix_path.ps1'
[20.047s] INFO:colcon.colcon_core.shell:Creating environment descriptor '/home/pi/robot_ws/install/ired_bringup/share/ired_bringup/hook/cmake_prefix_path.dsv'
[20.047s] INFO:colcon.colcon_core.shell:Creating environment hook '/home/pi/robot_ws/install/ired_bringup/share/ired_bringup/hook/cmake_prefix_path.sh'
[20.048s] Level 1:colcon.colcon_core.environment:checking '/home/pi/robot_ws/install/ired_bringup/lib'
[20.048s] Level 1:colcon.colcon_core.environment:checking '/home/pi/robot_ws/install/ired_bringup/bin'
[20.048s] Level 1:colcon.colcon_core.environment:checking '/home/pi/robot_ws/install/ired_bringup/lib/pkgconfig/ired_bringup.pc'
[20.048s] Level 1:colcon.colcon_core.environment:checking '/home/pi/robot_ws/install/ired_bringup/lib/python3.12/site-packages'
[20.048s] Level 1:colcon.colcon_core.environment:checking '/home/pi/robot_ws/install/ired_bringup/bin'
[20.048s] INFO:colcon.colcon_core.shell:Creating package script '/home/pi/robot_ws/install/ired_bringup/share/ired_bringup/package.ps1'
[20.048s] INFO:colcon.colcon_core.shell:Creating package descriptor '/home/pi/robot_ws/install/ired_bringup/share/ired_bringup/package.dsv'
[20.049s] INFO:colcon.colcon_core.shell:Creating package script '/home/pi/robot_ws/install/ired_bringup/share/ired_bringup/package.sh'
[20.049s] INFO:colcon.colcon_core.shell:Creating package script '/home/pi/robot_ws/install/ired_bringup/share/ired_bringup/package.bash'
[20.049s] INFO:colcon.colcon_core.shell:Creating package script '/home/pi/robot_ws/install/ired_bringup/share/ired_bringup/package.zsh'
[20.049s] Level 1:colcon.colcon_core.environment:create_file_with_runtime_dependencies(/home/pi/robot_ws/install/ired_bringup/share/colcon-core/packages/ired_bringup)
[20.049s] DEBUG:colcon.colcon_parallel_executor.executor.parallel:closing loop
[20.050s] DEBUG:colcon.colcon_parallel_executor.executor.parallel:loop closed
[20.050s] DEBUG:colcon.colcon_parallel_executor.executor.parallel:run_until_complete finished with '0'
[20.050s] DEBUG:colcon.colcon_core.event_reactor:joining thread
[20.054s] INFO:colcon.colcon_core.plugin_system:Skipping extension 'colcon_notification.desktop_notification.terminal_notifier': Not used on non-Darwin systems
[20.054s] INFO:colcon.colcon_core.plugin_system:Skipping extension 'colcon_notification.desktop_notification.win32': Not used on non-Windows systems
[20.054s] INFO:colcon.colcon_notification.desktop_notification:Sending desktop notification using 'notify2'
[20.061s] DEBUG:colcon.colcon_core.event_reactor:joined thread
[20.062s] INFO:colcon.colcon_core.shell:Creating prefix script '/home/pi/robot_ws/install/local_setup.ps1'
[20.062s] INFO:colcon.colcon_core.shell:Creating prefix util module '/home/pi/robot_ws/install/_local_setup_util_ps1.py'
[20.063s] INFO:colcon.colcon_core.shell:Creating prefix chain script '/home/pi/robot_ws/install/setup.ps1'
[20.063s] INFO:colcon.colcon_core.shell:Creating prefix script '/home/pi/robot_ws/install/local_setup.sh'
[20.064s] INFO:colcon.colcon_core.shell:Creating prefix util module '/home/pi/robot_ws/install/_local_setup_util_sh.py'
[20.064s] INFO:colcon.colcon_core.shell:Creating prefix chain script '/home/pi/robot_ws/install/setup.sh'
[20.064s] INFO:colcon.colcon_core.shell:Creating prefix script '/home/pi/robot_ws/install/local_setup.bash'
[20.065s] INFO:colcon.colcon_core.shell:Creating prefix chain script '/home/pi/robot_ws/install/setup.bash'
[20.065s] INFO:colcon.colcon_core.shell:Creating prefix script '/home/pi/robot_ws/install/local_setup.zsh'
[20.065s] INFO:colcon.colcon_core.shell:Creating prefix chain script '/home/pi/robot_ws/install/setup.zsh'
