[0.927s] Invoking command in '/home/pp/Tawan-pe-/build/lidar_bringup': CMAKE_PREFIX_PATH=${CMAKE_PREFIX_PATH}:/home/pp/Tawan-pe-/install/station_pkg:/home/pp/Tawan-pe-/install/ros2_aruco:/home/pp/Tawan-pe-/install/motion_control:/home/pp/Tawan-pe-/install/ired_teleop:/home/pp/Tawan-pe-/install/ired_movetogoal:/opt/ros/jazzy DEBUGINFOD_URLS=https://debuginfod.ubuntu.com /usr/bin/cmake /home/pp/Tawan-pe-/src/lidar_bringup -DAMENT_CMAKE_SYMLINK_INSTALL=1 -DCMAKE_INSTALL_PREFIX=/home/pp/Tawan-pe-/install/lidar_bringup
[1.870s] -- Found ament_cmake: 2.5.4 (/opt/ros/jazzy/share/ament_cmake/cmake)
[1.870s] -- Override CMake install command with custom implementation using symlinks instead of copying resources
[1.870s] -- Found ament_lint_auto: 0.17.3 (/opt/ros/jazzy/share/ament_lint_auto/cmake)
[1.870s] -- Added test 'flake8' to check Python code syntax and style conventions
[1.870s] -- Configured 'flake8' exclude dirs and/or files: 
[1.871s] -- Added test 'lint_cmake' to check CMake code style
[1.871s] -- Added test 'pep257' to check Python code against some of the docstring style conventions in PEP 257
[1.871s] -- Added test 'xmllint' to check XML markup files
[1.871s] -- Configuring done (0.6s)
[1.871s] -- Generating done (0.0s)
[1.871s] -- Build files have been written to: /home/pp/Tawan-pe-/build/lidar_bringup
[1.881s] Invoked command in '/home/pp/Tawan-pe-/build/lidar_bringup' returned '0': CMAKE_PREFIX_PATH=${CMAKE_PREFIX_PATH}:/home/pp/Tawan-pe-/install/station_pkg:/home/pp/Tawan-pe-/install/ros2_aruco:/home/pp/Tawan-pe-/install/motion_control:/home/pp/Tawan-pe-/install/ired_teleop:/home/pp/Tawan-pe-/install/ired_movetogoal:/opt/ros/jazzy DEBUGINFOD_URLS=https://debuginfod.ubuntu.com /usr/bin/cmake /home/pp/Tawan-pe-/src/lidar_bringup -DAMENT_CMAKE_SYMLINK_INSTALL=1 -DCMAKE_INSTALL_PREFIX=/home/pp/Tawan-pe-/install/lidar_bringup
[1.882s] Invoking command in '/home/pp/Tawan-pe-/build/lidar_bringup': CMAKE_PREFIX_PATH=${CMAKE_PREFIX_PATH}:/home/pp/Tawan-pe-/install/station_pkg:/home/pp/Tawan-pe-/install/ros2_aruco:/home/pp/Tawan-pe-/install/motion_control:/home/pp/Tawan-pe-/install/ired_teleop:/home/pp/Tawan-pe-/install/ired_movetogoal:/opt/ros/jazzy DEBUGINFOD_URLS=https://debuginfod.ubuntu.com /usr/bin/cmake --build /home/pp/Tawan-pe-/build/lidar_bringup -- -j12 -l12
[1.977s] Invoked command in '/home/pp/Tawan-pe-/build/lidar_bringup' returned '0': CMAKE_PREFIX_PATH=${CMAKE_PREFIX_PATH}:/home/pp/Tawan-pe-/install/station_pkg:/home/pp/Tawan-pe-/install/ros2_aruco:/home/pp/Tawan-pe-/install/motion_control:/home/pp/Tawan-pe-/install/ired_teleop:/home/pp/Tawan-pe-/install/ired_movetogoal:/opt/ros/jazzy DEBUGINFOD_URLS=https://debuginfod.ubuntu.com /usr/bin/cmake --build /home/pp/Tawan-pe-/build/lidar_bringup -- -j12 -l12
[1.978s] Invoking command in '/home/pp/Tawan-pe-/build/lidar_bringup': CMAKE_PREFIX_PATH=${CMAKE_PREFIX_PATH}:/home/pp/Tawan-pe-/install/station_pkg:/home/pp/Tawan-pe-/install/ros2_aruco:/home/pp/Tawan-pe-/install/motion_control:/home/pp/Tawan-pe-/install/ired_teleop:/home/pp/Tawan-pe-/install/ired_movetogoal:/opt/ros/jazzy DEBUGINFOD_URLS=https://debuginfod.ubuntu.com /usr/bin/cmake --install /home/pp/Tawan-pe-/build/lidar_bringup
[1.997s] -- Install configuration: ""
[1.998s] -- Execute custom install script
[1.998s] -- Up-to-date symlink: /home/pp/Tawan-pe-/install/lidar_bringup/share/lidar_bringup/launch/hokuyo_launch.py
[1.999s] -- Up-to-date symlink: /home/pp/Tawan-pe-/install/lidar_bringup/share/ament_index/resource_index/package_run_dependencies/lidar_bringup
[1.999s] -- Up-to-date symlink: /home/pp/Tawan-pe-/install/lidar_bringup/share/ament_index/resource_index/parent_prefix_path/lidar_bringup
[1.999s] -- Up-to-date symlink: /home/pp/Tawan-pe-/install/lidar_bringup/share/lidar_bringup/environment/ament_prefix_path.sh
[1.999s] -- Up-to-date symlink: /home/pp/Tawan-pe-/install/lidar_bringup/share/lidar_bringup/environment/ament_prefix_path.dsv
[2.000s] -- Up-to-date symlink: /home/pp/Tawan-pe-/install/lidar_bringup/share/lidar_bringup/environment/path.sh
[2.000s] -- Up-to-date symlink: /home/pp/Tawan-pe-/install/lidar_bringup/share/lidar_bringup/environment/path.dsv
[2.000s] -- Up-to-date symlink: /home/pp/Tawan-pe-/install/lidar_bringup/share/lidar_bringup/local_setup.bash
[2.000s] -- Up-to-date symlink: /home/pp/Tawan-pe-/install/lidar_bringup/share/lidar_bringup/local_setup.sh
[2.000s] -- Up-to-date symlink: /home/pp/Tawan-pe-/install/lidar_bringup/share/lidar_bringup/local_setup.zsh
[2.001s] -- Up-to-date symlink: /home/pp/Tawan-pe-/install/lidar_bringup/share/lidar_bringup/local_setup.dsv
[2.001s] -- Symlinking: /home/pp/Tawan-pe-/install/lidar_bringup/share/lidar_bringup/package.dsv
[2.020s] -- Up-to-date symlink: /home/pp/Tawan-pe-/install/lidar_bringup/share/ament_index/resource_index/packages/lidar_bringup
[2.021s] -- Up-to-date symlink: /home/pp/Tawan-pe-/install/lidar_bringup/share/lidar_bringup/cmake/lidar_bringupConfig.cmake
[2.022s] -- Up-to-date symlink: /home/pp/Tawan-pe-/install/lidar_bringup/share/lidar_bringup/cmake/lidar_bringupConfig-version.cmake
[2.022s] -- Up-to-date symlink: /home/pp/Tawan-pe-/install/lidar_bringup/share/lidar_bringup/package.xml
[2.091s] Invoked command in '/home/pp/Tawan-pe-/build/lidar_bringup' returned '0': CMAKE_PREFIX_PATH=${CMAKE_PREFIX_PATH}:/home/pp/Tawan-pe-/install/station_pkg:/home/pp/Tawan-pe-/install/ros2_aruco:/home/pp/Tawan-pe-/install/motion_control:/home/pp/Tawan-pe-/install/ired_teleop:/home/pp/Tawan-pe-/install/ired_movetogoal:/opt/ros/jazzy DEBUGINFOD_URLS=https://debuginfod.ubuntu.com /usr/bin/cmake --install /home/pp/Tawan-pe-/build/lidar_bringup
