[0.042s] Invoking command in '/home/pi/robot_ws/build/csm': CMAKE_PREFIX_PATH=${CMAKE_PREFIX_PATH}:/home/pi/robot_ws/install/ros2_aruco:/home/pi/robot_ws/install/ired_teleop:/home/pi/robot_ws/install/ired_movetogoal:/opt/ros/jazzy DEBUGINFOD_URLS=https://debuginfod.ubuntu.com /usr/bin/cmake /home/pi/robot_ws/src/robot/cms -DAMENT_CMAKE_SYMLINK_INSTALL=1 -DCMAKE_INSTALL_PREFIX=/home/pi/robot_ws/install/csm
[0.774s] -- The C compiler identification is GNU 13.3.0
[0.774s] -- The CXX compiler identification is GNU 13.3.0
[0.774s] -- Detecting C compiler ABI info
[0.774s] -- Detecting C compiler ABI info - done
[0.774s] -- Check for working C compiler: /usr/bin/cc - skipped
[0.774s] -- Detecting C compile features
[0.774s] -- Detecting C compile features - done
[0.774s] -- Detecting CXX compiler ABI info
[0.774s] -- Detecting CXX compiler ABI info - done
[0.774s] -- Check for working CXX compiler: /usr/bin/c++ - skipped
[0.774s] -- Detecting CXX compile features
[0.775s] -- Detecting CXX compile features - done
[0.775s] -- Found ament_cmake: 2.5.4 (/opt/ros/jazzy/share/ament_cmake/cmake)
[0.775s] -- Found Python3: /usr/bin/python3 (found version "3.12.3") found components: Interpreter 
[0.775s] -- Override CMake install command with custom implementation using symlinks instead of copying resources
[0.775s] -- Found rclcpp: 28.1.13 (/opt/ros/jazzy/share/rclcpp/cmake)
[0.776s] -- Found rosidl_generator_c: 4.6.6 (/opt/ros/jazzy/share/rosidl_generator_c/cmake)
[0.795s] -- Found rosidl_generator_cpp: 4.6.6 (/opt/ros/jazzy/share/rosidl_generator_cpp/cmake)
[0.826s] -- Using all available rosidl_typesupport_c: rosidl_typesupport_fastrtps_c;rosidl_typesupport_introspection_c
[0.861s] -- Using all available rosidl_typesupport_cpp: rosidl_typesupport_fastrtps_cpp;rosidl_typesupport_introspection_cpp
[0.994s] -- Found rmw_implementation_cmake: 7.3.2 (/opt/ros/jazzy/share/rmw_implementation_cmake/cmake)
[1.002s] -- Found rmw_fastrtps_cpp: 8.4.3 (/opt/ros/jazzy/share/rmw_fastrtps_cpp/cmake)
[1.153s] -- Found OpenSSL: /usr/lib/x86_64-linux-gnu/libcrypto.so (found version "3.0.13")  
[1.181s] -- Found FastRTPS: /opt/ros/jazzy/include (Required is at least version "2.13") 
[1.209s] -- Using RMW implementation 'rmw_fastrtps_cpp' as default
[1.425s] -- Configuring done (1.4s)
[1.434s] -- Generating done (0.0s)
[1.437s] -- Build files have been written to: /home/pi/robot_ws/build/csm
[1.451s] Invoked command in '/home/pi/robot_ws/build/csm' returned '0': CMAKE_PREFIX_PATH=${CMAKE_PREFIX_PATH}:/home/pi/robot_ws/install/ros2_aruco:/home/pi/robot_ws/install/ired_teleop:/home/pi/robot_ws/install/ired_movetogoal:/opt/ros/jazzy DEBUGINFOD_URLS=https://debuginfod.ubuntu.com /usr/bin/cmake /home/pi/robot_ws/src/robot/cms -DAMENT_CMAKE_SYMLINK_INSTALL=1 -DCMAKE_INSTALL_PREFIX=/home/pi/robot_ws/install/csm
[1.452s] Invoking command in '/home/pi/robot_ws/build/csm': CMAKE_PREFIX_PATH=${CMAKE_PREFIX_PATH}:/home/pi/robot_ws/install/ros2_aruco:/home/pi/robot_ws/install/ired_teleop:/home/pi/robot_ws/install/ired_movetogoal:/opt/ros/jazzy DEBUGINFOD_URLS=https://debuginfod.ubuntu.com /usr/bin/cmake --build /home/pi/robot_ws/build/csm -- -j16 -l16
[1.516s] [ 20%] [32mBuilding CXX object CMakeFiles/csm.dir/src/csm/orientation.cpp.o[0m
[1.516s] [ 20%] [32mBuilding CXX object CMakeFiles/csm.dir/src/csm/logging.cpp.o[0m
[1.516s] [ 20%] [32mBuilding CXX object CMakeFiles/csm.dir/src/csm/sm_options.cpp.o[0m
[1.516s] [ 20%] [32mBuilding CXX object CMakeFiles/csm.dir/src/csm/utils.cpp.o[0m
[1.518s] [ 20%] [32mBuilding CXX object CMakeFiles/csm.dir/src/csm/math_utils_gsl.cpp.o[0m
[1.520s] [ 25%] [32mBuilding CXX object CMakeFiles/csm.dir/src/csm/laser_data.cpp.o[0m
[1.520s] [ 29%] [32mBuilding CXX object CMakeFiles/csm.dir/src/csm/clustering.cpp.o[0m
[1.521s] [ 33%] [32mBuilding CXX object CMakeFiles/csm.dir/src/csm/math_utils.cpp.o[0m
[1.524s] [ 41%] [32mBuilding CXX object CMakeFiles/csm.dir/src/egsl/egsl_conversions.cpp.o[0m
[1.524s] [ 41%] [32mBuilding CXX object CMakeFiles/csm.dir/src/egsl/egsl.cpp.o[0m
[1.529s] [ 45%] [32mBuilding CXX object CMakeFiles/csm.dir/src/egsl/egsl_misc.cpp.o[0m
[1.529s] [ 50%] [32mBuilding CXX object CMakeFiles/csm.dir/src/gpc/gpc.cpp.o[0m
[1.534s] [ 54%] [32mBuilding CXX object CMakeFiles/csm.dir/src/egsl/egsl_ops.cpp.o[0m
[1.538s] [ 58%] [32mBuilding CXX object CMakeFiles/csm.dir/src/gpc/gpc_utils.cpp.o[0m
[1.544s] [ 62%] [32mBuilding CXX object CMakeFiles/csm.dir/src/icp/icp.cpp.o[0m
[1.547s] [ 66%] [32mBuilding CXX object CMakeFiles/csm.dir/src/icp/icp_corr_dumb.cpp.o[0m
[3.111s] [ 70%] [32mBuilding CXX object CMakeFiles/csm.dir/src/icp/icp_corr_tricks.cpp.o[0m
[3.128s] [ 75%] [32mBuilding CXX object CMakeFiles/csm.dir/src/icp/icp_covariance.cpp.o[0m
[3.192s] [ 79%] [32mBuilding CXX object CMakeFiles/csm.dir/src/icp/icp_debug.cpp.o[0m
[3.260s] [ 83%] [32mBuilding CXX object CMakeFiles/csm.dir/src/icp/icp_loop.cpp.o[0m
[3.306s] [ 87%] [32mBuilding CXX object CMakeFiles/csm.dir/src/icp/icp_outliers.cpp.o[0m
[3.347s] [ 91%] [32mBuilding CXX object CMakeFiles/csm.dir/src/options/options.cpp.o[0m
[3.374s] [ 95%] [32mBuilding CXX object CMakeFiles/csm.dir/src/options/options_interface.cpp.o[0m
[15.566s] [100%] [32m[1mLinking CXX shared library libcsm.so[0m
[15.836s] [100%] Built target csm
[15.849s] Invoked command in '/home/pi/robot_ws/build/csm' returned '0': CMAKE_PREFIX_PATH=${CMAKE_PREFIX_PATH}:/home/pi/robot_ws/install/ros2_aruco:/home/pi/robot_ws/install/ired_teleop:/home/pi/robot_ws/install/ired_movetogoal:/opt/ros/jazzy DEBUGINFOD_URLS=https://debuginfod.ubuntu.com /usr/bin/cmake --build /home/pi/robot_ws/build/csm -- -j16 -l16
[15.850s] Invoking command in '/home/pi/robot_ws/build/csm': CMAKE_PREFIX_PATH=${CMAKE_PREFIX_PATH}:/home/pi/robot_ws/install/ros2_aruco:/home/pi/robot_ws/install/ired_teleop:/home/pi/robot_ws/install/ired_movetogoal:/opt/ros/jazzy DEBUGINFOD_URLS=https://debuginfod.ubuntu.com /usr/bin/cmake --install /home/pi/robot_ws/build/csm
[15.860s] -- Install configuration: ""
[15.860s] -- Execute custom install script
[15.861s] -- Symlinking: /home/pi/robot_ws/install/csm/lib/libcsm.so
[15.871s] -- Symlinking: /home/pi/robot_ws/install/csm/include/..//include/csm/algos.h
[15.881s] -- Symlinking: /home/pi/robot_ws/install/csm/include/..//include/csm/csm.h
[15.891s] -- Symlinking: /home/pi/robot_ws/install/csm/include/..//include/csm/laser_data.h
[15.901s] -- Symlinking: /home/pi/robot_ws/install/csm/include/..//include/csm/laser_data_inline.h
[15.911s] -- Symlinking: /home/pi/robot_ws/install/csm/include/..//include/csm/restrict.h
[15.920s] -- Symlinking: /home/pi/robot_ws/install/csm/include/..//include/gsl_eigen/gsl_eigen.h
[15.930s] -- Symlinking: /home/pi/robot_ws/install/csm/share/csm/resource/csm
[15.940s] -- Symlinking: /home/pi/robot_ws/install/csm/include/../gsl_eigen/gsl_eigen.h
[15.950s] -- Symlinking: /home/pi/robot_ws/install/csm/share/csm/environment/library_path.sh
[15.962s] -- Symlinking: /home/pi/robot_ws/install/csm/share/csm/environment/library_path.dsv
[15.972s] -- Symlinking: /home/pi/robot_ws/install/csm/share/ament_index/resource_index/package_run_dependencies/csm
[15.982s] -- Symlinking: /home/pi/robot_ws/install/csm/share/ament_index/resource_index/parent_prefix_path/csm
[15.993s] -- Symlinking: /home/pi/robot_ws/install/csm/share/csm/environment/ament_prefix_path.sh
[16.004s] -- Symlinking: /home/pi/robot_ws/install/csm/share/csm/environment/ament_prefix_path.dsv
[16.014s] -- Symlinking: /home/pi/robot_ws/install/csm/share/csm/environment/path.sh
[16.024s] -- Symlinking: /home/pi/robot_ws/install/csm/share/csm/environment/path.dsv
[16.034s] -- Symlinking: /home/pi/robot_ws/install/csm/share/csm/local_setup.bash
[16.043s] -- Symlinking: /home/pi/robot_ws/install/csm/share/csm/local_setup.sh
[16.053s] -- Symlinking: /home/pi/robot_ws/install/csm/share/csm/local_setup.zsh
[16.065s] -- Symlinking: /home/pi/robot_ws/install/csm/share/csm/local_setup.dsv
[16.074s] -- Symlinking: /home/pi/robot_ws/install/csm/share/csm/package.dsv
[16.084s] -- Symlinking: /home/pi/robot_ws/install/csm/share/ament_index/resource_index/packages/csm
[16.093s] -- Symlinking: /home/pi/robot_ws/install/csm/share/csm/cmake/ament_cmake_export_dependencies-extras.cmake
[16.104s] -- Symlinking: /home/pi/robot_ws/install/csm/share/csm/cmake/ament_cmake_export_include_directories-extras.cmake
[16.114s] -- Symlinking: /home/pi/robot_ws/install/csm/share/csm/cmake/ament_cmake_export_libraries-extras.cmake
[16.124s] -- Symlinking: /home/pi/robot_ws/install/csm/share/csm/cmake/csmConfig.cmake
[16.133s] -- Symlinking: /home/pi/robot_ws/install/csm/share/csm/cmake/csmConfig-version.cmake
[16.143s] -- Symlinking: /home/pi/robot_ws/install/csm/share/csm/package.xml
[16.156s] Invoked command in '/home/pi/robot_ws/build/csm' returned '0': CMAKE_PREFIX_PATH=${CMAKE_PREFIX_PATH}:/home/pi/robot_ws/install/ros2_aruco:/home/pi/robot_ws/install/ired_teleop:/home/pi/robot_ws/install/ired_movetogoal:/opt/ros/jazzy DEBUGINFOD_URLS=https://debuginfod.ubuntu.com /usr/bin/cmake --install /home/pi/robot_ws/build/csm
