[1.064s] Invoking command in '/home/pi/robot_ws/build/ros2_aruco': DEBUGINFOD_URLS=https://debuginfod.ubuntu.com PYTHONPATH=/home/pi/robot_ws/build/ros2_aruco/prefix_override:/usr/lib/python3/dist-packages/colcon_core/task/python/colcon_distutils_commands:/home/pi/robot_ws/install/ros2_aruco/lib/python3.12/site-packages:${PYTHONPATH} /usr/bin/python3 -W ignore:setup.py install is deprecated -W ignore:easy_install command is deprecated setup.py develop --uninstall --editable --build-directory /home/pi/robot_ws/build/ros2_aruco/build
[1.294s] running develop
[1.421s] Removing /home/pi/robot_ws/install/ros2_aruco/lib/python3.12/site-packages/ros2-aruco.egg-link (link to .)
[1.468s] Invoked command in '/home/pi/robot_ws/build/ros2_aruco' returned '0': DEBUGINFOD_URLS=https://debuginfod.ubuntu.com PYTHONPATH=/home/pi/robot_ws/build/ros2_aruco/prefix_override:/usr/lib/python3/dist-packages/colcon_core/task/python/colcon_distutils_commands:/home/pi/robot_ws/install/ros2_aruco/lib/python3.12/site-packages:${PYTHONPATH} /usr/bin/python3 -W ignore:setup.py install is deprecated -W ignore:easy_install command is deprecated setup.py develop --uninstall --editable --build-directory /home/pi/robot_ws/build/ros2_aruco/build
[1.469s] Invoking command in '/home/pi/robot_ws/src/aruco_marker/ros2_aruco/ros2_aruco': DEBUGINFOD_URLS=https://debuginfod.ubuntu.com PYTHONPATH=/home/pi/robot_ws/build/ros2_aruco/prefix_override:/usr/lib/python3/dist-packages/colcon_core/task/python/colcon_distutils_commands:/home/pi/robot_ws/install/ros2_aruco/lib/python3.12/site-packages:${PYTHONPATH} /usr/bin/python3 -W ignore:setup.py install is deprecated -W ignore:easy_install command is deprecated setup.py egg_info --egg-base ../../../../build/ros2_aruco build --build-base /home/pi/robot_ws/build/ros2_aruco/build install --record /home/pi/robot_ws/build/ros2_aruco/install.log --single-version-externally-managed install_data --force
[1.653s] running egg_info
[1.666s] writing ../../../../build/ros2_aruco/ros2_aruco.egg-info/PKG-INFO
[1.666s] writing dependency_links to ../../../../build/ros2_aruco/ros2_aruco.egg-info/dependency_links.txt
[1.666s] writing entry points to ../../../../build/ros2_aruco/ros2_aruco.egg-info/entry_points.txt
[1.666s] writing requirements to ../../../../build/ros2_aruco/ros2_aruco.egg-info/requires.txt
[1.666s] writing top-level names to ../../../../build/ros2_aruco/ros2_aruco.egg-info/top_level.txt
[1.694s] reading manifest file '../../../../build/ros2_aruco/ros2_aruco.egg-info/SOURCES.txt'
[1.695s] writing manifest file '../../../../build/ros2_aruco/ros2_aruco.egg-info/SOURCES.txt'
[1.695s] running build
[1.695s] running build_py
[1.696s] running install
[1.703s] running install_lib
[1.723s] creating /home/pi/robot_ws/install/ros2_aruco/lib/python3.12/site-packages/ros2_aruco
[1.723s] copying /home/pi/robot_ws/build/ros2_aruco/build/lib/ros2_aruco/__init__.py -> /home/pi/robot_ws/install/ros2_aruco/lib/python3.12/site-packages/ros2_aruco
[1.723s] copying /home/pi/robot_ws/build/ros2_aruco/build/lib/ros2_aruco/aruco_node.py -> /home/pi/robot_ws/install/ros2_aruco/lib/python3.12/site-packages/ros2_aruco
[1.723s] copying /home/pi/robot_ws/build/ros2_aruco/build/lib/ros2_aruco/aruco_generate_marker.py -> /home/pi/robot_ws/install/ros2_aruco/lib/python3.12/site-packages/ros2_aruco
[1.723s] byte-compiling /home/pi/robot_ws/install/ros2_aruco/lib/python3.12/site-packages/ros2_aruco/__init__.py to __init__.cpython-312.pyc
[1.724s] byte-compiling /home/pi/robot_ws/install/ros2_aruco/lib/python3.12/site-packages/ros2_aruco/aruco_node.py to aruco_node.cpython-312.pyc
[1.725s] byte-compiling /home/pi/robot_ws/install/ros2_aruco/lib/python3.12/site-packages/ros2_aruco/aruco_generate_marker.py to aruco_generate_marker.cpython-312.pyc
[1.725s] running install_data
[1.725s] copying resource/ros2_aruco -> /home/pi/robot_ws/install/ros2_aruco/share/ament_index/resource_index/packages
[1.726s] copying package.xml -> /home/pi/robot_ws/install/ros2_aruco/share/ros2_aruco
[1.726s] copying launch/aruco_recognition.launch.py -> /home/pi/robot_ws/install/ros2_aruco/share/ros2_aruco/launch
[1.727s] copying config/aruco_parameters.yaml -> /home/pi/robot_ws/install/ros2_aruco/share/ros2_aruco/config
[1.727s] running install_egg_info
[1.740s] Copying ../../../../build/ros2_aruco/ros2_aruco.egg-info to /home/pi/robot_ws/install/ros2_aruco/lib/python3.12/site-packages/ros2_aruco-0.1.0-py3.12.egg-info
[1.741s] running install_scripts
[1.833s] Installing aruco_generate_marker script to /home/pi/robot_ws/install/ros2_aruco/lib/ros2_aruco
[1.834s] Installing aruco_node script to /home/pi/robot_ws/install/ros2_aruco/lib/ros2_aruco
[1.834s] writing list of installed files to '/home/pi/robot_ws/build/ros2_aruco/install.log'
[1.871s] Invoked command in '/home/pi/robot_ws/src/aruco_marker/ros2_aruco/ros2_aruco' returned '0': DEBUGINFOD_URLS=https://debuginfod.ubuntu.com PYTHONPATH=/home/pi/robot_ws/build/ros2_aruco/prefix_override:/usr/lib/python3/dist-packages/colcon_core/task/python/colcon_distutils_commands:/home/pi/robot_ws/install/ros2_aruco/lib/python3.12/site-packages:${PYTHONPATH} /usr/bin/python3 -W ignore:setup.py install is deprecated -W ignore:easy_install command is deprecated setup.py egg_info --egg-base ../../../../build/ros2_aruco build --build-base /home/pi/robot_ws/build/ros2_aruco/build install --record /home/pi/robot_ws/build/ros2_aruco/install.log --single-version-externally-managed install_data --force
