[0.536s] Invoking command in '/home/pp/Tawan-pe-/build/lidar_bringup': CMAKE_PREFIX_PATH=${CMAKE_PREFIX_PATH}:/home/pp/Tawan-pe-/install/station_pkg:/home/pp/Tawan-pe-/install/station_manager:/home/pp/Tawan-pe-/install/ros2_aruco:/home/pp/Tawan-pe-/install/motion_control:/home/pp/Tawan-pe-/install/ired_teleop:/home/pp/Tawan-pe-/install/ired_movetogoal:/opt/ros/jazzy DEBUGINFOD_URLS=https://debuginfod.ubuntu.com /usr/bin/cmake --build /home/pp/Tawan-pe-/build/lidar_bringup -- -j12 -l12
[0.956s] Invoked command in '/home/pp/Tawan-pe-/build/lidar_bringup' returned '0': CMAKE_PREFIX_PATH=${CMAKE_PREFIX_PATH}:/home/pp/Tawan-pe-/install/station_pkg:/home/pp/Tawan-pe-/install/station_manager:/home/pp/Tawan-pe-/install/ros2_aruco:/home/pp/Tawan-pe-/install/motion_control:/home/pp/Tawan-pe-/install/ired_teleop:/home/pp/Tawan-pe-/install/ired_movetogoal:/opt/ros/jazzy DEBUGINFOD_URLS=https://debuginfod.ubuntu.com /usr/bin/cmake --build /home/pp/Tawan-pe-/build/lidar_bringup -- -j12 -l12
[0.956s] Invoking command in '/home/pp/Tawan-pe-/build/lidar_bringup': CMAKE_PREFIX_PATH=${CMAKE_PREFIX_PATH}:/home/pp/Tawan-pe-/install/station_pkg:/home/pp/Tawan-pe-/install/station_manager:/home/pp/Tawan-pe-/install/ros2_aruco:/home/pp/Tawan-pe-/install/motion_control:/home/pp/Tawan-pe-/install/ired_teleop:/home/pp/Tawan-pe-/install/ired_movetogoal:/opt/ros/jazzy DEBUGINFOD_URLS=https://debuginfod.ubuntu.com /usr/bin/cmake --install /home/pp/Tawan-pe-/build/lidar_bringup
[0.990s] -- Install configuration: ""
[1.000s] -- Execute custom install script
[1.003s] -- Up-to-date symlink: /home/pp/Tawan-pe-/install/lidar_bringup/share/lidar_bringup/launch/hokuyo_launch.py
[1.003s] -- Up-to-date symlink: /home/pp/Tawan-pe-/install/lidar_bringup/share/ament_index/resource_index/package_run_dependencies/lidar_bringup
[1.004s] -- Up-to-date symlink: /home/pp/Tawan-pe-/install/lidar_bringup/share/ament_index/resource_index/parent_prefix_path/lidar_bringup
[1.005s] -- Up-to-date symlink: /home/pp/Tawan-pe-/install/lidar_bringup/share/lidar_bringup/environment/ament_prefix_path.sh
[1.005s] -- Up-to-date symlink: /home/pp/Tawan-pe-/install/lidar_bringup/share/lidar_bringup/environment/ament_prefix_path.dsv
[1.005s] -- Up-to-date symlink: /home/pp/Tawan-pe-/install/lidar_bringup/share/lidar_bringup/environment/path.sh
[1.005s] -- Up-to-date symlink: /home/pp/Tawan-pe-/install/lidar_bringup/share/lidar_bringup/environment/path.dsv
[1.005s] -- Up-to-date symlink: /home/pp/Tawan-pe-/install/lidar_bringup/share/lidar_bringup/local_setup.bash
[1.005s] -- Up-to-date symlink: /home/pp/Tawan-pe-/install/lidar_bringup/share/lidar_bringup/local_setup.sh
[1.005s] -- Up-to-date symlink: /home/pp/Tawan-pe-/install/lidar_bringup/share/lidar_bringup/local_setup.zsh
[1.005s] -- Up-to-date symlink: /home/pp/Tawan-pe-/install/lidar_bringup/share/lidar_bringup/local_setup.dsv
[1.005s] -- Symlinking: /home/pp/Tawan-pe-/install/lidar_bringup/share/lidar_bringup/package.dsv
[1.023s] -- Up-to-date symlink: /home/pp/Tawan-pe-/install/lidar_bringup/share/ament_index/resource_index/packages/lidar_bringup
[1.023s] -- Up-to-date symlink: /home/pp/Tawan-pe-/install/lidar_bringup/share/lidar_bringup/cmake/lidar_bringupConfig.cmake
[1.023s] -- Up-to-date symlink: /home/pp/Tawan-pe-/install/lidar_bringup/share/lidar_bringup/cmake/lidar_bringupConfig-version.cmake
[1.023s] -- Up-to-date symlink: /home/pp/Tawan-pe-/install/lidar_bringup/share/lidar_bringup/package.xml
[1.107s] Invoked command in '/home/pp/Tawan-pe-/build/lidar_bringup' returned '0': CMAKE_PREFIX_PATH=${CMAKE_PREFIX_PATH}:/home/pp/Tawan-pe-/install/station_pkg:/home/pp/Tawan-pe-/install/station_manager:/home/pp/Tawan-pe-/install/ros2_aruco:/home/pp/Tawan-pe-/install/motion_control:/home/pp/Tawan-pe-/install/ired_teleop:/home/pp/Tawan-pe-/install/ired_movetogoal:/opt/ros/jazzy DEBUGINFOD_URLS=https://debuginfod.ubuntu.com /usr/bin/cmake --install /home/pp/Tawan-pe-/build/lidar_bringup
