[0.046s] Invoking command in '/home/pi/robot_ws/build/csm': CMAKE_PREFIX_PATH=${CMAKE_PREFIX_PATH}:/home/pi/robot_ws/install/ired_teleop:/home/pi/robot_ws/install/ired_movetogoal:/opt/ros/jazzy DEBUGINFOD_URLS=https://debuginfod.ubuntu.com /usr/bin/cmake --build /home/pi/robot_ws/build/csm -- -j16 -l16
[2.291s] [ 12%] [32mBuilding CXX object CMakeFiles/csm.dir/src/csm/math_utils.cpp.o[0m
[2.291s] [ 12%] [32mBuilding CXX object CMakeFiles/csm.dir/src/csm/utils.cpp.o[0m
[2.292s] [ 12%] [32mBuilding CXX object CMakeFiles/csm.dir/src/csm/laser_data.cpp.o[0m
[2.292s] [ 16%] [32mBuilding CXX object CMakeFiles/csm.dir/src/csm/logging.cpp.o[0m
[2.292s] [ 20%] [32mBuilding CXX object CMakeFiles/csm.dir/src/csm/math_utils_gsl.cpp.o[0m
[2.292s] [ 29%] [32mBuilding CXX object CMakeFiles/csm.dir/src/csm/orientation.cpp.o[0m
[2.292s] [ 29%] [32mBuilding CXX object CMakeFiles/csm.dir/src/egsl/egsl.cpp.o[0m
[2.292s] [ 33%] [32mBuilding CXX object CMakeFiles/csm.dir/src/egsl/egsl_conversions.cpp.o[0m
[2.292s] [ 41%] [32mBuilding CXX object CMakeFiles/csm.dir/src/egsl/egsl_misc.cpp.o[0m
[2.292s] [ 41%] [32mBuilding CXX object CMakeFiles/csm.dir/src/csm/sm_options.cpp.o[0m
[2.292s] [ 45%] [32mBuilding CXX object CMakeFiles/csm.dir/src/csm/clustering.cpp.o[0m
[2.293s] [ 50%] [32mBuilding CXX object CMakeFiles/csm.dir/src/gpc/gpc_utils.cpp.o[0m
[2.294s] [ 54%] [32mBuilding CXX object CMakeFiles/csm.dir/src/egsl/egsl_ops.cpp.o[0m
[2.294s] [ 58%] [32mBuilding CXX object CMakeFiles/csm.dir/src/gpc/gpc.cpp.o[0m
[2.294s] [ 62%] [32mBuilding CXX object CMakeFiles/csm.dir/src/icp/icp.cpp.o[0m
[2.294s] [ 66%] [32mBuilding CXX object CMakeFiles/csm.dir/src/icp/icp_corr_dumb.cpp.o[0m
[2.294s] [ 70%] [32mBuilding CXX object CMakeFiles/csm.dir/src/icp/icp_corr_tricks.cpp.o[0m
[2.723s] [ 75%] [32mBuilding CXX object CMakeFiles/csm.dir/src/icp/icp_covariance.cpp.o[0m
[2.942s] [ 79%] [32mBuilding CXX object CMakeFiles/csm.dir/src/icp/icp_debug.cpp.o[0m
[2.965s] [ 83%] [32mBuilding CXX object CMakeFiles/csm.dir/src/icp/icp_loop.cpp.o[0m
[3.109s] [ 87%] [32mBuilding CXX object CMakeFiles/csm.dir/src/icp/icp_outliers.cpp.o[0m
[3.211s] [ 91%] [32mBuilding CXX object CMakeFiles/csm.dir/src/options/options.cpp.o[0m
[3.335s] [ 95%] [32mBuilding CXX object CMakeFiles/csm.dir/src/options/options_interface.cpp.o[0m
[16.856s] [100%] [32m[1mLinking CXX shared library libcsm.so[0m
[17.112s] [100%] Built target csm
[17.131s] Invoked command in '/home/pi/robot_ws/build/csm' returned '0': CMAKE_PREFIX_PATH=${CMAKE_PREFIX_PATH}:/home/pi/robot_ws/install/ired_teleop:/home/pi/robot_ws/install/ired_movetogoal:/opt/ros/jazzy DEBUGINFOD_URLS=https://debuginfod.ubuntu.com /usr/bin/cmake --build /home/pi/robot_ws/build/csm -- -j16 -l16
[17.133s] Invoking command in '/home/pi/robot_ws/build/csm': CMAKE_PREFIX_PATH=${CMAKE_PREFIX_PATH}:/home/pi/robot_ws/install/ired_teleop:/home/pi/robot_ws/install/ired_movetogoal:/opt/ros/jazzy DEBUGINFOD_URLS=https://debuginfod.ubuntu.com /usr/bin/cmake --install /home/pi/robot_ws/build/csm
[17.144s] -- Install configuration: ""
[17.144s] -- Execute custom install script
[17.145s] -- Up-to-date symlink: /home/pi/robot_ws/install/csm/lib/libcsm.so
[17.145s] -- Up-to-date symlink: /home/pi/robot_ws/install/csm/include/..//include/csm/algos.h
[17.145s] -- Up-to-date symlink: /home/pi/robot_ws/install/csm/include/..//include/csm/csm.h
[17.145s] -- Up-to-date symlink: /home/pi/robot_ws/install/csm/include/..//include/csm/laser_data.h
[17.146s] -- Up-to-date symlink: /home/pi/robot_ws/install/csm/include/..//include/csm/laser_data_inline.h
[17.146s] -- Up-to-date symlink: /home/pi/robot_ws/install/csm/include/..//include/csm/restrict.h
[17.146s] -- Up-to-date symlink: /home/pi/robot_ws/install/csm/include/..//include/gsl_eigen/gsl_eigen.h
[17.146s] -- Up-to-date symlink: /home/pi/robot_ws/install/csm/share/csm/resource/csm
[17.147s] -- Up-to-date symlink: /home/pi/robot_ws/install/csm/include/../gsl_eigen/gsl_eigen.h
[17.147s] -- Up-to-date symlink: /home/pi/robot_ws/install/csm/share/csm/environment/library_path.sh
[17.147s] -- Up-to-date symlink: /home/pi/robot_ws/install/csm/share/csm/environment/library_path.dsv
[17.147s] -- Up-to-date symlink: /home/pi/robot_ws/install/csm/share/ament_index/resource_index/package_run_dependencies/csm
[17.148s] -- Up-to-date symlink: /home/pi/robot_ws/install/csm/share/ament_index/resource_index/parent_prefix_path/csm
[17.148s] -- Up-to-date symlink: /home/pi/robot_ws/install/csm/share/csm/environment/ament_prefix_path.sh
[17.148s] -- Up-to-date symlink: /home/pi/robot_ws/install/csm/share/csm/environment/ament_prefix_path.dsv
[17.148s] -- Up-to-date symlink: /home/pi/robot_ws/install/csm/share/csm/environment/path.sh
[17.148s] -- Up-to-date symlink: /home/pi/robot_ws/install/csm/share/csm/environment/path.dsv
[17.148s] -- Up-to-date symlink: /home/pi/robot_ws/install/csm/share/csm/local_setup.bash
[17.149s] -- Up-to-date symlink: /home/pi/robot_ws/install/csm/share/csm/local_setup.sh
[17.149s] -- Up-to-date symlink: /home/pi/robot_ws/install/csm/share/csm/local_setup.zsh
[17.149s] -- Up-to-date symlink: /home/pi/robot_ws/install/csm/share/csm/local_setup.dsv
[17.149s] -- Symlinking: /home/pi/robot_ws/install/csm/share/csm/package.dsv
[17.161s] -- Up-to-date symlink: /home/pi/robot_ws/install/csm/share/ament_index/resource_index/packages/csm
[17.162s] -- Up-to-date symlink: /home/pi/robot_ws/install/csm/share/csm/cmake/ament_cmake_export_dependencies-extras.cmake
[17.162s] -- Up-to-date symlink: /home/pi/robot_ws/install/csm/share/csm/cmake/ament_cmake_export_include_directories-extras.cmake
[17.162s] -- Up-to-date symlink: /home/pi/robot_ws/install/csm/share/csm/cmake/ament_cmake_export_libraries-extras.cmake
[17.162s] -- Up-to-date symlink: /home/pi/robot_ws/install/csm/share/csm/cmake/csmConfig.cmake
[17.162s] -- Up-to-date symlink: /home/pi/robot_ws/install/csm/share/csm/cmake/csmConfig-version.cmake
[17.162s] -- Up-to-date symlink: /home/pi/robot_ws/install/csm/share/csm/package.xml
[17.164s] Invoked command in '/home/pi/robot_ws/build/csm' returned '0': CMAKE_PREFIX_PATH=${CMAKE_PREFIX_PATH}:/home/pi/robot_ws/install/ired_teleop:/home/pi/robot_ws/install/ired_movetogoal:/opt/ros/jazzy DEBUGINFOD_URLS=https://debuginfod.ubuntu.com /usr/bin/cmake --install /home/pi/robot_ws/build/csm
