[1.340s] Invoking command in '/home/pi/robot_ws/build/ros2_aruco': DEBUGINFOD_URLS=https://debuginfod.ubuntu.com PYTHONPATH=/home/pi/robot_ws/build/ros2_aruco/prefix_override:/usr/lib/python3/dist-packages/colcon_core/task/python/colcon_distutils_commands:/home/pi/robot_ws/install/ros2_aruco/lib/python3.12/site-packages:${PYTHONPATH} /usr/bin/python3 -W ignore:setup.py install is deprecated -W ignore:easy_install command is deprecated setup.py develop --editable --build-directory /home/pi/robot_ws/build/ros2_aruco/build --no-deps symlink_data
[1.706s] running develop
[1.977s] running egg_info
[1.977s] creating ros2_aruco.egg-info
[2.010s] writing ros2_aruco.egg-info/PKG-INFO
[2.011s] writing dependency_links to ros2_aruco.egg-info/dependency_links.txt
[2.011s] writing entry points to ros2_aruco.egg-info/entry_points.txt
[2.011s] writing requirements to ros2_aruco.egg-info/requires.txt
[2.011s] writing top-level names to ros2_aruco.egg-info/top_level.txt
[2.012s] writing manifest file 'ros2_aruco.egg-info/SOURCES.txt'
[2.072s] reading manifest file 'ros2_aruco.egg-info/SOURCES.txt'
[2.073s] writing manifest file 'ros2_aruco.egg-info/SOURCES.txt'
[2.111s] running build_ext
[2.112s] Creating /home/pi/robot_ws/install/ros2_aruco/lib/python3.12/site-packages/ros2-aruco.egg-link (link to .)
[2.113s] Installing aruco_generate_marker script to /home/pi/robot_ws/install/ros2_aruco/lib/ros2_aruco
[2.113s] Installing aruco_node script to /home/pi/robot_ws/install/ros2_aruco/lib/ros2_aruco
[2.113s] 
[2.113s] Installed /home/pi/robot_ws/build/ros2_aruco
[2.113s] running symlink_data
[2.118s] creating /home/pi/robot_ws/install/ros2_aruco/share/ament_index
[2.118s] creating /home/pi/robot_ws/install/ros2_aruco/share/ament_index/resource_index
[2.118s] creating /home/pi/robot_ws/install/ros2_aruco/share/ament_index/resource_index/packages
[2.118s] symbolically linking /home/pi/robot_ws/build/ros2_aruco/resource/ros2_aruco -> /home/pi/robot_ws/install/ros2_aruco/share/ament_index/resource_index/packages
[2.118s] symbolically linking /home/pi/robot_ws/build/ros2_aruco/package.xml -> /home/pi/robot_ws/install/ros2_aruco/share/ros2_aruco
[2.118s] creating /home/pi/robot_ws/install/ros2_aruco/share/ros2_aruco/launch
[2.118s] symbolically linking /home/pi/robot_ws/build/ros2_aruco/launch/aruco_recognition.launch.py -> /home/pi/robot_ws/install/ros2_aruco/share/ros2_aruco/launch
[2.118s] creating /home/pi/robot_ws/install/ros2_aruco/share/ros2_aruco/config
[2.118s] symbolically linking /home/pi/robot_ws/build/ros2_aruco/config/aruco_parameters.yaml -> /home/pi/robot_ws/install/ros2_aruco/share/ros2_aruco/config
[2.222s] Invoked command in '/home/pi/robot_ws/build/ros2_aruco' returned '0': DEBUGINFOD_URLS=https://debuginfod.ubuntu.com PYTHONPATH=/home/pi/robot_ws/build/ros2_aruco/prefix_override:/usr/lib/python3/dist-packages/colcon_core/task/python/colcon_distutils_commands:/home/pi/robot_ws/install/ros2_aruco/lib/python3.12/site-packages:${PYTHONPATH} /usr/bin/python3 -W ignore:setup.py install is deprecated -W ignore:easy_install command is deprecated setup.py develop --editable --build-directory /home/pi/robot_ws/build/ros2_aruco/build --no-deps symlink_data
