[0.643s] Invoking command in '/home/pi/robot_ws/build/ros2_laser_scan_matcher': CMAKE_PREFIX_PATH=${CMAKE_PREFIX_PATH}:/home/pi/robot_ws/install/ired_teleop:/home/pi/robot_ws/install/ired_movetogoal:/opt/ros/jazzy DEBUGINFOD_URLS=https://debuginfod.ubuntu.com /usr/bin/cmake /home/pi/robot_ws/src/robot/ros2_laser_scan_matcher -DAMENT_CMAKE_SYMLINK_INSTALL=1 -DCMAKE_INSTALL_PREFIX=/home/pi/robot_ws/install/ros2_laser_scan_matcher
[0.738s] -- The C compiler identification is GNU 13.3.0
[0.839s] -- The CXX compiler identification is GNU 13.3.0
[0.872s] -- Detecting C compiler ABI info
[1.036s] -- Detecting C compiler ABI info - done
[1.049s] -- Check for working C compiler: /usr/bin/cc - skipped
[1.049s] -- Detecting C compile features
[1.050s] -- Detecting C compile features - done
[1.066s] -- Detecting CXX compiler ABI info
[1.251s] -- Detecting CXX compiler ABI info - done
[1.262s] -- Check for working CXX compiler: /usr/bin/c++ - skipped
[1.262s] -- Detecting CXX compile features
[1.263s] -- Detecting CXX compile features - done
[1.269s] -- Found ament_cmake: 2.5.4 (/opt/ros/jazzy/share/ament_cmake/cmake)
[1.419s] -- Found Python3: /usr/bin/python3 (found version "3.12.3") found components: Interpreter 
[1.472s] -- Override CMake install command with custom implementation using symlinks instead of copying resources
[1.519s] -- Found sensor_msgs: 5.3.6 (/opt/ros/jazzy/share/sensor_msgs/cmake)
[1.564s] -- Found rosidl_generator_c: 4.6.6 (/opt/ros/jazzy/share/rosidl_generator_c/cmake)
[1.580s] -- Found rosidl_generator_cpp: 4.6.6 (/opt/ros/jazzy/share/rosidl_generator_cpp/cmake)
[1.596s] -- Using all available rosidl_typesupport_c: rosidl_typesupport_fastrtps_c;rosidl_typesupport_introspection_c
[1.614s] -- Using all available rosidl_typesupport_cpp: rosidl_typesupport_fastrtps_cpp;rosidl_typesupport_introspection_cpp
[1.683s] -- Found rclcpp: 28.1.13 (/opt/ros/jazzy/share/rclcpp/cmake)
[1.727s] -- Found rmw_implementation_cmake: 7.3.2 (/opt/ros/jazzy/share/rmw_implementation_cmake/cmake)
[1.731s] -- Found rmw_fastrtps_cpp: 8.4.3 (/opt/ros/jazzy/share/rmw_fastrtps_cpp/cmake)
[1.828s] -- Found OpenSSL: /usr/lib/x86_64-linux-gnu/libcrypto.so (found version "3.0.13")  
[1.844s] -- Found FastRTPS: /opt/ros/jazzy/include (Required is at least version "2.13") 
[1.859s] -- Using RMW implementation 'rmw_fastrtps_cpp' as default
[1.918s] -- Found nav_msgs: 5.3.6 (/opt/ros/jazzy/share/nav_msgs/cmake)
[1.938s] -- Found tf2_ros: 0.36.16 (/opt/ros/jazzy/share/tf2_ros/cmake)
[2.046s] -- Found tf2_geometry_msgs: 0.36.16 (/opt/ros/jazzy/share/tf2_geometry_msgs/cmake)
[2.064s] -- Found eigen3_cmake_module: 0.3.0 (/opt/ros/jazzy/share/eigen3_cmake_module/cmake)
[2.064s] -- Found Eigen3: TRUE (found version "3.4.0") 
[2.064s] -- Ensuring Eigen3 include directory is part of orocos-kdl CMake target
[2.069s] -- Found PkgConfig: /usr/bin/pkg-config (found version "1.8.1") 
[2.081s] [31mCMake Error at CMakeLists.txt:14 (find_package):
[2.081s]   By not providing "Findcsm.cmake" in CMAKE_MODULE_PATH this project has
[2.081s]   asked CMake to find a package configuration file provided by "csm", but
[2.081s]   CMake did not find one.
[2.081s] 
[2.081s]   Could not find a package configuration file provided by "csm" with any of
[2.081s]   the following names:
[2.081s] 
[2.081s]     csmConfig.cmake
[2.081s]     csm-config.cmake
[2.081s] 
[2.081s]   Add the installation prefix of "csm" to CMAKE_PREFIX_PATH or set "csm_DIR"
[2.081s]   to a directory containing one of the above files.  If "csm" provides a
[2.082s]   separate development package or SDK, be sure it has been installed.
[2.082s] 
[2.082s] [0m
[2.082s] -- Configuring incomplete, errors occurred!
[2.090s] Invoked command in '/home/pi/robot_ws/build/ros2_laser_scan_matcher' returned '1': CMAKE_PREFIX_PATH=${CMAKE_PREFIX_PATH}:/home/pi/robot_ws/install/ired_teleop:/home/pi/robot_ws/install/ired_movetogoal:/opt/ros/jazzy DEBUGINFOD_URLS=https://debuginfod.ubuntu.com /usr/bin/cmake /home/pi/robot_ws/src/robot/ros2_laser_scan_matcher -DAMENT_CMAKE_SYMLINK_INSTALL=1 -DCMAKE_INSTALL_PREFIX=/home/pi/robot_ws/install/ros2_laser_scan_matcher
