[0.951s] Invoking command in '/home/pi/robot_ws/src/robot/ired_teleop': DEBUGINFOD_URLS=https://debuginfod.ubuntu.com PYTHONPATH=/home/pi/robot_ws/build/ired_teleop/prefix_override:/usr/lib/python3/dist-packages/colcon_core/task/python/colcon_distutils_commands:/home/pi/robot_ws/install/ired_teleop/lib/python3.12/site-packages:${PYTHONPATH} /usr/bin/python3 -W ignore:setup.py install is deprecated -W ignore:easy_install command is deprecated setup.py egg_info --egg-base ../../../build/ired_teleop build --build-base /home/pi/robot_ws/build/ired_teleop/build install --record /home/pi/robot_ws/build/ired_teleop/install.log --single-version-externally-managed install_data
[1.114s] running egg_info
[1.126s] writing ../../../build/ired_teleop/ired_teleop.egg-info/PKG-INFO
[1.126s] writing dependency_links to ../../../build/ired_teleop/ired_teleop.egg-info/dependency_links.txt
[1.126s] writing entry points to ../../../build/ired_teleop/ired_teleop.egg-info/entry_points.txt
[1.126s] writing requirements to ../../../build/ired_teleop/ired_teleop.egg-info/requires.txt
[1.126s] writing top-level names to ../../../build/ired_teleop/ired_teleop.egg-info/top_level.txt
[1.149s] reading manifest file '../../../build/ired_teleop/ired_teleop.egg-info/SOURCES.txt'
[1.150s] writing manifest file '../../../build/ired_teleop/ired_teleop.egg-info/SOURCES.txt'
[1.150s] running build
[1.150s] running build_py
[1.150s] running install
[1.154s] running install_lib
[1.166s] running install_data
[1.166s] running install_egg_info
[1.178s] removing '/home/pi/robot_ws/install/ired_teleop/lib/python3.12/site-packages/ired_teleop-2.0.1-py3.12.egg-info' (and everything under it)
[1.178s] Copying ../../../build/ired_teleop/ired_teleop.egg-info to /home/pi/robot_ws/install/ired_teleop/lib/python3.12/site-packages/ired_teleop-2.0.1-py3.12.egg-info
[1.179s] running install_scripts
[1.262s] Installing teleop_keyboard script to /home/pi/robot_ws/install/ired_teleop/lib/ired_teleop
[1.262s] writing list of installed files to '/home/pi/robot_ws/build/ired_teleop/install.log'
[1.295s] Invoked command in '/home/pi/robot_ws/src/robot/ired_teleop' returned '0': DEBUGINFOD_URLS=https://debuginfod.ubuntu.com PYTHONPATH=/home/pi/robot_ws/build/ired_teleop/prefix_override:/usr/lib/python3/dist-packages/colcon_core/task/python/colcon_distutils_commands:/home/pi/robot_ws/install/ired_teleop/lib/python3.12/site-packages:${PYTHONPATH} /usr/bin/python3 -W ignore:setup.py install is deprecated -W ignore:easy_install command is deprecated setup.py egg_info --egg-base ../../../build/ired_teleop build --build-base /home/pi/robot_ws/build/ired_teleop/build install --record /home/pi/robot_ws/build/ired_teleop/install.log --single-version-externally-managed install_data
