[0.452s] Invoking command in '/home/pi/robot_ws/build/ros2_aruco_interfaces': CMAKE_PREFIX_PATH=${CMAKE_PREFIX_PATH}:/home/pi/robot_ws/install/ros2_aruco:/home/pi/robot_ws/install/ired_teleop:/home/pi/robot_ws/install/ired_movetogoal:/opt/ros/jazzy DEBUGINFOD_URLS=https://debuginfod.ubuntu.com /usr/bin/cmake /home/pi/robot_ws/src/aruco_marker/ros2_aruco/ros2_aruco_interfaces -DAMENT_CMAKE_SYMLINK_INSTALL=1 -DCMAKE_INSTALL_PREFIX=/home/pi/robot_ws/install/ros2_aruco_interfaces
[0.471s] -- Found ament_cmake: 2.5.4 (/opt/ros/jazzy/share/ament_cmake/cmake)
[0.492s] -- Found Python3: /usr/bin/python3 (found version "3.12.3") found components: Interpreter 
[0.555s] -- Override CMake install command with custom implementation using symlinks instead of copying resources
[0.565s] -- Found geometry_msgs: 5.3.6 (/opt/ros/jazzy/share/geometry_msgs/cmake)
[0.586s] -- Found rosidl_generator_c: 4.6.6 (/opt/ros/jazzy/share/rosidl_generator_c/cmake)
[0.592s] -- Found rosidl_generator_cpp: 4.6.6 (/opt/ros/jazzy/share/rosidl_generator_cpp/cmake)
[0.600s] -- Using all available rosidl_typesupport_c: rosidl_typesupport_fastrtps_c;rosidl_typesupport_introspection_c
[0.610s] -- Using all available rosidl_typesupport_cpp: rosidl_typesupport_fastrtps_cpp;rosidl_typesupport_introspection_cpp
[0.641s] -- Found rosidl_default_generators: 1.6.0 (/opt/ros/jazzy/share/rosidl_default_generators/cmake)
[0.647s] -- Found rosidl_adapter: 4.6.6 (/opt/ros/jazzy/share/rosidl_adapter/cmake)
[0.872s] -- Found ament_cmake_ros: 0.12.0 (/opt/ros/jazzy/share/ament_cmake_ros/cmake)
[1.107s] -- Using all available rosidl_typesupport_c: rosidl_typesupport_fastrtps_c;rosidl_typesupport_introspection_c
[1.199s] -- Using all available rosidl_typesupport_cpp: rosidl_typesupport_fastrtps_cpp;rosidl_typesupport_introspection_cpp
[1.200s] -- Found python_cmake_module: 0.11.1 (/opt/ros/jazzy/share/python_cmake_module/cmake)
[1.422s] -- Found Python3: /usr/bin/python3 (found version "3.12.3") found components: Interpreter Development NumPy Development.Module Development.Embed 
[1.446s] -- Found ament_lint_auto: 0.17.3 (/opt/ros/jazzy/share/ament_lint_auto/cmake)
[1.453s] -- Added test 'copyright' to check source files copyright and LICENSE
[1.454s] -- Added test 'lint_cmake' to check CMake code style
[1.454s] -- Added test 'xmllint' to check XML markup files
[1.456s] -- Configuring done (1.0s)
[1.484s] -- Generating done (0.0s)
[1.492s] -- Build files have been written to: /home/pi/robot_ws/build/ros2_aruco_interfaces
[1.499s] Invoked command in '/home/pi/robot_ws/build/ros2_aruco_interfaces' returned '0': CMAKE_PREFIX_PATH=${CMAKE_PREFIX_PATH}:/home/pi/robot_ws/install/ros2_aruco:/home/pi/robot_ws/install/ired_teleop:/home/pi/robot_ws/install/ired_movetogoal:/opt/ros/jazzy DEBUGINFOD_URLS=https://debuginfod.ubuntu.com /usr/bin/cmake /home/pi/robot_ws/src/aruco_marker/ros2_aruco/ros2_aruco_interfaces -DAMENT_CMAKE_SYMLINK_INSTALL=1 -DCMAKE_INSTALL_PREFIX=/home/pi/robot_ws/install/ros2_aruco_interfaces
[1.500s] Invoking command in '/home/pi/robot_ws/build/ros2_aruco_interfaces': CMAKE_PREFIX_PATH=${CMAKE_PREFIX_PATH}:/home/pi/robot_ws/install/ros2_aruco:/home/pi/robot_ws/install/ired_teleop:/home/pi/robot_ws/install/ired_movetogoal:/opt/ros/jazzy DEBUGINFOD_URLS=https://debuginfod.ubuntu.com /usr/bin/cmake --build /home/pi/robot_ws/build/ros2_aruco_interfaces -- -j16 -l16
[1.553s] [  2%] Built target ros2_aruco_interfaces__rosidl_generator_type_description
[1.561s] [  2%] Built target ament_cmake_python_symlink_ros2_aruco_interfaces
[1.574s] [ 17%] Built target ros2_aruco_interfaces__rosidl_generator_c
[1.574s] [ 20%] Built target ros2_aruco_interfaces__cpp
[1.598s] [ 55%] Built target ros2_aruco_interfaces__rosidl_typesupport_introspection_c
[1.598s] [ 55%] Built target ros2_aruco_interfaces__rosidl_typesupport_fastrtps_c
[1.598s] [ 55%] Built target ros2_aruco_interfaces__rosidl_typesupport_c
[1.598s] [ 55%] Built target ros2_aruco_interfaces__rosidl_typesupport_introspection_cpp
[1.621s] [ 73%] Built target ros2_aruco_interfaces__rosidl_typesupport_fastrtps_cpp
[1.621s] [ 73%] Built target ros2_aruco_interfaces__rosidl_typesupport_cpp
[1.643s] [ 73%] Built target ros2_aruco_interfaces
[1.666s] [ 76%] Built target ros2_aruco_interfaces__py
[1.693s] [ 82%] Built target ros2_aruco_interfaces__rosidl_generator_py
[1.705s] running egg_info
[1.715s] [100%] Built target ros2_aruco_interfaces_s__rosidl_typesupport_introspection_c
[1.715s] [100%] Built target ros2_aruco_interfaces_s__rosidl_typesupport_c
[1.715s] [100%] Built target ros2_aruco_interfaces_s__rosidl_typesupport_fastrtps_c
[1.716s] writing ros2_aruco_interfaces.egg-info/PKG-INFO
[1.716s] writing dependency_links to ros2_aruco_interfaces.egg-info/dependency_links.txt
[1.717s] writing top-level names to ros2_aruco_interfaces.egg-info/top_level.txt
[1.748s] reading manifest file 'ros2_aruco_interfaces.egg-info/SOURCES.txt'
[1.748s] writing manifest file 'ros2_aruco_interfaces.egg-info/SOURCES.txt'
[1.773s] [100%] Built target ament_cmake_python_build_ros2_aruco_interfaces_egg
[1.786s] Invoked command in '/home/pi/robot_ws/build/ros2_aruco_interfaces' returned '0': CMAKE_PREFIX_PATH=${CMAKE_PREFIX_PATH}:/home/pi/robot_ws/install/ros2_aruco:/home/pi/robot_ws/install/ired_teleop:/home/pi/robot_ws/install/ired_movetogoal:/opt/ros/jazzy DEBUGINFOD_URLS=https://debuginfod.ubuntu.com /usr/bin/cmake --build /home/pi/robot_ws/build/ros2_aruco_interfaces -- -j16 -l16
[1.787s] Invoking command in '/home/pi/robot_ws/build/ros2_aruco_interfaces': CMAKE_PREFIX_PATH=${CMAKE_PREFIX_PATH}:/home/pi/robot_ws/install/ros2_aruco:/home/pi/robot_ws/install/ired_teleop:/home/pi/robot_ws/install/ired_movetogoal:/opt/ros/jazzy DEBUGINFOD_URLS=https://debuginfod.ubuntu.com /usr/bin/cmake --install /home/pi/robot_ws/build/ros2_aruco_interfaces
[1.795s] -- Install configuration: ""
[1.795s] -- Execute custom install script
[1.795s] -- Up-to-date symlink: /home/pi/robot_ws/install/ros2_aruco_interfaces/share/ament_index/resource_index/rosidl_interfaces/ros2_aruco_interfaces
[1.795s] -- Up-to-date symlink: /home/pi/robot_ws/install/ros2_aruco_interfaces/share/ros2_aruco_interfaces/msg/ArucoMarkers.json
[1.795s] -- Up-to-date symlink: /home/pi/robot_ws/install/ros2_aruco_interfaces/include/ros2_aruco_interfaces/ros2_aruco_interfaces/msg/aruco_markers.h
[1.795s] -- Up-to-date symlink: /home/pi/robot_ws/install/ros2_aruco_interfaces/include/ros2_aruco_interfaces/ros2_aruco_interfaces/msg/detail/aruco_markers__functions.h
[1.796s] -- Up-to-date symlink: /home/pi/robot_ws/install/ros2_aruco_interfaces/include/ros2_aruco_interfaces/ros2_aruco_interfaces/msg/detail/aruco_markers__struct.h
[1.796s] -- Up-to-date symlink: /home/pi/robot_ws/install/ros2_aruco_interfaces/include/ros2_aruco_interfaces/ros2_aruco_interfaces/msg/detail/aruco_markers__type_support.h
[1.796s] -- Up-to-date symlink: /home/pi/robot_ws/install/ros2_aruco_interfaces/include/ros2_aruco_interfaces/ros2_aruco_interfaces/msg/rosidl_generator_c__visibility_control.h
[1.796s] -- Up-to-date symlink: /home/pi/robot_ws/install/ros2_aruco_interfaces/share/ros2_aruco_interfaces/environment/library_path.sh
[1.796s] -- Up-to-date symlink: /home/pi/robot_ws/install/ros2_aruco_interfaces/share/ros2_aruco_interfaces/environment/library_path.dsv
[1.796s] -- Up-to-date symlink: /home/pi/robot_ws/install/ros2_aruco_interfaces/include/ros2_aruco_interfaces/ros2_aruco_interfaces/msg/detail/aruco_markers__rosidl_typesupport_fastrtps_c.h
[1.796s] -- Up-to-date symlink: /home/pi/robot_ws/install/ros2_aruco_interfaces/include/ros2_aruco_interfaces/ros2_aruco_interfaces/msg/rosidl_typesupport_fastrtps_c__visibility_control.h
[1.796s] -- Up-to-date symlink: /home/pi/robot_ws/install/ros2_aruco_interfaces/include/ros2_aruco_interfaces/ros2_aruco_interfaces/msg/aruco_markers.hpp
[1.797s] -- Up-to-date symlink: /home/pi/robot_ws/install/ros2_aruco_interfaces/include/ros2_aruco_interfaces/ros2_aruco_interfaces/msg/detail/aruco_markers__builder.hpp
[1.797s] -- Up-to-date symlink: /home/pi/robot_ws/install/ros2_aruco_interfaces/include/ros2_aruco_interfaces/ros2_aruco_interfaces/msg/detail/aruco_markers__struct.hpp
[1.797s] -- Up-to-date symlink: /home/pi/robot_ws/install/ros2_aruco_interfaces/include/ros2_aruco_interfaces/ros2_aruco_interfaces/msg/detail/aruco_markers__traits.hpp
[1.797s] -- Up-to-date symlink: /home/pi/robot_ws/install/ros2_aruco_interfaces/include/ros2_aruco_interfaces/ros2_aruco_interfaces/msg/detail/aruco_markers__type_support.hpp
[1.797s] -- Up-to-date symlink: /home/pi/robot_ws/install/ros2_aruco_interfaces/include/ros2_aruco_interfaces/ros2_aruco_interfaces/msg/rosidl_generator_cpp__visibility_control.hpp
[1.797s] -- Up-to-date symlink: /home/pi/robot_ws/install/ros2_aruco_interfaces/include/ros2_aruco_interfaces/ros2_aruco_interfaces/msg/detail/aruco_markers__rosidl_typesupport_fastrtps_cpp.hpp
[1.797s] -- Up-to-date symlink: /home/pi/robot_ws/install/ros2_aruco_interfaces/include/ros2_aruco_interfaces/ros2_aruco_interfaces/msg/rosidl_typesupport_fastrtps_cpp__visibility_control.h
[1.797s] -- Up-to-date symlink: /home/pi/robot_ws/install/ros2_aruco_interfaces/include/ros2_aruco_interfaces/ros2_aruco_interfaces/msg/detail/aruco_markers__rosidl_typesupport_introspection_c.h
[1.797s] -- Up-to-date symlink: /home/pi/robot_ws/install/ros2_aruco_interfaces/include/ros2_aruco_interfaces/ros2_aruco_interfaces/msg/rosidl_typesupport_introspection_c__visibility_control.h
[1.798s] -- Up-to-date symlink: /home/pi/robot_ws/install/ros2_aruco_interfaces/include/ros2_aruco_interfaces/ros2_aruco_interfaces/msg/detail/aruco_markers__rosidl_typesupport_introspection_cpp.hpp
[1.798s] -- Up-to-date symlink: /home/pi/robot_ws/install/ros2_aruco_interfaces/share/ros2_aruco_interfaces/environment/pythonpath.sh
[1.798s] -- Up-to-date symlink: /home/pi/robot_ws/install/ros2_aruco_interfaces/share/ros2_aruco_interfaces/environment/pythonpath.dsv
[1.798s] -- Up-to-date symlink: /home/pi/robot_ws/install/ros2_aruco_interfaces/lib/python3.12/site-packages/ros2_aruco_interfaces-0.1.0-py3.12.egg-info/PKG-INFO
[1.798s] -- Up-to-date symlink: /home/pi/robot_ws/install/ros2_aruco_interfaces/lib/python3.12/site-packages/ros2_aruco_interfaces-0.1.0-py3.12.egg-info/SOURCES.txt
[1.798s] -- Up-to-date symlink: /home/pi/robot_ws/install/ros2_aruco_interfaces/lib/python3.12/site-packages/ros2_aruco_interfaces-0.1.0-py3.12.egg-info/dependency_links.txt
[1.798s] -- Up-to-date symlink: /home/pi/robot_ws/install/ros2_aruco_interfaces/lib/python3.12/site-packages/ros2_aruco_interfaces-0.1.0-py3.12.egg-info/top_level.txt
[1.799s] -- Up-to-date symlink: /home/pi/robot_ws/install/ros2_aruco_interfaces/lib/python3.12/site-packages/ros2_aruco_interfaces/__init__.py
[1.799s] -- Up-to-date symlink: /home/pi/robot_ws/install/ros2_aruco_interfaces/lib/python3.12/site-packages/ros2_aruco_interfaces/_ros2_aruco_interfaces_s.ep.rosidl_typesupport_c.c
[1.799s] -- Up-to-date symlink: /home/pi/robot_ws/install/ros2_aruco_interfaces/lib/python3.12/site-packages/ros2_aruco_interfaces/_ros2_aruco_interfaces_s.ep.rosidl_typesupport_fastrtps_c.c
[1.799s] -- Up-to-date symlink: /home/pi/robot_ws/install/ros2_aruco_interfaces/lib/python3.12/site-packages/ros2_aruco_interfaces/_ros2_aruco_interfaces_s.ep.rosidl_typesupport_introspection_c.c
[1.799s] -- Up-to-date symlink: /home/pi/robot_ws/install/ros2_aruco_interfaces/lib/python3.12/site-packages/ros2_aruco_interfaces/msg/__init__.py
[1.799s] -- Up-to-date symlink: /home/pi/robot_ws/install/ros2_aruco_interfaces/lib/python3.12/site-packages/ros2_aruco_interfaces/msg/_aruco_markers.py
[1.799s] -- Up-to-date symlink: /home/pi/robot_ws/install/ros2_aruco_interfaces/lib/python3.12/site-packages/ros2_aruco_interfaces/msg/_aruco_markers_s.c
[1.799s] -- Up-to-date symlink: /home/pi/robot_ws/install/ros2_aruco_interfaces/lib/python3.12/site-packages/ros2_aruco_interfaces/ros2_aruco_interfaces_s__rosidl_typesupport_c.so
[1.799s] -- Up-to-date symlink: /home/pi/robot_ws/install/ros2_aruco_interfaces/lib/python3.12/site-packages/ros2_aruco_interfaces/ros2_aruco_interfaces_s__rosidl_typesupport_fastrtps_c.so
[1.799s] -- Up-to-date symlink: /home/pi/robot_ws/install/ros2_aruco_interfaces/lib/python3.12/site-packages/ros2_aruco_interfaces/ros2_aruco_interfaces_s__rosidl_typesupport_introspection_c.so
[1.799s] -- Up-to-date symlink: /home/pi/robot_ws/install/ros2_aruco_interfaces/lib/python3.12/site-packages/ros2_aruco_interfaces/ros2_aruco_interfaces_s__rosidl_typesupport_fastrtps_c.so
[1.800s] -- Up-to-date symlink: /home/pi/robot_ws/install/ros2_aruco_interfaces/lib/python3.12/site-packages/ros2_aruco_interfaces/ros2_aruco_interfaces_s__rosidl_typesupport_introspection_c.so
[1.800s] -- Up-to-date symlink: /home/pi/robot_ws/install/ros2_aruco_interfaces/lib/python3.12/site-packages/ros2_aruco_interfaces/ros2_aruco_interfaces_s__rosidl_typesupport_c.so
[1.800s] -- Up-to-date symlink: /home/pi/robot_ws/install/ros2_aruco_interfaces/share/ros2_aruco_interfaces/msg/ArucoMarkers.idl
[1.800s] -- Up-to-date symlink: /home/pi/robot_ws/install/ros2_aruco_interfaces/share/ros2_aruco_interfaces/msg/ArucoMarkers.msg
[1.800s] -- Up-to-date symlink: /home/pi/robot_ws/install/ros2_aruco_interfaces/share/ament_index/resource_index/package_run_dependencies/ros2_aruco_interfaces
[1.800s] -- Up-to-date symlink: /home/pi/robot_ws/install/ros2_aruco_interfaces/share/ament_index/resource_index/parent_prefix_path/ros2_aruco_interfaces
[1.800s] -- Up-to-date symlink: /home/pi/robot_ws/install/ros2_aruco_interfaces/share/ros2_aruco_interfaces/environment/ament_prefix_path.sh
[1.800s] -- Up-to-date symlink: /home/pi/robot_ws/install/ros2_aruco_interfaces/share/ros2_aruco_interfaces/environment/ament_prefix_path.dsv
[1.800s] -- Up-to-date symlink: /home/pi/robot_ws/install/ros2_aruco_interfaces/share/ros2_aruco_interfaces/environment/path.sh
[1.800s] -- Up-to-date symlink: /home/pi/robot_ws/install/ros2_aruco_interfaces/share/ros2_aruco_interfaces/environment/path.dsv
[1.801s] -- Up-to-date symlink: /home/pi/robot_ws/install/ros2_aruco_interfaces/share/ros2_aruco_interfaces/local_setup.bash
[1.801s] -- Up-to-date symlink: /home/pi/robot_ws/install/ros2_aruco_interfaces/share/ros2_aruco_interfaces/local_setup.sh
[1.801s] -- Up-to-date symlink: /home/pi/robot_ws/install/ros2_aruco_interfaces/share/ros2_aruco_interfaces/local_setup.zsh
[1.801s] -- Up-to-date symlink: /home/pi/robot_ws/install/ros2_aruco_interfaces/share/ros2_aruco_interfaces/local_setup.dsv
[1.801s] -- Symlinking: /home/pi/robot_ws/install/ros2_aruco_interfaces/share/ros2_aruco_interfaces/package.dsv
[1.810s] -- Up-to-date symlink: /home/pi/robot_ws/install/ros2_aruco_interfaces/share/ament_index/resource_index/packages/ros2_aruco_interfaces
[1.810s] -- Up-to-date symlink: /home/pi/robot_ws/install/ros2_aruco_interfaces/share/ros2_aruco_interfaces/cmake/rosidl_cmake-extras.cmake
[1.810s] -- Up-to-date symlink: /home/pi/robot_ws/install/ros2_aruco_interfaces/share/ros2_aruco_interfaces/cmake/ament_cmake_export_dependencies-extras.cmake
[1.810s] -- Up-to-date symlink: /home/pi/robot_ws/install/ros2_aruco_interfaces/share/ros2_aruco_interfaces/cmake/ament_cmake_export_include_directories-extras.cmake
[1.810s] -- Up-to-date symlink: /home/pi/robot_ws/install/ros2_aruco_interfaces/share/ros2_aruco_interfaces/cmake/ament_cmake_export_libraries-extras.cmake
[1.810s] -- Up-to-date symlink: /home/pi/robot_ws/install/ros2_aruco_interfaces/share/ros2_aruco_interfaces/cmake/ament_cmake_export_targets-extras.cmake
[1.810s] -- Up-to-date symlink: /home/pi/robot_ws/install/ros2_aruco_interfaces/share/ros2_aruco_interfaces/cmake/rosidl_cmake_export_typesupport_targets-extras.cmake
[1.811s] -- Up-to-date symlink: /home/pi/robot_ws/install/ros2_aruco_interfaces/share/ros2_aruco_interfaces/cmake/rosidl_cmake_export_typesupport_libraries-extras.cmake
[1.811s] -- Up-to-date symlink: /home/pi/robot_ws/install/ros2_aruco_interfaces/share/ros2_aruco_interfaces/cmake/ros2_aruco_interfacesConfig.cmake
[1.811s] -- Up-to-date symlink: /home/pi/robot_ws/install/ros2_aruco_interfaces/share/ros2_aruco_interfaces/cmake/ros2_aruco_interfacesConfig-version.cmake
[1.811s] -- Up-to-date symlink: /home/pi/robot_ws/install/ros2_aruco_interfaces/share/ros2_aruco_interfaces/package.xml
[1.811s] -- Up-to-date: /home/pi/robot_ws/install/ros2_aruco_interfaces/lib/libros2_aruco_interfaces__rosidl_generator_c.so
[1.811s] -- Up-to-date: /home/pi/robot_ws/install/ros2_aruco_interfaces/lib/libros2_aruco_interfaces__rosidl_typesupport_fastrtps_c.so
[1.811s] -- Up-to-date: /home/pi/robot_ws/install/ros2_aruco_interfaces/lib/libros2_aruco_interfaces__rosidl_typesupport_fastrtps_cpp.so
[1.812s] -- Up-to-date: /home/pi/robot_ws/install/ros2_aruco_interfaces/lib/libros2_aruco_interfaces__rosidl_typesupport_introspection_c.so
[1.812s] -- Up-to-date: /home/pi/robot_ws/install/ros2_aruco_interfaces/lib/libros2_aruco_interfaces__rosidl_typesupport_c.so
[1.812s] -- Up-to-date: /home/pi/robot_ws/install/ros2_aruco_interfaces/lib/libros2_aruco_interfaces__rosidl_typesupport_introspection_cpp.so
[1.812s] -- Up-to-date: /home/pi/robot_ws/install/ros2_aruco_interfaces/lib/libros2_aruco_interfaces__rosidl_typesupport_cpp.so
[1.838s] Listing '/home/pi/robot_ws/install/ros2_aruco_interfaces/lib/python3.12/site-packages/ros2_aruco_interfaces'...
[1.838s] Compiling '/home/pi/robot_ws/install/ros2_aruco_interfaces/lib/python3.12/site-packages/ros2_aruco_interfaces/__init__.py'...
[1.838s] Listing '/home/pi/robot_ws/install/ros2_aruco_interfaces/lib/python3.12/site-packages/ros2_aruco_interfaces/msg'...
[1.842s] -- Up-to-date: /home/pi/robot_ws/install/ros2_aruco_interfaces/lib/libros2_aruco_interfaces__rosidl_generator_py.so
[1.842s] -- Up-to-date: /home/pi/robot_ws/install/ros2_aruco_interfaces/share/ros2_aruco_interfaces/cmake/export_ros2_aruco_interfaces__rosidl_generator_cExport.cmake
[1.842s] -- Up-to-date: /home/pi/robot_ws/install/ros2_aruco_interfaces/share/ros2_aruco_interfaces/cmake/export_ros2_aruco_interfaces__rosidl_generator_cExport-noconfig.cmake
[1.842s] -- Up-to-date: /home/pi/robot_ws/install/ros2_aruco_interfaces/share/ros2_aruco_interfaces/cmake/export_ros2_aruco_interfaces__rosidl_typesupport_fastrtps_cExport.cmake
[1.842s] -- Up-to-date: /home/pi/robot_ws/install/ros2_aruco_interfaces/share/ros2_aruco_interfaces/cmake/export_ros2_aruco_interfaces__rosidl_typesupport_fastrtps_cExport-noconfig.cmake
[1.843s] -- Up-to-date: /home/pi/robot_ws/install/ros2_aruco_interfaces/share/ros2_aruco_interfaces/cmake/export_ros2_aruco_interfaces__rosidl_generator_cppExport.cmake
[1.843s] -- Up-to-date: /home/pi/robot_ws/install/ros2_aruco_interfaces/share/ros2_aruco_interfaces/cmake/export_ros2_aruco_interfaces__rosidl_typesupport_fastrtps_cppExport.cmake
[1.843s] -- Up-to-date: /home/pi/robot_ws/install/ros2_aruco_interfaces/share/ros2_aruco_interfaces/cmake/export_ros2_aruco_interfaces__rosidl_typesupport_fastrtps_cppExport-noconfig.cmake
[1.843s] -- Up-to-date: /home/pi/robot_ws/install/ros2_aruco_interfaces/share/ros2_aruco_interfaces/cmake/ros2_aruco_interfaces__rosidl_typesupport_introspection_cExport.cmake
[1.843s] -- Up-to-date: /home/pi/robot_ws/install/ros2_aruco_interfaces/share/ros2_aruco_interfaces/cmake/ros2_aruco_interfaces__rosidl_typesupport_introspection_cExport-noconfig.cmake
[1.843s] -- Up-to-date: /home/pi/robot_ws/install/ros2_aruco_interfaces/share/ros2_aruco_interfaces/cmake/ros2_aruco_interfaces__rosidl_typesupport_cExport.cmake
[1.843s] -- Up-to-date: /home/pi/robot_ws/install/ros2_aruco_interfaces/share/ros2_aruco_interfaces/cmake/ros2_aruco_interfaces__rosidl_typesupport_cExport-noconfig.cmake
[1.843s] -- Up-to-date: /home/pi/robot_ws/install/ros2_aruco_interfaces/share/ros2_aruco_interfaces/cmake/ros2_aruco_interfaces__rosidl_typesupport_introspection_cppExport.cmake
[1.843s] -- Up-to-date: /home/pi/robot_ws/install/ros2_aruco_interfaces/share/ros2_aruco_interfaces/cmake/ros2_aruco_interfaces__rosidl_typesupport_introspection_cppExport-noconfig.cmake
[1.843s] -- Up-to-date: /home/pi/robot_ws/install/ros2_aruco_interfaces/share/ros2_aruco_interfaces/cmake/ros2_aruco_interfaces__rosidl_typesupport_cppExport.cmake
[1.843s] -- Up-to-date: /home/pi/robot_ws/install/ros2_aruco_interfaces/share/ros2_aruco_interfaces/cmake/ros2_aruco_interfaces__rosidl_typesupport_cppExport-noconfig.cmake
[1.843s] -- Up-to-date: /home/pi/robot_ws/install/ros2_aruco_interfaces/share/ros2_aruco_interfaces/cmake/export_ros2_aruco_interfaces__rosidl_generator_pyExport.cmake
[1.843s] -- Up-to-date: /home/pi/robot_ws/install/ros2_aruco_interfaces/share/ros2_aruco_interfaces/cmake/export_ros2_aruco_interfaces__rosidl_generator_pyExport-noconfig.cmake
[1.845s] Invoked command in '/home/pi/robot_ws/build/ros2_aruco_interfaces' returned '0': CMAKE_PREFIX_PATH=${CMAKE_PREFIX_PATH}:/home/pi/robot_ws/install/ros2_aruco:/home/pi/robot_ws/install/ired_teleop:/home/pi/robot_ws/install/ired_movetogoal:/opt/ros/jazzy DEBUGINFOD_URLS=https://debuginfod.ubuntu.com /usr/bin/cmake --install /home/pi/robot_ws/build/ros2_aruco_interfaces
