[5.499s] Invoking command in '/home/pi/robot_ws/build/ros2_aruco': DEBUGINFOD_URLS=https://debuginfod.ubuntu.com PYTHONPATH=/home/pi/robot_ws/build/ros2_aruco/prefix_override:/usr/lib/python3/dist-packages/colcon_core/task/python/colcon_distutils_commands:/home/pi/robot_ws/install/ros2_aruco/lib/python3.12/site-packages:${PYTHONPATH} /usr/bin/python3 -W ignore:setup.py install is deprecated -W ignore:easy_install command is deprecated setup.py develop --editable --build-directory /home/pi/robot_ws/build/ros2_aruco/build --no-deps symlink_data
[6.160s] running develop
[6.525s] running egg_info
[6.525s] creating ros2_aruco.egg-info
[6.554s] writing ros2_aruco.egg-info/PKG-INFO
[6.555s] writing dependency_links to ros2_aruco.egg-info/dependency_links.txt
[6.555s] writing entry points to ros2_aruco.egg-info/entry_points.txt
[6.556s] writing requirements to ros2_aruco.egg-info/requires.txt
[6.556s] writing top-level names to ros2_aruco.egg-info/top_level.txt
[6.556s] writing manifest file 'ros2_aruco.egg-info/SOURCES.txt'
[6.640s] reading manifest file 'ros2_aruco.egg-info/SOURCES.txt'
[6.641s] writing manifest file 'ros2_aruco.egg-info/SOURCES.txt'
[6.705s] running build_ext
[6.705s] Creating /home/pi/robot_ws/install/ros2_aruco/lib/python3.12/site-packages/ros2-aruco.egg-link (link to .)
[6.711s] Installing aruco_generate_marker script to /home/pi/robot_ws/install/ros2_aruco/lib/ros2_aruco
[6.712s] Installing aruco_node script to /home/pi/robot_ws/install/ros2_aruco/lib/ros2_aruco
[6.712s] 
[6.712s] Installed /home/pi/robot_ws/build/ros2_aruco
[6.712s] running symlink_data
[6.712s] creating /home/pi/robot_ws/install/ros2_aruco/share/ament_index
[6.712s] creating /home/pi/robot_ws/install/ros2_aruco/share/ament_index/resource_index
[6.712s] creating /home/pi/robot_ws/install/ros2_aruco/share/ament_index/resource_index/packages
[6.712s] symbolically linking /home/pi/robot_ws/build/ros2_aruco/resource/ros2_aruco -> /home/pi/robot_ws/install/ros2_aruco/share/ament_index/resource_index/packages
[6.712s] symbolically linking /home/pi/robot_ws/build/ros2_aruco/package.xml -> /home/pi/robot_ws/install/ros2_aruco/share/ros2_aruco
[6.712s] creating /home/pi/robot_ws/install/ros2_aruco/share/ros2_aruco/launch
[6.712s] symbolically linking /home/pi/robot_ws/build/ros2_aruco/launch/aruco_recognition.launch.py -> /home/pi/robot_ws/install/ros2_aruco/share/ros2_aruco/launch
[6.712s] creating /home/pi/robot_ws/install/ros2_aruco/share/ros2_aruco/config
[6.712s] symbolically linking /home/pi/robot_ws/build/ros2_aruco/config/aruco_parameters.yaml -> /home/pi/robot_ws/install/ros2_aruco/share/ros2_aruco/config
[6.881s] Invoked command in '/home/pi/robot_ws/build/ros2_aruco' returned '0': DEBUGINFOD_URLS=https://debuginfod.ubuntu.com PYTHONPATH=/home/pi/robot_ws/build/ros2_aruco/prefix_override:/usr/lib/python3/dist-packages/colcon_core/task/python/colcon_distutils_commands:/home/pi/robot_ws/install/ros2_aruco/lib/python3.12/site-packages:${PYTHONPATH} /usr/bin/python3 -W ignore:setup.py install is deprecated -W ignore:easy_install command is deprecated setup.py develop --editable --build-directory /home/pi/robot_ws/build/ros2_aruco/build --no-deps symlink_data
