[0.043s] Invoking command in '/home/pp/Tawan-pe-/build/ired_aruco': CMAKE_PREFIX_PATH=${CMAKE_PREFIX_PATH}:/home/pp/Tawan-pe-/install/station_pkg:/home/pp/Tawan-pe-/install/ros2_aruco:/home/pp/Tawan-pe-/install/motion_control:/home/pp/Tawan-pe-/install/ired_teleop:/home/pp/Tawan-pe-/install/ired_movetogoal:/opt/ros/jazzy DEBUGINFOD_URLS=https://debuginfod.ubuntu.com /usr/bin/cmake /home/pp/Tawan-pe-/src/aruco_marker/ired_aruco -DCMAKE_INSTALL_PREFIX=/home/pp/Tawan-pe-/install/ired_aruco
[0.913s] -- Found ament_cmake: 2.5.4 (/opt/ros/jazzy/share/ament_cmake/cmake)
[0.913s] -- Override CMake install command with custom implementation using symlinks instead of copying resources
[0.913s] -- Configuring done (0.3s)
[0.913s] -- Generating done (0.0s)
[0.913s] -- Build files have been written to: /home/pp/Tawan-pe-/build/ired_aruco
[0.918s] Invoked command in '/home/pp/Tawan-pe-/build/ired_aruco' returned '0': CMAKE_PREFIX_PATH=${CMAKE_PREFIX_PATH}:/home/pp/Tawan-pe-/install/station_pkg:/home/pp/Tawan-pe-/install/ros2_aruco:/home/pp/Tawan-pe-/install/motion_control:/home/pp/Tawan-pe-/install/ired_teleop:/home/pp/Tawan-pe-/install/ired_movetogoal:/opt/ros/jazzy DEBUGINFOD_URLS=https://debuginfod.ubuntu.com /usr/bin/cmake /home/pp/Tawan-pe-/src/aruco_marker/ired_aruco -DCMAKE_INSTALL_PREFIX=/home/pp/Tawan-pe-/install/ired_aruco
[0.919s] Invoking command in '/home/pp/Tawan-pe-/build/ired_aruco': CMAKE_PREFIX_PATH=${CMAKE_PREFIX_PATH}:/home/pp/Tawan-pe-/install/station_pkg:/home/pp/Tawan-pe-/install/ros2_aruco:/home/pp/Tawan-pe-/install/motion_control:/home/pp/Tawan-pe-/install/ired_teleop:/home/pp/Tawan-pe-/install/ired_movetogoal:/opt/ros/jazzy DEBUGINFOD_URLS=https://debuginfod.ubuntu.com /usr/bin/cmake --build /home/pp/Tawan-pe-/build/ired_aruco -- -j12 -l12
[1.017s] Invoked command in '/home/pp/Tawan-pe-/build/ired_aruco' returned '0': CMAKE_PREFIX_PATH=${CMAKE_PREFIX_PATH}:/home/pp/Tawan-pe-/install/station_pkg:/home/pp/Tawan-pe-/install/ros2_aruco:/home/pp/Tawan-pe-/install/motion_control:/home/pp/Tawan-pe-/install/ired_teleop:/home/pp/Tawan-pe-/install/ired_movetogoal:/opt/ros/jazzy DEBUGINFOD_URLS=https://debuginfod.ubuntu.com /usr/bin/cmake --build /home/pp/Tawan-pe-/build/ired_aruco -- -j12 -l12
[1.017s] Invoking command in '/home/pp/Tawan-pe-/build/ired_aruco': CMAKE_PREFIX_PATH=${CMAKE_PREFIX_PATH}:/home/pp/Tawan-pe-/install/station_pkg:/home/pp/Tawan-pe-/install/ros2_aruco:/home/pp/Tawan-pe-/install/motion_control:/home/pp/Tawan-pe-/install/ired_teleop:/home/pp/Tawan-pe-/install/ired_movetogoal:/opt/ros/jazzy DEBUGINFOD_URLS=https://debuginfod.ubuntu.com /usr/bin/cmake --install /home/pp/Tawan-pe-/build/ired_aruco
[1.042s] -- Install configuration: ""
[1.052s] -- Execute custom install script
[1.052s] -- Up-to-date symlink: /home/pp/Tawan-pe-/install/ired_aruco/share/ired_aruco/launch/aruco_detect.launch.py
[1.052s] -- Up-to-date symlink: /home/pp/Tawan-pe-/install/ired_aruco/share/ired_aruco/rviz/aruco.rviz
[1.052s] -- Up-to-date symlink: /home/pp/Tawan-pe-/install/ired_aruco/share/ired_aruco/config/camera_calibration/ost.txt
[1.056s] -- Up-to-date symlink: /home/pp/Tawan-pe-/install/ired_aruco/share/ired_aruco/config/camera_calibration/ost.yaml
[1.058s] -- Up-to-date symlink: /home/pp/Tawan-pe-/install/ired_aruco/share/ament_index/resource_index/package_run_dependencies/ired_aruco
[1.058s] -- Up-to-date symlink: /home/pp/Tawan-pe-/install/ired_aruco/share/ament_index/resource_index/parent_prefix_path/ired_aruco
[1.058s] -- Up-to-date symlink: /home/pp/Tawan-pe-/install/ired_aruco/share/ired_aruco/environment/ament_prefix_path.sh
[1.058s] -- Up-to-date symlink: /home/pp/Tawan-pe-/install/ired_aruco/share/ired_aruco/environment/ament_prefix_path.dsv
[1.059s] -- Up-to-date symlink: /home/pp/Tawan-pe-/install/ired_aruco/share/ired_aruco/environment/path.sh
[1.059s] -- Up-to-date symlink: /home/pp/Tawan-pe-/install/ired_aruco/share/ired_aruco/environment/path.dsv
[1.059s] -- Up-to-date symlink: /home/pp/Tawan-pe-/install/ired_aruco/share/ired_aruco/local_setup.bash
[1.060s] -- Up-to-date symlink: /home/pp/Tawan-pe-/install/ired_aruco/share/ired_aruco/local_setup.sh
[1.060s] -- Up-to-date symlink: /home/pp/Tawan-pe-/install/ired_aruco/share/ired_aruco/local_setup.zsh
[1.060s] -- Up-to-date symlink: /home/pp/Tawan-pe-/install/ired_aruco/share/ired_aruco/local_setup.dsv
[1.060s] -- Symlinking: /home/pp/Tawan-pe-/install/ired_aruco/share/ired_aruco/package.dsv
[1.084s] -- Up-to-date symlink: /home/pp/Tawan-pe-/install/ired_aruco/share/ament_index/resource_index/packages/ired_aruco
[1.089s] -- Up-to-date symlink: /home/pp/Tawan-pe-/install/ired_aruco/share/ired_aruco/cmake/ired_arucoConfig.cmake
[1.089s] -- Up-to-date symlink: /home/pp/Tawan-pe-/install/ired_aruco/share/ired_aruco/cmake/ired_arucoConfig-version.cmake
[1.089s] -- Up-to-date symlink: /home/pp/Tawan-pe-/install/ired_aruco/share/ired_aruco/package.xml
[1.414s] Invoked command in '/home/pp/Tawan-pe-/build/ired_aruco' returned '0': CMAKE_PREFIX_PATH=${CMAKE_PREFIX_PATH}:/home/pp/Tawan-pe-/install/station_pkg:/home/pp/Tawan-pe-/install/ros2_aruco:/home/pp/Tawan-pe-/install/motion_control:/home/pp/Tawan-pe-/install/ired_teleop:/home/pp/Tawan-pe-/install/ired_movetogoal:/opt/ros/jazzy DEBUGINFOD_URLS=https://debuginfod.ubuntu.com /usr/bin/cmake --install /home/pp/Tawan-pe-/build/ired_aruco
