[1.624s] Invoking command in '/home/pp/Tawan-pe-/src/robot/ired_teleop': DEBUGINFOD_URLS=https://debuginfod.ubuntu.com PYTHONPATH=/home/pp/Tawan-pe-/build/ired_teleop/prefix_override:/usr/lib/python3/dist-packages/colcon_core/task/python/colcon_distutils_commands:/home/pp/Tawan-pe-/install/ired_teleop/lib/python3.12/site-packages:${PYTHONPATH} /usr/bin/python3 -W ignore:setup.py install is deprecated -W ignore:easy_install command is deprecated setup.py egg_info --egg-base ../../../build/ired_teleop build --build-base /home/pp/Tawan-pe-/build/ired_teleop/build install --record /home/pp/Tawan-pe-/build/ired_teleop/install.log --single-version-externally-managed install_data
[1.911s] running egg_info
[1.930s] writing ../../../build/ired_teleop/ired_teleop.egg-info/PKG-INFO
[1.931s] writing dependency_links to ../../../build/ired_teleop/ired_teleop.egg-info/dependency_links.txt
[1.931s] writing entry points to ../../../build/ired_teleop/ired_teleop.egg-info/entry_points.txt
[1.931s] writing requirements to ../../../build/ired_teleop/ired_teleop.egg-info/requires.txt
[1.931s] writing top-level names to ../../../build/ired_teleop/ired_teleop.egg-info/top_level.txt
[1.972s] reading manifest file '../../../build/ired_teleop/ired_teleop.egg-info/SOURCES.txt'
[1.972s] writing manifest file '../../../build/ired_teleop/ired_teleop.egg-info/SOURCES.txt'
[1.972s] running build
[1.972s] running build_py
[1.973s] running install
[1.979s] running install_lib
[2.001s] running install_data
[2.001s] running install_egg_info
[2.023s] removing '/home/pp/Tawan-pe-/install/ired_teleop/lib/python3.12/site-packages/ired_teleop-2.0.1-py3.12.egg-info' (and everything under it)
[2.024s] Copying ../../../build/ired_teleop/ired_teleop.egg-info to /home/pp/Tawan-pe-/install/ired_teleop/lib/python3.12/site-packages/ired_teleop-2.0.1-py3.12.egg-info
[2.024s] running install_scripts
[2.169s] Installing teleop_keyboard script to /home/pp/Tawan-pe-/install/ired_teleop/lib/ired_teleop
[2.169s] writing list of installed files to '/home/pp/Tawan-pe-/build/ired_teleop/install.log'
[2.219s] Invoked command in '/home/pp/Tawan-pe-/src/robot/ired_teleop' returned '0': DEBUGINFOD_URLS=https://debuginfod.ubuntu.com PYTHONPATH=/home/pp/Tawan-pe-/build/ired_teleop/prefix_override:/usr/lib/python3/dist-packages/colcon_core/task/python/colcon_distutils_commands:/home/pp/Tawan-pe-/install/ired_teleop/lib/python3.12/site-packages:${PYTHONPATH} /usr/bin/python3 -W ignore:setup.py install is deprecated -W ignore:easy_install command is deprecated setup.py egg_info --egg-base ../../../build/ired_teleop build --build-base /home/pp/Tawan-pe-/build/ired_teleop/build install --record /home/pp/Tawan-pe-/build/ired_teleop/install.log --single-version-externally-managed install_data
