[0.038s] Invoking command in '/home/pi/robot_ws/build/ired_aruco': CMAKE_PREFIX_PATH=${CMAKE_PREFIX_PATH}:/home/pi/robot_ws/install/ros2_aruco:/home/pi/robot_ws/install/ired_teleop:/home/pi/robot_ws/install/ired_movetogoal:/opt/ros/jazzy DEBUGINFOD_URLS=https://debuginfod.ubuntu.com /usr/bin/cmake /home/pi/robot_ws/src/aruco_marker/ired_aruco -DAMENT_CMAKE_SYMLINK_INSTALL=1 -DCMAKE_INSTALL_PREFIX=/home/pi/robot_ws/install/ired_aruco
[0.768s] -- The C compiler identification is GNU 13.3.0
[0.768s] -- The CXX compiler identification is GNU 13.3.0
[0.768s] -- Detecting C compiler ABI info
[0.768s] -- Detecting C compiler ABI info - done
[0.768s] -- Check for working C compiler: /usr/bin/cc - skipped
[0.769s] -- Detecting C compile features
[0.769s] -- Detecting C compile features - done
[0.769s] -- Detecting CXX compiler ABI info
[0.769s] -- Detecting CXX compiler ABI info - done
[0.769s] -- Check for working CXX compiler: /usr/bin/c++ - skipped
[0.769s] -- Detecting CXX compile features
[0.769s] -- Detecting CXX compile features - done
[0.769s] -- Found ament_cmake: 2.5.4 (/opt/ros/jazzy/share/ament_cmake/cmake)
[0.769s] -- Found Python3: /usr/bin/python3 (found version "3.12.3") found components: Interpreter 
[0.769s] -- Override CMake install command with custom implementation using symlinks instead of copying resources
[0.784s] -- Configuring done (0.7s)
[0.787s] -- Generating done (0.0s)
[0.789s] -- Build files have been written to: /home/pi/robot_ws/build/ired_aruco
[0.795s] Invoked command in '/home/pi/robot_ws/build/ired_aruco' returned '0': CMAKE_PREFIX_PATH=${CMAKE_PREFIX_PATH}:/home/pi/robot_ws/install/ros2_aruco:/home/pi/robot_ws/install/ired_teleop:/home/pi/robot_ws/install/ired_movetogoal:/opt/ros/jazzy DEBUGINFOD_URLS=https://debuginfod.ubuntu.com /usr/bin/cmake /home/pi/robot_ws/src/aruco_marker/ired_aruco -DAMENT_CMAKE_SYMLINK_INSTALL=1 -DCMAKE_INSTALL_PREFIX=/home/pi/robot_ws/install/ired_aruco
[0.797s] Invoking command in '/home/pi/robot_ws/build/ired_aruco': CMAKE_PREFIX_PATH=${CMAKE_PREFIX_PATH}:/home/pi/robot_ws/install/ros2_aruco:/home/pi/robot_ws/install/ired_teleop:/home/pi/robot_ws/install/ired_movetogoal:/opt/ros/jazzy DEBUGINFOD_URLS=https://debuginfod.ubuntu.com /usr/bin/cmake --build /home/pi/robot_ws/build/ired_aruco -- -j16 -l16
[0.847s] Invoked command in '/home/pi/robot_ws/build/ired_aruco' returned '0': CMAKE_PREFIX_PATH=${CMAKE_PREFIX_PATH}:/home/pi/robot_ws/install/ros2_aruco:/home/pi/robot_ws/install/ired_teleop:/home/pi/robot_ws/install/ired_movetogoal:/opt/ros/jazzy DEBUGINFOD_URLS=https://debuginfod.ubuntu.com /usr/bin/cmake --build /home/pi/robot_ws/build/ired_aruco -- -j16 -l16
[0.860s] Invoking command in '/home/pi/robot_ws/build/ired_aruco': CMAKE_PREFIX_PATH=${CMAKE_PREFIX_PATH}:/home/pi/robot_ws/install/ros2_aruco:/home/pi/robot_ws/install/ired_teleop:/home/pi/robot_ws/install/ired_movetogoal:/opt/ros/jazzy DEBUGINFOD_URLS=https://debuginfod.ubuntu.com /usr/bin/cmake --install /home/pi/robot_ws/build/ired_aruco
[0.871s] -- Install configuration: ""
[0.871s] -- Execute custom install script
[0.871s] -- Symlinking: /home/pi/robot_ws/install/ired_aruco/share/ired_aruco/launch/aruco_detect.launch.py
[0.886s] -- Symlinking: /home/pi/robot_ws/install/ired_aruco/share/ired_aruco/rviz/aruco.rviz
[0.901s] -- Symlinking: /home/pi/robot_ws/install/ired_aruco/share/ired_aruco/config/camera_calibration/ost.txt
[0.913s] -- Symlinking: /home/pi/robot_ws/install/ired_aruco/share/ired_aruco/config/camera_calibration/ost.yaml
[0.925s] -- Symlinking: /home/pi/robot_ws/install/ired_aruco/share/ament_index/resource_index/package_run_dependencies/ired_aruco
[0.938s] -- Symlinking: /home/pi/robot_ws/install/ired_aruco/share/ament_index/resource_index/parent_prefix_path/ired_aruco
[0.948s] -- Symlinking: /home/pi/robot_ws/install/ired_aruco/share/ired_aruco/environment/ament_prefix_path.sh
[0.959s] -- Symlinking: /home/pi/robot_ws/install/ired_aruco/share/ired_aruco/environment/ament_prefix_path.dsv
[0.969s] -- Symlinking: /home/pi/robot_ws/install/ired_aruco/share/ired_aruco/environment/path.sh
[0.982s] -- Symlinking: /home/pi/robot_ws/install/ired_aruco/share/ired_aruco/environment/path.dsv
[0.992s] -- Symlinking: /home/pi/robot_ws/install/ired_aruco/share/ired_aruco/local_setup.bash
[1.005s] -- Symlinking: /home/pi/robot_ws/install/ired_aruco/share/ired_aruco/local_setup.sh
[1.018s] -- Symlinking: /home/pi/robot_ws/install/ired_aruco/share/ired_aruco/local_setup.zsh
[1.030s] -- Symlinking: /home/pi/robot_ws/install/ired_aruco/share/ired_aruco/local_setup.dsv
[1.039s] -- Symlinking: /home/pi/robot_ws/install/ired_aruco/share/ired_aruco/package.dsv
[1.050s] -- Symlinking: /home/pi/robot_ws/install/ired_aruco/share/ament_index/resource_index/packages/ired_aruco
[1.061s] -- Symlinking: /home/pi/robot_ws/install/ired_aruco/share/ired_aruco/cmake/ired_arucoConfig.cmake
[1.071s] -- Symlinking: /home/pi/robot_ws/install/ired_aruco/share/ired_aruco/cmake/ired_arucoConfig-version.cmake
[1.082s] -- Symlinking: /home/pi/robot_ws/install/ired_aruco/share/ired_aruco/package.xml
[1.097s] Invoked command in '/home/pi/robot_ws/build/ired_aruco' returned '0': CMAKE_PREFIX_PATH=${CMAKE_PREFIX_PATH}:/home/pi/robot_ws/install/ros2_aruco:/home/pi/robot_ws/install/ired_teleop:/home/pi/robot_ws/install/ired_movetogoal:/opt/ros/jazzy DEBUGINFOD_URLS=https://debuginfod.ubuntu.com /usr/bin/cmake --install /home/pi/robot_ws/build/ired_aruco
