[0.198s] Invoking command in '/home/pi/robot_ws/build/ired_rviz': CMAKE_PREFIX_PATH=${CMAKE_PREFIX_PATH}:/home/pi/robot_ws/install/ros2_aruco:/home/pi/robot_ws/install/ired_teleop:/home/pi/robot_ws/install/ired_movetogoal:/opt/ros/jazzy DEBUGINFOD_URLS=https://debuginfod.ubuntu.com /usr/bin/cmake --build /home/pi/robot_ws/build/ired_rviz -- -j16 -l16
[0.558s] Invoked command in '/home/pi/robot_ws/build/ired_rviz' returned '0': CMAKE_PREFIX_PATH=${CMAKE_PREFIX_PATH}:/home/pi/robot_ws/install/ros2_aruco:/home/pi/robot_ws/install/ired_teleop:/home/pi/robot_ws/install/ired_movetogoal:/opt/ros/jazzy DEBUGINFOD_URLS=https://debuginfod.ubuntu.com /usr/bin/cmake --build /home/pi/robot_ws/build/ired_rviz -- -j16 -l16
[0.559s] Invoking command in '/home/pi/robot_ws/build/ired_rviz': CMAKE_PREFIX_PATH=${CMAKE_PREFIX_PATH}:/home/pi/robot_ws/install/ros2_aruco:/home/pi/robot_ws/install/ired_teleop:/home/pi/robot_ws/install/ired_movetogoal:/opt/ros/jazzy DEBUGINFOD_URLS=https://debuginfod.ubuntu.com /usr/bin/cmake --install /home/pi/robot_ws/build/ired_rviz
[0.567s] -- Install configuration: ""
[0.571s] -- Execute custom install script
[0.571s] -- Up-to-date symlink: /home/pi/robot_ws/install/ired_rviz/share/ired_rviz/launch/navigation.launch.py
[0.571s] -- Up-to-date symlink: /home/pi/robot_ws/install/ired_rviz/share/ired_rviz/launch/slam.launch.py
[0.571s] -- Up-to-date symlink: /home/pi/robot_ws/install/ired_rviz/share/ired_rviz/rviz/bringup.rviz
[0.574s] -- Up-to-date symlink: /home/pi/robot_ws/install/ired_rviz/share/ired_rviz/rviz/navi.rviz
[0.577s] -- Up-to-date symlink: /home/pi/robot_ws/install/ired_rviz/share/ired_rviz/rviz/robot_urdf.rviz
[0.578s] -- Up-to-date symlink: /home/pi/robot_ws/install/ired_rviz/share/ired_rviz/rviz/slam.rviz
[0.578s] -- Up-to-date symlink: /home/pi/robot_ws/install/ired_rviz/share/ament_index/resource_index/package_run_dependencies/ired_rviz
[0.578s] -- Up-to-date symlink: /home/pi/robot_ws/install/ired_rviz/share/ament_index/resource_index/parent_prefix_path/ired_rviz
[0.578s] -- Up-to-date symlink: /home/pi/robot_ws/install/ired_rviz/share/ired_rviz/environment/ament_prefix_path.sh
[0.579s] -- Up-to-date symlink: /home/pi/robot_ws/install/ired_rviz/share/ired_rviz/environment/ament_prefix_path.dsv
[0.580s] -- Up-to-date symlink: /home/pi/robot_ws/install/ired_rviz/share/ired_rviz/environment/path.sh
[0.582s] -- Up-to-date symlink: /home/pi/robot_ws/install/ired_rviz/share/ired_rviz/environment/path.dsv
[0.582s] -- Up-to-date symlink: /home/pi/robot_ws/install/ired_rviz/share/ired_rviz/local_setup.bash
[0.582s] -- Up-to-date symlink: /home/pi/robot_ws/install/ired_rviz/share/ired_rviz/local_setup.sh
[0.583s] -- Up-to-date symlink: /home/pi/robot_ws/install/ired_rviz/share/ired_rviz/local_setup.zsh
[0.583s] -- Up-to-date symlink: /home/pi/robot_ws/install/ired_rviz/share/ired_rviz/local_setup.dsv
[0.583s] -- Symlinking: /home/pi/robot_ws/install/ired_rviz/share/ired_rviz/package.dsv
[0.592s] -- Up-to-date symlink: /home/pi/robot_ws/install/ired_rviz/share/ament_index/resource_index/packages/ired_rviz
[0.593s] -- Up-to-date symlink: /home/pi/robot_ws/install/ired_rviz/share/ired_rviz/cmake/ired_rvizConfig.cmake
[0.593s] -- Up-to-date symlink: /home/pi/robot_ws/install/ired_rviz/share/ired_rviz/cmake/ired_rvizConfig-version.cmake
[0.593s] -- Up-to-date symlink: /home/pi/robot_ws/install/ired_rviz/share/ired_rviz/package.xml
[0.643s] Invoked command in '/home/pi/robot_ws/build/ired_rviz' returned '0': CMAKE_PREFIX_PATH=${CMAKE_PREFIX_PATH}:/home/pi/robot_ws/install/ros2_aruco:/home/pi/robot_ws/install/ired_teleop:/home/pi/robot_ws/install/ired_movetogoal:/opt/ros/jazzy DEBUGINFOD_URLS=https://debuginfod.ubuntu.com /usr/bin/cmake --install /home/pi/robot_ws/build/ired_rviz
