[0.034s] Invoking command in '/home/pp/Tawan-pe-/build/ired_aruco': CMAKE_PREFIX_PATH=${CMAKE_PREFIX_PATH}:/home/pp/Tawan-pe-/install/station_pkg:/home/pp/Tawan-pe-/install/ros2_aruco:/home/pp/Tawan-pe-/install/ired_teleop:/home/pp/Tawan-pe-/install/ired_movetogoal:/opt/ros/jazzy DEBUGINFOD_URLS=https://debuginfod.ubuntu.com /usr/bin/cmake /home/pp/Tawan-pe-/src/aruco_marker/ired_aruco -DAMENT_CMAKE_SYMLINK_INSTALL=1 -DCMAKE_INSTALL_PREFIX=/home/pp/Tawan-pe-/install/ired_aruco
[0.936s] -- The C compiler identification is GNU 13.3.0
[0.936s] -- The CXX compiler identification is GNU 13.3.0
[0.936s] -- Detecting C compiler ABI info
[0.936s] -- Detecting C compiler ABI info - done
[0.936s] -- Check for working C compiler: /usr/bin/cc - skipped
[0.936s] -- Detecting C compile features
[0.936s] -- Detecting C compile features - done
[0.937s] -- Detecting CXX compiler ABI info
[0.937s] -- Detecting CXX compiler ABI info - done
[0.937s] -- Check for working CXX compiler: /usr/bin/c++ - skipped
[0.937s] -- Detecting CXX compile features
[0.937s] -- Detecting CXX compile features - done
[0.937s] -- Found ament_cmake: 2.5.4 (/opt/ros/jazzy/share/ament_cmake/cmake)
[0.937s] -- Found Python3: /usr/bin/python3 (found version "3.12.3") found components: Interpreter 
[0.937s] -- Override CMake install command with custom implementation using symlinks instead of copying resources
[0.937s] -- Configuring done (0.7s)
[0.937s] -- Generating done (0.0s)
[0.937s] -- Build files have been written to: /home/pp/Tawan-pe-/build/ired_aruco
[0.943s] Invoked command in '/home/pp/Tawan-pe-/build/ired_aruco' returned '0': CMAKE_PREFIX_PATH=${CMAKE_PREFIX_PATH}:/home/pp/Tawan-pe-/install/station_pkg:/home/pp/Tawan-pe-/install/ros2_aruco:/home/pp/Tawan-pe-/install/ired_teleop:/home/pp/Tawan-pe-/install/ired_movetogoal:/opt/ros/jazzy DEBUGINFOD_URLS=https://debuginfod.ubuntu.com /usr/bin/cmake /home/pp/Tawan-pe-/src/aruco_marker/ired_aruco -DAMENT_CMAKE_SYMLINK_INSTALL=1 -DCMAKE_INSTALL_PREFIX=/home/pp/Tawan-pe-/install/ired_aruco
[0.945s] Invoking command in '/home/pp/Tawan-pe-/build/ired_aruco': CMAKE_PREFIX_PATH=${CMAKE_PREFIX_PATH}:/home/pp/Tawan-pe-/install/station_pkg:/home/pp/Tawan-pe-/install/ros2_aruco:/home/pp/Tawan-pe-/install/ired_teleop:/home/pp/Tawan-pe-/install/ired_movetogoal:/opt/ros/jazzy DEBUGINFOD_URLS=https://debuginfod.ubuntu.com /usr/bin/cmake --build /home/pp/Tawan-pe-/build/ired_aruco -- -j12 -l12
[0.998s] Invoked command in '/home/pp/Tawan-pe-/build/ired_aruco' returned '0': CMAKE_PREFIX_PATH=${CMAKE_PREFIX_PATH}:/home/pp/Tawan-pe-/install/station_pkg:/home/pp/Tawan-pe-/install/ros2_aruco:/home/pp/Tawan-pe-/install/ired_teleop:/home/pp/Tawan-pe-/install/ired_movetogoal:/opt/ros/jazzy DEBUGINFOD_URLS=https://debuginfod.ubuntu.com /usr/bin/cmake --build /home/pp/Tawan-pe-/build/ired_aruco -- -j12 -l12
[1.007s] Invoking command in '/home/pp/Tawan-pe-/build/ired_aruco': CMAKE_PREFIX_PATH=${CMAKE_PREFIX_PATH}:/home/pp/Tawan-pe-/install/station_pkg:/home/pp/Tawan-pe-/install/ros2_aruco:/home/pp/Tawan-pe-/install/ired_teleop:/home/pp/Tawan-pe-/install/ired_movetogoal:/opt/ros/jazzy DEBUGINFOD_URLS=https://debuginfod.ubuntu.com /usr/bin/cmake --install /home/pp/Tawan-pe-/build/ired_aruco
[1.019s] -- Install configuration: ""
[1.019s] -- Execute custom install script
[1.019s] -- Symlinking: /home/pp/Tawan-pe-/install/ired_aruco/share/ired_aruco/launch/aruco_detect.launch.py
[1.038s] -- Symlinking: /home/pp/Tawan-pe-/install/ired_aruco/share/ired_aruco/rviz/aruco.rviz
[1.049s] -- Symlinking: /home/pp/Tawan-pe-/install/ired_aruco/share/ired_aruco/config/camera_calibration/ost.txt
[1.060s] -- Symlinking: /home/pp/Tawan-pe-/install/ired_aruco/share/ired_aruco/config/camera_calibration/ost.yaml
[1.076s] -- Symlinking: /home/pp/Tawan-pe-/install/ired_aruco/share/ament_index/resource_index/package_run_dependencies/ired_aruco
[1.085s] -- Symlinking: /home/pp/Tawan-pe-/install/ired_aruco/share/ament_index/resource_index/parent_prefix_path/ired_aruco
[1.102s] -- Symlinking: /home/pp/Tawan-pe-/install/ired_aruco/share/ired_aruco/environment/ament_prefix_path.sh
[1.124s] -- Symlinking: /home/pp/Tawan-pe-/install/ired_aruco/share/ired_aruco/environment/ament_prefix_path.dsv
[1.133s] -- Symlinking: /home/pp/Tawan-pe-/install/ired_aruco/share/ired_aruco/environment/path.sh
[1.147s] -- Symlinking: /home/pp/Tawan-pe-/install/ired_aruco/share/ired_aruco/environment/path.dsv
[1.163s] -- Symlinking: /home/pp/Tawan-pe-/install/ired_aruco/share/ired_aruco/local_setup.bash
[1.181s] -- Symlinking: /home/pp/Tawan-pe-/install/ired_aruco/share/ired_aruco/local_setup.sh
[1.203s] -- Symlinking: /home/pp/Tawan-pe-/install/ired_aruco/share/ired_aruco/local_setup.zsh
[1.227s] -- Symlinking: /home/pp/Tawan-pe-/install/ired_aruco/share/ired_aruco/local_setup.dsv
[1.235s] -- Symlinking: /home/pp/Tawan-pe-/install/ired_aruco/share/ired_aruco/package.dsv
[1.247s] -- Symlinking: /home/pp/Tawan-pe-/install/ired_aruco/share/ament_index/resource_index/packages/ired_aruco
[1.258s] -- Symlinking: /home/pp/Tawan-pe-/install/ired_aruco/share/ired_aruco/cmake/ired_arucoConfig.cmake
[1.274s] -- Symlinking: /home/pp/Tawan-pe-/install/ired_aruco/share/ired_aruco/cmake/ired_arucoConfig-version.cmake
[1.284s] -- Symlinking: /home/pp/Tawan-pe-/install/ired_aruco/share/ired_aruco/package.xml
[1.303s] Invoked command in '/home/pp/Tawan-pe-/build/ired_aruco' returned '0': CMAKE_PREFIX_PATH=${CMAKE_PREFIX_PATH}:/home/pp/Tawan-pe-/install/station_pkg:/home/pp/Tawan-pe-/install/ros2_aruco:/home/pp/Tawan-pe-/install/ired_teleop:/home/pp/Tawan-pe-/install/ired_movetogoal:/opt/ros/jazzy DEBUGINFOD_URLS=https://debuginfod.ubuntu.com /usr/bin/cmake --install /home/pp/Tawan-pe-/build/ired_aruco
