[1.248s] Invoking command in '/home/pp/Tawan-pe-/build/station_pkg': DEBUGINFOD_URLS=https://debuginfod.ubuntu.com PYTHONPATH=/home/pp/Tawan-pe-/build/station_pkg/prefix_override:/usr/lib/python3/dist-packages/colcon_core/task/python/colcon_distutils_commands:/home/pp/Tawan-pe-/install/station_pkg/lib/python3.12/site-packages:${PYTHONPATH} /usr/bin/python3 -W ignore:setup.py install is deprecated -W ignore:easy_install command is deprecated setup.py develop --uninstall --editable --build-directory /home/pp/Tawan-pe-/build/station_pkg/build
[1.666s] running develop
[1.937s] Removing /home/pp/Tawan-pe-/install/station_pkg/lib/python3.12/site-packages/station-pkg.egg-link (link to .)
[1.993s] Invoked command in '/home/pp/Tawan-pe-/build/station_pkg' returned '0': DEBUGINFOD_URLS=https://debuginfod.ubuntu.com PYTHONPATH=/home/pp/Tawan-pe-/build/station_pkg/prefix_override:/usr/lib/python3/dist-packages/colcon_core/task/python/colcon_distutils_commands:/home/pp/Tawan-pe-/install/station_pkg/lib/python3.12/site-packages:${PYTHONPATH} /usr/bin/python3 -W ignore:setup.py install is deprecated -W ignore:easy_install command is deprecated setup.py develop --uninstall --editable --build-directory /home/pp/Tawan-pe-/build/station_pkg/build
[1.994s] Invoking command in '/home/pp/Tawan-pe-/src/station_pkg': DEBUGINFOD_URLS=https://debuginfod.ubuntu.com PYTHONPATH=/home/pp/Tawan-pe-/build/station_pkg/prefix_override:/usr/lib/python3/dist-packages/colcon_core/task/python/colcon_distutils_commands:/home/pp/Tawan-pe-/install/station_pkg/lib/python3.12/site-packages:${PYTHONPATH} /usr/bin/python3 -W ignore:setup.py install is deprecated -W ignore:easy_install command is deprecated setup.py egg_info --egg-base ../../build/station_pkg build --build-base /home/pp/Tawan-pe-/build/station_pkg/build install --record /home/pp/Tawan-pe-/build/station_pkg/install.log --single-version-externally-managed install_data --force
[2.302s] running egg_info
[2.319s] writing ../../build/station_pkg/station_pkg.egg-info/PKG-INFO
[2.320s] writing dependency_links to ../../build/station_pkg/station_pkg.egg-info/dependency_links.txt
[2.320s] writing entry points to ../../build/station_pkg/station_pkg.egg-info/entry_points.txt
[2.320s] writing requirements to ../../build/station_pkg/station_pkg.egg-info/requires.txt
[2.320s] writing top-level names to ../../build/station_pkg/station_pkg.egg-info/top_level.txt
[2.357s] reading manifest file '../../build/station_pkg/station_pkg.egg-info/SOURCES.txt'
[2.358s] writing manifest file '../../build/station_pkg/station_pkg.egg-info/SOURCES.txt'
[2.358s] running build
[2.358s] running build_py
[2.358s] creating /home/pp/Tawan-pe-/build/station_pkg/build
[2.358s] creating /home/pp/Tawan-pe-/build/station_pkg/build/lib
[2.358s] creating /home/pp/Tawan-pe-/build/station_pkg/build/lib/station_pkg
[2.358s] copying station_pkg/__init__.py -> /home/pp/Tawan-pe-/build/station_pkg/build/lib/station_pkg
[2.358s] copying station_pkg/station_detector.py -> /home/pp/Tawan-pe-/build/station_pkg/build/lib/station_pkg
[2.358s] running install
[2.364s] running install_lib
[2.382s] creating /home/pp/Tawan-pe-/install/station_pkg/lib/python3.12/site-packages/station_pkg
[2.382s] copying /home/pp/Tawan-pe-/build/station_pkg/build/lib/station_pkg/__init__.py -> /home/pp/Tawan-pe-/install/station_pkg/lib/python3.12/site-packages/station_pkg
[2.383s] copying /home/pp/Tawan-pe-/build/station_pkg/build/lib/station_pkg/station_detector.py -> /home/pp/Tawan-pe-/install/station_pkg/lib/python3.12/site-packages/station_pkg
[2.383s] byte-compiling /home/pp/Tawan-pe-/install/station_pkg/lib/python3.12/site-packages/station_pkg/__init__.py to __init__.cpython-312.pyc
[2.383s] byte-compiling /home/pp/Tawan-pe-/install/station_pkg/lib/python3.12/site-packages/station_pkg/station_detector.py to station_detector.cpython-312.pyc
[2.384s] running install_data
[2.384s] copying resource/station_pkg -> /home/pp/Tawan-pe-/install/station_pkg/share/ament_index/resource_index/packages
[2.385s] copying package.xml -> /home/pp/Tawan-pe-/install/station_pkg/share/station_pkg
[2.385s] running install_egg_info
[2.409s] Copying ../../build/station_pkg/station_pkg.egg-info to /home/pp/Tawan-pe-/install/station_pkg/lib/python3.12/site-packages/station_pkg-0.0.0-py3.12.egg-info
[2.410s] running install_scripts
[2.528s] Installing station_detector script to /home/pp/Tawan-pe-/install/station_pkg/lib/station_pkg
[2.528s] writing list of installed files to '/home/pp/Tawan-pe-/build/station_pkg/install.log'
[2.554s] Invoked command in '/home/pp/Tawan-pe-/src/station_pkg' returned '0': DEBUGINFOD_URLS=https://debuginfod.ubuntu.com PYTHONPATH=/home/pp/Tawan-pe-/build/station_pkg/prefix_override:/usr/lib/python3/dist-packages/colcon_core/task/python/colcon_distutils_commands:/home/pp/Tawan-pe-/install/station_pkg/lib/python3.12/site-packages:${PYTHONPATH} /usr/bin/python3 -W ignore:setup.py install is deprecated -W ignore:easy_install command is deprecated setup.py egg_info --egg-base ../../build/station_pkg build --build-base /home/pp/Tawan-pe-/build/station_pkg/build install --record /home/pp/Tawan-pe-/build/station_pkg/install.log --single-version-externally-managed install_data --force
