-- The C compiler identification is GNU 13.3.0
-- The CXX compiler identification is GNU 13.3.0
-- Detecting C compiler ABI info
-- Detecting C compiler ABI info - done
-- Check for working C compiler: /usr/bin/cc - skipped
-- Detecting C compile features
-- Detecting C compile features - done
-- Detecting CXX compiler ABI info
-- Detecting CXX compiler ABI info - done
-- Check for working CXX compiler: /usr/bin/c++ - skipped
-- Detecting CXX compile features
-- Detecting CXX compile features - done
-- Found ament_cmake: 2.5.4 (/opt/ros/jazzy/share/ament_cmake/cmake)
-- Found Python3: /usr/bin/python3 (found version "3.12.3") found components: Interpreter 
-- Override CMake install command with custom implementation using symlinks instead of copying resources
-- Found geometry_msgs: 5.3.6 (/opt/ros/jazzy/share/geometry_msgs/cmake)
-- Found rosidl_generator_c: 4.6.6 (/opt/ros/jazzy/share/rosidl_generator_c/cmake)
-- Found rosidl_generator_cpp: 4.6.6 (/opt/ros/jazzy/share/rosidl_generator_cpp/cmake)
-- Using all available rosidl_typesupport_c: rosidl_typesupport_fastrtps_c;rosidl_typesupport_introspection_c
-- Using all available rosidl_typesupport_cpp: rosidl_typesupport_fastrtps_cpp;rosidl_typesupport_introspection_cpp
-- Found ired_msgs: 2.0.1 (/home/pp/Tawan-pe-/src/install/ired_msgs/share/ired_msgs/cmake)
-- Found nav_msgs: 5.3.6 (/opt/ros/jazzy/share/nav_msgs/cmake)
-- Found rclcpp: 28.1.13 (/opt/ros/jazzy/share/rclcpp/cmake)
-- Found rmw_implementation_cmake: 7.3.2 (/opt/ros/jazzy/share/rmw_implementation_cmake/cmake)
-- Found rmw_fastrtps_cpp: 8.4.3 (/opt/ros/jazzy/share/rmw_fastrtps_cpp/cmake)
-- Found OpenSSL: /usr/lib/x86_64-linux-gnu/libcrypto.so (found version "3.0.13")  
-- Found FastRTPS: /opt/ros/jazzy/include (Required is at least version "2.13") 
-- Using RMW implementation 'rmw_fastrtps_cpp' as default
-- Found rclpy: 7.1.6 (/opt/ros/jazzy/share/rclpy/cmake)
-- Found sensor_msgs: 5.3.6 (/opt/ros/jazzy/share/sensor_msgs/cmake)
-- Found std_srvs: 5.3.6 (/opt/ros/jazzy/share/std_srvs/cmake)
-- Found tf2: 0.36.16 (/opt/ros/jazzy/share/tf2/cmake)
-- Found tf2_msgs: 0.36.16 (/opt/ros/jazzy/share/tf2_msgs/cmake)
-- Configuring done (1.4s)
-- Generating done (0.0s)
-- Build files have been written to: /home/pp/Tawan-pe-/src/build/ired_bringup
[  9%] [32mBuilding CXX object CMakeFiles/inverse_kinematics_node.dir/src/inverse_kinematics.cpp.o[0m
[ 27%] [32mBuilding CXX object CMakeFiles/iredcr_modbus_node.dir/src/modbus_rtu.cpp.o[0m
[ 27%] [32mBuilding CXX object CMakeFiles/iredcr_modbus_node.dir/src/ired_controller.cpp.o[0m
[ 36%] [32mBuilding CXX object CMakeFiles/forward_kinematics_node.dir/src/forward_kinematics.cpp.o[0m
[ 45%] [32mBuilding CXX object CMakeFiles/odom_node.dir/src/odom.cpp.o[0m
[ 54%] [32mBuilding CXX object CMakeFiles/imu_node.dir/src/imu.cpp.o[0m
[ 63%] [32m[1mLinking CXX executable forward_kinematics_node[0m
[ 72%] [32m[1mLinking CXX executable inverse_kinematics_node[0m
[ 72%] Built target forward_kinematics_node
[ 72%] Built target inverse_kinematics_node
gmake[2]: *** [CMakeFiles/iredcr_modbus_node.dir/build.make:76: CMakeFiles/iredcr_modbus_node.dir/src/ired_controller.cpp.o] Interrupt
gmake[2]: *** [CMakeFiles/odom_node.dir/build.make:76: CMakeFiles/odom_node.dir/src/odom.cpp.o] Interrupt
gmake[1]: *** [CMakeFiles/Makefile2:223: CMakeFiles/iredcr_modbus_node.dir/all] Interrupt
gmake[1]: *** [CMakeFiles/Makefile2:249: CMakeFiles/odom_node.dir/all] Interrupt
gmake[2]: *** [CMakeFiles/imu_node.dir/build.make:76: CMakeFiles/imu_node.dir/src/imu.cpp.o] Interrupt
gmake[1]: *** [CMakeFiles/Makefile2:197: CMakeFiles/imu_node.dir/all] Interrupt
gmake: *** [Makefile:146: all] Interrupt
