[0.009s] Invoking command in '/home/pp/Tawan-pe-/src/build/ired_bringup': AMENT_PREFIX_PATH=/home/pp/Tawan-pe-/src/install/ired_msgs:${AMENT_PREFIX_PATH} CMAKE_PREFIX_PATH=/home/pp/Tawan-pe-/src/install/ired_msgs:/home/pp/Tawan-pe-/install/rplidar_ros:/home/pp/Tawan-pe-/install/ros2_laser_scan_matcher:/home/pp/Tawan-pe-/install/ros2_aruco_interfaces:/home/pp/Tawan-pe-/install/lidar_bringup:/home/pp/Tawan-pe-/install/ired_rviz:/home/pp/Tawan-pe-/install/ired_navigation:/home/pp/Tawan-pe-/install/ired_bringup:/home/pp/Tawan-pe-/install/ired_msgs:/home/pp/Tawan-pe-/install/ired_aruco:/home/pp/Tawan-pe-/install/csm:/opt/ros/jazzy/opt/gz_math_vendor:/opt/ros/jazzy/opt/gz_utils_vendor:/opt/ros/jazzy/opt/gz_cmake_vendor:/home/pp/Tawan-pe-/install/station_pkg:/home/pp/Tawan-pe-/install/ros2_aruco:/home/pp/Tawan-pe-/install/motion_control:/home/pp/Tawan-pe-/install/ired_teleop:/home/pp/Tawan-pe-/install/ired_movetogoal:/opt/ros/jazzy DEBUGINFOD_URLS=https://debuginfod.ubuntu.com LD_LIBRARY_PATH=/home/pp/Tawan-pe-/src/install/ired_msgs/lib:${LD_LIBRARY_PATH} PYTHONPATH=/home/pp/Tawan-pe-/src/install/ired_msgs/lib/python3.12/site-packages:${PYTHONPATH} /usr/bin/cmake /home/pp/Tawan-pe-/src/robot/ired_bringup -DAMENT_CMAKE_SYMLINK_INSTALL=1 -DCMAKE_INSTALL_PREFIX=/home/pp/Tawan-pe-/src/install/ired_bringup
[0.065s] -- The C compiler identification is GNU 13.3.0
[0.120s] -- The CXX compiler identification is GNU 13.3.0
[0.137s] -- Detecting C compiler ABI info
[0.232s] -- Detecting C compiler ABI info - done
[0.240s] -- Check for working C compiler: /usr/bin/cc - skipped
[0.240s] -- Detecting C compile features
[0.241s] -- Detecting C compile features - done
[0.250s] -- Detecting CXX compiler ABI info
[0.350s] -- Detecting CXX compiler ABI info - done
[0.358s] -- Check for working CXX compiler: /usr/bin/c++ - skipped
[0.358s] -- Detecting CXX compile features
[0.358s] -- Detecting CXX compile features - done
[0.362s] -- Found ament_cmake: 2.5.4 (/opt/ros/jazzy/share/ament_cmake/cmake)
[0.533s] -- Found Python3: /usr/bin/python3 (found version "3.12.3") found components: Interpreter 
[0.623s] -- Override CMake install command with custom implementation using symlinks instead of copying resources
[0.678s] -- Found geometry_msgs: 5.3.6 (/opt/ros/jazzy/share/geometry_msgs/cmake)
[0.725s] -- Found rosidl_generator_c: 4.6.6 (/opt/ros/jazzy/share/rosidl_generator_c/cmake)
[0.741s] -- Found rosidl_generator_cpp: 4.6.6 (/opt/ros/jazzy/share/rosidl_generator_cpp/cmake)
[0.759s] -- Using all available rosidl_typesupport_c: rosidl_typesupport_fastrtps_c;rosidl_typesupport_introspection_c
[0.778s] -- Using all available rosidl_typesupport_cpp: rosidl_typesupport_fastrtps_cpp;rosidl_typesupport_introspection_cpp
[0.832s] -- Found ired_msgs: 2.0.1 (/home/pp/Tawan-pe-/src/install/ired_msgs/share/ired_msgs/cmake)
[0.873s] -- Found nav_msgs: 5.3.6 (/opt/ros/jazzy/share/nav_msgs/cmake)
[0.901s] -- Found rclcpp: 28.1.13 (/opt/ros/jazzy/share/rclcpp/cmake)
[0.952s] -- Found rmw_implementation_cmake: 7.3.2 (/opt/ros/jazzy/share/rmw_implementation_cmake/cmake)
[0.956s] -- Found rmw_fastrtps_cpp: 8.4.3 (/opt/ros/jazzy/share/rmw_fastrtps_cpp/cmake)
[1.044s] -- Found OpenSSL: /usr/lib/x86_64-linux-gnu/libcrypto.so (found version "3.0.13")  
[1.065s] -- Found FastRTPS: /opt/ros/jazzy/include (Required is at least version "2.13") 
[1.090s] -- Using RMW implementation 'rmw_fastrtps_cpp' as default
[1.162s] -- Found rclpy: 7.1.6 (/opt/ros/jazzy/share/rclpy/cmake)
[1.165s] -- Found sensor_msgs: 5.3.6 (/opt/ros/jazzy/share/sensor_msgs/cmake)
[1.188s] -- Found std_srvs: 5.3.6 (/opt/ros/jazzy/share/std_srvs/cmake)
[1.204s] -- Found tf2: 0.36.16 (/opt/ros/jazzy/share/tf2/cmake)
[1.210s] -- Found tf2_msgs: 0.36.16 (/opt/ros/jazzy/share/tf2_msgs/cmake)
[1.372s] -- Configuring done (1.4s)
[1.404s] -- Generating done (0.0s)
[1.413s] -- Build files have been written to: /home/pp/Tawan-pe-/src/build/ired_bringup
[1.427s] Invoked command in '/home/pp/Tawan-pe-/src/build/ired_bringup' returned '0': AMENT_PREFIX_PATH=/home/pp/Tawan-pe-/src/install/ired_msgs:${AMENT_PREFIX_PATH} CMAKE_PREFIX_PATH=/home/pp/Tawan-pe-/src/install/ired_msgs:/home/pp/Tawan-pe-/install/rplidar_ros:/home/pp/Tawan-pe-/install/ros2_laser_scan_matcher:/home/pp/Tawan-pe-/install/ros2_aruco_interfaces:/home/pp/Tawan-pe-/install/lidar_bringup:/home/pp/Tawan-pe-/install/ired_rviz:/home/pp/Tawan-pe-/install/ired_navigation:/home/pp/Tawan-pe-/install/ired_bringup:/home/pp/Tawan-pe-/install/ired_msgs:/home/pp/Tawan-pe-/install/ired_aruco:/home/pp/Tawan-pe-/install/csm:/opt/ros/jazzy/opt/gz_math_vendor:/opt/ros/jazzy/opt/gz_utils_vendor:/opt/ros/jazzy/opt/gz_cmake_vendor:/home/pp/Tawan-pe-/install/station_pkg:/home/pp/Tawan-pe-/install/ros2_aruco:/home/pp/Tawan-pe-/install/motion_control:/home/pp/Tawan-pe-/install/ired_teleop:/home/pp/Tawan-pe-/install/ired_movetogoal:/opt/ros/jazzy DEBUGINFOD_URLS=https://debuginfod.ubuntu.com LD_LIBRARY_PATH=/home/pp/Tawan-pe-/src/install/ired_msgs/lib:${LD_LIBRARY_PATH} PYTHONPATH=/home/pp/Tawan-pe-/src/install/ired_msgs/lib/python3.12/site-packages:${PYTHONPATH} /usr/bin/cmake /home/pp/Tawan-pe-/src/robot/ired_bringup -DAMENT_CMAKE_SYMLINK_INSTALL=1 -DCMAKE_INSTALL_PREFIX=/home/pp/Tawan-pe-/src/install/ired_bringup
[1.427s] Invoking command in '/home/pp/Tawan-pe-/src/build/ired_bringup': AMENT_PREFIX_PATH=/home/pp/Tawan-pe-/src/install/ired_msgs:${AMENT_PREFIX_PATH} CMAKE_PREFIX_PATH=/home/pp/Tawan-pe-/src/install/ired_msgs:/home/pp/Tawan-pe-/install/rplidar_ros:/home/pp/Tawan-pe-/install/ros2_laser_scan_matcher:/home/pp/Tawan-pe-/install/ros2_aruco_interfaces:/home/pp/Tawan-pe-/install/lidar_bringup:/home/pp/Tawan-pe-/install/ired_rviz:/home/pp/Tawan-pe-/install/ired_navigation:/home/pp/Tawan-pe-/install/ired_bringup:/home/pp/Tawan-pe-/install/ired_msgs:/home/pp/Tawan-pe-/install/ired_aruco:/home/pp/Tawan-pe-/install/csm:/opt/ros/jazzy/opt/gz_math_vendor:/opt/ros/jazzy/opt/gz_utils_vendor:/opt/ros/jazzy/opt/gz_cmake_vendor:/home/pp/Tawan-pe-/install/station_pkg:/home/pp/Tawan-pe-/install/ros2_aruco:/home/pp/Tawan-pe-/install/motion_control:/home/pp/Tawan-pe-/install/ired_teleop:/home/pp/Tawan-pe-/install/ired_movetogoal:/opt/ros/jazzy DEBUGINFOD_URLS=https://debuginfod.ubuntu.com LD_LIBRARY_PATH=/home/pp/Tawan-pe-/src/install/ired_msgs/lib:${LD_LIBRARY_PATH} PYTHONPATH=/home/pp/Tawan-pe-/src/install/ired_msgs/lib/python3.12/site-packages:${PYTHONPATH} /usr/bin/cmake --build /home/pp/Tawan-pe-/src/build/ired_bringup -- -j12 -l12
[1.480s] [  9%] [32mBuilding CXX object CMakeFiles/inverse_kinematics_node.dir/src/inverse_kinematics.cpp.o[0m
[1.481s] [ 27%] [32mBuilding CXX object CMakeFiles/iredcr_modbus_node.dir/src/modbus_rtu.cpp.o[0m
[1.481s] [ 27%] [32mBuilding CXX object CMakeFiles/iredcr_modbus_node.dir/src/ired_controller.cpp.o[0m
[1.481s] [ 36%] [32mBuilding CXX object CMakeFiles/forward_kinematics_node.dir/src/forward_kinematics.cpp.o[0m
[1.481s] [ 45%] [32mBuilding CXX object CMakeFiles/odom_node.dir/src/odom.cpp.o[0m
[1.481s] [ 54%] [32mBuilding CXX object CMakeFiles/imu_node.dir/src/imu.cpp.o[0m
[10.255s] [ 63%] [32m[1mLinking CXX executable forward_kinematics_node[0m
[10.444s] [ 72%] [32m[1mLinking CXX executable inverse_kinematics_node[0m
[10.753s] [ 72%] Built target forward_kinematics_node
[10.913s] [ 72%] Built target inverse_kinematics_node
[11.009s] gmake[2]: *** [CMakeFiles/iredcr_modbus_node.dir/build.make:76: CMakeFiles/iredcr_modbus_node.dir/src/ired_controller.cpp.o] Interrupt
[11.010s] gmake[2]: *** [CMakeFiles/odom_node.dir/build.make:76: CMakeFiles/odom_node.dir/src/odom.cpp.o] Interrupt
[11.010s] gmake[1]: *** [CMakeFiles/Makefile2:223: CMakeFiles/iredcr_modbus_node.dir/all] Interrupt
[11.010s] gmake[1]: *** [CMakeFiles/Makefile2:249: CMakeFiles/odom_node.dir/all] Interrupt
[11.013s] gmake[2]: *** [CMakeFiles/imu_node.dir/build.make:76: CMakeFiles/imu_node.dir/src/imu.cpp.o] Interrupt
[11.013s] gmake[1]: *** [CMakeFiles/Makefile2:197: CMakeFiles/imu_node.dir/all] Interrupt
[11.013s] gmake: *** [Makefile:146: all] Interrupt
