[3.346s] Invoking command in '/home/pp/Tawan-pe-/src/robot/ired_teleop': DEBUGINFOD_URLS=https://debuginfod.ubuntu.com PYTHONPATH=/home/pp/Tawan-pe-/build/ired_teleop/prefix_override:/usr/lib/python3/dist-packages/colcon_core/task/python/colcon_distutils_commands:/home/pp/Tawan-pe-/install/ired_teleop/lib/python3.12/site-packages:${PYTHONPATH} /usr/bin/python3 -W ignore:setup.py install is deprecated -W ignore:easy_install command is deprecated setup.py egg_info --egg-base ../../../build/ired_teleop build --build-base /home/pp/Tawan-pe-/build/ired_teleop/build install --record /home/pp/Tawan-pe-/build/ired_teleop/install.log --single-version-externally-managed install_data
[3.986s] running egg_info
[4.036s] writing ../../../build/ired_teleop/ired_teleop.egg-info/PKG-INFO
[4.036s] writing dependency_links to ../../../build/ired_teleop/ired_teleop.egg-info/dependency_links.txt
[4.037s] writing entry points to ../../../build/ired_teleop/ired_teleop.egg-info/entry_points.txt
[4.037s] writing requirements to ../../../build/ired_teleop/ired_teleop.egg-info/requires.txt
[4.038s] writing top-level names to ../../../build/ired_teleop/ired_teleop.egg-info/top_level.txt
[4.129s] reading manifest file '../../../build/ired_teleop/ired_teleop.egg-info/SOURCES.txt'
[4.131s] writing manifest file '../../../build/ired_teleop/ired_teleop.egg-info/SOURCES.txt'
[4.132s] running build
[4.132s] running build_py
[4.134s] running install
[4.148s] running install_lib
[4.200s] running install_data
[4.200s] running install_egg_info
[4.241s] removing '/home/pp/Tawan-pe-/install/ired_teleop/lib/python3.12/site-packages/ired_teleop-2.0.1-py3.12.egg-info' (and everything under it)
[4.242s] Copying ../../../build/ired_teleop/ired_teleop.egg-info to /home/pp/Tawan-pe-/install/ired_teleop/lib/python3.12/site-packages/ired_teleop-2.0.1-py3.12.egg-info
[4.243s] running install_scripts
[4.495s] Installing teleop_keyboard script to /home/pp/Tawan-pe-/install/ired_teleop/lib/ired_teleop
[4.496s] writing list of installed files to '/home/pp/Tawan-pe-/build/ired_teleop/install.log'
[4.543s] Invoked command in '/home/pp/Tawan-pe-/src/robot/ired_teleop' returned '0': DEBUGINFOD_URLS=https://debuginfod.ubuntu.com PYTHONPATH=/home/pp/Tawan-pe-/build/ired_teleop/prefix_override:/usr/lib/python3/dist-packages/colcon_core/task/python/colcon_distutils_commands:/home/pp/Tawan-pe-/install/ired_teleop/lib/python3.12/site-packages:${PYTHONPATH} /usr/bin/python3 -W ignore:setup.py install is deprecated -W ignore:easy_install command is deprecated setup.py egg_info --egg-base ../../../build/ired_teleop build --build-base /home/pp/Tawan-pe-/build/ired_teleop/build install --record /home/pp/Tawan-pe-/build/ired_teleop/install.log --single-version-externally-managed install_data
