[0.630s] Invoking command in '/home/pi/robot_ws/build/ros2_aruco_interfaces': CMAKE_PREFIX_PATH=${CMAKE_PREFIX_PATH}:/home/pi/robot_ws/install/ros2_aruco:/home/pi/robot_ws/install/ired_teleop:/home/pi/robot_ws/install/ired_movetogoal:/opt/ros/jazzy DEBUGINFOD_URLS=https://debuginfod.ubuntu.com /usr/bin/cmake --build /home/pi/robot_ws/build/ros2_aruco_interfaces -- -j16 -l16
[0.687s] [  2%] Built target ros2_aruco_interfaces__rosidl_generator_type_description
[0.695s] [  2%] Built target ament_cmake_python_symlink_ros2_aruco_interfaces
[0.711s] [  5%] Built target ros2_aruco_interfaces__cpp
[0.717s] [ 20%] Built target ros2_aruco_interfaces__rosidl_generator_c
[0.747s] [ 55%] Built target ros2_aruco_interfaces__rosidl_typesupport_fastrtps_c
[0.747s] [ 55%] Built target ros2_aruco_interfaces__rosidl_typesupport_cpp
[0.749s] [ 55%] Built target ros2_aruco_interfaces__rosidl_typesupport_c
[0.749s] [ 55%] Built target ros2_aruco_interfaces__rosidl_typesupport_introspection_c
[0.749s] [ 64%] Built target ros2_aruco_interfaces__rosidl_typesupport_fastrtps_cpp
[0.754s] [ 73%] Built target ros2_aruco_interfaces__rosidl_typesupport_introspection_cpp
[0.777s] [ 73%] Built target ros2_aruco_interfaces
[0.799s] [ 76%] Built target ros2_aruco_interfaces__py
[0.826s] [ 82%] Built target ros2_aruco_interfaces__rosidl_generator_py
[0.856s] [ 97%] Built target ros2_aruco_interfaces_s__rosidl_typesupport_fastrtps_c
[0.856s] [ 97%] Built target ros2_aruco_interfaces_s__rosidl_typesupport_introspection_c
[0.856s] [100%] Built target ros2_aruco_interfaces_s__rosidl_typesupport_c
[0.886s] running egg_info
[0.899s] writing ros2_aruco_interfaces.egg-info/PKG-INFO
[0.899s] writing dependency_links to ros2_aruco_interfaces.egg-info/dependency_links.txt
[0.900s] writing top-level names to ros2_aruco_interfaces.egg-info/top_level.txt
[0.934s] reading manifest file 'ros2_aruco_interfaces.egg-info/SOURCES.txt'
[0.935s] writing manifest file 'ros2_aruco_interfaces.egg-info/SOURCES.txt'
[0.960s] [100%] Built target ament_cmake_python_build_ros2_aruco_interfaces_egg
[0.974s] Invoked command in '/home/pi/robot_ws/build/ros2_aruco_interfaces' returned '0': CMAKE_PREFIX_PATH=${CMAKE_PREFIX_PATH}:/home/pi/robot_ws/install/ros2_aruco:/home/pi/robot_ws/install/ired_teleop:/home/pi/robot_ws/install/ired_movetogoal:/opt/ros/jazzy DEBUGINFOD_URLS=https://debuginfod.ubuntu.com /usr/bin/cmake --build /home/pi/robot_ws/build/ros2_aruco_interfaces -- -j16 -l16
[0.975s] Invoking command in '/home/pi/robot_ws/build/ros2_aruco_interfaces': CMAKE_PREFIX_PATH=${CMAKE_PREFIX_PATH}:/home/pi/robot_ws/install/ros2_aruco:/home/pi/robot_ws/install/ired_teleop:/home/pi/robot_ws/install/ired_movetogoal:/opt/ros/jazzy DEBUGINFOD_URLS=https://debuginfod.ubuntu.com /usr/bin/cmake --install /home/pi/robot_ws/build/ros2_aruco_interfaces
[0.983s] -- Install configuration: ""
[0.984s] -- Execute custom install script
[0.984s] -- Up-to-date symlink: /home/pi/robot_ws/install/ros2_aruco_interfaces/share/ament_index/resource_index/rosidl_interfaces/ros2_aruco_interfaces
[0.984s] -- Up-to-date symlink: /home/pi/robot_ws/install/ros2_aruco_interfaces/share/ros2_aruco_interfaces/msg/ArucoMarkers.json
[0.984s] -- Up-to-date symlink: /home/pi/robot_ws/install/ros2_aruco_interfaces/include/ros2_aruco_interfaces/ros2_aruco_interfaces/msg/aruco_markers.h
[0.984s] -- Up-to-date symlink: /home/pi/robot_ws/install/ros2_aruco_interfaces/include/ros2_aruco_interfaces/ros2_aruco_interfaces/msg/detail/aruco_markers__functions.h
[0.984s] -- Up-to-date symlink: /home/pi/robot_ws/install/ros2_aruco_interfaces/include/ros2_aruco_interfaces/ros2_aruco_interfaces/msg/detail/aruco_markers__struct.h
[0.984s] -- Up-to-date symlink: /home/pi/robot_ws/install/ros2_aruco_interfaces/include/ros2_aruco_interfaces/ros2_aruco_interfaces/msg/detail/aruco_markers__type_support.h
[0.984s] -- Up-to-date symlink: /home/pi/robot_ws/install/ros2_aruco_interfaces/include/ros2_aruco_interfaces/ros2_aruco_interfaces/msg/rosidl_generator_c__visibility_control.h
[0.985s] -- Up-to-date symlink: /home/pi/robot_ws/install/ros2_aruco_interfaces/share/ros2_aruco_interfaces/environment/library_path.sh
[0.985s] -- Up-to-date symlink: /home/pi/robot_ws/install/ros2_aruco_interfaces/share/ros2_aruco_interfaces/environment/library_path.dsv
[0.985s] -- Up-to-date symlink: /home/pi/robot_ws/install/ros2_aruco_interfaces/include/ros2_aruco_interfaces/ros2_aruco_interfaces/msg/detail/aruco_markers__rosidl_typesupport_fastrtps_c.h
[0.985s] -- Up-to-date symlink: /home/pi/robot_ws/install/ros2_aruco_interfaces/include/ros2_aruco_interfaces/ros2_aruco_interfaces/msg/rosidl_typesupport_fastrtps_c__visibility_control.h
[0.985s] -- Up-to-date symlink: /home/pi/robot_ws/install/ros2_aruco_interfaces/include/ros2_aruco_interfaces/ros2_aruco_interfaces/msg/aruco_markers.hpp
[0.985s] -- Up-to-date symlink: /home/pi/robot_ws/install/ros2_aruco_interfaces/include/ros2_aruco_interfaces/ros2_aruco_interfaces/msg/detail/aruco_markers__builder.hpp
[0.985s] -- Up-to-date symlink: /home/pi/robot_ws/install/ros2_aruco_interfaces/include/ros2_aruco_interfaces/ros2_aruco_interfaces/msg/detail/aruco_markers__struct.hpp
[0.985s] -- Up-to-date symlink: /home/pi/robot_ws/install/ros2_aruco_interfaces/include/ros2_aruco_interfaces/ros2_aruco_interfaces/msg/detail/aruco_markers__traits.hpp
[0.986s] -- Up-to-date symlink: /home/pi/robot_ws/install/ros2_aruco_interfaces/include/ros2_aruco_interfaces/ros2_aruco_interfaces/msg/detail/aruco_markers__type_support.hpp
[0.986s] -- Up-to-date symlink: /home/pi/robot_ws/install/ros2_aruco_interfaces/include/ros2_aruco_interfaces/ros2_aruco_interfaces/msg/rosidl_generator_cpp__visibility_control.hpp
[0.986s] -- Up-to-date symlink: /home/pi/robot_ws/install/ros2_aruco_interfaces/include/ros2_aruco_interfaces/ros2_aruco_interfaces/msg/detail/aruco_markers__rosidl_typesupport_fastrtps_cpp.hpp
[0.986s] -- Up-to-date symlink: /home/pi/robot_ws/install/ros2_aruco_interfaces/include/ros2_aruco_interfaces/ros2_aruco_interfaces/msg/rosidl_typesupport_fastrtps_cpp__visibility_control.h
[0.986s] -- Up-to-date symlink: /home/pi/robot_ws/install/ros2_aruco_interfaces/include/ros2_aruco_interfaces/ros2_aruco_interfaces/msg/detail/aruco_markers__rosidl_typesupport_introspection_c.h
[0.986s] -- Up-to-date symlink: /home/pi/robot_ws/install/ros2_aruco_interfaces/include/ros2_aruco_interfaces/ros2_aruco_interfaces/msg/rosidl_typesupport_introspection_c__visibility_control.h
[0.986s] -- Up-to-date symlink: /home/pi/robot_ws/install/ros2_aruco_interfaces/include/ros2_aruco_interfaces/ros2_aruco_interfaces/msg/detail/aruco_markers__rosidl_typesupport_introspection_cpp.hpp
[0.987s] -- Up-to-date symlink: /home/pi/robot_ws/install/ros2_aruco_interfaces/share/ros2_aruco_interfaces/environment/pythonpath.sh
[0.987s] -- Up-to-date symlink: /home/pi/robot_ws/install/ros2_aruco_interfaces/share/ros2_aruco_interfaces/environment/pythonpath.dsv
[0.987s] -- Up-to-date symlink: /home/pi/robot_ws/install/ros2_aruco_interfaces/lib/python3.12/site-packages/ros2_aruco_interfaces-0.1.0-py3.12.egg-info/PKG-INFO
[0.987s] -- Up-to-date symlink: /home/pi/robot_ws/install/ros2_aruco_interfaces/lib/python3.12/site-packages/ros2_aruco_interfaces-0.1.0-py3.12.egg-info/SOURCES.txt
[0.987s] -- Up-to-date symlink: /home/pi/robot_ws/install/ros2_aruco_interfaces/lib/python3.12/site-packages/ros2_aruco_interfaces-0.1.0-py3.12.egg-info/dependency_links.txt
[0.987s] -- Up-to-date symlink: /home/pi/robot_ws/install/ros2_aruco_interfaces/lib/python3.12/site-packages/ros2_aruco_interfaces-0.1.0-py3.12.egg-info/top_level.txt
[0.987s] -- Up-to-date symlink: /home/pi/robot_ws/install/ros2_aruco_interfaces/lib/python3.12/site-packages/ros2_aruco_interfaces/__init__.py
[0.988s] -- Up-to-date symlink: /home/pi/robot_ws/install/ros2_aruco_interfaces/lib/python3.12/site-packages/ros2_aruco_interfaces/_ros2_aruco_interfaces_s.ep.rosidl_typesupport_c.c
[0.988s] -- Up-to-date symlink: /home/pi/robot_ws/install/ros2_aruco_interfaces/lib/python3.12/site-packages/ros2_aruco_interfaces/_ros2_aruco_interfaces_s.ep.rosidl_typesupport_fastrtps_c.c
[0.988s] -- Up-to-date symlink: /home/pi/robot_ws/install/ros2_aruco_interfaces/lib/python3.12/site-packages/ros2_aruco_interfaces/_ros2_aruco_interfaces_s.ep.rosidl_typesupport_introspection_c.c
[0.988s] -- Up-to-date symlink: /home/pi/robot_ws/install/ros2_aruco_interfaces/lib/python3.12/site-packages/ros2_aruco_interfaces/msg/__init__.py
[0.988s] -- Up-to-date symlink: /home/pi/robot_ws/install/ros2_aruco_interfaces/lib/python3.12/site-packages/ros2_aruco_interfaces/msg/_aruco_markers.py
[0.988s] -- Up-to-date symlink: /home/pi/robot_ws/install/ros2_aruco_interfaces/lib/python3.12/site-packages/ros2_aruco_interfaces/msg/_aruco_markers_s.c
[0.988s] -- Up-to-date symlink: /home/pi/robot_ws/install/ros2_aruco_interfaces/lib/python3.12/site-packages/ros2_aruco_interfaces/ros2_aruco_interfaces_s__rosidl_typesupport_c.so
[0.988s] -- Up-to-date symlink: /home/pi/robot_ws/install/ros2_aruco_interfaces/lib/python3.12/site-packages/ros2_aruco_interfaces/ros2_aruco_interfaces_s__rosidl_typesupport_fastrtps_c.so
[0.988s] -- Up-to-date symlink: /home/pi/robot_ws/install/ros2_aruco_interfaces/lib/python3.12/site-packages/ros2_aruco_interfaces/ros2_aruco_interfaces_s__rosidl_typesupport_introspection_c.so
[0.988s] -- Up-to-date symlink: /home/pi/robot_ws/install/ros2_aruco_interfaces/lib/python3.12/site-packages/ros2_aruco_interfaces/ros2_aruco_interfaces_s__rosidl_typesupport_fastrtps_c.so
[0.988s] -- Up-to-date symlink: /home/pi/robot_ws/install/ros2_aruco_interfaces/lib/python3.12/site-packages/ros2_aruco_interfaces/ros2_aruco_interfaces_s__rosidl_typesupport_introspection_c.so
[0.989s] -- Up-to-date symlink: /home/pi/robot_ws/install/ros2_aruco_interfaces/lib/python3.12/site-packages/ros2_aruco_interfaces/ros2_aruco_interfaces_s__rosidl_typesupport_c.so
[0.989s] -- Up-to-date symlink: /home/pi/robot_ws/install/ros2_aruco_interfaces/share/ros2_aruco_interfaces/msg/ArucoMarkers.idl
[0.989s] -- Up-to-date symlink: /home/pi/robot_ws/install/ros2_aruco_interfaces/share/ros2_aruco_interfaces/msg/ArucoMarkers.msg
[0.989s] -- Up-to-date symlink: /home/pi/robot_ws/install/ros2_aruco_interfaces/share/ament_index/resource_index/package_run_dependencies/ros2_aruco_interfaces
[0.989s] -- Up-to-date symlink: /home/pi/robot_ws/install/ros2_aruco_interfaces/share/ament_index/resource_index/parent_prefix_path/ros2_aruco_interfaces
[0.989s] -- Up-to-date symlink: /home/pi/robot_ws/install/ros2_aruco_interfaces/share/ros2_aruco_interfaces/environment/ament_prefix_path.sh
[0.989s] -- Up-to-date symlink: /home/pi/robot_ws/install/ros2_aruco_interfaces/share/ros2_aruco_interfaces/environment/ament_prefix_path.dsv
[0.989s] -- Up-to-date symlink: /home/pi/robot_ws/install/ros2_aruco_interfaces/share/ros2_aruco_interfaces/environment/path.sh
[0.989s] -- Up-to-date symlink: /home/pi/robot_ws/install/ros2_aruco_interfaces/share/ros2_aruco_interfaces/environment/path.dsv
[0.989s] -- Up-to-date symlink: /home/pi/robot_ws/install/ros2_aruco_interfaces/share/ros2_aruco_interfaces/local_setup.bash
[0.990s] -- Up-to-date symlink: /home/pi/robot_ws/install/ros2_aruco_interfaces/share/ros2_aruco_interfaces/local_setup.sh
[0.990s] -- Up-to-date symlink: /home/pi/robot_ws/install/ros2_aruco_interfaces/share/ros2_aruco_interfaces/local_setup.zsh
[0.990s] -- Up-to-date symlink: /home/pi/robot_ws/install/ros2_aruco_interfaces/share/ros2_aruco_interfaces/local_setup.dsv
[0.990s] -- Symlinking: /home/pi/robot_ws/install/ros2_aruco_interfaces/share/ros2_aruco_interfaces/package.dsv
[1.001s] -- Up-to-date symlink: /home/pi/robot_ws/install/ros2_aruco_interfaces/share/ament_index/resource_index/packages/ros2_aruco_interfaces
[1.001s] -- Up-to-date symlink: /home/pi/robot_ws/install/ros2_aruco_interfaces/share/ros2_aruco_interfaces/cmake/rosidl_cmake-extras.cmake
[1.001s] -- Up-to-date symlink: /home/pi/robot_ws/install/ros2_aruco_interfaces/share/ros2_aruco_interfaces/cmake/ament_cmake_export_dependencies-extras.cmake
[1.002s] -- Up-to-date symlink: /home/pi/robot_ws/install/ros2_aruco_interfaces/share/ros2_aruco_interfaces/cmake/ament_cmake_export_include_directories-extras.cmake
[1.002s] -- Up-to-date symlink: /home/pi/robot_ws/install/ros2_aruco_interfaces/share/ros2_aruco_interfaces/cmake/ament_cmake_export_libraries-extras.cmake
[1.002s] -- Up-to-date symlink: /home/pi/robot_ws/install/ros2_aruco_interfaces/share/ros2_aruco_interfaces/cmake/ament_cmake_export_targets-extras.cmake
[1.002s] -- Up-to-date symlink: /home/pi/robot_ws/install/ros2_aruco_interfaces/share/ros2_aruco_interfaces/cmake/rosidl_cmake_export_typesupport_targets-extras.cmake
[1.002s] -- Up-to-date symlink: /home/pi/robot_ws/install/ros2_aruco_interfaces/share/ros2_aruco_interfaces/cmake/rosidl_cmake_export_typesupport_libraries-extras.cmake
[1.002s] -- Up-to-date symlink: /home/pi/robot_ws/install/ros2_aruco_interfaces/share/ros2_aruco_interfaces/cmake/ros2_aruco_interfacesConfig.cmake
[1.002s] -- Up-to-date symlink: /home/pi/robot_ws/install/ros2_aruco_interfaces/share/ros2_aruco_interfaces/cmake/ros2_aruco_interfacesConfig-version.cmake
[1.002s] -- Up-to-date symlink: /home/pi/robot_ws/install/ros2_aruco_interfaces/share/ros2_aruco_interfaces/package.xml
[1.002s] -- Up-to-date: /home/pi/robot_ws/install/ros2_aruco_interfaces/lib/libros2_aruco_interfaces__rosidl_generator_c.so
[1.003s] -- Up-to-date: /home/pi/robot_ws/install/ros2_aruco_interfaces/lib/libros2_aruco_interfaces__rosidl_typesupport_fastrtps_c.so
[1.003s] -- Up-to-date: /home/pi/robot_ws/install/ros2_aruco_interfaces/lib/libros2_aruco_interfaces__rosidl_typesupport_fastrtps_cpp.so
[1.003s] -- Up-to-date: /home/pi/robot_ws/install/ros2_aruco_interfaces/lib/libros2_aruco_interfaces__rosidl_typesupport_introspection_c.so
[1.003s] -- Up-to-date: /home/pi/robot_ws/install/ros2_aruco_interfaces/lib/libros2_aruco_interfaces__rosidl_typesupport_c.so
[1.004s] -- Up-to-date: /home/pi/robot_ws/install/ros2_aruco_interfaces/lib/libros2_aruco_interfaces__rosidl_typesupport_introspection_cpp.so
[1.004s] -- Up-to-date: /home/pi/robot_ws/install/ros2_aruco_interfaces/lib/libros2_aruco_interfaces__rosidl_typesupport_cpp.so
[1.031s] Listing '/home/pi/robot_ws/install/ros2_aruco_interfaces/lib/python3.12/site-packages/ros2_aruco_interfaces'...
[1.031s] Listing '/home/pi/robot_ws/install/ros2_aruco_interfaces/lib/python3.12/site-packages/ros2_aruco_interfaces/msg'...
[1.035s] -- Up-to-date: /home/pi/robot_ws/install/ros2_aruco_interfaces/lib/libros2_aruco_interfaces__rosidl_generator_py.so
[1.036s] -- Up-to-date: /home/pi/robot_ws/install/ros2_aruco_interfaces/share/ros2_aruco_interfaces/cmake/export_ros2_aruco_interfaces__rosidl_generator_cExport.cmake
[1.036s] -- Up-to-date: /home/pi/robot_ws/install/ros2_aruco_interfaces/share/ros2_aruco_interfaces/cmake/export_ros2_aruco_interfaces__rosidl_generator_cExport-noconfig.cmake
[1.036s] -- Up-to-date: /home/pi/robot_ws/install/ros2_aruco_interfaces/share/ros2_aruco_interfaces/cmake/export_ros2_aruco_interfaces__rosidl_typesupport_fastrtps_cExport.cmake
[1.036s] -- Up-to-date: /home/pi/robot_ws/install/ros2_aruco_interfaces/share/ros2_aruco_interfaces/cmake/export_ros2_aruco_interfaces__rosidl_typesupport_fastrtps_cExport-noconfig.cmake
[1.036s] -- Up-to-date: /home/pi/robot_ws/install/ros2_aruco_interfaces/share/ros2_aruco_interfaces/cmake/export_ros2_aruco_interfaces__rosidl_generator_cppExport.cmake
[1.036s] -- Up-to-date: /home/pi/robot_ws/install/ros2_aruco_interfaces/share/ros2_aruco_interfaces/cmake/export_ros2_aruco_interfaces__rosidl_typesupport_fastrtps_cppExport.cmake
[1.036s] -- Up-to-date: /home/pi/robot_ws/install/ros2_aruco_interfaces/share/ros2_aruco_interfaces/cmake/export_ros2_aruco_interfaces__rosidl_typesupport_fastrtps_cppExport-noconfig.cmake
[1.036s] -- Up-to-date: /home/pi/robot_ws/install/ros2_aruco_interfaces/share/ros2_aruco_interfaces/cmake/ros2_aruco_interfaces__rosidl_typesupport_introspection_cExport.cmake
[1.036s] -- Up-to-date: /home/pi/robot_ws/install/ros2_aruco_interfaces/share/ros2_aruco_interfaces/cmake/ros2_aruco_interfaces__rosidl_typesupport_introspection_cExport-noconfig.cmake
[1.036s] -- Up-to-date: /home/pi/robot_ws/install/ros2_aruco_interfaces/share/ros2_aruco_interfaces/cmake/ros2_aruco_interfaces__rosidl_typesupport_cExport.cmake
[1.036s] -- Up-to-date: /home/pi/robot_ws/install/ros2_aruco_interfaces/share/ros2_aruco_interfaces/cmake/ros2_aruco_interfaces__rosidl_typesupport_cExport-noconfig.cmake
[1.037s] -- Up-to-date: /home/pi/robot_ws/install/ros2_aruco_interfaces/share/ros2_aruco_interfaces/cmake/ros2_aruco_interfaces__rosidl_typesupport_introspection_cppExport.cmake
[1.037s] -- Up-to-date: /home/pi/robot_ws/install/ros2_aruco_interfaces/share/ros2_aruco_interfaces/cmake/ros2_aruco_interfaces__rosidl_typesupport_introspection_cppExport-noconfig.cmake
[1.037s] -- Up-to-date: /home/pi/robot_ws/install/ros2_aruco_interfaces/share/ros2_aruco_interfaces/cmake/ros2_aruco_interfaces__rosidl_typesupport_cppExport.cmake
[1.037s] -- Up-to-date: /home/pi/robot_ws/install/ros2_aruco_interfaces/share/ros2_aruco_interfaces/cmake/ros2_aruco_interfaces__rosidl_typesupport_cppExport-noconfig.cmake
[1.037s] -- Up-to-date: /home/pi/robot_ws/install/ros2_aruco_interfaces/share/ros2_aruco_interfaces/cmake/export_ros2_aruco_interfaces__rosidl_generator_pyExport.cmake
[1.037s] -- Up-to-date: /home/pi/robot_ws/install/ros2_aruco_interfaces/share/ros2_aruco_interfaces/cmake/export_ros2_aruco_interfaces__rosidl_generator_pyExport-noconfig.cmake
[1.039s] Invoked command in '/home/pi/robot_ws/build/ros2_aruco_interfaces' returned '0': CMAKE_PREFIX_PATH=${CMAKE_PREFIX_PATH}:/home/pi/robot_ws/install/ros2_aruco:/home/pi/robot_ws/install/ired_teleop:/home/pi/robot_ws/install/ired_movetogoal:/opt/ros/jazzy DEBUGINFOD_URLS=https://debuginfod.ubuntu.com /usr/bin/cmake --install /home/pi/robot_ws/build/ros2_aruco_interfaces
