[1.623s] Invoking command in '/home/pp/Tawan-pe-/src/robot/ired_teleop': DEBUGINFOD_URLS=https://debuginfod.ubuntu.com PYTHONPATH=/home/pp/Tawan-pe-/build/ired_teleop/prefix_override:/usr/lib/python3/dist-packages/colcon_core/task/python/colcon_distutils_commands:/home/pp/Tawan-pe-/install/ired_teleop/lib/python3.12/site-packages:${PYTHONPATH} /usr/bin/python3 -W ignore:setup.py install is deprecated -W ignore:easy_install command is deprecated setup.py egg_info --egg-base ../../../build/ired_teleop build --build-base /home/pp/Tawan-pe-/build/ired_teleop/build install --record /home/pp/Tawan-pe-/build/ired_teleop/install.log --single-version-externally-managed install_data
[1.848s] running egg_info
[1.864s] writing ../../../build/ired_teleop/ired_teleop.egg-info/PKG-INFO
[1.865s] writing dependency_links to ../../../build/ired_teleop/ired_teleop.egg-info/dependency_links.txt
[1.865s] writing entry points to ../../../build/ired_teleop/ired_teleop.egg-info/entry_points.txt
[1.865s] writing requirements to ../../../build/ired_teleop/ired_teleop.egg-info/requires.txt
[1.865s] writing top-level names to ../../../build/ired_teleop/ired_teleop.egg-info/top_level.txt
[1.898s] reading manifest file '../../../build/ired_teleop/ired_teleop.egg-info/SOURCES.txt'
[1.899s] writing manifest file '../../../build/ired_teleop/ired_teleop.egg-info/SOURCES.txt'
[1.899s] running build
[1.899s] running build_py
[1.900s] running install
[1.905s] running install_lib
[1.923s] running install_data
[1.923s] running install_egg_info
[1.941s] removing '/home/pp/Tawan-pe-/install/ired_teleop/lib/python3.12/site-packages/ired_teleop-2.0.1-py3.12.egg-info' (and everything under it)
[1.941s] Copying ../../../build/ired_teleop/ired_teleop.egg-info to /home/pp/Tawan-pe-/install/ired_teleop/lib/python3.12/site-packages/ired_teleop-2.0.1-py3.12.egg-info
[1.942s] running install_scripts
[2.058s] Installing teleop_keyboard script to /home/pp/Tawan-pe-/install/ired_teleop/lib/ired_teleop
[2.058s] writing list of installed files to '/home/pp/Tawan-pe-/build/ired_teleop/install.log'
[2.103s] Invoked command in '/home/pp/Tawan-pe-/src/robot/ired_teleop' returned '0': DEBUGINFOD_URLS=https://debuginfod.ubuntu.com PYTHONPATH=/home/pp/Tawan-pe-/build/ired_teleop/prefix_override:/usr/lib/python3/dist-packages/colcon_core/task/python/colcon_distutils_commands:/home/pp/Tawan-pe-/install/ired_teleop/lib/python3.12/site-packages:${PYTHONPATH} /usr/bin/python3 -W ignore:setup.py install is deprecated -W ignore:easy_install command is deprecated setup.py egg_info --egg-base ../../../build/ired_teleop build --build-base /home/pp/Tawan-pe-/build/ired_teleop/build install --record /home/pp/Tawan-pe-/build/ired_teleop/install.log --single-version-externally-managed install_data
