[2.537s] Invoking command in '/home/pp/Tawan-pe-/build/ired_movetogoal': DEBUGINFOD_URLS=https://debuginfod.ubuntu.com PYTHONPATH=/home/pp/Tawan-pe-/build/ired_movetogoal/prefix_override:/usr/lib/python3/dist-packages/colcon_core/task/python/colcon_distutils_commands:/home/pp/Tawan-pe-/install/ired_movetogoal/lib/python3.12/site-packages:${PYTHONPATH} /usr/bin/python3 -W ignore:setup.py install is deprecated -W ignore:easy_install command is deprecated setup.py develop --editable --build-directory /home/pp/Tawan-pe-/build/ired_movetogoal/build --no-deps symlink_data
[3.534s] running develop
[4.300s] running egg_info
[4.301s] creating ired_movetogoal.egg-info
[4.328s] writing ired_movetogoal.egg-info/PKG-INFO
[4.329s] writing dependency_links to ired_movetogoal.egg-info/dependency_links.txt
[4.329s] writing entry points to ired_movetogoal.egg-info/entry_points.txt
[4.329s] writing requirements to ired_movetogoal.egg-info/requires.txt
[4.329s] writing top-level names to ired_movetogoal.egg-info/top_level.txt
[4.329s] writing manifest file 'ired_movetogoal.egg-info/SOURCES.txt'
[4.445s] reading manifest file 'ired_movetogoal.egg-info/SOURCES.txt'
[4.446s] writing manifest file 'ired_movetogoal.egg-info/SOURCES.txt'
[4.516s] running build_ext
[4.516s] Creating /home/pp/Tawan-pe-/install/ired_movetogoal/lib/python3.12/site-packages/ired-movetogoal.egg-link (link to .)
[4.517s] Installing movetogoal script to /home/pp/Tawan-pe-/install/ired_movetogoal/lib/ired_movetogoal
[4.517s] 
[4.517s] Installed /home/pp/Tawan-pe-/build/ired_movetogoal
[4.517s] running symlink_data
[4.519s] creating /home/pp/Tawan-pe-/install/ired_movetogoal/share/ament_index
[4.519s] creating /home/pp/Tawan-pe-/install/ired_movetogoal/share/ament_index/resource_index
[4.519s] creating /home/pp/Tawan-pe-/install/ired_movetogoal/share/ament_index/resource_index/packages
[4.519s] symbolically linking /home/pp/Tawan-pe-/build/ired_movetogoal/resource/ired_movetogoal -> /home/pp/Tawan-pe-/install/ired_movetogoal/share/ament_index/resource_index/packages
[4.519s] symbolically linking /home/pp/Tawan-pe-/build/ired_movetogoal/package.xml -> /home/pp/Tawan-pe-/install/ired_movetogoal/share/ired_movetogoal
[4.790s] Invoked command in '/home/pp/Tawan-pe-/build/ired_movetogoal' returned '0': DEBUGINFOD_URLS=https://debuginfod.ubuntu.com PYTHONPATH=/home/pp/Tawan-pe-/build/ired_movetogoal/prefix_override:/usr/lib/python3/dist-packages/colcon_core/task/python/colcon_distutils_commands:/home/pp/Tawan-pe-/install/ired_movetogoal/lib/python3.12/site-packages:${PYTHONPATH} /usr/bin/python3 -W ignore:setup.py install is deprecated -W ignore:easy_install command is deprecated setup.py develop --editable --build-directory /home/pp/Tawan-pe-/build/ired_movetogoal/build --no-deps symlink_data
