[2.492s] Invoking command in '/home/pp/Tawan-pe-/src/aruco_marker/ros2_aruco/ros2_aruco': DEBUGINFOD_URLS=https://debuginfod.ubuntu.com PYTHONPATH=/home/pp/Tawan-pe-/build/ros2_aruco/prefix_override:/usr/lib/python3/dist-packages/colcon_core/task/python/colcon_distutils_commands:/home/pp/Tawan-pe-/install/ros2_aruco/lib/python3.12/site-packages:${PYTHONPATH} /usr/bin/python3 -W ignore:setup.py install is deprecated -W ignore:easy_install command is deprecated setup.py egg_info --egg-base ../../../../build/ros2_aruco build --build-base /home/pp/Tawan-pe-/build/ros2_aruco/build install --record /home/pp/Tawan-pe-/build/ros2_aruco/install.log --single-version-externally-managed install_data
[3.085s] running egg_info
[3.133s] writing ../../../../build/ros2_aruco/ros2_aruco.egg-info/PKG-INFO
[3.134s] writing dependency_links to ../../../../build/ros2_aruco/ros2_aruco.egg-info/dependency_links.txt
[3.134s] writing entry points to ../../../../build/ros2_aruco/ros2_aruco.egg-info/entry_points.txt
[3.135s] writing requirements to ../../../../build/ros2_aruco/ros2_aruco.egg-info/requires.txt
[3.135s] writing top-level names to ../../../../build/ros2_aruco/ros2_aruco.egg-info/top_level.txt
[3.206s] reading manifest file '../../../../build/ros2_aruco/ros2_aruco.egg-info/SOURCES.txt'
[3.208s] writing manifest file '../../../../build/ros2_aruco/ros2_aruco.egg-info/SOURCES.txt'
[3.208s] running build
[3.208s] running build_py
[3.209s] running install
[3.218s] running install_lib
[3.255s] running install_data
[3.256s] running install_egg_info
[3.309s] removing '/home/pp/Tawan-pe-/install/ros2_aruco/lib/python3.12/site-packages/ros2_aruco-0.1.0-py3.12.egg-info' (and everything under it)
[3.309s] Copying ../../../../build/ros2_aruco/ros2_aruco.egg-info to /home/pp/Tawan-pe-/install/ros2_aruco/lib/python3.12/site-packages/ros2_aruco-0.1.0-py3.12.egg-info
[3.312s] running install_scripts
[3.591s] Installing aruco_generate_marker script to /home/pp/Tawan-pe-/install/ros2_aruco/lib/ros2_aruco
[3.591s] Installing aruco_node script to /home/pp/Tawan-pe-/install/ros2_aruco/lib/ros2_aruco
[3.592s] writing list of installed files to '/home/pp/Tawan-pe-/build/ros2_aruco/install.log'
[3.644s] Invoked command in '/home/pp/Tawan-pe-/src/aruco_marker/ros2_aruco/ros2_aruco' returned '0': DEBUGINFOD_URLS=https://debuginfod.ubuntu.com PYTHONPATH=/home/pp/Tawan-pe-/build/ros2_aruco/prefix_override:/usr/lib/python3/dist-packages/colcon_core/task/python/colcon_distutils_commands:/home/pp/Tawan-pe-/install/ros2_aruco/lib/python3.12/site-packages:${PYTHONPATH} /usr/bin/python3 -W ignore:setup.py install is deprecated -W ignore:easy_install command is deprecated setup.py egg_info --egg-base ../../../../build/ros2_aruco build --build-base /home/pp/Tawan-pe-/build/ros2_aruco/build install --record /home/pp/Tawan-pe-/build/ros2_aruco/install.log --single-version-externally-managed install_data
