[0.195s] Invoking command in '/home/pi/robot_ws/build/ired_rviz': CMAKE_PREFIX_PATH=${CMAKE_PREFIX_PATH}:/home/pi/robot_ws/install/ros2_aruco:/home/pi/robot_ws/install/ired_teleop:/home/pi/robot_ws/install/ired_movetogoal:/opt/ros/jazzy DEBUGINFOD_URLS=https://debuginfod.ubuntu.com /usr/bin/cmake /home/pi/robot_ws/src/robot/ired_rviz -DCMAKE_INSTALL_PREFIX=/home/pi/robot_ws/install/ired_rviz
[0.553s] -- Found ament_cmake: 2.5.4 (/opt/ros/jazzy/share/ament_cmake/cmake)
[0.554s] -- Override CMake install command with custom implementation using symlinks instead of copying resources
[0.554s] -- Configuring done (0.3s)
[0.554s] -- Generating done (0.0s)
[0.554s] -- Build files have been written to: /home/pi/robot_ws/build/ired_rviz
[0.556s] Invoked command in '/home/pi/robot_ws/build/ired_rviz' returned '0': CMAKE_PREFIX_PATH=${CMAKE_PREFIX_PATH}:/home/pi/robot_ws/install/ros2_aruco:/home/pi/robot_ws/install/ired_teleop:/home/pi/robot_ws/install/ired_movetogoal:/opt/ros/jazzy DEBUGINFOD_URLS=https://debuginfod.ubuntu.com /usr/bin/cmake /home/pi/robot_ws/src/robot/ired_rviz -DCMAKE_INSTALL_PREFIX=/home/pi/robot_ws/install/ired_rviz
[0.556s] Invoking command in '/home/pi/robot_ws/build/ired_rviz': CMAKE_PREFIX_PATH=${CMAKE_PREFIX_PATH}:/home/pi/robot_ws/install/ros2_aruco:/home/pi/robot_ws/install/ired_teleop:/home/pi/robot_ws/install/ired_movetogoal:/opt/ros/jazzy DEBUGINFOD_URLS=https://debuginfod.ubuntu.com /usr/bin/cmake --build /home/pi/robot_ws/build/ired_rviz -- -j16 -l16
[0.626s] Invoked command in '/home/pi/robot_ws/build/ired_rviz' returned '0': CMAKE_PREFIX_PATH=${CMAKE_PREFIX_PATH}:/home/pi/robot_ws/install/ros2_aruco:/home/pi/robot_ws/install/ired_teleop:/home/pi/robot_ws/install/ired_movetogoal:/opt/ros/jazzy DEBUGINFOD_URLS=https://debuginfod.ubuntu.com /usr/bin/cmake --build /home/pi/robot_ws/build/ired_rviz -- -j16 -l16
[0.626s] Invoking command in '/home/pi/robot_ws/build/ired_rviz': CMAKE_PREFIX_PATH=${CMAKE_PREFIX_PATH}:/home/pi/robot_ws/install/ros2_aruco:/home/pi/robot_ws/install/ired_teleop:/home/pi/robot_ws/install/ired_movetogoal:/opt/ros/jazzy DEBUGINFOD_URLS=https://debuginfod.ubuntu.com /usr/bin/cmake --install /home/pi/robot_ws/build/ired_rviz
[0.636s] -- Install configuration: ""
[0.636s] -- Execute custom install script
[0.636s] -- Up-to-date symlink: /home/pi/robot_ws/install/ired_rviz/share/ired_rviz/launch/navigation.launch.py
[0.636s] -- Up-to-date symlink: /home/pi/robot_ws/install/ired_rviz/share/ired_rviz/launch/slam.launch.py
[0.636s] -- Up-to-date symlink: /home/pi/robot_ws/install/ired_rviz/share/ired_rviz/rviz/bringup.rviz
[0.636s] -- Up-to-date symlink: /home/pi/robot_ws/install/ired_rviz/share/ired_rviz/rviz/navi.rviz
[0.636s] -- Up-to-date symlink: /home/pi/robot_ws/install/ired_rviz/share/ired_rviz/rviz/robot_urdf.rviz
[0.636s] -- Up-to-date symlink: /home/pi/robot_ws/install/ired_rviz/share/ired_rviz/rviz/slam.rviz
[0.636s] -- Up-to-date symlink: /home/pi/robot_ws/install/ired_rviz/share/ament_index/resource_index/package_run_dependencies/ired_rviz
[0.636s] -- Up-to-date symlink: /home/pi/robot_ws/install/ired_rviz/share/ament_index/resource_index/parent_prefix_path/ired_rviz
[0.637s] -- Up-to-date symlink: /home/pi/robot_ws/install/ired_rviz/share/ired_rviz/environment/ament_prefix_path.sh
[0.637s] -- Up-to-date symlink: /home/pi/robot_ws/install/ired_rviz/share/ired_rviz/environment/ament_prefix_path.dsv
[0.637s] -- Up-to-date symlink: /home/pi/robot_ws/install/ired_rviz/share/ired_rviz/environment/path.sh
[0.639s] -- Up-to-date symlink: /home/pi/robot_ws/install/ired_rviz/share/ired_rviz/environment/path.dsv
[0.639s] -- Up-to-date symlink: /home/pi/robot_ws/install/ired_rviz/share/ired_rviz/local_setup.bash
[0.640s] -- Up-to-date symlink: /home/pi/robot_ws/install/ired_rviz/share/ired_rviz/local_setup.sh
[0.640s] -- Up-to-date symlink: /home/pi/robot_ws/install/ired_rviz/share/ired_rviz/local_setup.zsh
[0.640s] -- Up-to-date symlink: /home/pi/robot_ws/install/ired_rviz/share/ired_rviz/local_setup.dsv
[0.640s] -- Symlinking: /home/pi/robot_ws/install/ired_rviz/share/ired_rviz/package.dsv
[0.659s] -- Up-to-date symlink: /home/pi/robot_ws/install/ired_rviz/share/ament_index/resource_index/packages/ired_rviz
[0.659s] -- Up-to-date symlink: /home/pi/robot_ws/install/ired_rviz/share/ired_rviz/cmake/ired_rvizConfig.cmake
[0.660s] -- Up-to-date symlink: /home/pi/robot_ws/install/ired_rviz/share/ired_rviz/cmake/ired_rvizConfig-version.cmake
[0.660s] -- Up-to-date symlink: /home/pi/robot_ws/install/ired_rviz/share/ired_rviz/package.xml
[0.684s] Invoked command in '/home/pi/robot_ws/build/ired_rviz' returned '0': CMAKE_PREFIX_PATH=${CMAKE_PREFIX_PATH}:/home/pi/robot_ws/install/ros2_aruco:/home/pi/robot_ws/install/ired_teleop:/home/pi/robot_ws/install/ired_movetogoal:/opt/ros/jazzy DEBUGINFOD_URLS=https://debuginfod.ubuntu.com /usr/bin/cmake --install /home/pi/robot_ws/build/ired_rviz
