[0.020s] Invoking command in '/home/pp/Tawan-pe-/build/ros2_laser_scan_matcher': CMAKE_PREFIX_PATH=/home/pp/Tawan-pe-/install/csm:/home/pp/Tawan-pe-/install/rplidar_ros:/home/pp/Tawan-pe-/install/ros2_laser_scan_matcher:/home/pp/Tawan-pe-/install/ros2_aruco_interfaces:/home/pp/Tawan-pe-/install/lidar_bringup:/home/pp/Tawan-pe-/install/ired_rviz:/home/pp/Tawan-pe-/install/ired_navigation:/home/pp/Tawan-pe-/install/ired_bringup:/home/pp/Tawan-pe-/install/ired_msgs:/home/pp/Tawan-pe-/install/ired_aruco:/opt/ros/jazzy/opt/gz_math_vendor:/opt/ros/jazzy/opt/gz_utils_vendor:/opt/ros/jazzy/opt/gz_cmake_vendor:/home/pp/Tawan-pe-/install/station_manager:/home/pp/Tawan-pe-/install/station_pkg:/home/pp/Tawan-pe-/install/ros2_aruco:/home/pp/Tawan-pe-/install/motion_control:/home/pp/Tawan-pe-/install/ired_teleop:/home/pp/Tawan-pe-/install/ired_movetogoal:/opt/ros/jazzy DEBUGINFOD_URLS=https://debuginfod.ubuntu.com LD_LIBRARY_PATH=/home/pp/Tawan-pe-/install/csm/lib:/home/pp/Tawan-pe-/install/ros2_aruco_interfaces/lib:/home/pp/Tawan-pe-/install/ired_msgs/lib:/opt/ros/jazzy/opt/rviz_ogre_vendor/lib:/opt/ros/jazzy/lib/x86_64-linux-gnu:/opt/ros/jazzy/opt/gz_math_vendor/lib:/opt/ros/jazzy/opt/gz_utils_vendor/lib:/opt/ros/jazzy/opt/gz_cmake_vendor/lib:/opt/ros/jazzy/lib /usr/bin/cmake /home/pp/Tawan-pe-/src/robot/ros2_laser_scan_matcher -DCMAKE_INSTALL_PREFIX=/home/pp/Tawan-pe-/install/ros2_laser_scan_matcher
[0.053s] -- Found ament_cmake: 2.5.4 (/opt/ros/jazzy/share/ament_cmake/cmake)
[0.812s] -- Override CMake install command with custom implementation using symlinks instead of copying resources
[0.840s] -- Found sensor_msgs: 5.3.6 (/opt/ros/jazzy/share/sensor_msgs/cmake)
[0.908s] -- Found rosidl_generator_c: 4.6.6 (/opt/ros/jazzy/share/rosidl_generator_c/cmake)
[0.920s] -- Found rosidl_generator_cpp: 4.6.6 (/opt/ros/jazzy/share/rosidl_generator_cpp/cmake)
[0.943s] -- Using all available rosidl_typesupport_c: rosidl_typesupport_fastrtps_c;rosidl_typesupport_introspection_c
[0.978s] -- Using all available rosidl_typesupport_cpp: rosidl_typesupport_fastrtps_cpp;rosidl_typesupport_introspection_cpp
[1.137s] -- Found rclcpp: 28.1.13 (/opt/ros/jazzy/share/rclcpp/cmake)
[1.231s] -- Found rmw_implementation_cmake: 7.3.2 (/opt/ros/jazzy/share/rmw_implementation_cmake/cmake)
[1.234s] -- Found rmw_fastrtps_cpp: 8.4.3 (/opt/ros/jazzy/share/rmw_fastrtps_cpp/cmake)
[1.387s] -- Using RMW implementation 'rmw_fastrtps_cpp' as default
[1.614s] -- Found nav_msgs: 5.3.6 (/opt/ros/jazzy/share/nav_msgs/cmake)
[1.695s] -- Found tf2_ros: 0.36.16 (/opt/ros/jazzy/share/tf2_ros/cmake)
[1.896s] -- Found tf2_geometry_msgs: 0.36.16 (/opt/ros/jazzy/share/tf2_geometry_msgs/cmake)
[1.904s] -- Found eigen3_cmake_module: 0.3.0 (/opt/ros/jazzy/share/eigen3_cmake_module/cmake)
[1.907s] -- Ensuring Eigen3 include directory is part of orocos-kdl CMake target
[1.923s] -- Found csm: 0.0.0 (/home/pp/Tawan-pe-/install/csm/share/csm/cmake)
[2.152s] -- Configuring done (2.1s)
[2.176s] -- Generating done (0.0s)
[2.182s] -- Build files have been written to: /home/pp/Tawan-pe-/build/ros2_laser_scan_matcher
[2.237s] Invoked command in '/home/pp/Tawan-pe-/build/ros2_laser_scan_matcher' returned '0': CMAKE_PREFIX_PATH=/home/pp/Tawan-pe-/install/csm:/home/pp/Tawan-pe-/install/rplidar_ros:/home/pp/Tawan-pe-/install/ros2_laser_scan_matcher:/home/pp/Tawan-pe-/install/ros2_aruco_interfaces:/home/pp/Tawan-pe-/install/lidar_bringup:/home/pp/Tawan-pe-/install/ired_rviz:/home/pp/Tawan-pe-/install/ired_navigation:/home/pp/Tawan-pe-/install/ired_bringup:/home/pp/Tawan-pe-/install/ired_msgs:/home/pp/Tawan-pe-/install/ired_aruco:/opt/ros/jazzy/opt/gz_math_vendor:/opt/ros/jazzy/opt/gz_utils_vendor:/opt/ros/jazzy/opt/gz_cmake_vendor:/home/pp/Tawan-pe-/install/station_manager:/home/pp/Tawan-pe-/install/station_pkg:/home/pp/Tawan-pe-/install/ros2_aruco:/home/pp/Tawan-pe-/install/motion_control:/home/pp/Tawan-pe-/install/ired_teleop:/home/pp/Tawan-pe-/install/ired_movetogoal:/opt/ros/jazzy DEBUGINFOD_URLS=https://debuginfod.ubuntu.com LD_LIBRARY_PATH=/home/pp/Tawan-pe-/install/csm/lib:/home/pp/Tawan-pe-/install/ros2_aruco_interfaces/lib:/home/pp/Tawan-pe-/install/ired_msgs/lib:/opt/ros/jazzy/opt/rviz_ogre_vendor/lib:/opt/ros/jazzy/lib/x86_64-linux-gnu:/opt/ros/jazzy/opt/gz_math_vendor/lib:/opt/ros/jazzy/opt/gz_utils_vendor/lib:/opt/ros/jazzy/opt/gz_cmake_vendor/lib:/opt/ros/jazzy/lib /usr/bin/cmake /home/pp/Tawan-pe-/src/robot/ros2_laser_scan_matcher -DCMAKE_INSTALL_PREFIX=/home/pp/Tawan-pe-/install/ros2_laser_scan_matcher
[2.241s] Invoking command in '/home/pp/Tawan-pe-/build/ros2_laser_scan_matcher': CMAKE_PREFIX_PATH=/home/pp/Tawan-pe-/install/csm:/home/pp/Tawan-pe-/install/rplidar_ros:/home/pp/Tawan-pe-/install/ros2_laser_scan_matcher:/home/pp/Tawan-pe-/install/ros2_aruco_interfaces:/home/pp/Tawan-pe-/install/lidar_bringup:/home/pp/Tawan-pe-/install/ired_rviz:/home/pp/Tawan-pe-/install/ired_navigation:/home/pp/Tawan-pe-/install/ired_bringup:/home/pp/Tawan-pe-/install/ired_msgs:/home/pp/Tawan-pe-/install/ired_aruco:/opt/ros/jazzy/opt/gz_math_vendor:/opt/ros/jazzy/opt/gz_utils_vendor:/opt/ros/jazzy/opt/gz_cmake_vendor:/home/pp/Tawan-pe-/install/station_manager:/home/pp/Tawan-pe-/install/station_pkg:/home/pp/Tawan-pe-/install/ros2_aruco:/home/pp/Tawan-pe-/install/motion_control:/home/pp/Tawan-pe-/install/ired_teleop:/home/pp/Tawan-pe-/install/ired_movetogoal:/opt/ros/jazzy DEBUGINFOD_URLS=https://debuginfod.ubuntu.com LD_LIBRARY_PATH=/home/pp/Tawan-pe-/install/csm/lib:/home/pp/Tawan-pe-/install/ros2_aruco_interfaces/lib:/home/pp/Tawan-pe-/install/ired_msgs/lib:/opt/ros/jazzy/opt/rviz_ogre_vendor/lib:/opt/ros/jazzy/lib/x86_64-linux-gnu:/opt/ros/jazzy/opt/gz_math_vendor/lib:/opt/ros/jazzy/opt/gz_utils_vendor/lib:/opt/ros/jazzy/opt/gz_cmake_vendor/lib:/opt/ros/jazzy/lib /usr/bin/cmake --build /home/pp/Tawan-pe-/build/ros2_laser_scan_matcher -- -j12 -l12
[2.481s] [100%] Built target laser_scan_matcher
[2.519s] Invoked command in '/home/pp/Tawan-pe-/build/ros2_laser_scan_matcher' returned '0': CMAKE_PREFIX_PATH=/home/pp/Tawan-pe-/install/csm:/home/pp/Tawan-pe-/install/rplidar_ros:/home/pp/Tawan-pe-/install/ros2_laser_scan_matcher:/home/pp/Tawan-pe-/install/ros2_aruco_interfaces:/home/pp/Tawan-pe-/install/lidar_bringup:/home/pp/Tawan-pe-/install/ired_rviz:/home/pp/Tawan-pe-/install/ired_navigation:/home/pp/Tawan-pe-/install/ired_bringup:/home/pp/Tawan-pe-/install/ired_msgs:/home/pp/Tawan-pe-/install/ired_aruco:/opt/ros/jazzy/opt/gz_math_vendor:/opt/ros/jazzy/opt/gz_utils_vendor:/opt/ros/jazzy/opt/gz_cmake_vendor:/home/pp/Tawan-pe-/install/station_manager:/home/pp/Tawan-pe-/install/station_pkg:/home/pp/Tawan-pe-/install/ros2_aruco:/home/pp/Tawan-pe-/install/motion_control:/home/pp/Tawan-pe-/install/ired_teleop:/home/pp/Tawan-pe-/install/ired_movetogoal:/opt/ros/jazzy DEBUGINFOD_URLS=https://debuginfod.ubuntu.com LD_LIBRARY_PATH=/home/pp/Tawan-pe-/install/csm/lib:/home/pp/Tawan-pe-/install/ros2_aruco_interfaces/lib:/home/pp/Tawan-pe-/install/ired_msgs/lib:/opt/ros/jazzy/opt/rviz_ogre_vendor/lib:/opt/ros/jazzy/lib/x86_64-linux-gnu:/opt/ros/jazzy/opt/gz_math_vendor/lib:/opt/ros/jazzy/opt/gz_utils_vendor/lib:/opt/ros/jazzy/opt/gz_cmake_vendor/lib:/opt/ros/jazzy/lib /usr/bin/cmake --build /home/pp/Tawan-pe-/build/ros2_laser_scan_matcher -- -j12 -l12
[2.520s] Invoking command in '/home/pp/Tawan-pe-/build/ros2_laser_scan_matcher': CMAKE_PREFIX_PATH=/home/pp/Tawan-pe-/install/csm:/home/pp/Tawan-pe-/install/rplidar_ros:/home/pp/Tawan-pe-/install/ros2_laser_scan_matcher:/home/pp/Tawan-pe-/install/ros2_aruco_interfaces:/home/pp/Tawan-pe-/install/lidar_bringup:/home/pp/Tawan-pe-/install/ired_rviz:/home/pp/Tawan-pe-/install/ired_navigation:/home/pp/Tawan-pe-/install/ired_bringup:/home/pp/Tawan-pe-/install/ired_msgs:/home/pp/Tawan-pe-/install/ired_aruco:/opt/ros/jazzy/opt/gz_math_vendor:/opt/ros/jazzy/opt/gz_utils_vendor:/opt/ros/jazzy/opt/gz_cmake_vendor:/home/pp/Tawan-pe-/install/station_manager:/home/pp/Tawan-pe-/install/station_pkg:/home/pp/Tawan-pe-/install/ros2_aruco:/home/pp/Tawan-pe-/install/motion_control:/home/pp/Tawan-pe-/install/ired_teleop:/home/pp/Tawan-pe-/install/ired_movetogoal:/opt/ros/jazzy DEBUGINFOD_URLS=https://debuginfod.ubuntu.com LD_LIBRARY_PATH=/home/pp/Tawan-pe-/install/csm/lib:/home/pp/Tawan-pe-/install/ros2_aruco_interfaces/lib:/home/pp/Tawan-pe-/install/ired_msgs/lib:/opt/ros/jazzy/opt/rviz_ogre_vendor/lib:/opt/ros/jazzy/lib/x86_64-linux-gnu:/opt/ros/jazzy/opt/gz_math_vendor/lib:/opt/ros/jazzy/opt/gz_utils_vendor/lib:/opt/ros/jazzy/opt/gz_cmake_vendor/lib:/opt/ros/jazzy/lib /usr/bin/cmake --install /home/pp/Tawan-pe-/build/ros2_laser_scan_matcher
[2.546s] -- Install configuration: ""
[2.547s] -- Execute custom install script
[2.548s] -- Up-to-date symlink: /home/pp/Tawan-pe-/install/ros2_laser_scan_matcher/lib/ros2_laser_scan_matcher/laser_scan_matcher
[2.550s] -- Up-to-date symlink: /home/pp/Tawan-pe-/install/ros2_laser_scan_matcher/share/ros2_laser_scan_matcher/launch/laser_scan_matcher.launch.py
[2.550s] -- Up-to-date symlink: /home/pp/Tawan-pe-/install/ros2_laser_scan_matcher/share/ros2_laser_scan_matcher/param/laser_scan_matcher.yaml
[2.551s] -- Up-to-date symlink: /home/pp/Tawan-pe-/install/ros2_laser_scan_matcher/share/ament_index/resource_index/package_run_dependencies/ros2_laser_scan_matcher
[2.552s] -- Up-to-date symlink: /home/pp/Tawan-pe-/install/ros2_laser_scan_matcher/share/ament_index/resource_index/parent_prefix_path/ros2_laser_scan_matcher
[2.553s] -- Up-to-date symlink: /home/pp/Tawan-pe-/install/ros2_laser_scan_matcher/share/ros2_laser_scan_matcher/environment/ament_prefix_path.sh
[2.553s] -- Up-to-date symlink: /home/pp/Tawan-pe-/install/ros2_laser_scan_matcher/share/ros2_laser_scan_matcher/environment/ament_prefix_path.dsv
[2.554s] -- Up-to-date symlink: /home/pp/Tawan-pe-/install/ros2_laser_scan_matcher/share/ros2_laser_scan_matcher/environment/path.sh
[2.555s] -- Up-to-date symlink: /home/pp/Tawan-pe-/install/ros2_laser_scan_matcher/share/ros2_laser_scan_matcher/environment/path.dsv
[2.556s] -- Up-to-date symlink: /home/pp/Tawan-pe-/install/ros2_laser_scan_matcher/share/ros2_laser_scan_matcher/local_setup.bash
[2.557s] -- Up-to-date symlink: /home/pp/Tawan-pe-/install/ros2_laser_scan_matcher/share/ros2_laser_scan_matcher/local_setup.sh
[2.557s] -- Up-to-date symlink: /home/pp/Tawan-pe-/install/ros2_laser_scan_matcher/share/ros2_laser_scan_matcher/local_setup.zsh
[2.557s] -- Up-to-date symlink: /home/pp/Tawan-pe-/install/ros2_laser_scan_matcher/share/ros2_laser_scan_matcher/local_setup.dsv
[2.558s] -- Symlinking: /home/pp/Tawan-pe-/install/ros2_laser_scan_matcher/share/ros2_laser_scan_matcher/package.dsv
[2.574s] -- Up-to-date symlink: /home/pp/Tawan-pe-/install/ros2_laser_scan_matcher/share/ament_index/resource_index/packages/ros2_laser_scan_matcher
[2.574s] -- Up-to-date symlink: /home/pp/Tawan-pe-/install/ros2_laser_scan_matcher/share/ros2_laser_scan_matcher/cmake/ros2_laser_scan_matcherConfig.cmake
[2.575s] -- Up-to-date symlink: /home/pp/Tawan-pe-/install/ros2_laser_scan_matcher/share/ros2_laser_scan_matcher/cmake/ros2_laser_scan_matcherConfig-version.cmake
[2.575s] -- Up-to-date symlink: /home/pp/Tawan-pe-/install/ros2_laser_scan_matcher/share/ros2_laser_scan_matcher/package.xml
[2.578s] Invoked command in '/home/pp/Tawan-pe-/build/ros2_laser_scan_matcher' returned '0': CMAKE_PREFIX_PATH=/home/pp/Tawan-pe-/install/csm:/home/pp/Tawan-pe-/install/rplidar_ros:/home/pp/Tawan-pe-/install/ros2_laser_scan_matcher:/home/pp/Tawan-pe-/install/ros2_aruco_interfaces:/home/pp/Tawan-pe-/install/lidar_bringup:/home/pp/Tawan-pe-/install/ired_rviz:/home/pp/Tawan-pe-/install/ired_navigation:/home/pp/Tawan-pe-/install/ired_bringup:/home/pp/Tawan-pe-/install/ired_msgs:/home/pp/Tawan-pe-/install/ired_aruco:/opt/ros/jazzy/opt/gz_math_vendor:/opt/ros/jazzy/opt/gz_utils_vendor:/opt/ros/jazzy/opt/gz_cmake_vendor:/home/pp/Tawan-pe-/install/station_manager:/home/pp/Tawan-pe-/install/station_pkg:/home/pp/Tawan-pe-/install/ros2_aruco:/home/pp/Tawan-pe-/install/motion_control:/home/pp/Tawan-pe-/install/ired_teleop:/home/pp/Tawan-pe-/install/ired_movetogoal:/opt/ros/jazzy DEBUGINFOD_URLS=https://debuginfod.ubuntu.com LD_LIBRARY_PATH=/home/pp/Tawan-pe-/install/csm/lib:/home/pp/Tawan-pe-/install/ros2_aruco_interfaces/lib:/home/pp/Tawan-pe-/install/ired_msgs/lib:/opt/ros/jazzy/opt/rviz_ogre_vendor/lib:/opt/ros/jazzy/lib/x86_64-linux-gnu:/opt/ros/jazzy/opt/gz_math_vendor/lib:/opt/ros/jazzy/opt/gz_utils_vendor/lib:/opt/ros/jazzy/opt/gz_cmake_vendor/lib:/opt/ros/jazzy/lib /usr/bin/cmake --install /home/pp/Tawan-pe-/build/ros2_laser_scan_matcher
