[1.819s] Invoking command in '/home/pp/Tawan-pe-/src/robot/motion_control': DEBUGINFOD_URLS=https://debuginfod.ubuntu.com PYTHONPATH=/home/pp/Tawan-pe-/build/motion_control/prefix_override:/usr/lib/python3/dist-packages/colcon_core/task/python/colcon_distutils_commands:/home/pp/Tawan-pe-/install/motion_control/lib/python3.12/site-packages:${PYTHONPATH} /usr/bin/python3 -W ignore:setup.py install is deprecated -W ignore:easy_install command is deprecated setup.py egg_info --egg-base ../../../build/motion_control build --build-base /home/pp/Tawan-pe-/build/motion_control/build install --record /home/pp/Tawan-pe-/build/motion_control/install.log --single-version-externally-managed install_data
[2.232s] running egg_info
[2.256s] writing ../../../build/motion_control/motion_control.egg-info/PKG-INFO
[2.256s] writing dependency_links to ../../../build/motion_control/motion_control.egg-info/dependency_links.txt
[2.256s] writing entry points to ../../../build/motion_control/motion_control.egg-info/entry_points.txt
[2.256s] writing requirements to ../../../build/motion_control/motion_control.egg-info/requires.txt
[2.256s] writing top-level names to ../../../build/motion_control/motion_control.egg-info/top_level.txt
[2.306s] reading manifest file '../../../build/motion_control/motion_control.egg-info/SOURCES.txt'
[2.308s] writing manifest file '../../../build/motion_control/motion_control.egg-info/SOURCES.txt'
[2.308s] running build
[2.308s] running build_py
[2.308s] copying motion_control/omni_docking_controller.py -> /home/pp/Tawan-pe-/build/motion_control/build/lib/motion_control
[2.308s] running install
[2.317s] running install_lib
[2.345s] copying /home/pp/Tawan-pe-/build/motion_control/build/lib/motion_control/omni_docking_controller.py -> /home/pp/Tawan-pe-/install/motion_control/lib/python3.12/site-packages/motion_control
[2.346s] byte-compiling /home/pp/Tawan-pe-/install/motion_control/lib/python3.12/site-packages/motion_control/omni_docking_controller.py to omni_docking_controller.cpython-312.pyc
[2.348s] running install_data
[2.348s] running install_egg_info
[2.379s] removing '/home/pp/Tawan-pe-/install/motion_control/lib/python3.12/site-packages/motion_control-0.0.0-py3.12.egg-info' (and everything under it)
[2.379s] Copying ../../../build/motion_control/motion_control.egg-info to /home/pp/Tawan-pe-/install/motion_control/lib/python3.12/site-packages/motion_control-0.0.0-py3.12.egg-info
[2.379s] running install_scripts
[2.568s] Installing omni_docking_controller script to /home/pp/Tawan-pe-/install/motion_control/lib/motion_control
[2.568s] writing list of installed files to '/home/pp/Tawan-pe-/build/motion_control/install.log'
[2.624s] Invoked command in '/home/pp/Tawan-pe-/src/robot/motion_control' returned '0': DEBUGINFOD_URLS=https://debuginfod.ubuntu.com PYTHONPATH=/home/pp/Tawan-pe-/build/motion_control/prefix_override:/usr/lib/python3/dist-packages/colcon_core/task/python/colcon_distutils_commands:/home/pp/Tawan-pe-/install/motion_control/lib/python3.12/site-packages:${PYTHONPATH} /usr/bin/python3 -W ignore:setup.py install is deprecated -W ignore:easy_install command is deprecated setup.py egg_info --egg-base ../../../build/motion_control build --build-base /home/pp/Tawan-pe-/build/motion_control/build install --record /home/pp/Tawan-pe-/build/motion_control/install.log --single-version-externally-managed install_data
