[1.733s] Invoking command in '/home/pp/Tawan-pe-/src/robot/ired_teleop': DEBUGINFOD_URLS=https://debuginfod.ubuntu.com PYTHONPATH=/home/pp/Tawan-pe-/build/ired_teleop/prefix_override:/usr/lib/python3/dist-packages/colcon_core/task/python/colcon_distutils_commands:/home/pp/Tawan-pe-/install/ired_teleop/lib/python3.12/site-packages:${PYTHONPATH} /usr/bin/python3 -W ignore:setup.py install is deprecated -W ignore:easy_install command is deprecated setup.py egg_info --egg-base ../../../build/ired_teleop build --build-base /home/pp/Tawan-pe-/build/ired_teleop/build install --record /home/pp/Tawan-pe-/build/ired_teleop/install.log --single-version-externally-managed install_data
[2.040s] running egg_info
[2.063s] writing ../../../build/ired_teleop/ired_teleop.egg-info/PKG-INFO
[2.064s] writing dependency_links to ../../../build/ired_teleop/ired_teleop.egg-info/dependency_links.txt
[2.064s] writing entry points to ../../../build/ired_teleop/ired_teleop.egg-info/entry_points.txt
[2.064s] writing requirements to ../../../build/ired_teleop/ired_teleop.egg-info/requires.txt
[2.065s] writing top-level names to ../../../build/ired_teleop/ired_teleop.egg-info/top_level.txt
[2.113s] reading manifest file '../../../build/ired_teleop/ired_teleop.egg-info/SOURCES.txt'
[2.114s] writing manifest file '../../../build/ired_teleop/ired_teleop.egg-info/SOURCES.txt'
[2.114s] running build
[2.115s] running build_py
[2.115s] running install
[2.119s] running install_lib
[2.144s] running install_data
[2.144s] running install_egg_info
[2.167s] removing '/home/pp/Tawan-pe-/install/ired_teleop/lib/python3.12/site-packages/ired_teleop-2.0.1-py3.12.egg-info' (and everything under it)
[2.167s] Copying ../../../build/ired_teleop/ired_teleop.egg-info to /home/pp/Tawan-pe-/install/ired_teleop/lib/python3.12/site-packages/ired_teleop-2.0.1-py3.12.egg-info
[2.168s] running install_scripts
[2.329s] Installing teleop_keyboard script to /home/pp/Tawan-pe-/install/ired_teleop/lib/ired_teleop
[2.329s] writing list of installed files to '/home/pp/Tawan-pe-/build/ired_teleop/install.log'
[2.377s] Invoked command in '/home/pp/Tawan-pe-/src/robot/ired_teleop' returned '0': DEBUGINFOD_URLS=https://debuginfod.ubuntu.com PYTHONPATH=/home/pp/Tawan-pe-/build/ired_teleop/prefix_override:/usr/lib/python3/dist-packages/colcon_core/task/python/colcon_distutils_commands:/home/pp/Tawan-pe-/install/ired_teleop/lib/python3.12/site-packages:${PYTHONPATH} /usr/bin/python3 -W ignore:setup.py install is deprecated -W ignore:easy_install command is deprecated setup.py egg_info --egg-base ../../../build/ired_teleop build --build-base /home/pp/Tawan-pe-/build/ired_teleop/build install --record /home/pp/Tawan-pe-/build/ired_teleop/install.log --single-version-externally-managed install_data
