[2.127s] Invoking command in '/home/pp/Tawan-pe-/build/ros2_aruco': DEBUGINFOD_URLS=https://debuginfod.ubuntu.com PYTHONPATH=/home/pp/Tawan-pe-/build/ros2_aruco/prefix_override:/usr/lib/python3/dist-packages/colcon_core/task/python/colcon_distutils_commands:/home/pp/Tawan-pe-/install/ros2_aruco/lib/python3.12/site-packages:${PYTHONPATH} /usr/bin/python3 -W ignore:setup.py install is deprecated -W ignore:easy_install command is deprecated setup.py develop --editable --build-directory /home/pp/Tawan-pe-/build/ros2_aruco/build --no-deps symlink_data
[3.315s] running develop
[4.016s] running egg_info
[4.016s] creating ros2_aruco.egg-info
[4.101s] writing ros2_aruco.egg-info/PKG-INFO
[4.101s] writing dependency_links to ros2_aruco.egg-info/dependency_links.txt
[4.101s] writing entry points to ros2_aruco.egg-info/entry_points.txt
[4.101s] writing requirements to ros2_aruco.egg-info/requires.txt
[4.101s] writing top-level names to ros2_aruco.egg-info/top_level.txt
[4.102s] writing manifest file 'ros2_aruco.egg-info/SOURCES.txt'
[4.303s] reading manifest file 'ros2_aruco.egg-info/SOURCES.txt'
[4.316s] writing manifest file 'ros2_aruco.egg-info/SOURCES.txt'
[4.417s] running build_ext
[4.418s] Creating /home/pp/Tawan-pe-/install/ros2_aruco/lib/python3.12/site-packages/ros2-aruco.egg-link (link to .)
[4.428s] Installing aruco_generate_marker script to /home/pp/Tawan-pe-/install/ros2_aruco/lib/ros2_aruco
[4.428s] Installing aruco_node script to /home/pp/Tawan-pe-/install/ros2_aruco/lib/ros2_aruco
[4.428s] 
[4.428s] Installed /home/pp/Tawan-pe-/build/ros2_aruco
[4.428s] running symlink_data
[4.428s] creating /home/pp/Tawan-pe-/install/ros2_aruco/share/ament_index
[4.428s] creating /home/pp/Tawan-pe-/install/ros2_aruco/share/ament_index/resource_index
[4.428s] creating /home/pp/Tawan-pe-/install/ros2_aruco/share/ament_index/resource_index/packages
[4.429s] symbolically linking /home/pp/Tawan-pe-/build/ros2_aruco/resource/ros2_aruco -> /home/pp/Tawan-pe-/install/ros2_aruco/share/ament_index/resource_index/packages
[4.429s] symbolically linking /home/pp/Tawan-pe-/build/ros2_aruco/package.xml -> /home/pp/Tawan-pe-/install/ros2_aruco/share/ros2_aruco
[4.429s] creating /home/pp/Tawan-pe-/install/ros2_aruco/share/ros2_aruco/launch
[4.429s] symbolically linking /home/pp/Tawan-pe-/build/ros2_aruco/launch/aruco_recognition.launch.py -> /home/pp/Tawan-pe-/install/ros2_aruco/share/ros2_aruco/launch
[4.429s] creating /home/pp/Tawan-pe-/install/ros2_aruco/share/ros2_aruco/config
[4.429s] symbolically linking /home/pp/Tawan-pe-/build/ros2_aruco/config/aruco_parameters.yaml -> /home/pp/Tawan-pe-/install/ros2_aruco/share/ros2_aruco/config
[4.740s] Invoked command in '/home/pp/Tawan-pe-/build/ros2_aruco' returned '0': DEBUGINFOD_URLS=https://debuginfod.ubuntu.com PYTHONPATH=/home/pp/Tawan-pe-/build/ros2_aruco/prefix_override:/usr/lib/python3/dist-packages/colcon_core/task/python/colcon_distutils_commands:/home/pp/Tawan-pe-/install/ros2_aruco/lib/python3.12/site-packages:${PYTHONPATH} /usr/bin/python3 -W ignore:setup.py install is deprecated -W ignore:easy_install command is deprecated setup.py develop --editable --build-directory /home/pp/Tawan-pe-/build/ros2_aruco/build --no-deps symlink_data
