[1.633s] Invoking command in '/home/pp/Tawan-pe-/src/robot/ired_movetogoal': DEBUGINFOD_URLS=https://debuginfod.ubuntu.com PYTHONPATH=/home/pp/Tawan-pe-/build/ired_movetogoal/prefix_override:/usr/lib/python3/dist-packages/colcon_core/task/python/colcon_distutils_commands:/home/pp/Tawan-pe-/install/ired_movetogoal/lib/python3.12/site-packages:${PYTHONPATH} /usr/bin/python3 -W ignore:setup.py install is deprecated -W ignore:easy_install command is deprecated setup.py egg_info --egg-base ../../../build/ired_movetogoal build --build-base /home/pp/Tawan-pe-/build/ired_movetogoal/build install --record /home/pp/Tawan-pe-/build/ired_movetogoal/install.log --single-version-externally-managed install_data
[1.862s] running egg_info
[1.878s] writing ../../../build/ired_movetogoal/ired_movetogoal.egg-info/PKG-INFO
[1.879s] writing dependency_links to ../../../build/ired_movetogoal/ired_movetogoal.egg-info/dependency_links.txt
[1.879s] writing entry points to ../../../build/ired_movetogoal/ired_movetogoal.egg-info/entry_points.txt
[1.879s] writing requirements to ../../../build/ired_movetogoal/ired_movetogoal.egg-info/requires.txt
[1.879s] writing top-level names to ../../../build/ired_movetogoal/ired_movetogoal.egg-info/top_level.txt
[1.913s] reading manifest file '../../../build/ired_movetogoal/ired_movetogoal.egg-info/SOURCES.txt'
[1.913s] adding license file 'LICENSE'
[1.914s] writing manifest file '../../../build/ired_movetogoal/ired_movetogoal.egg-info/SOURCES.txt'
[1.914s] running build
[1.914s] running build_py
[1.915s] running install
[1.920s] running install_lib
[1.938s] running install_data
[1.938s] running install_egg_info
[1.956s] removing '/home/pp/Tawan-pe-/install/ired_movetogoal/lib/python3.12/site-packages/ired_movetogoal-2.0.1-py3.12.egg-info' (and everything under it)
[1.956s] Copying ../../../build/ired_movetogoal/ired_movetogoal.egg-info to /home/pp/Tawan-pe-/install/ired_movetogoal/lib/python3.12/site-packages/ired_movetogoal-2.0.1-py3.12.egg-info
[1.957s] running install_scripts
[2.072s] Installing movetogoal script to /home/pp/Tawan-pe-/install/ired_movetogoal/lib/ired_movetogoal
[2.073s] writing list of installed files to '/home/pp/Tawan-pe-/build/ired_movetogoal/install.log'
[2.109s] Invoked command in '/home/pp/Tawan-pe-/src/robot/ired_movetogoal' returned '0': DEBUGINFOD_URLS=https://debuginfod.ubuntu.com PYTHONPATH=/home/pp/Tawan-pe-/build/ired_movetogoal/prefix_override:/usr/lib/python3/dist-packages/colcon_core/task/python/colcon_distutils_commands:/home/pp/Tawan-pe-/install/ired_movetogoal/lib/python3.12/site-packages:${PYTHONPATH} /usr/bin/python3 -W ignore:setup.py install is deprecated -W ignore:easy_install command is deprecated setup.py egg_info --egg-base ../../../build/ired_movetogoal build --build-base /home/pp/Tawan-pe-/build/ired_movetogoal/build install --record /home/pp/Tawan-pe-/build/ired_movetogoal/install.log --single-version-externally-managed install_data
