[0.428s] Invoking command in '/home/pi/robot_ws/build/ired_rviz': CMAKE_PREFIX_PATH=${CMAKE_PREFIX_PATH}:/home/pi/robot_ws/install/ired_teleop:/home/pi/robot_ws/install/ired_movetogoal:/opt/ros/jazzy DEBUGINFOD_URLS=https://debuginfod.ubuntu.com /usr/bin/cmake /home/pi/robot_ws/src/robot/ired_rviz -DAMENT_CMAKE_SYMLINK_INSTALL=1 -DCMAKE_INSTALL_PREFIX=/home/pi/robot_ws/install/ired_rviz
[0.588s] -- The C compiler identification is GNU 13.3.0
[0.588s] -- The CXX compiler identification is GNU 13.3.0
[0.600s] -- Detecting C compiler ABI info
[0.684s] -- Detecting C compiler ABI info - done
[0.691s] -- Check for working C compiler: /usr/bin/cc - skipped
[0.691s] -- Detecting C compile features
[0.692s] -- Detecting C compile features - done
[0.700s] -- Detecting CXX compiler ABI info
[0.795s] -- Detecting CXX compiler ABI info - done
[0.801s] -- Check for working CXX compiler: /usr/bin/c++ - skipped
[0.801s] -- Detecting CXX compile features
[0.802s] -- Detecting CXX compile features - done
[0.811s] -- Found ament_cmake: 2.5.4 (/opt/ros/jazzy/share/ament_cmake/cmake)
[0.944s] -- Found Python3: /usr/bin/python3 (found version "3.12.3") found components: Interpreter 
[1.005s] -- Override CMake install command with custom implementation using symlinks instead of copying resources
[1.146s] -- Configuring done (0.7s)
[1.148s] -- Generating done (0.0s)
[1.149s] -- Build files have been written to: /home/pi/robot_ws/build/ired_rviz
[1.154s] Invoked command in '/home/pi/robot_ws/build/ired_rviz' returned '0': CMAKE_PREFIX_PATH=${CMAKE_PREFIX_PATH}:/home/pi/robot_ws/install/ired_teleop:/home/pi/robot_ws/install/ired_movetogoal:/opt/ros/jazzy DEBUGINFOD_URLS=https://debuginfod.ubuntu.com /usr/bin/cmake /home/pi/robot_ws/src/robot/ired_rviz -DAMENT_CMAKE_SYMLINK_INSTALL=1 -DCMAKE_INSTALL_PREFIX=/home/pi/robot_ws/install/ired_rviz
[1.155s] Invoking command in '/home/pi/robot_ws/build/ired_rviz': CMAKE_PREFIX_PATH=${CMAKE_PREFIX_PATH}:/home/pi/robot_ws/install/ired_teleop:/home/pi/robot_ws/install/ired_movetogoal:/opt/ros/jazzy DEBUGINFOD_URLS=https://debuginfod.ubuntu.com /usr/bin/cmake --build /home/pi/robot_ws/build/ired_rviz -- -j16 -l16
[1.202s] Invoked command in '/home/pi/robot_ws/build/ired_rviz' returned '0': CMAKE_PREFIX_PATH=${CMAKE_PREFIX_PATH}:/home/pi/robot_ws/install/ired_teleop:/home/pi/robot_ws/install/ired_movetogoal:/opt/ros/jazzy DEBUGINFOD_URLS=https://debuginfod.ubuntu.com /usr/bin/cmake --build /home/pi/robot_ws/build/ired_rviz -- -j16 -l16
[1.203s] Invoking command in '/home/pi/robot_ws/build/ired_rviz': CMAKE_PREFIX_PATH=${CMAKE_PREFIX_PATH}:/home/pi/robot_ws/install/ired_teleop:/home/pi/robot_ws/install/ired_movetogoal:/opt/ros/jazzy DEBUGINFOD_URLS=https://debuginfod.ubuntu.com /usr/bin/cmake --install /home/pi/robot_ws/build/ired_rviz
[1.211s] -- Install configuration: ""
[1.211s] -- Execute custom install script
[1.212s] -- Symlinking: /home/pi/robot_ws/install/ired_rviz/share/ired_rviz/launch/navigation.launch.py
[1.223s] -- Symlinking: /home/pi/robot_ws/install/ired_rviz/share/ired_rviz/launch/slam.launch.py
[1.233s] -- Symlinking: /home/pi/robot_ws/install/ired_rviz/share/ired_rviz/rviz/bringup.rviz
[1.245s] -- Symlinking: /home/pi/robot_ws/install/ired_rviz/share/ired_rviz/rviz/navi.rviz
[1.255s] -- Symlinking: /home/pi/robot_ws/install/ired_rviz/share/ired_rviz/rviz/robot_urdf.rviz
[1.266s] -- Symlinking: /home/pi/robot_ws/install/ired_rviz/share/ired_rviz/rviz/slam.rviz
[1.277s] -- Symlinking: /home/pi/robot_ws/install/ired_rviz/share/ament_index/resource_index/package_run_dependencies/ired_rviz
[1.287s] -- Symlinking: /home/pi/robot_ws/install/ired_rviz/share/ament_index/resource_index/parent_prefix_path/ired_rviz
[1.299s] -- Symlinking: /home/pi/robot_ws/install/ired_rviz/share/ired_rviz/environment/ament_prefix_path.sh
[1.310s] -- Symlinking: /home/pi/robot_ws/install/ired_rviz/share/ired_rviz/environment/ament_prefix_path.dsv
[1.319s] -- Symlinking: /home/pi/robot_ws/install/ired_rviz/share/ired_rviz/environment/path.sh
[1.332s] -- Symlinking: /home/pi/robot_ws/install/ired_rviz/share/ired_rviz/environment/path.dsv
[1.343s] -- Symlinking: /home/pi/robot_ws/install/ired_rviz/share/ired_rviz/local_setup.bash
[1.353s] -- Symlinking: /home/pi/robot_ws/install/ired_rviz/share/ired_rviz/local_setup.sh
[1.363s] -- Symlinking: /home/pi/robot_ws/install/ired_rviz/share/ired_rviz/local_setup.zsh
[1.374s] -- Symlinking: /home/pi/robot_ws/install/ired_rviz/share/ired_rviz/local_setup.dsv
[1.385s] -- Symlinking: /home/pi/robot_ws/install/ired_rviz/share/ired_rviz/package.dsv
[1.395s] -- Symlinking: /home/pi/robot_ws/install/ired_rviz/share/ament_index/resource_index/packages/ired_rviz
[1.406s] -- Symlinking: /home/pi/robot_ws/install/ired_rviz/share/ired_rviz/cmake/ired_rvizConfig.cmake
[1.415s] -- Symlinking: /home/pi/robot_ws/install/ired_rviz/share/ired_rviz/cmake/ired_rvizConfig-version.cmake
[1.427s] -- Symlinking: /home/pi/robot_ws/install/ired_rviz/share/ired_rviz/package.xml
[1.439s] Invoked command in '/home/pi/robot_ws/build/ired_rviz' returned '0': CMAKE_PREFIX_PATH=${CMAKE_PREFIX_PATH}:/home/pi/robot_ws/install/ired_teleop:/home/pi/robot_ws/install/ired_movetogoal:/opt/ros/jazzy DEBUGINFOD_URLS=https://debuginfod.ubuntu.com /usr/bin/cmake --install /home/pi/robot_ws/build/ired_rviz
