[0.949s] Invoking command in '/home/pi/robot_ws/src/aruco_marker/ros2_aruco/ros2_aruco': DEBUGINFOD_URLS=https://debuginfod.ubuntu.com PYTHONPATH=/home/pi/robot_ws/build/ros2_aruco/prefix_override:/usr/lib/python3/dist-packages/colcon_core/task/python/colcon_distutils_commands:/home/pi/robot_ws/install/ros2_aruco/lib/python3.12/site-packages:${PYTHONPATH} /usr/bin/python3 -W ignore:setup.py install is deprecated -W ignore:easy_install command is deprecated setup.py egg_info --egg-base ../../../../build/ros2_aruco build --build-base /home/pi/robot_ws/build/ros2_aruco/build install --record /home/pi/robot_ws/build/ros2_aruco/install.log --single-version-externally-managed install_data
[1.111s] running egg_info
[1.122s] writing ../../../../build/ros2_aruco/ros2_aruco.egg-info/PKG-INFO
[1.122s] writing dependency_links to ../../../../build/ros2_aruco/ros2_aruco.egg-info/dependency_links.txt
[1.122s] writing entry points to ../../../../build/ros2_aruco/ros2_aruco.egg-info/entry_points.txt
[1.122s] writing requirements to ../../../../build/ros2_aruco/ros2_aruco.egg-info/requires.txt
[1.123s] writing top-level names to ../../../../build/ros2_aruco/ros2_aruco.egg-info/top_level.txt
[1.145s] reading manifest file '../../../../build/ros2_aruco/ros2_aruco.egg-info/SOURCES.txt'
[1.146s] writing manifest file '../../../../build/ros2_aruco/ros2_aruco.egg-info/SOURCES.txt'
[1.146s] running build
[1.146s] running build_py
[1.146s] running install
[1.150s] running install_lib
[1.162s] running install_data
[1.162s] running install_egg_info
[1.174s] removing '/home/pi/robot_ws/install/ros2_aruco/lib/python3.12/site-packages/ros2_aruco-0.1.0-py3.12.egg-info' (and everything under it)
[1.174s] Copying ../../../../build/ros2_aruco/ros2_aruco.egg-info to /home/pi/robot_ws/install/ros2_aruco/lib/python3.12/site-packages/ros2_aruco-0.1.0-py3.12.egg-info
[1.174s] running install_scripts
[1.258s] Installing aruco_generate_marker script to /home/pi/robot_ws/install/ros2_aruco/lib/ros2_aruco
[1.258s] Installing aruco_node script to /home/pi/robot_ws/install/ros2_aruco/lib/ros2_aruco
[1.259s] writing list of installed files to '/home/pi/robot_ws/build/ros2_aruco/install.log'
[1.297s] Invoked command in '/home/pi/robot_ws/src/aruco_marker/ros2_aruco/ros2_aruco' returned '0': DEBUGINFOD_URLS=https://debuginfod.ubuntu.com PYTHONPATH=/home/pi/robot_ws/build/ros2_aruco/prefix_override:/usr/lib/python3/dist-packages/colcon_core/task/python/colcon_distutils_commands:/home/pi/robot_ws/install/ros2_aruco/lib/python3.12/site-packages:${PYTHONPATH} /usr/bin/python3 -W ignore:setup.py install is deprecated -W ignore:easy_install command is deprecated setup.py egg_info --egg-base ../../../../build/ros2_aruco build --build-base /home/pi/robot_ws/build/ros2_aruco/build install --record /home/pi/robot_ws/build/ros2_aruco/install.log --single-version-externally-managed install_data
