[0.560s] Invoking command in '/home/pp/Tawan-pe-/src/build/lidar_bringup': CMAKE_PREFIX_PATH=${CMAKE_PREFIX_PATH}:/home/pp/Tawan-pe-/install/station_pkg:/home/pp/Tawan-pe-/install/ros2_aruco:/home/pp/Tawan-pe-/install/motion_control:/home/pp/Tawan-pe-/install/ired_teleop:/home/pp/Tawan-pe-/install/ired_movetogoal:/opt/ros/jazzy DEBUGINFOD_URLS=https://debuginfod.ubuntu.com /usr/bin/cmake /home/pp/Tawan-pe-/src/lidar_bringup -DAMENT_CMAKE_SYMLINK_INSTALL=1 -DCMAKE_INSTALL_PREFIX=/home/pp/Tawan-pe-/src/install/lidar_bringup
[1.193s] -- The C compiler identification is GNU 13.3.0
[1.193s] -- The CXX compiler identification is GNU 13.3.0
[1.194s] -- Detecting C compiler ABI info
[1.194s] -- Detecting C compiler ABI info - done
[1.194s] -- Check for working C compiler: /usr/bin/cc - skipped
[1.194s] -- Detecting C compile features
[1.194s] -- Detecting C compile features - done
[1.194s] -- Detecting CXX compiler ABI info
[1.194s] -- Detecting CXX compiler ABI info - done
[1.194s] -- Check for working CXX compiler: /usr/bin/c++ - skipped
[1.194s] -- Detecting CXX compile features
[1.194s] -- Detecting CXX compile features - done
[1.194s] -- Found ament_cmake: 2.5.4 (/opt/ros/jazzy/share/ament_cmake/cmake)
[1.375s] -- Found Python3: /usr/bin/python3 (found version "3.12.3") found components: Interpreter 
[1.544s] -- Override CMake install command with custom implementation using symlinks instead of copying resources
[1.632s] -- Found ament_lint_auto: 0.17.3 (/opt/ros/jazzy/share/ament_lint_auto/cmake)
[1.988s] -- Added test 'flake8' to check Python code syntax and style conventions
[1.988s] -- Configured 'flake8' exclude dirs and/or files: 
[1.989s] -- Added test 'lint_cmake' to check CMake code style
[1.993s] -- Added test 'pep257' to check Python code against some of the docstring style conventions in PEP 257
[2.004s] -- Added test 'xmllint' to check XML markup files
[2.021s] -- Configuring done (1.5s)
[2.045s] -- Generating done (0.0s)
[2.049s] -- Build files have been written to: /home/pp/Tawan-pe-/src/build/lidar_bringup
[2.928s] Invoked command in '/home/pp/Tawan-pe-/src/build/lidar_bringup' returned '0': CMAKE_PREFIX_PATH=${CMAKE_PREFIX_PATH}:/home/pp/Tawan-pe-/install/station_pkg:/home/pp/Tawan-pe-/install/ros2_aruco:/home/pp/Tawan-pe-/install/motion_control:/home/pp/Tawan-pe-/install/ired_teleop:/home/pp/Tawan-pe-/install/ired_movetogoal:/opt/ros/jazzy DEBUGINFOD_URLS=https://debuginfod.ubuntu.com /usr/bin/cmake /home/pp/Tawan-pe-/src/lidar_bringup -DAMENT_CMAKE_SYMLINK_INSTALL=1 -DCMAKE_INSTALL_PREFIX=/home/pp/Tawan-pe-/src/install/lidar_bringup
[2.929s] Invoking command in '/home/pp/Tawan-pe-/src/build/lidar_bringup': CMAKE_PREFIX_PATH=${CMAKE_PREFIX_PATH}:/home/pp/Tawan-pe-/install/station_pkg:/home/pp/Tawan-pe-/install/ros2_aruco:/home/pp/Tawan-pe-/install/motion_control:/home/pp/Tawan-pe-/install/ired_teleop:/home/pp/Tawan-pe-/install/ired_movetogoal:/opt/ros/jazzy DEBUGINFOD_URLS=https://debuginfod.ubuntu.com /usr/bin/cmake --build /home/pp/Tawan-pe-/src/build/lidar_bringup -- -j12 -l12
[3.089s] Invoked command in '/home/pp/Tawan-pe-/src/build/lidar_bringup' returned '0': CMAKE_PREFIX_PATH=${CMAKE_PREFIX_PATH}:/home/pp/Tawan-pe-/install/station_pkg:/home/pp/Tawan-pe-/install/ros2_aruco:/home/pp/Tawan-pe-/install/motion_control:/home/pp/Tawan-pe-/install/ired_teleop:/home/pp/Tawan-pe-/install/ired_movetogoal:/opt/ros/jazzy DEBUGINFOD_URLS=https://debuginfod.ubuntu.com /usr/bin/cmake --build /home/pp/Tawan-pe-/src/build/lidar_bringup -- -j12 -l12
[3.092s] Invoking command in '/home/pp/Tawan-pe-/src/build/lidar_bringup': CMAKE_PREFIX_PATH=${CMAKE_PREFIX_PATH}:/home/pp/Tawan-pe-/install/station_pkg:/home/pp/Tawan-pe-/install/ros2_aruco:/home/pp/Tawan-pe-/install/motion_control:/home/pp/Tawan-pe-/install/ired_teleop:/home/pp/Tawan-pe-/install/ired_movetogoal:/opt/ros/jazzy DEBUGINFOD_URLS=https://debuginfod.ubuntu.com /usr/bin/cmake --install /home/pp/Tawan-pe-/src/build/lidar_bringup
[3.159s] -- Install configuration: ""
[3.159s] -- Execute custom install script
[3.165s] -- Symlinking: /home/pp/Tawan-pe-/src/install/lidar_bringup/share/lidar_bringup/launch/hokuyo_launch.py
[3.196s] -- Symlinking: /home/pp/Tawan-pe-/src/install/lidar_bringup/share/ament_index/resource_index/package_run_dependencies/lidar_bringup
[3.255s] -- Symlinking: /home/pp/Tawan-pe-/src/install/lidar_bringup/share/ament_index/resource_index/parent_prefix_path/lidar_bringup
[3.302s] -- Symlinking: /home/pp/Tawan-pe-/src/install/lidar_bringup/share/lidar_bringup/environment/ament_prefix_path.sh
[3.343s] -- Symlinking: /home/pp/Tawan-pe-/src/install/lidar_bringup/share/lidar_bringup/environment/ament_prefix_path.dsv
[3.400s] -- Symlinking: /home/pp/Tawan-pe-/src/install/lidar_bringup/share/lidar_bringup/environment/path.sh
[3.419s] -- Symlinking: /home/pp/Tawan-pe-/src/install/lidar_bringup/share/lidar_bringup/environment/path.dsv
[3.435s] -- Symlinking: /home/pp/Tawan-pe-/src/install/lidar_bringup/share/lidar_bringup/local_setup.bash
[3.451s] -- Symlinking: /home/pp/Tawan-pe-/src/install/lidar_bringup/share/lidar_bringup/local_setup.sh
[3.541s] -- Symlinking: /home/pp/Tawan-pe-/src/install/lidar_bringup/share/lidar_bringup/local_setup.zsh
[3.578s] -- Symlinking: /home/pp/Tawan-pe-/src/install/lidar_bringup/share/lidar_bringup/local_setup.dsv
[3.598s] -- Symlinking: /home/pp/Tawan-pe-/src/install/lidar_bringup/share/lidar_bringup/package.dsv
[3.765s] -- Symlinking: /home/pp/Tawan-pe-/src/install/lidar_bringup/share/ament_index/resource_index/packages/lidar_bringup
[3.845s] -- Symlinking: /home/pp/Tawan-pe-/src/install/lidar_bringup/share/lidar_bringup/cmake/lidar_bringupConfig.cmake
[3.874s] -- Symlinking: /home/pp/Tawan-pe-/src/install/lidar_bringup/share/lidar_bringup/cmake/lidar_bringupConfig-version.cmake
[3.892s] -- Symlinking: /home/pp/Tawan-pe-/src/install/lidar_bringup/share/lidar_bringup/package.xml
[3.912s] Invoked command in '/home/pp/Tawan-pe-/src/build/lidar_bringup' returned '0': CMAKE_PREFIX_PATH=${CMAKE_PREFIX_PATH}:/home/pp/Tawan-pe-/install/station_pkg:/home/pp/Tawan-pe-/install/ros2_aruco:/home/pp/Tawan-pe-/install/motion_control:/home/pp/Tawan-pe-/install/ired_teleop:/home/pp/Tawan-pe-/install/ired_movetogoal:/opt/ros/jazzy DEBUGINFOD_URLS=https://debuginfod.ubuntu.com /usr/bin/cmake --install /home/pp/Tawan-pe-/src/build/lidar_bringup
