[1.766s] Invoking command in '/home/pp/Tawan-pe-/build/motion_control': DEBUGINFOD_URLS=https://debuginfod.ubuntu.com PYTHONPATH=/home/pp/Tawan-pe-/build/motion_control/prefix_override:/usr/lib/python3/dist-packages/colcon_core/task/python/colcon_distutils_commands:/home/pp/Tawan-pe-/install/motion_control/lib/python3.12/site-packages:${PYTHONPATH} /usr/bin/python3 -W ignore:setup.py install is deprecated -W ignore:easy_install command is deprecated setup.py develop --editable --build-directory /home/pp/Tawan-pe-/build/motion_control/build --no-deps symlink_data
[2.956s] running develop
[3.498s] running egg_info
[3.498s] creating motion_control.egg-info
[3.539s] writing motion_control.egg-info/PKG-INFO
[3.539s] writing dependency_links to motion_control.egg-info/dependency_links.txt
[3.539s] writing entry points to motion_control.egg-info/entry_points.txt
[3.539s] writing requirements to motion_control.egg-info/requires.txt
[3.539s] writing top-level names to motion_control.egg-info/top_level.txt
[3.539s] writing manifest file 'motion_control.egg-info/SOURCES.txt'
[3.603s] reading manifest file 'motion_control.egg-info/SOURCES.txt'
[3.604s] writing manifest file 'motion_control.egg-info/SOURCES.txt'
[3.639s] running build_ext
[3.639s] Creating /home/pp/Tawan-pe-/install/motion_control/lib/python3.12/site-packages/motion-control.egg-link (link to .)
[3.640s] Installing omni_docking_controller script to /home/pp/Tawan-pe-/install/motion_control/lib/motion_control
[3.640s] 
[3.640s] Installed /home/pp/Tawan-pe-/build/motion_control
[3.641s] running symlink_data
[3.641s] creating /home/pp/Tawan-pe-/install/motion_control/share
[3.641s] creating /home/pp/Tawan-pe-/install/motion_control/share/ament_index
[3.641s] creating /home/pp/Tawan-pe-/install/motion_control/share/ament_index/resource_index
[3.641s] creating /home/pp/Tawan-pe-/install/motion_control/share/ament_index/resource_index/packages
[3.641s] symbolically linking /home/pp/Tawan-pe-/build/motion_control/resource/motion_control -> /home/pp/Tawan-pe-/install/motion_control/share/ament_index/resource_index/packages
[3.642s] creating /home/pp/Tawan-pe-/install/motion_control/share/motion_control
[3.642s] symbolically linking /home/pp/Tawan-pe-/build/motion_control/package.xml -> /home/pp/Tawan-pe-/install/motion_control/share/motion_control
[3.733s] Invoked command in '/home/pp/Tawan-pe-/build/motion_control' returned '0': DEBUGINFOD_URLS=https://debuginfod.ubuntu.com PYTHONPATH=/home/pp/Tawan-pe-/build/motion_control/prefix_override:/usr/lib/python3/dist-packages/colcon_core/task/python/colcon_distutils_commands:/home/pp/Tawan-pe-/install/motion_control/lib/python3.12/site-packages:${PYTHONPATH} /usr/bin/python3 -W ignore:setup.py install is deprecated -W ignore:easy_install command is deprecated setup.py develop --editable --build-directory /home/pp/Tawan-pe-/build/motion_control/build --no-deps symlink_data
