[1.112s] Invoking command in '/home/pi/robot_ws/build/ired_teleop': DEBUGINFOD_URLS=https://debuginfod.ubuntu.com PYTHONPATH=/home/pi/robot_ws/build/ired_teleop/prefix_override:/usr/lib/python3/dist-packages/colcon_core/task/python/colcon_distutils_commands:/home/pi/robot_ws/install/ired_teleop/lib/python3.12/site-packages:${PYTHONPATH} /usr/bin/python3 -W ignore:setup.py install is deprecated -W ignore:easy_install command is deprecated setup.py develop --uninstall --editable --build-directory /home/pi/robot_ws/build/ired_teleop/build
[1.370s] running develop
[1.540s] Removing /home/pi/robot_ws/install/ired_teleop/lib/python3.12/site-packages/ired-teleop.egg-link (link to .)
[1.613s] Invoked command in '/home/pi/robot_ws/build/ired_teleop' returned '0': DEBUGINFOD_URLS=https://debuginfod.ubuntu.com PYTHONPATH=/home/pi/robot_ws/build/ired_teleop/prefix_override:/usr/lib/python3/dist-packages/colcon_core/task/python/colcon_distutils_commands:/home/pi/robot_ws/install/ired_teleop/lib/python3.12/site-packages:${PYTHONPATH} /usr/bin/python3 -W ignore:setup.py install is deprecated -W ignore:easy_install command is deprecated setup.py develop --uninstall --editable --build-directory /home/pi/robot_ws/build/ired_teleop/build
[1.614s] Invoking command in '/home/pi/robot_ws/src/robot/ired_teleop': DEBUGINFOD_URLS=https://debuginfod.ubuntu.com PYTHONPATH=/home/pi/robot_ws/build/ired_teleop/prefix_override:/usr/lib/python3/dist-packages/colcon_core/task/python/colcon_distutils_commands:/home/pi/robot_ws/install/ired_teleop/lib/python3.12/site-packages:${PYTHONPATH} /usr/bin/python3 -W ignore:setup.py install is deprecated -W ignore:easy_install command is deprecated setup.py egg_info --egg-base ../../../build/ired_teleop build --build-base /home/pi/robot_ws/build/ired_teleop/build install --record /home/pi/robot_ws/build/ired_teleop/install.log --single-version-externally-managed install_data --force
[1.810s] running egg_info
[1.822s] writing ../../../build/ired_teleop/ired_teleop.egg-info/PKG-INFO
[1.822s] writing dependency_links to ../../../build/ired_teleop/ired_teleop.egg-info/dependency_links.txt
[1.823s] writing entry points to ../../../build/ired_teleop/ired_teleop.egg-info/entry_points.txt
[1.823s] writing requirements to ../../../build/ired_teleop/ired_teleop.egg-info/requires.txt
[1.823s] writing top-level names to ../../../build/ired_teleop/ired_teleop.egg-info/top_level.txt
[1.850s] reading manifest file '../../../build/ired_teleop/ired_teleop.egg-info/SOURCES.txt'
[1.851s] writing manifest file '../../../build/ired_teleop/ired_teleop.egg-info/SOURCES.txt'
[1.851s] running build
[1.851s] running build_py
[1.851s] creating /home/pi/robot_ws/build/ired_teleop/build
[1.851s] creating /home/pi/robot_ws/build/ired_teleop/build/lib
[1.851s] creating /home/pi/robot_ws/build/ired_teleop/build/lib/ired_teleop
[1.851s] copying ired_teleop/__init__.py -> /home/pi/robot_ws/build/ired_teleop/build/lib/ired_teleop
[1.851s] creating /home/pi/robot_ws/build/ired_teleop/build/lib/ired_teleop/script
[1.851s] copying ired_teleop/script/teleop_keyboard.py -> /home/pi/robot_ws/build/ired_teleop/build/lib/ired_teleop/script
[1.852s] copying ired_teleop/script/__init__.py -> /home/pi/robot_ws/build/ired_teleop/build/lib/ired_teleop/script
[1.852s] running install
[1.857s] running install_lib
[1.870s] creating /home/pi/robot_ws/install/ired_teleop/lib/python3.12/site-packages/ired_teleop
[1.870s] copying /home/pi/robot_ws/build/ired_teleop/build/lib/ired_teleop/__init__.py -> /home/pi/robot_ws/install/ired_teleop/lib/python3.12/site-packages/ired_teleop
[1.870s] creating /home/pi/robot_ws/install/ired_teleop/lib/python3.12/site-packages/ired_teleop/script
[1.870s] copying /home/pi/robot_ws/build/ired_teleop/build/lib/ired_teleop/script/teleop_keyboard.py -> /home/pi/robot_ws/install/ired_teleop/lib/python3.12/site-packages/ired_teleop/script
[1.870s] copying /home/pi/robot_ws/build/ired_teleop/build/lib/ired_teleop/script/__init__.py -> /home/pi/robot_ws/install/ired_teleop/lib/python3.12/site-packages/ired_teleop/script
[1.871s] byte-compiling /home/pi/robot_ws/install/ired_teleop/lib/python3.12/site-packages/ired_teleop/__init__.py to __init__.cpython-312.pyc
[1.871s] byte-compiling /home/pi/robot_ws/install/ired_teleop/lib/python3.12/site-packages/ired_teleop/script/teleop_keyboard.py to teleop_keyboard.cpython-312.pyc
[1.872s] byte-compiling /home/pi/robot_ws/install/ired_teleop/lib/python3.12/site-packages/ired_teleop/script/__init__.py to __init__.cpython-312.pyc
[1.872s] running install_data
[1.872s] copying resource/ired_teleop -> /home/pi/robot_ws/install/ired_teleop/share/ament_index/resource_index/packages
[1.872s] copying package.xml -> /home/pi/robot_ws/install/ired_teleop/share/ired_teleop
[1.873s] running install_egg_info
[1.888s] Copying ../../../build/ired_teleop/ired_teleop.egg-info to /home/pi/robot_ws/install/ired_teleop/lib/python3.12/site-packages/ired_teleop-2.0.1-py3.12.egg-info
[1.889s] running install_scripts
[1.999s] Installing teleop_keyboard script to /home/pi/robot_ws/install/ired_teleop/lib/ired_teleop
[1.999s] writing list of installed files to '/home/pi/robot_ws/build/ired_teleop/install.log'
[2.047s] Invoked command in '/home/pi/robot_ws/src/robot/ired_teleop' returned '0': DEBUGINFOD_URLS=https://debuginfod.ubuntu.com PYTHONPATH=/home/pi/robot_ws/build/ired_teleop/prefix_override:/usr/lib/python3/dist-packages/colcon_core/task/python/colcon_distutils_commands:/home/pi/robot_ws/install/ired_teleop/lib/python3.12/site-packages:${PYTHONPATH} /usr/bin/python3 -W ignore:setup.py install is deprecated -W ignore:easy_install command is deprecated setup.py egg_info --egg-base ../../../build/ired_teleop build --build-base /home/pi/robot_ws/build/ired_teleop/build install --record /home/pi/robot_ws/build/ired_teleop/install.log --single-version-externally-managed install_data --force
