[1.834s] Invoking command in '/home/pp/Tawan-pe-/build/ired_teleop': DEBUGINFOD_URLS=https://debuginfod.ubuntu.com PYTHONPATH=/home/pp/Tawan-pe-/build/ired_teleop/prefix_override:/usr/lib/python3/dist-packages/colcon_core/task/python/colcon_distutils_commands:/home/pp/Tawan-pe-/install/ired_teleop/lib/python3.12/site-packages:${PYTHONPATH} /usr/bin/python3 -W ignore:setup.py install is deprecated -W ignore:easy_install command is deprecated setup.py develop --uninstall --editable --build-directory /home/pp/Tawan-pe-/build/ired_teleop/build
[2.298s] running develop
[2.548s] Removing /home/pp/Tawan-pe-/install/ired_teleop/lib/python3.12/site-packages/ired-teleop.egg-link (link to .)
[2.626s] Invoked command in '/home/pp/Tawan-pe-/build/ired_teleop' returned '0': DEBUGINFOD_URLS=https://debuginfod.ubuntu.com PYTHONPATH=/home/pp/Tawan-pe-/build/ired_teleop/prefix_override:/usr/lib/python3/dist-packages/colcon_core/task/python/colcon_distutils_commands:/home/pp/Tawan-pe-/install/ired_teleop/lib/python3.12/site-packages:${PYTHONPATH} /usr/bin/python3 -W ignore:setup.py install is deprecated -W ignore:easy_install command is deprecated setup.py develop --uninstall --editable --build-directory /home/pp/Tawan-pe-/build/ired_teleop/build
[2.627s] Invoking command in '/home/pp/Tawan-pe-/src/robot/ired_teleop': DEBUGINFOD_URLS=https://debuginfod.ubuntu.com PYTHONPATH=/home/pp/Tawan-pe-/build/ired_teleop/prefix_override:/usr/lib/python3/dist-packages/colcon_core/task/python/colcon_distutils_commands:/home/pp/Tawan-pe-/install/ired_teleop/lib/python3.12/site-packages:${PYTHONPATH} /usr/bin/python3 -W ignore:setup.py install is deprecated -W ignore:easy_install command is deprecated setup.py egg_info --egg-base ../../../build/ired_teleop build --build-base /home/pp/Tawan-pe-/build/ired_teleop/build install --record /home/pp/Tawan-pe-/build/ired_teleop/install.log --single-version-externally-managed install_data --force
[2.973s] running egg_info
[3.003s] writing ../../../build/ired_teleop/ired_teleop.egg-info/PKG-INFO
[3.003s] writing dependency_links to ../../../build/ired_teleop/ired_teleop.egg-info/dependency_links.txt
[3.005s] writing entry points to ../../../build/ired_teleop/ired_teleop.egg-info/entry_points.txt
[3.005s] writing requirements to ../../../build/ired_teleop/ired_teleop.egg-info/requires.txt
[3.005s] writing top-level names to ../../../build/ired_teleop/ired_teleop.egg-info/top_level.txt
[3.062s] reading manifest file '../../../build/ired_teleop/ired_teleop.egg-info/SOURCES.txt'
[3.063s] writing manifest file '../../../build/ired_teleop/ired_teleop.egg-info/SOURCES.txt'
[3.063s] running build
[3.063s] running build_py
[3.063s] creating /home/pp/Tawan-pe-/build/ired_teleop/build
[3.064s] creating /home/pp/Tawan-pe-/build/ired_teleop/build/lib
[3.064s] creating /home/pp/Tawan-pe-/build/ired_teleop/build/lib/ired_teleop
[3.064s] copying ired_teleop/__init__.py -> /home/pp/Tawan-pe-/build/ired_teleop/build/lib/ired_teleop
[3.064s] creating /home/pp/Tawan-pe-/build/ired_teleop/build/lib/ired_teleop/script
[3.064s] copying ired_teleop/script/teleop_keyboard.py -> /home/pp/Tawan-pe-/build/ired_teleop/build/lib/ired_teleop/script
[3.064s] copying ired_teleop/script/__init__.py -> /home/pp/Tawan-pe-/build/ired_teleop/build/lib/ired_teleop/script
[3.065s] running install
[3.074s] running install_lib
[3.104s] creating /home/pp/Tawan-pe-/install/ired_teleop/lib/python3.12/site-packages/ired_teleop
[3.104s] creating /home/pp/Tawan-pe-/install/ired_teleop/lib/python3.12/site-packages/ired_teleop/script
[3.105s] copying /home/pp/Tawan-pe-/build/ired_teleop/build/lib/ired_teleop/script/teleop_keyboard.py -> /home/pp/Tawan-pe-/install/ired_teleop/lib/python3.12/site-packages/ired_teleop/script
[3.105s] copying /home/pp/Tawan-pe-/build/ired_teleop/build/lib/ired_teleop/script/__init__.py -> /home/pp/Tawan-pe-/install/ired_teleop/lib/python3.12/site-packages/ired_teleop/script
[3.105s] copying /home/pp/Tawan-pe-/build/ired_teleop/build/lib/ired_teleop/__init__.py -> /home/pp/Tawan-pe-/install/ired_teleop/lib/python3.12/site-packages/ired_teleop
[3.108s] byte-compiling /home/pp/Tawan-pe-/install/ired_teleop/lib/python3.12/site-packages/ired_teleop/script/teleop_keyboard.py to teleop_keyboard.cpython-312.pyc
[3.108s] byte-compiling /home/pp/Tawan-pe-/install/ired_teleop/lib/python3.12/site-packages/ired_teleop/script/__init__.py to __init__.cpython-312.pyc
[3.109s] byte-compiling /home/pp/Tawan-pe-/install/ired_teleop/lib/python3.12/site-packages/ired_teleop/__init__.py to __init__.cpython-312.pyc
[3.109s] running install_data
[3.110s] copying resource/ired_teleop -> /home/pp/Tawan-pe-/install/ired_teleop/share/ament_index/resource_index/packages
[3.110s] copying package.xml -> /home/pp/Tawan-pe-/install/ired_teleop/share/ired_teleop
[3.111s] running install_egg_info
[3.143s] Copying ../../../build/ired_teleop/ired_teleop.egg-info to /home/pp/Tawan-pe-/install/ired_teleop/lib/python3.12/site-packages/ired_teleop-2.0.1-py3.12.egg-info
[3.144s] running install_scripts
[3.282s] Installing teleop_keyboard script to /home/pp/Tawan-pe-/install/ired_teleop/lib/ired_teleop
[3.283s] writing list of installed files to '/home/pp/Tawan-pe-/build/ired_teleop/install.log'
[3.322s] Invoked command in '/home/pp/Tawan-pe-/src/robot/ired_teleop' returned '0': DEBUGINFOD_URLS=https://debuginfod.ubuntu.com PYTHONPATH=/home/pp/Tawan-pe-/build/ired_teleop/prefix_override:/usr/lib/python3/dist-packages/colcon_core/task/python/colcon_distutils_commands:/home/pp/Tawan-pe-/install/ired_teleop/lib/python3.12/site-packages:${PYTHONPATH} /usr/bin/python3 -W ignore:setup.py install is deprecated -W ignore:easy_install command is deprecated setup.py egg_info --egg-base ../../../build/ired_teleop build --build-base /home/pp/Tawan-pe-/build/ired_teleop/build install --record /home/pp/Tawan-pe-/build/ired_teleop/install.log --single-version-externally-managed install_data --force
