[0.200s] Invoking command in '/home/pi/robot_ws/build/ired_rviz': CMAKE_PREFIX_PATH=${CMAKE_PREFIX_PATH}:/home/pi/robot_ws/install/ros2_aruco:/home/pi/robot_ws/install/ired_teleop:/home/pi/robot_ws/install/ired_movetogoal:/opt/ros/jazzy DEBUGINFOD_URLS=https://debuginfod.ubuntu.com /usr/bin/cmake /home/pi/robot_ws/src/robot/ired_rviz -DAMENT_CMAKE_SYMLINK_INSTALL=1 -DCMAKE_INSTALL_PREFIX=/home/pi/robot_ws/install/ired_rviz
[0.761s] -- The C compiler identification is GNU 13.3.0
[0.761s] -- The CXX compiler identification is GNU 13.3.0
[0.762s] -- Detecting C compiler ABI info
[0.762s] -- Detecting C compiler ABI info - done
[0.762s] -- Check for working C compiler: /usr/bin/cc - skipped
[0.762s] -- Detecting C compile features
[0.762s] -- Detecting C compile features - done
[0.762s] -- Detecting CXX compiler ABI info
[0.762s] -- Detecting CXX compiler ABI info - done
[0.762s] -- Check for working CXX compiler: /usr/bin/c++ - skipped
[0.762s] -- Detecting CXX compile features
[0.762s] -- Detecting CXX compile features - done
[0.762s] -- Found ament_cmake: 2.5.4 (/opt/ros/jazzy/share/ament_cmake/cmake)
[0.762s] -- Found Python3: /usr/bin/python3 (found version "3.12.3") found components: Interpreter 
[0.762s] -- Override CMake install command with custom implementation using symlinks instead of copying resources
[0.903s] -- Configuring done (0.7s)
[0.907s] -- Generating done (0.0s)
[0.909s] -- Build files have been written to: /home/pi/robot_ws/build/ired_rviz
[0.915s] Invoked command in '/home/pi/robot_ws/build/ired_rviz' returned '0': CMAKE_PREFIX_PATH=${CMAKE_PREFIX_PATH}:/home/pi/robot_ws/install/ros2_aruco:/home/pi/robot_ws/install/ired_teleop:/home/pi/robot_ws/install/ired_movetogoal:/opt/ros/jazzy DEBUGINFOD_URLS=https://debuginfod.ubuntu.com /usr/bin/cmake /home/pi/robot_ws/src/robot/ired_rviz -DAMENT_CMAKE_SYMLINK_INSTALL=1 -DCMAKE_INSTALL_PREFIX=/home/pi/robot_ws/install/ired_rviz
[0.916s] Invoking command in '/home/pi/robot_ws/build/ired_rviz': CMAKE_PREFIX_PATH=${CMAKE_PREFIX_PATH}:/home/pi/robot_ws/install/ros2_aruco:/home/pi/robot_ws/install/ired_teleop:/home/pi/robot_ws/install/ired_movetogoal:/opt/ros/jazzy DEBUGINFOD_URLS=https://debuginfod.ubuntu.com /usr/bin/cmake --build /home/pi/robot_ws/build/ired_rviz -- -j16 -l16
[0.963s] Invoked command in '/home/pi/robot_ws/build/ired_rviz' returned '0': CMAKE_PREFIX_PATH=${CMAKE_PREFIX_PATH}:/home/pi/robot_ws/install/ros2_aruco:/home/pi/robot_ws/install/ired_teleop:/home/pi/robot_ws/install/ired_movetogoal:/opt/ros/jazzy DEBUGINFOD_URLS=https://debuginfod.ubuntu.com /usr/bin/cmake --build /home/pi/robot_ws/build/ired_rviz -- -j16 -l16
[0.964s] Invoking command in '/home/pi/robot_ws/build/ired_rviz': CMAKE_PREFIX_PATH=${CMAKE_PREFIX_PATH}:/home/pi/robot_ws/install/ros2_aruco:/home/pi/robot_ws/install/ired_teleop:/home/pi/robot_ws/install/ired_movetogoal:/opt/ros/jazzy DEBUGINFOD_URLS=https://debuginfod.ubuntu.com /usr/bin/cmake --install /home/pi/robot_ws/build/ired_rviz
[0.974s] -- Install configuration: ""
[0.975s] -- Execute custom install script
[0.975s] -- Symlinking: /home/pi/robot_ws/install/ired_rviz/share/ired_rviz/launch/navigation.launch.py
[0.985s] -- Symlinking: /home/pi/robot_ws/install/ired_rviz/share/ired_rviz/launch/slam.launch.py
[0.998s] -- Symlinking: /home/pi/robot_ws/install/ired_rviz/share/ired_rviz/rviz/bringup.rviz
[1.009s] -- Symlinking: /home/pi/robot_ws/install/ired_rviz/share/ired_rviz/rviz/navi.rviz
[1.020s] -- Symlinking: /home/pi/robot_ws/install/ired_rviz/share/ired_rviz/rviz/robot_urdf.rviz
[1.030s] -- Symlinking: /home/pi/robot_ws/install/ired_rviz/share/ired_rviz/rviz/slam.rviz
[1.040s] -- Symlinking: /home/pi/robot_ws/install/ired_rviz/share/ament_index/resource_index/package_run_dependencies/ired_rviz
[1.051s] -- Symlinking: /home/pi/robot_ws/install/ired_rviz/share/ament_index/resource_index/parent_prefix_path/ired_rviz
[1.062s] -- Symlinking: /home/pi/robot_ws/install/ired_rviz/share/ired_rviz/environment/ament_prefix_path.sh
[1.072s] -- Symlinking: /home/pi/robot_ws/install/ired_rviz/share/ired_rviz/environment/ament_prefix_path.dsv
[1.083s] -- Symlinking: /home/pi/robot_ws/install/ired_rviz/share/ired_rviz/environment/path.sh
[1.097s] -- Symlinking: /home/pi/robot_ws/install/ired_rviz/share/ired_rviz/environment/path.dsv
[1.108s] -- Symlinking: /home/pi/robot_ws/install/ired_rviz/share/ired_rviz/local_setup.bash
[1.118s] -- Symlinking: /home/pi/robot_ws/install/ired_rviz/share/ired_rviz/local_setup.sh
[1.131s] -- Symlinking: /home/pi/robot_ws/install/ired_rviz/share/ired_rviz/local_setup.zsh
[1.143s] -- Symlinking: /home/pi/robot_ws/install/ired_rviz/share/ired_rviz/local_setup.dsv
[1.154s] -- Symlinking: /home/pi/robot_ws/install/ired_rviz/share/ired_rviz/package.dsv
[1.165s] -- Symlinking: /home/pi/robot_ws/install/ired_rviz/share/ament_index/resource_index/packages/ired_rviz
[1.175s] -- Symlinking: /home/pi/robot_ws/install/ired_rviz/share/ired_rviz/cmake/ired_rvizConfig.cmake
[1.187s] -- Symlinking: /home/pi/robot_ws/install/ired_rviz/share/ired_rviz/cmake/ired_rvizConfig-version.cmake
[1.196s] -- Symlinking: /home/pi/robot_ws/install/ired_rviz/share/ired_rviz/package.xml
[1.209s] Invoked command in '/home/pi/robot_ws/build/ired_rviz' returned '0': CMAKE_PREFIX_PATH=${CMAKE_PREFIX_PATH}:/home/pi/robot_ws/install/ros2_aruco:/home/pi/robot_ws/install/ired_teleop:/home/pi/robot_ws/install/ired_movetogoal:/opt/ros/jazzy DEBUGINFOD_URLS=https://debuginfod.ubuntu.com /usr/bin/cmake --install /home/pi/robot_ws/build/ired_rviz
