running develop
Removing /home/pi/robot_ws/install/ired_movetogoal/lib/python3.12/site-packages/ired-movetogoal.egg-link (link to .)
running egg_info
writing ../../../build/ired_movetogoal/ired_movetogoal.egg-info/PKG-INFO
writing dependency_links to ../../../build/ired_movetogoal/ired_movetogoal.egg-info/dependency_links.txt
writing entry points to ../../../build/ired_movetogoal/ired_movetogoal.egg-info/entry_points.txt
writing requirements to ../../../build/ired_movetogoal/ired_movetogoal.egg-info/requires.txt
writing top-level names to ../../../build/ired_movetogoal/ired_movetogoal.egg-info/top_level.txt
reading manifest file '../../../build/ired_movetogoal/ired_movetogoal.egg-info/SOURCES.txt'
adding license file 'LICENSE'
writing manifest file '../../../build/ired_movetogoal/ired_movetogoal.egg-info/SOURCES.txt'
running build
running build_py
creating /home/pi/robot_ws/build/ired_movetogoal/build
creating /home/pi/robot_ws/build/ired_movetogoal/build/lib
creating /home/pi/robot_ws/build/ired_movetogoal/build/lib/ired_movetogoal
copying ired_movetogoal/movetogoal.py -> /home/pi/robot_ws/build/ired_movetogoal/build/lib/ired_movetogoal
copying ired_movetogoal/__init__.py -> /home/pi/robot_ws/build/ired_movetogoal/build/lib/ired_movetogoal
running install
running install_lib
creating /home/pi/robot_ws/install/ired_movetogoal/lib/python3.12/site-packages/ired_movetogoal
copying /home/pi/robot_ws/build/ired_movetogoal/build/lib/ired_movetogoal/movetogoal.py -> /home/pi/robot_ws/install/ired_movetogoal/lib/python3.12/site-packages/ired_movetogoal
copying /home/pi/robot_ws/build/ired_movetogoal/build/lib/ired_movetogoal/__init__.py -> /home/pi/robot_ws/install/ired_movetogoal/lib/python3.12/site-packages/ired_movetogoal
byte-compiling /home/pi/robot_ws/install/ired_movetogoal/lib/python3.12/site-packages/ired_movetogoal/movetogoal.py to movetogoal.cpython-312.pyc
byte-compiling /home/pi/robot_ws/install/ired_movetogoal/lib/python3.12/site-packages/ired_movetogoal/__init__.py to __init__.cpython-312.pyc
running install_data
copying resource/ired_movetogoal -> /home/pi/robot_ws/install/ired_movetogoal/share/ament_index/resource_index/packages
copying package.xml -> /home/pi/robot_ws/install/ired_movetogoal/share/ired_movetogoal
running install_egg_info
Copying ../../../build/ired_movetogoal/ired_movetogoal.egg-info to /home/pi/robot_ws/install/ired_movetogoal/lib/python3.12/site-packages/ired_movetogoal-2.0.1-py3.12.egg-info
running install_scripts
Installing movetogoal script to /home/pi/robot_ws/install/ired_movetogoal/lib/ired_movetogoal
writing list of installed files to '/home/pi/robot_ws/build/ired_movetogoal/install.log'
