running develop
running egg_info
creating motion_control.egg-info
writing motion_control.egg-info/PKG-INFO
writing dependency_links to motion_control.egg-info/dependency_links.txt
writing entry points to motion_control.egg-info/entry_points.txt
writing requirements to motion_control.egg-info/requires.txt
writing top-level names to motion_control.egg-info/top_level.txt
writing manifest file 'motion_control.egg-info/SOURCES.txt'
reading manifest file 'motion_control.egg-info/SOURCES.txt'
writing manifest file 'motion_control.egg-info/SOURCES.txt'
running build_ext
Creating /home/pp/Tawan-pe-/src/robot/motion_control/install/motion_control/lib/python3.12/site-packages/motion-control.egg-link (link to .)
Installing omni_docking_controller script to /home/pp/Tawan-pe-/src/robot/motion_control/install/motion_control/lib/motion_control

Installed /home/pp/Tawan-pe-/src/robot/motion_control/build/motion_control
running symlink_data
creating /home/pp/Tawan-pe-/src/robot/motion_control/install/motion_control/share/ament_index
creating /home/pp/Tawan-pe-/src/robot/motion_control/install/motion_control/share/ament_index/resource_index
creating /home/pp/Tawan-pe-/src/robot/motion_control/install/motion_control/share/ament_index/resource_index/packages
symbolically linking /home/pp/Tawan-pe-/src/robot/motion_control/build/motion_control/resource/motion_control -> /home/pp/Tawan-pe-/src/robot/motion_control/install/motion_control/share/ament_index/resource_index/packages
symbolically linking /home/pp/Tawan-pe-/src/robot/motion_control/build/motion_control/package.xml -> /home/pp/Tawan-pe-/src/robot/motion_control/install/motion_control/share/motion_control
