[0.650s] Invoking command in '/home/pp/Tawan-pe-/src/robot/motion_control/build/motion_control': DEBUGINFOD_URLS=https://debuginfod.ubuntu.com PYTHONPATH=/home/pp/Tawan-pe-/src/robot/motion_control/build/motion_control/prefix_override:/usr/lib/python3/dist-packages/colcon_core/task/python/colcon_distutils_commands:/home/pp/Tawan-pe-/src/robot/motion_control/install/motion_control/lib/python3.12/site-packages:${PYTHONPATH} /usr/bin/python3 -W ignore:setup.py install is deprecated -W ignore:easy_install command is deprecated setup.py develop --editable --build-directory /home/pp/Tawan-pe-/src/robot/motion_control/build/motion_control/build --no-deps symlink_data
[0.916s] running develop
[1.079s] running egg_info
[1.079s] creating motion_control.egg-info
[1.095s] writing motion_control.egg-info/PKG-INFO
[1.095s] writing dependency_links to motion_control.egg-info/dependency_links.txt
[1.095s] writing entry points to motion_control.egg-info/entry_points.txt
[1.095s] writing requirements to motion_control.egg-info/requires.txt
[1.095s] writing top-level names to motion_control.egg-info/top_level.txt
[1.095s] writing manifest file 'motion_control.egg-info/SOURCES.txt'
[1.127s] reading manifest file 'motion_control.egg-info/SOURCES.txt'
[1.127s] writing manifest file 'motion_control.egg-info/SOURCES.txt'
[1.144s] running build_ext
[1.144s] Creating /home/pp/Tawan-pe-/src/robot/motion_control/install/motion_control/lib/python3.12/site-packages/motion-control.egg-link (link to .)
[1.144s] Installing omni_docking_controller script to /home/pp/Tawan-pe-/src/robot/motion_control/install/motion_control/lib/motion_control
[1.144s] 
[1.145s] Installed /home/pp/Tawan-pe-/src/robot/motion_control/build/motion_control
[1.145s] running symlink_data
[1.145s] creating /home/pp/Tawan-pe-/src/robot/motion_control/install/motion_control/share/ament_index
[1.145s] creating /home/pp/Tawan-pe-/src/robot/motion_control/install/motion_control/share/ament_index/resource_index
[1.145s] creating /home/pp/Tawan-pe-/src/robot/motion_control/install/motion_control/share/ament_index/resource_index/packages
[1.145s] symbolically linking /home/pp/Tawan-pe-/src/robot/motion_control/build/motion_control/resource/motion_control -> /home/pp/Tawan-pe-/src/robot/motion_control/install/motion_control/share/ament_index/resource_index/packages
[1.145s] symbolically linking /home/pp/Tawan-pe-/src/robot/motion_control/build/motion_control/package.xml -> /home/pp/Tawan-pe-/src/robot/motion_control/install/motion_control/share/motion_control
[1.171s] Invoked command in '/home/pp/Tawan-pe-/src/robot/motion_control/build/motion_control' returned '0': DEBUGINFOD_URLS=https://debuginfod.ubuntu.com PYTHONPATH=/home/pp/Tawan-pe-/src/robot/motion_control/build/motion_control/prefix_override:/usr/lib/python3/dist-packages/colcon_core/task/python/colcon_distutils_commands:/home/pp/Tawan-pe-/src/robot/motion_control/install/motion_control/lib/python3.12/site-packages:${PYTHONPATH} /usr/bin/python3 -W ignore:setup.py install is deprecated -W ignore:easy_install command is deprecated setup.py develop --editable --build-directory /home/pp/Tawan-pe-/src/robot/motion_control/build/motion_control/build --no-deps symlink_data
