[0.488s] Invoking command in '/home/pi/robot_ws/build/rplidar_ros': CMAKE_PREFIX_PATH=${CMAKE_PREFIX_PATH}:/home/pi/robot_ws/install/ros2_aruco:/home/pi/robot_ws/install/ired_teleop:/home/pi/robot_ws/install/ired_movetogoal:/opt/ros/jazzy DEBUGINFOD_URLS=https://debuginfod.ubuntu.com /usr/bin/cmake /home/pi/robot_ws/src/robot/rplidar_ros -DCMAKE_INSTALL_PREFIX=/home/pi/robot_ws/install/rplidar_ros
[0.501s] -- Found ament_cmake: 2.5.4 (/opt/ros/jazzy/share/ament_cmake/cmake)
[0.693s] -- Override CMake install command with custom implementation using symlinks instead of copying resources
[0.700s] -- Found rclcpp: 28.1.13 (/opt/ros/jazzy/share/rclcpp/cmake)
[0.727s] -- Found rosidl_generator_c: 4.6.6 (/opt/ros/jazzy/share/rosidl_generator_c/cmake)
[0.735s] -- Found rosidl_generator_cpp: 4.6.6 (/opt/ros/jazzy/share/rosidl_generator_cpp/cmake)
[0.744s] -- Using all available rosidl_typesupport_c: rosidl_typesupport_fastrtps_c;rosidl_typesupport_introspection_c
[0.756s] -- Using all available rosidl_typesupport_cpp: rosidl_typesupport_fastrtps_cpp;rosidl_typesupport_introspection_cpp
[0.804s] -- Found rmw_implementation_cmake: 7.3.2 (/opt/ros/jazzy/share/rmw_implementation_cmake/cmake)
[0.805s] -- Found rmw_fastrtps_cpp: 8.4.3 (/opt/ros/jazzy/share/rmw_fastrtps_cpp/cmake)
[0.863s] -- Using RMW implementation 'rmw_fastrtps_cpp' as default
[0.917s] -- Found sensor_msgs: 5.3.6 (/opt/ros/jazzy/share/sensor_msgs/cmake)
[0.966s] -- Found std_srvs: 5.3.6 (/opt/ros/jazzy/share/std_srvs/cmake)
[1.081s] -- Configuring done (0.6s)
[1.103s] -- Generating done (0.0s)
[1.109s] -- Build files have been written to: /home/pi/robot_ws/build/rplidar_ros
[1.117s] Invoked command in '/home/pi/robot_ws/build/rplidar_ros' returned '0': CMAKE_PREFIX_PATH=${CMAKE_PREFIX_PATH}:/home/pi/robot_ws/install/ros2_aruco:/home/pi/robot_ws/install/ired_teleop:/home/pi/robot_ws/install/ired_movetogoal:/opt/ros/jazzy DEBUGINFOD_URLS=https://debuginfod.ubuntu.com /usr/bin/cmake /home/pi/robot_ws/src/robot/rplidar_ros -DCMAKE_INSTALL_PREFIX=/home/pi/robot_ws/install/rplidar_ros
[1.118s] Invoking command in '/home/pi/robot_ws/build/rplidar_ros': CMAKE_PREFIX_PATH=${CMAKE_PREFIX_PATH}:/home/pi/robot_ws/install/ros2_aruco:/home/pi/robot_ws/install/ired_teleop:/home/pi/robot_ws/install/ired_movetogoal:/opt/ros/jazzy DEBUGINFOD_URLS=https://debuginfod.ubuntu.com /usr/bin/cmake --build /home/pi/robot_ws/build/rplidar_ros -- -j16 -l16
[1.195s] [  5%] Built target rplidar_client
[1.199s] [ 52%] Built target rplidar_node
[1.201s] [100%] Built target rplidar_composition
[1.216s] Invoked command in '/home/pi/robot_ws/build/rplidar_ros' returned '0': CMAKE_PREFIX_PATH=${CMAKE_PREFIX_PATH}:/home/pi/robot_ws/install/ros2_aruco:/home/pi/robot_ws/install/ired_teleop:/home/pi/robot_ws/install/ired_movetogoal:/opt/ros/jazzy DEBUGINFOD_URLS=https://debuginfod.ubuntu.com /usr/bin/cmake --build /home/pi/robot_ws/build/rplidar_ros -- -j16 -l16
[1.217s] Invoking command in '/home/pi/robot_ws/build/rplidar_ros': CMAKE_PREFIX_PATH=${CMAKE_PREFIX_PATH}:/home/pi/robot_ws/install/ros2_aruco:/home/pi/robot_ws/install/ired_teleop:/home/pi/robot_ws/install/ired_movetogoal:/opt/ros/jazzy DEBUGINFOD_URLS=https://debuginfod.ubuntu.com /usr/bin/cmake --install /home/pi/robot_ws/build/rplidar_ros
[1.225s] -- Install configuration: ""
[1.225s] -- Execute custom install script
[1.226s] -- Up-to-date symlink: /home/pi/robot_ws/install/rplidar_ros/share/rplidar_ros/launch/rplidar_a1_launch.py
[1.226s] -- Up-to-date symlink: /home/pi/robot_ws/install/rplidar_ros/share/rplidar_ros/launch/view_rplidar_a1_launch.py
[1.227s] -- Up-to-date symlink: /home/pi/robot_ws/install/rplidar_ros/share/rplidar_ros/rviz/rplidar_ros.rviz
[1.227s] -- Up-to-date symlink: /home/pi/robot_ws/install/rplidar_ros/lib/rplidar_ros/rplidar_node
[1.227s] -- Up-to-date symlink: /home/pi/robot_ws/install/rplidar_ros/lib/rplidar_ros/rplidar_composition
[1.228s] -- Up-to-date symlink: /home/pi/robot_ws/install/rplidar_ros/lib/rplidar_ros/rplidar_client
[1.228s] -- Up-to-date symlink: /home/pi/robot_ws/install/rplidar_ros/share/ament_index/resource_index/package_run_dependencies/rplidar_ros
[1.228s] -- Up-to-date symlink: /home/pi/robot_ws/install/rplidar_ros/share/ament_index/resource_index/parent_prefix_path/rplidar_ros
[1.228s] -- Up-to-date symlink: /home/pi/robot_ws/install/rplidar_ros/share/rplidar_ros/environment/ament_prefix_path.sh
[1.228s] -- Up-to-date symlink: /home/pi/robot_ws/install/rplidar_ros/share/rplidar_ros/environment/ament_prefix_path.dsv
[1.229s] -- Up-to-date symlink: /home/pi/robot_ws/install/rplidar_ros/share/rplidar_ros/environment/path.sh
[1.229s] -- Up-to-date symlink: /home/pi/robot_ws/install/rplidar_ros/share/rplidar_ros/environment/path.dsv
[1.229s] -- Up-to-date symlink: /home/pi/robot_ws/install/rplidar_ros/share/rplidar_ros/local_setup.bash
[1.229s] -- Up-to-date symlink: /home/pi/robot_ws/install/rplidar_ros/share/rplidar_ros/local_setup.sh
[1.229s] -- Up-to-date symlink: /home/pi/robot_ws/install/rplidar_ros/share/rplidar_ros/local_setup.zsh
[1.229s] -- Up-to-date symlink: /home/pi/robot_ws/install/rplidar_ros/share/rplidar_ros/local_setup.dsv
[1.230s] -- Symlinking: /home/pi/robot_ws/install/rplidar_ros/share/rplidar_ros/package.dsv
[1.240s] -- Up-to-date symlink: /home/pi/robot_ws/install/rplidar_ros/share/ament_index/resource_index/packages/rplidar_ros
[1.240s] -- Up-to-date symlink: /home/pi/robot_ws/install/rplidar_ros/share/rplidar_ros/cmake/ament_cmake_export_dependencies-extras.cmake
[1.241s] -- Up-to-date symlink: /home/pi/robot_ws/install/rplidar_ros/share/rplidar_ros/cmake/ament_cmake_export_include_directories-extras.cmake
[1.241s] -- Up-to-date symlink: /home/pi/robot_ws/install/rplidar_ros/share/rplidar_ros/cmake/rplidar_rosConfig.cmake
[1.241s] -- Up-to-date symlink: /home/pi/robot_ws/install/rplidar_ros/share/rplidar_ros/cmake/rplidar_rosConfig-version.cmake
[1.241s] -- Up-to-date symlink: /home/pi/robot_ws/install/rplidar_ros/share/rplidar_ros/package.xml
[1.243s] Invoked command in '/home/pi/robot_ws/build/rplidar_ros' returned '0': CMAKE_PREFIX_PATH=${CMAKE_PREFIX_PATH}:/home/pi/robot_ws/install/ros2_aruco:/home/pi/robot_ws/install/ired_teleop:/home/pi/robot_ws/install/ired_movetogoal:/opt/ros/jazzy DEBUGINFOD_URLS=https://debuginfod.ubuntu.com /usr/bin/cmake --install /home/pi/robot_ws/build/rplidar_ros
