[3.777s] Invoking command in '/home/pp/Tawan-pe-/src/build/station_pkg': DEBUGINFOD_URLS=https://debuginfod.ubuntu.com PYTHONPATH=/home/pp/Tawan-pe-/src/build/station_pkg/prefix_override:/usr/lib/python3/dist-packages/colcon_core/task/python/colcon_distutils_commands:/home/pp/Tawan-pe-/src/install/station_pkg/lib/python3.12/site-packages:${PYTHONPATH} /usr/bin/python3 -W ignore:setup.py install is deprecated -W ignore:easy_install command is deprecated setup.py develop --editable --build-directory /home/pp/Tawan-pe-/src/build/station_pkg/build --no-deps symlink_data
[5.680s] running develop
[6.746s] running egg_info
[6.746s] creating station_pkg.egg-info
[6.931s] writing station_pkg.egg-info/PKG-INFO
[6.931s] writing dependency_links to station_pkg.egg-info/dependency_links.txt
[6.931s] writing entry points to station_pkg.egg-info/entry_points.txt
[6.932s] writing requirements to station_pkg.egg-info/requires.txt
[6.932s] writing top-level names to station_pkg.egg-info/top_level.txt
[6.932s] writing manifest file 'station_pkg.egg-info/SOURCES.txt'
[7.298s] reading manifest file 'station_pkg.egg-info/SOURCES.txt'
[7.311s] writing manifest file 'station_pkg.egg-info/SOURCES.txt'
[7.529s] running build_ext
[7.529s] Creating /home/pp/Tawan-pe-/src/install/station_pkg/lib/python3.12/site-packages/station-pkg.egg-link (link to .)
[7.529s] Installing station_detector script to /home/pp/Tawan-pe-/src/install/station_pkg/lib/station_pkg
[7.529s] 
[7.530s] Installed /home/pp/Tawan-pe-/src/build/station_pkg
[7.531s] running symlink_data
[7.535s] creating /home/pp/Tawan-pe-/src/install/station_pkg/share/ament_index
[7.535s] creating /home/pp/Tawan-pe-/src/install/station_pkg/share/ament_index/resource_index
[7.535s] creating /home/pp/Tawan-pe-/src/install/station_pkg/share/ament_index/resource_index/packages
[7.535s] symbolically linking /home/pp/Tawan-pe-/src/build/station_pkg/resource/station_pkg -> /home/pp/Tawan-pe-/src/install/station_pkg/share/ament_index/resource_index/packages
[7.535s] symbolically linking /home/pp/Tawan-pe-/src/build/station_pkg/package.xml -> /home/pp/Tawan-pe-/src/install/station_pkg/share/station_pkg
[8.014s] Invoked command in '/home/pp/Tawan-pe-/src/build/station_pkg' returned '0': DEBUGINFOD_URLS=https://debuginfod.ubuntu.com PYTHONPATH=/home/pp/Tawan-pe-/src/build/station_pkg/prefix_override:/usr/lib/python3/dist-packages/colcon_core/task/python/colcon_distutils_commands:/home/pp/Tawan-pe-/src/install/station_pkg/lib/python3.12/site-packages:${PYTHONPATH} /usr/bin/python3 -W ignore:setup.py install is deprecated -W ignore:easy_install command is deprecated setup.py develop --editable --build-directory /home/pp/Tawan-pe-/src/build/station_pkg/build --no-deps symlink_data
