[0.293s] Invoking command in '/home/pi/robot_ws/build/rplidar_ros': CMAKE_PREFIX_PATH=${CMAKE_PREFIX_PATH}:/home/pi/robot_ws/install/ired_teleop:/home/pi/robot_ws/install/ired_movetogoal:/opt/ros/jazzy DEBUGINFOD_URLS=https://debuginfod.ubuntu.com /usr/bin/cmake --build /home/pi/robot_ws/build/rplidar_ros -- -j16 -l16
[0.346s] [  5%] Built target rplidar_client
[0.351s] [ 52%] Built target rplidar_composition
[0.351s] [100%] Built target rplidar_node
[0.379s] Invoked command in '/home/pi/robot_ws/build/rplidar_ros' returned '0': CMAKE_PREFIX_PATH=${CMAKE_PREFIX_PATH}:/home/pi/robot_ws/install/ired_teleop:/home/pi/robot_ws/install/ired_movetogoal:/opt/ros/jazzy DEBUGINFOD_URLS=https://debuginfod.ubuntu.com /usr/bin/cmake --build /home/pi/robot_ws/build/rplidar_ros -- -j16 -l16
[0.380s] Invoking command in '/home/pi/robot_ws/build/rplidar_ros': CMAKE_PREFIX_PATH=${CMAKE_PREFIX_PATH}:/home/pi/robot_ws/install/ired_teleop:/home/pi/robot_ws/install/ired_movetogoal:/opt/ros/jazzy DEBUGINFOD_URLS=https://debuginfod.ubuntu.com /usr/bin/cmake --install /home/pi/robot_ws/build/rplidar_ros
[0.387s] -- Install configuration: ""
[0.387s] -- Execute custom install script
[0.388s] -- Up-to-date symlink: /home/pi/robot_ws/install/rplidar_ros/share/rplidar_ros/launch/rplidar_a1_launch.py
[0.388s] -- Up-to-date symlink: /home/pi/robot_ws/install/rplidar_ros/share/rplidar_ros/launch/view_rplidar_a1_launch.py
[0.388s] -- Up-to-date symlink: /home/pi/robot_ws/install/rplidar_ros/share/rplidar_ros/rviz/rplidar_ros.rviz
[0.388s] -- Up-to-date symlink: /home/pi/robot_ws/install/rplidar_ros/lib/rplidar_ros/rplidar_node
[0.388s] -- Up-to-date symlink: /home/pi/robot_ws/install/rplidar_ros/lib/rplidar_ros/rplidar_composition
[0.388s] -- Up-to-date symlink: /home/pi/robot_ws/install/rplidar_ros/lib/rplidar_ros/rplidar_client
[0.388s] -- Up-to-date symlink: /home/pi/robot_ws/install/rplidar_ros/share/ament_index/resource_index/package_run_dependencies/rplidar_ros
[0.388s] -- Up-to-date symlink: /home/pi/robot_ws/install/rplidar_ros/share/ament_index/resource_index/parent_prefix_path/rplidar_ros
[0.388s] -- Up-to-date symlink: /home/pi/robot_ws/install/rplidar_ros/share/rplidar_ros/environment/ament_prefix_path.sh
[0.388s] -- Up-to-date symlink: /home/pi/robot_ws/install/rplidar_ros/share/rplidar_ros/environment/ament_prefix_path.dsv
[0.389s] -- Up-to-date symlink: /home/pi/robot_ws/install/rplidar_ros/share/rplidar_ros/environment/path.sh
[0.389s] -- Up-to-date symlink: /home/pi/robot_ws/install/rplidar_ros/share/rplidar_ros/environment/path.dsv
[0.389s] -- Up-to-date symlink: /home/pi/robot_ws/install/rplidar_ros/share/rplidar_ros/local_setup.bash
[0.389s] -- Up-to-date symlink: /home/pi/robot_ws/install/rplidar_ros/share/rplidar_ros/local_setup.sh
[0.389s] -- Up-to-date symlink: /home/pi/robot_ws/install/rplidar_ros/share/rplidar_ros/local_setup.zsh
[0.389s] -- Up-to-date symlink: /home/pi/robot_ws/install/rplidar_ros/share/rplidar_ros/local_setup.dsv
[0.389s] -- Symlinking: /home/pi/robot_ws/install/rplidar_ros/share/rplidar_ros/package.dsv
[0.397s] -- Up-to-date symlink: /home/pi/robot_ws/install/rplidar_ros/share/ament_index/resource_index/packages/rplidar_ros
[0.398s] -- Up-to-date symlink: /home/pi/robot_ws/install/rplidar_ros/share/rplidar_ros/cmake/ament_cmake_export_dependencies-extras.cmake
[0.398s] -- Up-to-date symlink: /home/pi/robot_ws/install/rplidar_ros/share/rplidar_ros/cmake/ament_cmake_export_include_directories-extras.cmake
[0.398s] -- Up-to-date symlink: /home/pi/robot_ws/install/rplidar_ros/share/rplidar_ros/cmake/rplidar_rosConfig.cmake
[0.398s] -- Up-to-date symlink: /home/pi/robot_ws/install/rplidar_ros/share/rplidar_ros/cmake/rplidar_rosConfig-version.cmake
[0.398s] -- Up-to-date symlink: /home/pi/robot_ws/install/rplidar_ros/share/rplidar_ros/package.xml
[0.400s] Invoked command in '/home/pi/robot_ws/build/rplidar_ros' returned '0': CMAKE_PREFIX_PATH=${CMAKE_PREFIX_PATH}:/home/pi/robot_ws/install/ired_teleop:/home/pi/robot_ws/install/ired_movetogoal:/opt/ros/jazzy DEBUGINFOD_URLS=https://debuginfod.ubuntu.com /usr/bin/cmake --install /home/pi/robot_ws/build/rplidar_ros
