[0.876s] Invoking command in '/home/pp/Tawan-pe-/build/ros2_aruco_interfaces': CMAKE_PREFIX_PATH=${CMAKE_PREFIX_PATH}:/home/pp/Tawan-pe-/install/station_pkg:/home/pp/Tawan-pe-/install/ros2_aruco:/home/pp/Tawan-pe-/install/motion_control:/home/pp/Tawan-pe-/install/ired_teleop:/home/pp/Tawan-pe-/install/ired_movetogoal:/opt/ros/jazzy DEBUGINFOD_URLS=https://debuginfod.ubuntu.com /usr/bin/cmake /home/pp/Tawan-pe-/src/aruco_marker/ros2_aruco/ros2_aruco_interfaces -DCMAKE_INSTALL_PREFIX=/home/pp/Tawan-pe-/install/ros2_aruco_interfaces
[0.891s] -- Found ament_cmake: 2.5.4 (/opt/ros/jazzy/share/ament_cmake/cmake)
[0.930s] -- Found Python3: /usr/bin/python3 (found version "3.12.3") found components: Interpreter 
[1.063s] -- Override CMake install command with custom implementation using symlinks instead of copying resources
[1.075s] -- Found geometry_msgs: 5.3.6 (/opt/ros/jazzy/share/geometry_msgs/cmake)
[1.110s] -- Found rosidl_generator_c: 4.6.6 (/opt/ros/jazzy/share/rosidl_generator_c/cmake)
[1.124s] -- Found rosidl_generator_cpp: 4.6.6 (/opt/ros/jazzy/share/rosidl_generator_cpp/cmake)
[1.143s] -- Using all available rosidl_typesupport_c: rosidl_typesupport_fastrtps_c;rosidl_typesupport_introspection_c
[1.160s] -- Using all available rosidl_typesupport_cpp: rosidl_typesupport_fastrtps_cpp;rosidl_typesupport_introspection_cpp
[1.221s] -- Found rosidl_default_generators: 1.6.0 (/opt/ros/jazzy/share/rosidl_default_generators/cmake)
[1.234s] -- Found rosidl_adapter: 4.6.6 (/opt/ros/jazzy/share/rosidl_adapter/cmake)
[1.735s] -- Found ament_cmake_ros: 0.12.0 (/opt/ros/jazzy/share/ament_cmake_ros/cmake)
[2.170s] -- Using all available rosidl_typesupport_c: rosidl_typesupport_fastrtps_c;rosidl_typesupport_introspection_c
[2.331s] -- Using all available rosidl_typesupport_cpp: rosidl_typesupport_fastrtps_cpp;rosidl_typesupport_introspection_cpp
[2.332s] -- Found python_cmake_module: 0.11.1 (/opt/ros/jazzy/share/python_cmake_module/cmake)
[2.693s] -- Found Python3: /usr/bin/python3 (found version "3.12.3") found components: Interpreter Development NumPy Development.Module Development.Embed 
[2.746s] -- Found ament_lint_auto: 0.17.3 (/opt/ros/jazzy/share/ament_lint_auto/cmake)
[2.756s] -- Added test 'copyright' to check source files copyright and LICENSE
[2.757s] -- Added test 'lint_cmake' to check CMake code style
[2.758s] -- Added test 'xmllint' to check XML markup files
[2.762s] -- Configuring done (1.9s)
[2.801s] -- Generating done (0.0s)
[2.813s] -- Build files have been written to: /home/pp/Tawan-pe-/build/ros2_aruco_interfaces
[2.823s] Invoked command in '/home/pp/Tawan-pe-/build/ros2_aruco_interfaces' returned '0': CMAKE_PREFIX_PATH=${CMAKE_PREFIX_PATH}:/home/pp/Tawan-pe-/install/station_pkg:/home/pp/Tawan-pe-/install/ros2_aruco:/home/pp/Tawan-pe-/install/motion_control:/home/pp/Tawan-pe-/install/ired_teleop:/home/pp/Tawan-pe-/install/ired_movetogoal:/opt/ros/jazzy DEBUGINFOD_URLS=https://debuginfod.ubuntu.com /usr/bin/cmake /home/pp/Tawan-pe-/src/aruco_marker/ros2_aruco/ros2_aruco_interfaces -DCMAKE_INSTALL_PREFIX=/home/pp/Tawan-pe-/install/ros2_aruco_interfaces
[2.824s] Invoking command in '/home/pp/Tawan-pe-/build/ros2_aruco_interfaces': CMAKE_PREFIX_PATH=${CMAKE_PREFIX_PATH}:/home/pp/Tawan-pe-/install/station_pkg:/home/pp/Tawan-pe-/install/ros2_aruco:/home/pp/Tawan-pe-/install/motion_control:/home/pp/Tawan-pe-/install/ired_teleop:/home/pp/Tawan-pe-/install/ired_movetogoal:/opt/ros/jazzy DEBUGINFOD_URLS=https://debuginfod.ubuntu.com /usr/bin/cmake --build /home/pp/Tawan-pe-/build/ros2_aruco_interfaces -- -j12 -l12
[2.887s] [  2%] Built target ros2_aruco_interfaces__rosidl_generator_type_description
[2.914s] [  2%] Built target ament_cmake_python_symlink_ros2_aruco_interfaces
[2.914s] [ 17%] Built target ros2_aruco_interfaces__rosidl_generator_c
[2.915s] [ 20%] Built target ros2_aruco_interfaces__cpp
[2.960s] [ 29%] Built target ros2_aruco_interfaces__rosidl_typesupport_introspection_c
[2.961s] [ 38%] Built target ros2_aruco_interfaces__rosidl_typesupport_fastrtps_cpp
[2.964s] [ 47%] Built target ros2_aruco_interfaces__rosidl_typesupport_introspection_cpp
[2.967s] [ 55%] Built target ros2_aruco_interfaces__rosidl_typesupport_fastrtps_c
[2.967s] [ 64%] Built target ros2_aruco_interfaces__rosidl_typesupport_cpp
[2.971s] [ 73%] Built target ros2_aruco_interfaces__rosidl_typesupport_c
[3.002s] [ 73%] Built target ros2_aruco_interfaces
[3.031s] [ 76%] Built target ros2_aruco_interfaces__py
[3.060s] [ 82%] Built target ros2_aruco_interfaces__rosidl_generator_py
[3.094s] [ 88%] Built target ros2_aruco_interfaces_s__rosidl_typesupport_introspection_c
[3.094s] [ 94%] Built target ros2_aruco_interfaces_s__rosidl_typesupport_c
[3.101s] [100%] Built target ros2_aruco_interfaces_s__rosidl_typesupport_fastrtps_c
[3.178s] running egg_info
[3.197s] writing ros2_aruco_interfaces.egg-info/PKG-INFO
[3.197s] writing dependency_links to ros2_aruco_interfaces.egg-info/dependency_links.txt
[3.197s] writing top-level names to ros2_aruco_interfaces.egg-info/top_level.txt
[3.253s] reading manifest file 'ros2_aruco_interfaces.egg-info/SOURCES.txt'
[3.253s] writing manifest file 'ros2_aruco_interfaces.egg-info/SOURCES.txt'
[3.286s] [100%] Built target ament_cmake_python_build_ros2_aruco_interfaces_egg
[3.299s] Invoked command in '/home/pp/Tawan-pe-/build/ros2_aruco_interfaces' returned '0': CMAKE_PREFIX_PATH=${CMAKE_PREFIX_PATH}:/home/pp/Tawan-pe-/install/station_pkg:/home/pp/Tawan-pe-/install/ros2_aruco:/home/pp/Tawan-pe-/install/motion_control:/home/pp/Tawan-pe-/install/ired_teleop:/home/pp/Tawan-pe-/install/ired_movetogoal:/opt/ros/jazzy DEBUGINFOD_URLS=https://debuginfod.ubuntu.com /usr/bin/cmake --build /home/pp/Tawan-pe-/build/ros2_aruco_interfaces -- -j12 -l12
[3.300s] Invoking command in '/home/pp/Tawan-pe-/build/ros2_aruco_interfaces': CMAKE_PREFIX_PATH=${CMAKE_PREFIX_PATH}:/home/pp/Tawan-pe-/install/station_pkg:/home/pp/Tawan-pe-/install/ros2_aruco:/home/pp/Tawan-pe-/install/motion_control:/home/pp/Tawan-pe-/install/ired_teleop:/home/pp/Tawan-pe-/install/ired_movetogoal:/opt/ros/jazzy DEBUGINFOD_URLS=https://debuginfod.ubuntu.com /usr/bin/cmake --install /home/pp/Tawan-pe-/build/ros2_aruco_interfaces
[3.309s] -- Install configuration: ""
[3.309s] -- Execute custom install script
[3.309s] -- Up-to-date symlink: /home/pp/Tawan-pe-/install/ros2_aruco_interfaces/share/ament_index/resource_index/rosidl_interfaces/ros2_aruco_interfaces
[3.310s] -- Up-to-date symlink: /home/pp/Tawan-pe-/install/ros2_aruco_interfaces/share/ros2_aruco_interfaces/msg/ArucoMarkers.json
[3.310s] -- Up-to-date symlink: /home/pp/Tawan-pe-/install/ros2_aruco_interfaces/include/ros2_aruco_interfaces/ros2_aruco_interfaces/msg/aruco_markers.h
[3.310s] -- Up-to-date symlink: /home/pp/Tawan-pe-/install/ros2_aruco_interfaces/include/ros2_aruco_interfaces/ros2_aruco_interfaces/msg/detail/aruco_markers__functions.h
[3.311s] -- Up-to-date symlink: /home/pp/Tawan-pe-/install/ros2_aruco_interfaces/include/ros2_aruco_interfaces/ros2_aruco_interfaces/msg/detail/aruco_markers__struct.h
[3.311s] -- Up-to-date symlink: /home/pp/Tawan-pe-/install/ros2_aruco_interfaces/include/ros2_aruco_interfaces/ros2_aruco_interfaces/msg/detail/aruco_markers__type_support.h
[3.311s] -- Up-to-date symlink: /home/pp/Tawan-pe-/install/ros2_aruco_interfaces/include/ros2_aruco_interfaces/ros2_aruco_interfaces/msg/rosidl_generator_c__visibility_control.h
[3.311s] -- Up-to-date symlink: /home/pp/Tawan-pe-/install/ros2_aruco_interfaces/share/ros2_aruco_interfaces/environment/library_path.sh
[3.311s] -- Up-to-date symlink: /home/pp/Tawan-pe-/install/ros2_aruco_interfaces/share/ros2_aruco_interfaces/environment/library_path.dsv
[3.311s] -- Up-to-date symlink: /home/pp/Tawan-pe-/install/ros2_aruco_interfaces/include/ros2_aruco_interfaces/ros2_aruco_interfaces/msg/detail/aruco_markers__rosidl_typesupport_fastrtps_c.h
[3.311s] -- Up-to-date symlink: /home/pp/Tawan-pe-/install/ros2_aruco_interfaces/include/ros2_aruco_interfaces/ros2_aruco_interfaces/msg/rosidl_typesupport_fastrtps_c__visibility_control.h
[3.312s] -- Up-to-date symlink: /home/pp/Tawan-pe-/install/ros2_aruco_interfaces/include/ros2_aruco_interfaces/ros2_aruco_interfaces/msg/aruco_markers.hpp
[3.312s] -- Up-to-date symlink: /home/pp/Tawan-pe-/install/ros2_aruco_interfaces/include/ros2_aruco_interfaces/ros2_aruco_interfaces/msg/detail/aruco_markers__builder.hpp
[3.313s] -- Up-to-date symlink: /home/pp/Tawan-pe-/install/ros2_aruco_interfaces/include/ros2_aruco_interfaces/ros2_aruco_interfaces/msg/detail/aruco_markers__struct.hpp
[3.313s] -- Up-to-date symlink: /home/pp/Tawan-pe-/install/ros2_aruco_interfaces/include/ros2_aruco_interfaces/ros2_aruco_interfaces/msg/detail/aruco_markers__traits.hpp
[3.313s] -- Up-to-date symlink: /home/pp/Tawan-pe-/install/ros2_aruco_interfaces/include/ros2_aruco_interfaces/ros2_aruco_interfaces/msg/detail/aruco_markers__type_support.hpp
[3.313s] -- Up-to-date symlink: /home/pp/Tawan-pe-/install/ros2_aruco_interfaces/include/ros2_aruco_interfaces/ros2_aruco_interfaces/msg/rosidl_generator_cpp__visibility_control.hpp
[3.314s] -- Up-to-date symlink: /home/pp/Tawan-pe-/install/ros2_aruco_interfaces/include/ros2_aruco_interfaces/ros2_aruco_interfaces/msg/detail/aruco_markers__rosidl_typesupport_fastrtps_cpp.hpp
[3.314s] -- Up-to-date symlink: /home/pp/Tawan-pe-/install/ros2_aruco_interfaces/include/ros2_aruco_interfaces/ros2_aruco_interfaces/msg/rosidl_typesupport_fastrtps_cpp__visibility_control.h
[3.314s] -- Up-to-date symlink: /home/pp/Tawan-pe-/install/ros2_aruco_interfaces/include/ros2_aruco_interfaces/ros2_aruco_interfaces/msg/detail/aruco_markers__rosidl_typesupport_introspection_c.h
[3.314s] -- Up-to-date symlink: /home/pp/Tawan-pe-/install/ros2_aruco_interfaces/include/ros2_aruco_interfaces/ros2_aruco_interfaces/msg/rosidl_typesupport_introspection_c__visibility_control.h
[3.314s] -- Up-to-date symlink: /home/pp/Tawan-pe-/install/ros2_aruco_interfaces/include/ros2_aruco_interfaces/ros2_aruco_interfaces/msg/detail/aruco_markers__rosidl_typesupport_introspection_cpp.hpp
[3.314s] -- Up-to-date symlink: /home/pp/Tawan-pe-/install/ros2_aruco_interfaces/share/ros2_aruco_interfaces/environment/pythonpath.sh
[3.314s] -- Up-to-date symlink: /home/pp/Tawan-pe-/install/ros2_aruco_interfaces/share/ros2_aruco_interfaces/environment/pythonpath.dsv
[3.315s] -- Up-to-date symlink: /home/pp/Tawan-pe-/install/ros2_aruco_interfaces/lib/python3.12/site-packages/ros2_aruco_interfaces-0.1.0-py3.12.egg-info/PKG-INFO
[3.315s] -- Up-to-date symlink: /home/pp/Tawan-pe-/install/ros2_aruco_interfaces/lib/python3.12/site-packages/ros2_aruco_interfaces-0.1.0-py3.12.egg-info/SOURCES.txt
[3.315s] -- Up-to-date symlink: /home/pp/Tawan-pe-/install/ros2_aruco_interfaces/lib/python3.12/site-packages/ros2_aruco_interfaces-0.1.0-py3.12.egg-info/dependency_links.txt
[3.315s] -- Up-to-date symlink: /home/pp/Tawan-pe-/install/ros2_aruco_interfaces/lib/python3.12/site-packages/ros2_aruco_interfaces-0.1.0-py3.12.egg-info/top_level.txt
[3.315s] -- Up-to-date symlink: /home/pp/Tawan-pe-/install/ros2_aruco_interfaces/lib/python3.12/site-packages/ros2_aruco_interfaces/__init__.py
[3.315s] -- Up-to-date symlink: /home/pp/Tawan-pe-/install/ros2_aruco_interfaces/lib/python3.12/site-packages/ros2_aruco_interfaces/_ros2_aruco_interfaces_s.ep.rosidl_typesupport_c.c
[3.315s] -- Up-to-date symlink: /home/pp/Tawan-pe-/install/ros2_aruco_interfaces/lib/python3.12/site-packages/ros2_aruco_interfaces/_ros2_aruco_interfaces_s.ep.rosidl_typesupport_fastrtps_c.c
[3.316s] -- Up-to-date symlink: /home/pp/Tawan-pe-/install/ros2_aruco_interfaces/lib/python3.12/site-packages/ros2_aruco_interfaces/_ros2_aruco_interfaces_s.ep.rosidl_typesupport_introspection_c.c
[3.316s] -- Up-to-date symlink: /home/pp/Tawan-pe-/install/ros2_aruco_interfaces/lib/python3.12/site-packages/ros2_aruco_interfaces/msg/__init__.py
[3.316s] -- Up-to-date symlink: /home/pp/Tawan-pe-/install/ros2_aruco_interfaces/lib/python3.12/site-packages/ros2_aruco_interfaces/msg/_aruco_markers.py
[3.316s] -- Up-to-date symlink: /home/pp/Tawan-pe-/install/ros2_aruco_interfaces/lib/python3.12/site-packages/ros2_aruco_interfaces/msg/_aruco_markers_s.c
[3.316s] -- Up-to-date symlink: /home/pp/Tawan-pe-/install/ros2_aruco_interfaces/lib/python3.12/site-packages/ros2_aruco_interfaces/ros2_aruco_interfaces_s__rosidl_typesupport_c.so
[3.316s] -- Up-to-date symlink: /home/pp/Tawan-pe-/install/ros2_aruco_interfaces/lib/python3.12/site-packages/ros2_aruco_interfaces/ros2_aruco_interfaces_s__rosidl_typesupport_fastrtps_c.so
[3.316s] -- Up-to-date symlink: /home/pp/Tawan-pe-/install/ros2_aruco_interfaces/lib/python3.12/site-packages/ros2_aruco_interfaces/ros2_aruco_interfaces_s__rosidl_typesupport_introspection_c.so
[3.316s] -- Up-to-date symlink: /home/pp/Tawan-pe-/install/ros2_aruco_interfaces/lib/python3.12/site-packages/ros2_aruco_interfaces/ros2_aruco_interfaces_s__rosidl_typesupport_fastrtps_c.so
[3.316s] -- Up-to-date symlink: /home/pp/Tawan-pe-/install/ros2_aruco_interfaces/lib/python3.12/site-packages/ros2_aruco_interfaces/ros2_aruco_interfaces_s__rosidl_typesupport_introspection_c.so
[3.316s] -- Up-to-date symlink: /home/pp/Tawan-pe-/install/ros2_aruco_interfaces/lib/python3.12/site-packages/ros2_aruco_interfaces/ros2_aruco_interfaces_s__rosidl_typesupport_c.so
[3.316s] -- Up-to-date symlink: /home/pp/Tawan-pe-/install/ros2_aruco_interfaces/share/ros2_aruco_interfaces/msg/ArucoMarkers.idl
[3.317s] -- Up-to-date symlink: /home/pp/Tawan-pe-/install/ros2_aruco_interfaces/share/ros2_aruco_interfaces/msg/ArucoMarkers.msg
[3.317s] -- Up-to-date symlink: /home/pp/Tawan-pe-/install/ros2_aruco_interfaces/share/ament_index/resource_index/package_run_dependencies/ros2_aruco_interfaces
[3.317s] -- Up-to-date symlink: /home/pp/Tawan-pe-/install/ros2_aruco_interfaces/share/ament_index/resource_index/parent_prefix_path/ros2_aruco_interfaces
[3.317s] -- Up-to-date symlink: /home/pp/Tawan-pe-/install/ros2_aruco_interfaces/share/ros2_aruco_interfaces/environment/ament_prefix_path.sh
[3.317s] -- Up-to-date symlink: /home/pp/Tawan-pe-/install/ros2_aruco_interfaces/share/ros2_aruco_interfaces/environment/ament_prefix_path.dsv
[3.317s] -- Up-to-date symlink: /home/pp/Tawan-pe-/install/ros2_aruco_interfaces/share/ros2_aruco_interfaces/environment/path.sh
[3.317s] -- Up-to-date symlink: /home/pp/Tawan-pe-/install/ros2_aruco_interfaces/share/ros2_aruco_interfaces/environment/path.dsv
[3.317s] -- Up-to-date symlink: /home/pp/Tawan-pe-/install/ros2_aruco_interfaces/share/ros2_aruco_interfaces/local_setup.bash
[3.317s] -- Up-to-date symlink: /home/pp/Tawan-pe-/install/ros2_aruco_interfaces/share/ros2_aruco_interfaces/local_setup.sh
[3.318s] -- Up-to-date symlink: /home/pp/Tawan-pe-/install/ros2_aruco_interfaces/share/ros2_aruco_interfaces/local_setup.zsh
[3.318s] -- Up-to-date symlink: /home/pp/Tawan-pe-/install/ros2_aruco_interfaces/share/ros2_aruco_interfaces/local_setup.dsv
[3.318s] -- Symlinking: /home/pp/Tawan-pe-/install/ros2_aruco_interfaces/share/ros2_aruco_interfaces/package.dsv
[3.326s] -- Up-to-date symlink: /home/pp/Tawan-pe-/install/ros2_aruco_interfaces/share/ament_index/resource_index/packages/ros2_aruco_interfaces
[3.326s] -- Up-to-date symlink: /home/pp/Tawan-pe-/install/ros2_aruco_interfaces/share/ros2_aruco_interfaces/cmake/rosidl_cmake-extras.cmake
[3.326s] -- Up-to-date symlink: /home/pp/Tawan-pe-/install/ros2_aruco_interfaces/share/ros2_aruco_interfaces/cmake/ament_cmake_export_dependencies-extras.cmake
[3.326s] -- Up-to-date symlink: /home/pp/Tawan-pe-/install/ros2_aruco_interfaces/share/ros2_aruco_interfaces/cmake/ament_cmake_export_include_directories-extras.cmake
[3.327s] -- Up-to-date symlink: /home/pp/Tawan-pe-/install/ros2_aruco_interfaces/share/ros2_aruco_interfaces/cmake/ament_cmake_export_libraries-extras.cmake
[3.327s] -- Up-to-date symlink: /home/pp/Tawan-pe-/install/ros2_aruco_interfaces/share/ros2_aruco_interfaces/cmake/ament_cmake_export_targets-extras.cmake
[3.327s] -- Up-to-date symlink: /home/pp/Tawan-pe-/install/ros2_aruco_interfaces/share/ros2_aruco_interfaces/cmake/rosidl_cmake_export_typesupport_targets-extras.cmake
[3.327s] -- Up-to-date symlink: /home/pp/Tawan-pe-/install/ros2_aruco_interfaces/share/ros2_aruco_interfaces/cmake/rosidl_cmake_export_typesupport_libraries-extras.cmake
[3.327s] -- Up-to-date symlink: /home/pp/Tawan-pe-/install/ros2_aruco_interfaces/share/ros2_aruco_interfaces/cmake/ros2_aruco_interfacesConfig.cmake
[3.327s] -- Up-to-date symlink: /home/pp/Tawan-pe-/install/ros2_aruco_interfaces/share/ros2_aruco_interfaces/cmake/ros2_aruco_interfacesConfig-version.cmake
[3.328s] -- Up-to-date symlink: /home/pp/Tawan-pe-/install/ros2_aruco_interfaces/share/ros2_aruco_interfaces/package.xml
[3.328s] -- Up-to-date: /home/pp/Tawan-pe-/install/ros2_aruco_interfaces/lib/libros2_aruco_interfaces__rosidl_generator_c.so
[3.328s] -- Up-to-date: /home/pp/Tawan-pe-/install/ros2_aruco_interfaces/lib/libros2_aruco_interfaces__rosidl_typesupport_fastrtps_c.so
[3.329s] -- Up-to-date: /home/pp/Tawan-pe-/install/ros2_aruco_interfaces/lib/libros2_aruco_interfaces__rosidl_typesupport_fastrtps_cpp.so
[3.329s] -- Up-to-date: /home/pp/Tawan-pe-/install/ros2_aruco_interfaces/lib/libros2_aruco_interfaces__rosidl_typesupport_introspection_c.so
[3.329s] -- Up-to-date: /home/pp/Tawan-pe-/install/ros2_aruco_interfaces/lib/libros2_aruco_interfaces__rosidl_typesupport_c.so
[3.329s] -- Up-to-date: /home/pp/Tawan-pe-/install/ros2_aruco_interfaces/lib/libros2_aruco_interfaces__rosidl_typesupport_introspection_cpp.so
[3.330s] -- Up-to-date: /home/pp/Tawan-pe-/install/ros2_aruco_interfaces/lib/libros2_aruco_interfaces__rosidl_typesupport_cpp.so
[3.363s] Listing '/home/pp/Tawan-pe-/install/ros2_aruco_interfaces/lib/python3.12/site-packages/ros2_aruco_interfaces'...
[3.364s] Compiling '/home/pp/Tawan-pe-/install/ros2_aruco_interfaces/lib/python3.12/site-packages/ros2_aruco_interfaces/__init__.py'...
[3.364s] Listing '/home/pp/Tawan-pe-/install/ros2_aruco_interfaces/lib/python3.12/site-packages/ros2_aruco_interfaces/msg'...
[3.369s] -- Up-to-date: /home/pp/Tawan-pe-/install/ros2_aruco_interfaces/lib/libros2_aruco_interfaces__rosidl_generator_py.so
[3.369s] -- Up-to-date: /home/pp/Tawan-pe-/install/ros2_aruco_interfaces/share/ros2_aruco_interfaces/cmake/export_ros2_aruco_interfaces__rosidl_generator_cExport.cmake
[3.369s] -- Up-to-date: /home/pp/Tawan-pe-/install/ros2_aruco_interfaces/share/ros2_aruco_interfaces/cmake/export_ros2_aruco_interfaces__rosidl_generator_cExport-noconfig.cmake
[3.370s] -- Up-to-date: /home/pp/Tawan-pe-/install/ros2_aruco_interfaces/share/ros2_aruco_interfaces/cmake/export_ros2_aruco_interfaces__rosidl_typesupport_fastrtps_cExport.cmake
[3.370s] -- Up-to-date: /home/pp/Tawan-pe-/install/ros2_aruco_interfaces/share/ros2_aruco_interfaces/cmake/export_ros2_aruco_interfaces__rosidl_typesupport_fastrtps_cExport-noconfig.cmake
[3.370s] -- Up-to-date: /home/pp/Tawan-pe-/install/ros2_aruco_interfaces/share/ros2_aruco_interfaces/cmake/export_ros2_aruco_interfaces__rosidl_generator_cppExport.cmake
[3.370s] -- Up-to-date: /home/pp/Tawan-pe-/install/ros2_aruco_interfaces/share/ros2_aruco_interfaces/cmake/export_ros2_aruco_interfaces__rosidl_typesupport_fastrtps_cppExport.cmake
[3.370s] -- Up-to-date: /home/pp/Tawan-pe-/install/ros2_aruco_interfaces/share/ros2_aruco_interfaces/cmake/export_ros2_aruco_interfaces__rosidl_typesupport_fastrtps_cppExport-noconfig.cmake
[3.370s] -- Up-to-date: /home/pp/Tawan-pe-/install/ros2_aruco_interfaces/share/ros2_aruco_interfaces/cmake/ros2_aruco_interfaces__rosidl_typesupport_introspection_cExport.cmake
[3.370s] -- Up-to-date: /home/pp/Tawan-pe-/install/ros2_aruco_interfaces/share/ros2_aruco_interfaces/cmake/ros2_aruco_interfaces__rosidl_typesupport_introspection_cExport-noconfig.cmake
[3.370s] -- Up-to-date: /home/pp/Tawan-pe-/install/ros2_aruco_interfaces/share/ros2_aruco_interfaces/cmake/ros2_aruco_interfaces__rosidl_typesupport_cExport.cmake
[3.370s] -- Up-to-date: /home/pp/Tawan-pe-/install/ros2_aruco_interfaces/share/ros2_aruco_interfaces/cmake/ros2_aruco_interfaces__rosidl_typesupport_cExport-noconfig.cmake
[3.370s] -- Up-to-date: /home/pp/Tawan-pe-/install/ros2_aruco_interfaces/share/ros2_aruco_interfaces/cmake/ros2_aruco_interfaces__rosidl_typesupport_introspection_cppExport.cmake
[3.370s] -- Up-to-date: /home/pp/Tawan-pe-/install/ros2_aruco_interfaces/share/ros2_aruco_interfaces/cmake/ros2_aruco_interfaces__rosidl_typesupport_introspection_cppExport-noconfig.cmake
[3.371s] -- Up-to-date: /home/pp/Tawan-pe-/install/ros2_aruco_interfaces/share/ros2_aruco_interfaces/cmake/ros2_aruco_interfaces__rosidl_typesupport_cppExport.cmake
[3.371s] -- Up-to-date: /home/pp/Tawan-pe-/install/ros2_aruco_interfaces/share/ros2_aruco_interfaces/cmake/ros2_aruco_interfaces__rosidl_typesupport_cppExport-noconfig.cmake
[3.371s] -- Up-to-date: /home/pp/Tawan-pe-/install/ros2_aruco_interfaces/share/ros2_aruco_interfaces/cmake/export_ros2_aruco_interfaces__rosidl_generator_pyExport.cmake
[3.371s] -- Up-to-date: /home/pp/Tawan-pe-/install/ros2_aruco_interfaces/share/ros2_aruco_interfaces/cmake/export_ros2_aruco_interfaces__rosidl_generator_pyExport-noconfig.cmake
[3.373s] Invoked command in '/home/pp/Tawan-pe-/build/ros2_aruco_interfaces' returned '0': CMAKE_PREFIX_PATH=${CMAKE_PREFIX_PATH}:/home/pp/Tawan-pe-/install/station_pkg:/home/pp/Tawan-pe-/install/ros2_aruco:/home/pp/Tawan-pe-/install/motion_control:/home/pp/Tawan-pe-/install/ired_teleop:/home/pp/Tawan-pe-/install/ired_movetogoal:/opt/ros/jazzy DEBUGINFOD_URLS=https://debuginfod.ubuntu.com /usr/bin/cmake --install /home/pp/Tawan-pe-/build/ros2_aruco_interfaces
