[3.092s] Invoking command in '/home/pp/Tawan-pe-/build/motion_control': DEBUGINFOD_URLS=https://debuginfod.ubuntu.com PYTHONPATH=/home/pp/Tawan-pe-/build/motion_control/prefix_override:/usr/lib/python3/dist-packages/colcon_core/task/python/colcon_distutils_commands:/home/pp/Tawan-pe-/install/motion_control/lib/python3.12/site-packages:${PYTHONPATH} /usr/bin/python3 -W ignore:setup.py install is deprecated -W ignore:easy_install command is deprecated setup.py develop --uninstall --editable --build-directory /home/pp/Tawan-pe-/build/motion_control/build
[4.069s] running develop
[4.593s] Removing /home/pp/Tawan-pe-/install/motion_control/lib/python3.12/site-packages/motion-control.egg-link (link to .)
[5.089s] Invoked command in '/home/pp/Tawan-pe-/build/motion_control' returned '0': DEBUGINFOD_URLS=https://debuginfod.ubuntu.com PYTHONPATH=/home/pp/Tawan-pe-/build/motion_control/prefix_override:/usr/lib/python3/dist-packages/colcon_core/task/python/colcon_distutils_commands:/home/pp/Tawan-pe-/install/motion_control/lib/python3.12/site-packages:${PYTHONPATH} /usr/bin/python3 -W ignore:setup.py install is deprecated -W ignore:easy_install command is deprecated setup.py develop --uninstall --editable --build-directory /home/pp/Tawan-pe-/build/motion_control/build
[5.090s] Invoking command in '/home/pp/Tawan-pe-/src/robot/motion_control': DEBUGINFOD_URLS=https://debuginfod.ubuntu.com PYTHONPATH=/home/pp/Tawan-pe-/build/motion_control/prefix_override:/usr/lib/python3/dist-packages/colcon_core/task/python/colcon_distutils_commands:/home/pp/Tawan-pe-/install/motion_control/lib/python3.12/site-packages:${PYTHONPATH} /usr/bin/python3 -W ignore:setup.py install is deprecated -W ignore:easy_install command is deprecated setup.py egg_info --egg-base ../../../build/motion_control build --build-base /home/pp/Tawan-pe-/build/motion_control/build install --record /home/pp/Tawan-pe-/build/motion_control/install.log --single-version-externally-managed install_data --force
[5.668s] running egg_info
[5.697s] writing ../../../build/motion_control/motion_control.egg-info/PKG-INFO
[5.698s] writing dependency_links to ../../../build/motion_control/motion_control.egg-info/dependency_links.txt
[5.698s] writing entry points to ../../../build/motion_control/motion_control.egg-info/entry_points.txt
[5.698s] writing requirements to ../../../build/motion_control/motion_control.egg-info/requires.txt
[5.698s] writing top-level names to ../../../build/motion_control/motion_control.egg-info/top_level.txt
[5.759s] reading manifest file '../../../build/motion_control/motion_control.egg-info/SOURCES.txt'
[5.761s] writing manifest file '../../../build/motion_control/motion_control.egg-info/SOURCES.txt'
[5.761s] running build
[5.762s] running build_py
[5.762s] running install
[5.770s] running install_lib
[5.799s] creating /home/pp/Tawan-pe-/install/motion_control/lib/python3.12/site-packages/motion_control
[5.800s] copying /home/pp/Tawan-pe-/build/motion_control/build/lib/motion_control/omni_docking_controller.py -> /home/pp/Tawan-pe-/install/motion_control/lib/python3.12/site-packages/motion_control
[5.800s] copying /home/pp/Tawan-pe-/build/motion_control/build/lib/motion_control/__init__.py -> /home/pp/Tawan-pe-/install/motion_control/lib/python3.12/site-packages/motion_control
[5.801s] byte-compiling /home/pp/Tawan-pe-/install/motion_control/lib/python3.12/site-packages/motion_control/omni_docking_controller.py to omni_docking_controller.cpython-312.pyc
[5.803s] byte-compiling /home/pp/Tawan-pe-/install/motion_control/lib/python3.12/site-packages/motion_control/__init__.py to __init__.cpython-312.pyc
[5.803s] running install_data
[5.804s] copying resource/motion_control -> /home/pp/Tawan-pe-/install/motion_control/share/ament_index/resource_index/packages
[5.804s] copying package.xml -> /home/pp/Tawan-pe-/install/motion_control/share/motion_control
[5.804s] running install_egg_info
[5.834s] Copying ../../../build/motion_control/motion_control.egg-info to /home/pp/Tawan-pe-/install/motion_control/lib/python3.12/site-packages/motion_control-0.0.0-py3.12.egg-info
[5.836s] running install_scripts
[6.058s] Installing omni_docking_controller script to /home/pp/Tawan-pe-/install/motion_control/lib/motion_control
[6.059s] writing list of installed files to '/home/pp/Tawan-pe-/build/motion_control/install.log'
[6.102s] Invoked command in '/home/pp/Tawan-pe-/src/robot/motion_control' returned '0': DEBUGINFOD_URLS=https://debuginfod.ubuntu.com PYTHONPATH=/home/pp/Tawan-pe-/build/motion_control/prefix_override:/usr/lib/python3/dist-packages/colcon_core/task/python/colcon_distutils_commands:/home/pp/Tawan-pe-/install/motion_control/lib/python3.12/site-packages:${PYTHONPATH} /usr/bin/python3 -W ignore:setup.py install is deprecated -W ignore:easy_install command is deprecated setup.py egg_info --egg-base ../../../build/motion_control build --build-base /home/pp/Tawan-pe-/build/motion_control/build install --record /home/pp/Tawan-pe-/build/motion_control/install.log --single-version-externally-managed install_data --force
