[1.725s] Invoking command in '/home/pp/Tawan-pe-/src/aruco_marker/ros2_aruco/ros2_aruco': DEBUGINFOD_URLS=https://debuginfod.ubuntu.com PYTHONPATH=/home/pp/Tawan-pe-/build/ros2_aruco/prefix_override:/usr/lib/python3/dist-packages/colcon_core/task/python/colcon_distutils_commands:/home/pp/Tawan-pe-/install/ros2_aruco/lib/python3.12/site-packages:${PYTHONPATH} /usr/bin/python3 -W ignore:setup.py install is deprecated -W ignore:easy_install command is deprecated setup.py egg_info --egg-base ../../../../build/ros2_aruco build --build-base /home/pp/Tawan-pe-/build/ros2_aruco/build install --record /home/pp/Tawan-pe-/build/ros2_aruco/install.log --single-version-externally-managed install_data
[2.052s] running egg_info
[2.075s] writing ../../../../build/ros2_aruco/ros2_aruco.egg-info/PKG-INFO
[2.076s] writing dependency_links to ../../../../build/ros2_aruco/ros2_aruco.egg-info/dependency_links.txt
[2.076s] writing entry points to ../../../../build/ros2_aruco/ros2_aruco.egg-info/entry_points.txt
[2.076s] writing requirements to ../../../../build/ros2_aruco/ros2_aruco.egg-info/requires.txt
[2.076s] writing top-level names to ../../../../build/ros2_aruco/ros2_aruco.egg-info/top_level.txt
[2.127s] reading manifest file '../../../../build/ros2_aruco/ros2_aruco.egg-info/SOURCES.txt'
[2.128s] writing manifest file '../../../../build/ros2_aruco/ros2_aruco.egg-info/SOURCES.txt'
[2.128s] running build
[2.129s] running build_py
[2.129s] running install
[2.135s] running install_lib
[2.158s] running install_data
[2.158s] running install_egg_info
[2.183s] removing '/home/pp/Tawan-pe-/install/ros2_aruco/lib/python3.12/site-packages/ros2_aruco-0.1.0-py3.12.egg-info' (and everything under it)
[2.185s] Copying ../../../../build/ros2_aruco/ros2_aruco.egg-info to /home/pp/Tawan-pe-/install/ros2_aruco/lib/python3.12/site-packages/ros2_aruco-0.1.0-py3.12.egg-info
[2.188s] running install_scripts
[2.347s] Installing aruco_generate_marker script to /home/pp/Tawan-pe-/install/ros2_aruco/lib/ros2_aruco
[2.347s] Installing aruco_node script to /home/pp/Tawan-pe-/install/ros2_aruco/lib/ros2_aruco
[2.347s] writing list of installed files to '/home/pp/Tawan-pe-/build/ros2_aruco/install.log'
[2.396s] Invoked command in '/home/pp/Tawan-pe-/src/aruco_marker/ros2_aruco/ros2_aruco' returned '0': DEBUGINFOD_URLS=https://debuginfod.ubuntu.com PYTHONPATH=/home/pp/Tawan-pe-/build/ros2_aruco/prefix_override:/usr/lib/python3/dist-packages/colcon_core/task/python/colcon_distutils_commands:/home/pp/Tawan-pe-/install/ros2_aruco/lib/python3.12/site-packages:${PYTHONPATH} /usr/bin/python3 -W ignore:setup.py install is deprecated -W ignore:easy_install command is deprecated setup.py egg_info --egg-base ../../../../build/ros2_aruco build --build-base /home/pp/Tawan-pe-/build/ros2_aruco/build install --record /home/pp/Tawan-pe-/build/ros2_aruco/install.log --single-version-externally-managed install_data
