[1.616s] Invoking command in '/home/pp/Tawan-pe-/src/robot/motion_control': DEBUGINFOD_URLS=https://debuginfod.ubuntu.com PYTHONPATH=/home/pp/Tawan-pe-/build/motion_control/prefix_override:/usr/lib/python3/dist-packages/colcon_core/task/python/colcon_distutils_commands:/home/pp/Tawan-pe-/install/motion_control/lib/python3.12/site-packages:${PYTHONPATH} /usr/bin/python3 -W ignore:setup.py install is deprecated -W ignore:easy_install command is deprecated setup.py egg_info --egg-base ../../../build/motion_control build --build-base /home/pp/Tawan-pe-/build/motion_control/build install --record /home/pp/Tawan-pe-/build/motion_control/install.log --single-version-externally-managed install_data
[1.937s] running egg_info
[1.960s] writing ../../../build/motion_control/motion_control.egg-info/PKG-INFO
[1.960s] writing dependency_links to ../../../build/motion_control/motion_control.egg-info/dependency_links.txt
[1.960s] writing entry points to ../../../build/motion_control/motion_control.egg-info/entry_points.txt
[1.960s] writing requirements to ../../../build/motion_control/motion_control.egg-info/requires.txt
[1.960s] writing top-level names to ../../../build/motion_control/motion_control.egg-info/top_level.txt
[2.010s] reading manifest file '../../../build/motion_control/motion_control.egg-info/SOURCES.txt'
[2.010s] writing manifest file '../../../build/motion_control/motion_control.egg-info/SOURCES.txt'
[2.011s] running build
[2.011s] running build_py
[2.011s] running install
[2.017s] running install_lib
[2.039s] running install_data
[2.040s] running install_egg_info
[2.062s] removing '/home/pp/Tawan-pe-/install/motion_control/lib/python3.12/site-packages/motion_control-0.0.0-py3.12.egg-info' (and everything under it)
[2.062s] Copying ../../../build/motion_control/motion_control.egg-info to /home/pp/Tawan-pe-/install/motion_control/lib/python3.12/site-packages/motion_control-0.0.0-py3.12.egg-info
[2.063s] running install_scripts
[2.219s] Installing omni_docking_controller script to /home/pp/Tawan-pe-/install/motion_control/lib/motion_control
[2.223s] writing list of installed files to '/home/pp/Tawan-pe-/build/motion_control/install.log'
[2.266s] Invoked command in '/home/pp/Tawan-pe-/src/robot/motion_control' returned '0': DEBUGINFOD_URLS=https://debuginfod.ubuntu.com PYTHONPATH=/home/pp/Tawan-pe-/build/motion_control/prefix_override:/usr/lib/python3/dist-packages/colcon_core/task/python/colcon_distutils_commands:/home/pp/Tawan-pe-/install/motion_control/lib/python3.12/site-packages:${PYTHONPATH} /usr/bin/python3 -W ignore:setup.py install is deprecated -W ignore:easy_install command is deprecated setup.py egg_info --egg-base ../../../build/motion_control build --build-base /home/pp/Tawan-pe-/build/motion_control/build install --record /home/pp/Tawan-pe-/build/motion_control/install.log --single-version-externally-managed install_data
