[0.071s] Invoking command in '/home/pp/Tawan-pe-/build/ired_aruco': CMAKE_PREFIX_PATH=${CMAKE_PREFIX_PATH}:/home/pp/Tawan-pe-/install/station_manager:/home/pp/Tawan-pe-/install/station_pkg:/home/pp/Tawan-pe-/install/ros2_aruco:/home/pp/Tawan-pe-/install/motion_control:/home/pp/Tawan-pe-/install/ired_teleop:/home/pp/Tawan-pe-/install/ired_movetogoal:/opt/ros/jazzy DEBUGINFOD_URLS=https://debuginfod.ubuntu.com /usr/bin/cmake /home/pp/Tawan-pe-/src/aruco_marker/ired_aruco -DCMAKE_INSTALL_PREFIX=/home/pp/Tawan-pe-/install/ired_aruco
[1.921s] -- Found ament_cmake: 2.5.4 (/opt/ros/jazzy/share/ament_cmake/cmake)
[1.921s] -- Override CMake install command with custom implementation using symlinks instead of copying resources
[1.921s] -- Found rclpy: 7.1.6 (/opt/ros/jazzy/share/rclpy/cmake)
[1.921s] -- Found ros2_aruco_interfaces: 0.1.0 (/home/pp/Tawan-pe-/install/ros2_aruco_interfaces/share/ros2_aruco_interfaces/cmake)
[1.922s] -- Found rosidl_generator_c: 4.6.6 (/opt/ros/jazzy/share/rosidl_generator_c/cmake)
[1.922s] -- Found rosidl_generator_cpp: 4.6.6 (/opt/ros/jazzy/share/rosidl_generator_cpp/cmake)
[1.922s] -- Using all available rosidl_typesupport_c: rosidl_typesupport_fastrtps_c;rosidl_typesupport_introspection_c
[1.923s] -- Using all available rosidl_typesupport_cpp: rosidl_typesupport_fastrtps_cpp;rosidl_typesupport_introspection_cpp
[1.923s] -- Configuring done (1.0s)
[1.923s] -- Generating done (0.0s)
[1.923s] -- Build files have been written to: /home/pp/Tawan-pe-/build/ired_aruco
[1.930s] Invoked command in '/home/pp/Tawan-pe-/build/ired_aruco' returned '0': CMAKE_PREFIX_PATH=${CMAKE_PREFIX_PATH}:/home/pp/Tawan-pe-/install/station_manager:/home/pp/Tawan-pe-/install/station_pkg:/home/pp/Tawan-pe-/install/ros2_aruco:/home/pp/Tawan-pe-/install/motion_control:/home/pp/Tawan-pe-/install/ired_teleop:/home/pp/Tawan-pe-/install/ired_movetogoal:/opt/ros/jazzy DEBUGINFOD_URLS=https://debuginfod.ubuntu.com /usr/bin/cmake /home/pp/Tawan-pe-/src/aruco_marker/ired_aruco -DCMAKE_INSTALL_PREFIX=/home/pp/Tawan-pe-/install/ired_aruco
[1.931s] Invoking command in '/home/pp/Tawan-pe-/build/ired_aruco': CMAKE_PREFIX_PATH=${CMAKE_PREFIX_PATH}:/home/pp/Tawan-pe-/install/station_manager:/home/pp/Tawan-pe-/install/station_pkg:/home/pp/Tawan-pe-/install/ros2_aruco:/home/pp/Tawan-pe-/install/motion_control:/home/pp/Tawan-pe-/install/ired_teleop:/home/pp/Tawan-pe-/install/ired_movetogoal:/opt/ros/jazzy DEBUGINFOD_URLS=https://debuginfod.ubuntu.com /usr/bin/cmake --build /home/pp/Tawan-pe-/build/ired_aruco -- -j12 -l12
[2.004s] Invoked command in '/home/pp/Tawan-pe-/build/ired_aruco' returned '0': CMAKE_PREFIX_PATH=${CMAKE_PREFIX_PATH}:/home/pp/Tawan-pe-/install/station_manager:/home/pp/Tawan-pe-/install/station_pkg:/home/pp/Tawan-pe-/install/ros2_aruco:/home/pp/Tawan-pe-/install/motion_control:/home/pp/Tawan-pe-/install/ired_teleop:/home/pp/Tawan-pe-/install/ired_movetogoal:/opt/ros/jazzy DEBUGINFOD_URLS=https://debuginfod.ubuntu.com /usr/bin/cmake --build /home/pp/Tawan-pe-/build/ired_aruco -- -j12 -l12
[2.023s] Invoking command in '/home/pp/Tawan-pe-/build/ired_aruco': CMAKE_PREFIX_PATH=${CMAKE_PREFIX_PATH}:/home/pp/Tawan-pe-/install/station_manager:/home/pp/Tawan-pe-/install/station_pkg:/home/pp/Tawan-pe-/install/ros2_aruco:/home/pp/Tawan-pe-/install/motion_control:/home/pp/Tawan-pe-/install/ired_teleop:/home/pp/Tawan-pe-/install/ired_movetogoal:/opt/ros/jazzy DEBUGINFOD_URLS=https://debuginfod.ubuntu.com /usr/bin/cmake --install /home/pp/Tawan-pe-/build/ired_aruco
[2.041s] -- Install configuration: ""
[2.041s] -- Execute custom install script
[2.041s] -- Up-to-date symlink: /home/pp/Tawan-pe-/install/ired_aruco/share/ired_aruco/launch/aruco_detect.launch.py
[2.042s] -- Up-to-date symlink: /home/pp/Tawan-pe-/install/ired_aruco/share/ired_aruco/rviz/aruco.rviz
[2.043s] -- Up-to-date symlink: /home/pp/Tawan-pe-/install/ired_aruco/share/ired_aruco/config/camera_calibration/ost.txt
[2.046s] -- Up-to-date symlink: /home/pp/Tawan-pe-/install/ired_aruco/share/ired_aruco/config/camera_calibration/ost.yaml
[2.046s] -- Up-to-date symlink: /home/pp/Tawan-pe-/install/ired_aruco/share/ament_index/resource_index/package_run_dependencies/ired_aruco
[2.047s] -- Up-to-date symlink: /home/pp/Tawan-pe-/install/ired_aruco/share/ament_index/resource_index/parent_prefix_path/ired_aruco
[2.047s] -- Up-to-date symlink: /home/pp/Tawan-pe-/install/ired_aruco/share/ired_aruco/environment/ament_prefix_path.sh
[2.047s] -- Up-to-date symlink: /home/pp/Tawan-pe-/install/ired_aruco/share/ired_aruco/environment/ament_prefix_path.dsv
[2.050s] -- Up-to-date symlink: /home/pp/Tawan-pe-/install/ired_aruco/share/ired_aruco/environment/path.sh
[2.051s] -- Up-to-date symlink: /home/pp/Tawan-pe-/install/ired_aruco/share/ired_aruco/environment/path.dsv
[2.051s] -- Up-to-date symlink: /home/pp/Tawan-pe-/install/ired_aruco/share/ired_aruco/local_setup.bash
[2.051s] -- Up-to-date symlink: /home/pp/Tawan-pe-/install/ired_aruco/share/ired_aruco/local_setup.sh
[2.055s] -- Up-to-date symlink: /home/pp/Tawan-pe-/install/ired_aruco/share/ired_aruco/local_setup.zsh
[2.055s] -- Up-to-date symlink: /home/pp/Tawan-pe-/install/ired_aruco/share/ired_aruco/local_setup.dsv
[2.055s] -- Symlinking: /home/pp/Tawan-pe-/install/ired_aruco/share/ired_aruco/package.dsv
[2.073s] -- Up-to-date symlink: /home/pp/Tawan-pe-/install/ired_aruco/share/ament_index/resource_index/packages/ired_aruco
[2.073s] -- Up-to-date symlink: /home/pp/Tawan-pe-/install/ired_aruco/share/ired_aruco/cmake/ired_arucoConfig.cmake
[2.075s] -- Up-to-date symlink: /home/pp/Tawan-pe-/install/ired_aruco/share/ired_aruco/cmake/ired_arucoConfig-version.cmake
[2.077s] -- Up-to-date symlink: /home/pp/Tawan-pe-/install/ired_aruco/share/ired_aruco/package.xml
[2.079s] Invoked command in '/home/pp/Tawan-pe-/build/ired_aruco' returned '0': CMAKE_PREFIX_PATH=${CMAKE_PREFIX_PATH}:/home/pp/Tawan-pe-/install/station_manager:/home/pp/Tawan-pe-/install/station_pkg:/home/pp/Tawan-pe-/install/ros2_aruco:/home/pp/Tawan-pe-/install/motion_control:/home/pp/Tawan-pe-/install/ired_teleop:/home/pp/Tawan-pe-/install/ired_movetogoal:/opt/ros/jazzy DEBUGINFOD_URLS=https://debuginfod.ubuntu.com /usr/bin/cmake --install /home/pp/Tawan-pe-/build/ired_aruco
