[1.178s] Invoking command in '/home/pi/robot_ws/build/ired_teleop': DEBUGINFOD_URLS=https://debuginfod.ubuntu.com PYTHONPATH=/home/pi/robot_ws/build/ired_teleop/prefix_override:/usr/lib/python3/dist-packages/colcon_core/task/python/colcon_distutils_commands:/home/pi/robot_ws/install/ired_teleop/lib/python3.12/site-packages:${PYTHONPATH} /usr/bin/python3 -W ignore:setup.py install is deprecated -W ignore:easy_install command is deprecated setup.py develop --editable --build-directory /home/pi/robot_ws/build/ired_teleop/build --no-deps symlink_data
[1.380s] Traceback (most recent call last):
[1.380s]   File "/home/pi/robot_ws/build/ired_teleop/setup.py", line 5, in <module>
[1.380s]     setup(
[1.381s]   File "/usr/lib/python3/dist-packages/setuptools/__init__.py", line 107, in setup
[1.382s]     return distutils.core.setup(**attrs)
[1.382s]            ^^^^^^^^^^^^^^^^^^^^^^^^^^^^^
[1.382s]   File "/usr/lib/python3/dist-packages/setuptools/_distutils/core.py", line 172, in setup
[1.382s]     ok = dist.parse_command_line()
[1.382s]          ^^^^^^^^^^^^^^^^^^^^^^^^^
[1.382s]   File "/usr/lib/python3/dist-packages/setuptools/_distutils/dist.py", line 475, in parse_command_line
[1.383s]     args = self._parse_command_opts(parser, args)
[1.383s]            ^^^^^^^^^^^^^^^^^^^^^^^^^^^^^^^^^^^^^^
[1.383s]   File "/usr/lib/python3/dist-packages/setuptools/dist.py", line 1133, in _parse_command_opts
[1.383s]     nargs = _Distribution._parse_command_opts(self, parser, args)
[1.384s]             ^^^^^^^^^^^^^^^^^^^^^^^^^^^^^^^^^^^^^^^^^^^^^^^^^^^^^
[1.384s]   File "/usr/lib/python3/dist-packages/setuptools/_distutils/dist.py", line 534, in _parse_command_opts
[1.384s]     cmd_class = self.get_command_class(command)
[1.384s]                 ^^^^^^^^^^^^^^^^^^^^^^^^^^^^^^^
[1.384s]   File "/usr/lib/python3/dist-packages/setuptools/dist.py", line 980, in get_command_class
[1.386s]     self.cmdclass[command] = cmdclass = ep.load()
[1.386s]                                         ^^^^^^^^^
[1.386s]   File "/usr/lib/python3.12/importlib/metadata/__init__.py", line 205, in load
[1.386s]     module = import_module(match.group('module'))
[1.386s]              ^^^^^^^^^^^^^^^^^^^^^^^^^^^^^^^^^^^^
[1.386s]   File "/usr/lib/python3.12/importlib/__init__.py", line 90, in import_module
[1.386s]     return _bootstrap._gcd_import(name[level:], package, level)
[1.386s]            ^^^^^^^^^^^^^^^^^^^^^^^^^^^^^^^^^^^^^^^^^^^^^^^^^^^^
[1.386s]   File "<frozen importlib._bootstrap>", line 1387, in _gcd_import
[1.386s]   File "<frozen importlib._bootstrap>", line 1360, in _find_and_load
[1.386s]   File "<frozen importlib._bootstrap>", line 1331, in _find_and_load_unlocked
[1.386s]   File "<frozen importlib._bootstrap>", line 935, in _load_unlocked
[1.386s]   File "<frozen importlib._bootstrap_external>", line 995, in exec_module
[1.387s]   File "<frozen importlib._bootstrap>", line 488, in _call_with_frames_removed
[1.387s]   File "/usr/lib/python3/dist-packages/setuptools/command/develop.py", line 8, in <module>
[1.387s]     from setuptools.command.easy_install import easy_install
[1.387s]   File "/usr/lib/python3/dist-packages/setuptools/command/easy_install.py", line 50, in <module>
[1.387s]     from setuptools.sandbox import run_setup
[1.387s]   File "/usr/lib/python3/dist-packages/setuptools/sandbox.py", line 13, in <module>
[1.387s]     import pkg_resources
[1.387s]   File "/usr/lib/python3/dist-packages/pkg_resources/__init__.py", line 3327, in <module>
[1.388s]     @_call_aside
[1.388s]      ^^^^^^^^^^^
[1.388s]   File "/usr/lib/python3/dist-packages/pkg_resources/__init__.py", line 3302, in _call_aside
[1.388s]     f(*args, **kwargs)
[1.388s]   File "/usr/lib/python3/dist-packages/pkg_resources/__init__.py", line 3360, in _initialize_master_working_set
[1.390s]     list(map(working_set.add_entry, sys.path))
[1.390s]   File "/usr/lib/python3/dist-packages/pkg_resources/__init__.py", line 671, in add_entry
[1.390s]     for dist in find_distributions(entry, True):
[1.390s]   File "/usr/lib/python3/dist-packages/pkg_resources/__init__.py", line 2134, in find_on_path
[1.390s]     for dist in factory(fullpath):
[1.390s]   File "/usr/lib/python3/dist-packages/pkg_resources/__init__.py", line 2192, in distributions_from_metadata
[1.390s]     if len(os.listdir(path)) == 0:
[1.390s]            ^^^^^^^^^^^^^^^^
[1.390s] KeyboardInterrupt
[1.416s] Invoked command in '/home/pi/robot_ws/build/ired_teleop' returned '-2': DEBUGINFOD_URLS=https://debuginfod.ubuntu.com PYTHONPATH=/home/pi/robot_ws/build/ired_teleop/prefix_override:/usr/lib/python3/dist-packages/colcon_core/task/python/colcon_distutils_commands:/home/pi/robot_ws/install/ired_teleop/lib/python3.12/site-packages:${PYTHONPATH} /usr/bin/python3 -W ignore:setup.py install is deprecated -W ignore:easy_install command is deprecated setup.py develop --editable --build-directory /home/pi/robot_ws/build/ired_teleop/build --no-deps symlink_data
