[0.288s] Invoking command in '/home/pp/Tawan-pe-/src/build/ired_rviz': CMAKE_PREFIX_PATH=${CMAKE_PREFIX_PATH}:/home/pp/Tawan-pe-/install/station_pkg:/home/pp/Tawan-pe-/install/ros2_aruco:/home/pp/Tawan-pe-/install/motion_control:/home/pp/Tawan-pe-/install/ired_teleop:/home/pp/Tawan-pe-/install/ired_movetogoal:/opt/ros/jazzy DEBUGINFOD_URLS=https://debuginfod.ubuntu.com /usr/bin/cmake /home/pp/Tawan-pe-/src/robot/ired_rviz -DAMENT_CMAKE_SYMLINK_INSTALL=1 -DCMAKE_INSTALL_PREFIX=/home/pp/Tawan-pe-/src/install/ired_rviz
[1.198s] -- The C compiler identification is GNU 13.3.0
[1.199s] -- The CXX compiler identification is GNU 13.3.0
[1.199s] -- Detecting C compiler ABI info
[1.199s] -- Detecting C compiler ABI info - done
[1.199s] -- Check for working C compiler: /usr/bin/cc - skipped
[1.199s] -- Detecting C compile features
[1.199s] -- Detecting C compile features - done
[1.199s] -- Detecting CXX compiler ABI info
[1.199s] -- Detecting CXX compiler ABI info - done
[1.199s] -- Check for working CXX compiler: /usr/bin/c++ - skipped
[1.199s] -- Detecting CXX compile features
[1.199s] -- Detecting CXX compile features - done
[1.199s] -- Found ament_cmake: 2.5.4 (/opt/ros/jazzy/share/ament_cmake/cmake)
[1.199s] -- Found Python3: /usr/bin/python3 (found version "3.12.3") found components: Interpreter 
[1.199s] -- Override CMake install command with custom implementation using symlinks instead of copying resources
[1.272s] -- Configuring done (1.0s)
[1.279s] -- Generating done (0.0s)
[1.284s] -- Build files have been written to: /home/pp/Tawan-pe-/src/build/ired_rviz
[1.300s] Invoked command in '/home/pp/Tawan-pe-/src/build/ired_rviz' returned '0': CMAKE_PREFIX_PATH=${CMAKE_PREFIX_PATH}:/home/pp/Tawan-pe-/install/station_pkg:/home/pp/Tawan-pe-/install/ros2_aruco:/home/pp/Tawan-pe-/install/motion_control:/home/pp/Tawan-pe-/install/ired_teleop:/home/pp/Tawan-pe-/install/ired_movetogoal:/opt/ros/jazzy DEBUGINFOD_URLS=https://debuginfod.ubuntu.com /usr/bin/cmake /home/pp/Tawan-pe-/src/robot/ired_rviz -DAMENT_CMAKE_SYMLINK_INSTALL=1 -DCMAKE_INSTALL_PREFIX=/home/pp/Tawan-pe-/src/install/ired_rviz
[1.300s] Invoking command in '/home/pp/Tawan-pe-/src/build/ired_rviz': CMAKE_PREFIX_PATH=${CMAKE_PREFIX_PATH}:/home/pp/Tawan-pe-/install/station_pkg:/home/pp/Tawan-pe-/install/ros2_aruco:/home/pp/Tawan-pe-/install/motion_control:/home/pp/Tawan-pe-/install/ired_teleop:/home/pp/Tawan-pe-/install/ired_movetogoal:/opt/ros/jazzy DEBUGINFOD_URLS=https://debuginfod.ubuntu.com /usr/bin/cmake --build /home/pp/Tawan-pe-/src/build/ired_rviz -- -j12 -l12
[1.398s] Invoked command in '/home/pp/Tawan-pe-/src/build/ired_rviz' returned '0': CMAKE_PREFIX_PATH=${CMAKE_PREFIX_PATH}:/home/pp/Tawan-pe-/install/station_pkg:/home/pp/Tawan-pe-/install/ros2_aruco:/home/pp/Tawan-pe-/install/motion_control:/home/pp/Tawan-pe-/install/ired_teleop:/home/pp/Tawan-pe-/install/ired_movetogoal:/opt/ros/jazzy DEBUGINFOD_URLS=https://debuginfod.ubuntu.com /usr/bin/cmake --build /home/pp/Tawan-pe-/src/build/ired_rviz -- -j12 -l12
[1.398s] Invoking command in '/home/pp/Tawan-pe-/src/build/ired_rviz': CMAKE_PREFIX_PATH=${CMAKE_PREFIX_PATH}:/home/pp/Tawan-pe-/install/station_pkg:/home/pp/Tawan-pe-/install/ros2_aruco:/home/pp/Tawan-pe-/install/motion_control:/home/pp/Tawan-pe-/install/ired_teleop:/home/pp/Tawan-pe-/install/ired_movetogoal:/opt/ros/jazzy DEBUGINFOD_URLS=https://debuginfod.ubuntu.com /usr/bin/cmake --install /home/pp/Tawan-pe-/src/build/ired_rviz
[1.419s] -- Install configuration: ""
[1.420s] -- Execute custom install script
[1.420s] -- Symlinking: /home/pp/Tawan-pe-/src/install/ired_rviz/share/ired_rviz/launch/navigation.launch.py
[1.453s] -- Symlinking: /home/pp/Tawan-pe-/src/install/ired_rviz/share/ired_rviz/launch/slam.launch.py
[1.484s] -- Symlinking: /home/pp/Tawan-pe-/src/install/ired_rviz/share/ired_rviz/rviz/bringup.rviz
[1.506s] -- Symlinking: /home/pp/Tawan-pe-/src/install/ired_rviz/share/ired_rviz/rviz/navi.rviz
[1.533s] -- Symlinking: /home/pp/Tawan-pe-/src/install/ired_rviz/share/ired_rviz/rviz/robot_urdf.rviz
[1.552s] -- Symlinking: /home/pp/Tawan-pe-/src/install/ired_rviz/share/ired_rviz/rviz/slam.rviz
[1.573s] -- Symlinking: /home/pp/Tawan-pe-/src/install/ired_rviz/share/ament_index/resource_index/package_run_dependencies/ired_rviz
[1.604s] -- Symlinking: /home/pp/Tawan-pe-/src/install/ired_rviz/share/ament_index/resource_index/parent_prefix_path/ired_rviz
[1.637s] -- Symlinking: /home/pp/Tawan-pe-/src/install/ired_rviz/share/ired_rviz/environment/ament_prefix_path.sh
[1.664s] -- Symlinking: /home/pp/Tawan-pe-/src/install/ired_rviz/share/ired_rviz/environment/ament_prefix_path.dsv
[1.689s] -- Symlinking: /home/pp/Tawan-pe-/src/install/ired_rviz/share/ired_rviz/environment/path.sh
[1.708s] -- Symlinking: /home/pp/Tawan-pe-/src/install/ired_rviz/share/ired_rviz/environment/path.dsv
[1.721s] -- Symlinking: /home/pp/Tawan-pe-/src/install/ired_rviz/share/ired_rviz/local_setup.bash
[1.743s] -- Symlinking: /home/pp/Tawan-pe-/src/install/ired_rviz/share/ired_rviz/local_setup.sh
[1.775s] -- Symlinking: /home/pp/Tawan-pe-/src/install/ired_rviz/share/ired_rviz/local_setup.zsh
[1.801s] -- Symlinking: /home/pp/Tawan-pe-/src/install/ired_rviz/share/ired_rviz/local_setup.dsv
[1.856s] -- Symlinking: /home/pp/Tawan-pe-/src/install/ired_rviz/share/ired_rviz/package.dsv
[1.886s] -- Symlinking: /home/pp/Tawan-pe-/src/install/ired_rviz/share/ament_index/resource_index/packages/ired_rviz
[1.971s] -- Symlinking: /home/pp/Tawan-pe-/src/install/ired_rviz/share/ired_rviz/cmake/ired_rvizConfig.cmake
[2.066s] -- Symlinking: /home/pp/Tawan-pe-/src/install/ired_rviz/share/ired_rviz/cmake/ired_rvizConfig-version.cmake
[2.124s] -- Symlinking: /home/pp/Tawan-pe-/src/install/ired_rviz/share/ired_rviz/package.xml
[2.989s] Invoked command in '/home/pp/Tawan-pe-/src/build/ired_rviz' returned '0': CMAKE_PREFIX_PATH=${CMAKE_PREFIX_PATH}:/home/pp/Tawan-pe-/install/station_pkg:/home/pp/Tawan-pe-/install/ros2_aruco:/home/pp/Tawan-pe-/install/motion_control:/home/pp/Tawan-pe-/install/ired_teleop:/home/pp/Tawan-pe-/install/ired_movetogoal:/opt/ros/jazzy DEBUGINFOD_URLS=https://debuginfod.ubuntu.com /usr/bin/cmake --install /home/pp/Tawan-pe-/src/build/ired_rviz
