Traceback (most recent call last):
  File "/home/pi/robot_ws/build/ros2_aruco/setup.py", line 7, in <module>
    setup(
  File "/usr/lib/python3/dist-packages/setuptools/__init__.py", line 107, in setup
    return distutils.core.setup(**attrs)
           ^^^^^^^^^^^^^^^^^^^^^^^^^^^^^
  File "/usr/lib/python3/dist-packages/setuptools/_distutils/core.py", line 172, in setup
    ok = dist.parse_command_line()
         ^^^^^^^^^^^^^^^^^^^^^^^^^
  File "/usr/lib/python3/dist-packages/setuptools/_distutils/dist.py", line 475, in parse_command_line
    args = self._parse_command_opts(parser, args)
           ^^^^^^^^^^^^^^^^^^^^^^^^^^^^^^^^^^^^^^
  File "/usr/lib/python3/dist-packages/setuptools/dist.py", line 1133, in _parse_command_opts
    nargs = _Distribution._parse_command_opts(self, parser, args)
            ^^^^^^^^^^^^^^^^^^^^^^^^^^^^^^^^^^^^^^^^^^^^^^^^^^^^^
  File "/usr/lib/python3/dist-packages/setuptools/_distutils/dist.py", line 534, in _parse_command_opts
    cmd_class = self.get_command_class(command)
                ^^^^^^^^^^^^^^^^^^^^^^^^^^^^^^^
  File "/usr/lib/python3/dist-packages/setuptools/dist.py", line 980, in get_command_class
    self.cmdclass[command] = cmdclass = ep.load()
                                        ^^^^^^^^^
  File "/usr/lib/python3.12/importlib/metadata/__init__.py", line 205, in load
    module = import_module(match.group('module'))
             ^^^^^^^^^^^^^^^^^^^^^^^^^^^^^^^^^^^^
  File "/usr/lib/python3.12/importlib/__init__.py", line 90, in import_module
    return _bootstrap._gcd_import(name[level:], package, level)
           ^^^^^^^^^^^^^^^^^^^^^^^^^^^^^^^^^^^^^^^^^^^^^^^^^^^^
  File "<frozen importlib._bootstrap>", line 1387, in _gcd_import
  File "<frozen importlib._bootstrap>", line 1360, in _find_and_load
  File "<frozen importlib._bootstrap>", line 1331, in _find_and_load_unlocked
  File "<frozen importlib._bootstrap>", line 935, in _load_unlocked
  File "<frozen importlib._bootstrap_external>", line 995, in exec_module
  File "<frozen importlib._bootstrap>", line 488, in _call_with_frames_removed
  File "/usr/lib/python3/dist-packages/setuptools/command/develop.py", line 8, in <module>
    from setuptools.command.easy_install import easy_install
  File "/usr/lib/python3/dist-packages/setuptools/command/easy_install.py", line 50, in <module>
    from setuptools.sandbox import run_setup
  File "/usr/lib/python3/dist-packages/setuptools/sandbox.py", line 13, in <module>
    import pkg_resources
  File "/usr/lib/python3/dist-packages/pkg_resources/__init__.py", line 3327, in <module>
    @_call_aside
     ^^^^^^^^^^^
  File "/usr/lib/python3/dist-packages/pkg_resources/__init__.py", line 3302, in _call_aside
    f(*args, **kwargs)
  File "/usr/lib/python3/dist-packages/pkg_resources/__init__.py", line 3340, in _initialize_master_working_set
    working_set = WorkingSet._build_master()
                  ^^^^^^^^^^^^^^^^^^^^^^^^^^
  File "/usr/lib/python3/dist-packages/pkg_resources/__init__.py", line 622, in _build_master
    ws = cls()
         ^^^^^
  File "/usr/lib/python3/dist-packages/pkg_resources/__init__.py", line 615, in __init__
    self.add_entry(entry)
  File "/usr/lib/python3/dist-packages/pkg_resources/__init__.py", line 671, in add_entry
    for dist in find_distributions(entry, True):
  File "/usr/lib/python3/dist-packages/pkg_resources/__init__.py", line 2134, in find_on_path
    for dist in factory(fullpath):
  File "/usr/lib/python3/dist-packages/pkg_resources/__init__.py", line 2199, in distributions_from_metadata
    yield Distribution.from_location(
          ^^^^^^^^^^^^^^^^^^^^^^^^^^^
  File "/usr/lib/python3/dist-packages/pkg_resources/__init__.py", line 2673, in from_location
    )._reload_version()
      ^^^^^^^^^^^^^^^^^
  File "/usr/lib/python3/dist-packages/pkg_resources/__init__.py", line 3081, in _reload_version
    md_version = self._get_version()
                 ^^^^^^^^^^^^^^^^^^^
  File "/usr/lib/python3/dist-packages/pkg_resources/__init__.py", line 2858, in _get_version
    version = _version_from_file(lines)
              ^^^^^^^^^^^^^^^^^^^^^^^^^
  File "/usr/lib/python3/dist-packages/pkg_resources/__init__.py", line 2624, in _version_from_file
    line = next(iter(version_lines), '')
           ^^^^^^^^^^^^^^^^^^^^^^^^^^^^^
  File "/usr/lib/python3/dist-packages/pkg_resources/__init__.py", line 2852, in _get_metadata
    if self.has_metadata(name):
       ^^^^^^^^^^^^^^^^^^^^^^^
  File "/usr/lib/python3/dist-packages/pkg_resources/__init__.py", line 1513, in has_metadata
    return self._has(path)
           ^^^^^^^^^^^^^^^
  File "/usr/lib/python3/dist-packages/pkg_resources/__init__.py", line 1715, in _has
    return os.path.exists(path)
           ^^^^^^^^^^^^^^^^^^^^
  File "<frozen genericpath>", line 19, in exists
KeyboardInterrupt
