[2.570s] Invoking command in '/home/pp/Tawan-pe-/src/robot/motion_control': DEBUGINFOD_URLS=https://debuginfod.ubuntu.com PYTHONPATH=/home/pp/Tawan-pe-/build/motion_control/prefix_override:/usr/lib/python3/dist-packages/colcon_core/task/python/colcon_distutils_commands:/home/pp/Tawan-pe-/install/motion_control/lib/python3.12/site-packages:${PYTHONPATH} /usr/bin/python3 -W ignore:setup.py install is deprecated -W ignore:easy_install command is deprecated setup.py egg_info --egg-base ../../../build/motion_control build --build-base /home/pp/Tawan-pe-/build/motion_control/build install --record /home/pp/Tawan-pe-/build/motion_control/install.log --single-version-externally-managed install_data
[2.813s] running egg_info
[2.830s] writing ../../../build/motion_control/motion_control.egg-info/PKG-INFO
[2.830s] writing dependency_links to ../../../build/motion_control/motion_control.egg-info/dependency_links.txt
[2.830s] writing entry points to ../../../build/motion_control/motion_control.egg-info/entry_points.txt
[2.830s] writing requirements to ../../../build/motion_control/motion_control.egg-info/requires.txt
[2.830s] writing top-level names to ../../../build/motion_control/motion_control.egg-info/top_level.txt
[2.865s] reading manifest file '../../../build/motion_control/motion_control.egg-info/SOURCES.txt'
[2.866s] writing manifest file '../../../build/motion_control/motion_control.egg-info/SOURCES.txt'
[2.866s] running build
[2.866s] running build_py
[2.866s] running install
[2.871s] running install_lib
[2.888s] running install_data
[2.888s] running install_egg_info
[2.906s] removing '/home/pp/Tawan-pe-/install/motion_control/lib/python3.12/site-packages/motion_control-0.0.0-py3.12.egg-info' (and everything under it)
[2.906s] Copying ../../../build/motion_control/motion_control.egg-info to /home/pp/Tawan-pe-/install/motion_control/lib/python3.12/site-packages/motion_control-0.0.0-py3.12.egg-info
[2.907s] running install_scripts
[3.025s] Installing omni_docking_controller script to /home/pp/Tawan-pe-/install/motion_control/lib/motion_control
[3.025s] writing list of installed files to '/home/pp/Tawan-pe-/build/motion_control/install.log'
[3.082s] Invoked command in '/home/pp/Tawan-pe-/src/robot/motion_control' returned '0': DEBUGINFOD_URLS=https://debuginfod.ubuntu.com PYTHONPATH=/home/pp/Tawan-pe-/build/motion_control/prefix_override:/usr/lib/python3/dist-packages/colcon_core/task/python/colcon_distutils_commands:/home/pp/Tawan-pe-/install/motion_control/lib/python3.12/site-packages:${PYTHONPATH} /usr/bin/python3 -W ignore:setup.py install is deprecated -W ignore:easy_install command is deprecated setup.py egg_info --egg-base ../../../build/motion_control build --build-base /home/pp/Tawan-pe-/build/motion_control/build install --record /home/pp/Tawan-pe-/build/motion_control/install.log --single-version-externally-managed install_data
