[1.349s] Invoking command in '/home/pi/robot_ws/build/ired_teleop': DEBUGINFOD_URLS=https://debuginfod.ubuntu.com PYTHONPATH=/home/pi/robot_ws/build/ired_teleop/prefix_override:/usr/lib/python3/dist-packages/colcon_core/task/python/colcon_distutils_commands:/home/pi/robot_ws/install/ired_teleop/lib/python3.12/site-packages:${PYTHONPATH} /usr/bin/python3 -W ignore:setup.py install is deprecated -W ignore:easy_install command is deprecated setup.py develop --editable --build-directory /home/pi/robot_ws/build/ired_teleop/build --no-deps symlink_data
[1.660s] running develop
[2.012s] running egg_info
[2.012s] creating ired_teleop.egg-info
[2.051s] writing ired_teleop.egg-info/PKG-INFO
[2.051s] writing dependency_links to ired_teleop.egg-info/dependency_links.txt
[2.052s] writing entry points to ired_teleop.egg-info/entry_points.txt
[2.052s] writing requirements to ired_teleop.egg-info/requires.txt
[2.052s] writing top-level names to ired_teleop.egg-info/top_level.txt
[2.052s] writing manifest file 'ired_teleop.egg-info/SOURCES.txt'
[2.118s] reading manifest file 'ired_teleop.egg-info/SOURCES.txt'
[2.119s] writing manifest file 'ired_teleop.egg-info/SOURCES.txt'
[2.150s] running build_ext
[2.150s] Creating /home/pi/robot_ws/install/ired_teleop/lib/python3.12/site-packages/ired-teleop.egg-link (link to .)
[2.155s] Installing teleop_keyboard script to /home/pi/robot_ws/install/ired_teleop/lib/ired_teleop
[2.155s] 
[2.155s] Installed /home/pi/robot_ws/build/ired_teleop
[2.155s] running symlink_data
[2.155s] creating /home/pi/robot_ws/install/ired_teleop/share/ament_index
[2.155s] creating /home/pi/robot_ws/install/ired_teleop/share/ament_index/resource_index
[2.155s] creating /home/pi/robot_ws/install/ired_teleop/share/ament_index/resource_index/packages
[2.155s] symbolically linking /home/pi/robot_ws/build/ired_teleop/resource/ired_teleop -> /home/pi/robot_ws/install/ired_teleop/share/ament_index/resource_index/packages
[2.155s] symbolically linking /home/pi/robot_ws/build/ired_teleop/package.xml -> /home/pi/robot_ws/install/ired_teleop/share/ired_teleop
[2.272s] Invoked command in '/home/pi/robot_ws/build/ired_teleop' returned '0': DEBUGINFOD_URLS=https://debuginfod.ubuntu.com PYTHONPATH=/home/pi/robot_ws/build/ired_teleop/prefix_override:/usr/lib/python3/dist-packages/colcon_core/task/python/colcon_distutils_commands:/home/pi/robot_ws/install/ired_teleop/lib/python3.12/site-packages:${PYTHONPATH} /usr/bin/python3 -W ignore:setup.py install is deprecated -W ignore:easy_install command is deprecated setup.py develop --editable --build-directory /home/pi/robot_ws/build/ired_teleop/build --no-deps symlink_data
