[0.492s] Invoking command in '/home/pp/Tawan-pe-/build/ired_navigation': CMAKE_PREFIX_PATH=${CMAKE_PREFIX_PATH}:/home/pp/Tawan-pe-/install/station_manager:/home/pp/Tawan-pe-/install/station_pkg:/home/pp/Tawan-pe-/install/ros2_aruco:/home/pp/Tawan-pe-/install/motion_control:/home/pp/Tawan-pe-/install/ired_teleop:/home/pp/Tawan-pe-/install/ired_movetogoal:/opt/ros/jazzy DEBUGINFOD_URLS=https://debuginfod.ubuntu.com /usr/bin/cmake /home/pp/Tawan-pe-/src/robot/ired_navigation -DCMAKE_INSTALL_PREFIX=/home/pp/Tawan-pe-/install/ired_navigation
[1.911s] -- Found ament_cmake: 2.5.4 (/opt/ros/jazzy/share/ament_cmake/cmake)
[1.911s] -- Override CMake install command with custom implementation using symlinks instead of copying resources
[1.911s] -- Configuring done (0.8s)
[1.911s] -- Generating done (0.0s)
[1.912s] -- Build files have been written to: /home/pp/Tawan-pe-/build/ired_navigation
[1.918s] Invoked command in '/home/pp/Tawan-pe-/build/ired_navigation' returned '0': CMAKE_PREFIX_PATH=${CMAKE_PREFIX_PATH}:/home/pp/Tawan-pe-/install/station_manager:/home/pp/Tawan-pe-/install/station_pkg:/home/pp/Tawan-pe-/install/ros2_aruco:/home/pp/Tawan-pe-/install/motion_control:/home/pp/Tawan-pe-/install/ired_teleop:/home/pp/Tawan-pe-/install/ired_movetogoal:/opt/ros/jazzy DEBUGINFOD_URLS=https://debuginfod.ubuntu.com /usr/bin/cmake /home/pp/Tawan-pe-/src/robot/ired_navigation -DCMAKE_INSTALL_PREFIX=/home/pp/Tawan-pe-/install/ired_navigation
[1.919s] Invoking command in '/home/pp/Tawan-pe-/build/ired_navigation': CMAKE_PREFIX_PATH=${CMAKE_PREFIX_PATH}:/home/pp/Tawan-pe-/install/station_manager:/home/pp/Tawan-pe-/install/station_pkg:/home/pp/Tawan-pe-/install/ros2_aruco:/home/pp/Tawan-pe-/install/motion_control:/home/pp/Tawan-pe-/install/ired_teleop:/home/pp/Tawan-pe-/install/ired_movetogoal:/opt/ros/jazzy DEBUGINFOD_URLS=https://debuginfod.ubuntu.com /usr/bin/cmake --build /home/pp/Tawan-pe-/build/ired_navigation -- -j12 -l12
[2.016s] Invoked command in '/home/pp/Tawan-pe-/build/ired_navigation' returned '0': CMAKE_PREFIX_PATH=${CMAKE_PREFIX_PATH}:/home/pp/Tawan-pe-/install/station_manager:/home/pp/Tawan-pe-/install/station_pkg:/home/pp/Tawan-pe-/install/ros2_aruco:/home/pp/Tawan-pe-/install/motion_control:/home/pp/Tawan-pe-/install/ired_teleop:/home/pp/Tawan-pe-/install/ired_movetogoal:/opt/ros/jazzy DEBUGINFOD_URLS=https://debuginfod.ubuntu.com /usr/bin/cmake --build /home/pp/Tawan-pe-/build/ired_navigation -- -j12 -l12
[2.017s] Invoking command in '/home/pp/Tawan-pe-/build/ired_navigation': CMAKE_PREFIX_PATH=${CMAKE_PREFIX_PATH}:/home/pp/Tawan-pe-/install/station_manager:/home/pp/Tawan-pe-/install/station_pkg:/home/pp/Tawan-pe-/install/ros2_aruco:/home/pp/Tawan-pe-/install/motion_control:/home/pp/Tawan-pe-/install/ired_teleop:/home/pp/Tawan-pe-/install/ired_movetogoal:/opt/ros/jazzy DEBUGINFOD_URLS=https://debuginfod.ubuntu.com /usr/bin/cmake --install /home/pp/Tawan-pe-/build/ired_navigation
[2.034s] -- Install configuration: ""
[2.038s] -- Execute custom install script
[2.038s] -- Up-to-date symlink: /home/pp/Tawan-pe-/install/ired_navigation/share/ired_navigation/config/ired_rplidar_2d.lua
[2.038s] -- Up-to-date symlink: /home/pp/Tawan-pe-/install/ired_navigation/share/ired_navigation/launch/navigation.launch.py
[2.038s] -- Up-to-date symlink: /home/pp/Tawan-pe-/install/ired_navigation/share/ired_navigation/launch/occupancy_grid.launch.py
[2.039s] -- Up-to-date symlink: /home/pp/Tawan-pe-/install/ired_navigation/share/ired_navigation/launch/save_map.launch.py
[2.040s] -- Up-to-date symlink: /home/pp/Tawan-pe-/install/ired_navigation/share/ired_navigation/launch/slam.launch.py
[2.040s] -- Up-to-date symlink: /home/pp/Tawan-pe-/install/ired_navigation/share/ired_navigation/maps/1
[2.040s] -- Up-to-date symlink: /home/pp/Tawan-pe-/install/ired_navigation/share/ired_navigation/maps/map.pgm
[2.040s] -- Up-to-date symlink: /home/pp/Tawan-pe-/install/ired_navigation/share/ired_navigation/maps/map.yaml
[2.043s] -- Up-to-date symlink: /home/pp/Tawan-pe-/install/ired_navigation/share/ired_navigation/param/navigation.yaml
[2.043s] -- Up-to-date symlink: /home/pp/Tawan-pe-/install/ired_navigation/share/ament_index/resource_index/package_run_dependencies/ired_navigation
[2.043s] -- Up-to-date symlink: /home/pp/Tawan-pe-/install/ired_navigation/share/ament_index/resource_index/parent_prefix_path/ired_navigation
[2.044s] -- Up-to-date symlink: /home/pp/Tawan-pe-/install/ired_navigation/share/ired_navigation/environment/ament_prefix_path.sh
[2.044s] -- Up-to-date symlink: /home/pp/Tawan-pe-/install/ired_navigation/share/ired_navigation/environment/ament_prefix_path.dsv
[2.044s] -- Up-to-date symlink: /home/pp/Tawan-pe-/install/ired_navigation/share/ired_navigation/environment/path.sh
[2.044s] -- Up-to-date symlink: /home/pp/Tawan-pe-/install/ired_navigation/share/ired_navigation/environment/path.dsv
[2.044s] -- Up-to-date symlink: /home/pp/Tawan-pe-/install/ired_navigation/share/ired_navigation/local_setup.bash
[2.044s] -- Up-to-date symlink: /home/pp/Tawan-pe-/install/ired_navigation/share/ired_navigation/local_setup.sh
[2.045s] -- Up-to-date symlink: /home/pp/Tawan-pe-/install/ired_navigation/share/ired_navigation/local_setup.zsh
[2.045s] -- Up-to-date symlink: /home/pp/Tawan-pe-/install/ired_navigation/share/ired_navigation/local_setup.dsv
[2.045s] -- Symlinking: /home/pp/Tawan-pe-/install/ired_navigation/share/ired_navigation/package.dsv
[2.059s] -- Up-to-date symlink: /home/pp/Tawan-pe-/install/ired_navigation/share/ament_index/resource_index/packages/ired_navigation
[2.062s] -- Up-to-date symlink: /home/pp/Tawan-pe-/install/ired_navigation/share/ired_navigation/cmake/ired_navigationConfig.cmake
[2.064s] -- Up-to-date symlink: /home/pp/Tawan-pe-/install/ired_navigation/share/ired_navigation/cmake/ired_navigationConfig-version.cmake
[2.064s] -- Up-to-date symlink: /home/pp/Tawan-pe-/install/ired_navigation/share/ired_navigation/package.xml
[2.143s] Invoked command in '/home/pp/Tawan-pe-/build/ired_navigation' returned '0': CMAKE_PREFIX_PATH=${CMAKE_PREFIX_PATH}:/home/pp/Tawan-pe-/install/station_manager:/home/pp/Tawan-pe-/install/station_pkg:/home/pp/Tawan-pe-/install/ros2_aruco:/home/pp/Tawan-pe-/install/motion_control:/home/pp/Tawan-pe-/install/ired_teleop:/home/pp/Tawan-pe-/install/ired_movetogoal:/opt/ros/jazzy DEBUGINFOD_URLS=https://debuginfod.ubuntu.com /usr/bin/cmake --install /home/pp/Tawan-pe-/build/ired_navigation
