[0.046s] Invoking command in '/home/pp/Tawan-pe-/build/ired_msgs': CMAKE_PREFIX_PATH=${CMAKE_PREFIX_PATH}:/home/pp/Tawan-pe-/install/station_pkg:/home/pp/Tawan-pe-/install/station_manager:/home/pp/Tawan-pe-/install/ros2_aruco:/home/pp/Tawan-pe-/install/motion_control:/home/pp/Tawan-pe-/install/ired_teleop:/home/pp/Tawan-pe-/install/ired_movetogoal:/opt/ros/jazzy DEBUGINFOD_URLS=https://debuginfod.ubuntu.com /usr/bin/cmake --build /home/pp/Tawan-pe-/build/ired_msgs -- -j12 -l12
[0.954s] [  1%] Built target ired_msgs__rosidl_generator_type_description
[0.955s] [  1%] Built target ament_cmake_python_symlink_ired_msgs
[0.955s] [  4%] Built target ired_msgs__cpp
[0.955s] [ 25%] Built target ired_msgs__rosidl_generator_c
[0.956s] [ 35%] Built target ired_msgs__rosidl_typesupport_cpp
[0.956s] [ 44%] Built target ired_msgs__rosidl_typesupport_introspection_cpp
[0.956s] [ 54%] Built target ired_msgs__rosidl_typesupport_fastrtps_c
[0.956s] [ 63%] Built target ired_msgs__rosidl_typesupport_fastrtps_cpp
[0.956s] [ 72%] Built target ired_msgs__rosidl_typesupport_introspection_c
[0.956s] [ 82%] Built target ired_msgs__rosidl_typesupport_c
[0.956s] [ 82%] Built target ired_msgs
[0.956s] [ 83%] Built target ired_msgs__py
[0.956s] [ 91%] Built target ired_msgs__rosidl_generator_py
[0.956s] [ 97%] Built target ired_msgs_s__rosidl_typesupport_c
[0.956s] [ 97%] Built target ired_msgs_s__rosidl_typesupport_fastrtps_c
[0.957s] [100%] Built target ired_msgs_s__rosidl_typesupport_introspection_c
[0.957s] running egg_info
[0.957s] writing ired_msgs.egg-info/PKG-INFO
[0.957s] writing dependency_links to ired_msgs.egg-info/dependency_links.txt
[0.957s] writing top-level names to ired_msgs.egg-info/top_level.txt
[0.957s] reading manifest file 'ired_msgs.egg-info/SOURCES.txt'
[0.957s] writing manifest file 'ired_msgs.egg-info/SOURCES.txt'
[0.957s] [100%] Built target ament_cmake_python_build_ired_msgs_egg
[0.970s] Invoked command in '/home/pp/Tawan-pe-/build/ired_msgs' returned '0': CMAKE_PREFIX_PATH=${CMAKE_PREFIX_PATH}:/home/pp/Tawan-pe-/install/station_pkg:/home/pp/Tawan-pe-/install/station_manager:/home/pp/Tawan-pe-/install/ros2_aruco:/home/pp/Tawan-pe-/install/motion_control:/home/pp/Tawan-pe-/install/ired_teleop:/home/pp/Tawan-pe-/install/ired_movetogoal:/opt/ros/jazzy DEBUGINFOD_URLS=https://debuginfod.ubuntu.com /usr/bin/cmake --build /home/pp/Tawan-pe-/build/ired_msgs -- -j12 -l12
[0.972s] Invoking command in '/home/pp/Tawan-pe-/build/ired_msgs': CMAKE_PREFIX_PATH=${CMAKE_PREFIX_PATH}:/home/pp/Tawan-pe-/install/station_pkg:/home/pp/Tawan-pe-/install/station_manager:/home/pp/Tawan-pe-/install/ros2_aruco:/home/pp/Tawan-pe-/install/motion_control:/home/pp/Tawan-pe-/install/ired_teleop:/home/pp/Tawan-pe-/install/ired_movetogoal:/opt/ros/jazzy DEBUGINFOD_URLS=https://debuginfod.ubuntu.com /usr/bin/cmake --install /home/pp/Tawan-pe-/build/ired_msgs
[0.984s] -- Install configuration: ""
[0.988s] -- Execute custom install script
[0.988s] -- Up-to-date symlink: /home/pp/Tawan-pe-/install/ired_msgs/share/ament_index/resource_index/rosidl_interfaces/ired_msgs
[0.989s] -- Up-to-date symlink: /home/pp/Tawan-pe-/install/ired_msgs/share/ired_msgs/msg/IMUData.json
[0.989s] -- Up-to-date symlink: /home/pp/Tawan-pe-/install/ired_msgs/share/ired_msgs/msg/MotorControl.json
[0.989s] -- Up-to-date symlink: /home/pp/Tawan-pe-/install/ired_msgs/share/ired_msgs/msg/MotorData.json
[0.989s] -- Up-to-date symlink: /home/pp/Tawan-pe-/install/ired_msgs/share/ired_msgs/msg/MotorSpeed.json
[0.989s] -- Up-to-date symlink: /home/pp/Tawan-pe-/install/ired_msgs/share/ired_msgs/srv/PIDTuning.json
[0.996s] -- Up-to-date symlink: /home/pp/Tawan-pe-/install/ired_msgs/include/ired_msgs/ired_msgs/msg/detail/imu_data__functions.h
[0.997s] -- Up-to-date symlink: /home/pp/Tawan-pe-/install/ired_msgs/include/ired_msgs/ired_msgs/msg/detail/imu_data__struct.h
[0.997s] -- Up-to-date symlink: /home/pp/Tawan-pe-/install/ired_msgs/include/ired_msgs/ired_msgs/msg/detail/imu_data__type_support.h
[0.997s] -- Up-to-date symlink: /home/pp/Tawan-pe-/install/ired_msgs/include/ired_msgs/ired_msgs/msg/detail/motor_control__functions.h
[0.997s] -- Up-to-date symlink: /home/pp/Tawan-pe-/install/ired_msgs/include/ired_msgs/ired_msgs/msg/detail/motor_control__struct.h
[0.997s] -- Up-to-date symlink: /home/pp/Tawan-pe-/install/ired_msgs/include/ired_msgs/ired_msgs/msg/detail/motor_control__type_support.h
[0.997s] -- Up-to-date symlink: /home/pp/Tawan-pe-/install/ired_msgs/include/ired_msgs/ired_msgs/msg/detail/motor_data__functions.h
[0.997s] -- Up-to-date symlink: /home/pp/Tawan-pe-/install/ired_msgs/include/ired_msgs/ired_msgs/msg/detail/motor_data__struct.h
[0.997s] -- Up-to-date symlink: /home/pp/Tawan-pe-/install/ired_msgs/include/ired_msgs/ired_msgs/msg/detail/motor_data__type_support.h
[0.998s] -- Up-to-date symlink: /home/pp/Tawan-pe-/install/ired_msgs/include/ired_msgs/ired_msgs/msg/detail/motor_speed__functions.h
[0.998s] -- Up-to-date symlink: /home/pp/Tawan-pe-/install/ired_msgs/include/ired_msgs/ired_msgs/msg/detail/motor_speed__struct.h
[0.999s] -- Up-to-date symlink: /home/pp/Tawan-pe-/install/ired_msgs/include/ired_msgs/ired_msgs/msg/detail/motor_speed__type_support.h
[1.005s] -- Up-to-date symlink: /home/pp/Tawan-pe-/install/ired_msgs/include/ired_msgs/ired_msgs/msg/imu_data.h
[1.005s] -- Up-to-date symlink: /home/pp/Tawan-pe-/install/ired_msgs/include/ired_msgs/ired_msgs/msg/motor_control.h
[1.009s] -- Up-to-date symlink: /home/pp/Tawan-pe-/install/ired_msgs/include/ired_msgs/ired_msgs/msg/motor_data.h
[1.010s] -- Up-to-date symlink: /home/pp/Tawan-pe-/install/ired_msgs/include/ired_msgs/ired_msgs/msg/motor_speed.h
[1.010s] -- Up-to-date symlink: /home/pp/Tawan-pe-/install/ired_msgs/include/ired_msgs/ired_msgs/msg/rosidl_generator_c__visibility_control.h
[1.010s] -- Up-to-date symlink: /home/pp/Tawan-pe-/install/ired_msgs/include/ired_msgs/ired_msgs/srv/detail/pid_tuning__functions.h
[1.010s] -- Up-to-date symlink: /home/pp/Tawan-pe-/install/ired_msgs/include/ired_msgs/ired_msgs/srv/detail/pid_tuning__struct.h
[1.010s] -- Up-to-date symlink: /home/pp/Tawan-pe-/install/ired_msgs/include/ired_msgs/ired_msgs/srv/detail/pid_tuning__type_support.h
[1.012s] -- Up-to-date symlink: /home/pp/Tawan-pe-/install/ired_msgs/include/ired_msgs/ired_msgs/srv/pid_tuning.h
[1.012s] -- Up-to-date symlink: /home/pp/Tawan-pe-/install/ired_msgs/share/ired_msgs/environment/library_path.sh
[1.012s] -- Up-to-date symlink: /home/pp/Tawan-pe-/install/ired_msgs/share/ired_msgs/environment/library_path.dsv
[1.013s] -- Up-to-date symlink: /home/pp/Tawan-pe-/install/ired_msgs/include/ired_msgs/ired_msgs/msg/detail/imu_data__rosidl_typesupport_fastrtps_c.h
[1.013s] -- Up-to-date symlink: /home/pp/Tawan-pe-/install/ired_msgs/include/ired_msgs/ired_msgs/msg/detail/motor_control__rosidl_typesupport_fastrtps_c.h
[1.014s] -- Up-to-date symlink: /home/pp/Tawan-pe-/install/ired_msgs/include/ired_msgs/ired_msgs/msg/detail/motor_data__rosidl_typesupport_fastrtps_c.h
[1.027s] -- Up-to-date symlink: /home/pp/Tawan-pe-/install/ired_msgs/include/ired_msgs/ired_msgs/msg/detail/motor_speed__rosidl_typesupport_fastrtps_c.h
[1.029s] -- Up-to-date symlink: /home/pp/Tawan-pe-/install/ired_msgs/include/ired_msgs/ired_msgs/msg/rosidl_typesupport_fastrtps_c__visibility_control.h
[1.033s] -- Up-to-date symlink: /home/pp/Tawan-pe-/install/ired_msgs/include/ired_msgs/ired_msgs/srv/detail/pid_tuning__rosidl_typesupport_fastrtps_c.h
[1.033s] -- Up-to-date symlink: /home/pp/Tawan-pe-/install/ired_msgs/include/ired_msgs/ired_msgs/msg/detail/imu_data__builder.hpp
[1.034s] -- Up-to-date symlink: /home/pp/Tawan-pe-/install/ired_msgs/include/ired_msgs/ired_msgs/msg/detail/imu_data__struct.hpp
[1.034s] -- Up-to-date symlink: /home/pp/Tawan-pe-/install/ired_msgs/include/ired_msgs/ired_msgs/msg/detail/imu_data__traits.hpp
[1.034s] -- Up-to-date symlink: /home/pp/Tawan-pe-/install/ired_msgs/include/ired_msgs/ired_msgs/msg/detail/imu_data__type_support.hpp
[1.034s] -- Up-to-date symlink: /home/pp/Tawan-pe-/install/ired_msgs/include/ired_msgs/ired_msgs/msg/detail/motor_control__builder.hpp
[1.034s] -- Up-to-date symlink: /home/pp/Tawan-pe-/install/ired_msgs/include/ired_msgs/ired_msgs/msg/detail/motor_control__struct.hpp
[1.034s] -- Up-to-date symlink: /home/pp/Tawan-pe-/install/ired_msgs/include/ired_msgs/ired_msgs/msg/detail/motor_control__traits.hpp
[1.034s] -- Up-to-date symlink: /home/pp/Tawan-pe-/install/ired_msgs/include/ired_msgs/ired_msgs/msg/detail/motor_control__type_support.hpp
[1.034s] -- Up-to-date symlink: /home/pp/Tawan-pe-/install/ired_msgs/include/ired_msgs/ired_msgs/msg/detail/motor_data__builder.hpp
[1.035s] -- Up-to-date symlink: /home/pp/Tawan-pe-/install/ired_msgs/include/ired_msgs/ired_msgs/msg/detail/motor_data__struct.hpp
[1.035s] -- Up-to-date symlink: /home/pp/Tawan-pe-/install/ired_msgs/include/ired_msgs/ired_msgs/msg/detail/motor_data__traits.hpp
[1.035s] -- Up-to-date symlink: /home/pp/Tawan-pe-/install/ired_msgs/include/ired_msgs/ired_msgs/msg/detail/motor_data__type_support.hpp
[1.035s] -- Up-to-date symlink: /home/pp/Tawan-pe-/install/ired_msgs/include/ired_msgs/ired_msgs/msg/detail/motor_speed__builder.hpp
[1.035s] -- Up-to-date symlink: /home/pp/Tawan-pe-/install/ired_msgs/include/ired_msgs/ired_msgs/msg/detail/motor_speed__struct.hpp
[1.035s] -- Up-to-date symlink: /home/pp/Tawan-pe-/install/ired_msgs/include/ired_msgs/ired_msgs/msg/detail/motor_speed__traits.hpp
[1.038s] -- Up-to-date symlink: /home/pp/Tawan-pe-/install/ired_msgs/include/ired_msgs/ired_msgs/msg/detail/motor_speed__type_support.hpp
[1.039s] -- Up-to-date symlink: /home/pp/Tawan-pe-/install/ired_msgs/include/ired_msgs/ired_msgs/msg/imu_data.hpp
[1.039s] -- Up-to-date symlink: /home/pp/Tawan-pe-/install/ired_msgs/include/ired_msgs/ired_msgs/msg/motor_control.hpp
[1.042s] -- Up-to-date symlink: /home/pp/Tawan-pe-/install/ired_msgs/include/ired_msgs/ired_msgs/msg/motor_data.hpp
[1.043s] -- Up-to-date symlink: /home/pp/Tawan-pe-/install/ired_msgs/include/ired_msgs/ired_msgs/msg/motor_speed.hpp
[1.043s] -- Up-to-date symlink: /home/pp/Tawan-pe-/install/ired_msgs/include/ired_msgs/ired_msgs/msg/rosidl_generator_cpp__visibility_control.hpp
[1.043s] -- Up-to-date symlink: /home/pp/Tawan-pe-/install/ired_msgs/include/ired_msgs/ired_msgs/srv/detail/pid_tuning__builder.hpp
[1.043s] -- Up-to-date symlink: /home/pp/Tawan-pe-/install/ired_msgs/include/ired_msgs/ired_msgs/srv/detail/pid_tuning__struct.hpp
[1.043s] -- Up-to-date symlink: /home/pp/Tawan-pe-/install/ired_msgs/include/ired_msgs/ired_msgs/srv/detail/pid_tuning__traits.hpp
[1.043s] -- Up-to-date symlink: /home/pp/Tawan-pe-/install/ired_msgs/include/ired_msgs/ired_msgs/srv/detail/pid_tuning__type_support.hpp
[1.043s] -- Up-to-date symlink: /home/pp/Tawan-pe-/install/ired_msgs/include/ired_msgs/ired_msgs/srv/pid_tuning.hpp
[1.043s] -- Up-to-date symlink: /home/pp/Tawan-pe-/install/ired_msgs/include/ired_msgs/ired_msgs/msg/detail/imu_data__rosidl_typesupport_fastrtps_cpp.hpp
[1.044s] -- Up-to-date symlink: /home/pp/Tawan-pe-/install/ired_msgs/include/ired_msgs/ired_msgs/msg/detail/motor_control__rosidl_typesupport_fastrtps_cpp.hpp
[1.044s] -- Up-to-date symlink: /home/pp/Tawan-pe-/install/ired_msgs/include/ired_msgs/ired_msgs/msg/detail/motor_data__rosidl_typesupport_fastrtps_cpp.hpp
[1.044s] -- Up-to-date symlink: /home/pp/Tawan-pe-/install/ired_msgs/include/ired_msgs/ired_msgs/msg/detail/motor_speed__rosidl_typesupport_fastrtps_cpp.hpp
[1.044s] -- Up-to-date symlink: /home/pp/Tawan-pe-/install/ired_msgs/include/ired_msgs/ired_msgs/msg/rosidl_typesupport_fastrtps_cpp__visibility_control.h
[1.044s] -- Up-to-date symlink: /home/pp/Tawan-pe-/install/ired_msgs/include/ired_msgs/ired_msgs/srv/detail/pid_tuning__rosidl_typesupport_fastrtps_cpp.hpp
[1.044s] -- Up-to-date symlink: /home/pp/Tawan-pe-/install/ired_msgs/include/ired_msgs/ired_msgs/msg/detail/imu_data__rosidl_typesupport_introspection_c.h
[1.044s] -- Up-to-date symlink: /home/pp/Tawan-pe-/install/ired_msgs/include/ired_msgs/ired_msgs/msg/detail/motor_control__rosidl_typesupport_introspection_c.h
[1.044s] -- Up-to-date symlink: /home/pp/Tawan-pe-/install/ired_msgs/include/ired_msgs/ired_msgs/msg/detail/motor_data__rosidl_typesupport_introspection_c.h
[1.045s] -- Up-to-date symlink: /home/pp/Tawan-pe-/install/ired_msgs/include/ired_msgs/ired_msgs/msg/detail/motor_speed__rosidl_typesupport_introspection_c.h
[1.045s] -- Up-to-date symlink: /home/pp/Tawan-pe-/install/ired_msgs/include/ired_msgs/ired_msgs/msg/rosidl_typesupport_introspection_c__visibility_control.h
[1.045s] -- Up-to-date symlink: /home/pp/Tawan-pe-/install/ired_msgs/include/ired_msgs/ired_msgs/srv/detail/pid_tuning__rosidl_typesupport_introspection_c.h
[1.045s] -- Up-to-date symlink: /home/pp/Tawan-pe-/install/ired_msgs/include/ired_msgs/ired_msgs/msg/detail/imu_data__rosidl_typesupport_introspection_cpp.hpp
[1.045s] -- Up-to-date symlink: /home/pp/Tawan-pe-/install/ired_msgs/include/ired_msgs/ired_msgs/msg/detail/motor_control__rosidl_typesupport_introspection_cpp.hpp
[1.046s] -- Up-to-date symlink: /home/pp/Tawan-pe-/install/ired_msgs/include/ired_msgs/ired_msgs/msg/detail/motor_data__rosidl_typesupport_introspection_cpp.hpp
[1.046s] -- Up-to-date symlink: /home/pp/Tawan-pe-/install/ired_msgs/include/ired_msgs/ired_msgs/msg/detail/motor_speed__rosidl_typesupport_introspection_cpp.hpp
[1.046s] -- Up-to-date symlink: /home/pp/Tawan-pe-/install/ired_msgs/include/ired_msgs/ired_msgs/srv/detail/pid_tuning__rosidl_typesupport_introspection_cpp.hpp
[1.046s] -- Up-to-date symlink: /home/pp/Tawan-pe-/install/ired_msgs/share/ired_msgs/environment/pythonpath.sh
[1.046s] -- Up-to-date symlink: /home/pp/Tawan-pe-/install/ired_msgs/share/ired_msgs/environment/pythonpath.dsv
[1.046s] -- Up-to-date symlink: /home/pp/Tawan-pe-/install/ired_msgs/lib/python3.12/site-packages/ired_msgs-2.0.1-py3.12.egg-info/PKG-INFO
[1.047s] -- Up-to-date symlink: /home/pp/Tawan-pe-/install/ired_msgs/lib/python3.12/site-packages/ired_msgs-2.0.1-py3.12.egg-info/SOURCES.txt
[1.047s] -- Up-to-date symlink: /home/pp/Tawan-pe-/install/ired_msgs/lib/python3.12/site-packages/ired_msgs-2.0.1-py3.12.egg-info/dependency_links.txt
[1.047s] -- Up-to-date symlink: /home/pp/Tawan-pe-/install/ired_msgs/lib/python3.12/site-packages/ired_msgs-2.0.1-py3.12.egg-info/top_level.txt
[1.047s] -- Up-to-date symlink: /home/pp/Tawan-pe-/install/ired_msgs/lib/python3.12/site-packages/ired_msgs/__init__.py
[1.047s] -- Up-to-date symlink: /home/pp/Tawan-pe-/install/ired_msgs/lib/python3.12/site-packages/ired_msgs/_ired_msgs_s.ep.rosidl_typesupport_c.c
[1.047s] -- Up-to-date symlink: /home/pp/Tawan-pe-/install/ired_msgs/lib/python3.12/site-packages/ired_msgs/_ired_msgs_s.ep.rosidl_typesupport_fastrtps_c.c
[1.048s] -- Up-to-date symlink: /home/pp/Tawan-pe-/install/ired_msgs/lib/python3.12/site-packages/ired_msgs/_ired_msgs_s.ep.rosidl_typesupport_introspection_c.c
[1.048s] -- Up-to-date symlink: /home/pp/Tawan-pe-/install/ired_msgs/lib/python3.12/site-packages/ired_msgs/ired_msgs_s__rosidl_typesupport_c.so
[1.048s] -- Up-to-date symlink: /home/pp/Tawan-pe-/install/ired_msgs/lib/python3.12/site-packages/ired_msgs/ired_msgs_s__rosidl_typesupport_fastrtps_c.so
[1.048s] -- Up-to-date symlink: /home/pp/Tawan-pe-/install/ired_msgs/lib/python3.12/site-packages/ired_msgs/ired_msgs_s__rosidl_typesupport_introspection_c.so
[1.048s] -- Up-to-date symlink: /home/pp/Tawan-pe-/install/ired_msgs/lib/python3.12/site-packages/ired_msgs/msg/__init__.py
[1.049s] -- Up-to-date symlink: /home/pp/Tawan-pe-/install/ired_msgs/lib/python3.12/site-packages/ired_msgs/msg/_imu_data.py
[1.049s] -- Up-to-date symlink: /home/pp/Tawan-pe-/install/ired_msgs/lib/python3.12/site-packages/ired_msgs/msg/_imu_data_s.c
[1.050s] -- Up-to-date symlink: /home/pp/Tawan-pe-/install/ired_msgs/lib/python3.12/site-packages/ired_msgs/msg/_motor_control.py
[1.050s] -- Up-to-date symlink: /home/pp/Tawan-pe-/install/ired_msgs/lib/python3.12/site-packages/ired_msgs/msg/_motor_control_s.c
[1.050s] -- Up-to-date symlink: /home/pp/Tawan-pe-/install/ired_msgs/lib/python3.12/site-packages/ired_msgs/msg/_motor_data.py
[1.052s] -- Up-to-date symlink: /home/pp/Tawan-pe-/install/ired_msgs/lib/python3.12/site-packages/ired_msgs/msg/_motor_data_s.c
[1.052s] -- Up-to-date symlink: /home/pp/Tawan-pe-/install/ired_msgs/lib/python3.12/site-packages/ired_msgs/msg/_motor_speed.py
[1.052s] -- Up-to-date symlink: /home/pp/Tawan-pe-/install/ired_msgs/lib/python3.12/site-packages/ired_msgs/msg/_motor_speed_s.c
[1.052s] -- Up-to-date symlink: /home/pp/Tawan-pe-/install/ired_msgs/lib/python3.12/site-packages/ired_msgs/srv/__init__.py
[1.052s] -- Up-to-date symlink: /home/pp/Tawan-pe-/install/ired_msgs/lib/python3.12/site-packages/ired_msgs/srv/_pid_tuning.py
[1.054s] -- Up-to-date symlink: /home/pp/Tawan-pe-/install/ired_msgs/lib/python3.12/site-packages/ired_msgs/srv/_pid_tuning_s.c
[1.054s] -- Up-to-date symlink: /home/pp/Tawan-pe-/install/ired_msgs/lib/python3.12/site-packages/ired_msgs/ired_msgs_s__rosidl_typesupport_fastrtps_c.so
[1.054s] -- Up-to-date symlink: /home/pp/Tawan-pe-/install/ired_msgs/lib/python3.12/site-packages/ired_msgs/ired_msgs_s__rosidl_typesupport_introspection_c.so
[1.056s] -- Up-to-date symlink: /home/pp/Tawan-pe-/install/ired_msgs/lib/python3.12/site-packages/ired_msgs/ired_msgs_s__rosidl_typesupport_c.so
[1.059s] -- Up-to-date symlink: /home/pp/Tawan-pe-/install/ired_msgs/share/ired_msgs/msg/IMUData.idl
[1.059s] -- Up-to-date symlink: /home/pp/Tawan-pe-/install/ired_msgs/share/ired_msgs/msg/MotorControl.idl
[1.060s] -- Up-to-date symlink: /home/pp/Tawan-pe-/install/ired_msgs/share/ired_msgs/msg/MotorData.idl
[1.060s] -- Up-to-date symlink: /home/pp/Tawan-pe-/install/ired_msgs/share/ired_msgs/msg/MotorSpeed.idl
[1.060s] -- Up-to-date symlink: /home/pp/Tawan-pe-/install/ired_msgs/share/ired_msgs/srv/PIDTuning.idl
[1.060s] -- Up-to-date symlink: /home/pp/Tawan-pe-/install/ired_msgs/share/ired_msgs/msg/IMUData.msg
[1.060s] -- Up-to-date symlink: /home/pp/Tawan-pe-/install/ired_msgs/share/ired_msgs/msg/MotorControl.msg
[1.060s] -- Up-to-date symlink: /home/pp/Tawan-pe-/install/ired_msgs/share/ired_msgs/msg/MotorData.msg
[1.060s] -- Up-to-date symlink: /home/pp/Tawan-pe-/install/ired_msgs/share/ired_msgs/msg/MotorSpeed.msg
[1.060s] -- Up-to-date symlink: /home/pp/Tawan-pe-/install/ired_msgs/share/ired_msgs/srv/PIDTuning.srv
[1.060s] -- Up-to-date symlink: /home/pp/Tawan-pe-/install/ired_msgs/share/ament_index/resource_index/package_run_dependencies/ired_msgs
[1.060s] -- Up-to-date symlink: /home/pp/Tawan-pe-/install/ired_msgs/share/ament_index/resource_index/parent_prefix_path/ired_msgs
[1.060s] -- Up-to-date symlink: /home/pp/Tawan-pe-/install/ired_msgs/share/ired_msgs/environment/ament_prefix_path.sh
[1.061s] -- Up-to-date symlink: /home/pp/Tawan-pe-/install/ired_msgs/share/ired_msgs/environment/ament_prefix_path.dsv
[1.061s] -- Up-to-date symlink: /home/pp/Tawan-pe-/install/ired_msgs/share/ired_msgs/environment/path.sh
[1.061s] -- Up-to-date symlink: /home/pp/Tawan-pe-/install/ired_msgs/share/ired_msgs/environment/path.dsv
[1.061s] -- Up-to-date symlink: /home/pp/Tawan-pe-/install/ired_msgs/share/ired_msgs/local_setup.bash
[1.061s] -- Up-to-date symlink: /home/pp/Tawan-pe-/install/ired_msgs/share/ired_msgs/local_setup.sh
[1.061s] -- Up-to-date symlink: /home/pp/Tawan-pe-/install/ired_msgs/share/ired_msgs/local_setup.zsh
[1.061s] -- Up-to-date symlink: /home/pp/Tawan-pe-/install/ired_msgs/share/ired_msgs/local_setup.dsv
[1.061s] -- Symlinking: /home/pp/Tawan-pe-/install/ired_msgs/share/ired_msgs/package.dsv
[1.061s] -- Up-to-date symlink: /home/pp/Tawan-pe-/install/ired_msgs/share/ament_index/resource_index/packages/ired_msgs
[1.062s] -- Up-to-date symlink: /home/pp/Tawan-pe-/install/ired_msgs/share/ired_msgs/cmake/rosidl_cmake-extras.cmake
[1.062s] -- Up-to-date symlink: /home/pp/Tawan-pe-/install/ired_msgs/share/ired_msgs/cmake/ament_cmake_export_dependencies-extras.cmake
[1.062s] -- Up-to-date symlink: /home/pp/Tawan-pe-/install/ired_msgs/share/ired_msgs/cmake/ament_cmake_export_include_directories-extras.cmake
[1.062s] -- Up-to-date symlink: /home/pp/Tawan-pe-/install/ired_msgs/share/ired_msgs/cmake/ament_cmake_export_libraries-extras.cmake
[1.062s] -- Up-to-date symlink: /home/pp/Tawan-pe-/install/ired_msgs/share/ired_msgs/cmake/ament_cmake_export_targets-extras.cmake
[1.062s] -- Up-to-date symlink: /home/pp/Tawan-pe-/install/ired_msgs/share/ired_msgs/cmake/rosidl_cmake_export_typesupport_targets-extras.cmake
[1.062s] -- Up-to-date symlink: /home/pp/Tawan-pe-/install/ired_msgs/share/ired_msgs/cmake/rosidl_cmake_export_typesupport_libraries-extras.cmake
[1.062s] -- Up-to-date symlink: /home/pp/Tawan-pe-/install/ired_msgs/share/ired_msgs/cmake/ired_msgsConfig.cmake
[1.062s] -- Up-to-date symlink: /home/pp/Tawan-pe-/install/ired_msgs/share/ired_msgs/cmake/ired_msgsConfig-version.cmake
[1.062s] -- Up-to-date symlink: /home/pp/Tawan-pe-/install/ired_msgs/share/ired_msgs/package.xml
[1.063s] -- Up-to-date: /home/pp/Tawan-pe-/install/ired_msgs/lib/libired_msgs__rosidl_generator_c.so
[1.063s] -- Up-to-date: /home/pp/Tawan-pe-/install/ired_msgs/lib/libired_msgs__rosidl_typesupport_fastrtps_c.so
[1.064s] -- Up-to-date: /home/pp/Tawan-pe-/install/ired_msgs/lib/libired_msgs__rosidl_typesupport_fastrtps_cpp.so
[1.064s] -- Up-to-date: /home/pp/Tawan-pe-/install/ired_msgs/lib/libired_msgs__rosidl_typesupport_introspection_c.so
[1.064s] -- Up-to-date: /home/pp/Tawan-pe-/install/ired_msgs/lib/libired_msgs__rosidl_typesupport_c.so
[1.064s] -- Up-to-date: /home/pp/Tawan-pe-/install/ired_msgs/lib/libired_msgs__rosidl_typesupport_introspection_cpp.so
[1.064s] -- Up-to-date: /home/pp/Tawan-pe-/install/ired_msgs/lib/libired_msgs__rosidl_typesupport_cpp.so
[1.085s] Listing '/home/pp/Tawan-pe-/install/ired_msgs/lib/python3.12/site-packages/ired_msgs'...
[1.085s] Listing '/home/pp/Tawan-pe-/install/ired_msgs/lib/python3.12/site-packages/ired_msgs/msg'...
[1.085s] Listing '/home/pp/Tawan-pe-/install/ired_msgs/lib/python3.12/site-packages/ired_msgs/srv'...
[1.093s] -- Up-to-date: /home/pp/Tawan-pe-/install/ired_msgs/lib/libired_msgs__rosidl_generator_py.so
[1.094s] -- Up-to-date: /home/pp/Tawan-pe-/install/ired_msgs/share/ired_msgs/cmake/export_ired_msgs__rosidl_generator_cExport.cmake
[1.094s] -- Up-to-date: /home/pp/Tawan-pe-/install/ired_msgs/share/ired_msgs/cmake/export_ired_msgs__rosidl_generator_cExport-noconfig.cmake
[1.094s] -- Up-to-date: /home/pp/Tawan-pe-/install/ired_msgs/share/ired_msgs/cmake/export_ired_msgs__rosidl_typesupport_fastrtps_cExport.cmake
[1.094s] -- Up-to-date: /home/pp/Tawan-pe-/install/ired_msgs/share/ired_msgs/cmake/export_ired_msgs__rosidl_typesupport_fastrtps_cExport-noconfig.cmake
[1.094s] -- Up-to-date: /home/pp/Tawan-pe-/install/ired_msgs/share/ired_msgs/cmake/export_ired_msgs__rosidl_generator_cppExport.cmake
[1.095s] -- Up-to-date: /home/pp/Tawan-pe-/install/ired_msgs/share/ired_msgs/cmake/export_ired_msgs__rosidl_typesupport_fastrtps_cppExport.cmake
[1.095s] -- Up-to-date: /home/pp/Tawan-pe-/install/ired_msgs/share/ired_msgs/cmake/export_ired_msgs__rosidl_typesupport_fastrtps_cppExport-noconfig.cmake
[1.095s] -- Up-to-date: /home/pp/Tawan-pe-/install/ired_msgs/share/ired_msgs/cmake/ired_msgs__rosidl_typesupport_introspection_cExport.cmake
[1.095s] -- Up-to-date: /home/pp/Tawan-pe-/install/ired_msgs/share/ired_msgs/cmake/ired_msgs__rosidl_typesupport_introspection_cExport-noconfig.cmake
[1.095s] -- Up-to-date: /home/pp/Tawan-pe-/install/ired_msgs/share/ired_msgs/cmake/ired_msgs__rosidl_typesupport_cExport.cmake
[1.095s] -- Up-to-date: /home/pp/Tawan-pe-/install/ired_msgs/share/ired_msgs/cmake/ired_msgs__rosidl_typesupport_cExport-noconfig.cmake
[1.095s] -- Up-to-date: /home/pp/Tawan-pe-/install/ired_msgs/share/ired_msgs/cmake/ired_msgs__rosidl_typesupport_introspection_cppExport.cmake
[1.095s] -- Up-to-date: /home/pp/Tawan-pe-/install/ired_msgs/share/ired_msgs/cmake/ired_msgs__rosidl_typesupport_introspection_cppExport-noconfig.cmake
[1.095s] -- Up-to-date: /home/pp/Tawan-pe-/install/ired_msgs/share/ired_msgs/cmake/ired_msgs__rosidl_typesupport_cppExport.cmake
[1.095s] -- Up-to-date: /home/pp/Tawan-pe-/install/ired_msgs/share/ired_msgs/cmake/ired_msgs__rosidl_typesupport_cppExport-noconfig.cmake
[1.095s] -- Up-to-date: /home/pp/Tawan-pe-/install/ired_msgs/share/ired_msgs/cmake/export_ired_msgs__rosidl_generator_pyExport.cmake
[1.095s] -- Up-to-date: /home/pp/Tawan-pe-/install/ired_msgs/share/ired_msgs/cmake/export_ired_msgs__rosidl_generator_pyExport-noconfig.cmake
[1.165s] Invoked command in '/home/pp/Tawan-pe-/build/ired_msgs' returned '0': CMAKE_PREFIX_PATH=${CMAKE_PREFIX_PATH}:/home/pp/Tawan-pe-/install/station_pkg:/home/pp/Tawan-pe-/install/station_manager:/home/pp/Tawan-pe-/install/ros2_aruco:/home/pp/Tawan-pe-/install/motion_control:/home/pp/Tawan-pe-/install/ired_teleop:/home/pp/Tawan-pe-/install/ired_movetogoal:/opt/ros/jazzy DEBUGINFOD_URLS=https://debuginfod.ubuntu.com /usr/bin/cmake --install /home/pp/Tawan-pe-/build/ired_msgs
