[0.042s] Invoking command in '/home/pi/robot_ws/build/csm': CMAKE_PREFIX_PATH=${CMAKE_PREFIX_PATH}:/home/pi/robot_ws/install/ros2_aruco:/home/pi/robot_ws/install/ired_teleop:/home/pi/robot_ws/install/ired_movetogoal:/opt/ros/jazzy DEBUGINFOD_URLS=https://debuginfod.ubuntu.com /usr/bin/cmake --build /home/pi/robot_ws/build/csm -- -j16 -l16
[0.590s] [100%] Built target csm
[0.593s] Invoked command in '/home/pi/robot_ws/build/csm' returned '0': CMAKE_PREFIX_PATH=${CMAKE_PREFIX_PATH}:/home/pi/robot_ws/install/ros2_aruco:/home/pi/robot_ws/install/ired_teleop:/home/pi/robot_ws/install/ired_movetogoal:/opt/ros/jazzy DEBUGINFOD_URLS=https://debuginfod.ubuntu.com /usr/bin/cmake --build /home/pi/robot_ws/build/csm -- -j16 -l16
[0.607s] Invoking command in '/home/pi/robot_ws/build/csm': CMAKE_PREFIX_PATH=${CMAKE_PREFIX_PATH}:/home/pi/robot_ws/install/ros2_aruco:/home/pi/robot_ws/install/ired_teleop:/home/pi/robot_ws/install/ired_movetogoal:/opt/ros/jazzy DEBUGINFOD_URLS=https://debuginfod.ubuntu.com /usr/bin/cmake --install /home/pi/robot_ws/build/csm
[0.617s] -- Install configuration: ""
[0.617s] -- Execute custom install script
[0.618s] -- Up-to-date symlink: /home/pi/robot_ws/install/csm/lib/libcsm.so
[0.618s] -- Up-to-date symlink: /home/pi/robot_ws/install/csm/include/..//include/csm/algos.h
[0.618s] -- Up-to-date symlink: /home/pi/robot_ws/install/csm/include/..//include/csm/csm.h
[0.618s] -- Up-to-date symlink: /home/pi/robot_ws/install/csm/include/..//include/csm/laser_data.h
[0.618s] -- Up-to-date symlink: /home/pi/robot_ws/install/csm/include/..//include/csm/laser_data_inline.h
[0.618s] -- Up-to-date symlink: /home/pi/robot_ws/install/csm/include/..//include/csm/restrict.h
[0.618s] -- Up-to-date symlink: /home/pi/robot_ws/install/csm/include/..//include/gsl_eigen/gsl_eigen.h
[0.618s] -- Up-to-date symlink: /home/pi/robot_ws/install/csm/share/csm/resource/csm
[0.619s] -- Up-to-date symlink: /home/pi/robot_ws/install/csm/include/../gsl_eigen/gsl_eigen.h
[0.619s] -- Up-to-date symlink: /home/pi/robot_ws/install/csm/share/csm/environment/library_path.sh
[0.619s] -- Up-to-date symlink: /home/pi/robot_ws/install/csm/share/csm/environment/library_path.dsv
[0.619s] -- Up-to-date symlink: /home/pi/robot_ws/install/csm/share/ament_index/resource_index/package_run_dependencies/csm
[0.619s] -- Up-to-date symlink: /home/pi/robot_ws/install/csm/share/ament_index/resource_index/parent_prefix_path/csm
[0.619s] -- Up-to-date symlink: /home/pi/robot_ws/install/csm/share/csm/environment/ament_prefix_path.sh
[0.619s] -- Up-to-date symlink: /home/pi/robot_ws/install/csm/share/csm/environment/ament_prefix_path.dsv
[0.619s] -- Up-to-date symlink: /home/pi/robot_ws/install/csm/share/csm/environment/path.sh
[0.620s] -- Up-to-date symlink: /home/pi/robot_ws/install/csm/share/csm/environment/path.dsv
[0.620s] -- Up-to-date symlink: /home/pi/robot_ws/install/csm/share/csm/local_setup.bash
[0.620s] -- Up-to-date symlink: /home/pi/robot_ws/install/csm/share/csm/local_setup.sh
[0.621s] -- Up-to-date symlink: /home/pi/robot_ws/install/csm/share/csm/local_setup.zsh
[0.621s] -- Up-to-date symlink: /home/pi/robot_ws/install/csm/share/csm/local_setup.dsv
[0.621s] -- Symlinking: /home/pi/robot_ws/install/csm/share/csm/package.dsv
[0.640s] -- Up-to-date symlink: /home/pi/robot_ws/install/csm/share/ament_index/resource_index/packages/csm
[0.640s] -- Up-to-date symlink: /home/pi/robot_ws/install/csm/share/csm/cmake/ament_cmake_export_dependencies-extras.cmake
[0.640s] -- Up-to-date symlink: /home/pi/robot_ws/install/csm/share/csm/cmake/ament_cmake_export_include_directories-extras.cmake
[0.640s] -- Up-to-date symlink: /home/pi/robot_ws/install/csm/share/csm/cmake/ament_cmake_export_libraries-extras.cmake
[0.640s] -- Up-to-date symlink: /home/pi/robot_ws/install/csm/share/csm/cmake/csmConfig.cmake
[0.640s] -- Up-to-date symlink: /home/pi/robot_ws/install/csm/share/csm/cmake/csmConfig-version.cmake
[0.640s] -- Up-to-date symlink: /home/pi/robot_ws/install/csm/share/csm/package.xml
[0.644s] Invoked command in '/home/pi/robot_ws/build/csm' returned '0': CMAKE_PREFIX_PATH=${CMAKE_PREFIX_PATH}:/home/pi/robot_ws/install/ros2_aruco:/home/pi/robot_ws/install/ired_teleop:/home/pi/robot_ws/install/ired_movetogoal:/opt/ros/jazzy DEBUGINFOD_URLS=https://debuginfod.ubuntu.com /usr/bin/cmake --install /home/pi/robot_ws/build/csm
