[0.736s] Invoking command in '/home/pp/Tawan-pe-/build/rplidar_ros': CMAKE_PREFIX_PATH=${CMAKE_PREFIX_PATH}:/home/pp/Tawan-pe-/install/station_pkg:/home/pp/Tawan-pe-/install/ros2_aruco:/home/pp/Tawan-pe-/install/motion_control:/home/pp/Tawan-pe-/install/ired_teleop:/home/pp/Tawan-pe-/install/ired_movetogoal:/opt/ros/jazzy DEBUGINFOD_URLS=https://debuginfod.ubuntu.com /usr/bin/cmake --build /home/pp/Tawan-pe-/build/rplidar_ros -- -j12 -l12
[0.828s] [  5%] Built target rplidar_client
[0.829s] [ 52%] Built target rplidar_composition
[0.830s] [100%] Built target rplidar_node
[0.922s] Invoked command in '/home/pp/Tawan-pe-/build/rplidar_ros' returned '0': CMAKE_PREFIX_PATH=${CMAKE_PREFIX_PATH}:/home/pp/Tawan-pe-/install/station_pkg:/home/pp/Tawan-pe-/install/ros2_aruco:/home/pp/Tawan-pe-/install/motion_control:/home/pp/Tawan-pe-/install/ired_teleop:/home/pp/Tawan-pe-/install/ired_movetogoal:/opt/ros/jazzy DEBUGINFOD_URLS=https://debuginfod.ubuntu.com /usr/bin/cmake --build /home/pp/Tawan-pe-/build/rplidar_ros -- -j12 -l12
[0.924s] Invoking command in '/home/pp/Tawan-pe-/build/rplidar_ros': CMAKE_PREFIX_PATH=${CMAKE_PREFIX_PATH}:/home/pp/Tawan-pe-/install/station_pkg:/home/pp/Tawan-pe-/install/ros2_aruco:/home/pp/Tawan-pe-/install/motion_control:/home/pp/Tawan-pe-/install/ired_teleop:/home/pp/Tawan-pe-/install/ired_movetogoal:/opt/ros/jazzy DEBUGINFOD_URLS=https://debuginfod.ubuntu.com /usr/bin/cmake --install /home/pp/Tawan-pe-/build/rplidar_ros
[0.935s] -- Install configuration: ""
[0.936s] -- Execute custom install script
[0.937s] -- Up-to-date symlink: /home/pp/Tawan-pe-/install/rplidar_ros/share/rplidar_ros/launch/rplidar_a1_launch.py
[0.937s] -- Up-to-date symlink: /home/pp/Tawan-pe-/install/rplidar_ros/share/rplidar_ros/launch/view_rplidar_a1_launch.py
[0.938s] -- Up-to-date symlink: /home/pp/Tawan-pe-/install/rplidar_ros/share/rplidar_ros/rviz/rplidar_ros.rviz
[0.939s] -- Up-to-date symlink: /home/pp/Tawan-pe-/install/rplidar_ros/lib/rplidar_ros/rplidar_node
[0.940s] -- Up-to-date symlink: /home/pp/Tawan-pe-/install/rplidar_ros/lib/rplidar_ros/rplidar_composition
[0.940s] -- Up-to-date symlink: /home/pp/Tawan-pe-/install/rplidar_ros/lib/rplidar_ros/rplidar_client
[0.940s] -- Up-to-date symlink: /home/pp/Tawan-pe-/install/rplidar_ros/share/ament_index/resource_index/package_run_dependencies/rplidar_ros
[0.941s] -- Up-to-date symlink: /home/pp/Tawan-pe-/install/rplidar_ros/share/ament_index/resource_index/parent_prefix_path/rplidar_ros
[0.941s] -- Up-to-date symlink: /home/pp/Tawan-pe-/install/rplidar_ros/share/rplidar_ros/environment/ament_prefix_path.sh
[0.941s] -- Up-to-date symlink: /home/pp/Tawan-pe-/install/rplidar_ros/share/rplidar_ros/environment/ament_prefix_path.dsv
[0.942s] -- Up-to-date symlink: /home/pp/Tawan-pe-/install/rplidar_ros/share/rplidar_ros/environment/path.sh
[0.942s] -- Up-to-date symlink: /home/pp/Tawan-pe-/install/rplidar_ros/share/rplidar_ros/environment/path.dsv
[0.942s] -- Up-to-date symlink: /home/pp/Tawan-pe-/install/rplidar_ros/share/rplidar_ros/local_setup.bash
[0.943s] -- Up-to-date symlink: /home/pp/Tawan-pe-/install/rplidar_ros/share/rplidar_ros/local_setup.sh
[0.943s] -- Up-to-date symlink: /home/pp/Tawan-pe-/install/rplidar_ros/share/rplidar_ros/local_setup.zsh
[0.943s] -- Up-to-date symlink: /home/pp/Tawan-pe-/install/rplidar_ros/share/rplidar_ros/local_setup.dsv
[0.944s] -- Symlinking: /home/pp/Tawan-pe-/install/rplidar_ros/share/rplidar_ros/package.dsv
[0.956s] -- Up-to-date symlink: /home/pp/Tawan-pe-/install/rplidar_ros/share/ament_index/resource_index/packages/rplidar_ros
[0.956s] -- Up-to-date symlink: /home/pp/Tawan-pe-/install/rplidar_ros/share/rplidar_ros/cmake/ament_cmake_export_dependencies-extras.cmake
[0.956s] -- Up-to-date symlink: /home/pp/Tawan-pe-/install/rplidar_ros/share/rplidar_ros/cmake/ament_cmake_export_include_directories-extras.cmake
[0.957s] -- Up-to-date symlink: /home/pp/Tawan-pe-/install/rplidar_ros/share/rplidar_ros/cmake/rplidar_rosConfig.cmake
[0.957s] -- Up-to-date symlink: /home/pp/Tawan-pe-/install/rplidar_ros/share/rplidar_ros/cmake/rplidar_rosConfig-version.cmake
[0.957s] -- Up-to-date symlink: /home/pp/Tawan-pe-/install/rplidar_ros/share/rplidar_ros/package.xml
[1.176s] Invoked command in '/home/pp/Tawan-pe-/build/rplidar_ros' returned '0': CMAKE_PREFIX_PATH=${CMAKE_PREFIX_PATH}:/home/pp/Tawan-pe-/install/station_pkg:/home/pp/Tawan-pe-/install/ros2_aruco:/home/pp/Tawan-pe-/install/motion_control:/home/pp/Tawan-pe-/install/ired_teleop:/home/pp/Tawan-pe-/install/ired_movetogoal:/opt/ros/jazzy DEBUGINFOD_URLS=https://debuginfod.ubuntu.com /usr/bin/cmake --install /home/pp/Tawan-pe-/build/rplidar_ros
