[1.058s] Invoking command in '/home/pi/robot_ws/build/ros2_aruco': DEBUGINFOD_URLS=https://debuginfod.ubuntu.com PYTHONPATH=/home/pi/robot_ws/build/ros2_aruco/prefix_override:/usr/lib/python3/dist-packages/colcon_core/task/python/colcon_distutils_commands:/home/pi/robot_ws/install/ros2_aruco/lib/python3.12/site-packages:${PYTHONPATH} /usr/bin/python3 -W ignore:setup.py install is deprecated -W ignore:easy_install command is deprecated setup.py develop --uninstall --editable --build-directory /home/pi/robot_ws/build/ros2_aruco/build
[1.330s] running develop
[1.484s] Removing /home/pi/robot_ws/install/ros2_aruco/lib/python3.12/site-packages/ros2-aruco.egg-link (link to .)
[1.538s] Invoked command in '/home/pi/robot_ws/build/ros2_aruco' returned '0': DEBUGINFOD_URLS=https://debuginfod.ubuntu.com PYTHONPATH=/home/pi/robot_ws/build/ros2_aruco/prefix_override:/usr/lib/python3/dist-packages/colcon_core/task/python/colcon_distutils_commands:/home/pi/robot_ws/install/ros2_aruco/lib/python3.12/site-packages:${PYTHONPATH} /usr/bin/python3 -W ignore:setup.py install is deprecated -W ignore:easy_install command is deprecated setup.py develop --uninstall --editable --build-directory /home/pi/robot_ws/build/ros2_aruco/build
[1.539s] Invoking command in '/home/pi/robot_ws/src/aruco_marker/ros2_aruco/ros2_aruco': DEBUGINFOD_URLS=https://debuginfod.ubuntu.com PYTHONPATH=/home/pi/robot_ws/build/ros2_aruco/prefix_override:/usr/lib/python3/dist-packages/colcon_core/task/python/colcon_distutils_commands:/home/pi/robot_ws/install/ros2_aruco/lib/python3.12/site-packages:${PYTHONPATH} /usr/bin/python3 -W ignore:setup.py install is deprecated -W ignore:easy_install command is deprecated setup.py egg_info --egg-base ../../../../build/ros2_aruco build --build-base /home/pi/robot_ws/build/ros2_aruco/build install --record /home/pi/robot_ws/build/ros2_aruco/install.log --single-version-externally-managed install_data --force
[1.746s] running egg_info
[1.758s] writing ../../../../build/ros2_aruco/ros2_aruco.egg-info/PKG-INFO
[1.758s] writing dependency_links to ../../../../build/ros2_aruco/ros2_aruco.egg-info/dependency_links.txt
[1.759s] writing entry points to ../../../../build/ros2_aruco/ros2_aruco.egg-info/entry_points.txt
[1.759s] writing requirements to ../../../../build/ros2_aruco/ros2_aruco.egg-info/requires.txt
[1.759s] writing top-level names to ../../../../build/ros2_aruco/ros2_aruco.egg-info/top_level.txt
[1.785s] reading manifest file '../../../../build/ros2_aruco/ros2_aruco.egg-info/SOURCES.txt'
[1.785s] writing manifest file '../../../../build/ros2_aruco/ros2_aruco.egg-info/SOURCES.txt'
[1.785s] running build
[1.785s] running build_py
[1.786s] running install
[1.790s] running install_lib
[1.802s] creating /home/pi/robot_ws/install/ros2_aruco/lib/python3.12/site-packages/ros2_aruco
[1.802s] copying /home/pi/robot_ws/build/ros2_aruco/build/lib/ros2_aruco/__init__.py -> /home/pi/robot_ws/install/ros2_aruco/lib/python3.12/site-packages/ros2_aruco
[1.803s] copying /home/pi/robot_ws/build/ros2_aruco/build/lib/ros2_aruco/aruco_node.py -> /home/pi/robot_ws/install/ros2_aruco/lib/python3.12/site-packages/ros2_aruco
[1.803s] copying /home/pi/robot_ws/build/ros2_aruco/build/lib/ros2_aruco/aruco_generate_marker.py -> /home/pi/robot_ws/install/ros2_aruco/lib/python3.12/site-packages/ros2_aruco
[1.803s] byte-compiling /home/pi/robot_ws/install/ros2_aruco/lib/python3.12/site-packages/ros2_aruco/__init__.py to __init__.cpython-312.pyc
[1.803s] byte-compiling /home/pi/robot_ws/install/ros2_aruco/lib/python3.12/site-packages/ros2_aruco/aruco_node.py to aruco_node.cpython-312.pyc
[1.804s] byte-compiling /home/pi/robot_ws/install/ros2_aruco/lib/python3.12/site-packages/ros2_aruco/aruco_generate_marker.py to aruco_generate_marker.cpython-312.pyc
[1.804s] running install_data
[1.804s] copying resource/ros2_aruco -> /home/pi/robot_ws/install/ros2_aruco/share/ament_index/resource_index/packages
[1.805s] copying package.xml -> /home/pi/robot_ws/install/ros2_aruco/share/ros2_aruco
[1.805s] copying launch/aruco_recognition.launch.py -> /home/pi/robot_ws/install/ros2_aruco/share/ros2_aruco/launch
[1.805s] copying config/aruco_parameters.yaml -> /home/pi/robot_ws/install/ros2_aruco/share/ros2_aruco/config
[1.805s] running install_egg_info
[1.818s] Copying ../../../../build/ros2_aruco/ros2_aruco.egg-info to /home/pi/robot_ws/install/ros2_aruco/lib/python3.12/site-packages/ros2_aruco-0.1.0-py3.12.egg-info
[1.819s] running install_scripts
[1.930s] Installing aruco_generate_marker script to /home/pi/robot_ws/install/ros2_aruco/lib/ros2_aruco
[1.930s] Installing aruco_node script to /home/pi/robot_ws/install/ros2_aruco/lib/ros2_aruco
[1.930s] writing list of installed files to '/home/pi/robot_ws/build/ros2_aruco/install.log'
[1.976s] Invoked command in '/home/pi/robot_ws/src/aruco_marker/ros2_aruco/ros2_aruco' returned '0': DEBUGINFOD_URLS=https://debuginfod.ubuntu.com PYTHONPATH=/home/pi/robot_ws/build/ros2_aruco/prefix_override:/usr/lib/python3/dist-packages/colcon_core/task/python/colcon_distutils_commands:/home/pi/robot_ws/install/ros2_aruco/lib/python3.12/site-packages:${PYTHONPATH} /usr/bin/python3 -W ignore:setup.py install is deprecated -W ignore:easy_install command is deprecated setup.py egg_info --egg-base ../../../../build/ros2_aruco build --build-base /home/pi/robot_ws/build/ros2_aruco/build install --record /home/pi/robot_ws/build/ros2_aruco/install.log --single-version-externally-managed install_data --force
