-- Found ament_cmake: 2.5.4 (/opt/ros/jazzy/share/ament_cmake/cmake)
-- Override CMake install command with custom implementation using symlinks instead of copying resources
-- Found sensor_msgs: 5.3.6 (/opt/ros/jazzy/share/sensor_msgs/cmake)
-- Found rosidl_generator_c: 4.6.6 (/opt/ros/jazzy/share/rosidl_generator_c/cmake)
-- Found rosidl_generator_cpp: 4.6.6 (/opt/ros/jazzy/share/rosidl_generator_cpp/cmake)
-- Using all available rosidl_typesupport_c: rosidl_typesupport_fastrtps_c;rosidl_typesupport_introspection_c
-- Using all available rosidl_typesupport_cpp: rosidl_typesupport_fastrtps_cpp;rosidl_typesupport_introspection_cpp
-- Found rclcpp: 28.1.13 (/opt/ros/jazzy/share/rclcpp/cmake)
-- Found rmw_implementation_cmake: 7.3.2 (/opt/ros/jazzy/share/rmw_implementation_cmake/cmake)
-- Found rmw_fastrtps_cpp: 8.4.3 (/opt/ros/jazzy/share/rmw_fastrtps_cpp/cmake)
-- Using RMW implementation 'rmw_fastrtps_cpp' as default
-- Found nav_msgs: 5.3.6 (/opt/ros/jazzy/share/nav_msgs/cmake)
-- Found tf2_ros: 0.36.16 (/opt/ros/jazzy/share/tf2_ros/cmake)
-- Found tf2_geometry_msgs: 0.36.16 (/opt/ros/jazzy/share/tf2_geometry_msgs/cmake)
-- Found eigen3_cmake_module: 0.3.0 (/opt/ros/jazzy/share/eigen3_cmake_module/cmake)
-- Ensuring Eigen3 include directory is part of orocos-kdl CMake target
-- Found csm: 0.0.0 (/home/pi/robot_ws/install/csm/share/csm/cmake)
-- Found Boost: /usr/lib/x86_64-linux-gnu/cmake/Boost-1.83.0/BoostConfig.cmake (found version "1.83.0") found components: thread 
-- Configuring done (0.6s)
-- Generating done (0.0s)
-- Build files have been written to: /home/pi/robot_ws/build/ros2_laser_scan_matcher
[ 50%] [32mBuilding CXX object CMakeFiles/laser_scan_matcher.dir/src/laser_scan_matcher.cpp.o[0m
[100%] [32m[1mLinking CXX executable laser_scan_matcher[0m
[100%] Built target laser_scan_matcher
-- Install configuration: ""
-- Execute custom install script
-- Symlinking: /home/pi/robot_ws/install/ros2_laser_scan_matcher/lib/ros2_laser_scan_matcher/laser_scan_matcher
-- Symlinking: /home/pi/robot_ws/install/ros2_laser_scan_matcher/share/ros2_laser_scan_matcher/launch/laser_scan_matcher.launch.py
-- Symlinking: /home/pi/robot_ws/install/ros2_laser_scan_matcher/share/ros2_laser_scan_matcher/param/laser_scan_matcher.yaml
-- Symlinking: /home/pi/robot_ws/install/ros2_laser_scan_matcher/share/ament_index/resource_index/package_run_dependencies/ros2_laser_scan_matcher
-- Symlinking: /home/pi/robot_ws/install/ros2_laser_scan_matcher/share/ament_index/resource_index/parent_prefix_path/ros2_laser_scan_matcher
-- Symlinking: /home/pi/robot_ws/install/ros2_laser_scan_matcher/share/ros2_laser_scan_matcher/environment/ament_prefix_path.sh
-- Symlinking: /home/pi/robot_ws/install/ros2_laser_scan_matcher/share/ros2_laser_scan_matcher/environment/ament_prefix_path.dsv
-- Symlinking: /home/pi/robot_ws/install/ros2_laser_scan_matcher/share/ros2_laser_scan_matcher/environment/path.sh
-- Symlinking: /home/pi/robot_ws/install/ros2_laser_scan_matcher/share/ros2_laser_scan_matcher/environment/path.dsv
-- Symlinking: /home/pi/robot_ws/install/ros2_laser_scan_matcher/share/ros2_laser_scan_matcher/local_setup.bash
-- Symlinking: /home/pi/robot_ws/install/ros2_laser_scan_matcher/share/ros2_laser_scan_matcher/local_setup.sh
-- Symlinking: /home/pi/robot_ws/install/ros2_laser_scan_matcher/share/ros2_laser_scan_matcher/local_setup.zsh
-- Symlinking: /home/pi/robot_ws/install/ros2_laser_scan_matcher/share/ros2_laser_scan_matcher/local_setup.dsv
-- Symlinking: /home/pi/robot_ws/install/ros2_laser_scan_matcher/share/ros2_laser_scan_matcher/package.dsv
-- Symlinking: /home/pi/robot_ws/install/ros2_laser_scan_matcher/share/ament_index/resource_index/packages/ros2_laser_scan_matcher
-- Symlinking: /home/pi/robot_ws/install/ros2_laser_scan_matcher/share/ros2_laser_scan_matcher/cmake/ros2_laser_scan_matcherConfig.cmake
-- Symlinking: /home/pi/robot_ws/install/ros2_laser_scan_matcher/share/ros2_laser_scan_matcher/cmake/ros2_laser_scan_matcherConfig-version.cmake
-- Symlinking: /home/pi/robot_ws/install/ros2_laser_scan_matcher/share/ros2_laser_scan_matcher/package.xml
