[0.011s] Invoking command in '/home/pi/robot_ws/build/ros2_laser_scan_matcher': AMENT_PREFIX_PATH=/home/pi/robot_ws/install/csm:${AMENT_PREFIX_PATH} CMAKE_PREFIX_PATH=/home/pi/robot_ws/install/csm:/home/pi/robot_ws/install/rplidar_ros:/home/pi/robot_ws/install/ired_navigation:/home/pi/robot_ws/install/ired_bringup:/home/pi/robot_ws/install/ired_msgs:/opt/ros/jazzy/opt/gz_sim_vendor:/opt/ros/jazzy/opt/gz_sensors_vendor:/opt/ros/jazzy/opt/gz_physics_vendor:/opt/ros/jazzy/opt/sdformat_vendor:/opt/ros/jazzy/opt/gz_gui_vendor:/opt/ros/jazzy/opt/gz_transport_vendor:/opt/ros/jazzy/opt/gz_rendering_vendor:/opt/ros/jazzy/opt/gz_plugin_vendor:/opt/ros/jazzy/opt/gz_fuel_tools_vendor:/opt/ros/jazzy/opt/gz_msgs_vendor:/opt/ros/jazzy/opt/gz_common_vendor:/opt/ros/jazzy/opt/gz_math_vendor:/opt/ros/jazzy/opt/gz_utils_vendor:/opt/ros/jazzy/opt/gz_tools_vendor:/opt/ros/jazzy/opt/gz_ogre_next_vendor:/opt/ros/jazzy/opt/gz_dartsim_vendor:/opt/ros/jazzy/opt/gz_cmake_vendor:/home/pi/robot_ws/install/ired_teleop:/home/pi/robot_ws/install/ired_movetogoal:/opt/ros/jazzy DEBUGINFOD_URLS=https://debuginfod.ubuntu.com LD_LIBRARY_PATH=/home/pi/robot_ws/install/csm/lib:${LD_LIBRARY_PATH} /usr/bin/cmake /home/pi/robot_ws/src/robot/ros2_laser_scan_matcher -DAMENT_CMAKE_SYMLINK_INSTALL=1 -DCMAKE_INSTALL_PREFIX=/home/pi/robot_ws/install/ros2_laser_scan_matcher
[0.022s] -- Found ament_cmake: 2.5.4 (/opt/ros/jazzy/share/ament_cmake/cmake)
[0.167s] -- Override CMake install command with custom implementation using symlinks instead of copying resources
[0.171s] -- Found sensor_msgs: 5.3.6 (/opt/ros/jazzy/share/sensor_msgs/cmake)
[0.188s] -- Found rosidl_generator_c: 4.6.6 (/opt/ros/jazzy/share/rosidl_generator_c/cmake)
[0.193s] -- Found rosidl_generator_cpp: 4.6.6 (/opt/ros/jazzy/share/rosidl_generator_cpp/cmake)
[0.200s] -- Using all available rosidl_typesupport_c: rosidl_typesupport_fastrtps_c;rosidl_typesupport_introspection_c
[0.209s] -- Using all available rosidl_typesupport_cpp: rosidl_typesupport_fastrtps_cpp;rosidl_typesupport_introspection_cpp
[0.255s] -- Found rclcpp: 28.1.13 (/opt/ros/jazzy/share/rclcpp/cmake)
[0.278s] -- Found rmw_implementation_cmake: 7.3.2 (/opt/ros/jazzy/share/rmw_implementation_cmake/cmake)
[0.278s] -- Found rmw_fastrtps_cpp: 8.4.3 (/opt/ros/jazzy/share/rmw_fastrtps_cpp/cmake)
[0.330s] -- Using RMW implementation 'rmw_fastrtps_cpp' as default
[0.369s] -- Found nav_msgs: 5.3.6 (/opt/ros/jazzy/share/nav_msgs/cmake)
[0.386s] -- Found tf2_ros: 0.36.16 (/opt/ros/jazzy/share/tf2_ros/cmake)
[0.458s] -- Found tf2_geometry_msgs: 0.36.16 (/opt/ros/jazzy/share/tf2_geometry_msgs/cmake)
[0.460s] -- Found eigen3_cmake_module: 0.3.0 (/opt/ros/jazzy/share/eigen3_cmake_module/cmake)
[0.461s] -- Ensuring Eigen3 include directory is part of orocos-kdl CMake target
[0.469s] -- Found csm: 0.0.0 (/home/pi/robot_ws/install/csm/share/csm/cmake)
[0.581s] -- Found Boost: /usr/lib/x86_64-linux-gnu/cmake/Boost-1.83.0/BoostConfig.cmake (found version "1.83.0") found components: thread 
[0.646s] -- Configuring done (0.6s)
[0.657s] -- Generating done (0.0s)
[0.660s] -- Build files have been written to: /home/pi/robot_ws/build/ros2_laser_scan_matcher
[0.668s] Invoked command in '/home/pi/robot_ws/build/ros2_laser_scan_matcher' returned '0': AMENT_PREFIX_PATH=/home/pi/robot_ws/install/csm:${AMENT_PREFIX_PATH} CMAKE_PREFIX_PATH=/home/pi/robot_ws/install/csm:/home/pi/robot_ws/install/rplidar_ros:/home/pi/robot_ws/install/ired_navigation:/home/pi/robot_ws/install/ired_bringup:/home/pi/robot_ws/install/ired_msgs:/opt/ros/jazzy/opt/gz_sim_vendor:/opt/ros/jazzy/opt/gz_sensors_vendor:/opt/ros/jazzy/opt/gz_physics_vendor:/opt/ros/jazzy/opt/sdformat_vendor:/opt/ros/jazzy/opt/gz_gui_vendor:/opt/ros/jazzy/opt/gz_transport_vendor:/opt/ros/jazzy/opt/gz_rendering_vendor:/opt/ros/jazzy/opt/gz_plugin_vendor:/opt/ros/jazzy/opt/gz_fuel_tools_vendor:/opt/ros/jazzy/opt/gz_msgs_vendor:/opt/ros/jazzy/opt/gz_common_vendor:/opt/ros/jazzy/opt/gz_math_vendor:/opt/ros/jazzy/opt/gz_utils_vendor:/opt/ros/jazzy/opt/gz_tools_vendor:/opt/ros/jazzy/opt/gz_ogre_next_vendor:/opt/ros/jazzy/opt/gz_dartsim_vendor:/opt/ros/jazzy/opt/gz_cmake_vendor:/home/pi/robot_ws/install/ired_teleop:/home/pi/robot_ws/install/ired_movetogoal:/opt/ros/jazzy DEBUGINFOD_URLS=https://debuginfod.ubuntu.com LD_LIBRARY_PATH=/home/pi/robot_ws/install/csm/lib:${LD_LIBRARY_PATH} /usr/bin/cmake /home/pi/robot_ws/src/robot/ros2_laser_scan_matcher -DAMENT_CMAKE_SYMLINK_INSTALL=1 -DCMAKE_INSTALL_PREFIX=/home/pi/robot_ws/install/ros2_laser_scan_matcher
[0.669s] Invoking command in '/home/pi/robot_ws/build/ros2_laser_scan_matcher': AMENT_PREFIX_PATH=/home/pi/robot_ws/install/csm:${AMENT_PREFIX_PATH} CMAKE_PREFIX_PATH=/home/pi/robot_ws/install/csm:/home/pi/robot_ws/install/rplidar_ros:/home/pi/robot_ws/install/ired_navigation:/home/pi/robot_ws/install/ired_bringup:/home/pi/robot_ws/install/ired_msgs:/opt/ros/jazzy/opt/gz_sim_vendor:/opt/ros/jazzy/opt/gz_sensors_vendor:/opt/ros/jazzy/opt/gz_physics_vendor:/opt/ros/jazzy/opt/sdformat_vendor:/opt/ros/jazzy/opt/gz_gui_vendor:/opt/ros/jazzy/opt/gz_transport_vendor:/opt/ros/jazzy/opt/gz_rendering_vendor:/opt/ros/jazzy/opt/gz_plugin_vendor:/opt/ros/jazzy/opt/gz_fuel_tools_vendor:/opt/ros/jazzy/opt/gz_msgs_vendor:/opt/ros/jazzy/opt/gz_common_vendor:/opt/ros/jazzy/opt/gz_math_vendor:/opt/ros/jazzy/opt/gz_utils_vendor:/opt/ros/jazzy/opt/gz_tools_vendor:/opt/ros/jazzy/opt/gz_ogre_next_vendor:/opt/ros/jazzy/opt/gz_dartsim_vendor:/opt/ros/jazzy/opt/gz_cmake_vendor:/home/pi/robot_ws/install/ired_teleop:/home/pi/robot_ws/install/ired_movetogoal:/opt/ros/jazzy DEBUGINFOD_URLS=https://debuginfod.ubuntu.com LD_LIBRARY_PATH=/home/pi/robot_ws/install/csm/lib:${LD_LIBRARY_PATH} /usr/bin/cmake --build /home/pi/robot_ws/build/ros2_laser_scan_matcher -- -j16 -l16
[0.722s] [ 50%] [32mBuilding CXX object CMakeFiles/laser_scan_matcher.dir/src/laser_scan_matcher.cpp.o[0m
[8.985s] [100%] [32m[1mLinking CXX executable laser_scan_matcher[0m
[9.369s] [100%] Built target laser_scan_matcher
[9.381s] Invoked command in '/home/pi/robot_ws/build/ros2_laser_scan_matcher' returned '0': AMENT_PREFIX_PATH=/home/pi/robot_ws/install/csm:${AMENT_PREFIX_PATH} CMAKE_PREFIX_PATH=/home/pi/robot_ws/install/csm:/home/pi/robot_ws/install/rplidar_ros:/home/pi/robot_ws/install/ired_navigation:/home/pi/robot_ws/install/ired_bringup:/home/pi/robot_ws/install/ired_msgs:/opt/ros/jazzy/opt/gz_sim_vendor:/opt/ros/jazzy/opt/gz_sensors_vendor:/opt/ros/jazzy/opt/gz_physics_vendor:/opt/ros/jazzy/opt/sdformat_vendor:/opt/ros/jazzy/opt/gz_gui_vendor:/opt/ros/jazzy/opt/gz_transport_vendor:/opt/ros/jazzy/opt/gz_rendering_vendor:/opt/ros/jazzy/opt/gz_plugin_vendor:/opt/ros/jazzy/opt/gz_fuel_tools_vendor:/opt/ros/jazzy/opt/gz_msgs_vendor:/opt/ros/jazzy/opt/gz_common_vendor:/opt/ros/jazzy/opt/gz_math_vendor:/opt/ros/jazzy/opt/gz_utils_vendor:/opt/ros/jazzy/opt/gz_tools_vendor:/opt/ros/jazzy/opt/gz_ogre_next_vendor:/opt/ros/jazzy/opt/gz_dartsim_vendor:/opt/ros/jazzy/opt/gz_cmake_vendor:/home/pi/robot_ws/install/ired_teleop:/home/pi/robot_ws/install/ired_movetogoal:/opt/ros/jazzy DEBUGINFOD_URLS=https://debuginfod.ubuntu.com LD_LIBRARY_PATH=/home/pi/robot_ws/install/csm/lib:${LD_LIBRARY_PATH} /usr/bin/cmake --build /home/pi/robot_ws/build/ros2_laser_scan_matcher -- -j16 -l16
[9.382s] Invoking command in '/home/pi/robot_ws/build/ros2_laser_scan_matcher': AMENT_PREFIX_PATH=/home/pi/robot_ws/install/csm:${AMENT_PREFIX_PATH} CMAKE_PREFIX_PATH=/home/pi/robot_ws/install/csm:/home/pi/robot_ws/install/rplidar_ros:/home/pi/robot_ws/install/ired_navigation:/home/pi/robot_ws/install/ired_bringup:/home/pi/robot_ws/install/ired_msgs:/opt/ros/jazzy/opt/gz_sim_vendor:/opt/ros/jazzy/opt/gz_sensors_vendor:/opt/ros/jazzy/opt/gz_physics_vendor:/opt/ros/jazzy/opt/sdformat_vendor:/opt/ros/jazzy/opt/gz_gui_vendor:/opt/ros/jazzy/opt/gz_transport_vendor:/opt/ros/jazzy/opt/gz_rendering_vendor:/opt/ros/jazzy/opt/gz_plugin_vendor:/opt/ros/jazzy/opt/gz_fuel_tools_vendor:/opt/ros/jazzy/opt/gz_msgs_vendor:/opt/ros/jazzy/opt/gz_common_vendor:/opt/ros/jazzy/opt/gz_math_vendor:/opt/ros/jazzy/opt/gz_utils_vendor:/opt/ros/jazzy/opt/gz_tools_vendor:/opt/ros/jazzy/opt/gz_ogre_next_vendor:/opt/ros/jazzy/opt/gz_dartsim_vendor:/opt/ros/jazzy/opt/gz_cmake_vendor:/home/pi/robot_ws/install/ired_teleop:/home/pi/robot_ws/install/ired_movetogoal:/opt/ros/jazzy DEBUGINFOD_URLS=https://debuginfod.ubuntu.com LD_LIBRARY_PATH=/home/pi/robot_ws/install/csm/lib:${LD_LIBRARY_PATH} /usr/bin/cmake --install /home/pi/robot_ws/build/ros2_laser_scan_matcher
[9.389s] -- Install configuration: ""
[9.389s] -- Execute custom install script
[9.390s] -- Symlinking: /home/pi/robot_ws/install/ros2_laser_scan_matcher/lib/ros2_laser_scan_matcher/laser_scan_matcher
[9.399s] -- Symlinking: /home/pi/robot_ws/install/ros2_laser_scan_matcher/share/ros2_laser_scan_matcher/launch/laser_scan_matcher.launch.py
[9.407s] -- Symlinking: /home/pi/robot_ws/install/ros2_laser_scan_matcher/share/ros2_laser_scan_matcher/param/laser_scan_matcher.yaml
[9.416s] -- Symlinking: /home/pi/robot_ws/install/ros2_laser_scan_matcher/share/ament_index/resource_index/package_run_dependencies/ros2_laser_scan_matcher
[9.425s] -- Symlinking: /home/pi/robot_ws/install/ros2_laser_scan_matcher/share/ament_index/resource_index/parent_prefix_path/ros2_laser_scan_matcher
[9.433s] -- Symlinking: /home/pi/robot_ws/install/ros2_laser_scan_matcher/share/ros2_laser_scan_matcher/environment/ament_prefix_path.sh
[9.443s] -- Symlinking: /home/pi/robot_ws/install/ros2_laser_scan_matcher/share/ros2_laser_scan_matcher/environment/ament_prefix_path.dsv
[9.453s] -- Symlinking: /home/pi/robot_ws/install/ros2_laser_scan_matcher/share/ros2_laser_scan_matcher/environment/path.sh
[9.462s] -- Symlinking: /home/pi/robot_ws/install/ros2_laser_scan_matcher/share/ros2_laser_scan_matcher/environment/path.dsv
[9.472s] -- Symlinking: /home/pi/robot_ws/install/ros2_laser_scan_matcher/share/ros2_laser_scan_matcher/local_setup.bash
[9.482s] -- Symlinking: /home/pi/robot_ws/install/ros2_laser_scan_matcher/share/ros2_laser_scan_matcher/local_setup.sh
[9.492s] -- Symlinking: /home/pi/robot_ws/install/ros2_laser_scan_matcher/share/ros2_laser_scan_matcher/local_setup.zsh
[9.502s] -- Symlinking: /home/pi/robot_ws/install/ros2_laser_scan_matcher/share/ros2_laser_scan_matcher/local_setup.dsv
[9.510s] -- Symlinking: /home/pi/robot_ws/install/ros2_laser_scan_matcher/share/ros2_laser_scan_matcher/package.dsv
[9.518s] -- Symlinking: /home/pi/robot_ws/install/ros2_laser_scan_matcher/share/ament_index/resource_index/packages/ros2_laser_scan_matcher
[9.527s] -- Symlinking: /home/pi/robot_ws/install/ros2_laser_scan_matcher/share/ros2_laser_scan_matcher/cmake/ros2_laser_scan_matcherConfig.cmake
[9.536s] -- Symlinking: /home/pi/robot_ws/install/ros2_laser_scan_matcher/share/ros2_laser_scan_matcher/cmake/ros2_laser_scan_matcherConfig-version.cmake
[9.545s] -- Symlinking: /home/pi/robot_ws/install/ros2_laser_scan_matcher/share/ros2_laser_scan_matcher/package.xml
[9.557s] Invoked command in '/home/pi/robot_ws/build/ros2_laser_scan_matcher' returned '0': AMENT_PREFIX_PATH=/home/pi/robot_ws/install/csm:${AMENT_PREFIX_PATH} CMAKE_PREFIX_PATH=/home/pi/robot_ws/install/csm:/home/pi/robot_ws/install/rplidar_ros:/home/pi/robot_ws/install/ired_navigation:/home/pi/robot_ws/install/ired_bringup:/home/pi/robot_ws/install/ired_msgs:/opt/ros/jazzy/opt/gz_sim_vendor:/opt/ros/jazzy/opt/gz_sensors_vendor:/opt/ros/jazzy/opt/gz_physics_vendor:/opt/ros/jazzy/opt/sdformat_vendor:/opt/ros/jazzy/opt/gz_gui_vendor:/opt/ros/jazzy/opt/gz_transport_vendor:/opt/ros/jazzy/opt/gz_rendering_vendor:/opt/ros/jazzy/opt/gz_plugin_vendor:/opt/ros/jazzy/opt/gz_fuel_tools_vendor:/opt/ros/jazzy/opt/gz_msgs_vendor:/opt/ros/jazzy/opt/gz_common_vendor:/opt/ros/jazzy/opt/gz_math_vendor:/opt/ros/jazzy/opt/gz_utils_vendor:/opt/ros/jazzy/opt/gz_tools_vendor:/opt/ros/jazzy/opt/gz_ogre_next_vendor:/opt/ros/jazzy/opt/gz_dartsim_vendor:/opt/ros/jazzy/opt/gz_cmake_vendor:/home/pi/robot_ws/install/ired_teleop:/home/pi/robot_ws/install/ired_movetogoal:/opt/ros/jazzy DEBUGINFOD_URLS=https://debuginfod.ubuntu.com LD_LIBRARY_PATH=/home/pi/robot_ws/install/csm/lib:${LD_LIBRARY_PATH} /usr/bin/cmake --install /home/pi/robot_ws/build/ros2_laser_scan_matcher
