[0.051s] Invoking command in '/home/pp/Tawan-pe-/src/build/ired_msgs': CMAKE_PREFIX_PATH=${CMAKE_PREFIX_PATH}:/home/pp/Tawan-pe-/install/station_pkg:/home/pp/Tawan-pe-/install/ros2_aruco:/home/pp/Tawan-pe-/install/motion_control:/home/pp/Tawan-pe-/install/ired_teleop:/home/pp/Tawan-pe-/install/ired_movetogoal:/opt/ros/jazzy DEBUGINFOD_URLS=https://debuginfod.ubuntu.com /usr/bin/cmake /home/pp/Tawan-pe-/src/robot/ired_msgs -DAMENT_CMAKE_SYMLINK_INSTALL=1 -DCMAKE_INSTALL_PREFIX=/home/pp/Tawan-pe-/src/install/ired_msgs
[1.209s] -- The C compiler identification is GNU 13.3.0
[1.210s] -- The CXX compiler identification is GNU 13.3.0
[1.210s] -- Detecting C compiler ABI info
[1.210s] -- Detecting C compiler ABI info - done
[1.210s] -- Check for working C compiler: /usr/bin/cc - skipped
[1.210s] -- Detecting C compile features
[1.210s] -- Detecting C compile features - done
[1.210s] -- Detecting CXX compiler ABI info
[1.210s] -- Detecting CXX compiler ABI info - done
[1.210s] -- Check for working CXX compiler: /usr/bin/c++ - skipped
[1.211s] -- Detecting CXX compile features
[1.211s] -- Detecting CXX compile features - done
[1.211s] -- Found ament_cmake: 2.5.4 (/opt/ros/jazzy/share/ament_cmake/cmake)
[1.211s] -- Found Python3: /usr/bin/python3 (found version "3.12.3") found components: Interpreter 
[1.211s] -- Override CMake install command with custom implementation using symlinks instead of copying resources
[1.211s] -- Found std_msgs: 5.3.6 (/opt/ros/jazzy/share/std_msgs/cmake)
[1.211s] -- Found rosidl_generator_c: 4.6.6 (/opt/ros/jazzy/share/rosidl_generator_c/cmake)
[1.211s] -- Found rosidl_generator_cpp: 4.6.6 (/opt/ros/jazzy/share/rosidl_generator_cpp/cmake)
[1.211s] -- Using all available rosidl_typesupport_c: rosidl_typesupport_fastrtps_c;rosidl_typesupport_introspection_c
[1.211s] -- Using all available rosidl_typesupport_cpp: rosidl_typesupport_fastrtps_cpp;rosidl_typesupport_introspection_cpp
[1.211s] -- Found rosidl_default_generators: 1.6.0 (/opt/ros/jazzy/share/rosidl_default_generators/cmake)
[1.212s] -- Found rosidl_adapter: 4.6.6 (/opt/ros/jazzy/share/rosidl_adapter/cmake)
[2.828s] -- Found ament_cmake_ros: 0.12.0 (/opt/ros/jazzy/share/ament_cmake_ros/cmake)
[5.239s] -- Using all available rosidl_typesupport_c: rosidl_typesupport_fastrtps_c;rosidl_typesupport_introspection_c
[6.428s] -- Using all available rosidl_typesupport_cpp: rosidl_typesupport_fastrtps_cpp;rosidl_typesupport_introspection_cpp
[6.434s] -- Found python_cmake_module: 0.11.1 (/opt/ros/jazzy/share/python_cmake_module/cmake)
[6.883s] -- Found PythonExtra: /usr/bin/python3  
[8.841s] -- Found Python3: /usr/bin/python3 (found version "3.12.3") found components: Interpreter Development NumPy Development.Module Development.Embed 
[9.065s] -- Found ament_lint_auto: 0.17.3 (/opt/ros/jazzy/share/ament_lint_auto/cmake)
[9.128s] -- Added test 'lint_cmake' to check CMake code style
[9.128s] -- Added test 'xmllint' to check XML markup files
[9.140s] -- Configuring done (9.1s)
[9.373s] -- Generating done (0.2s)
[9.431s] -- Build files have been written to: /home/pp/Tawan-pe-/src/build/ired_msgs
[9.509s] Invoked command in '/home/pp/Tawan-pe-/src/build/ired_msgs' returned '0': CMAKE_PREFIX_PATH=${CMAKE_PREFIX_PATH}:/home/pp/Tawan-pe-/install/station_pkg:/home/pp/Tawan-pe-/install/ros2_aruco:/home/pp/Tawan-pe-/install/motion_control:/home/pp/Tawan-pe-/install/ired_teleop:/home/pp/Tawan-pe-/install/ired_movetogoal:/opt/ros/jazzy DEBUGINFOD_URLS=https://debuginfod.ubuntu.com /usr/bin/cmake /home/pp/Tawan-pe-/src/robot/ired_msgs -DAMENT_CMAKE_SYMLINK_INSTALL=1 -DCMAKE_INSTALL_PREFIX=/home/pp/Tawan-pe-/src/install/ired_msgs
[9.510s] Invoking command in '/home/pp/Tawan-pe-/src/build/ired_msgs': CMAKE_PREFIX_PATH=${CMAKE_PREFIX_PATH}:/home/pp/Tawan-pe-/install/station_pkg:/home/pp/Tawan-pe-/install/ros2_aruco:/home/pp/Tawan-pe-/install/motion_control:/home/pp/Tawan-pe-/install/ired_teleop:/home/pp/Tawan-pe-/install/ired_movetogoal:/opt/ros/jazzy DEBUGINFOD_URLS=https://debuginfod.ubuntu.com /usr/bin/cmake --build /home/pp/Tawan-pe-/src/build/ired_msgs -- -j12 -l12
[9.752s] [  1%] [34m[1mGenerating type hashes for ROS interfaces[0m
[9.869s] [  1%] Built target ament_cmake_python_symlink_ired_msgs
[10.543s] [  1%] Built target ired_msgs__rosidl_generator_type_description
[10.577s] [  2%] [34m[1mGenerating C code for ROS interfaces[0m
[10.577s] [  4%] [34m[1mGenerating C++ code for ROS interfaces[0m
[11.629s] running egg_info
[11.631s] creating ired_msgs.egg-info
[11.844s] writing ired_msgs.egg-info/PKG-INFO
[11.848s] writing dependency_links to ired_msgs.egg-info/dependency_links.txt
[11.848s] writing top-level names to ired_msgs.egg-info/top_level.txt
[11.849s] writing manifest file 'ired_msgs.egg-info/SOURCES.txt'
[11.921s] [  4%] Built target ired_msgs__cpp
[12.253s] reading manifest file 'ired_msgs.egg-info/SOURCES.txt'
[12.257s] writing manifest file 'ired_msgs.egg-info/SOURCES.txt'
[12.397s] [  4%] Built target ament_cmake_python_build_ired_msgs_egg
[12.626s] [  5%] [32mBuilding C object CMakeFiles/ired_msgs__rosidl_generator_c.dir/rosidl_generator_c/ired_msgs/msg/detail/motor_control__description.c.o[0m
[12.635s] [  6%] [32mBuilding C object CMakeFiles/ired_msgs__rosidl_generator_c.dir/rosidl_generator_c/ired_msgs/msg/detail/imu_data__type_support.c.o[0m
[12.635s] [  8%] [32mBuilding C object CMakeFiles/ired_msgs__rosidl_generator_c.dir/rosidl_generator_c/ired_msgs/msg/detail/imu_data__functions.c.o[0m
[12.635s] [  9%] [32mBuilding C object CMakeFiles/ired_msgs__rosidl_generator_c.dir/rosidl_generator_c/ired_msgs/msg/detail/imu_data__description.c.o[0m
[12.644s] [ 10%] [32mBuilding C object CMakeFiles/ired_msgs__rosidl_generator_c.dir/rosidl_generator_c/ired_msgs/msg/detail/motor_control__type_support.c.o[0m
[12.646s] [ 12%] [32mBuilding C object CMakeFiles/ired_msgs__rosidl_generator_c.dir/rosidl_generator_c/ired_msgs/msg/detail/motor_control__functions.c.o[0m
[12.660s] [ 13%] [32mBuilding C object CMakeFiles/ired_msgs__rosidl_generator_c.dir/rosidl_generator_c/ired_msgs/msg/detail/motor_data__description.c.o[0m
[12.663s] [ 14%] [32mBuilding C object CMakeFiles/ired_msgs__rosidl_generator_c.dir/rosidl_generator_c/ired_msgs/msg/detail/motor_data__type_support.c.o[0m
[12.668s] [ 16%] [32mBuilding C object CMakeFiles/ired_msgs__rosidl_generator_c.dir/rosidl_generator_c/ired_msgs/msg/detail/motor_speed__description.c.o[0m
[12.670s] [ 17%] [32mBuilding C object CMakeFiles/ired_msgs__rosidl_generator_c.dir/rosidl_generator_c/ired_msgs/msg/detail/motor_data__functions.c.o[0m
[12.672s] [ 18%] [32mBuilding C object CMakeFiles/ired_msgs__rosidl_generator_c.dir/rosidl_generator_c/ired_msgs/msg/detail/motor_speed__functions.c.o[0m
[12.709s] [ 20%] [32mBuilding C object CMakeFiles/ired_msgs__rosidl_generator_c.dir/rosidl_generator_c/ired_msgs/msg/detail/motor_speed__type_support.c.o[0m
[12.785s] [ 21%] [32mBuilding C object CMakeFiles/ired_msgs__rosidl_generator_c.dir/rosidl_generator_c/ired_msgs/srv/detail/pid_tuning__functions.c.o[0m
[12.785s] [ 22%] [32mBuilding C object CMakeFiles/ired_msgs__rosidl_generator_c.dir/rosidl_generator_c/ired_msgs/srv/detail/pid_tuning__description.c.o[0m
[12.802s] [ 24%] [32mBuilding C object CMakeFiles/ired_msgs__rosidl_generator_c.dir/rosidl_generator_c/ired_msgs/srv/detail/pid_tuning__type_support.c.o[0m
[12.934s] [ 25%] [32m[1mLinking C shared library libired_msgs__rosidl_generator_c.so[0m
[13.000s] [ 25%] Built target ired_msgs__rosidl_generator_c
[13.022s] [ 27%] [34m[1mGenerating C type support for eProsima Fast-RTPS[0m
[13.030s] [ 28%] [34m[1mGenerating C++ type support for eProsima Fast-RTPS[0m
[13.031s] [ 29%] [34m[1mGenerating C introspection for ROS interfaces[0m
[13.032s] [ 31%] [34m[1mGenerating C++ type support dispatch for ROS interfaces[0m
[13.037s] [ 32%] [34m[1mGenerating C type support dispatch for ROS interfaces[0m
[13.043s] [ 33%] [34m[1mGenerating C++ introspection for ROS interfaces[0m
[13.672s] [ 35%] [32mBuilding CXX object CMakeFiles/ired_msgs__rosidl_typesupport_c.dir/rosidl_typesupport_c/ired_msgs/msg/imu_data__type_support.cpp.o[0m
[13.684s] [ 36%] [32mBuilding CXX object CMakeFiles/ired_msgs__rosidl_typesupport_c.dir/rosidl_typesupport_c/ired_msgs/msg/motor_speed__type_support.cpp.o[0m
[13.688s] [ 37%] [32mBuilding CXX object CMakeFiles/ired_msgs__rosidl_typesupport_c.dir/rosidl_typesupport_c/ired_msgs/msg/motor_control__type_support.cpp.o[0m
[13.688s] [ 39%] [32mBuilding CXX object CMakeFiles/ired_msgs__rosidl_typesupport_c.dir/rosidl_typesupport_c/ired_msgs/srv/pid_tuning__type_support.cpp.o[0m
[13.689s] [ 40%] [32mBuilding CXX object CMakeFiles/ired_msgs__rosidl_typesupport_c.dir/rosidl_typesupport_c/ired_msgs/msg/motor_data__type_support.cpp.o[0m
[13.885s] [ 41%] [32mBuilding C object CMakeFiles/ired_msgs__rosidl_typesupport_introspection_c.dir/rosidl_typesupport_introspection_c/ired_msgs/msg/detail/imu_data__type_support.c.o[0m
[13.895s] [ 43%] [32mBuilding CXX object CMakeFiles/ired_msgs__rosidl_typesupport_cpp.dir/rosidl_typesupport_cpp/ired_msgs/msg/motor_control__type_support.cpp.o[0m
[13.895s] [ 44%] [32mBuilding CXX object CMakeFiles/ired_msgs__rosidl_typesupport_cpp.dir/rosidl_typesupport_cpp/ired_msgs/msg/motor_data__type_support.cpp.o[0m
[13.896s] [ 45%] [32mBuilding CXX object CMakeFiles/ired_msgs__rosidl_typesupport_cpp.dir/rosidl_typesupport_cpp/ired_msgs/msg/imu_data__type_support.cpp.o[0m
[13.917s] [ 47%] [32mBuilding C object CMakeFiles/ired_msgs__rosidl_typesupport_introspection_c.dir/rosidl_typesupport_introspection_c/ired_msgs/msg/detail/motor_data__type_support.c.o[0m
[13.922s] [ 48%] [32mBuilding CXX object CMakeFiles/ired_msgs__rosidl_typesupport_cpp.dir/rosidl_typesupport_cpp/ired_msgs/msg/motor_speed__type_support.cpp.o[0m
[13.939s] [ 50%] [32mBuilding C object CMakeFiles/ired_msgs__rosidl_typesupport_introspection_c.dir/rosidl_typesupport_introspection_c/ired_msgs/msg/detail/motor_control__type_support.c.o[0m
[13.939s] [ 51%] [32mBuilding CXX object CMakeFiles/ired_msgs__rosidl_typesupport_cpp.dir/rosidl_typesupport_cpp/ired_msgs/srv/pid_tuning__type_support.cpp.o[0m
[13.975s] [ 52%] [32m[1mLinking CXX shared library libired_msgs__rosidl_typesupport_c.so[0m
[13.975s] [ 54%] [32mBuilding C object CMakeFiles/ired_msgs__rosidl_typesupport_introspection_c.dir/rosidl_typesupport_introspection_c/ired_msgs/msg/detail/motor_speed__type_support.c.o[0m
[14.078s] [ 55%] [32mBuilding C object CMakeFiles/ired_msgs__rosidl_typesupport_introspection_c.dir/rosidl_typesupport_introspection_c/ired_msgs/srv/detail/pid_tuning__type_support.c.o[0m
[14.129s] [ 55%] Built target ired_msgs__rosidl_typesupport_c
[14.262s] [ 56%] [32m[1mLinking C shared library libired_msgs__rosidl_typesupport_introspection_c.so[0m
[14.301s] [ 58%] [32mBuilding CXX object CMakeFiles/ired_msgs__rosidl_typesupport_introspection_cpp.dir/rosidl_typesupport_introspection_cpp/ired_msgs/msg/detail/imu_data__type_support.cpp.o[0m
[14.317s] [ 59%] [32mBuilding CXX object CMakeFiles/ired_msgs__rosidl_typesupport_introspection_cpp.dir/rosidl_typesupport_introspection_cpp/ired_msgs/msg/detail/motor_control__type_support.cpp.o[0m
[14.324s] [ 60%] [32mBuilding CXX object CMakeFiles/ired_msgs__rosidl_typesupport_introspection_cpp.dir/rosidl_typesupport_introspection_cpp/ired_msgs/msg/detail/motor_data__type_support.cpp.o[0m
[14.326s] [ 62%] [32mBuilding CXX object CMakeFiles/ired_msgs__rosidl_typesupport_introspection_cpp.dir/rosidl_typesupport_introspection_cpp/ired_msgs/msg/detail/motor_speed__type_support.cpp.o[0m
[14.402s] [ 62%] Built target ired_msgs__rosidl_typesupport_introspection_c
[14.484s] [ 63%] [32mBuilding CXX object CMakeFiles/ired_msgs__rosidl_typesupport_introspection_cpp.dir/rosidl_typesupport_introspection_cpp/ired_msgs/srv/detail/pid_tuning__type_support.cpp.o[0m
[14.889s] [ 64%] [32mBuilding CXX object CMakeFiles/ired_msgs__rosidl_typesupport_fastrtps_c.dir/rosidl_typesupport_fastrtps_c/ired_msgs/msg/detail/imu_data__type_support_c.cpp.o[0m
[14.893s] [ 67%] [32mBuilding CXX object CMakeFiles/ired_msgs__rosidl_typesupport_fastrtps_c.dir/rosidl_typesupport_fastrtps_c/ired_msgs/msg/detail/motor_control__type_support_c.cpp.o[0m
[14.893s] [ 67%] [32mBuilding CXX object CMakeFiles/ired_msgs__rosidl_typesupport_fastrtps_c.dir/rosidl_typesupport_fastrtps_c/ired_msgs/msg/detail/motor_data__type_support_c.cpp.o[0m
[14.935s] [ 68%] [32mBuilding CXX object CMakeFiles/ired_msgs__rosidl_typesupport_fastrtps_c.dir/rosidl_typesupport_fastrtps_c/ired_msgs/msg/detail/motor_speed__type_support_c.cpp.o[0m
[14.960s] [ 70%] [32mBuilding CXX object CMakeFiles/ired_msgs__rosidl_typesupport_fastrtps_c.dir/rosidl_typesupport_fastrtps_c/ired_msgs/srv/detail/pid_tuning__type_support_c.cpp.o[0m
[15.447s] [ 71%] [32mBuilding CXX object CMakeFiles/ired_msgs__rosidl_typesupport_fastrtps_cpp.dir/rosidl_typesupport_fastrtps_cpp/ired_msgs/msg/detail/dds_fastrtps/motor_data__type_support.cpp.o[0m
[15.462s] [ 72%] [32mBuilding CXX object CMakeFiles/ired_msgs__rosidl_typesupport_fastrtps_cpp.dir/rosidl_typesupport_fastrtps_cpp/ired_msgs/msg/detail/dds_fastrtps/imu_data__type_support.cpp.o[0m
[15.463s] [ 74%] [32mBuilding CXX object CMakeFiles/ired_msgs__rosidl_typesupport_fastrtps_cpp.dir/rosidl_typesupport_fastrtps_cpp/ired_msgs/msg/detail/dds_fastrtps/motor_control__type_support.cpp.o[0m
[15.687s] [ 75%] [32m[1mLinking CXX shared library libired_msgs__rosidl_typesupport_cpp.so[0m
[15.753s] [ 77%] [32mBuilding CXX object CMakeFiles/ired_msgs__rosidl_typesupport_fastrtps_cpp.dir/rosidl_typesupport_fastrtps_cpp/ired_msgs/msg/detail/dds_fastrtps/motor_speed__type_support.cpp.o[0m
[15.875s] [ 78%] [32mBuilding CXX object CMakeFiles/ired_msgs__rosidl_typesupport_fastrtps_cpp.dir/rosidl_typesupport_fastrtps_cpp/ired_msgs/srv/detail/dds_fastrtps/pid_tuning__type_support.cpp.o[0m
[16.174s] [ 79%] [32m[1mLinking CXX shared library libired_msgs__rosidl_typesupport_introspection_cpp.so[0m
[16.175s] [ 79%] Built target ired_msgs__rosidl_typesupport_cpp
[16.319s] [ 79%] Built target ired_msgs__rosidl_typesupport_introspection_cpp
[16.479s] [ 81%] [32m[1mLinking CXX shared library libired_msgs__rosidl_typesupport_fastrtps_c.so[0m
[16.616s] [ 81%] Built target ired_msgs__rosidl_typesupport_fastrtps_c
[16.957s] [ 82%] [32m[1mLinking CXX shared library libired_msgs__rosidl_typesupport_fastrtps_cpp.so[0m
[17.088s] [ 82%] Built target ired_msgs__rosidl_typesupport_fastrtps_cpp
[17.115s] [ 82%] Built target ired_msgs
[17.146s] [ 83%] [34m[1mGenerating Python code for ROS interfaces[0m
[17.955s] [ 83%] Built target ired_msgs__py
[17.977s] [ 85%] [32mBuilding C object CMakeFiles/ired_msgs__rosidl_generator_py.dir/rosidl_generator_py/ired_msgs/msg/_imu_data_s.c.o[0m
[17.979s] [ 86%] [32mBuilding C object CMakeFiles/ired_msgs__rosidl_generator_py.dir/rosidl_generator_py/ired_msgs/msg/_motor_control_s.c.o[0m
[17.982s] [ 87%] [32mBuilding C object CMakeFiles/ired_msgs__rosidl_generator_py.dir/rosidl_generator_py/ired_msgs/msg/_motor_data_s.c.o[0m
[17.982s] [ 89%] [32mBuilding C object CMakeFiles/ired_msgs__rosidl_generator_py.dir/rosidl_generator_py/ired_msgs/msg/_motor_speed_s.c.o[0m
[17.984s] [ 90%] [32mBuilding C object CMakeFiles/ired_msgs__rosidl_generator_py.dir/rosidl_generator_py/ired_msgs/srv/_pid_tuning_s.c.o[0m
[18.244s] [ 91%] [32m[1mLinking C shared library libired_msgs__rosidl_generator_py.so[0m
[18.307s] [ 91%] Built target ired_msgs__rosidl_generator_py
[18.333s] [ 93%] [32mBuilding C object CMakeFiles/ired_msgs_s__rosidl_typesupport_c.dir/rosidl_generator_py/ired_msgs/_ired_msgs_s.ep.rosidl_typesupport_c.c.o[0m
[18.336s] [ 94%] [32mBuilding C object CMakeFiles/ired_msgs_s__rosidl_typesupport_fastrtps_c.dir/rosidl_generator_py/ired_msgs/_ired_msgs_s.ep.rosidl_typesupport_fastrtps_c.c.o[0m
[18.341s] [ 95%] [32mBuilding C object CMakeFiles/ired_msgs_s__rosidl_typesupport_introspection_c.dir/rosidl_generator_py/ired_msgs/_ired_msgs_s.ep.rosidl_typesupport_introspection_c.c.o[0m
[18.490s] [ 97%] [32m[1mLinking C shared module rosidl_generator_py/ired_msgs/ired_msgs_s__rosidl_typesupport_c.so[0m
[18.490s] [ 98%] [32m[1mLinking C shared module rosidl_generator_py/ired_msgs/ired_msgs_s__rosidl_typesupport_fastrtps_c.so[0m
[18.493s] [100%] [32m[1mLinking C shared module rosidl_generator_py/ired_msgs/ired_msgs_s__rosidl_typesupport_introspection_c.so[0m
[18.531s] [100%] Built target ired_msgs_s__rosidl_typesupport_c
[18.533s] [100%] Built target ired_msgs_s__rosidl_typesupport_fastrtps_c
[18.541s] [100%] Built target ired_msgs_s__rosidl_typesupport_introspection_c
[18.558s] Invoked command in '/home/pp/Tawan-pe-/src/build/ired_msgs' returned '0': CMAKE_PREFIX_PATH=${CMAKE_PREFIX_PATH}:/home/pp/Tawan-pe-/install/station_pkg:/home/pp/Tawan-pe-/install/ros2_aruco:/home/pp/Tawan-pe-/install/motion_control:/home/pp/Tawan-pe-/install/ired_teleop:/home/pp/Tawan-pe-/install/ired_movetogoal:/opt/ros/jazzy DEBUGINFOD_URLS=https://debuginfod.ubuntu.com /usr/bin/cmake --build /home/pp/Tawan-pe-/src/build/ired_msgs -- -j12 -l12
[18.559s] Invoking command in '/home/pp/Tawan-pe-/src/build/ired_msgs': CMAKE_PREFIX_PATH=${CMAKE_PREFIX_PATH}:/home/pp/Tawan-pe-/install/station_pkg:/home/pp/Tawan-pe-/install/ros2_aruco:/home/pp/Tawan-pe-/install/motion_control:/home/pp/Tawan-pe-/install/ired_teleop:/home/pp/Tawan-pe-/install/ired_movetogoal:/opt/ros/jazzy DEBUGINFOD_URLS=https://debuginfod.ubuntu.com /usr/bin/cmake --install /home/pp/Tawan-pe-/src/build/ired_msgs
[18.570s] -- Install configuration: ""
[18.570s] -- Execute custom install script
[18.571s] -- Symlinking: /home/pp/Tawan-pe-/src/install/ired_msgs/share/ament_index/resource_index/rosidl_interfaces/ired_msgs
[18.582s] -- Symlinking: /home/pp/Tawan-pe-/src/install/ired_msgs/share/ired_msgs/msg/IMUData.json
[18.593s] -- Symlinking: /home/pp/Tawan-pe-/src/install/ired_msgs/share/ired_msgs/msg/MotorControl.json
[18.605s] -- Symlinking: /home/pp/Tawan-pe-/src/install/ired_msgs/share/ired_msgs/msg/MotorData.json
[18.617s] -- Symlinking: /home/pp/Tawan-pe-/src/install/ired_msgs/share/ired_msgs/msg/MotorSpeed.json
[18.627s] -- Symlinking: /home/pp/Tawan-pe-/src/install/ired_msgs/share/ired_msgs/srv/PIDTuning.json
[18.640s] -- Symlinking: /home/pp/Tawan-pe-/src/install/ired_msgs/include/ired_msgs/ired_msgs/msg/detail/imu_data__functions.h
[18.649s] -- Symlinking: /home/pp/Tawan-pe-/src/install/ired_msgs/include/ired_msgs/ired_msgs/msg/detail/imu_data__struct.h
[18.659s] -- Symlinking: /home/pp/Tawan-pe-/src/install/ired_msgs/include/ired_msgs/ired_msgs/msg/detail/imu_data__type_support.h
[18.668s] -- Symlinking: /home/pp/Tawan-pe-/src/install/ired_msgs/include/ired_msgs/ired_msgs/msg/detail/motor_control__functions.h
[18.677s] -- Symlinking: /home/pp/Tawan-pe-/src/install/ired_msgs/include/ired_msgs/ired_msgs/msg/detail/motor_control__struct.h
[18.688s] -- Symlinking: /home/pp/Tawan-pe-/src/install/ired_msgs/include/ired_msgs/ired_msgs/msg/detail/motor_control__type_support.h
[18.698s] -- Symlinking: /home/pp/Tawan-pe-/src/install/ired_msgs/include/ired_msgs/ired_msgs/msg/detail/motor_data__functions.h
[18.711s] -- Symlinking: /home/pp/Tawan-pe-/src/install/ired_msgs/include/ired_msgs/ired_msgs/msg/detail/motor_data__struct.h
[18.721s] -- Symlinking: /home/pp/Tawan-pe-/src/install/ired_msgs/include/ired_msgs/ired_msgs/msg/detail/motor_data__type_support.h
[18.733s] -- Symlinking: /home/pp/Tawan-pe-/src/install/ired_msgs/include/ired_msgs/ired_msgs/msg/detail/motor_speed__functions.h
[18.748s] -- Symlinking: /home/pp/Tawan-pe-/src/install/ired_msgs/include/ired_msgs/ired_msgs/msg/detail/motor_speed__struct.h
[18.762s] -- Symlinking: /home/pp/Tawan-pe-/src/install/ired_msgs/include/ired_msgs/ired_msgs/msg/detail/motor_speed__type_support.h
[18.777s] -- Symlinking: /home/pp/Tawan-pe-/src/install/ired_msgs/include/ired_msgs/ired_msgs/msg/imu_data.h
[18.791s] -- Symlinking: /home/pp/Tawan-pe-/src/install/ired_msgs/include/ired_msgs/ired_msgs/msg/motor_control.h
[18.801s] -- Symlinking: /home/pp/Tawan-pe-/src/install/ired_msgs/include/ired_msgs/ired_msgs/msg/motor_data.h
[18.814s] -- Symlinking: /home/pp/Tawan-pe-/src/install/ired_msgs/include/ired_msgs/ired_msgs/msg/motor_speed.h
[18.825s] -- Symlinking: /home/pp/Tawan-pe-/src/install/ired_msgs/include/ired_msgs/ired_msgs/msg/rosidl_generator_c__visibility_control.h
[18.834s] -- Symlinking: /home/pp/Tawan-pe-/src/install/ired_msgs/include/ired_msgs/ired_msgs/srv/detail/pid_tuning__functions.h
[18.847s] -- Symlinking: /home/pp/Tawan-pe-/src/install/ired_msgs/include/ired_msgs/ired_msgs/srv/detail/pid_tuning__struct.h
[18.858s] -- Symlinking: /home/pp/Tawan-pe-/src/install/ired_msgs/include/ired_msgs/ired_msgs/srv/detail/pid_tuning__type_support.h
[18.870s] -- Symlinking: /home/pp/Tawan-pe-/src/install/ired_msgs/include/ired_msgs/ired_msgs/srv/pid_tuning.h
[18.882s] -- Symlinking: /home/pp/Tawan-pe-/src/install/ired_msgs/share/ired_msgs/environment/library_path.sh
[18.895s] -- Symlinking: /home/pp/Tawan-pe-/src/install/ired_msgs/share/ired_msgs/environment/library_path.dsv
[18.908s] -- Symlinking: /home/pp/Tawan-pe-/src/install/ired_msgs/include/ired_msgs/ired_msgs/msg/detail/imu_data__rosidl_typesupport_fastrtps_c.h
[18.921s] -- Symlinking: /home/pp/Tawan-pe-/src/install/ired_msgs/include/ired_msgs/ired_msgs/msg/detail/motor_control__rosidl_typesupport_fastrtps_c.h
[18.934s] -- Symlinking: /home/pp/Tawan-pe-/src/install/ired_msgs/include/ired_msgs/ired_msgs/msg/detail/motor_data__rosidl_typesupport_fastrtps_c.h
[18.946s] -- Symlinking: /home/pp/Tawan-pe-/src/install/ired_msgs/include/ired_msgs/ired_msgs/msg/detail/motor_speed__rosidl_typesupport_fastrtps_c.h
[18.958s] -- Symlinking: /home/pp/Tawan-pe-/src/install/ired_msgs/include/ired_msgs/ired_msgs/msg/rosidl_typesupport_fastrtps_c__visibility_control.h
[18.970s] -- Symlinking: /home/pp/Tawan-pe-/src/install/ired_msgs/include/ired_msgs/ired_msgs/srv/detail/pid_tuning__rosidl_typesupport_fastrtps_c.h
[18.982s] -- Symlinking: /home/pp/Tawan-pe-/src/install/ired_msgs/include/ired_msgs/ired_msgs/msg/detail/imu_data__builder.hpp
[18.995s] -- Symlinking: /home/pp/Tawan-pe-/src/install/ired_msgs/include/ired_msgs/ired_msgs/msg/detail/imu_data__struct.hpp
[19.007s] -- Symlinking: /home/pp/Tawan-pe-/src/install/ired_msgs/include/ired_msgs/ired_msgs/msg/detail/imu_data__traits.hpp
[19.020s] -- Symlinking: /home/pp/Tawan-pe-/src/install/ired_msgs/include/ired_msgs/ired_msgs/msg/detail/imu_data__type_support.hpp
[19.030s] -- Symlinking: /home/pp/Tawan-pe-/src/install/ired_msgs/include/ired_msgs/ired_msgs/msg/detail/motor_control__builder.hpp
[19.042s] -- Symlinking: /home/pp/Tawan-pe-/src/install/ired_msgs/include/ired_msgs/ired_msgs/msg/detail/motor_control__struct.hpp
[19.055s] -- Symlinking: /home/pp/Tawan-pe-/src/install/ired_msgs/include/ired_msgs/ired_msgs/msg/detail/motor_control__traits.hpp
[19.067s] -- Symlinking: /home/pp/Tawan-pe-/src/install/ired_msgs/include/ired_msgs/ired_msgs/msg/detail/motor_control__type_support.hpp
[19.078s] -- Symlinking: /home/pp/Tawan-pe-/src/install/ired_msgs/include/ired_msgs/ired_msgs/msg/detail/motor_data__builder.hpp
[19.091s] -- Symlinking: /home/pp/Tawan-pe-/src/install/ired_msgs/include/ired_msgs/ired_msgs/msg/detail/motor_data__struct.hpp
[19.104s] -- Symlinking: /home/pp/Tawan-pe-/src/install/ired_msgs/include/ired_msgs/ired_msgs/msg/detail/motor_data__traits.hpp
[19.116s] -- Symlinking: /home/pp/Tawan-pe-/src/install/ired_msgs/include/ired_msgs/ired_msgs/msg/detail/motor_data__type_support.hpp
[19.128s] -- Symlinking: /home/pp/Tawan-pe-/src/install/ired_msgs/include/ired_msgs/ired_msgs/msg/detail/motor_speed__builder.hpp
[19.140s] -- Symlinking: /home/pp/Tawan-pe-/src/install/ired_msgs/include/ired_msgs/ired_msgs/msg/detail/motor_speed__struct.hpp
[19.150s] -- Symlinking: /home/pp/Tawan-pe-/src/install/ired_msgs/include/ired_msgs/ired_msgs/msg/detail/motor_speed__traits.hpp
[19.162s] -- Symlinking: /home/pp/Tawan-pe-/src/install/ired_msgs/include/ired_msgs/ired_msgs/msg/detail/motor_speed__type_support.hpp
[19.172s] -- Symlinking: /home/pp/Tawan-pe-/src/install/ired_msgs/include/ired_msgs/ired_msgs/msg/imu_data.hpp
[19.186s] -- Symlinking: /home/pp/Tawan-pe-/src/install/ired_msgs/include/ired_msgs/ired_msgs/msg/motor_control.hpp
[19.197s] -- Symlinking: /home/pp/Tawan-pe-/src/install/ired_msgs/include/ired_msgs/ired_msgs/msg/motor_data.hpp
[19.209s] -- Symlinking: /home/pp/Tawan-pe-/src/install/ired_msgs/include/ired_msgs/ired_msgs/msg/motor_speed.hpp
[19.219s] -- Symlinking: /home/pp/Tawan-pe-/src/install/ired_msgs/include/ired_msgs/ired_msgs/msg/rosidl_generator_cpp__visibility_control.hpp
[19.231s] -- Symlinking: /home/pp/Tawan-pe-/src/install/ired_msgs/include/ired_msgs/ired_msgs/srv/detail/pid_tuning__builder.hpp
[19.245s] -- Symlinking: /home/pp/Tawan-pe-/src/install/ired_msgs/include/ired_msgs/ired_msgs/srv/detail/pid_tuning__struct.hpp
[19.255s] -- Symlinking: /home/pp/Tawan-pe-/src/install/ired_msgs/include/ired_msgs/ired_msgs/srv/detail/pid_tuning__traits.hpp
[19.265s] -- Symlinking: /home/pp/Tawan-pe-/src/install/ired_msgs/include/ired_msgs/ired_msgs/srv/detail/pid_tuning__type_support.hpp
[19.274s] -- Symlinking: /home/pp/Tawan-pe-/src/install/ired_msgs/include/ired_msgs/ired_msgs/srv/pid_tuning.hpp
[19.287s] -- Symlinking: /home/pp/Tawan-pe-/src/install/ired_msgs/include/ired_msgs/ired_msgs/msg/detail/imu_data__rosidl_typesupport_fastrtps_cpp.hpp
[19.297s] -- Symlinking: /home/pp/Tawan-pe-/src/install/ired_msgs/include/ired_msgs/ired_msgs/msg/detail/motor_control__rosidl_typesupport_fastrtps_cpp.hpp
[19.309s] -- Symlinking: /home/pp/Tawan-pe-/src/install/ired_msgs/include/ired_msgs/ired_msgs/msg/detail/motor_data__rosidl_typesupport_fastrtps_cpp.hpp
[19.321s] -- Symlinking: /home/pp/Tawan-pe-/src/install/ired_msgs/include/ired_msgs/ired_msgs/msg/detail/motor_speed__rosidl_typesupport_fastrtps_cpp.hpp
[19.336s] -- Symlinking: /home/pp/Tawan-pe-/src/install/ired_msgs/include/ired_msgs/ired_msgs/msg/rosidl_typesupport_fastrtps_cpp__visibility_control.h
[19.346s] -- Symlinking: /home/pp/Tawan-pe-/src/install/ired_msgs/include/ired_msgs/ired_msgs/srv/detail/pid_tuning__rosidl_typesupport_fastrtps_cpp.hpp
[19.360s] -- Symlinking: /home/pp/Tawan-pe-/src/install/ired_msgs/include/ired_msgs/ired_msgs/msg/detail/imu_data__rosidl_typesupport_introspection_c.h
[19.374s] -- Symlinking: /home/pp/Tawan-pe-/src/install/ired_msgs/include/ired_msgs/ired_msgs/msg/detail/motor_control__rosidl_typesupport_introspection_c.h
[19.387s] -- Symlinking: /home/pp/Tawan-pe-/src/install/ired_msgs/include/ired_msgs/ired_msgs/msg/detail/motor_data__rosidl_typesupport_introspection_c.h
[19.399s] -- Symlinking: /home/pp/Tawan-pe-/src/install/ired_msgs/include/ired_msgs/ired_msgs/msg/detail/motor_speed__rosidl_typesupport_introspection_c.h
[19.411s] -- Symlinking: /home/pp/Tawan-pe-/src/install/ired_msgs/include/ired_msgs/ired_msgs/msg/rosidl_typesupport_introspection_c__visibility_control.h
[19.427s] -- Symlinking: /home/pp/Tawan-pe-/src/install/ired_msgs/include/ired_msgs/ired_msgs/srv/detail/pid_tuning__rosidl_typesupport_introspection_c.h
[19.443s] -- Symlinking: /home/pp/Tawan-pe-/src/install/ired_msgs/include/ired_msgs/ired_msgs/msg/detail/imu_data__rosidl_typesupport_introspection_cpp.hpp
[19.455s] -- Symlinking: /home/pp/Tawan-pe-/src/install/ired_msgs/include/ired_msgs/ired_msgs/msg/detail/motor_control__rosidl_typesupport_introspection_cpp.hpp
[19.465s] -- Symlinking: /home/pp/Tawan-pe-/src/install/ired_msgs/include/ired_msgs/ired_msgs/msg/detail/motor_data__rosidl_typesupport_introspection_cpp.hpp
[19.475s] -- Symlinking: /home/pp/Tawan-pe-/src/install/ired_msgs/include/ired_msgs/ired_msgs/msg/detail/motor_speed__rosidl_typesupport_introspection_cpp.hpp
[19.487s] -- Symlinking: /home/pp/Tawan-pe-/src/install/ired_msgs/include/ired_msgs/ired_msgs/srv/detail/pid_tuning__rosidl_typesupport_introspection_cpp.hpp
[19.497s] -- Symlinking: /home/pp/Tawan-pe-/src/install/ired_msgs/share/ired_msgs/environment/pythonpath.sh
[19.511s] -- Symlinking: /home/pp/Tawan-pe-/src/install/ired_msgs/share/ired_msgs/environment/pythonpath.dsv
[19.521s] -- Symlinking: /home/pp/Tawan-pe-/src/install/ired_msgs/lib/python3.12/site-packages/ired_msgs-2.0.1-py3.12.egg-info/PKG-INFO
[19.531s] -- Symlinking: /home/pp/Tawan-pe-/src/install/ired_msgs/lib/python3.12/site-packages/ired_msgs-2.0.1-py3.12.egg-info/SOURCES.txt
[19.543s] -- Symlinking: /home/pp/Tawan-pe-/src/install/ired_msgs/lib/python3.12/site-packages/ired_msgs-2.0.1-py3.12.egg-info/dependency_links.txt
[19.553s] -- Symlinking: /home/pp/Tawan-pe-/src/install/ired_msgs/lib/python3.12/site-packages/ired_msgs-2.0.1-py3.12.egg-info/top_level.txt
[19.566s] -- Symlinking: /home/pp/Tawan-pe-/src/install/ired_msgs/lib/python3.12/site-packages/ired_msgs/__init__.py
[19.575s] -- Symlinking: /home/pp/Tawan-pe-/src/install/ired_msgs/lib/python3.12/site-packages/ired_msgs/_ired_msgs_s.ep.rosidl_typesupport_c.c
[19.584s] -- Symlinking: /home/pp/Tawan-pe-/src/install/ired_msgs/lib/python3.12/site-packages/ired_msgs/_ired_msgs_s.ep.rosidl_typesupport_fastrtps_c.c
[19.593s] -- Symlinking: /home/pp/Tawan-pe-/src/install/ired_msgs/lib/python3.12/site-packages/ired_msgs/_ired_msgs_s.ep.rosidl_typesupport_introspection_c.c
[19.603s] -- Symlinking: /home/pp/Tawan-pe-/src/install/ired_msgs/lib/python3.12/site-packages/ired_msgs/ired_msgs_s__rosidl_typesupport_c.so
[19.614s] -- Symlinking: /home/pp/Tawan-pe-/src/install/ired_msgs/lib/python3.12/site-packages/ired_msgs/ired_msgs_s__rosidl_typesupport_fastrtps_c.so
[19.624s] -- Symlinking: /home/pp/Tawan-pe-/src/install/ired_msgs/lib/python3.12/site-packages/ired_msgs/ired_msgs_s__rosidl_typesupport_introspection_c.so
[19.633s] -- Symlinking: /home/pp/Tawan-pe-/src/install/ired_msgs/lib/python3.12/site-packages/ired_msgs/msg/__init__.py
[19.643s] -- Symlinking: /home/pp/Tawan-pe-/src/install/ired_msgs/lib/python3.12/site-packages/ired_msgs/msg/_imu_data.py
[19.653s] -- Symlinking: /home/pp/Tawan-pe-/src/install/ired_msgs/lib/python3.12/site-packages/ired_msgs/msg/_imu_data_s.c
[19.662s] -- Symlinking: /home/pp/Tawan-pe-/src/install/ired_msgs/lib/python3.12/site-packages/ired_msgs/msg/_motor_control.py
[19.672s] -- Symlinking: /home/pp/Tawan-pe-/src/install/ired_msgs/lib/python3.12/site-packages/ired_msgs/msg/_motor_control_s.c
[19.681s] -- Symlinking: /home/pp/Tawan-pe-/src/install/ired_msgs/lib/python3.12/site-packages/ired_msgs/msg/_motor_data.py
[19.690s] -- Symlinking: /home/pp/Tawan-pe-/src/install/ired_msgs/lib/python3.12/site-packages/ired_msgs/msg/_motor_data_s.c
[19.700s] -- Symlinking: /home/pp/Tawan-pe-/src/install/ired_msgs/lib/python3.12/site-packages/ired_msgs/msg/_motor_speed.py
[19.709s] -- Symlinking: /home/pp/Tawan-pe-/src/install/ired_msgs/lib/python3.12/site-packages/ired_msgs/msg/_motor_speed_s.c
[19.718s] -- Symlinking: /home/pp/Tawan-pe-/src/install/ired_msgs/lib/python3.12/site-packages/ired_msgs/srv/__init__.py
[19.729s] -- Symlinking: /home/pp/Tawan-pe-/src/install/ired_msgs/lib/python3.12/site-packages/ired_msgs/srv/_pid_tuning.py
[19.743s] -- Symlinking: /home/pp/Tawan-pe-/src/install/ired_msgs/lib/python3.12/site-packages/ired_msgs/srv/_pid_tuning_s.c
[19.752s] -- Up-to-date symlink: /home/pp/Tawan-pe-/src/install/ired_msgs/lib/python3.12/site-packages/ired_msgs/ired_msgs_s__rosidl_typesupport_fastrtps_c.so
[19.753s] -- Up-to-date symlink: /home/pp/Tawan-pe-/src/install/ired_msgs/lib/python3.12/site-packages/ired_msgs/ired_msgs_s__rosidl_typesupport_introspection_c.so
[19.753s] -- Up-to-date symlink: /home/pp/Tawan-pe-/src/install/ired_msgs/lib/python3.12/site-packages/ired_msgs/ired_msgs_s__rosidl_typesupport_c.so
[19.753s] -- Symlinking: /home/pp/Tawan-pe-/src/install/ired_msgs/share/ired_msgs/msg/IMUData.idl
[19.765s] -- Symlinking: /home/pp/Tawan-pe-/src/install/ired_msgs/share/ired_msgs/msg/MotorControl.idl
[19.775s] -- Symlinking: /home/pp/Tawan-pe-/src/install/ired_msgs/share/ired_msgs/msg/MotorData.idl
[19.784s] -- Symlinking: /home/pp/Tawan-pe-/src/install/ired_msgs/share/ired_msgs/msg/MotorSpeed.idl
[19.793s] -- Symlinking: /home/pp/Tawan-pe-/src/install/ired_msgs/share/ired_msgs/srv/PIDTuning.idl
[19.803s] -- Symlinking: /home/pp/Tawan-pe-/src/install/ired_msgs/share/ired_msgs/msg/IMUData.msg
[19.815s] -- Symlinking: /home/pp/Tawan-pe-/src/install/ired_msgs/share/ired_msgs/msg/MotorControl.msg
[19.824s] -- Symlinking: /home/pp/Tawan-pe-/src/install/ired_msgs/share/ired_msgs/msg/MotorData.msg
[19.836s] -- Symlinking: /home/pp/Tawan-pe-/src/install/ired_msgs/share/ired_msgs/msg/MotorSpeed.msg
[19.845s] -- Symlinking: /home/pp/Tawan-pe-/src/install/ired_msgs/share/ired_msgs/srv/PIDTuning.srv
[19.855s] -- Symlinking: /home/pp/Tawan-pe-/src/install/ired_msgs/share/ament_index/resource_index/package_run_dependencies/ired_msgs
[19.866s] -- Symlinking: /home/pp/Tawan-pe-/src/install/ired_msgs/share/ament_index/resource_index/parent_prefix_path/ired_msgs
[19.875s] -- Symlinking: /home/pp/Tawan-pe-/src/install/ired_msgs/share/ired_msgs/environment/ament_prefix_path.sh
[19.887s] -- Symlinking: /home/pp/Tawan-pe-/src/install/ired_msgs/share/ired_msgs/environment/ament_prefix_path.dsv
[19.896s] -- Symlinking: /home/pp/Tawan-pe-/src/install/ired_msgs/share/ired_msgs/environment/path.sh
[19.906s] -- Symlinking: /home/pp/Tawan-pe-/src/install/ired_msgs/share/ired_msgs/environment/path.dsv
[19.918s] -- Symlinking: /home/pp/Tawan-pe-/src/install/ired_msgs/share/ired_msgs/local_setup.bash
[19.927s] -- Symlinking: /home/pp/Tawan-pe-/src/install/ired_msgs/share/ired_msgs/local_setup.sh
[19.939s] -- Symlinking: /home/pp/Tawan-pe-/src/install/ired_msgs/share/ired_msgs/local_setup.zsh
[19.949s] -- Symlinking: /home/pp/Tawan-pe-/src/install/ired_msgs/share/ired_msgs/local_setup.dsv
[19.958s] -- Symlinking: /home/pp/Tawan-pe-/src/install/ired_msgs/share/ired_msgs/package.dsv
[19.968s] -- Symlinking: /home/pp/Tawan-pe-/src/install/ired_msgs/share/ament_index/resource_index/packages/ired_msgs
[19.979s] -- Symlinking: /home/pp/Tawan-pe-/src/install/ired_msgs/share/ired_msgs/cmake/rosidl_cmake-extras.cmake
[19.990s] -- Symlinking: /home/pp/Tawan-pe-/src/install/ired_msgs/share/ired_msgs/cmake/ament_cmake_export_dependencies-extras.cmake
[20.000s] -- Symlinking: /home/pp/Tawan-pe-/src/install/ired_msgs/share/ired_msgs/cmake/ament_cmake_export_include_directories-extras.cmake
[20.009s] -- Symlinking: /home/pp/Tawan-pe-/src/install/ired_msgs/share/ired_msgs/cmake/ament_cmake_export_libraries-extras.cmake
[20.019s] -- Symlinking: /home/pp/Tawan-pe-/src/install/ired_msgs/share/ired_msgs/cmake/ament_cmake_export_targets-extras.cmake
[20.028s] -- Symlinking: /home/pp/Tawan-pe-/src/install/ired_msgs/share/ired_msgs/cmake/rosidl_cmake_export_typesupport_targets-extras.cmake
[20.038s] -- Symlinking: /home/pp/Tawan-pe-/src/install/ired_msgs/share/ired_msgs/cmake/rosidl_cmake_export_typesupport_libraries-extras.cmake
[20.048s] -- Symlinking: /home/pp/Tawan-pe-/src/install/ired_msgs/share/ired_msgs/cmake/ired_msgsConfig.cmake
[20.057s] -- Symlinking: /home/pp/Tawan-pe-/src/install/ired_msgs/share/ired_msgs/cmake/ired_msgsConfig-version.cmake
[20.066s] -- Symlinking: /home/pp/Tawan-pe-/src/install/ired_msgs/share/ired_msgs/package.xml
[20.075s] -- Installing: /home/pp/Tawan-pe-/src/install/ired_msgs/lib/libired_msgs__rosidl_generator_c.so
[20.075s] -- Set non-toolchain portion of runtime path of "/home/pp/Tawan-pe-/src/install/ired_msgs/lib/libired_msgs__rosidl_generator_c.so" to ""
[20.075s] -- Installing: /home/pp/Tawan-pe-/src/install/ired_msgs/lib/libired_msgs__rosidl_typesupport_fastrtps_c.so
[20.076s] -- Set non-toolchain portion of runtime path of "/home/pp/Tawan-pe-/src/install/ired_msgs/lib/libired_msgs__rosidl_typesupport_fastrtps_c.so" to ""
[20.076s] -- Installing: /home/pp/Tawan-pe-/src/install/ired_msgs/lib/libired_msgs__rosidl_typesupport_fastrtps_cpp.so
[20.076s] -- Set non-toolchain portion of runtime path of "/home/pp/Tawan-pe-/src/install/ired_msgs/lib/libired_msgs__rosidl_typesupport_fastrtps_cpp.so" to ""
[20.076s] -- Installing: /home/pp/Tawan-pe-/src/install/ired_msgs/lib/libired_msgs__rosidl_typesupport_introspection_c.so
[20.077s] -- Set non-toolchain portion of runtime path of "/home/pp/Tawan-pe-/src/install/ired_msgs/lib/libired_msgs__rosidl_typesupport_introspection_c.so" to ""
[20.077s] -- Installing: /home/pp/Tawan-pe-/src/install/ired_msgs/lib/libired_msgs__rosidl_typesupport_c.so
[20.077s] -- Set non-toolchain portion of runtime path of "/home/pp/Tawan-pe-/src/install/ired_msgs/lib/libired_msgs__rosidl_typesupport_c.so" to ""
[20.077s] -- Installing: /home/pp/Tawan-pe-/src/install/ired_msgs/lib/libired_msgs__rosidl_typesupport_introspection_cpp.so
[20.077s] -- Set non-toolchain portion of runtime path of "/home/pp/Tawan-pe-/src/install/ired_msgs/lib/libired_msgs__rosidl_typesupport_introspection_cpp.so" to ""
[20.077s] -- Installing: /home/pp/Tawan-pe-/src/install/ired_msgs/lib/libired_msgs__rosidl_typesupport_cpp.so
[20.078s] -- Set non-toolchain portion of runtime path of "/home/pp/Tawan-pe-/src/install/ired_msgs/lib/libired_msgs__rosidl_typesupport_cpp.so" to ""
[20.123s] Listing '/home/pp/Tawan-pe-/src/install/ired_msgs/lib/python3.12/site-packages/ired_msgs'...
[20.123s] Compiling '/home/pp/Tawan-pe-/src/install/ired_msgs/lib/python3.12/site-packages/ired_msgs/__init__.py'...
[20.123s] Listing '/home/pp/Tawan-pe-/src/install/ired_msgs/lib/python3.12/site-packages/ired_msgs/msg'...
[20.123s] Compiling '/home/pp/Tawan-pe-/src/install/ired_msgs/lib/python3.12/site-packages/ired_msgs/msg/__init__.py'...
[20.123s] Compiling '/home/pp/Tawan-pe-/src/install/ired_msgs/lib/python3.12/site-packages/ired_msgs/msg/_imu_data.py'...
[20.123s] Compiling '/home/pp/Tawan-pe-/src/install/ired_msgs/lib/python3.12/site-packages/ired_msgs/msg/_motor_control.py'...
[20.123s] Compiling '/home/pp/Tawan-pe-/src/install/ired_msgs/lib/python3.12/site-packages/ired_msgs/msg/_motor_data.py'...
[20.123s] Compiling '/home/pp/Tawan-pe-/src/install/ired_msgs/lib/python3.12/site-packages/ired_msgs/msg/_motor_speed.py'...
[20.123s] Listing '/home/pp/Tawan-pe-/src/install/ired_msgs/lib/python3.12/site-packages/ired_msgs/srv'...
[20.123s] Compiling '/home/pp/Tawan-pe-/src/install/ired_msgs/lib/python3.12/site-packages/ired_msgs/srv/__init__.py'...
[20.123s] Compiling '/home/pp/Tawan-pe-/src/install/ired_msgs/lib/python3.12/site-packages/ired_msgs/srv/_pid_tuning.py'...
[20.129s] -- Installing: /home/pp/Tawan-pe-/src/install/ired_msgs/lib/libired_msgs__rosidl_generator_py.so
[20.129s] -- Set non-toolchain portion of runtime path of "/home/pp/Tawan-pe-/src/install/ired_msgs/lib/libired_msgs__rosidl_generator_py.so" to ""
[20.129s] -- Installing: /home/pp/Tawan-pe-/src/install/ired_msgs/share/ired_msgs/cmake/export_ired_msgs__rosidl_generator_cExport.cmake
[20.129s] -- Installing: /home/pp/Tawan-pe-/src/install/ired_msgs/share/ired_msgs/cmake/export_ired_msgs__rosidl_generator_cExport-noconfig.cmake
[20.129s] -- Installing: /home/pp/Tawan-pe-/src/install/ired_msgs/share/ired_msgs/cmake/export_ired_msgs__rosidl_typesupport_fastrtps_cExport.cmake
[20.129s] -- Installing: /home/pp/Tawan-pe-/src/install/ired_msgs/share/ired_msgs/cmake/export_ired_msgs__rosidl_typesupport_fastrtps_cExport-noconfig.cmake
[20.129s] -- Installing: /home/pp/Tawan-pe-/src/install/ired_msgs/share/ired_msgs/cmake/export_ired_msgs__rosidl_generator_cppExport.cmake
[20.130s] -- Installing: /home/pp/Tawan-pe-/src/install/ired_msgs/share/ired_msgs/cmake/export_ired_msgs__rosidl_typesupport_fastrtps_cppExport.cmake
[20.130s] -- Installing: /home/pp/Tawan-pe-/src/install/ired_msgs/share/ired_msgs/cmake/export_ired_msgs__rosidl_typesupport_fastrtps_cppExport-noconfig.cmake
[20.130s] -- Installing: /home/pp/Tawan-pe-/src/install/ired_msgs/share/ired_msgs/cmake/ired_msgs__rosidl_typesupport_introspection_cExport.cmake
[20.130s] -- Installing: /home/pp/Tawan-pe-/src/install/ired_msgs/share/ired_msgs/cmake/ired_msgs__rosidl_typesupport_introspection_cExport-noconfig.cmake
[20.130s] -- Installing: /home/pp/Tawan-pe-/src/install/ired_msgs/share/ired_msgs/cmake/ired_msgs__rosidl_typesupport_cExport.cmake
[20.130s] -- Installing: /home/pp/Tawan-pe-/src/install/ired_msgs/share/ired_msgs/cmake/ired_msgs__rosidl_typesupport_cExport-noconfig.cmake
[20.130s] -- Installing: /home/pp/Tawan-pe-/src/install/ired_msgs/share/ired_msgs/cmake/ired_msgs__rosidl_typesupport_introspection_cppExport.cmake
[20.131s] -- Installing: /home/pp/Tawan-pe-/src/install/ired_msgs/share/ired_msgs/cmake/ired_msgs__rosidl_typesupport_introspection_cppExport-noconfig.cmake
[20.131s] -- Installing: /home/pp/Tawan-pe-/src/install/ired_msgs/share/ired_msgs/cmake/ired_msgs__rosidl_typesupport_cppExport.cmake
[20.131s] -- Installing: /home/pp/Tawan-pe-/src/install/ired_msgs/share/ired_msgs/cmake/ired_msgs__rosidl_typesupport_cppExport-noconfig.cmake
[20.131s] -- Installing: /home/pp/Tawan-pe-/src/install/ired_msgs/share/ired_msgs/cmake/export_ired_msgs__rosidl_generator_pyExport.cmake
[20.131s] -- Installing: /home/pp/Tawan-pe-/src/install/ired_msgs/share/ired_msgs/cmake/export_ired_msgs__rosidl_generator_pyExport-noconfig.cmake
[20.134s] Invoked command in '/home/pp/Tawan-pe-/src/build/ired_msgs' returned '0': CMAKE_PREFIX_PATH=${CMAKE_PREFIX_PATH}:/home/pp/Tawan-pe-/install/station_pkg:/home/pp/Tawan-pe-/install/ros2_aruco:/home/pp/Tawan-pe-/install/motion_control:/home/pp/Tawan-pe-/install/ired_teleop:/home/pp/Tawan-pe-/install/ired_movetogoal:/opt/ros/jazzy DEBUGINFOD_URLS=https://debuginfod.ubuntu.com /usr/bin/cmake --install /home/pp/Tawan-pe-/src/build/ired_msgs
