[0.085s] Invoking command in '/home/pi/robot_ws/build/csm': CMAKE_PREFIX_PATH=${CMAKE_PREFIX_PATH}:/home/pi/robot_ws/install/ros2_aruco:/home/pi/robot_ws/install/ired_teleop:/home/pi/robot_ws/install/ired_movetogoal:/opt/ros/jazzy DEBUGINFOD_URLS=https://debuginfod.ubuntu.com /usr/bin/cmake /home/pi/robot_ws/src/robot/cms -DAMENT_CMAKE_SYMLINK_INSTALL=1 -DCMAKE_INSTALL_PREFIX=/home/pi/robot_ws/install/csm
[0.832s] -- Found ament_cmake: 2.5.4 (/opt/ros/jazzy/share/ament_cmake/cmake)
[0.832s] -- Override CMake install command with custom implementation using symlinks instead of copying resources
[0.832s] -- Found rclcpp: 28.1.13 (/opt/ros/jazzy/share/rclcpp/cmake)
[0.832s] -- Found rosidl_generator_c: 4.6.6 (/opt/ros/jazzy/share/rosidl_generator_c/cmake)
[0.832s] -- Found rosidl_generator_cpp: 4.6.6 (/opt/ros/jazzy/share/rosidl_generator_cpp/cmake)
[0.832s] -- Using all available rosidl_typesupport_c: rosidl_typesupport_fastrtps_c;rosidl_typesupport_introspection_c
[0.832s] -- Using all available rosidl_typesupport_cpp: rosidl_typesupport_fastrtps_cpp;rosidl_typesupport_introspection_cpp
[0.832s] -- Found rmw_implementation_cmake: 7.3.2 (/opt/ros/jazzy/share/rmw_implementation_cmake/cmake)
[0.832s] -- Found rmw_fastrtps_cpp: 8.4.3 (/opt/ros/jazzy/share/rmw_fastrtps_cpp/cmake)
[0.832s] -- Using RMW implementation 'rmw_fastrtps_cpp' as default
[0.833s] -- Configuring done (0.6s)
[0.833s] -- Generating done (0.0s)
[0.833s] -- Build files have been written to: /home/pi/robot_ws/build/csm
[0.836s] Invoked command in '/home/pi/robot_ws/build/csm' returned '0': CMAKE_PREFIX_PATH=${CMAKE_PREFIX_PATH}:/home/pi/robot_ws/install/ros2_aruco:/home/pi/robot_ws/install/ired_teleop:/home/pi/robot_ws/install/ired_movetogoal:/opt/ros/jazzy DEBUGINFOD_URLS=https://debuginfod.ubuntu.com /usr/bin/cmake /home/pi/robot_ws/src/robot/cms -DAMENT_CMAKE_SYMLINK_INSTALL=1 -DCMAKE_INSTALL_PREFIX=/home/pi/robot_ws/install/csm
[0.836s] Invoking command in '/home/pi/robot_ws/build/csm': CMAKE_PREFIX_PATH=${CMAKE_PREFIX_PATH}:/home/pi/robot_ws/install/ros2_aruco:/home/pi/robot_ws/install/ired_teleop:/home/pi/robot_ws/install/ired_movetogoal:/opt/ros/jazzy DEBUGINFOD_URLS=https://debuginfod.ubuntu.com /usr/bin/cmake --build /home/pi/robot_ws/build/csm -- -j16 -l16
[0.942s] [100%] Built target csm
[0.970s] Invoked command in '/home/pi/robot_ws/build/csm' returned '0': CMAKE_PREFIX_PATH=${CMAKE_PREFIX_PATH}:/home/pi/robot_ws/install/ros2_aruco:/home/pi/robot_ws/install/ired_teleop:/home/pi/robot_ws/install/ired_movetogoal:/opt/ros/jazzy DEBUGINFOD_URLS=https://debuginfod.ubuntu.com /usr/bin/cmake --build /home/pi/robot_ws/build/csm -- -j16 -l16
[0.971s] Invoking command in '/home/pi/robot_ws/build/csm': CMAKE_PREFIX_PATH=${CMAKE_PREFIX_PATH}:/home/pi/robot_ws/install/ros2_aruco:/home/pi/robot_ws/install/ired_teleop:/home/pi/robot_ws/install/ired_movetogoal:/opt/ros/jazzy DEBUGINFOD_URLS=https://debuginfod.ubuntu.com /usr/bin/cmake --install /home/pi/robot_ws/build/csm
[0.980s] -- Install configuration: ""
[0.981s] -- Execute custom install script
[0.981s] -- Up-to-date symlink: /home/pi/robot_ws/install/csm/lib/libcsm.so
[0.981s] -- Up-to-date symlink: /home/pi/robot_ws/install/csm/include/..//include/csm/algos.h
[0.982s] -- Up-to-date symlink: /home/pi/robot_ws/install/csm/include/..//include/csm/csm.h
[0.982s] -- Up-to-date symlink: /home/pi/robot_ws/install/csm/include/..//include/csm/laser_data.h
[0.982s] -- Up-to-date symlink: /home/pi/robot_ws/install/csm/include/..//include/csm/laser_data_inline.h
[0.982s] -- Up-to-date symlink: /home/pi/robot_ws/install/csm/include/..//include/csm/restrict.h
[0.982s] -- Up-to-date symlink: /home/pi/robot_ws/install/csm/include/..//include/gsl_eigen/gsl_eigen.h
[0.982s] -- Up-to-date symlink: /home/pi/robot_ws/install/csm/share/csm/resource/csm
[0.982s] -- Up-to-date symlink: /home/pi/robot_ws/install/csm/include/../gsl_eigen/gsl_eigen.h
[0.983s] -- Up-to-date symlink: /home/pi/robot_ws/install/csm/share/csm/environment/library_path.sh
[0.983s] -- Up-to-date symlink: /home/pi/robot_ws/install/csm/share/csm/environment/library_path.dsv
[0.983s] -- Up-to-date symlink: /home/pi/robot_ws/install/csm/share/ament_index/resource_index/package_run_dependencies/csm
[0.983s] -- Up-to-date symlink: /home/pi/robot_ws/install/csm/share/ament_index/resource_index/parent_prefix_path/csm
[0.983s] -- Up-to-date symlink: /home/pi/robot_ws/install/csm/share/csm/environment/ament_prefix_path.sh
[0.983s] -- Up-to-date symlink: /home/pi/robot_ws/install/csm/share/csm/environment/ament_prefix_path.dsv
[0.983s] -- Up-to-date symlink: /home/pi/robot_ws/install/csm/share/csm/environment/path.sh
[0.983s] -- Up-to-date symlink: /home/pi/robot_ws/install/csm/share/csm/environment/path.dsv
[0.984s] -- Up-to-date symlink: /home/pi/robot_ws/install/csm/share/csm/local_setup.bash
[0.984s] -- Up-to-date symlink: /home/pi/robot_ws/install/csm/share/csm/local_setup.sh
[0.984s] -- Up-to-date symlink: /home/pi/robot_ws/install/csm/share/csm/local_setup.zsh
[0.984s] -- Up-to-date symlink: /home/pi/robot_ws/install/csm/share/csm/local_setup.dsv
[0.984s] -- Symlinking: /home/pi/robot_ws/install/csm/share/csm/package.dsv
[0.995s] -- Up-to-date symlink: /home/pi/robot_ws/install/csm/share/ament_index/resource_index/packages/csm
[0.996s] -- Up-to-date symlink: /home/pi/robot_ws/install/csm/share/csm/cmake/ament_cmake_export_dependencies-extras.cmake
[0.996s] -- Up-to-date symlink: /home/pi/robot_ws/install/csm/share/csm/cmake/ament_cmake_export_include_directories-extras.cmake
[0.996s] -- Up-to-date symlink: /home/pi/robot_ws/install/csm/share/csm/cmake/ament_cmake_export_libraries-extras.cmake
[0.996s] -- Up-to-date symlink: /home/pi/robot_ws/install/csm/share/csm/cmake/csmConfig.cmake
[0.996s] -- Up-to-date symlink: /home/pi/robot_ws/install/csm/share/csm/cmake/csmConfig-version.cmake
[0.996s] -- Up-to-date symlink: /home/pi/robot_ws/install/csm/share/csm/package.xml
[0.998s] Invoked command in '/home/pi/robot_ws/build/csm' returned '0': CMAKE_PREFIX_PATH=${CMAKE_PREFIX_PATH}:/home/pi/robot_ws/install/ros2_aruco:/home/pi/robot_ws/install/ired_teleop:/home/pi/robot_ws/install/ired_movetogoal:/opt/ros/jazzy DEBUGINFOD_URLS=https://debuginfod.ubuntu.com /usr/bin/cmake --install /home/pi/robot_ws/build/csm
