[0.413s] Invoking command in '/home/pp/Tawan-pe-/build/ired_bringup': CMAKE_PREFIX_PATH=/home/pp/Tawan-pe-/install/ired_msgs:/home/pp/Tawan-pe-/install/rplidar_ros:/home/pp/Tawan-pe-/install/ros2_laser_scan_matcher:/home/pp/Tawan-pe-/install/ros2_aruco_interfaces:/home/pp/Tawan-pe-/install/lidar_bringup:/home/pp/Tawan-pe-/install/ired_rviz:/home/pp/Tawan-pe-/install/ired_navigation:/home/pp/Tawan-pe-/install/ired_bringup:/home/pp/Tawan-pe-/install/ired_aruco:/home/pp/Tawan-pe-/install/csm:/opt/ros/jazzy/opt/gz_math_vendor:/opt/ros/jazzy/opt/gz_utils_vendor:/opt/ros/jazzy/opt/gz_cmake_vendor:/home/pp/Tawan-pe-/install/station_pkg:/home/pp/Tawan-pe-/install/ros2_aruco:/home/pp/Tawan-pe-/install/motion_control:/home/pp/Tawan-pe-/install/ired_teleop:/home/pp/Tawan-pe-/install/ired_movetogoal:/opt/ros/jazzy DEBUGINFOD_URLS=https://debuginfod.ubuntu.com LD_LIBRARY_PATH=/home/pp/Tawan-pe-/install/ired_msgs/lib:/home/pp/Tawan-pe-/install/ros2_aruco_interfaces/lib:/home/pp/Tawan-pe-/install/csm/lib:/opt/ros/jazzy/opt/rviz_ogre_vendor/lib:/opt/ros/jazzy/lib/x86_64-linux-gnu:/opt/ros/jazzy/opt/gz_math_vendor/lib:/opt/ros/jazzy/opt/gz_utils_vendor/lib:/opt/ros/jazzy/opt/gz_cmake_vendor/lib:/opt/ros/jazzy/lib PYTHONPATH=/home/pp/Tawan-pe-/install/ired_msgs/lib/python3.12/site-packages:/home/pp/Tawan-pe-/install/station_pkg/lib/python3.12/site-packages:/home/pp/Tawan-pe-/install/ros2_aruco_interfaces/lib/python3.12/site-packages:/home/pp/Tawan-pe-/install/ros2_aruco/lib/python3.12/site-packages:/home/pp/Tawan-pe-/install/motion_control/lib/python3.12/site-packages:/home/pp/Tawan-pe-/install/ired_teleop/lib/python3.12/site-packages:/home/pp/Tawan-pe-/install/ired_movetogoal/lib/python3.12/site-packages:/opt/ros/jazzy/lib/python3.12/site-packages /usr/bin/cmake /home/pp/Tawan-pe-/src/robot/ired_bringup -DAMENT_CMAKE_SYMLINK_INSTALL=1 -DCMAKE_INSTALL_PREFIX=/home/pp/Tawan-pe-/install/ired_bringup
[0.431s] -- Found ament_cmake: 2.5.4 (/opt/ros/jazzy/share/ament_cmake/cmake)
[0.850s] -- Override CMake install command with custom implementation using symlinks instead of copying resources
[0.866s] -- Found geometry_msgs: 5.3.6 (/opt/ros/jazzy/share/geometry_msgs/cmake)
[0.906s] -- Found rosidl_generator_c: 4.6.6 (/opt/ros/jazzy/share/rosidl_generator_c/cmake)
[0.925s] -- Found rosidl_generator_cpp: 4.6.6 (/opt/ros/jazzy/share/rosidl_generator_cpp/cmake)
[0.943s] -- Using all available rosidl_typesupport_c: rosidl_typesupport_fastrtps_c;rosidl_typesupport_introspection_c
[0.962s] -- Using all available rosidl_typesupport_cpp: rosidl_typesupport_fastrtps_cpp;rosidl_typesupport_introspection_cpp
[1.030s] -- Found ired_msgs: 2.0.1 (/home/pp/Tawan-pe-/install/ired_msgs/share/ired_msgs/cmake)
[1.083s] -- Found nav_msgs: 5.3.6 (/opt/ros/jazzy/share/nav_msgs/cmake)
[1.135s] -- Found rclcpp: 28.1.13 (/opt/ros/jazzy/share/rclcpp/cmake)
[1.198s] -- Found rmw_implementation_cmake: 7.3.2 (/opt/ros/jazzy/share/rmw_implementation_cmake/cmake)
[1.200s] -- Found rmw_fastrtps_cpp: 8.4.3 (/opt/ros/jazzy/share/rmw_fastrtps_cpp/cmake)
[1.304s] -- Using RMW implementation 'rmw_fastrtps_cpp' as default
[1.400s] -- Found rclpy: 7.1.6 (/opt/ros/jazzy/share/rclpy/cmake)
[1.400s] -- Found sensor_msgs: 5.3.6 (/opt/ros/jazzy/share/sensor_msgs/cmake)
[1.441s] -- Found std_srvs: 5.3.6 (/opt/ros/jazzy/share/std_srvs/cmake)
[1.466s] -- Found tf2: 0.36.16 (/opt/ros/jazzy/share/tf2/cmake)
[1.471s] -- Found tf2_msgs: 0.36.16 (/opt/ros/jazzy/share/tf2_msgs/cmake)
[1.759s] -- Configuring done (1.3s)
[1.815s] -- Generating done (0.0s)
[1.829s] -- Build files have been written to: /home/pp/Tawan-pe-/build/ired_bringup
[1.843s] Invoked command in '/home/pp/Tawan-pe-/build/ired_bringup' returned '0': CMAKE_PREFIX_PATH=/home/pp/Tawan-pe-/install/ired_msgs:/home/pp/Tawan-pe-/install/rplidar_ros:/home/pp/Tawan-pe-/install/ros2_laser_scan_matcher:/home/pp/Tawan-pe-/install/ros2_aruco_interfaces:/home/pp/Tawan-pe-/install/lidar_bringup:/home/pp/Tawan-pe-/install/ired_rviz:/home/pp/Tawan-pe-/install/ired_navigation:/home/pp/Tawan-pe-/install/ired_bringup:/home/pp/Tawan-pe-/install/ired_aruco:/home/pp/Tawan-pe-/install/csm:/opt/ros/jazzy/opt/gz_math_vendor:/opt/ros/jazzy/opt/gz_utils_vendor:/opt/ros/jazzy/opt/gz_cmake_vendor:/home/pp/Tawan-pe-/install/station_pkg:/home/pp/Tawan-pe-/install/ros2_aruco:/home/pp/Tawan-pe-/install/motion_control:/home/pp/Tawan-pe-/install/ired_teleop:/home/pp/Tawan-pe-/install/ired_movetogoal:/opt/ros/jazzy DEBUGINFOD_URLS=https://debuginfod.ubuntu.com LD_LIBRARY_PATH=/home/pp/Tawan-pe-/install/ired_msgs/lib:/home/pp/Tawan-pe-/install/ros2_aruco_interfaces/lib:/home/pp/Tawan-pe-/install/csm/lib:/opt/ros/jazzy/opt/rviz_ogre_vendor/lib:/opt/ros/jazzy/lib/x86_64-linux-gnu:/opt/ros/jazzy/opt/gz_math_vendor/lib:/opt/ros/jazzy/opt/gz_utils_vendor/lib:/opt/ros/jazzy/opt/gz_cmake_vendor/lib:/opt/ros/jazzy/lib PYTHONPATH=/home/pp/Tawan-pe-/install/ired_msgs/lib/python3.12/site-packages:/home/pp/Tawan-pe-/install/station_pkg/lib/python3.12/site-packages:/home/pp/Tawan-pe-/install/ros2_aruco_interfaces/lib/python3.12/site-packages:/home/pp/Tawan-pe-/install/ros2_aruco/lib/python3.12/site-packages:/home/pp/Tawan-pe-/install/motion_control/lib/python3.12/site-packages:/home/pp/Tawan-pe-/install/ired_teleop/lib/python3.12/site-packages:/home/pp/Tawan-pe-/install/ired_movetogoal/lib/python3.12/site-packages:/opt/ros/jazzy/lib/python3.12/site-packages /usr/bin/cmake /home/pp/Tawan-pe-/src/robot/ired_bringup -DAMENT_CMAKE_SYMLINK_INSTALL=1 -DCMAKE_INSTALL_PREFIX=/home/pp/Tawan-pe-/install/ired_bringup
[1.844s] Invoking command in '/home/pp/Tawan-pe-/build/ired_bringup': CMAKE_PREFIX_PATH=/home/pp/Tawan-pe-/install/ired_msgs:/home/pp/Tawan-pe-/install/rplidar_ros:/home/pp/Tawan-pe-/install/ros2_laser_scan_matcher:/home/pp/Tawan-pe-/install/ros2_aruco_interfaces:/home/pp/Tawan-pe-/install/lidar_bringup:/home/pp/Tawan-pe-/install/ired_rviz:/home/pp/Tawan-pe-/install/ired_navigation:/home/pp/Tawan-pe-/install/ired_bringup:/home/pp/Tawan-pe-/install/ired_aruco:/home/pp/Tawan-pe-/install/csm:/opt/ros/jazzy/opt/gz_math_vendor:/opt/ros/jazzy/opt/gz_utils_vendor:/opt/ros/jazzy/opt/gz_cmake_vendor:/home/pp/Tawan-pe-/install/station_pkg:/home/pp/Tawan-pe-/install/ros2_aruco:/home/pp/Tawan-pe-/install/motion_control:/home/pp/Tawan-pe-/install/ired_teleop:/home/pp/Tawan-pe-/install/ired_movetogoal:/opt/ros/jazzy DEBUGINFOD_URLS=https://debuginfod.ubuntu.com LD_LIBRARY_PATH=/home/pp/Tawan-pe-/install/ired_msgs/lib:/home/pp/Tawan-pe-/install/ros2_aruco_interfaces/lib:/home/pp/Tawan-pe-/install/csm/lib:/opt/ros/jazzy/opt/rviz_ogre_vendor/lib:/opt/ros/jazzy/lib/x86_64-linux-gnu:/opt/ros/jazzy/opt/gz_math_vendor/lib:/opt/ros/jazzy/opt/gz_utils_vendor/lib:/opt/ros/jazzy/opt/gz_cmake_vendor/lib:/opt/ros/jazzy/lib PYTHONPATH=/home/pp/Tawan-pe-/install/ired_msgs/lib/python3.12/site-packages:/home/pp/Tawan-pe-/install/station_pkg/lib/python3.12/site-packages:/home/pp/Tawan-pe-/install/ros2_aruco_interfaces/lib/python3.12/site-packages:/home/pp/Tawan-pe-/install/ros2_aruco/lib/python3.12/site-packages:/home/pp/Tawan-pe-/install/motion_control/lib/python3.12/site-packages:/home/pp/Tawan-pe-/install/ired_teleop/lib/python3.12/site-packages:/home/pp/Tawan-pe-/install/ired_movetogoal/lib/python3.12/site-packages:/opt/ros/jazzy/lib/python3.12/site-packages /usr/bin/cmake --build /home/pp/Tawan-pe-/build/ired_bringup -- -j12 -l12
[1.935s] [ 18%] Built target imu_node
[1.936s] [ 63%] Built target odom_node
[1.936s] [ 81%] Built target inverse_kinematics_node
[1.936s] [ 81%] Built target iredcr_modbus_node
[1.937s] [100%] Built target forward_kinematics_node
[1.952s] Invoked command in '/home/pp/Tawan-pe-/build/ired_bringup' returned '0': CMAKE_PREFIX_PATH=/home/pp/Tawan-pe-/install/ired_msgs:/home/pp/Tawan-pe-/install/rplidar_ros:/home/pp/Tawan-pe-/install/ros2_laser_scan_matcher:/home/pp/Tawan-pe-/install/ros2_aruco_interfaces:/home/pp/Tawan-pe-/install/lidar_bringup:/home/pp/Tawan-pe-/install/ired_rviz:/home/pp/Tawan-pe-/install/ired_navigation:/home/pp/Tawan-pe-/install/ired_bringup:/home/pp/Tawan-pe-/install/ired_aruco:/home/pp/Tawan-pe-/install/csm:/opt/ros/jazzy/opt/gz_math_vendor:/opt/ros/jazzy/opt/gz_utils_vendor:/opt/ros/jazzy/opt/gz_cmake_vendor:/home/pp/Tawan-pe-/install/station_pkg:/home/pp/Tawan-pe-/install/ros2_aruco:/home/pp/Tawan-pe-/install/motion_control:/home/pp/Tawan-pe-/install/ired_teleop:/home/pp/Tawan-pe-/install/ired_movetogoal:/opt/ros/jazzy DEBUGINFOD_URLS=https://debuginfod.ubuntu.com LD_LIBRARY_PATH=/home/pp/Tawan-pe-/install/ired_msgs/lib:/home/pp/Tawan-pe-/install/ros2_aruco_interfaces/lib:/home/pp/Tawan-pe-/install/csm/lib:/opt/ros/jazzy/opt/rviz_ogre_vendor/lib:/opt/ros/jazzy/lib/x86_64-linux-gnu:/opt/ros/jazzy/opt/gz_math_vendor/lib:/opt/ros/jazzy/opt/gz_utils_vendor/lib:/opt/ros/jazzy/opt/gz_cmake_vendor/lib:/opt/ros/jazzy/lib PYTHONPATH=/home/pp/Tawan-pe-/install/ired_msgs/lib/python3.12/site-packages:/home/pp/Tawan-pe-/install/station_pkg/lib/python3.12/site-packages:/home/pp/Tawan-pe-/install/ros2_aruco_interfaces/lib/python3.12/site-packages:/home/pp/Tawan-pe-/install/ros2_aruco/lib/python3.12/site-packages:/home/pp/Tawan-pe-/install/motion_control/lib/python3.12/site-packages:/home/pp/Tawan-pe-/install/ired_teleop/lib/python3.12/site-packages:/home/pp/Tawan-pe-/install/ired_movetogoal/lib/python3.12/site-packages:/opt/ros/jazzy/lib/python3.12/site-packages /usr/bin/cmake --build /home/pp/Tawan-pe-/build/ired_bringup -- -j12 -l12
[1.953s] Invoking command in '/home/pp/Tawan-pe-/build/ired_bringup': CMAKE_PREFIX_PATH=/home/pp/Tawan-pe-/install/ired_msgs:/home/pp/Tawan-pe-/install/rplidar_ros:/home/pp/Tawan-pe-/install/ros2_laser_scan_matcher:/home/pp/Tawan-pe-/install/ros2_aruco_interfaces:/home/pp/Tawan-pe-/install/lidar_bringup:/home/pp/Tawan-pe-/install/ired_rviz:/home/pp/Tawan-pe-/install/ired_navigation:/home/pp/Tawan-pe-/install/ired_bringup:/home/pp/Tawan-pe-/install/ired_aruco:/home/pp/Tawan-pe-/install/csm:/opt/ros/jazzy/opt/gz_math_vendor:/opt/ros/jazzy/opt/gz_utils_vendor:/opt/ros/jazzy/opt/gz_cmake_vendor:/home/pp/Tawan-pe-/install/station_pkg:/home/pp/Tawan-pe-/install/ros2_aruco:/home/pp/Tawan-pe-/install/motion_control:/home/pp/Tawan-pe-/install/ired_teleop:/home/pp/Tawan-pe-/install/ired_movetogoal:/opt/ros/jazzy DEBUGINFOD_URLS=https://debuginfod.ubuntu.com LD_LIBRARY_PATH=/home/pp/Tawan-pe-/install/ired_msgs/lib:/home/pp/Tawan-pe-/install/ros2_aruco_interfaces/lib:/home/pp/Tawan-pe-/install/csm/lib:/opt/ros/jazzy/opt/rviz_ogre_vendor/lib:/opt/ros/jazzy/lib/x86_64-linux-gnu:/opt/ros/jazzy/opt/gz_math_vendor/lib:/opt/ros/jazzy/opt/gz_utils_vendor/lib:/opt/ros/jazzy/opt/gz_cmake_vendor/lib:/opt/ros/jazzy/lib PYTHONPATH=/home/pp/Tawan-pe-/install/ired_msgs/lib/python3.12/site-packages:/home/pp/Tawan-pe-/install/station_pkg/lib/python3.12/site-packages:/home/pp/Tawan-pe-/install/ros2_aruco_interfaces/lib/python3.12/site-packages:/home/pp/Tawan-pe-/install/ros2_aruco/lib/python3.12/site-packages:/home/pp/Tawan-pe-/install/motion_control/lib/python3.12/site-packages:/home/pp/Tawan-pe-/install/ired_teleop/lib/python3.12/site-packages:/home/pp/Tawan-pe-/install/ired_movetogoal/lib/python3.12/site-packages:/opt/ros/jazzy/lib/python3.12/site-packages /usr/bin/cmake --install /home/pp/Tawan-pe-/build/ired_bringup
[1.964s] -- Install configuration: ""
[1.965s] -- Execute custom install script
[1.965s] -- Up-to-date symlink: /home/pp/Tawan-pe-/install/ired_bringup/lib/ired_bringup/forward_kinematics_node
[1.966s] -- Up-to-date symlink: /home/pp/Tawan-pe-/install/ired_bringup/lib/ired_bringup/inverse_kinematics_node
[1.966s] -- Up-to-date symlink: /home/pp/Tawan-pe-/install/ired_bringup/lib/ired_bringup/imu_node
[1.966s] -- Up-to-date symlink: /home/pp/Tawan-pe-/install/ired_bringup/lib/ired_bringup/iredcr_modbus_node
[1.967s] -- Up-to-date symlink: /home/pp/Tawan-pe-/install/ired_bringup/lib/ired_bringup/odom_node
[1.968s] -- Up-to-date symlink: /home/pp/Tawan-pe-/install/ired_bringup/share/ired_bringup/launch/bringup.launch.py
[1.968s] -- Up-to-date symlink: /home/pp/Tawan-pe-/install/ired_bringup/share/ired_bringup/param/efk.yaml
[1.969s] -- Up-to-date symlink: /home/pp/Tawan-pe-/install/ired_bringup/share/ired_bringup/param/frames_2026-03-02_22.16.46.gv
[1.969s] -- Up-to-date symlink: /home/pp/Tawan-pe-/install/ired_bringup/share/ired_bringup/param/frames_2026-03-02_22.16.46.pdf
[1.969s] -- Up-to-date symlink: /home/pp/Tawan-pe-/install/ired_bringup/share/ired_bringup/param/ired.yaml
[1.970s] -- Up-to-date symlink: /home/pp/Tawan-pe-/install/ired_bringup/share/ired_bringup/param/laser_config.yaml
[1.970s] -- Up-to-date symlink: /home/pp/Tawan-pe-/install/ired_bringup/share/ired_bringup/param/laser_scan_matcher.yaml
[1.971s] -- Up-to-date symlink: /home/pp/Tawan-pe-/install/ired_bringup/share/ired_bringup/urdf/ired.urdf.xacro
[1.971s] -- Up-to-date symlink: /home/pp/Tawan-pe-/install/ired_bringup/include//ired_bringup/forward_kinematics.hpp
[1.972s] -- Up-to-date symlink: /home/pp/Tawan-pe-/install/ired_bringup/include//ired_bringup/imu.hpp
[1.972s] -- Up-to-date symlink: /home/pp/Tawan-pe-/install/ired_bringup/include//ired_bringup/inverse_kinematics.hpp
[1.972s] -- Up-to-date symlink: /home/pp/Tawan-pe-/install/ired_bringup/include//ired_bringup/ired_controller.hpp
[1.972s] -- Up-to-date symlink: /home/pp/Tawan-pe-/install/ired_bringup/include//ired_bringup/ired_controller_define.hpp
[1.972s] -- Up-to-date symlink: /home/pp/Tawan-pe-/install/ired_bringup/include//ired_bringup/odom.hpp
[1.972s] -- Up-to-date symlink: /home/pp/Tawan-pe-/install/ired_bringup/include//modbus_rtu.hpp
[1.973s] -- Up-to-date symlink: /home/pp/Tawan-pe-/install/ired_bringup/share/ament_index/resource_index/package_run_dependencies/ired_bringup
[1.973s] -- Up-to-date symlink: /home/pp/Tawan-pe-/install/ired_bringup/share/ament_index/resource_index/parent_prefix_path/ired_bringup
[1.973s] -- Up-to-date symlink: /home/pp/Tawan-pe-/install/ired_bringup/share/ired_bringup/environment/ament_prefix_path.sh
[1.973s] -- Up-to-date symlink: /home/pp/Tawan-pe-/install/ired_bringup/share/ired_bringup/environment/ament_prefix_path.dsv
[1.974s] -- Up-to-date symlink: /home/pp/Tawan-pe-/install/ired_bringup/share/ired_bringup/environment/path.sh
[1.974s] -- Up-to-date symlink: /home/pp/Tawan-pe-/install/ired_bringup/share/ired_bringup/environment/path.dsv
[1.974s] -- Up-to-date symlink: /home/pp/Tawan-pe-/install/ired_bringup/share/ired_bringup/local_setup.bash
[1.974s] -- Up-to-date symlink: /home/pp/Tawan-pe-/install/ired_bringup/share/ired_bringup/local_setup.sh
[1.974s] -- Up-to-date symlink: /home/pp/Tawan-pe-/install/ired_bringup/share/ired_bringup/local_setup.zsh
[1.975s] -- Up-to-date symlink: /home/pp/Tawan-pe-/install/ired_bringup/share/ired_bringup/local_setup.dsv
[1.975s] -- Symlinking: /home/pp/Tawan-pe-/install/ired_bringup/share/ired_bringup/package.dsv
[1.989s] -- Up-to-date symlink: /home/pp/Tawan-pe-/install/ired_bringup/share/ament_index/resource_index/packages/ired_bringup
[1.989s] -- Up-to-date symlink: /home/pp/Tawan-pe-/install/ired_bringup/share/ired_bringup/cmake/ament_cmake_export_include_directories-extras.cmake
[1.989s] -- Up-to-date symlink: /home/pp/Tawan-pe-/install/ired_bringup/share/ired_bringup/cmake/ament_cmake_export_dependencies-extras.cmake
[1.989s] -- Up-to-date symlink: /home/pp/Tawan-pe-/install/ired_bringup/share/ired_bringup/cmake/ired_bringupConfig.cmake
[1.990s] -- Up-to-date symlink: /home/pp/Tawan-pe-/install/ired_bringup/share/ired_bringup/cmake/ired_bringupConfig-version.cmake
[1.990s] -- Up-to-date symlink: /home/pp/Tawan-pe-/install/ired_bringup/share/ired_bringup/package.xml
[1.992s] Invoked command in '/home/pp/Tawan-pe-/build/ired_bringup' returned '0': CMAKE_PREFIX_PATH=/home/pp/Tawan-pe-/install/ired_msgs:/home/pp/Tawan-pe-/install/rplidar_ros:/home/pp/Tawan-pe-/install/ros2_laser_scan_matcher:/home/pp/Tawan-pe-/install/ros2_aruco_interfaces:/home/pp/Tawan-pe-/install/lidar_bringup:/home/pp/Tawan-pe-/install/ired_rviz:/home/pp/Tawan-pe-/install/ired_navigation:/home/pp/Tawan-pe-/install/ired_bringup:/home/pp/Tawan-pe-/install/ired_aruco:/home/pp/Tawan-pe-/install/csm:/opt/ros/jazzy/opt/gz_math_vendor:/opt/ros/jazzy/opt/gz_utils_vendor:/opt/ros/jazzy/opt/gz_cmake_vendor:/home/pp/Tawan-pe-/install/station_pkg:/home/pp/Tawan-pe-/install/ros2_aruco:/home/pp/Tawan-pe-/install/motion_control:/home/pp/Tawan-pe-/install/ired_teleop:/home/pp/Tawan-pe-/install/ired_movetogoal:/opt/ros/jazzy DEBUGINFOD_URLS=https://debuginfod.ubuntu.com LD_LIBRARY_PATH=/home/pp/Tawan-pe-/install/ired_msgs/lib:/home/pp/Tawan-pe-/install/ros2_aruco_interfaces/lib:/home/pp/Tawan-pe-/install/csm/lib:/opt/ros/jazzy/opt/rviz_ogre_vendor/lib:/opt/ros/jazzy/lib/x86_64-linux-gnu:/opt/ros/jazzy/opt/gz_math_vendor/lib:/opt/ros/jazzy/opt/gz_utils_vendor/lib:/opt/ros/jazzy/opt/gz_cmake_vendor/lib:/opt/ros/jazzy/lib PYTHONPATH=/home/pp/Tawan-pe-/install/ired_msgs/lib/python3.12/site-packages:/home/pp/Tawan-pe-/install/station_pkg/lib/python3.12/site-packages:/home/pp/Tawan-pe-/install/ros2_aruco_interfaces/lib/python3.12/site-packages:/home/pp/Tawan-pe-/install/ros2_aruco/lib/python3.12/site-packages:/home/pp/Tawan-pe-/install/motion_control/lib/python3.12/site-packages:/home/pp/Tawan-pe-/install/ired_teleop/lib/python3.12/site-packages:/home/pp/Tawan-pe-/install/ired_movetogoal/lib/python3.12/site-packages:/opt/ros/jazzy/lib/python3.12/site-packages /usr/bin/cmake --install /home/pp/Tawan-pe-/build/ired_bringup
