[0.643s] Invoking command in '/home/pi/robot_ws/build/ired_teleop': DEBUGINFOD_URLS=https://debuginfod.ubuntu.com PYTHONPATH=/home/pi/robot_ws/build/ired_teleop/prefix_override:/usr/lib/python3/dist-packages/colcon_core/task/python/colcon_distutils_commands:/home/pi/robot_ws/install/ired_teleop/lib/python3.12/site-packages:${PYTHONPATH} /usr/bin/python3 -W ignore:setup.py install is deprecated -W ignore:easy_install command is deprecated setup.py develop --editable --build-directory /home/pi/robot_ws/build/ired_teleop/build --no-deps symlink_data
[0.837s] running develop
[0.947s] running egg_info
[0.947s] creating ired_teleop.egg-info
[0.957s] writing ired_teleop.egg-info/PKG-INFO
[0.957s] writing dependency_links to ired_teleop.egg-info/dependency_links.txt
[0.957s] writing entry points to ired_teleop.egg-info/entry_points.txt
[0.957s] writing requirements to ired_teleop.egg-info/requires.txt
[0.957s] writing top-level names to ired_teleop.egg-info/top_level.txt
[0.957s] writing manifest file 'ired_teleop.egg-info/SOURCES.txt'
[0.979s] reading manifest file 'ired_teleop.egg-info/SOURCES.txt'
[0.979s] writing manifest file 'ired_teleop.egg-info/SOURCES.txt'
[0.990s] running build_ext
[0.990s] Creating /home/pi/robot_ws/install/ired_teleop/lib/python3.12/site-packages/ired-teleop.egg-link (link to .)
[0.991s] Installing teleop_keyboard script to /home/pi/robot_ws/install/ired_teleop/lib/ired_teleop
[0.992s] 
[0.992s] Installed /home/pi/robot_ws/build/ired_teleop
[0.993s] running symlink_data
[0.993s] creating /home/pi/robot_ws/install/ired_teleop/share/ament_index
[0.993s] creating /home/pi/robot_ws/install/ired_teleop/share/ament_index/resource_index
[0.993s] creating /home/pi/robot_ws/install/ired_teleop/share/ament_index/resource_index/packages
[0.993s] symbolically linking /home/pi/robot_ws/build/ired_teleop/resource/ired_teleop -> /home/pi/robot_ws/install/ired_teleop/share/ament_index/resource_index/packages
[0.993s] symbolically linking /home/pi/robot_ws/build/ired_teleop/package.xml -> /home/pi/robot_ws/install/ired_teleop/share/ired_teleop
[1.034s] Invoked command in '/home/pi/robot_ws/build/ired_teleop' returned '0': DEBUGINFOD_URLS=https://debuginfod.ubuntu.com PYTHONPATH=/home/pi/robot_ws/build/ired_teleop/prefix_override:/usr/lib/python3/dist-packages/colcon_core/task/python/colcon_distutils_commands:/home/pi/robot_ws/install/ired_teleop/lib/python3.12/site-packages:${PYTHONPATH} /usr/bin/python3 -W ignore:setup.py install is deprecated -W ignore:easy_install command is deprecated setup.py develop --editable --build-directory /home/pi/robot_ws/build/ired_teleop/build --no-deps symlink_data
