[1.381s] Invoking command in '/home/pi/robot_ws/build/ired_movetogoal': DEBUGINFOD_URLS=https://debuginfod.ubuntu.com PYTHONPATH=/home/pi/robot_ws/build/ired_movetogoal/prefix_override:/usr/lib/python3/dist-packages/colcon_core/task/python/colcon_distutils_commands:/home/pi/robot_ws/install/ired_movetogoal/lib/python3.12/site-packages:${PYTHONPATH} /usr/bin/python3 -W ignore:setup.py install is deprecated -W ignore:easy_install command is deprecated setup.py develop --editable --build-directory /home/pi/robot_ws/build/ired_movetogoal/build --no-deps symlink_data
[1.722s] running develop
[2.296s] running egg_info
[2.296s] creating ired_movetogoal.egg-info
[2.325s] writing ired_movetogoal.egg-info/PKG-INFO
[2.325s] writing dependency_links to ired_movetogoal.egg-info/dependency_links.txt
[2.325s] writing entry points to ired_movetogoal.egg-info/entry_points.txt
[2.325s] writing requirements to ired_movetogoal.egg-info/requires.txt
[2.326s] writing top-level names to ired_movetogoal.egg-info/top_level.txt
[2.326s] writing manifest file 'ired_movetogoal.egg-info/SOURCES.txt'
[2.389s] reading manifest file 'ired_movetogoal.egg-info/SOURCES.txt'
[2.389s] writing manifest file 'ired_movetogoal.egg-info/SOURCES.txt'
[2.430s] running build_ext
[2.431s] Creating /home/pi/robot_ws/install/ired_movetogoal/lib/python3.12/site-packages/ired-movetogoal.egg-link (link to .)
[2.432s] Installing movetogoal script to /home/pi/robot_ws/install/ired_movetogoal/lib/ired_movetogoal
[2.433s] 
[2.433s] Installed /home/pi/robot_ws/build/ired_movetogoal
[2.433s] running symlink_data
[2.434s] creating /home/pi/robot_ws/install/ired_movetogoal/share/ament_index
[2.434s] creating /home/pi/robot_ws/install/ired_movetogoal/share/ament_index/resource_index
[2.435s] creating /home/pi/robot_ws/install/ired_movetogoal/share/ament_index/resource_index/packages
[2.436s] symbolically linking /home/pi/robot_ws/build/ired_movetogoal/resource/ired_movetogoal -> /home/pi/robot_ws/install/ired_movetogoal/share/ament_index/resource_index/packages
[2.443s] symbolically linking /home/pi/robot_ws/build/ired_movetogoal/package.xml -> /home/pi/robot_ws/install/ired_movetogoal/share/ired_movetogoal
[2.545s] Invoked command in '/home/pi/robot_ws/build/ired_movetogoal' returned '0': DEBUGINFOD_URLS=https://debuginfod.ubuntu.com PYTHONPATH=/home/pi/robot_ws/build/ired_movetogoal/prefix_override:/usr/lib/python3/dist-packages/colcon_core/task/python/colcon_distutils_commands:/home/pi/robot_ws/install/ired_movetogoal/lib/python3.12/site-packages:${PYTHONPATH} /usr/bin/python3 -W ignore:setup.py install is deprecated -W ignore:easy_install command is deprecated setup.py develop --editable --build-directory /home/pi/robot_ws/build/ired_movetogoal/build --no-deps symlink_data
