[0.075s] Invoking command in '/home/pp/Tawan-pe-/build/ros2_aruco_interfaces': CMAKE_PREFIX_PATH=${CMAKE_PREFIX_PATH}:/home/pp/Tawan-pe-/install/station_pkg:/home/pp/Tawan-pe-/install/ros2_aruco:/home/pp/Tawan-pe-/install/motion_control:/home/pp/Tawan-pe-/install/ired_teleop:/home/pp/Tawan-pe-/install/ired_movetogoal:/opt/ros/jazzy DEBUGINFOD_URLS=https://debuginfod.ubuntu.com /usr/bin/cmake /home/pp/Tawan-pe-/src/aruco_marker/ros2_aruco/ros2_aruco_interfaces -DAMENT_CMAKE_SYMLINK_INSTALL=1 -DCMAKE_INSTALL_PREFIX=/home/pp/Tawan-pe-/install/ros2_aruco_interfaces
[1.907s] -- Found ament_cmake: 2.5.4 (/opt/ros/jazzy/share/ament_cmake/cmake)
[1.907s] -- Found Python3: /usr/bin/python3 (found version "3.12.3") found components: Interpreter 
[1.907s] -- Override CMake install command with custom implementation using symlinks instead of copying resources
[1.907s] -- Found geometry_msgs: 5.3.6 (/opt/ros/jazzy/share/geometry_msgs/cmake)
[1.908s] -- Found rosidl_generator_c: 4.6.6 (/opt/ros/jazzy/share/rosidl_generator_c/cmake)
[1.908s] -- Found rosidl_generator_cpp: 4.6.6 (/opt/ros/jazzy/share/rosidl_generator_cpp/cmake)
[1.908s] -- Using all available rosidl_typesupport_c: rosidl_typesupport_fastrtps_c;rosidl_typesupport_introspection_c
[1.908s] -- Using all available rosidl_typesupport_cpp: rosidl_typesupport_fastrtps_cpp;rosidl_typesupport_introspection_cpp
[1.908s] -- Found rosidl_default_generators: 1.6.0 (/opt/ros/jazzy/share/rosidl_default_generators/cmake)
[1.908s] -- Found rosidl_adapter: 4.6.6 (/opt/ros/jazzy/share/rosidl_adapter/cmake)
[1.908s] -- Found ament_cmake_ros: 0.12.0 (/opt/ros/jazzy/share/ament_cmake_ros/cmake)
[1.908s] -- Using all available rosidl_typesupport_c: rosidl_typesupport_fastrtps_c;rosidl_typesupport_introspection_c
[2.102s] -- Using all available rosidl_typesupport_cpp: rosidl_typesupport_fastrtps_cpp;rosidl_typesupport_introspection_cpp
[2.104s] -- Found python_cmake_module: 0.11.1 (/opt/ros/jazzy/share/python_cmake_module/cmake)
[2.771s] -- Found Python3: /usr/bin/python3 (found version "3.12.3") found components: Interpreter Development NumPy Development.Module Development.Embed 
[2.870s] -- Found ament_lint_auto: 0.17.3 (/opt/ros/jazzy/share/ament_lint_auto/cmake)
[2.899s] -- Added test 'copyright' to check source files copyright and LICENSE
[2.902s] -- Added test 'lint_cmake' to check CMake code style
[2.905s] -- Added test 'xmllint' to check XML markup files
[2.912s] -- Configuring done (2.8s)
[3.020s] -- Generating done (0.1s)
[3.047s] -- Build files have been written to: /home/pp/Tawan-pe-/build/ros2_aruco_interfaces
[3.063s] Invoked command in '/home/pp/Tawan-pe-/build/ros2_aruco_interfaces' returned '0': CMAKE_PREFIX_PATH=${CMAKE_PREFIX_PATH}:/home/pp/Tawan-pe-/install/station_pkg:/home/pp/Tawan-pe-/install/ros2_aruco:/home/pp/Tawan-pe-/install/motion_control:/home/pp/Tawan-pe-/install/ired_teleop:/home/pp/Tawan-pe-/install/ired_movetogoal:/opt/ros/jazzy DEBUGINFOD_URLS=https://debuginfod.ubuntu.com /usr/bin/cmake /home/pp/Tawan-pe-/src/aruco_marker/ros2_aruco/ros2_aruco_interfaces -DAMENT_CMAKE_SYMLINK_INSTALL=1 -DCMAKE_INSTALL_PREFIX=/home/pp/Tawan-pe-/install/ros2_aruco_interfaces
[3.065s] Invoking command in '/home/pp/Tawan-pe-/build/ros2_aruco_interfaces': CMAKE_PREFIX_PATH=${CMAKE_PREFIX_PATH}:/home/pp/Tawan-pe-/install/station_pkg:/home/pp/Tawan-pe-/install/ros2_aruco:/home/pp/Tawan-pe-/install/motion_control:/home/pp/Tawan-pe-/install/ired_teleop:/home/pp/Tawan-pe-/install/ired_movetogoal:/opt/ros/jazzy DEBUGINFOD_URLS=https://debuginfod.ubuntu.com /usr/bin/cmake --build /home/pp/Tawan-pe-/build/ros2_aruco_interfaces -- -j12 -l12
[3.176s] [  2%] Built target ros2_aruco_interfaces__rosidl_generator_type_description
[3.218s] [  2%] Built target ament_cmake_python_symlink_ros2_aruco_interfaces
[3.289s] [  5%] Built target ros2_aruco_interfaces__cpp
[3.293s] [ 20%] Built target ros2_aruco_interfaces__rosidl_generator_c
[3.407s] [ 29%] Built target ros2_aruco_interfaces__rosidl_typesupport_fastrtps_cpp
[3.408s] [ 38%] Built target ros2_aruco_interfaces__rosidl_typesupport_fastrtps_c
[3.422s] [ 47%] Built target ros2_aruco_interfaces__rosidl_typesupport_cpp
[3.437s] [ 55%] Built target ros2_aruco_interfaces__rosidl_typesupport_c
[3.440s] [ 64%] Built target ros2_aruco_interfaces__rosidl_typesupport_introspection_cpp
[3.449s] [ 73%] Built target ros2_aruco_interfaces__rosidl_typesupport_introspection_c
[3.510s] [ 73%] Built target ros2_aruco_interfaces
[3.573s] [ 76%] Built target ros2_aruco_interfaces__py
[3.667s] [ 82%] Built target ros2_aruco_interfaces__rosidl_generator_py
[3.752s] [ 88%] Built target ros2_aruco_interfaces_s__rosidl_typesupport_fastrtps_c
[3.761s] [ 94%] Built target ros2_aruco_interfaces_s__rosidl_typesupport_introspection_c
[3.771s] [100%] Built target ros2_aruco_interfaces_s__rosidl_typesupport_c
[4.088s] running egg_info
[4.165s] writing ros2_aruco_interfaces.egg-info/PKG-INFO
[4.165s] writing dependency_links to ros2_aruco_interfaces.egg-info/dependency_links.txt
[4.166s] writing top-level names to ros2_aruco_interfaces.egg-info/top_level.txt
[4.383s] reading manifest file 'ros2_aruco_interfaces.egg-info/SOURCES.txt'
[4.385s] writing manifest file 'ros2_aruco_interfaces.egg-info/SOURCES.txt'
[4.461s] [100%] Built target ament_cmake_python_build_ros2_aruco_interfaces_egg
[4.481s] Invoked command in '/home/pp/Tawan-pe-/build/ros2_aruco_interfaces' returned '0': CMAKE_PREFIX_PATH=${CMAKE_PREFIX_PATH}:/home/pp/Tawan-pe-/install/station_pkg:/home/pp/Tawan-pe-/install/ros2_aruco:/home/pp/Tawan-pe-/install/motion_control:/home/pp/Tawan-pe-/install/ired_teleop:/home/pp/Tawan-pe-/install/ired_movetogoal:/opt/ros/jazzy DEBUGINFOD_URLS=https://debuginfod.ubuntu.com /usr/bin/cmake --build /home/pp/Tawan-pe-/build/ros2_aruco_interfaces -- -j12 -l12
[4.485s] Invoking command in '/home/pp/Tawan-pe-/build/ros2_aruco_interfaces': CMAKE_PREFIX_PATH=${CMAKE_PREFIX_PATH}:/home/pp/Tawan-pe-/install/station_pkg:/home/pp/Tawan-pe-/install/ros2_aruco:/home/pp/Tawan-pe-/install/motion_control:/home/pp/Tawan-pe-/install/ired_teleop:/home/pp/Tawan-pe-/install/ired_movetogoal:/opt/ros/jazzy DEBUGINFOD_URLS=https://debuginfod.ubuntu.com /usr/bin/cmake --install /home/pp/Tawan-pe-/build/ros2_aruco_interfaces
[4.499s] -- Install configuration: ""
[4.500s] -- Execute custom install script
[4.501s] -- Up-to-date symlink: /home/pp/Tawan-pe-/install/ros2_aruco_interfaces/share/ament_index/resource_index/rosidl_interfaces/ros2_aruco_interfaces
[4.501s] -- Up-to-date symlink: /home/pp/Tawan-pe-/install/ros2_aruco_interfaces/share/ros2_aruco_interfaces/msg/ArucoMarkers.json
[4.502s] -- Up-to-date symlink: /home/pp/Tawan-pe-/install/ros2_aruco_interfaces/include/ros2_aruco_interfaces/ros2_aruco_interfaces/msg/aruco_markers.h
[4.502s] -- Up-to-date symlink: /home/pp/Tawan-pe-/install/ros2_aruco_interfaces/include/ros2_aruco_interfaces/ros2_aruco_interfaces/msg/detail/aruco_markers__functions.h
[4.502s] -- Up-to-date symlink: /home/pp/Tawan-pe-/install/ros2_aruco_interfaces/include/ros2_aruco_interfaces/ros2_aruco_interfaces/msg/detail/aruco_markers__struct.h
[4.503s] -- Up-to-date symlink: /home/pp/Tawan-pe-/install/ros2_aruco_interfaces/include/ros2_aruco_interfaces/ros2_aruco_interfaces/msg/detail/aruco_markers__type_support.h
[4.503s] -- Up-to-date symlink: /home/pp/Tawan-pe-/install/ros2_aruco_interfaces/include/ros2_aruco_interfaces/ros2_aruco_interfaces/msg/rosidl_generator_c__visibility_control.h
[4.503s] -- Up-to-date symlink: /home/pp/Tawan-pe-/install/ros2_aruco_interfaces/share/ros2_aruco_interfaces/environment/library_path.sh
[4.504s] -- Up-to-date symlink: /home/pp/Tawan-pe-/install/ros2_aruco_interfaces/share/ros2_aruco_interfaces/environment/library_path.dsv
[4.504s] -- Up-to-date symlink: /home/pp/Tawan-pe-/install/ros2_aruco_interfaces/include/ros2_aruco_interfaces/ros2_aruco_interfaces/msg/detail/aruco_markers__rosidl_typesupport_fastrtps_c.h
[4.505s] -- Up-to-date symlink: /home/pp/Tawan-pe-/install/ros2_aruco_interfaces/include/ros2_aruco_interfaces/ros2_aruco_interfaces/msg/rosidl_typesupport_fastrtps_c__visibility_control.h
[4.505s] -- Up-to-date symlink: /home/pp/Tawan-pe-/install/ros2_aruco_interfaces/include/ros2_aruco_interfaces/ros2_aruco_interfaces/msg/aruco_markers.hpp
[4.506s] -- Up-to-date symlink: /home/pp/Tawan-pe-/install/ros2_aruco_interfaces/include/ros2_aruco_interfaces/ros2_aruco_interfaces/msg/detail/aruco_markers__builder.hpp
[4.506s] -- Up-to-date symlink: /home/pp/Tawan-pe-/install/ros2_aruco_interfaces/include/ros2_aruco_interfaces/ros2_aruco_interfaces/msg/detail/aruco_markers__struct.hpp
[4.506s] -- Up-to-date symlink: /home/pp/Tawan-pe-/install/ros2_aruco_interfaces/include/ros2_aruco_interfaces/ros2_aruco_interfaces/msg/detail/aruco_markers__traits.hpp
[4.506s] -- Up-to-date symlink: /home/pp/Tawan-pe-/install/ros2_aruco_interfaces/include/ros2_aruco_interfaces/ros2_aruco_interfaces/msg/detail/aruco_markers__type_support.hpp
[4.507s] -- Up-to-date symlink: /home/pp/Tawan-pe-/install/ros2_aruco_interfaces/include/ros2_aruco_interfaces/ros2_aruco_interfaces/msg/rosidl_generator_cpp__visibility_control.hpp
[4.508s] -- Up-to-date symlink: /home/pp/Tawan-pe-/install/ros2_aruco_interfaces/include/ros2_aruco_interfaces/ros2_aruco_interfaces/msg/detail/aruco_markers__rosidl_typesupport_fastrtps_cpp.hpp
[4.508s] -- Up-to-date symlink: /home/pp/Tawan-pe-/install/ros2_aruco_interfaces/include/ros2_aruco_interfaces/ros2_aruco_interfaces/msg/rosidl_typesupport_fastrtps_cpp__visibility_control.h
[4.508s] -- Up-to-date symlink: /home/pp/Tawan-pe-/install/ros2_aruco_interfaces/include/ros2_aruco_interfaces/ros2_aruco_interfaces/msg/detail/aruco_markers__rosidl_typesupport_introspection_c.h
[4.509s] -- Up-to-date symlink: /home/pp/Tawan-pe-/install/ros2_aruco_interfaces/include/ros2_aruco_interfaces/ros2_aruco_interfaces/msg/rosidl_typesupport_introspection_c__visibility_control.h
[4.509s] -- Up-to-date symlink: /home/pp/Tawan-pe-/install/ros2_aruco_interfaces/include/ros2_aruco_interfaces/ros2_aruco_interfaces/msg/detail/aruco_markers__rosidl_typesupport_introspection_cpp.hpp
[4.510s] -- Up-to-date symlink: /home/pp/Tawan-pe-/install/ros2_aruco_interfaces/share/ros2_aruco_interfaces/environment/pythonpath.sh
[4.510s] -- Up-to-date symlink: /home/pp/Tawan-pe-/install/ros2_aruco_interfaces/share/ros2_aruco_interfaces/environment/pythonpath.dsv
[4.511s] -- Up-to-date symlink: /home/pp/Tawan-pe-/install/ros2_aruco_interfaces/lib/python3.12/site-packages/ros2_aruco_interfaces-0.1.0-py3.12.egg-info/PKG-INFO
[4.511s] -- Up-to-date symlink: /home/pp/Tawan-pe-/install/ros2_aruco_interfaces/lib/python3.12/site-packages/ros2_aruco_interfaces-0.1.0-py3.12.egg-info/SOURCES.txt
[4.511s] -- Up-to-date symlink: /home/pp/Tawan-pe-/install/ros2_aruco_interfaces/lib/python3.12/site-packages/ros2_aruco_interfaces-0.1.0-py3.12.egg-info/dependency_links.txt
[4.511s] -- Up-to-date symlink: /home/pp/Tawan-pe-/install/ros2_aruco_interfaces/lib/python3.12/site-packages/ros2_aruco_interfaces-0.1.0-py3.12.egg-info/top_level.txt
[4.512s] -- Up-to-date symlink: /home/pp/Tawan-pe-/install/ros2_aruco_interfaces/lib/python3.12/site-packages/ros2_aruco_interfaces/__init__.py
[4.513s] -- Up-to-date symlink: /home/pp/Tawan-pe-/install/ros2_aruco_interfaces/lib/python3.12/site-packages/ros2_aruco_interfaces/_ros2_aruco_interfaces_s.ep.rosidl_typesupport_c.c
[4.513s] -- Up-to-date symlink: /home/pp/Tawan-pe-/install/ros2_aruco_interfaces/lib/python3.12/site-packages/ros2_aruco_interfaces/_ros2_aruco_interfaces_s.ep.rosidl_typesupport_fastrtps_c.c
[4.513s] -- Up-to-date symlink: /home/pp/Tawan-pe-/install/ros2_aruco_interfaces/lib/python3.12/site-packages/ros2_aruco_interfaces/_ros2_aruco_interfaces_s.ep.rosidl_typesupport_introspection_c.c
[4.513s] -- Up-to-date symlink: /home/pp/Tawan-pe-/install/ros2_aruco_interfaces/lib/python3.12/site-packages/ros2_aruco_interfaces/msg/__init__.py
[4.514s] -- Up-to-date symlink: /home/pp/Tawan-pe-/install/ros2_aruco_interfaces/lib/python3.12/site-packages/ros2_aruco_interfaces/msg/_aruco_markers.py
[4.514s] -- Up-to-date symlink: /home/pp/Tawan-pe-/install/ros2_aruco_interfaces/lib/python3.12/site-packages/ros2_aruco_interfaces/msg/_aruco_markers_s.c
[4.514s] -- Up-to-date symlink: /home/pp/Tawan-pe-/install/ros2_aruco_interfaces/lib/python3.12/site-packages/ros2_aruco_interfaces/ros2_aruco_interfaces_s__rosidl_typesupport_c.so
[4.514s] -- Up-to-date symlink: /home/pp/Tawan-pe-/install/ros2_aruco_interfaces/lib/python3.12/site-packages/ros2_aruco_interfaces/ros2_aruco_interfaces_s__rosidl_typesupport_fastrtps_c.so
[4.515s] -- Up-to-date symlink: /home/pp/Tawan-pe-/install/ros2_aruco_interfaces/lib/python3.12/site-packages/ros2_aruco_interfaces/ros2_aruco_interfaces_s__rosidl_typesupport_introspection_c.so
[4.515s] -- Up-to-date symlink: /home/pp/Tawan-pe-/install/ros2_aruco_interfaces/lib/python3.12/site-packages/ros2_aruco_interfaces/ros2_aruco_interfaces_s__rosidl_typesupport_fastrtps_c.so
[4.516s] -- Up-to-date symlink: /home/pp/Tawan-pe-/install/ros2_aruco_interfaces/lib/python3.12/site-packages/ros2_aruco_interfaces/ros2_aruco_interfaces_s__rosidl_typesupport_introspection_c.so
[4.516s] -- Up-to-date symlink: /home/pp/Tawan-pe-/install/ros2_aruco_interfaces/lib/python3.12/site-packages/ros2_aruco_interfaces/ros2_aruco_interfaces_s__rosidl_typesupport_c.so
[4.516s] -- Up-to-date symlink: /home/pp/Tawan-pe-/install/ros2_aruco_interfaces/share/ros2_aruco_interfaces/msg/ArucoMarkers.idl
[4.517s] -- Up-to-date symlink: /home/pp/Tawan-pe-/install/ros2_aruco_interfaces/share/ros2_aruco_interfaces/msg/ArucoMarkers.msg
[4.517s] -- Up-to-date symlink: /home/pp/Tawan-pe-/install/ros2_aruco_interfaces/share/ament_index/resource_index/package_run_dependencies/ros2_aruco_interfaces
[4.517s] -- Up-to-date symlink: /home/pp/Tawan-pe-/install/ros2_aruco_interfaces/share/ament_index/resource_index/parent_prefix_path/ros2_aruco_interfaces
[4.518s] -- Up-to-date symlink: /home/pp/Tawan-pe-/install/ros2_aruco_interfaces/share/ros2_aruco_interfaces/environment/ament_prefix_path.sh
[4.518s] -- Up-to-date symlink: /home/pp/Tawan-pe-/install/ros2_aruco_interfaces/share/ros2_aruco_interfaces/environment/ament_prefix_path.dsv
[4.518s] -- Up-to-date symlink: /home/pp/Tawan-pe-/install/ros2_aruco_interfaces/share/ros2_aruco_interfaces/environment/path.sh
[4.519s] -- Up-to-date symlink: /home/pp/Tawan-pe-/install/ros2_aruco_interfaces/share/ros2_aruco_interfaces/environment/path.dsv
[4.519s] -- Up-to-date symlink: /home/pp/Tawan-pe-/install/ros2_aruco_interfaces/share/ros2_aruco_interfaces/local_setup.bash
[4.519s] -- Up-to-date symlink: /home/pp/Tawan-pe-/install/ros2_aruco_interfaces/share/ros2_aruco_interfaces/local_setup.sh
[4.519s] -- Up-to-date symlink: /home/pp/Tawan-pe-/install/ros2_aruco_interfaces/share/ros2_aruco_interfaces/local_setup.zsh
[4.519s] -- Up-to-date symlink: /home/pp/Tawan-pe-/install/ros2_aruco_interfaces/share/ros2_aruco_interfaces/local_setup.dsv
[4.520s] -- Symlinking: /home/pp/Tawan-pe-/install/ros2_aruco_interfaces/share/ros2_aruco_interfaces/package.dsv
[4.537s] -- Up-to-date symlink: /home/pp/Tawan-pe-/install/ros2_aruco_interfaces/share/ament_index/resource_index/packages/ros2_aruco_interfaces
[4.537s] -- Up-to-date symlink: /home/pp/Tawan-pe-/install/ros2_aruco_interfaces/share/ros2_aruco_interfaces/cmake/rosidl_cmake-extras.cmake
[4.537s] -- Up-to-date symlink: /home/pp/Tawan-pe-/install/ros2_aruco_interfaces/share/ros2_aruco_interfaces/cmake/ament_cmake_export_dependencies-extras.cmake
[4.537s] -- Up-to-date symlink: /home/pp/Tawan-pe-/install/ros2_aruco_interfaces/share/ros2_aruco_interfaces/cmake/ament_cmake_export_include_directories-extras.cmake
[4.538s] -- Up-to-date symlink: /home/pp/Tawan-pe-/install/ros2_aruco_interfaces/share/ros2_aruco_interfaces/cmake/ament_cmake_export_libraries-extras.cmake
[4.538s] -- Up-to-date symlink: /home/pp/Tawan-pe-/install/ros2_aruco_interfaces/share/ros2_aruco_interfaces/cmake/ament_cmake_export_targets-extras.cmake
[4.538s] -- Up-to-date symlink: /home/pp/Tawan-pe-/install/ros2_aruco_interfaces/share/ros2_aruco_interfaces/cmake/rosidl_cmake_export_typesupport_targets-extras.cmake
[4.539s] -- Up-to-date symlink: /home/pp/Tawan-pe-/install/ros2_aruco_interfaces/share/ros2_aruco_interfaces/cmake/rosidl_cmake_export_typesupport_libraries-extras.cmake
[4.539s] -- Up-to-date symlink: /home/pp/Tawan-pe-/install/ros2_aruco_interfaces/share/ros2_aruco_interfaces/cmake/ros2_aruco_interfacesConfig.cmake
[4.539s] -- Up-to-date symlink: /home/pp/Tawan-pe-/install/ros2_aruco_interfaces/share/ros2_aruco_interfaces/cmake/ros2_aruco_interfacesConfig-version.cmake
[4.539s] -- Up-to-date symlink: /home/pp/Tawan-pe-/install/ros2_aruco_interfaces/share/ros2_aruco_interfaces/package.xml
[4.540s] -- Up-to-date: /home/pp/Tawan-pe-/install/ros2_aruco_interfaces/lib/libros2_aruco_interfaces__rosidl_generator_c.so
[4.540s] -- Up-to-date: /home/pp/Tawan-pe-/install/ros2_aruco_interfaces/lib/libros2_aruco_interfaces__rosidl_typesupport_fastrtps_c.so
[4.541s] -- Up-to-date: /home/pp/Tawan-pe-/install/ros2_aruco_interfaces/lib/libros2_aruco_interfaces__rosidl_typesupport_fastrtps_cpp.so
[4.541s] -- Up-to-date: /home/pp/Tawan-pe-/install/ros2_aruco_interfaces/lib/libros2_aruco_interfaces__rosidl_typesupport_introspection_c.so
[4.543s] -- Up-to-date: /home/pp/Tawan-pe-/install/ros2_aruco_interfaces/lib/libros2_aruco_interfaces__rosidl_typesupport_c.so
[4.543s] -- Up-to-date: /home/pp/Tawan-pe-/install/ros2_aruco_interfaces/lib/libros2_aruco_interfaces__rosidl_typesupport_introspection_cpp.so
[4.543s] -- Up-to-date: /home/pp/Tawan-pe-/install/ros2_aruco_interfaces/lib/libros2_aruco_interfaces__rosidl_typesupport_cpp.so
[4.621s] Listing '/home/pp/Tawan-pe-/install/ros2_aruco_interfaces/lib/python3.12/site-packages/ros2_aruco_interfaces'...
[4.622s] Compiling '/home/pp/Tawan-pe-/install/ros2_aruco_interfaces/lib/python3.12/site-packages/ros2_aruco_interfaces/__init__.py'...
[4.622s] Listing '/home/pp/Tawan-pe-/install/ros2_aruco_interfaces/lib/python3.12/site-packages/ros2_aruco_interfaces/msg'...
[4.633s] -- Up-to-date: /home/pp/Tawan-pe-/install/ros2_aruco_interfaces/lib/libros2_aruco_interfaces__rosidl_generator_py.so
[4.634s] -- Up-to-date: /home/pp/Tawan-pe-/install/ros2_aruco_interfaces/share/ros2_aruco_interfaces/cmake/export_ros2_aruco_interfaces__rosidl_generator_cExport.cmake
[4.634s] -- Up-to-date: /home/pp/Tawan-pe-/install/ros2_aruco_interfaces/share/ros2_aruco_interfaces/cmake/export_ros2_aruco_interfaces__rosidl_generator_cExport-noconfig.cmake
[4.635s] -- Up-to-date: /home/pp/Tawan-pe-/install/ros2_aruco_interfaces/share/ros2_aruco_interfaces/cmake/export_ros2_aruco_interfaces__rosidl_typesupport_fastrtps_cExport.cmake
[4.635s] -- Up-to-date: /home/pp/Tawan-pe-/install/ros2_aruco_interfaces/share/ros2_aruco_interfaces/cmake/export_ros2_aruco_interfaces__rosidl_typesupport_fastrtps_cExport-noconfig.cmake
[4.636s] -- Up-to-date: /home/pp/Tawan-pe-/install/ros2_aruco_interfaces/share/ros2_aruco_interfaces/cmake/export_ros2_aruco_interfaces__rosidl_generator_cppExport.cmake
[4.636s] -- Up-to-date: /home/pp/Tawan-pe-/install/ros2_aruco_interfaces/share/ros2_aruco_interfaces/cmake/export_ros2_aruco_interfaces__rosidl_typesupport_fastrtps_cppExport.cmake
[4.636s] -- Up-to-date: /home/pp/Tawan-pe-/install/ros2_aruco_interfaces/share/ros2_aruco_interfaces/cmake/export_ros2_aruco_interfaces__rosidl_typesupport_fastrtps_cppExport-noconfig.cmake
[4.636s] -- Up-to-date: /home/pp/Tawan-pe-/install/ros2_aruco_interfaces/share/ros2_aruco_interfaces/cmake/ros2_aruco_interfaces__rosidl_typesupport_introspection_cExport.cmake
[4.636s] -- Up-to-date: /home/pp/Tawan-pe-/install/ros2_aruco_interfaces/share/ros2_aruco_interfaces/cmake/ros2_aruco_interfaces__rosidl_typesupport_introspection_cExport-noconfig.cmake
[4.637s] -- Up-to-date: /home/pp/Tawan-pe-/install/ros2_aruco_interfaces/share/ros2_aruco_interfaces/cmake/ros2_aruco_interfaces__rosidl_typesupport_cExport.cmake
[4.637s] -- Up-to-date: /home/pp/Tawan-pe-/install/ros2_aruco_interfaces/share/ros2_aruco_interfaces/cmake/ros2_aruco_interfaces__rosidl_typesupport_cExport-noconfig.cmake
[4.637s] -- Up-to-date: /home/pp/Tawan-pe-/install/ros2_aruco_interfaces/share/ros2_aruco_interfaces/cmake/ros2_aruco_interfaces__rosidl_typesupport_introspection_cppExport.cmake
[4.637s] -- Up-to-date: /home/pp/Tawan-pe-/install/ros2_aruco_interfaces/share/ros2_aruco_interfaces/cmake/ros2_aruco_interfaces__rosidl_typesupport_introspection_cppExport-noconfig.cmake
[4.637s] -- Up-to-date: /home/pp/Tawan-pe-/install/ros2_aruco_interfaces/share/ros2_aruco_interfaces/cmake/ros2_aruco_interfaces__rosidl_typesupport_cppExport.cmake
[4.637s] -- Up-to-date: /home/pp/Tawan-pe-/install/ros2_aruco_interfaces/share/ros2_aruco_interfaces/cmake/ros2_aruco_interfaces__rosidl_typesupport_cppExport-noconfig.cmake
[4.637s] -- Up-to-date: /home/pp/Tawan-pe-/install/ros2_aruco_interfaces/share/ros2_aruco_interfaces/cmake/export_ros2_aruco_interfaces__rosidl_generator_pyExport.cmake
[4.638s] -- Up-to-date: /home/pp/Tawan-pe-/install/ros2_aruco_interfaces/share/ros2_aruco_interfaces/cmake/export_ros2_aruco_interfaces__rosidl_generator_pyExport-noconfig.cmake
[4.640s] Invoked command in '/home/pp/Tawan-pe-/build/ros2_aruco_interfaces' returned '0': CMAKE_PREFIX_PATH=${CMAKE_PREFIX_PATH}:/home/pp/Tawan-pe-/install/station_pkg:/home/pp/Tawan-pe-/install/ros2_aruco:/home/pp/Tawan-pe-/install/motion_control:/home/pp/Tawan-pe-/install/ired_teleop:/home/pp/Tawan-pe-/install/ired_movetogoal:/opt/ros/jazzy DEBUGINFOD_URLS=https://debuginfod.ubuntu.com /usr/bin/cmake --install /home/pp/Tawan-pe-/build/ros2_aruco_interfaces
