[1.061s] Invoking command in '/home/pi/robot_ws/build/ired_teleop': DEBUGINFOD_URLS=https://debuginfod.ubuntu.com PYTHONPATH=/home/pi/robot_ws/build/ired_teleop/prefix_override:/usr/lib/python3/dist-packages/colcon_core/task/python/colcon_distutils_commands:/home/pi/robot_ws/install/ired_teleop/lib/python3.12/site-packages:${PYTHONPATH} /usr/bin/python3 -W ignore:setup.py install is deprecated -W ignore:easy_install command is deprecated setup.py develop --uninstall --editable --build-directory /home/pi/robot_ws/build/ired_teleop/build
[1.317s] running develop
[1.465s] Removing /home/pi/robot_ws/install/ired_teleop/lib/python3.12/site-packages/ired-teleop.egg-link (link to .)
[1.525s] Invoked command in '/home/pi/robot_ws/build/ired_teleop' returned '0': DEBUGINFOD_URLS=https://debuginfod.ubuntu.com PYTHONPATH=/home/pi/robot_ws/build/ired_teleop/prefix_override:/usr/lib/python3/dist-packages/colcon_core/task/python/colcon_distutils_commands:/home/pi/robot_ws/install/ired_teleop/lib/python3.12/site-packages:${PYTHONPATH} /usr/bin/python3 -W ignore:setup.py install is deprecated -W ignore:easy_install command is deprecated setup.py develop --uninstall --editable --build-directory /home/pi/robot_ws/build/ired_teleop/build
[1.526s] Invoking command in '/home/pi/robot_ws/src/robot/ired_teleop': DEBUGINFOD_URLS=https://debuginfod.ubuntu.com PYTHONPATH=/home/pi/robot_ws/build/ired_teleop/prefix_override:/usr/lib/python3/dist-packages/colcon_core/task/python/colcon_distutils_commands:/home/pi/robot_ws/install/ired_teleop/lib/python3.12/site-packages:${PYTHONPATH} /usr/bin/python3 -W ignore:setup.py install is deprecated -W ignore:easy_install command is deprecated setup.py egg_info --egg-base ../../../build/ired_teleop build --build-base /home/pi/robot_ws/build/ired_teleop/build install --record /home/pi/robot_ws/build/ired_teleop/install.log --single-version-externally-managed install_data --force
[1.731s] running egg_info
[1.741s] writing ../../../build/ired_teleop/ired_teleop.egg-info/PKG-INFO
[1.742s] writing dependency_links to ../../../build/ired_teleop/ired_teleop.egg-info/dependency_links.txt
[1.742s] writing entry points to ../../../build/ired_teleop/ired_teleop.egg-info/entry_points.txt
[1.742s] writing requirements to ../../../build/ired_teleop/ired_teleop.egg-info/requires.txt
[1.742s] writing top-level names to ../../../build/ired_teleop/ired_teleop.egg-info/top_level.txt
[1.767s] reading manifest file '../../../build/ired_teleop/ired_teleop.egg-info/SOURCES.txt'
[1.767s] writing manifest file '../../../build/ired_teleop/ired_teleop.egg-info/SOURCES.txt'
[1.767s] running build
[1.767s] running build_py
[1.768s] running install
[1.772s] running install_lib
[1.787s] creating /home/pi/robot_ws/install/ired_teleop/lib/python3.12/site-packages/ired_teleop
[1.787s] copying /home/pi/robot_ws/build/ired_teleop/build/lib/ired_teleop/__init__.py -> /home/pi/robot_ws/install/ired_teleop/lib/python3.12/site-packages/ired_teleop
[1.787s] creating /home/pi/robot_ws/install/ired_teleop/lib/python3.12/site-packages/ired_teleop/script
[1.787s] copying /home/pi/robot_ws/build/ired_teleop/build/lib/ired_teleop/script/teleop_keyboard.py -> /home/pi/robot_ws/install/ired_teleop/lib/python3.12/site-packages/ired_teleop/script
[1.787s] copying /home/pi/robot_ws/build/ired_teleop/build/lib/ired_teleop/script/__init__.py -> /home/pi/robot_ws/install/ired_teleop/lib/python3.12/site-packages/ired_teleop/script
[1.787s] byte-compiling /home/pi/robot_ws/install/ired_teleop/lib/python3.12/site-packages/ired_teleop/__init__.py to __init__.cpython-312.pyc
[1.788s] byte-compiling /home/pi/robot_ws/install/ired_teleop/lib/python3.12/site-packages/ired_teleop/script/teleop_keyboard.py to teleop_keyboard.cpython-312.pyc
[1.788s] byte-compiling /home/pi/robot_ws/install/ired_teleop/lib/python3.12/site-packages/ired_teleop/script/__init__.py to __init__.cpython-312.pyc
[1.788s] running install_data
[1.788s] copying resource/ired_teleop -> /home/pi/robot_ws/install/ired_teleop/share/ament_index/resource_index/packages
[1.788s] copying package.xml -> /home/pi/robot_ws/install/ired_teleop/share/ired_teleop
[1.788s] running install_egg_info
[1.802s] Copying ../../../build/ired_teleop/ired_teleop.egg-info to /home/pi/robot_ws/install/ired_teleop/lib/python3.12/site-packages/ired_teleop-2.0.1-py3.12.egg-info
[1.803s] running install_scripts
[1.903s] Installing teleop_keyboard script to /home/pi/robot_ws/install/ired_teleop/lib/ired_teleop
[1.903s] writing list of installed files to '/home/pi/robot_ws/build/ired_teleop/install.log'
[1.950s] Invoked command in '/home/pi/robot_ws/src/robot/ired_teleop' returned '0': DEBUGINFOD_URLS=https://debuginfod.ubuntu.com PYTHONPATH=/home/pi/robot_ws/build/ired_teleop/prefix_override:/usr/lib/python3/dist-packages/colcon_core/task/python/colcon_distutils_commands:/home/pi/robot_ws/install/ired_teleop/lib/python3.12/site-packages:${PYTHONPATH} /usr/bin/python3 -W ignore:setup.py install is deprecated -W ignore:easy_install command is deprecated setup.py egg_info --egg-base ../../../build/ired_teleop build --build-base /home/pi/robot_ws/build/ired_teleop/build install --record /home/pi/robot_ws/build/ired_teleop/install.log --single-version-externally-managed install_data --force
