[0.883s] Invoking command in '/home/pp/Tawan-pe-/build/rplidar_ros': CMAKE_PREFIX_PATH=${CMAKE_PREFIX_PATH}:/home/pp/Tawan-pe-/install/station_pkg:/home/pp/Tawan-pe-/install/ros2_aruco:/home/pp/Tawan-pe-/install/motion_control:/home/pp/Tawan-pe-/install/ired_teleop:/home/pp/Tawan-pe-/install/ired_movetogoal:/opt/ros/jazzy DEBUGINFOD_URLS=https://debuginfod.ubuntu.com /usr/bin/cmake /home/pp/Tawan-pe-/src/robot/rplidar_ros -DCMAKE_INSTALL_PREFIX=/home/pp/Tawan-pe-/install/rplidar_ros
[0.902s] -- Found ament_cmake: 2.5.4 (/opt/ros/jazzy/share/ament_cmake/cmake)
[1.200s] -- Override CMake install command with custom implementation using symlinks instead of copying resources
[1.210s] -- Found rclcpp: 28.1.13 (/opt/ros/jazzy/share/rclcpp/cmake)
[1.251s] -- Found rosidl_generator_c: 4.6.6 (/opt/ros/jazzy/share/rosidl_generator_c/cmake)
[1.266s] -- Found rosidl_generator_cpp: 4.6.6 (/opt/ros/jazzy/share/rosidl_generator_cpp/cmake)
[1.286s] -- Using all available rosidl_typesupport_c: rosidl_typesupport_fastrtps_c;rosidl_typesupport_introspection_c
[1.310s] -- Using all available rosidl_typesupport_cpp: rosidl_typesupport_fastrtps_cpp;rosidl_typesupport_introspection_cpp
[1.416s] -- Found rmw_implementation_cmake: 7.3.2 (/opt/ros/jazzy/share/rmw_implementation_cmake/cmake)
[1.417s] -- Found rmw_fastrtps_cpp: 8.4.3 (/opt/ros/jazzy/share/rmw_fastrtps_cpp/cmake)
[1.525s] -- Using RMW implementation 'rmw_fastrtps_cpp' as default
[1.649s] -- Found sensor_msgs: 5.3.6 (/opt/ros/jazzy/share/sensor_msgs/cmake)
[1.746s] -- Found std_srvs: 5.3.6 (/opt/ros/jazzy/share/std_srvs/cmake)
[1.920s] -- Configuring done (1.0s)
[1.962s] -- Generating done (0.0s)
[1.981s] -- Build files have been written to: /home/pp/Tawan-pe-/build/rplidar_ros
[1.998s] Invoked command in '/home/pp/Tawan-pe-/build/rplidar_ros' returned '0': CMAKE_PREFIX_PATH=${CMAKE_PREFIX_PATH}:/home/pp/Tawan-pe-/install/station_pkg:/home/pp/Tawan-pe-/install/ros2_aruco:/home/pp/Tawan-pe-/install/motion_control:/home/pp/Tawan-pe-/install/ired_teleop:/home/pp/Tawan-pe-/install/ired_movetogoal:/opt/ros/jazzy DEBUGINFOD_URLS=https://debuginfod.ubuntu.com /usr/bin/cmake /home/pp/Tawan-pe-/src/robot/rplidar_ros -DCMAKE_INSTALL_PREFIX=/home/pp/Tawan-pe-/install/rplidar_ros
[1.999s] Invoking command in '/home/pp/Tawan-pe-/build/rplidar_ros': CMAKE_PREFIX_PATH=${CMAKE_PREFIX_PATH}:/home/pp/Tawan-pe-/install/station_pkg:/home/pp/Tawan-pe-/install/ros2_aruco:/home/pp/Tawan-pe-/install/motion_control:/home/pp/Tawan-pe-/install/ired_teleop:/home/pp/Tawan-pe-/install/ired_movetogoal:/opt/ros/jazzy DEBUGINFOD_URLS=https://debuginfod.ubuntu.com /usr/bin/cmake --build /home/pp/Tawan-pe-/build/rplidar_ros -- -j12 -l12
[2.110s] [  5%] Built target rplidar_client
[2.136s] [ 52%] Built target rplidar_composition
[2.148s] [100%] Built target rplidar_node
[2.168s] Invoked command in '/home/pp/Tawan-pe-/build/rplidar_ros' returned '0': CMAKE_PREFIX_PATH=${CMAKE_PREFIX_PATH}:/home/pp/Tawan-pe-/install/station_pkg:/home/pp/Tawan-pe-/install/ros2_aruco:/home/pp/Tawan-pe-/install/motion_control:/home/pp/Tawan-pe-/install/ired_teleop:/home/pp/Tawan-pe-/install/ired_movetogoal:/opt/ros/jazzy DEBUGINFOD_URLS=https://debuginfod.ubuntu.com /usr/bin/cmake --build /home/pp/Tawan-pe-/build/rplidar_ros -- -j12 -l12
[2.169s] Invoking command in '/home/pp/Tawan-pe-/build/rplidar_ros': CMAKE_PREFIX_PATH=${CMAKE_PREFIX_PATH}:/home/pp/Tawan-pe-/install/station_pkg:/home/pp/Tawan-pe-/install/ros2_aruco:/home/pp/Tawan-pe-/install/motion_control:/home/pp/Tawan-pe-/install/ired_teleop:/home/pp/Tawan-pe-/install/ired_movetogoal:/opt/ros/jazzy DEBUGINFOD_URLS=https://debuginfod.ubuntu.com /usr/bin/cmake --install /home/pp/Tawan-pe-/build/rplidar_ros
[2.182s] -- Install configuration: ""
[2.182s] -- Execute custom install script
[2.182s] -- Up-to-date symlink: /home/pp/Tawan-pe-/install/rplidar_ros/share/rplidar_ros/launch/rplidar_a1_launch.py
[2.184s] -- Up-to-date symlink: /home/pp/Tawan-pe-/install/rplidar_ros/share/rplidar_ros/launch/view_rplidar_a1_launch.py
[2.184s] -- Up-to-date symlink: /home/pp/Tawan-pe-/install/rplidar_ros/share/rplidar_ros/rviz/rplidar_ros.rviz
[2.184s] -- Up-to-date symlink: /home/pp/Tawan-pe-/install/rplidar_ros/lib/rplidar_ros/rplidar_node
[2.184s] -- Up-to-date symlink: /home/pp/Tawan-pe-/install/rplidar_ros/lib/rplidar_ros/rplidar_composition
[2.184s] -- Up-to-date symlink: /home/pp/Tawan-pe-/install/rplidar_ros/lib/rplidar_ros/rplidar_client
[2.184s] -- Up-to-date symlink: /home/pp/Tawan-pe-/install/rplidar_ros/share/ament_index/resource_index/package_run_dependencies/rplidar_ros
[2.184s] -- Up-to-date symlink: /home/pp/Tawan-pe-/install/rplidar_ros/share/ament_index/resource_index/parent_prefix_path/rplidar_ros
[2.185s] -- Up-to-date symlink: /home/pp/Tawan-pe-/install/rplidar_ros/share/rplidar_ros/environment/ament_prefix_path.sh
[2.185s] -- Up-to-date symlink: /home/pp/Tawan-pe-/install/rplidar_ros/share/rplidar_ros/environment/ament_prefix_path.dsv
[2.185s] -- Up-to-date symlink: /home/pp/Tawan-pe-/install/rplidar_ros/share/rplidar_ros/environment/path.sh
[2.185s] -- Up-to-date symlink: /home/pp/Tawan-pe-/install/rplidar_ros/share/rplidar_ros/environment/path.dsv
[2.185s] -- Up-to-date symlink: /home/pp/Tawan-pe-/install/rplidar_ros/share/rplidar_ros/local_setup.bash
[2.185s] -- Up-to-date symlink: /home/pp/Tawan-pe-/install/rplidar_ros/share/rplidar_ros/local_setup.sh
[2.185s] -- Up-to-date symlink: /home/pp/Tawan-pe-/install/rplidar_ros/share/rplidar_ros/local_setup.zsh
[2.186s] -- Up-to-date symlink: /home/pp/Tawan-pe-/install/rplidar_ros/share/rplidar_ros/local_setup.dsv
[2.186s] -- Symlinking: /home/pp/Tawan-pe-/install/rplidar_ros/share/rplidar_ros/package.dsv
[2.197s] -- Up-to-date symlink: /home/pp/Tawan-pe-/install/rplidar_ros/share/ament_index/resource_index/packages/rplidar_ros
[2.198s] -- Up-to-date symlink: /home/pp/Tawan-pe-/install/rplidar_ros/share/rplidar_ros/cmake/ament_cmake_export_dependencies-extras.cmake
[2.198s] -- Up-to-date symlink: /home/pp/Tawan-pe-/install/rplidar_ros/share/rplidar_ros/cmake/ament_cmake_export_include_directories-extras.cmake
[2.198s] -- Up-to-date symlink: /home/pp/Tawan-pe-/install/rplidar_ros/share/rplidar_ros/cmake/rplidar_rosConfig.cmake
[2.198s] -- Up-to-date symlink: /home/pp/Tawan-pe-/install/rplidar_ros/share/rplidar_ros/cmake/rplidar_rosConfig-version.cmake
[2.198s] -- Up-to-date symlink: /home/pp/Tawan-pe-/install/rplidar_ros/share/rplidar_ros/package.xml
[2.201s] Invoked command in '/home/pp/Tawan-pe-/build/rplidar_ros' returned '0': CMAKE_PREFIX_PATH=${CMAKE_PREFIX_PATH}:/home/pp/Tawan-pe-/install/station_pkg:/home/pp/Tawan-pe-/install/ros2_aruco:/home/pp/Tawan-pe-/install/motion_control:/home/pp/Tawan-pe-/install/ired_teleop:/home/pp/Tawan-pe-/install/ired_movetogoal:/opt/ros/jazzy DEBUGINFOD_URLS=https://debuginfod.ubuntu.com /usr/bin/cmake --install /home/pp/Tawan-pe-/build/rplidar_ros
