[0.014s] Invoking command in '/home/pi/robot_ws/build/ired_bringup': CMAKE_PREFIX_PATH=/home/pi/robot_ws/install/ired_msgs:/home/pi/robot_ws/install/rplidar_ros:/home/pi/robot_ws/install/ros2_laser_scan_matcher:/home/pi/robot_ws/install/ired_navigation:/home/pi/robot_ws/install/ired_bringup:/home/pi/robot_ws/install/csm:/opt/ros/jazzy/opt/gz_sim_vendor:/opt/ros/jazzy/opt/gz_sensors_vendor:/opt/ros/jazzy/opt/gz_physics_vendor:/opt/ros/jazzy/opt/sdformat_vendor:/opt/ros/jazzy/opt/gz_gui_vendor:/opt/ros/jazzy/opt/gz_transport_vendor:/opt/ros/jazzy/opt/gz_rendering_vendor:/opt/ros/jazzy/opt/gz_plugin_vendor:/opt/ros/jazzy/opt/gz_fuel_tools_vendor:/opt/ros/jazzy/opt/gz_msgs_vendor:/opt/ros/jazzy/opt/gz_common_vendor:/opt/ros/jazzy/opt/gz_math_vendor:/opt/ros/jazzy/opt/gz_utils_vendor:/opt/ros/jazzy/opt/gz_tools_vendor:/opt/ros/jazzy/opt/gz_ogre_next_vendor:/opt/ros/jazzy/opt/gz_dartsim_vendor:/opt/ros/jazzy/opt/gz_cmake_vendor:/home/pi/robot_ws/install/ired_teleop:/home/pi/robot_ws/install/ired_movetogoal:/opt/ros/jazzy DEBUGINFOD_URLS=https://debuginfod.ubuntu.com PYTHONPATH=/home/pi/robot_ws/install/ired_msgs/lib/python3.12/site-packages:/home/pi/robot_ws/build/ired_teleop:/home/pi/robot_ws/install/ired_teleop/lib/python3.12/site-packages:/home/pi/robot_ws/build/ired_movetogoal:/home/pi/robot_ws/install/ired_movetogoal/lib/python3.12/site-packages:/opt/ros/jazzy/lib/python3.12/site-packages /usr/bin/cmake --build /home/pi/robot_ws/build/ired_bringup -- -j16 -l16
[0.066s] [ 36%] [32mBuilding CXX object CMakeFiles/odom_node.dir/src/odom.cpp.o[0m
[0.066s] [ 36%] [32mBuilding CXX object CMakeFiles/iredcr_modbus_node.dir/src/ired_controller.cpp.o[0m
[0.066s] [ 36%] [32mBuilding CXX object CMakeFiles/imu_node.dir/src/imu.cpp.o[0m
[0.067s] [ 36%] [32mBuilding CXX object CMakeFiles/forward_kinematics_node.dir/src/forward_kinematics.cpp.o[0m
[0.067s] [ 45%] [32mBuilding CXX object CMakeFiles/iredcr_modbus_node.dir/src/modbus_rtu.cpp.o[0m
[0.070s] [ 54%] [32mBuilding CXX object CMakeFiles/inverse_kinematics_node.dir/src/inverse_kinematics.cpp.o[0m
[1.763s] [01m[K/home/pi/robot_ws/src/robot/ired_bringup/src/inverse_kinematics.cpp:[m[K In member function ‘[01m[Kvoid INVERSEKINEMATICS::[01;32m[KcalculateInverseKinematics[m[K()[m[K’:
[1.763s] [01m[K/home/pi/robot_ws/src/robot/ired_bringup/src/inverse_kinematics.cpp:79:39:[m[K [01;31m[Kerror: [m[K‘[01m[KDEG2RAD[m[K’ was not declared in this scope
[1.763s]    79 |     wheel_speed_cmd_[FLEFT]     = sin([01;31m[KDEG2RAD[m[K(-45.0)) * goal_linear_velocity_x_ + cos(DEG2RAD(-45.0)) * goal_linear_velocity_y_ + wheel_seperation_ * goal_angular_velocity_z_;
[1.763s]       |                                       [01;31m[K^~~~~~~[m[K
[1.765s] [01m[K/home/pi/robot_ws/src/robot/ired_bringup/src/forward_kinematics.cpp:[m[K In member function ‘[01m[Kvoid FORWARDKINEMATICS::[01;32m[KcalculateForwardKinematics[m[K()[m[K’:
[1.765s] [01m[K/home/pi/robot_ws/src/robot/ired_bringup/src/forward_kinematics.cpp:76:70:[m[K [01;31m[Kerror: [m[K‘[01m[KDEG2RAD[m[K’ was not declared in this scope
[1.765s]    76 |     robot_speed_.twist.linear.x = ( cal_wheel_speed_fb_[FLEFT] * sin([01;31m[KDEG2RAD[m[K(-45.0)) + cal_wheel_speed_fb_[FRIGHT] * sin(DEG2RAD(45.0)) +
[1.765s]       |                                                                      [01;31m[K^~~~~~~[m[K
[3.530s] gmake[2]: *** [CMakeFiles/inverse_kinematics_node.dir/build.make:76: CMakeFiles/inverse_kinematics_node.dir/src/inverse_kinematics.cpp.o] Error 1
[3.530s] gmake[1]: *** [CMakeFiles/Makefile2:171: CMakeFiles/inverse_kinematics_node.dir/all] Error 2
[3.530s] gmake[1]: *** Waiting for unfinished jobs....
[3.545s] gmake[2]: *** [CMakeFiles/forward_kinematics_node.dir/build.make:76: CMakeFiles/forward_kinematics_node.dir/src/forward_kinematics.cpp.o] Error 1
[3.545s] gmake[1]: *** [CMakeFiles/Makefile2:145: CMakeFiles/forward_kinematics_node.dir/all] Error 2
[6.469s] [ 63%] [32m[1mLinking CXX executable imu_node[0m
[6.747s] [ 63%] Built target imu_node
[7.338s] [ 72%] [32m[1mLinking CXX executable iredcr_modbus_node[0m
[7.635s] [ 72%] Built target iredcr_modbus_node
[10.200s] [ 81%] [32m[1mLinking CXX executable odom_node[0m
[10.591s] [ 81%] Built target odom_node
[10.592s] gmake: *** [Makefile:146: all] Error 2
[10.594s] Invoked command in '/home/pi/robot_ws/build/ired_bringup' returned '2': CMAKE_PREFIX_PATH=/home/pi/robot_ws/install/ired_msgs:/home/pi/robot_ws/install/rplidar_ros:/home/pi/robot_ws/install/ros2_laser_scan_matcher:/home/pi/robot_ws/install/ired_navigation:/home/pi/robot_ws/install/ired_bringup:/home/pi/robot_ws/install/csm:/opt/ros/jazzy/opt/gz_sim_vendor:/opt/ros/jazzy/opt/gz_sensors_vendor:/opt/ros/jazzy/opt/gz_physics_vendor:/opt/ros/jazzy/opt/sdformat_vendor:/opt/ros/jazzy/opt/gz_gui_vendor:/opt/ros/jazzy/opt/gz_transport_vendor:/opt/ros/jazzy/opt/gz_rendering_vendor:/opt/ros/jazzy/opt/gz_plugin_vendor:/opt/ros/jazzy/opt/gz_fuel_tools_vendor:/opt/ros/jazzy/opt/gz_msgs_vendor:/opt/ros/jazzy/opt/gz_common_vendor:/opt/ros/jazzy/opt/gz_math_vendor:/opt/ros/jazzy/opt/gz_utils_vendor:/opt/ros/jazzy/opt/gz_tools_vendor:/opt/ros/jazzy/opt/gz_ogre_next_vendor:/opt/ros/jazzy/opt/gz_dartsim_vendor:/opt/ros/jazzy/opt/gz_cmake_vendor:/home/pi/robot_ws/install/ired_teleop:/home/pi/robot_ws/install/ired_movetogoal:/opt/ros/jazzy DEBUGINFOD_URLS=https://debuginfod.ubuntu.com PYTHONPATH=/home/pi/robot_ws/install/ired_msgs/lib/python3.12/site-packages:/home/pi/robot_ws/build/ired_teleop:/home/pi/robot_ws/install/ired_teleop/lib/python3.12/site-packages:/home/pi/robot_ws/build/ired_movetogoal:/home/pi/robot_ws/install/ired_movetogoal/lib/python3.12/site-packages:/opt/ros/jazzy/lib/python3.12/site-packages /usr/bin/cmake --build /home/pi/robot_ws/build/ired_bringup -- -j16 -l16
