[0.008s] Invoking command in '/home/pi/robot_ws/build/ired_bringup': CMAKE_PREFIX_PATH=/home/pi/robot_ws/install/ired_msgs:/home/pi/robot_ws/install/rplidar_ros:/home/pi/robot_ws/install/ros2_laser_scan_matcher:/home/pi/robot_ws/install/ired_navigation:/home/pi/robot_ws/install/ired_bringup:/home/pi/robot_ws/install/csm:/opt/ros/jazzy/opt/gz_sim_vendor:/opt/ros/jazzy/opt/gz_sensors_vendor:/opt/ros/jazzy/opt/gz_physics_vendor:/opt/ros/jazzy/opt/sdformat_vendor:/opt/ros/jazzy/opt/gz_gui_vendor:/opt/ros/jazzy/opt/gz_transport_vendor:/opt/ros/jazzy/opt/gz_rendering_vendor:/opt/ros/jazzy/opt/gz_plugin_vendor:/opt/ros/jazzy/opt/gz_fuel_tools_vendor:/opt/ros/jazzy/opt/gz_msgs_vendor:/opt/ros/jazzy/opt/gz_common_vendor:/opt/ros/jazzy/opt/gz_math_vendor:/opt/ros/jazzy/opt/gz_utils_vendor:/opt/ros/jazzy/opt/gz_tools_vendor:/opt/ros/jazzy/opt/gz_ogre_next_vendor:/opt/ros/jazzy/opt/gz_dartsim_vendor:/opt/ros/jazzy/opt/gz_cmake_vendor:/home/pi/robot_ws/install/ired_teleop:/home/pi/robot_ws/install/ired_movetogoal:/opt/ros/jazzy DEBUGINFOD_URLS=https://debuginfod.ubuntu.com PYTHONPATH=/home/pi/robot_ws/install/ired_msgs/lib/python3.12/site-packages:/home/pi/robot_ws/build/ired_teleop:/home/pi/robot_ws/install/ired_teleop/lib/python3.12/site-packages:/home/pi/robot_ws/build/ired_movetogoal:/home/pi/robot_ws/install/ired_movetogoal/lib/python3.12/site-packages:/opt/ros/jazzy/lib/python3.12/site-packages /usr/bin/cmake --build /home/pi/robot_ws/build/ired_bringup -- -j16 -l16
[0.030s] -- Found ament_cmake: 2.5.4 (/opt/ros/jazzy/share/ament_cmake/cmake)
[0.178s] -- Override CMake install command with custom implementation using symlinks instead of copying resources
[0.184s] -- Found geometry_msgs: 5.3.6 (/opt/ros/jazzy/share/geometry_msgs/cmake)
[0.204s] -- Found rosidl_generator_c: 4.6.6 (/opt/ros/jazzy/share/rosidl_generator_c/cmake)
[0.209s] -- Found rosidl_generator_cpp: 4.6.6 (/opt/ros/jazzy/share/rosidl_generator_cpp/cmake)
[0.216s] -- Using all available rosidl_typesupport_c: rosidl_typesupport_fastrtps_c;rosidl_typesupport_introspection_c
[0.225s] -- Using all available rosidl_typesupport_cpp: rosidl_typesupport_fastrtps_cpp;rosidl_typesupport_introspection_cpp
[0.252s] -- Found ired_msgs: 2.0.1 (/home/pi/robot_ws/install/ired_msgs/share/ired_msgs/cmake)
[0.275s] -- Found nav_msgs: 5.3.6 (/opt/ros/jazzy/share/nav_msgs/cmake)
[0.295s] -- Found rclcpp: 28.1.13 (/opt/ros/jazzy/share/rclcpp/cmake)
[0.318s] -- Found rmw_implementation_cmake: 7.3.2 (/opt/ros/jazzy/share/rmw_implementation_cmake/cmake)
[0.319s] -- Found rmw_fastrtps_cpp: 8.4.3 (/opt/ros/jazzy/share/rmw_fastrtps_cpp/cmake)
[0.371s] -- Using RMW implementation 'rmw_fastrtps_cpp' as default
[0.415s] -- Found rclpy: 7.1.6 (/opt/ros/jazzy/share/rclpy/cmake)
[0.415s] -- Found sensor_msgs: 5.3.6 (/opt/ros/jazzy/share/sensor_msgs/cmake)
[0.431s] -- Found std_srvs: 5.3.6 (/opt/ros/jazzy/share/std_srvs/cmake)
[0.442s] -- Found tf2: 0.36.16 (/opt/ros/jazzy/share/tf2/cmake)
[0.444s] -- Found tf2_msgs: 0.36.16 (/opt/ros/jazzy/share/tf2_msgs/cmake)
[0.559s] -- Configuring done (0.5s)
[0.585s] -- Generating done (0.0s)
[0.593s] -- Build files have been written to: /home/pi/robot_ws/build/ired_bringup
[0.636s] [ 54%] [32mBuilding CXX object CMakeFiles/odom_node.dir/src/odom.cpp.o[0m
[0.636s] [ 54%] [32mBuilding CXX object CMakeFiles/iredcr_modbus_node.dir/src/ired_controller.cpp.o[0m
[0.636s] [ 54%] [32mBuilding CXX object CMakeFiles/inverse_kinematics_node.dir/src/inverse_kinematics.cpp.o[0m
[0.636s] [ 54%] [32mBuilding CXX object CMakeFiles/forward_kinematics_node.dir/src/forward_kinematics.cpp.o[0m
[0.636s] [ 54%] [32mBuilding CXX object CMakeFiles/iredcr_modbus_node.dir/src/modbus_rtu.cpp.o[0m
[0.636s] [ 54%] [32mBuilding CXX object CMakeFiles/imu_node.dir/src/imu.cpp.o[0m
[6.669s] [ 63%] [32m[1mLinking CXX executable forward_kinematics_node[0m
[6.683s] [ 72%] [32m[1mLinking CXX executable inverse_kinematics_node[0m
[7.054s] [ 72%] Built target forward_kinematics_node
[7.061s] [ 72%] Built target inverse_kinematics_node
[7.194s] [ 81%] [32m[1mLinking CXX executable imu_node[0m
[7.470s] [ 81%] Built target imu_node
[8.100s] [ 90%] [32m[1mLinking CXX executable iredcr_modbus_node[0m
[8.409s] [ 90%] Built target iredcr_modbus_node
[11.103s] [100%] [32m[1mLinking CXX executable odom_node[0m
[11.496s] [100%] Built target odom_node
[11.505s] Invoked command in '/home/pi/robot_ws/build/ired_bringup' returned '0': CMAKE_PREFIX_PATH=/home/pi/robot_ws/install/ired_msgs:/home/pi/robot_ws/install/rplidar_ros:/home/pi/robot_ws/install/ros2_laser_scan_matcher:/home/pi/robot_ws/install/ired_navigation:/home/pi/robot_ws/install/ired_bringup:/home/pi/robot_ws/install/csm:/opt/ros/jazzy/opt/gz_sim_vendor:/opt/ros/jazzy/opt/gz_sensors_vendor:/opt/ros/jazzy/opt/gz_physics_vendor:/opt/ros/jazzy/opt/sdformat_vendor:/opt/ros/jazzy/opt/gz_gui_vendor:/opt/ros/jazzy/opt/gz_transport_vendor:/opt/ros/jazzy/opt/gz_rendering_vendor:/opt/ros/jazzy/opt/gz_plugin_vendor:/opt/ros/jazzy/opt/gz_fuel_tools_vendor:/opt/ros/jazzy/opt/gz_msgs_vendor:/opt/ros/jazzy/opt/gz_common_vendor:/opt/ros/jazzy/opt/gz_math_vendor:/opt/ros/jazzy/opt/gz_utils_vendor:/opt/ros/jazzy/opt/gz_tools_vendor:/opt/ros/jazzy/opt/gz_ogre_next_vendor:/opt/ros/jazzy/opt/gz_dartsim_vendor:/opt/ros/jazzy/opt/gz_cmake_vendor:/home/pi/robot_ws/install/ired_teleop:/home/pi/robot_ws/install/ired_movetogoal:/opt/ros/jazzy DEBUGINFOD_URLS=https://debuginfod.ubuntu.com PYTHONPATH=/home/pi/robot_ws/install/ired_msgs/lib/python3.12/site-packages:/home/pi/robot_ws/build/ired_teleop:/home/pi/robot_ws/install/ired_teleop/lib/python3.12/site-packages:/home/pi/robot_ws/build/ired_movetogoal:/home/pi/robot_ws/install/ired_movetogoal/lib/python3.12/site-packages:/opt/ros/jazzy/lib/python3.12/site-packages /usr/bin/cmake --build /home/pi/robot_ws/build/ired_bringup -- -j16 -l16
[11.507s] Invoking command in '/home/pi/robot_ws/build/ired_bringup': CMAKE_PREFIX_PATH=/home/pi/robot_ws/install/ired_msgs:/home/pi/robot_ws/install/rplidar_ros:/home/pi/robot_ws/install/ros2_laser_scan_matcher:/home/pi/robot_ws/install/ired_navigation:/home/pi/robot_ws/install/ired_bringup:/home/pi/robot_ws/install/csm:/opt/ros/jazzy/opt/gz_sim_vendor:/opt/ros/jazzy/opt/gz_sensors_vendor:/opt/ros/jazzy/opt/gz_physics_vendor:/opt/ros/jazzy/opt/sdformat_vendor:/opt/ros/jazzy/opt/gz_gui_vendor:/opt/ros/jazzy/opt/gz_transport_vendor:/opt/ros/jazzy/opt/gz_rendering_vendor:/opt/ros/jazzy/opt/gz_plugin_vendor:/opt/ros/jazzy/opt/gz_fuel_tools_vendor:/opt/ros/jazzy/opt/gz_msgs_vendor:/opt/ros/jazzy/opt/gz_common_vendor:/opt/ros/jazzy/opt/gz_math_vendor:/opt/ros/jazzy/opt/gz_utils_vendor:/opt/ros/jazzy/opt/gz_tools_vendor:/opt/ros/jazzy/opt/gz_ogre_next_vendor:/opt/ros/jazzy/opt/gz_dartsim_vendor:/opt/ros/jazzy/opt/gz_cmake_vendor:/home/pi/robot_ws/install/ired_teleop:/home/pi/robot_ws/install/ired_movetogoal:/opt/ros/jazzy DEBUGINFOD_URLS=https://debuginfod.ubuntu.com PYTHONPATH=/home/pi/robot_ws/install/ired_msgs/lib/python3.12/site-packages:/home/pi/robot_ws/build/ired_teleop:/home/pi/robot_ws/install/ired_teleop/lib/python3.12/site-packages:/home/pi/robot_ws/build/ired_movetogoal:/home/pi/robot_ws/install/ired_movetogoal/lib/python3.12/site-packages:/opt/ros/jazzy/lib/python3.12/site-packages /usr/bin/cmake --install /home/pi/robot_ws/build/ired_bringup
[11.513s] -- Install configuration: ""
[11.514s] -- Execute custom install script
[11.514s] -- Up-to-date symlink: /home/pi/robot_ws/install/ired_bringup/lib/ired_bringup/forward_kinematics_node
[11.514s] -- Up-to-date symlink: /home/pi/robot_ws/install/ired_bringup/lib/ired_bringup/inverse_kinematics_node
[11.514s] -- Up-to-date symlink: /home/pi/robot_ws/install/ired_bringup/lib/ired_bringup/imu_node
[11.514s] -- Up-to-date symlink: /home/pi/robot_ws/install/ired_bringup/lib/ired_bringup/iredcr_modbus_node
[11.514s] -- Up-to-date symlink: /home/pi/robot_ws/install/ired_bringup/lib/ired_bringup/odom_node
[11.514s] -- Up-to-date symlink: /home/pi/robot_ws/install/ired_bringup/share/ired_bringup/launch/bringup.launch.py
[11.514s] -- Up-to-date symlink: /home/pi/robot_ws/install/ired_bringup/share/ired_bringup/param/ired.yaml
[11.515s] -- Up-to-date symlink: /home/pi/robot_ws/install/ired_bringup/share/ired_bringup/param/laser_config.yaml
[11.515s] -- Symlinking: /home/pi/robot_ws/install/ired_bringup/share/ired_bringup/param/laser_scan_matcher.yaml
[11.524s] -- Up-to-date symlink: /home/pi/robot_ws/install/ired_bringup/share/ired_bringup/urdf/ired.urdf.xacro
[11.524s] -- Up-to-date symlink: /home/pi/robot_ws/install/ired_bringup/include//ired_bringup/forward_kinematics.hpp
[11.524s] -- Up-to-date symlink: /home/pi/robot_ws/install/ired_bringup/include//ired_bringup/imu.hpp
[11.524s] -- Up-to-date symlink: /home/pi/robot_ws/install/ired_bringup/include//ired_bringup/inverse_kinematics.hpp
[11.525s] -- Up-to-date symlink: /home/pi/robot_ws/install/ired_bringup/include//ired_bringup/ired_controller.hpp
[11.525s] -- Up-to-date symlink: /home/pi/robot_ws/install/ired_bringup/include//ired_bringup/ired_controller_define.hpp
[11.525s] -- Up-to-date symlink: /home/pi/robot_ws/install/ired_bringup/include//ired_bringup/odom.hpp
[11.525s] -- Up-to-date symlink: /home/pi/robot_ws/install/ired_bringup/include//modbus_rtu.hpp
[11.525s] -- Up-to-date symlink: /home/pi/robot_ws/install/ired_bringup/share/ament_index/resource_index/package_run_dependencies/ired_bringup
[11.525s] -- Up-to-date symlink: /home/pi/robot_ws/install/ired_bringup/share/ament_index/resource_index/parent_prefix_path/ired_bringup
[11.525s] -- Up-to-date symlink: /home/pi/robot_ws/install/ired_bringup/share/ired_bringup/environment/ament_prefix_path.sh
[11.526s] -- Up-to-date symlink: /home/pi/robot_ws/install/ired_bringup/share/ired_bringup/environment/ament_prefix_path.dsv
[11.526s] -- Up-to-date symlink: /home/pi/robot_ws/install/ired_bringup/share/ired_bringup/environment/path.sh
[11.526s] -- Up-to-date symlink: /home/pi/robot_ws/install/ired_bringup/share/ired_bringup/environment/path.dsv
[11.526s] -- Up-to-date symlink: /home/pi/robot_ws/install/ired_bringup/share/ired_bringup/local_setup.bash
[11.526s] -- Up-to-date symlink: /home/pi/robot_ws/install/ired_bringup/share/ired_bringup/local_setup.sh
[11.526s] -- Up-to-date symlink: /home/pi/robot_ws/install/ired_bringup/share/ired_bringup/local_setup.zsh
[11.526s] -- Up-to-date symlink: /home/pi/robot_ws/install/ired_bringup/share/ired_bringup/local_setup.dsv
[11.526s] -- Symlinking: /home/pi/robot_ws/install/ired_bringup/share/ired_bringup/package.dsv
[11.536s] -- Up-to-date symlink: /home/pi/robot_ws/install/ired_bringup/share/ament_index/resource_index/packages/ired_bringup
[11.536s] -- Up-to-date symlink: /home/pi/robot_ws/install/ired_bringup/share/ired_bringup/cmake/ament_cmake_export_include_directories-extras.cmake
[11.536s] -- Up-to-date symlink: /home/pi/robot_ws/install/ired_bringup/share/ired_bringup/cmake/ament_cmake_export_dependencies-extras.cmake
[11.536s] -- Up-to-date symlink: /home/pi/robot_ws/install/ired_bringup/share/ired_bringup/cmake/ired_bringupConfig.cmake
[11.536s] -- Up-to-date symlink: /home/pi/robot_ws/install/ired_bringup/share/ired_bringup/cmake/ired_bringupConfig-version.cmake
[11.536s] -- Up-to-date symlink: /home/pi/robot_ws/install/ired_bringup/share/ired_bringup/package.xml
[11.538s] Invoked command in '/home/pi/robot_ws/build/ired_bringup' returned '0': CMAKE_PREFIX_PATH=/home/pi/robot_ws/install/ired_msgs:/home/pi/robot_ws/install/rplidar_ros:/home/pi/robot_ws/install/ros2_laser_scan_matcher:/home/pi/robot_ws/install/ired_navigation:/home/pi/robot_ws/install/ired_bringup:/home/pi/robot_ws/install/csm:/opt/ros/jazzy/opt/gz_sim_vendor:/opt/ros/jazzy/opt/gz_sensors_vendor:/opt/ros/jazzy/opt/gz_physics_vendor:/opt/ros/jazzy/opt/sdformat_vendor:/opt/ros/jazzy/opt/gz_gui_vendor:/opt/ros/jazzy/opt/gz_transport_vendor:/opt/ros/jazzy/opt/gz_rendering_vendor:/opt/ros/jazzy/opt/gz_plugin_vendor:/opt/ros/jazzy/opt/gz_fuel_tools_vendor:/opt/ros/jazzy/opt/gz_msgs_vendor:/opt/ros/jazzy/opt/gz_common_vendor:/opt/ros/jazzy/opt/gz_math_vendor:/opt/ros/jazzy/opt/gz_utils_vendor:/opt/ros/jazzy/opt/gz_tools_vendor:/opt/ros/jazzy/opt/gz_ogre_next_vendor:/opt/ros/jazzy/opt/gz_dartsim_vendor:/opt/ros/jazzy/opt/gz_cmake_vendor:/home/pi/robot_ws/install/ired_teleop:/home/pi/robot_ws/install/ired_movetogoal:/opt/ros/jazzy DEBUGINFOD_URLS=https://debuginfod.ubuntu.com PYTHONPATH=/home/pi/robot_ws/install/ired_msgs/lib/python3.12/site-packages:/home/pi/robot_ws/build/ired_teleop:/home/pi/robot_ws/install/ired_teleop/lib/python3.12/site-packages:/home/pi/robot_ws/build/ired_movetogoal:/home/pi/robot_ws/install/ired_movetogoal/lib/python3.12/site-packages:/opt/ros/jazzy/lib/python3.12/site-packages /usr/bin/cmake --install /home/pi/robot_ws/build/ired_bringup
