[0.924s] Invoking command in '/home/pp/Tawan-pe-/build/rplidar_ros': CMAKE_PREFIX_PATH=${CMAKE_PREFIX_PATH}:/home/pp/Tawan-pe-/install/station_pkg:/home/pp/Tawan-pe-/install/station_manager:/home/pp/Tawan-pe-/install/ros2_aruco:/home/pp/Tawan-pe-/install/motion_control:/home/pp/Tawan-pe-/install/ired_teleop:/home/pp/Tawan-pe-/install/ired_movetogoal:/opt/ros/jazzy DEBUGINFOD_URLS=https://debuginfod.ubuntu.com /usr/bin/cmake --build /home/pp/Tawan-pe-/build/rplidar_ros -- -j12 -l12
[1.027s] [ 13%] Built target rplidar_client
[1.028s] [ 52%] Built target rplidar_composition
[1.028s] [100%] Built target rplidar_node
[1.152s] Invoked command in '/home/pp/Tawan-pe-/build/rplidar_ros' returned '0': CMAKE_PREFIX_PATH=${CMAKE_PREFIX_PATH}:/home/pp/Tawan-pe-/install/station_pkg:/home/pp/Tawan-pe-/install/station_manager:/home/pp/Tawan-pe-/install/ros2_aruco:/home/pp/Tawan-pe-/install/motion_control:/home/pp/Tawan-pe-/install/ired_teleop:/home/pp/Tawan-pe-/install/ired_movetogoal:/opt/ros/jazzy DEBUGINFOD_URLS=https://debuginfod.ubuntu.com /usr/bin/cmake --build /home/pp/Tawan-pe-/build/rplidar_ros -- -j12 -l12
[1.152s] Invoking command in '/home/pp/Tawan-pe-/build/rplidar_ros': CMAKE_PREFIX_PATH=${CMAKE_PREFIX_PATH}:/home/pp/Tawan-pe-/install/station_pkg:/home/pp/Tawan-pe-/install/station_manager:/home/pp/Tawan-pe-/install/ros2_aruco:/home/pp/Tawan-pe-/install/motion_control:/home/pp/Tawan-pe-/install/ired_teleop:/home/pp/Tawan-pe-/install/ired_movetogoal:/opt/ros/jazzy DEBUGINFOD_URLS=https://debuginfod.ubuntu.com /usr/bin/cmake --install /home/pp/Tawan-pe-/build/rplidar_ros
[1.169s] -- Install configuration: ""
[1.170s] -- Execute custom install script
[1.170s] -- Up-to-date symlink: /home/pp/Tawan-pe-/install/rplidar_ros/share/rplidar_ros/launch/rplidar_a1_launch.py
[1.170s] -- Up-to-date symlink: /home/pp/Tawan-pe-/install/rplidar_ros/share/rplidar_ros/launch/view_rplidar_a1_launch.py
[1.170s] -- Up-to-date symlink: /home/pp/Tawan-pe-/install/rplidar_ros/share/rplidar_ros/rviz/rplidar_ros.rviz
[1.170s] -- Up-to-date symlink: /home/pp/Tawan-pe-/install/rplidar_ros/lib/rplidar_ros/rplidar_node
[1.170s] -- Up-to-date symlink: /home/pp/Tawan-pe-/install/rplidar_ros/lib/rplidar_ros/rplidar_composition
[1.170s] -- Up-to-date symlink: /home/pp/Tawan-pe-/install/rplidar_ros/lib/rplidar_ros/rplidar_client
[1.171s] -- Up-to-date symlink: /home/pp/Tawan-pe-/install/rplidar_ros/share/ament_index/resource_index/package_run_dependencies/rplidar_ros
[1.171s] -- Up-to-date symlink: /home/pp/Tawan-pe-/install/rplidar_ros/share/ament_index/resource_index/parent_prefix_path/rplidar_ros
[1.171s] -- Up-to-date symlink: /home/pp/Tawan-pe-/install/rplidar_ros/share/rplidar_ros/environment/ament_prefix_path.sh
[1.171s] -- Up-to-date symlink: /home/pp/Tawan-pe-/install/rplidar_ros/share/rplidar_ros/environment/ament_prefix_path.dsv
[1.171s] -- Up-to-date symlink: /home/pp/Tawan-pe-/install/rplidar_ros/share/rplidar_ros/environment/path.sh
[1.171s] -- Up-to-date symlink: /home/pp/Tawan-pe-/install/rplidar_ros/share/rplidar_ros/environment/path.dsv
[1.171s] -- Up-to-date symlink: /home/pp/Tawan-pe-/install/rplidar_ros/share/rplidar_ros/local_setup.bash
[1.171s] -- Up-to-date symlink: /home/pp/Tawan-pe-/install/rplidar_ros/share/rplidar_ros/local_setup.sh
[1.171s] -- Up-to-date symlink: /home/pp/Tawan-pe-/install/rplidar_ros/share/rplidar_ros/local_setup.zsh
[1.171s] -- Up-to-date symlink: /home/pp/Tawan-pe-/install/rplidar_ros/share/rplidar_ros/local_setup.dsv
[1.172s] -- Symlinking: /home/pp/Tawan-pe-/install/rplidar_ros/share/rplidar_ros/package.dsv
[1.181s] -- Up-to-date symlink: /home/pp/Tawan-pe-/install/rplidar_ros/share/ament_index/resource_index/packages/rplidar_ros
[1.181s] -- Up-to-date symlink: /home/pp/Tawan-pe-/install/rplidar_ros/share/rplidar_ros/cmake/ament_cmake_export_dependencies-extras.cmake
[1.181s] -- Up-to-date symlink: /home/pp/Tawan-pe-/install/rplidar_ros/share/rplidar_ros/cmake/ament_cmake_export_include_directories-extras.cmake
[1.181s] -- Up-to-date symlink: /home/pp/Tawan-pe-/install/rplidar_ros/share/rplidar_ros/cmake/rplidar_rosConfig.cmake
[1.181s] -- Up-to-date symlink: /home/pp/Tawan-pe-/install/rplidar_ros/share/rplidar_ros/cmake/rplidar_rosConfig-version.cmake
[1.182s] -- Up-to-date symlink: /home/pp/Tawan-pe-/install/rplidar_ros/share/rplidar_ros/package.xml
[1.703s] Invoked command in '/home/pp/Tawan-pe-/build/rplidar_ros' returned '0': CMAKE_PREFIX_PATH=${CMAKE_PREFIX_PATH}:/home/pp/Tawan-pe-/install/station_pkg:/home/pp/Tawan-pe-/install/station_manager:/home/pp/Tawan-pe-/install/ros2_aruco:/home/pp/Tawan-pe-/install/motion_control:/home/pp/Tawan-pe-/install/ired_teleop:/home/pp/Tawan-pe-/install/ired_movetogoal:/opt/ros/jazzy DEBUGINFOD_URLS=https://debuginfod.ubuntu.com /usr/bin/cmake --install /home/pp/Tawan-pe-/build/rplidar_ros
