[1.165s] Invoking command in '/home/pp/Tawan-pe-/src/build/ros2_aruco_interfaces': CMAKE_PREFIX_PATH=${CMAKE_PREFIX_PATH}:/home/pp/Tawan-pe-/install/station_pkg:/home/pp/Tawan-pe-/install/ros2_aruco:/home/pp/Tawan-pe-/install/motion_control:/home/pp/Tawan-pe-/install/ired_teleop:/home/pp/Tawan-pe-/install/ired_movetogoal:/opt/ros/jazzy DEBUGINFOD_URLS=https://debuginfod.ubuntu.com /usr/bin/cmake /home/pp/Tawan-pe-/src/aruco_marker/ros2_aruco/ros2_aruco_interfaces -DAMENT_CMAKE_SYMLINK_INSTALL=1 -DCMAKE_INSTALL_PREFIX=/home/pp/Tawan-pe-/src/install/ros2_aruco_interfaces
[1.266s] -- The C compiler identification is GNU 13.3.0
[1.414s] -- The CXX compiler identification is GNU 13.3.0
[1.462s] -- Detecting C compiler ABI info
[1.660s] -- Detecting C compiler ABI info - done
[1.697s] -- Check for working C compiler: /usr/bin/cc - skipped
[1.699s] -- Detecting C compile features
[1.703s] -- Detecting C compile features - done
[1.719s] -- Detecting CXX compiler ABI info
[2.057s] -- Detecting CXX compiler ABI info - done
[2.121s] -- Check for working CXX compiler: /usr/bin/c++ - skipped
[2.121s] -- Detecting CXX compile features
[2.139s] -- Detecting CXX compile features - done
[2.160s] -- Found ament_cmake: 2.5.4 (/opt/ros/jazzy/share/ament_cmake/cmake)
[2.777s] -- Found Python3: /usr/bin/python3 (found version "3.12.3") found components: Interpreter 
[2.942s] -- Override CMake install command with custom implementation using symlinks instead of copying resources
[3.091s] -- Found geometry_msgs: 5.3.6 (/opt/ros/jazzy/share/geometry_msgs/cmake)
[3.209s] -- Found rosidl_generator_c: 4.6.6 (/opt/ros/jazzy/share/rosidl_generator_c/cmake)
[3.239s] -- Found rosidl_generator_cpp: 4.6.6 (/opt/ros/jazzy/share/rosidl_generator_cpp/cmake)
[3.271s] -- Using all available rosidl_typesupport_c: rosidl_typesupport_fastrtps_c;rosidl_typesupport_introspection_c
[3.313s] -- Using all available rosidl_typesupport_cpp: rosidl_typesupport_fastrtps_cpp;rosidl_typesupport_introspection_cpp
[3.421s] -- Found rosidl_default_generators: 1.6.0 (/opt/ros/jazzy/share/rosidl_default_generators/cmake)
[3.460s] -- Found rosidl_adapter: 4.6.6 (/opt/ros/jazzy/share/rosidl_adapter/cmake)
[5.600s] -- Found ament_cmake_ros: 0.12.0 (/opt/ros/jazzy/share/ament_cmake_ros/cmake)
[8.145s] -- Using all available rosidl_typesupport_c: rosidl_typesupport_fastrtps_c;rosidl_typesupport_introspection_c
[9.179s] -- Using all available rosidl_typesupport_cpp: rosidl_typesupport_fastrtps_cpp;rosidl_typesupport_introspection_cpp
[9.193s] -- Found python_cmake_module: 0.11.1 (/opt/ros/jazzy/share/python_cmake_module/cmake)
[9.678s] -- Found PythonExtra: /usr/bin/python3  
[10.910s] -- Found Python3: /usr/bin/python3 (found version "3.12.3") found components: Interpreter Development NumPy Development.Module Development.Embed 
[11.260s] -- Found ament_lint_auto: 0.17.3 (/opt/ros/jazzy/share/ament_lint_auto/cmake)
[11.465s] -- Added test 'copyright' to check source files copyright and LICENSE
[11.474s] -- Added test 'lint_cmake' to check CMake code style
[11.489s] -- Added test 'xmllint' to check XML markup files
[11.519s] -- Configuring done (10.3s)
[11.834s] -- Generating done (0.3s)
[11.898s] -- Build files have been written to: /home/pp/Tawan-pe-/src/build/ros2_aruco_interfaces
[11.985s] Invoked command in '/home/pp/Tawan-pe-/src/build/ros2_aruco_interfaces' returned '0': CMAKE_PREFIX_PATH=${CMAKE_PREFIX_PATH}:/home/pp/Tawan-pe-/install/station_pkg:/home/pp/Tawan-pe-/install/ros2_aruco:/home/pp/Tawan-pe-/install/motion_control:/home/pp/Tawan-pe-/install/ired_teleop:/home/pp/Tawan-pe-/install/ired_movetogoal:/opt/ros/jazzy DEBUGINFOD_URLS=https://debuginfod.ubuntu.com /usr/bin/cmake /home/pp/Tawan-pe-/src/aruco_marker/ros2_aruco/ros2_aruco_interfaces -DAMENT_CMAKE_SYMLINK_INSTALL=1 -DCMAKE_INSTALL_PREFIX=/home/pp/Tawan-pe-/src/install/ros2_aruco_interfaces
[11.985s] Invoking command in '/home/pp/Tawan-pe-/src/build/ros2_aruco_interfaces': CMAKE_PREFIX_PATH=${CMAKE_PREFIX_PATH}:/home/pp/Tawan-pe-/install/station_pkg:/home/pp/Tawan-pe-/install/ros2_aruco:/home/pp/Tawan-pe-/install/motion_control:/home/pp/Tawan-pe-/install/ired_teleop:/home/pp/Tawan-pe-/install/ired_movetogoal:/opt/ros/jazzy DEBUGINFOD_URLS=https://debuginfod.ubuntu.com /usr/bin/cmake --build /home/pp/Tawan-pe-/src/build/ros2_aruco_interfaces -- -j12 -l12
[12.131s] [  2%] [34m[1mGenerating type hashes for ROS interfaces[0m
[12.172s] [  2%] Built target ament_cmake_python_symlink_ros2_aruco_interfaces
[12.721s] [  2%] Built target ros2_aruco_interfaces__rosidl_generator_type_description
[12.780s] [  5%] [34m[1mGenerating C code for ROS interfaces[0m
[12.787s] running egg_info
[12.787s] creating ros2_aruco_interfaces.egg-info
[12.807s] [  8%] [34m[1mGenerating C++ code for ROS interfaces[0m
[12.828s] writing ros2_aruco_interfaces.egg-info/PKG-INFO
[12.828s] writing dependency_links to ros2_aruco_interfaces.egg-info/dependency_links.txt
[12.828s] writing top-level names to ros2_aruco_interfaces.egg-info/top_level.txt
[12.828s] writing manifest file 'ros2_aruco_interfaces.egg-info/SOURCES.txt'
[12.937s] reading manifest file 'ros2_aruco_interfaces.egg-info/SOURCES.txt'
[12.938s] writing manifest file 'ros2_aruco_interfaces.egg-info/SOURCES.txt'
[13.000s] [  8%] Built target ament_cmake_python_build_ros2_aruco_interfaces_egg
[13.300s] [ 11%] [32mBuilding C object CMakeFiles/ros2_aruco_interfaces__rosidl_generator_c.dir/rosidl_generator_c/ros2_aruco_interfaces/msg/detail/aruco_markers__description.c.o[0m
[13.303s] [ 14%] [32mBuilding C object CMakeFiles/ros2_aruco_interfaces__rosidl_generator_c.dir/rosidl_generator_c/ros2_aruco_interfaces/msg/detail/aruco_markers__functions.c.o[0m
[13.311s] [ 17%] [32mBuilding C object CMakeFiles/ros2_aruco_interfaces__rosidl_generator_c.dir/rosidl_generator_c/ros2_aruco_interfaces/msg/detail/aruco_markers__type_support.c.o[0m
[13.362s] [ 17%] Built target ros2_aruco_interfaces__cpp
[13.407s] [ 20%] [32m[1mLinking C shared library libros2_aruco_interfaces__rosidl_generator_c.so[0m
[13.501s] [ 20%] Built target ros2_aruco_interfaces__rosidl_generator_c
[13.536s] [ 26%] [34m[1mGenerating C++ type support dispatch for ROS interfaces[0m
[13.536s] [ 26%] [34m[1mGenerating C type support for eProsima Fast-RTPS[0m
[13.537s] [ 29%] [34m[1mGenerating C++ introspection for ROS interfaces[0m
[13.537s] [ 32%] [34m[1mGenerating C++ type support for eProsima Fast-RTPS[0m
[13.537s] [ 35%] [34m[1mGenerating C introspection for ROS interfaces[0m
[13.553s] [ 38%] [34m[1mGenerating C type support dispatch for ROS interfaces[0m
[14.095s] [ 41%] [32mBuilding CXX object CMakeFiles/ros2_aruco_interfaces__rosidl_typesupport_fastrtps_c.dir/rosidl_typesupport_fastrtps_c/ros2_aruco_interfaces/msg/detail/aruco_markers__type_support_c.cpp.o[0m
[14.111s] [ 44%] [32mBuilding CXX object CMakeFiles/ros2_aruco_interfaces__rosidl_typesupport_cpp.dir/rosidl_typesupport_cpp/ros2_aruco_interfaces/msg/aruco_markers__type_support.cpp.o[0m
[14.314s] [ 47%] [32mBuilding CXX object CMakeFiles/ros2_aruco_interfaces__rosidl_typesupport_c.dir/rosidl_typesupport_c/ros2_aruco_interfaces/msg/aruco_markers__type_support.cpp.o[0m
[14.314s] [ 50%] [32mBuilding CXX object CMakeFiles/ros2_aruco_interfaces__rosidl_typesupport_fastrtps_cpp.dir/rosidl_typesupport_fastrtps_cpp/ros2_aruco_interfaces/msg/detail/dds_fastrtps/aruco_markers__type_support.cpp.o[0m
[14.469s] [ 52%] [32m[1mLinking CXX shared library libros2_aruco_interfaces__rosidl_typesupport_c.so[0m
[14.606s] [ 52%] Built target ros2_aruco_interfaces__rosidl_typesupport_c
[14.800s] [ 55%] [32m[1mLinking CXX shared library libros2_aruco_interfaces__rosidl_typesupport_cpp.so[0m
[14.935s] [ 55%] Built target ros2_aruco_interfaces__rosidl_typesupport_cpp
[15.095s] [ 58%] [32m[1mLinking CXX shared library libros2_aruco_interfaces__rosidl_typesupport_fastrtps_c.so[0m
[15.117s] [ 61%] [32mBuilding CXX object CMakeFiles/ros2_aruco_interfaces__rosidl_typesupport_introspection_cpp.dir/rosidl_typesupport_introspection_cpp/ros2_aruco_interfaces/msg/detail/aruco_markers__type_support.cpp.o[0m
[15.259s] [ 64%] [32mBuilding C object CMakeFiles/ros2_aruco_interfaces__rosidl_typesupport_introspection_c.dir/rosidl_typesupport_introspection_c/ros2_aruco_interfaces/msg/detail/aruco_markers__type_support.c.o[0m
[15.289s] [ 64%] Built target ros2_aruco_interfaces__rosidl_typesupport_fastrtps_c
[15.492s] [ 67%] [32m[1mLinking C shared library libros2_aruco_interfaces__rosidl_typesupport_introspection_c.so[0m
[15.703s] [ 70%] [32m[1mLinking CXX shared library libros2_aruco_interfaces__rosidl_typesupport_fastrtps_cpp.so[0m
[15.710s] [ 70%] Built target ros2_aruco_interfaces__rosidl_typesupport_introspection_c
[15.969s] [ 70%] Built target ros2_aruco_interfaces__rosidl_typesupport_fastrtps_cpp
[16.140s] [ 73%] [32m[1mLinking CXX shared library libros2_aruco_interfaces__rosidl_typesupport_introspection_cpp.so[0m
[16.364s] [ 73%] Built target ros2_aruco_interfaces__rosidl_typesupport_introspection_cpp
[16.396s] [ 73%] Built target ros2_aruco_interfaces
[16.437s] [ 76%] [34m[1mGenerating Python code for ROS interfaces[0m
[16.811s] [ 76%] Built target ros2_aruco_interfaces__py
[16.835s] [ 79%] [32mBuilding C object CMakeFiles/ros2_aruco_interfaces__rosidl_generator_py.dir/rosidl_generator_py/ros2_aruco_interfaces/msg/_aruco_markers_s.c.o[0m
[16.981s] [ 82%] [32m[1mLinking C shared library libros2_aruco_interfaces__rosidl_generator_py.so[0m
[17.036s] [ 82%] Built target ros2_aruco_interfaces__rosidl_generator_py
[17.062s] [ 85%] [32mBuilding C object CMakeFiles/ros2_aruco_interfaces_s__rosidl_typesupport_c.dir/rosidl_generator_py/ros2_aruco_interfaces/_ros2_aruco_interfaces_s.ep.rosidl_typesupport_c.c.o[0m
[17.062s] [ 88%] [32mBuilding C object CMakeFiles/ros2_aruco_interfaces_s__rosidl_typesupport_fastrtps_c.dir/rosidl_generator_py/ros2_aruco_interfaces/_ros2_aruco_interfaces_s.ep.rosidl_typesupport_fastrtps_c.c.o[0m
[17.067s] [ 91%] [32mBuilding C object CMakeFiles/ros2_aruco_interfaces_s__rosidl_typesupport_introspection_c.dir/rosidl_generator_py/ros2_aruco_interfaces/_ros2_aruco_interfaces_s.ep.rosidl_typesupport_introspection_c.c.o[0m
[17.197s] [ 94%] [32m[1mLinking C shared module rosidl_generator_py/ros2_aruco_interfaces/ros2_aruco_interfaces_s__rosidl_typesupport_fastrtps_c.so[0m
[17.199s] [ 97%] [32m[1mLinking C shared module rosidl_generator_py/ros2_aruco_interfaces/ros2_aruco_interfaces_s__rosidl_typesupport_c.so[0m
[17.208s] [100%] [32m[1mLinking C shared module rosidl_generator_py/ros2_aruco_interfaces/ros2_aruco_interfaces_s__rosidl_typesupport_introspection_c.so[0m
[17.245s] [100%] Built target ros2_aruco_interfaces_s__rosidl_typesupport_c
[17.246s] [100%] Built target ros2_aruco_interfaces_s__rosidl_typesupport_fastrtps_c
[17.255s] [100%] Built target ros2_aruco_interfaces_s__rosidl_typesupport_introspection_c
[17.274s] Invoked command in '/home/pp/Tawan-pe-/src/build/ros2_aruco_interfaces' returned '0': CMAKE_PREFIX_PATH=${CMAKE_PREFIX_PATH}:/home/pp/Tawan-pe-/install/station_pkg:/home/pp/Tawan-pe-/install/ros2_aruco:/home/pp/Tawan-pe-/install/motion_control:/home/pp/Tawan-pe-/install/ired_teleop:/home/pp/Tawan-pe-/install/ired_movetogoal:/opt/ros/jazzy DEBUGINFOD_URLS=https://debuginfod.ubuntu.com /usr/bin/cmake --build /home/pp/Tawan-pe-/src/build/ros2_aruco_interfaces -- -j12 -l12
[17.275s] Invoking command in '/home/pp/Tawan-pe-/src/build/ros2_aruco_interfaces': CMAKE_PREFIX_PATH=${CMAKE_PREFIX_PATH}:/home/pp/Tawan-pe-/install/station_pkg:/home/pp/Tawan-pe-/install/ros2_aruco:/home/pp/Tawan-pe-/install/motion_control:/home/pp/Tawan-pe-/install/ired_teleop:/home/pp/Tawan-pe-/install/ired_movetogoal:/opt/ros/jazzy DEBUGINFOD_URLS=https://debuginfod.ubuntu.com /usr/bin/cmake --install /home/pp/Tawan-pe-/src/build/ros2_aruco_interfaces
[17.283s] -- Install configuration: ""
[17.284s] -- Execute custom install script
[17.284s] -- Symlinking: /home/pp/Tawan-pe-/src/install/ros2_aruco_interfaces/share/ament_index/resource_index/rosidl_interfaces/ros2_aruco_interfaces
[17.299s] -- Symlinking: /home/pp/Tawan-pe-/src/install/ros2_aruco_interfaces/share/ros2_aruco_interfaces/msg/ArucoMarkers.json
[17.314s] -- Symlinking: /home/pp/Tawan-pe-/src/install/ros2_aruco_interfaces/include/ros2_aruco_interfaces/ros2_aruco_interfaces/msg/aruco_markers.h
[17.328s] -- Symlinking: /home/pp/Tawan-pe-/src/install/ros2_aruco_interfaces/include/ros2_aruco_interfaces/ros2_aruco_interfaces/msg/detail/aruco_markers__functions.h
[17.342s] -- Symlinking: /home/pp/Tawan-pe-/src/install/ros2_aruco_interfaces/include/ros2_aruco_interfaces/ros2_aruco_interfaces/msg/detail/aruco_markers__struct.h
[17.370s] -- Symlinking: /home/pp/Tawan-pe-/src/install/ros2_aruco_interfaces/include/ros2_aruco_interfaces/ros2_aruco_interfaces/msg/detail/aruco_markers__type_support.h
[17.384s] -- Symlinking: /home/pp/Tawan-pe-/src/install/ros2_aruco_interfaces/include/ros2_aruco_interfaces/ros2_aruco_interfaces/msg/rosidl_generator_c__visibility_control.h
[17.400s] -- Symlinking: /home/pp/Tawan-pe-/src/install/ros2_aruco_interfaces/share/ros2_aruco_interfaces/environment/library_path.sh
[17.414s] -- Symlinking: /home/pp/Tawan-pe-/src/install/ros2_aruco_interfaces/share/ros2_aruco_interfaces/environment/library_path.dsv
[17.429s] -- Symlinking: /home/pp/Tawan-pe-/src/install/ros2_aruco_interfaces/include/ros2_aruco_interfaces/ros2_aruco_interfaces/msg/detail/aruco_markers__rosidl_typesupport_fastrtps_c.h
[17.445s] -- Symlinking: /home/pp/Tawan-pe-/src/install/ros2_aruco_interfaces/include/ros2_aruco_interfaces/ros2_aruco_interfaces/msg/rosidl_typesupport_fastrtps_c__visibility_control.h
[17.460s] -- Symlinking: /home/pp/Tawan-pe-/src/install/ros2_aruco_interfaces/include/ros2_aruco_interfaces/ros2_aruco_interfaces/msg/aruco_markers.hpp
[17.481s] -- Symlinking: /home/pp/Tawan-pe-/src/install/ros2_aruco_interfaces/include/ros2_aruco_interfaces/ros2_aruco_interfaces/msg/detail/aruco_markers__builder.hpp
[17.492s] -- Symlinking: /home/pp/Tawan-pe-/src/install/ros2_aruco_interfaces/include/ros2_aruco_interfaces/ros2_aruco_interfaces/msg/detail/aruco_markers__struct.hpp
[17.504s] -- Symlinking: /home/pp/Tawan-pe-/src/install/ros2_aruco_interfaces/include/ros2_aruco_interfaces/ros2_aruco_interfaces/msg/detail/aruco_markers__traits.hpp
[17.516s] -- Symlinking: /home/pp/Tawan-pe-/src/install/ros2_aruco_interfaces/include/ros2_aruco_interfaces/ros2_aruco_interfaces/msg/detail/aruco_markers__type_support.hpp
[17.529s] -- Symlinking: /home/pp/Tawan-pe-/src/install/ros2_aruco_interfaces/include/ros2_aruco_interfaces/ros2_aruco_interfaces/msg/rosidl_generator_cpp__visibility_control.hpp
[17.540s] -- Symlinking: /home/pp/Tawan-pe-/src/install/ros2_aruco_interfaces/include/ros2_aruco_interfaces/ros2_aruco_interfaces/msg/detail/aruco_markers__rosidl_typesupport_fastrtps_cpp.hpp
[17.553s] -- Symlinking: /home/pp/Tawan-pe-/src/install/ros2_aruco_interfaces/include/ros2_aruco_interfaces/ros2_aruco_interfaces/msg/rosidl_typesupport_fastrtps_cpp__visibility_control.h
[17.565s] -- Symlinking: /home/pp/Tawan-pe-/src/install/ros2_aruco_interfaces/include/ros2_aruco_interfaces/ros2_aruco_interfaces/msg/detail/aruco_markers__rosidl_typesupport_introspection_c.h
[17.579s] -- Symlinking: /home/pp/Tawan-pe-/src/install/ros2_aruco_interfaces/include/ros2_aruco_interfaces/ros2_aruco_interfaces/msg/rosidl_typesupport_introspection_c__visibility_control.h
[17.590s] -- Symlinking: /home/pp/Tawan-pe-/src/install/ros2_aruco_interfaces/include/ros2_aruco_interfaces/ros2_aruco_interfaces/msg/detail/aruco_markers__rosidl_typesupport_introspection_cpp.hpp
[17.601s] -- Symlinking: /home/pp/Tawan-pe-/src/install/ros2_aruco_interfaces/share/ros2_aruco_interfaces/environment/pythonpath.sh
[17.611s] -- Symlinking: /home/pp/Tawan-pe-/src/install/ros2_aruco_interfaces/share/ros2_aruco_interfaces/environment/pythonpath.dsv
[17.624s] -- Symlinking: /home/pp/Tawan-pe-/src/install/ros2_aruco_interfaces/lib/python3.12/site-packages/ros2_aruco_interfaces-0.1.0-py3.12.egg-info/PKG-INFO
[17.636s] -- Symlinking: /home/pp/Tawan-pe-/src/install/ros2_aruco_interfaces/lib/python3.12/site-packages/ros2_aruco_interfaces-0.1.0-py3.12.egg-info/SOURCES.txt
[17.648s] -- Symlinking: /home/pp/Tawan-pe-/src/install/ros2_aruco_interfaces/lib/python3.12/site-packages/ros2_aruco_interfaces-0.1.0-py3.12.egg-info/dependency_links.txt
[17.665s] -- Symlinking: /home/pp/Tawan-pe-/src/install/ros2_aruco_interfaces/lib/python3.12/site-packages/ros2_aruco_interfaces-0.1.0-py3.12.egg-info/top_level.txt
[17.682s] -- Symlinking: /home/pp/Tawan-pe-/src/install/ros2_aruco_interfaces/lib/python3.12/site-packages/ros2_aruco_interfaces/__init__.py
[17.691s] -- Symlinking: /home/pp/Tawan-pe-/src/install/ros2_aruco_interfaces/lib/python3.12/site-packages/ros2_aruco_interfaces/_ros2_aruco_interfaces_s.ep.rosidl_typesupport_c.c
[17.704s] -- Symlinking: /home/pp/Tawan-pe-/src/install/ros2_aruco_interfaces/lib/python3.12/site-packages/ros2_aruco_interfaces/_ros2_aruco_interfaces_s.ep.rosidl_typesupport_fastrtps_c.c
[17.717s] -- Symlinking: /home/pp/Tawan-pe-/src/install/ros2_aruco_interfaces/lib/python3.12/site-packages/ros2_aruco_interfaces/_ros2_aruco_interfaces_s.ep.rosidl_typesupport_introspection_c.c
[17.732s] -- Symlinking: /home/pp/Tawan-pe-/src/install/ros2_aruco_interfaces/lib/python3.12/site-packages/ros2_aruco_interfaces/msg/__init__.py
[17.746s] -- Symlinking: /home/pp/Tawan-pe-/src/install/ros2_aruco_interfaces/lib/python3.12/site-packages/ros2_aruco_interfaces/msg/_aruco_markers.py
[17.760s] -- Symlinking: /home/pp/Tawan-pe-/src/install/ros2_aruco_interfaces/lib/python3.12/site-packages/ros2_aruco_interfaces/msg/_aruco_markers_s.c
[17.773s] -- Symlinking: /home/pp/Tawan-pe-/src/install/ros2_aruco_interfaces/lib/python3.12/site-packages/ros2_aruco_interfaces/ros2_aruco_interfaces_s__rosidl_typesupport_c.so
[17.786s] -- Symlinking: /home/pp/Tawan-pe-/src/install/ros2_aruco_interfaces/lib/python3.12/site-packages/ros2_aruco_interfaces/ros2_aruco_interfaces_s__rosidl_typesupport_fastrtps_c.so
[17.800s] -- Symlinking: /home/pp/Tawan-pe-/src/install/ros2_aruco_interfaces/lib/python3.12/site-packages/ros2_aruco_interfaces/ros2_aruco_interfaces_s__rosidl_typesupport_introspection_c.so
[17.813s] -- Up-to-date symlink: /home/pp/Tawan-pe-/src/install/ros2_aruco_interfaces/lib/python3.12/site-packages/ros2_aruco_interfaces/ros2_aruco_interfaces_s__rosidl_typesupport_fastrtps_c.so
[17.814s] -- Up-to-date symlink: /home/pp/Tawan-pe-/src/install/ros2_aruco_interfaces/lib/python3.12/site-packages/ros2_aruco_interfaces/ros2_aruco_interfaces_s__rosidl_typesupport_introspection_c.so
[17.814s] -- Up-to-date symlink: /home/pp/Tawan-pe-/src/install/ros2_aruco_interfaces/lib/python3.12/site-packages/ros2_aruco_interfaces/ros2_aruco_interfaces_s__rosidl_typesupport_c.so
[17.814s] -- Symlinking: /home/pp/Tawan-pe-/src/install/ros2_aruco_interfaces/share/ros2_aruco_interfaces/msg/ArucoMarkers.idl
[17.827s] -- Symlinking: /home/pp/Tawan-pe-/src/install/ros2_aruco_interfaces/share/ros2_aruco_interfaces/msg/ArucoMarkers.msg
[17.841s] -- Symlinking: /home/pp/Tawan-pe-/src/install/ros2_aruco_interfaces/share/ament_index/resource_index/package_run_dependencies/ros2_aruco_interfaces
[17.853s] -- Symlinking: /home/pp/Tawan-pe-/src/install/ros2_aruco_interfaces/share/ament_index/resource_index/parent_prefix_path/ros2_aruco_interfaces
[17.868s] -- Symlinking: /home/pp/Tawan-pe-/src/install/ros2_aruco_interfaces/share/ros2_aruco_interfaces/environment/ament_prefix_path.sh
[17.889s] -- Symlinking: /home/pp/Tawan-pe-/src/install/ros2_aruco_interfaces/share/ros2_aruco_interfaces/environment/ament_prefix_path.dsv
[17.905s] -- Symlinking: /home/pp/Tawan-pe-/src/install/ros2_aruco_interfaces/share/ros2_aruco_interfaces/environment/path.sh
[17.916s] -- Symlinking: /home/pp/Tawan-pe-/src/install/ros2_aruco_interfaces/share/ros2_aruco_interfaces/environment/path.dsv
[17.926s] -- Symlinking: /home/pp/Tawan-pe-/src/install/ros2_aruco_interfaces/share/ros2_aruco_interfaces/local_setup.bash
[17.939s] -- Symlinking: /home/pp/Tawan-pe-/src/install/ros2_aruco_interfaces/share/ros2_aruco_interfaces/local_setup.sh
[17.955s] -- Symlinking: /home/pp/Tawan-pe-/src/install/ros2_aruco_interfaces/share/ros2_aruco_interfaces/local_setup.zsh
[17.979s] -- Symlinking: /home/pp/Tawan-pe-/src/install/ros2_aruco_interfaces/share/ros2_aruco_interfaces/local_setup.dsv
[17.998s] -- Symlinking: /home/pp/Tawan-pe-/src/install/ros2_aruco_interfaces/share/ros2_aruco_interfaces/package.dsv
[18.013s] -- Symlinking: /home/pp/Tawan-pe-/src/install/ros2_aruco_interfaces/share/ament_index/resource_index/packages/ros2_aruco_interfaces
[18.027s] -- Symlinking: /home/pp/Tawan-pe-/src/install/ros2_aruco_interfaces/share/ros2_aruco_interfaces/cmake/rosidl_cmake-extras.cmake
[18.042s] -- Symlinking: /home/pp/Tawan-pe-/src/install/ros2_aruco_interfaces/share/ros2_aruco_interfaces/cmake/ament_cmake_export_dependencies-extras.cmake
[18.057s] -- Symlinking: /home/pp/Tawan-pe-/src/install/ros2_aruco_interfaces/share/ros2_aruco_interfaces/cmake/ament_cmake_export_include_directories-extras.cmake
[18.072s] -- Symlinking: /home/pp/Tawan-pe-/src/install/ros2_aruco_interfaces/share/ros2_aruco_interfaces/cmake/ament_cmake_export_libraries-extras.cmake
[18.088s] -- Symlinking: /home/pp/Tawan-pe-/src/install/ros2_aruco_interfaces/share/ros2_aruco_interfaces/cmake/ament_cmake_export_targets-extras.cmake
[18.102s] -- Symlinking: /home/pp/Tawan-pe-/src/install/ros2_aruco_interfaces/share/ros2_aruco_interfaces/cmake/rosidl_cmake_export_typesupport_targets-extras.cmake
[18.116s] -- Symlinking: /home/pp/Tawan-pe-/src/install/ros2_aruco_interfaces/share/ros2_aruco_interfaces/cmake/rosidl_cmake_export_typesupport_libraries-extras.cmake
[18.126s] -- Symlinking: /home/pp/Tawan-pe-/src/install/ros2_aruco_interfaces/share/ros2_aruco_interfaces/cmake/ros2_aruco_interfacesConfig.cmake
[18.136s] -- Symlinking: /home/pp/Tawan-pe-/src/install/ros2_aruco_interfaces/share/ros2_aruco_interfaces/cmake/ros2_aruco_interfacesConfig-version.cmake
[18.147s] -- Symlinking: /home/pp/Tawan-pe-/src/install/ros2_aruco_interfaces/share/ros2_aruco_interfaces/package.xml
[18.161s] -- Installing: /home/pp/Tawan-pe-/src/install/ros2_aruco_interfaces/lib/libros2_aruco_interfaces__rosidl_generator_c.so
[18.161s] -- Set non-toolchain portion of runtime path of "/home/pp/Tawan-pe-/src/install/ros2_aruco_interfaces/lib/libros2_aruco_interfaces__rosidl_generator_c.so" to ""
[18.162s] -- Installing: /home/pp/Tawan-pe-/src/install/ros2_aruco_interfaces/lib/libros2_aruco_interfaces__rosidl_typesupport_fastrtps_c.so
[18.162s] -- Set non-toolchain portion of runtime path of "/home/pp/Tawan-pe-/src/install/ros2_aruco_interfaces/lib/libros2_aruco_interfaces__rosidl_typesupport_fastrtps_c.so" to ""
[18.163s] -- Installing: /home/pp/Tawan-pe-/src/install/ros2_aruco_interfaces/lib/libros2_aruco_interfaces__rosidl_typesupport_fastrtps_cpp.so
[18.163s] -- Set non-toolchain portion of runtime path of "/home/pp/Tawan-pe-/src/install/ros2_aruco_interfaces/lib/libros2_aruco_interfaces__rosidl_typesupport_fastrtps_cpp.so" to ""
[18.164s] -- Installing: /home/pp/Tawan-pe-/src/install/ros2_aruco_interfaces/lib/libros2_aruco_interfaces__rosidl_typesupport_introspection_c.so
[18.164s] -- Set non-toolchain portion of runtime path of "/home/pp/Tawan-pe-/src/install/ros2_aruco_interfaces/lib/libros2_aruco_interfaces__rosidl_typesupport_introspection_c.so" to ""
[18.164s] -- Installing: /home/pp/Tawan-pe-/src/install/ros2_aruco_interfaces/lib/libros2_aruco_interfaces__rosidl_typesupport_c.so
[18.165s] -- Set non-toolchain portion of runtime path of "/home/pp/Tawan-pe-/src/install/ros2_aruco_interfaces/lib/libros2_aruco_interfaces__rosidl_typesupport_c.so" to ""
[18.165s] -- Installing: /home/pp/Tawan-pe-/src/install/ros2_aruco_interfaces/lib/libros2_aruco_interfaces__rosidl_typesupport_introspection_cpp.so
[18.165s] -- Set non-toolchain portion of runtime path of "/home/pp/Tawan-pe-/src/install/ros2_aruco_interfaces/lib/libros2_aruco_interfaces__rosidl_typesupport_introspection_cpp.so" to ""
[18.165s] -- Installing: /home/pp/Tawan-pe-/src/install/ros2_aruco_interfaces/lib/libros2_aruco_interfaces__rosidl_typesupport_cpp.so
[18.166s] -- Set non-toolchain portion of runtime path of "/home/pp/Tawan-pe-/src/install/ros2_aruco_interfaces/lib/libros2_aruco_interfaces__rosidl_typesupport_cpp.so" to ""
[18.231s] Listing '/home/pp/Tawan-pe-/src/install/ros2_aruco_interfaces/lib/python3.12/site-packages/ros2_aruco_interfaces'...
[18.231s] Compiling '/home/pp/Tawan-pe-/src/install/ros2_aruco_interfaces/lib/python3.12/site-packages/ros2_aruco_interfaces/__init__.py'...
[18.231s] Listing '/home/pp/Tawan-pe-/src/install/ros2_aruco_interfaces/lib/python3.12/site-packages/ros2_aruco_interfaces/msg'...
[18.231s] Compiling '/home/pp/Tawan-pe-/src/install/ros2_aruco_interfaces/lib/python3.12/site-packages/ros2_aruco_interfaces/msg/__init__.py'...
[18.232s] Compiling '/home/pp/Tawan-pe-/src/install/ros2_aruco_interfaces/lib/python3.12/site-packages/ros2_aruco_interfaces/msg/_aruco_markers.py'...
[18.243s] -- Installing: /home/pp/Tawan-pe-/src/install/ros2_aruco_interfaces/lib/libros2_aruco_interfaces__rosidl_generator_py.so
[18.243s] -- Set non-toolchain portion of runtime path of "/home/pp/Tawan-pe-/src/install/ros2_aruco_interfaces/lib/libros2_aruco_interfaces__rosidl_generator_py.so" to ""
[18.243s] -- Installing: /home/pp/Tawan-pe-/src/install/ros2_aruco_interfaces/share/ros2_aruco_interfaces/cmake/export_ros2_aruco_interfaces__rosidl_generator_cExport.cmake
[18.244s] -- Installing: /home/pp/Tawan-pe-/src/install/ros2_aruco_interfaces/share/ros2_aruco_interfaces/cmake/export_ros2_aruco_interfaces__rosidl_generator_cExport-noconfig.cmake
[18.245s] -- Installing: /home/pp/Tawan-pe-/src/install/ros2_aruco_interfaces/share/ros2_aruco_interfaces/cmake/export_ros2_aruco_interfaces__rosidl_typesupport_fastrtps_cExport.cmake
[18.245s] -- Installing: /home/pp/Tawan-pe-/src/install/ros2_aruco_interfaces/share/ros2_aruco_interfaces/cmake/export_ros2_aruco_interfaces__rosidl_typesupport_fastrtps_cExport-noconfig.cmake
[18.246s] -- Installing: /home/pp/Tawan-pe-/src/install/ros2_aruco_interfaces/share/ros2_aruco_interfaces/cmake/export_ros2_aruco_interfaces__rosidl_generator_cppExport.cmake
[18.246s] -- Installing: /home/pp/Tawan-pe-/src/install/ros2_aruco_interfaces/share/ros2_aruco_interfaces/cmake/export_ros2_aruco_interfaces__rosidl_typesupport_fastrtps_cppExport.cmake
[18.246s] -- Installing: /home/pp/Tawan-pe-/src/install/ros2_aruco_interfaces/share/ros2_aruco_interfaces/cmake/export_ros2_aruco_interfaces__rosidl_typesupport_fastrtps_cppExport-noconfig.cmake
[18.246s] -- Installing: /home/pp/Tawan-pe-/src/install/ros2_aruco_interfaces/share/ros2_aruco_interfaces/cmake/ros2_aruco_interfaces__rosidl_typesupport_introspection_cExport.cmake
[18.246s] -- Installing: /home/pp/Tawan-pe-/src/install/ros2_aruco_interfaces/share/ros2_aruco_interfaces/cmake/ros2_aruco_interfaces__rosidl_typesupport_introspection_cExport-noconfig.cmake
[18.246s] -- Installing: /home/pp/Tawan-pe-/src/install/ros2_aruco_interfaces/share/ros2_aruco_interfaces/cmake/ros2_aruco_interfaces__rosidl_typesupport_cExport.cmake
[18.246s] -- Installing: /home/pp/Tawan-pe-/src/install/ros2_aruco_interfaces/share/ros2_aruco_interfaces/cmake/ros2_aruco_interfaces__rosidl_typesupport_cExport-noconfig.cmake
[18.246s] -- Installing: /home/pp/Tawan-pe-/src/install/ros2_aruco_interfaces/share/ros2_aruco_interfaces/cmake/ros2_aruco_interfaces__rosidl_typesupport_introspection_cppExport.cmake
[18.247s] -- Installing: /home/pp/Tawan-pe-/src/install/ros2_aruco_interfaces/share/ros2_aruco_interfaces/cmake/ros2_aruco_interfaces__rosidl_typesupport_introspection_cppExport-noconfig.cmake
[18.247s] -- Installing: /home/pp/Tawan-pe-/src/install/ros2_aruco_interfaces/share/ros2_aruco_interfaces/cmake/ros2_aruco_interfaces__rosidl_typesupport_cppExport.cmake
[18.247s] -- Installing: /home/pp/Tawan-pe-/src/install/ros2_aruco_interfaces/share/ros2_aruco_interfaces/cmake/ros2_aruco_interfaces__rosidl_typesupport_cppExport-noconfig.cmake
[18.247s] -- Installing: /home/pp/Tawan-pe-/src/install/ros2_aruco_interfaces/share/ros2_aruco_interfaces/cmake/export_ros2_aruco_interfaces__rosidl_generator_pyExport.cmake
[18.247s] -- Installing: /home/pp/Tawan-pe-/src/install/ros2_aruco_interfaces/share/ros2_aruco_interfaces/cmake/export_ros2_aruco_interfaces__rosidl_generator_pyExport-noconfig.cmake
[18.251s] Invoked command in '/home/pp/Tawan-pe-/src/build/ros2_aruco_interfaces' returned '0': CMAKE_PREFIX_PATH=${CMAKE_PREFIX_PATH}:/home/pp/Tawan-pe-/install/station_pkg:/home/pp/Tawan-pe-/install/ros2_aruco:/home/pp/Tawan-pe-/install/motion_control:/home/pp/Tawan-pe-/install/ired_teleop:/home/pp/Tawan-pe-/install/ired_movetogoal:/opt/ros/jazzy DEBUGINFOD_URLS=https://debuginfod.ubuntu.com /usr/bin/cmake --install /home/pp/Tawan-pe-/src/build/ros2_aruco_interfaces
