[1.680s] Invoking command in '/home/pp/Tawan-pe-/src/station_pkg': DEBUGINFOD_URLS=https://debuginfod.ubuntu.com PYTHONPATH=/home/pp/Tawan-pe-/build/station_pkg/prefix_override:/usr/lib/python3/dist-packages/colcon_core/task/python/colcon_distutils_commands:/home/pp/Tawan-pe-/install/station_pkg/lib/python3.12/site-packages:${PYTHONPATH} /usr/bin/python3 -W ignore:setup.py install is deprecated -W ignore:easy_install command is deprecated setup.py egg_info --egg-base ../../build/station_pkg build --build-base /home/pp/Tawan-pe-/build/station_pkg/build install --record /home/pp/Tawan-pe-/build/station_pkg/install.log --single-version-externally-managed install_data
[2.291s] running egg_info
[2.339s] writing ../../build/station_pkg/station_pkg.egg-info/PKG-INFO
[2.340s] writing dependency_links to ../../build/station_pkg/station_pkg.egg-info/dependency_links.txt
[2.342s] writing entry points to ../../build/station_pkg/station_pkg.egg-info/entry_points.txt
[2.343s] writing requirements to ../../build/station_pkg/station_pkg.egg-info/requires.txt
[2.343s] writing top-level names to ../../build/station_pkg/station_pkg.egg-info/top_level.txt
[2.410s] reading manifest file '../../build/station_pkg/station_pkg.egg-info/SOURCES.txt'
[2.411s] writing manifest file '../../build/station_pkg/station_pkg.egg-info/SOURCES.txt'
[2.411s] running build
[2.412s] running build_py
[2.412s] running install
[2.421s] running install_lib
[2.452s] running install_data
[2.453s] running install_egg_info
[2.485s] removing '/home/pp/Tawan-pe-/install/station_pkg/lib/python3.12/site-packages/station_pkg-0.0.0-py3.12.egg-info' (and everything under it)
[2.485s] Copying ../../build/station_pkg/station_pkg.egg-info to /home/pp/Tawan-pe-/install/station_pkg/lib/python3.12/site-packages/station_pkg-0.0.0-py3.12.egg-info
[2.487s] running install_scripts
[2.783s] Installing station_detector script to /home/pp/Tawan-pe-/install/station_pkg/lib/station_pkg
[2.784s] writing list of installed files to '/home/pp/Tawan-pe-/build/station_pkg/install.log'
[2.832s] Invoked command in '/home/pp/Tawan-pe-/src/station_pkg' returned '0': DEBUGINFOD_URLS=https://debuginfod.ubuntu.com PYTHONPATH=/home/pp/Tawan-pe-/build/station_pkg/prefix_override:/usr/lib/python3/dist-packages/colcon_core/task/python/colcon_distutils_commands:/home/pp/Tawan-pe-/install/station_pkg/lib/python3.12/site-packages:${PYTHONPATH} /usr/bin/python3 -W ignore:setup.py install is deprecated -W ignore:easy_install command is deprecated setup.py egg_info --egg-base ../../build/station_pkg build --build-base /home/pp/Tawan-pe-/build/station_pkg/build install --record /home/pp/Tawan-pe-/build/station_pkg/install.log --single-version-externally-managed install_data
