[0.043s] Invoking command in '/home/pi/robot_ws/build/ired_aruco': CMAKE_PREFIX_PATH=${CMAKE_PREFIX_PATH}:/home/pi/robot_ws/install/ros2_aruco:/home/pi/robot_ws/install/motion_control:/home/pi/robot_ws/install/ired_teleop:/home/pi/robot_ws/install/ired_movetogoal:/opt/ros/jazzy DEBUGINFOD_URLS=https://debuginfod.ubuntu.com /usr/bin/cmake --build /home/pi/robot_ws/build/ired_aruco -- -j16 -l16
[0.709s] Invoked command in '/home/pi/robot_ws/build/ired_aruco' returned '0': CMAKE_PREFIX_PATH=${CMAKE_PREFIX_PATH}:/home/pi/robot_ws/install/ros2_aruco:/home/pi/robot_ws/install/motion_control:/home/pi/robot_ws/install/ired_teleop:/home/pi/robot_ws/install/ired_movetogoal:/opt/ros/jazzy DEBUGINFOD_URLS=https://debuginfod.ubuntu.com /usr/bin/cmake --build /home/pi/robot_ws/build/ired_aruco -- -j16 -l16
[0.710s] Invoking command in '/home/pi/robot_ws/build/ired_aruco': CMAKE_PREFIX_PATH=${CMAKE_PREFIX_PATH}:/home/pi/robot_ws/install/ros2_aruco:/home/pi/robot_ws/install/motion_control:/home/pi/robot_ws/install/ired_teleop:/home/pi/robot_ws/install/ired_movetogoal:/opt/ros/jazzy DEBUGINFOD_URLS=https://debuginfod.ubuntu.com /usr/bin/cmake --install /home/pi/robot_ws/build/ired_aruco
[0.720s] -- Install configuration: ""
[0.721s] -- Execute custom install script
[0.721s] -- Up-to-date symlink: /home/pi/robot_ws/install/ired_aruco/share/ired_aruco/launch/aruco_detect.launch.py
[0.721s] -- Up-to-date symlink: /home/pi/robot_ws/install/ired_aruco/share/ired_aruco/rviz/aruco.rviz
[0.721s] -- Up-to-date symlink: /home/pi/robot_ws/install/ired_aruco/share/ired_aruco/config/camera_calibration/ost.txt
[0.723s] -- Up-to-date symlink: /home/pi/robot_ws/install/ired_aruco/share/ired_aruco/config/camera_calibration/ost.yaml
[0.724s] -- Up-to-date symlink: /home/pi/robot_ws/install/ired_aruco/share/ament_index/resource_index/package_run_dependencies/ired_aruco
[0.724s] -- Up-to-date symlink: /home/pi/robot_ws/install/ired_aruco/share/ament_index/resource_index/parent_prefix_path/ired_aruco
[0.724s] -- Up-to-date symlink: /home/pi/robot_ws/install/ired_aruco/share/ired_aruco/environment/ament_prefix_path.sh
[0.724s] -- Up-to-date symlink: /home/pi/robot_ws/install/ired_aruco/share/ired_aruco/environment/ament_prefix_path.dsv
[0.724s] -- Up-to-date symlink: /home/pi/robot_ws/install/ired_aruco/share/ired_aruco/environment/path.sh
[0.724s] -- Up-to-date symlink: /home/pi/robot_ws/install/ired_aruco/share/ired_aruco/environment/path.dsv
[0.724s] -- Up-to-date symlink: /home/pi/robot_ws/install/ired_aruco/share/ired_aruco/local_setup.bash
[0.724s] -- Up-to-date symlink: /home/pi/robot_ws/install/ired_aruco/share/ired_aruco/local_setup.sh
[0.724s] -- Up-to-date symlink: /home/pi/robot_ws/install/ired_aruco/share/ired_aruco/local_setup.zsh
[0.724s] -- Up-to-date symlink: /home/pi/robot_ws/install/ired_aruco/share/ired_aruco/local_setup.dsv
[0.724s] -- Symlinking: /home/pi/robot_ws/install/ired_aruco/share/ired_aruco/package.dsv
[0.741s] -- Up-to-date symlink: /home/pi/robot_ws/install/ired_aruco/share/ament_index/resource_index/packages/ired_aruco
[0.741s] -- Up-to-date symlink: /home/pi/robot_ws/install/ired_aruco/share/ired_aruco/cmake/ired_arucoConfig.cmake
[0.741s] -- Up-to-date symlink: /home/pi/robot_ws/install/ired_aruco/share/ired_aruco/cmake/ired_arucoConfig-version.cmake
[0.742s] -- Up-to-date symlink: /home/pi/robot_ws/install/ired_aruco/share/ired_aruco/package.xml
[0.767s] Invoked command in '/home/pi/robot_ws/build/ired_aruco' returned '0': CMAKE_PREFIX_PATH=${CMAKE_PREFIX_PATH}:/home/pi/robot_ws/install/ros2_aruco:/home/pi/robot_ws/install/motion_control:/home/pi/robot_ws/install/ired_teleop:/home/pi/robot_ws/install/ired_movetogoal:/opt/ros/jazzy DEBUGINFOD_URLS=https://debuginfod.ubuntu.com /usr/bin/cmake --install /home/pi/robot_ws/build/ired_aruco
