[0.049s] Invoking command in '/home/pp/Tawan-pe-/src/build/ired_aruco': CMAKE_PREFIX_PATH=${CMAKE_PREFIX_PATH}:/home/pp/Tawan-pe-/install/station_pkg:/home/pp/Tawan-pe-/install/ros2_aruco:/home/pp/Tawan-pe-/install/motion_control:/home/pp/Tawan-pe-/install/ired_teleop:/home/pp/Tawan-pe-/install/ired_movetogoal:/opt/ros/jazzy DEBUGINFOD_URLS=https://debuginfod.ubuntu.com /usr/bin/cmake /home/pp/Tawan-pe-/src/aruco_marker/ired_aruco -DAMENT_CMAKE_SYMLINK_INSTALL=1 -DCMAKE_INSTALL_PREFIX=/home/pp/Tawan-pe-/src/install/ired_aruco
[1.208s] -- The C compiler identification is GNU 13.3.0
[1.208s] -- The CXX compiler identification is GNU 13.3.0
[1.209s] -- Detecting C compiler ABI info
[1.209s] -- Detecting C compiler ABI info - done
[1.209s] -- Check for working C compiler: /usr/bin/cc - skipped
[1.209s] -- Detecting C compile features
[1.209s] -- Detecting C compile features - done
[1.209s] -- Detecting CXX compiler ABI info
[1.209s] -- Detecting CXX compiler ABI info - done
[1.209s] -- Check for working CXX compiler: /usr/bin/c++ - skipped
[1.209s] -- Detecting CXX compile features
[1.209s] -- Detecting CXX compile features - done
[1.209s] -- Found ament_cmake: 2.5.4 (/opt/ros/jazzy/share/ament_cmake/cmake)
[1.210s] -- Found Python3: /usr/bin/python3 (found version "3.12.3") found components: Interpreter 
[1.210s] -- Override CMake install command with custom implementation using symlinks instead of copying resources
[1.210s] -- Configuring done (0.9s)
[1.211s] -- Generating done (0.0s)
[1.211s] -- Build files have been written to: /home/pp/Tawan-pe-/src/build/ired_aruco
[1.221s] Invoked command in '/home/pp/Tawan-pe-/src/build/ired_aruco' returned '0': CMAKE_PREFIX_PATH=${CMAKE_PREFIX_PATH}:/home/pp/Tawan-pe-/install/station_pkg:/home/pp/Tawan-pe-/install/ros2_aruco:/home/pp/Tawan-pe-/install/motion_control:/home/pp/Tawan-pe-/install/ired_teleop:/home/pp/Tawan-pe-/install/ired_movetogoal:/opt/ros/jazzy DEBUGINFOD_URLS=https://debuginfod.ubuntu.com /usr/bin/cmake /home/pp/Tawan-pe-/src/aruco_marker/ired_aruco -DAMENT_CMAKE_SYMLINK_INSTALL=1 -DCMAKE_INSTALL_PREFIX=/home/pp/Tawan-pe-/src/install/ired_aruco
[1.225s] Invoking command in '/home/pp/Tawan-pe-/src/build/ired_aruco': CMAKE_PREFIX_PATH=${CMAKE_PREFIX_PATH}:/home/pp/Tawan-pe-/install/station_pkg:/home/pp/Tawan-pe-/install/ros2_aruco:/home/pp/Tawan-pe-/install/motion_control:/home/pp/Tawan-pe-/install/ired_teleop:/home/pp/Tawan-pe-/install/ired_movetogoal:/opt/ros/jazzy DEBUGINFOD_URLS=https://debuginfod.ubuntu.com /usr/bin/cmake --build /home/pp/Tawan-pe-/src/build/ired_aruco -- -j12 -l12
[1.336s] Invoked command in '/home/pp/Tawan-pe-/src/build/ired_aruco' returned '0': CMAKE_PREFIX_PATH=${CMAKE_PREFIX_PATH}:/home/pp/Tawan-pe-/install/station_pkg:/home/pp/Tawan-pe-/install/ros2_aruco:/home/pp/Tawan-pe-/install/motion_control:/home/pp/Tawan-pe-/install/ired_teleop:/home/pp/Tawan-pe-/install/ired_movetogoal:/opt/ros/jazzy DEBUGINFOD_URLS=https://debuginfod.ubuntu.com /usr/bin/cmake --build /home/pp/Tawan-pe-/src/build/ired_aruco -- -j12 -l12
[1.364s] Invoking command in '/home/pp/Tawan-pe-/src/build/ired_aruco': CMAKE_PREFIX_PATH=${CMAKE_PREFIX_PATH}:/home/pp/Tawan-pe-/install/station_pkg:/home/pp/Tawan-pe-/install/ros2_aruco:/home/pp/Tawan-pe-/install/motion_control:/home/pp/Tawan-pe-/install/ired_teleop:/home/pp/Tawan-pe-/install/ired_movetogoal:/opt/ros/jazzy DEBUGINFOD_URLS=https://debuginfod.ubuntu.com /usr/bin/cmake --install /home/pp/Tawan-pe-/src/build/ired_aruco
[1.387s] -- Install configuration: ""
[1.388s] -- Execute custom install script
[1.390s] -- Symlinking: /home/pp/Tawan-pe-/src/install/ired_aruco/share/ired_aruco/launch/aruco_detect.launch.py
[1.405s] -- Symlinking: /home/pp/Tawan-pe-/src/install/ired_aruco/share/ired_aruco/rviz/aruco.rviz
[1.437s] -- Symlinking: /home/pp/Tawan-pe-/src/install/ired_aruco/share/ired_aruco/config/camera_calibration/ost.txt
[1.481s] -- Symlinking: /home/pp/Tawan-pe-/src/install/ired_aruco/share/ired_aruco/config/camera_calibration/ost.yaml
[1.496s] -- Symlinking: /home/pp/Tawan-pe-/src/install/ired_aruco/share/ament_index/resource_index/package_run_dependencies/ired_aruco
[1.525s] -- Symlinking: /home/pp/Tawan-pe-/src/install/ired_aruco/share/ament_index/resource_index/parent_prefix_path/ired_aruco
[1.548s] -- Symlinking: /home/pp/Tawan-pe-/src/install/ired_aruco/share/ired_aruco/environment/ament_prefix_path.sh
[1.568s] -- Symlinking: /home/pp/Tawan-pe-/src/install/ired_aruco/share/ired_aruco/environment/ament_prefix_path.dsv
[1.589s] -- Symlinking: /home/pp/Tawan-pe-/src/install/ired_aruco/share/ired_aruco/environment/path.sh
[1.610s] -- Symlinking: /home/pp/Tawan-pe-/src/install/ired_aruco/share/ired_aruco/environment/path.dsv
[1.631s] -- Symlinking: /home/pp/Tawan-pe-/src/install/ired_aruco/share/ired_aruco/local_setup.bash
[1.656s] -- Symlinking: /home/pp/Tawan-pe-/src/install/ired_aruco/share/ired_aruco/local_setup.sh
[1.672s] -- Symlinking: /home/pp/Tawan-pe-/src/install/ired_aruco/share/ired_aruco/local_setup.zsh
[1.695s] -- Symlinking: /home/pp/Tawan-pe-/src/install/ired_aruco/share/ired_aruco/local_setup.dsv
[1.715s] -- Symlinking: /home/pp/Tawan-pe-/src/install/ired_aruco/share/ired_aruco/package.dsv
[1.746s] -- Symlinking: /home/pp/Tawan-pe-/src/install/ired_aruco/share/ament_index/resource_index/packages/ired_aruco
[1.772s] -- Symlinking: /home/pp/Tawan-pe-/src/install/ired_aruco/share/ired_aruco/cmake/ired_arucoConfig.cmake
[1.799s] -- Symlinking: /home/pp/Tawan-pe-/src/install/ired_aruco/share/ired_aruco/cmake/ired_arucoConfig-version.cmake
[1.822s] -- Symlinking: /home/pp/Tawan-pe-/src/install/ired_aruco/share/ired_aruco/package.xml
[1.879s] Invoked command in '/home/pp/Tawan-pe-/src/build/ired_aruco' returned '0': CMAKE_PREFIX_PATH=${CMAKE_PREFIX_PATH}:/home/pp/Tawan-pe-/install/station_pkg:/home/pp/Tawan-pe-/install/ros2_aruco:/home/pp/Tawan-pe-/install/motion_control:/home/pp/Tawan-pe-/install/ired_teleop:/home/pp/Tawan-pe-/install/ired_movetogoal:/opt/ros/jazzy DEBUGINFOD_URLS=https://debuginfod.ubuntu.com /usr/bin/cmake --install /home/pp/Tawan-pe-/src/build/ired_aruco
