[0.909s] Invoking command in '/home/pi/robot_ws/build/ros2_aruco': DEBUGINFOD_URLS=https://debuginfod.ubuntu.com PYTHONPATH=/home/pi/robot_ws/build/ros2_aruco/prefix_override:/usr/lib/python3/dist-packages/colcon_core/task/python/colcon_distutils_commands:/home/pi/robot_ws/install/ros2_aruco/lib/python3.12/site-packages:${PYTHONPATH} /usr/bin/python3 -W ignore:setup.py install is deprecated -W ignore:easy_install command is deprecated setup.py develop --editable --build-directory /home/pi/robot_ws/build/ros2_aruco/build --no-deps symlink_data --force
[1.142s] running develop
[1.266s] running egg_info
[1.279s] writing ros2_aruco.egg-info/PKG-INFO
[1.280s] writing dependency_links to ros2_aruco.egg-info/dependency_links.txt
[1.280s] writing entry points to ros2_aruco.egg-info/entry_points.txt
[1.280s] writing requirements to ros2_aruco.egg-info/requires.txt
[1.280s] writing top-level names to ros2_aruco.egg-info/top_level.txt
[1.303s] reading manifest file 'ros2_aruco.egg-info/SOURCES.txt'
[1.303s] writing manifest file 'ros2_aruco.egg-info/SOURCES.txt'
[1.316s] running build_ext
[1.316s] Creating /home/pi/robot_ws/install/ros2_aruco/lib/python3.12/site-packages/ros2-aruco.egg-link (link to .)
[1.316s] Installing aruco_generate_marker script to /home/pi/robot_ws/install/ros2_aruco/lib/ros2_aruco
[1.316s] Installing aruco_node script to /home/pi/robot_ws/install/ros2_aruco/lib/ros2_aruco
[1.317s] 
[1.317s] Installed /home/pi/robot_ws/build/ros2_aruco
[1.317s] running symlink_data
[1.317s] symbolically linking /home/pi/robot_ws/build/ros2_aruco/resource/ros2_aruco -> /home/pi/robot_ws/install/ros2_aruco/share/ament_index/resource_index/packages
[1.317s] symbolically linking /home/pi/robot_ws/build/ros2_aruco/package.xml -> /home/pi/robot_ws/install/ros2_aruco/share/ros2_aruco
[1.317s] symbolically linking /home/pi/robot_ws/build/ros2_aruco/launch/aruco_recognition.launch.py -> /home/pi/robot_ws/install/ros2_aruco/share/ros2_aruco/launch
[1.317s] symbolically linking /home/pi/robot_ws/build/ros2_aruco/config/aruco_parameters.yaml -> /home/pi/robot_ws/install/ros2_aruco/share/ros2_aruco/config
[1.383s] Invoked command in '/home/pi/robot_ws/build/ros2_aruco' returned '0': DEBUGINFOD_URLS=https://debuginfod.ubuntu.com PYTHONPATH=/home/pi/robot_ws/build/ros2_aruco/prefix_override:/usr/lib/python3/dist-packages/colcon_core/task/python/colcon_distutils_commands:/home/pi/robot_ws/install/ros2_aruco/lib/python3.12/site-packages:${PYTHONPATH} /usr/bin/python3 -W ignore:setup.py install is deprecated -W ignore:easy_install command is deprecated setup.py develop --editable --build-directory /home/pi/robot_ws/build/ros2_aruco/build --no-deps symlink_data --force
