[0.960s] Invoking command in '/home/pi/robot_ws/src/robot/ired_movetogoal': DEBUGINFOD_URLS=https://debuginfod.ubuntu.com PYTHONPATH=/home/pi/robot_ws/build/ired_movetogoal/prefix_override:/usr/lib/python3/dist-packages/colcon_core/task/python/colcon_distutils_commands:/home/pi/robot_ws/install/ired_movetogoal/lib/python3.12/site-packages:${PYTHONPATH} /usr/bin/python3 -W ignore:setup.py install is deprecated -W ignore:easy_install command is deprecated setup.py egg_info --egg-base ../../../build/ired_movetogoal build --build-base /home/pi/robot_ws/build/ired_movetogoal/build install --record /home/pi/robot_ws/build/ired_movetogoal/install.log --single-version-externally-managed install_data
[1.126s] running egg_info
[1.137s] writing ../../../build/ired_movetogoal/ired_movetogoal.egg-info/PKG-INFO
[1.137s] writing dependency_links to ../../../build/ired_movetogoal/ired_movetogoal.egg-info/dependency_links.txt
[1.137s] writing entry points to ../../../build/ired_movetogoal/ired_movetogoal.egg-info/entry_points.txt
[1.138s] writing requirements to ../../../build/ired_movetogoal/ired_movetogoal.egg-info/requires.txt
[1.138s] writing top-level names to ../../../build/ired_movetogoal/ired_movetogoal.egg-info/top_level.txt
[1.162s] reading manifest file '../../../build/ired_movetogoal/ired_movetogoal.egg-info/SOURCES.txt'
[1.162s] adding license file 'LICENSE'
[1.163s] writing manifest file '../../../build/ired_movetogoal/ired_movetogoal.egg-info/SOURCES.txt'
[1.163s] running build
[1.163s] running build_py
[1.163s] running install
[1.167s] running install_lib
[1.179s] running install_data
[1.179s] running install_egg_info
[1.193s] removing '/home/pi/robot_ws/install/ired_movetogoal/lib/python3.12/site-packages/ired_movetogoal-2.0.1-py3.12.egg-info' (and everything under it)
[1.193s] Copying ../../../build/ired_movetogoal/ired_movetogoal.egg-info to /home/pi/robot_ws/install/ired_movetogoal/lib/python3.12/site-packages/ired_movetogoal-2.0.1-py3.12.egg-info
[1.193s] running install_scripts
[1.279s] Installing movetogoal script to /home/pi/robot_ws/install/ired_movetogoal/lib/ired_movetogoal
[1.279s] writing list of installed files to '/home/pi/robot_ws/build/ired_movetogoal/install.log'
[1.317s] Invoked command in '/home/pi/robot_ws/src/robot/ired_movetogoal' returned '0': DEBUGINFOD_URLS=https://debuginfod.ubuntu.com PYTHONPATH=/home/pi/robot_ws/build/ired_movetogoal/prefix_override:/usr/lib/python3/dist-packages/colcon_core/task/python/colcon_distutils_commands:/home/pi/robot_ws/install/ired_movetogoal/lib/python3.12/site-packages:${PYTHONPATH} /usr/bin/python3 -W ignore:setup.py install is deprecated -W ignore:easy_install command is deprecated setup.py egg_info --egg-base ../../../build/ired_movetogoal build --build-base /home/pi/robot_ws/build/ired_movetogoal/build install --record /home/pi/robot_ws/build/ired_movetogoal/install.log --single-version-externally-managed install_data
