[0.505s] Invoking command in '/home/pi/robot_ws/build/ros2_aruco_interfaces': CMAKE_PREFIX_PATH=${CMAKE_PREFIX_PATH}:/home/pi/robot_ws/install/ros2_aruco:/home/pi/robot_ws/install/ired_teleop:/home/pi/robot_ws/install/ired_movetogoal:/opt/ros/jazzy DEBUGINFOD_URLS=https://debuginfod.ubuntu.com /usr/bin/cmake --build /home/pi/robot_ws/build/ros2_aruco_interfaces -- -j16 -l16
[0.588s] [  2%] Built target ros2_aruco_interfaces__rosidl_generator_type_description
[0.594s] [  2%] Built target ament_cmake_python_symlink_ros2_aruco_interfaces
[0.600s] [  8%] Built target ros2_aruco_interfaces__cpp
[0.600s] [ 20%] Built target ros2_aruco_interfaces__rosidl_generator_c
[0.658s] [ 38%] Built target ros2_aruco_interfaces__rosidl_typesupport_introspection_c
[0.658s] [ 47%] Built target ros2_aruco_interfaces__rosidl_typesupport_fastrtps_cpp
[0.661s] [ 64%] Built target ros2_aruco_interfaces__rosidl_typesupport_c
[0.661s] [ 64%] Built target ros2_aruco_interfaces__rosidl_typesupport_fastrtps_c
[0.661s] [ 38%] Built target ros2_aruco_interfaces__rosidl_typesupport_introspection_cpp
[0.663s] [ 73%] Built target ros2_aruco_interfaces__rosidl_typesupport_cpp
[0.692s] [ 73%] Built target ros2_aruco_interfaces
[0.719s] [ 76%] Built target ros2_aruco_interfaces__py
[0.744s] [ 82%] Built target ros2_aruco_interfaces__rosidl_generator_py
[0.780s] [ 88%] Built target ros2_aruco_interfaces_s__rosidl_typesupport_fastrtps_c
[0.785s] [ 94%] Built target ros2_aruco_interfaces_s__rosidl_typesupport_introspection_c
[0.786s] [100%] Built target ros2_aruco_interfaces_s__rosidl_typesupport_c
[0.798s] running egg_info
[0.811s] writing ros2_aruco_interfaces.egg-info/PKG-INFO
[0.811s] writing dependency_links to ros2_aruco_interfaces.egg-info/dependency_links.txt
[0.811s] writing top-level names to ros2_aruco_interfaces.egg-info/top_level.txt
[0.850s] reading manifest file 'ros2_aruco_interfaces.egg-info/SOURCES.txt'
[0.850s] writing manifest file 'ros2_aruco_interfaces.egg-info/SOURCES.txt'
[0.886s] [100%] Built target ament_cmake_python_build_ros2_aruco_interfaces_egg
[0.899s] Invoked command in '/home/pi/robot_ws/build/ros2_aruco_interfaces' returned '0': CMAKE_PREFIX_PATH=${CMAKE_PREFIX_PATH}:/home/pi/robot_ws/install/ros2_aruco:/home/pi/robot_ws/install/ired_teleop:/home/pi/robot_ws/install/ired_movetogoal:/opt/ros/jazzy DEBUGINFOD_URLS=https://debuginfod.ubuntu.com /usr/bin/cmake --build /home/pi/robot_ws/build/ros2_aruco_interfaces -- -j16 -l16
[0.900s] Invoking command in '/home/pi/robot_ws/build/ros2_aruco_interfaces': CMAKE_PREFIX_PATH=${CMAKE_PREFIX_PATH}:/home/pi/robot_ws/install/ros2_aruco:/home/pi/robot_ws/install/ired_teleop:/home/pi/robot_ws/install/ired_movetogoal:/opt/ros/jazzy DEBUGINFOD_URLS=https://debuginfod.ubuntu.com /usr/bin/cmake --install /home/pi/robot_ws/build/ros2_aruco_interfaces
[0.908s] -- Install configuration: ""
[0.909s] -- Execute custom install script
[0.909s] -- Up-to-date symlink: /home/pi/robot_ws/install/ros2_aruco_interfaces/share/ament_index/resource_index/rosidl_interfaces/ros2_aruco_interfaces
[0.909s] -- Up-to-date symlink: /home/pi/robot_ws/install/ros2_aruco_interfaces/share/ros2_aruco_interfaces/msg/ArucoMarkers.json
[0.909s] -- Up-to-date symlink: /home/pi/robot_ws/install/ros2_aruco_interfaces/include/ros2_aruco_interfaces/ros2_aruco_interfaces/msg/aruco_markers.h
[0.909s] -- Up-to-date symlink: /home/pi/robot_ws/install/ros2_aruco_interfaces/include/ros2_aruco_interfaces/ros2_aruco_interfaces/msg/detail/aruco_markers__functions.h
[0.909s] -- Up-to-date symlink: /home/pi/robot_ws/install/ros2_aruco_interfaces/include/ros2_aruco_interfaces/ros2_aruco_interfaces/msg/detail/aruco_markers__struct.h
[0.910s] -- Up-to-date symlink: /home/pi/robot_ws/install/ros2_aruco_interfaces/include/ros2_aruco_interfaces/ros2_aruco_interfaces/msg/detail/aruco_markers__type_support.h
[0.910s] -- Up-to-date symlink: /home/pi/robot_ws/install/ros2_aruco_interfaces/include/ros2_aruco_interfaces/ros2_aruco_interfaces/msg/rosidl_generator_c__visibility_control.h
[0.910s] -- Up-to-date symlink: /home/pi/robot_ws/install/ros2_aruco_interfaces/share/ros2_aruco_interfaces/environment/library_path.sh
[0.910s] -- Up-to-date symlink: /home/pi/robot_ws/install/ros2_aruco_interfaces/share/ros2_aruco_interfaces/environment/library_path.dsv
[0.910s] -- Up-to-date symlink: /home/pi/robot_ws/install/ros2_aruco_interfaces/include/ros2_aruco_interfaces/ros2_aruco_interfaces/msg/detail/aruco_markers__rosidl_typesupport_fastrtps_c.h
[0.910s] -- Up-to-date symlink: /home/pi/robot_ws/install/ros2_aruco_interfaces/include/ros2_aruco_interfaces/ros2_aruco_interfaces/msg/rosidl_typesupport_fastrtps_c__visibility_control.h
[0.910s] -- Up-to-date symlink: /home/pi/robot_ws/install/ros2_aruco_interfaces/include/ros2_aruco_interfaces/ros2_aruco_interfaces/msg/aruco_markers.hpp
[0.910s] -- Up-to-date symlink: /home/pi/robot_ws/install/ros2_aruco_interfaces/include/ros2_aruco_interfaces/ros2_aruco_interfaces/msg/detail/aruco_markers__builder.hpp
[0.911s] -- Up-to-date symlink: /home/pi/robot_ws/install/ros2_aruco_interfaces/include/ros2_aruco_interfaces/ros2_aruco_interfaces/msg/detail/aruco_markers__struct.hpp
[0.911s] -- Up-to-date symlink: /home/pi/robot_ws/install/ros2_aruco_interfaces/include/ros2_aruco_interfaces/ros2_aruco_interfaces/msg/detail/aruco_markers__traits.hpp
[0.911s] -- Up-to-date symlink: /home/pi/robot_ws/install/ros2_aruco_interfaces/include/ros2_aruco_interfaces/ros2_aruco_interfaces/msg/detail/aruco_markers__type_support.hpp
[0.911s] -- Up-to-date symlink: /home/pi/robot_ws/install/ros2_aruco_interfaces/include/ros2_aruco_interfaces/ros2_aruco_interfaces/msg/rosidl_generator_cpp__visibility_control.hpp
[0.911s] -- Up-to-date symlink: /home/pi/robot_ws/install/ros2_aruco_interfaces/include/ros2_aruco_interfaces/ros2_aruco_interfaces/msg/detail/aruco_markers__rosidl_typesupport_fastrtps_cpp.hpp
[0.911s] -- Up-to-date symlink: /home/pi/robot_ws/install/ros2_aruco_interfaces/include/ros2_aruco_interfaces/ros2_aruco_interfaces/msg/rosidl_typesupport_fastrtps_cpp__visibility_control.h
[0.911s] -- Up-to-date symlink: /home/pi/robot_ws/install/ros2_aruco_interfaces/include/ros2_aruco_interfaces/ros2_aruco_interfaces/msg/detail/aruco_markers__rosidl_typesupport_introspection_c.h
[0.912s] -- Up-to-date symlink: /home/pi/robot_ws/install/ros2_aruco_interfaces/include/ros2_aruco_interfaces/ros2_aruco_interfaces/msg/rosidl_typesupport_introspection_c__visibility_control.h
[0.912s] -- Up-to-date symlink: /home/pi/robot_ws/install/ros2_aruco_interfaces/include/ros2_aruco_interfaces/ros2_aruco_interfaces/msg/detail/aruco_markers__rosidl_typesupport_introspection_cpp.hpp
[0.912s] -- Up-to-date symlink: /home/pi/robot_ws/install/ros2_aruco_interfaces/share/ros2_aruco_interfaces/environment/pythonpath.sh
[0.912s] -- Up-to-date symlink: /home/pi/robot_ws/install/ros2_aruco_interfaces/share/ros2_aruco_interfaces/environment/pythonpath.dsv
[0.912s] -- Up-to-date symlink: /home/pi/robot_ws/install/ros2_aruco_interfaces/lib/python3.12/site-packages/ros2_aruco_interfaces-0.1.0-py3.12.egg-info/PKG-INFO
[0.913s] -- Up-to-date symlink: /home/pi/robot_ws/install/ros2_aruco_interfaces/lib/python3.12/site-packages/ros2_aruco_interfaces-0.1.0-py3.12.egg-info/SOURCES.txt
[0.913s] -- Up-to-date symlink: /home/pi/robot_ws/install/ros2_aruco_interfaces/lib/python3.12/site-packages/ros2_aruco_interfaces-0.1.0-py3.12.egg-info/dependency_links.txt
[0.913s] -- Up-to-date symlink: /home/pi/robot_ws/install/ros2_aruco_interfaces/lib/python3.12/site-packages/ros2_aruco_interfaces-0.1.0-py3.12.egg-info/top_level.txt
[0.913s] -- Up-to-date symlink: /home/pi/robot_ws/install/ros2_aruco_interfaces/lib/python3.12/site-packages/ros2_aruco_interfaces/__init__.py
[0.913s] -- Up-to-date symlink: /home/pi/robot_ws/install/ros2_aruco_interfaces/lib/python3.12/site-packages/ros2_aruco_interfaces/_ros2_aruco_interfaces_s.ep.rosidl_typesupport_c.c
[0.914s] -- Up-to-date symlink: /home/pi/robot_ws/install/ros2_aruco_interfaces/lib/python3.12/site-packages/ros2_aruco_interfaces/_ros2_aruco_interfaces_s.ep.rosidl_typesupport_fastrtps_c.c
[0.914s] -- Up-to-date symlink: /home/pi/robot_ws/install/ros2_aruco_interfaces/lib/python3.12/site-packages/ros2_aruco_interfaces/_ros2_aruco_interfaces_s.ep.rosidl_typesupport_introspection_c.c
[0.914s] -- Up-to-date symlink: /home/pi/robot_ws/install/ros2_aruco_interfaces/lib/python3.12/site-packages/ros2_aruco_interfaces/msg/__init__.py
[0.914s] -- Up-to-date symlink: /home/pi/robot_ws/install/ros2_aruco_interfaces/lib/python3.12/site-packages/ros2_aruco_interfaces/msg/_aruco_markers.py
[0.914s] -- Up-to-date symlink: /home/pi/robot_ws/install/ros2_aruco_interfaces/lib/python3.12/site-packages/ros2_aruco_interfaces/msg/_aruco_markers_s.c
[0.914s] -- Up-to-date symlink: /home/pi/robot_ws/install/ros2_aruco_interfaces/lib/python3.12/site-packages/ros2_aruco_interfaces/ros2_aruco_interfaces_s__rosidl_typesupport_c.so
[0.914s] -- Up-to-date symlink: /home/pi/robot_ws/install/ros2_aruco_interfaces/lib/python3.12/site-packages/ros2_aruco_interfaces/ros2_aruco_interfaces_s__rosidl_typesupport_fastrtps_c.so
[0.914s] -- Up-to-date symlink: /home/pi/robot_ws/install/ros2_aruco_interfaces/lib/python3.12/site-packages/ros2_aruco_interfaces/ros2_aruco_interfaces_s__rosidl_typesupport_introspection_c.so
[0.914s] -- Up-to-date symlink: /home/pi/robot_ws/install/ros2_aruco_interfaces/lib/python3.12/site-packages/ros2_aruco_interfaces/ros2_aruco_interfaces_s__rosidl_typesupport_fastrtps_c.so
[0.915s] -- Up-to-date symlink: /home/pi/robot_ws/install/ros2_aruco_interfaces/lib/python3.12/site-packages/ros2_aruco_interfaces/ros2_aruco_interfaces_s__rosidl_typesupport_introspection_c.so
[0.915s] -- Up-to-date symlink: /home/pi/robot_ws/install/ros2_aruco_interfaces/lib/python3.12/site-packages/ros2_aruco_interfaces/ros2_aruco_interfaces_s__rosidl_typesupport_c.so
[0.915s] -- Up-to-date symlink: /home/pi/robot_ws/install/ros2_aruco_interfaces/share/ros2_aruco_interfaces/msg/ArucoMarkers.idl
[0.915s] -- Up-to-date symlink: /home/pi/robot_ws/install/ros2_aruco_interfaces/share/ros2_aruco_interfaces/msg/ArucoMarkers.msg
[0.915s] -- Up-to-date symlink: /home/pi/robot_ws/install/ros2_aruco_interfaces/share/ament_index/resource_index/package_run_dependencies/ros2_aruco_interfaces
[0.915s] -- Up-to-date symlink: /home/pi/robot_ws/install/ros2_aruco_interfaces/share/ament_index/resource_index/parent_prefix_path/ros2_aruco_interfaces
[0.915s] -- Up-to-date symlink: /home/pi/robot_ws/install/ros2_aruco_interfaces/share/ros2_aruco_interfaces/environment/ament_prefix_path.sh
[0.916s] -- Up-to-date symlink: /home/pi/robot_ws/install/ros2_aruco_interfaces/share/ros2_aruco_interfaces/environment/ament_prefix_path.dsv
[0.916s] -- Up-to-date symlink: /home/pi/robot_ws/install/ros2_aruco_interfaces/share/ros2_aruco_interfaces/environment/path.sh
[0.916s] -- Up-to-date symlink: /home/pi/robot_ws/install/ros2_aruco_interfaces/share/ros2_aruco_interfaces/environment/path.dsv
[0.916s] -- Up-to-date symlink: /home/pi/robot_ws/install/ros2_aruco_interfaces/share/ros2_aruco_interfaces/local_setup.bash
[0.916s] -- Up-to-date symlink: /home/pi/robot_ws/install/ros2_aruco_interfaces/share/ros2_aruco_interfaces/local_setup.sh
[0.916s] -- Up-to-date symlink: /home/pi/robot_ws/install/ros2_aruco_interfaces/share/ros2_aruco_interfaces/local_setup.zsh
[0.916s] -- Up-to-date symlink: /home/pi/robot_ws/install/ros2_aruco_interfaces/share/ros2_aruco_interfaces/local_setup.dsv
[0.916s] -- Symlinking: /home/pi/robot_ws/install/ros2_aruco_interfaces/share/ros2_aruco_interfaces/package.dsv
[0.925s] -- Up-to-date symlink: /home/pi/robot_ws/install/ros2_aruco_interfaces/share/ament_index/resource_index/packages/ros2_aruco_interfaces
[0.926s] -- Up-to-date symlink: /home/pi/robot_ws/install/ros2_aruco_interfaces/share/ros2_aruco_interfaces/cmake/rosidl_cmake-extras.cmake
[0.926s] -- Up-to-date symlink: /home/pi/robot_ws/install/ros2_aruco_interfaces/share/ros2_aruco_interfaces/cmake/ament_cmake_export_dependencies-extras.cmake
[0.926s] -- Up-to-date symlink: /home/pi/robot_ws/install/ros2_aruco_interfaces/share/ros2_aruco_interfaces/cmake/ament_cmake_export_include_directories-extras.cmake
[0.926s] -- Up-to-date symlink: /home/pi/robot_ws/install/ros2_aruco_interfaces/share/ros2_aruco_interfaces/cmake/ament_cmake_export_libraries-extras.cmake
[0.926s] -- Up-to-date symlink: /home/pi/robot_ws/install/ros2_aruco_interfaces/share/ros2_aruco_interfaces/cmake/ament_cmake_export_targets-extras.cmake
[0.926s] -- Up-to-date symlink: /home/pi/robot_ws/install/ros2_aruco_interfaces/share/ros2_aruco_interfaces/cmake/rosidl_cmake_export_typesupport_targets-extras.cmake
[0.927s] -- Up-to-date symlink: /home/pi/robot_ws/install/ros2_aruco_interfaces/share/ros2_aruco_interfaces/cmake/rosidl_cmake_export_typesupport_libraries-extras.cmake
[0.927s] -- Up-to-date symlink: /home/pi/robot_ws/install/ros2_aruco_interfaces/share/ros2_aruco_interfaces/cmake/ros2_aruco_interfacesConfig.cmake
[0.927s] -- Up-to-date symlink: /home/pi/robot_ws/install/ros2_aruco_interfaces/share/ros2_aruco_interfaces/cmake/ros2_aruco_interfacesConfig-version.cmake
[0.927s] -- Up-to-date symlink: /home/pi/robot_ws/install/ros2_aruco_interfaces/share/ros2_aruco_interfaces/package.xml
[0.927s] -- Up-to-date: /home/pi/robot_ws/install/ros2_aruco_interfaces/lib/libros2_aruco_interfaces__rosidl_generator_c.so
[0.928s] -- Up-to-date: /home/pi/robot_ws/install/ros2_aruco_interfaces/lib/libros2_aruco_interfaces__rosidl_typesupport_fastrtps_c.so
[0.928s] -- Up-to-date: /home/pi/robot_ws/install/ros2_aruco_interfaces/lib/libros2_aruco_interfaces__rosidl_typesupport_fastrtps_cpp.so
[0.929s] -- Up-to-date: /home/pi/robot_ws/install/ros2_aruco_interfaces/lib/libros2_aruco_interfaces__rosidl_typesupport_introspection_c.so
[0.929s] -- Up-to-date: /home/pi/robot_ws/install/ros2_aruco_interfaces/lib/libros2_aruco_interfaces__rosidl_typesupport_c.so
[0.929s] -- Up-to-date: /home/pi/robot_ws/install/ros2_aruco_interfaces/lib/libros2_aruco_interfaces__rosidl_typesupport_introspection_cpp.so
[0.930s] -- Up-to-date: /home/pi/robot_ws/install/ros2_aruco_interfaces/lib/libros2_aruco_interfaces__rosidl_typesupport_cpp.so
[0.961s] Listing '/home/pi/robot_ws/install/ros2_aruco_interfaces/lib/python3.12/site-packages/ros2_aruco_interfaces'...
[0.961s] Listing '/home/pi/robot_ws/install/ros2_aruco_interfaces/lib/python3.12/site-packages/ros2_aruco_interfaces/msg'...
[0.967s] -- Up-to-date: /home/pi/robot_ws/install/ros2_aruco_interfaces/lib/libros2_aruco_interfaces__rosidl_generator_py.so
[0.967s] -- Up-to-date: /home/pi/robot_ws/install/ros2_aruco_interfaces/share/ros2_aruco_interfaces/cmake/export_ros2_aruco_interfaces__rosidl_generator_cExport.cmake
[0.967s] -- Up-to-date: /home/pi/robot_ws/install/ros2_aruco_interfaces/share/ros2_aruco_interfaces/cmake/export_ros2_aruco_interfaces__rosidl_generator_cExport-noconfig.cmake
[0.967s] -- Up-to-date: /home/pi/robot_ws/install/ros2_aruco_interfaces/share/ros2_aruco_interfaces/cmake/export_ros2_aruco_interfaces__rosidl_typesupport_fastrtps_cExport.cmake
[0.967s] -- Up-to-date: /home/pi/robot_ws/install/ros2_aruco_interfaces/share/ros2_aruco_interfaces/cmake/export_ros2_aruco_interfaces__rosidl_typesupport_fastrtps_cExport-noconfig.cmake
[0.967s] -- Up-to-date: /home/pi/robot_ws/install/ros2_aruco_interfaces/share/ros2_aruco_interfaces/cmake/export_ros2_aruco_interfaces__rosidl_generator_cppExport.cmake
[0.967s] -- Up-to-date: /home/pi/robot_ws/install/ros2_aruco_interfaces/share/ros2_aruco_interfaces/cmake/export_ros2_aruco_interfaces__rosidl_typesupport_fastrtps_cppExport.cmake
[0.967s] -- Up-to-date: /home/pi/robot_ws/install/ros2_aruco_interfaces/share/ros2_aruco_interfaces/cmake/export_ros2_aruco_interfaces__rosidl_typesupport_fastrtps_cppExport-noconfig.cmake
[0.967s] -- Up-to-date: /home/pi/robot_ws/install/ros2_aruco_interfaces/share/ros2_aruco_interfaces/cmake/ros2_aruco_interfaces__rosidl_typesupport_introspection_cExport.cmake
[0.967s] -- Up-to-date: /home/pi/robot_ws/install/ros2_aruco_interfaces/share/ros2_aruco_interfaces/cmake/ros2_aruco_interfaces__rosidl_typesupport_introspection_cExport-noconfig.cmake
[0.967s] -- Up-to-date: /home/pi/robot_ws/install/ros2_aruco_interfaces/share/ros2_aruco_interfaces/cmake/ros2_aruco_interfaces__rosidl_typesupport_cExport.cmake
[0.967s] -- Up-to-date: /home/pi/robot_ws/install/ros2_aruco_interfaces/share/ros2_aruco_interfaces/cmake/ros2_aruco_interfaces__rosidl_typesupport_cExport-noconfig.cmake
[0.968s] -- Up-to-date: /home/pi/robot_ws/install/ros2_aruco_interfaces/share/ros2_aruco_interfaces/cmake/ros2_aruco_interfaces__rosidl_typesupport_introspection_cppExport.cmake
[0.968s] -- Up-to-date: /home/pi/robot_ws/install/ros2_aruco_interfaces/share/ros2_aruco_interfaces/cmake/ros2_aruco_interfaces__rosidl_typesupport_introspection_cppExport-noconfig.cmake
[0.968s] -- Up-to-date: /home/pi/robot_ws/install/ros2_aruco_interfaces/share/ros2_aruco_interfaces/cmake/ros2_aruco_interfaces__rosidl_typesupport_cppExport.cmake
[0.968s] -- Up-to-date: /home/pi/robot_ws/install/ros2_aruco_interfaces/share/ros2_aruco_interfaces/cmake/ros2_aruco_interfaces__rosidl_typesupport_cppExport-noconfig.cmake
[0.968s] -- Up-to-date: /home/pi/robot_ws/install/ros2_aruco_interfaces/share/ros2_aruco_interfaces/cmake/export_ros2_aruco_interfaces__rosidl_generator_pyExport.cmake
[0.968s] -- Up-to-date: /home/pi/robot_ws/install/ros2_aruco_interfaces/share/ros2_aruco_interfaces/cmake/export_ros2_aruco_interfaces__rosidl_generator_pyExport-noconfig.cmake
[0.970s] Invoked command in '/home/pi/robot_ws/build/ros2_aruco_interfaces' returned '0': CMAKE_PREFIX_PATH=${CMAKE_PREFIX_PATH}:/home/pi/robot_ws/install/ros2_aruco:/home/pi/robot_ws/install/ired_teleop:/home/pi/robot_ws/install/ired_movetogoal:/opt/ros/jazzy DEBUGINFOD_URLS=https://debuginfod.ubuntu.com /usr/bin/cmake --install /home/pi/robot_ws/build/ros2_aruco_interfaces
