[1.300s] Invoking command in '/home/pp/Tawan-pe-/src/station_pkg': DEBUGINFOD_URLS=https://debuginfod.ubuntu.com PYTHONPATH=/home/pp/Tawan-pe-/build/station_pkg/prefix_override:/usr/lib/python3/dist-packages/colcon_core/task/python/colcon_distutils_commands:/home/pp/Tawan-pe-/install/station_pkg/lib/python3.12/site-packages:${PYTHONPATH} /usr/bin/python3 -W ignore:setup.py install is deprecated -W ignore:easy_install command is deprecated setup.py egg_info --egg-base ../../build/station_pkg build --build-base /home/pp/Tawan-pe-/build/station_pkg/build install --record /home/pp/Tawan-pe-/build/station_pkg/install.log --single-version-externally-managed install_data
[1.563s] running egg_info
[1.581s] writing ../../build/station_pkg/station_pkg.egg-info/PKG-INFO
[1.581s] writing dependency_links to ../../build/station_pkg/station_pkg.egg-info/dependency_links.txt
[1.582s] writing entry points to ../../build/station_pkg/station_pkg.egg-info/entry_points.txt
[1.582s] writing requirements to ../../build/station_pkg/station_pkg.egg-info/requires.txt
[1.582s] writing top-level names to ../../build/station_pkg/station_pkg.egg-info/top_level.txt
[1.620s] reading manifest file '../../build/station_pkg/station_pkg.egg-info/SOURCES.txt'
[1.621s] writing manifest file '../../build/station_pkg/station_pkg.egg-info/SOURCES.txt'
[1.621s] running build
[1.621s] running build_py
[1.622s] running install
[1.627s] running install_lib
[1.644s] running install_data
[1.644s] running install_egg_info
[1.666s] removing '/home/pp/Tawan-pe-/install/station_pkg/lib/python3.12/site-packages/station_pkg-0.0.0-py3.12.egg-info' (and everything under it)
[1.666s] Copying ../../build/station_pkg/station_pkg.egg-info to /home/pp/Tawan-pe-/install/station_pkg/lib/python3.12/site-packages/station_pkg-0.0.0-py3.12.egg-info
[1.667s] running install_scripts
[1.790s] Installing station_detector script to /home/pp/Tawan-pe-/install/station_pkg/lib/station_pkg
[1.790s] writing list of installed files to '/home/pp/Tawan-pe-/build/station_pkg/install.log'
[1.824s] Invoked command in '/home/pp/Tawan-pe-/src/station_pkg' returned '0': DEBUGINFOD_URLS=https://debuginfod.ubuntu.com PYTHONPATH=/home/pp/Tawan-pe-/build/station_pkg/prefix_override:/usr/lib/python3/dist-packages/colcon_core/task/python/colcon_distutils_commands:/home/pp/Tawan-pe-/install/station_pkg/lib/python3.12/site-packages:${PYTHONPATH} /usr/bin/python3 -W ignore:setup.py install is deprecated -W ignore:easy_install command is deprecated setup.py egg_info --egg-base ../../build/station_pkg build --build-base /home/pp/Tawan-pe-/build/station_pkg/build install --record /home/pp/Tawan-pe-/build/station_pkg/install.log --single-version-externally-managed install_data
