[0.018s] Invoking command in '/home/pi/robot_ws/build/ired_msgs': CMAKE_PREFIX_PATH=${CMAKE_PREFIX_PATH}:/opt/ros/jazzy DEBUGINFOD_URLS=https://debuginfod.ubuntu.com /usr/bin/cmake /home/pi/robot_ws/src/robot/ired_msgs -DAMENT_CMAKE_SYMLINK_INSTALL=1 -DCMAKE_INSTALL_PREFIX=/home/pi/robot_ws/install/ired_msgs
[0.278s] -- The C compiler identification is GNU 13.3.0
[0.278s] -- The CXX compiler identification is GNU 13.3.0
[0.278s] -- Detecting C compiler ABI info
[0.278s] -- Detecting C compiler ABI info - done
[0.279s] -- Check for working C compiler: /usr/bin/cc - skipped
[0.279s] -- Detecting C compile features
[0.279s] -- Detecting C compile features - done
[0.279s] -- Detecting CXX compiler ABI info
[0.299s] -- Detecting CXX compiler ABI info - done
[0.307s] -- Check for working CXX compiler: /usr/bin/c++ - skipped
[0.307s] -- Detecting CXX compile features
[0.307s] -- Detecting CXX compile features - done
[0.311s] -- Found ament_cmake: 2.5.4 (/opt/ros/jazzy/share/ament_cmake/cmake)
[0.430s] -- Found Python3: /usr/bin/python3 (found version "3.12.3") found components: Interpreter 
[0.485s] -- Override CMake install command with custom implementation using symlinks instead of copying resources
[0.529s] -- Found std_msgs: 5.3.6 (/opt/ros/jazzy/share/std_msgs/cmake)
[0.570s] -- Found rosidl_generator_c: 4.6.6 (/opt/ros/jazzy/share/rosidl_generator_c/cmake)
[0.583s] -- Found rosidl_generator_cpp: 4.6.6 (/opt/ros/jazzy/share/rosidl_generator_cpp/cmake)
[0.598s] -- Using all available rosidl_typesupport_c: rosidl_typesupport_fastrtps_c;rosidl_typesupport_introspection_c
[0.618s] -- Using all available rosidl_typesupport_cpp: rosidl_typesupport_fastrtps_cpp;rosidl_typesupport_introspection_cpp
[0.647s] -- Found rosidl_default_generators: 1.6.0 (/opt/ros/jazzy/share/rosidl_default_generators/cmake)
[0.662s] -- Found rosidl_adapter: 4.6.6 (/opt/ros/jazzy/share/rosidl_adapter/cmake)
[1.122s] -- Found ament_cmake_ros: 0.12.0 (/opt/ros/jazzy/share/ament_cmake_ros/cmake)
[1.975s] -- Using all available rosidl_typesupport_c: rosidl_typesupport_fastrtps_c;rosidl_typesupport_introspection_c
[2.477s] -- Using all available rosidl_typesupport_cpp: rosidl_typesupport_fastrtps_cpp;rosidl_typesupport_introspection_cpp
[2.483s] -- Found python_cmake_module: 0.11.1 (/opt/ros/jazzy/share/python_cmake_module/cmake)
[2.686s] -- Found PythonExtra: /usr/bin/python3  
[3.099s] -- Found Python3: /usr/bin/python3 (found version "3.12.3") found components: Interpreter Development NumPy Development.Module Development.Embed 
[3.138s] -- Found ament_lint_auto: 0.17.3 (/opt/ros/jazzy/share/ament_lint_auto/cmake)
[3.167s] -- Added test 'lint_cmake' to check CMake code style
[3.170s] -- Added test 'xmllint' to check XML markup files
[3.173s] -- Configuring done (3.1s)
[3.206s] -- Generating done (0.0s)
[3.215s] -- Build files have been written to: /home/pi/robot_ws/build/ired_msgs
[3.225s] Invoked command in '/home/pi/robot_ws/build/ired_msgs' returned '0': CMAKE_PREFIX_PATH=${CMAKE_PREFIX_PATH}:/opt/ros/jazzy DEBUGINFOD_URLS=https://debuginfod.ubuntu.com /usr/bin/cmake /home/pi/robot_ws/src/robot/ired_msgs -DAMENT_CMAKE_SYMLINK_INSTALL=1 -DCMAKE_INSTALL_PREFIX=/home/pi/robot_ws/install/ired_msgs
[3.226s] Invoking command in '/home/pi/robot_ws/build/ired_msgs': CMAKE_PREFIX_PATH=${CMAKE_PREFIX_PATH}:/opt/ros/jazzy DEBUGINFOD_URLS=https://debuginfod.ubuntu.com /usr/bin/cmake --build /home/pi/robot_ws/build/ired_msgs -- -j16 -l16
[3.277s] [  1%] [34m[1mGenerating type hashes for ROS interfaces[0m
[3.287s] [  1%] Built target ament_cmake_python_symlink_ired_msgs
[3.437s] running egg_info
[3.437s] creating ired_msgs.egg-info
[3.450s] writing ired_msgs.egg-info/PKG-INFO
[3.450s] writing dependency_links to ired_msgs.egg-info/dependency_links.txt
[3.450s] writing top-level names to ired_msgs.egg-info/top_level.txt
[3.450s] writing manifest file 'ired_msgs.egg-info/SOURCES.txt'
[3.456s] [  1%] Built target ired_msgs__rosidl_generator_type_description
[3.467s] [  2%] [34m[1mGenerating C code for ROS interfaces[0m
[3.477s] [  4%] [34m[1mGenerating C++ code for ROS interfaces[0m
[3.485s] reading manifest file 'ired_msgs.egg-info/SOURCES.txt'
[3.485s] writing manifest file 'ired_msgs.egg-info/SOURCES.txt'
[3.518s] [  4%] Built target ament_cmake_python_build_ired_msgs_egg
[3.781s] [  4%] Built target ired_msgs__cpp
[3.841s] [ 12%] [32mBuilding C object CMakeFiles/ired_msgs__rosidl_generator_c.dir/rosidl_generator_c/ired_msgs/msg/detail/imu_data__type_support.c.o[0m
[3.841s] [ 12%] [32mBuilding C object CMakeFiles/ired_msgs__rosidl_generator_c.dir/rosidl_generator_c/ired_msgs/msg/detail/motor_data__functions.c.o[0m
[3.841s] [ 12%] [32mBuilding C object CMakeFiles/ired_msgs__rosidl_generator_c.dir/rosidl_generator_c/ired_msgs/msg/detail/imu_data__description.c.o[0m
[3.841s] [ 12%] [32mBuilding C object CMakeFiles/ired_msgs__rosidl_generator_c.dir/rosidl_generator_c/ired_msgs/msg/detail/motor_control__type_support.c.o[0m
[3.841s] [ 12%] [32mBuilding C object CMakeFiles/ired_msgs__rosidl_generator_c.dir/rosidl_generator_c/ired_msgs/msg/detail/motor_speed__description.c.o[0m
[3.841s] [ 12%] [32mBuilding C object CMakeFiles/ired_msgs__rosidl_generator_c.dir/rosidl_generator_c/ired_msgs/msg/detail/imu_data__functions.c.o[0m
[3.842s] [ 14%] [32mBuilding C object CMakeFiles/ired_msgs__rosidl_generator_c.dir/rosidl_generator_c/ired_msgs/msg/detail/motor_data__description.c.o[0m
[3.842s] [ 16%] [32mBuilding C object CMakeFiles/ired_msgs__rosidl_generator_c.dir/rosidl_generator_c/ired_msgs/msg/detail/motor_data__type_support.c.o[0m
[3.843s] [ 16%] [32mBuilding C object CMakeFiles/ired_msgs__rosidl_generator_c.dir/rosidl_generator_c/ired_msgs/msg/detail/motor_speed__functions.c.o[0m
[3.844s] [ 17%] [32mBuilding C object CMakeFiles/ired_msgs__rosidl_generator_c.dir/rosidl_generator_c/ired_msgs/msg/detail/motor_control__description.c.o[0m
[3.846s] [ 18%] [32mBuilding C object CMakeFiles/ired_msgs__rosidl_generator_c.dir/rosidl_generator_c/ired_msgs/msg/detail/motor_control__functions.c.o[0m
[3.846s] [ 21%] [32mBuilding C object CMakeFiles/ired_msgs__rosidl_generator_c.dir/rosidl_generator_c/ired_msgs/srv/detail/pid_tuning__functions.c.o[0m
[3.846s] [ 21%] [32mBuilding C object CMakeFiles/ired_msgs__rosidl_generator_c.dir/rosidl_generator_c/ired_msgs/msg/detail/motor_speed__type_support.c.o[0m
[3.846s] [ 22%] [32mBuilding C object CMakeFiles/ired_msgs__rosidl_generator_c.dir/rosidl_generator_c/ired_msgs/srv/detail/pid_tuning__description.c.o[0m
[3.850s] [ 24%] [32mBuilding C object CMakeFiles/ired_msgs__rosidl_generator_c.dir/rosidl_generator_c/ired_msgs/srv/detail/pid_tuning__type_support.c.o[0m
[3.914s] [ 25%] [32m[1mLinking C shared library libired_msgs__rosidl_generator_c.so[0m
[3.951s] [ 25%] Built target ired_msgs__rosidl_generator_c
[3.961s] [ 32%] [34m[1mGenerating C++ introspection for ROS interfaces[0m
[3.961s] [ 32%] [34m[1mGenerating C++ type support dispatch for ROS interfaces[0m
[3.961s] [ 32%] [34m[1mGenerating C type support dispatch for ROS interfaces[0m
[3.961s] [ 32%] [34m[1mGenerating C introspection for ROS interfaces[0m
[3.961s] [ 32%] [34m[1mGenerating C++ type support for eProsima Fast-RTPS[0m
[3.962s] [ 33%] [34m[1mGenerating C type support for eProsima Fast-RTPS[0m
[4.194s] [ 40%] [32mBuilding CXX object CMakeFiles/ired_msgs__rosidl_typesupport_c.dir/rosidl_typesupport_c/ired_msgs/msg/motor_control__type_support.cpp.o[0m
[4.195s] [ 40%] [32mBuilding CXX object CMakeFiles/ired_msgs__rosidl_typesupport_c.dir/rosidl_typesupport_c/ired_msgs/msg/motor_data__type_support.cpp.o[0m
[4.195s] [ 40%] [32mBuilding CXX object CMakeFiles/ired_msgs__rosidl_typesupport_c.dir/rosidl_typesupport_c/ired_msgs/srv/pid_tuning__type_support.cpp.o[0m
[4.195s] [ 40%] [32mBuilding CXX object CMakeFiles/ired_msgs__rosidl_typesupport_c.dir/rosidl_typesupport_c/ired_msgs/msg/motor_speed__type_support.cpp.o[0m
[4.195s] [ 40%] [32mBuilding CXX object CMakeFiles/ired_msgs__rosidl_typesupport_c.dir/rosidl_typesupport_c/ired_msgs/msg/imu_data__type_support.cpp.o[0m
[4.252s] [ 41%] [32mBuilding CXX object CMakeFiles/ired_msgs__rosidl_typesupport_introspection_cpp.dir/rosidl_typesupport_introspection_cpp/ired_msgs/msg/detail/imu_data__type_support.cpp.o[0m
[4.253s] [ 43%] [32m[1mLinking CXX shared library libired_msgs__rosidl_typesupport_c.so[0m
[4.254s] [ 47%] [32mBuilding CXX object CMakeFiles/ired_msgs__rosidl_typesupport_introspection_cpp.dir/rosidl_typesupport_introspection_cpp/ired_msgs/srv/detail/pid_tuning__type_support.cpp.o[0m
[4.254s] [ 47%] [32mBuilding CXX object CMakeFiles/ired_msgs__rosidl_typesupport_introspection_cpp.dir/rosidl_typesupport_introspection_cpp/ired_msgs/msg/detail/motor_data__type_support.cpp.o[0m
[4.254s] [ 47%] [32mBuilding CXX object CMakeFiles/ired_msgs__rosidl_typesupport_introspection_cpp.dir/rosidl_typesupport_introspection_cpp/ired_msgs/msg/detail/motor_control__type_support.cpp.o[0m
[4.254s] [ 48%] [32mBuilding CXX object CMakeFiles/ired_msgs__rosidl_typesupport_introspection_cpp.dir/rosidl_typesupport_introspection_cpp/ired_msgs/msg/detail/motor_speed__type_support.cpp.o[0m
[4.267s] [ 52%] [32mBuilding C object CMakeFiles/ired_msgs__rosidl_typesupport_introspection_c.dir/rosidl_typesupport_introspection_c/ired_msgs/msg/detail/motor_data__type_support.c.o[0m
[4.267s] [ 52%] [32mBuilding C object CMakeFiles/ired_msgs__rosidl_typesupport_introspection_c.dir/rosidl_typesupport_introspection_c/ired_msgs/msg/detail/imu_data__type_support.c.o[0m
[4.267s] [ 52%] [32mBuilding C object CMakeFiles/ired_msgs__rosidl_typesupport_introspection_c.dir/rosidl_typesupport_introspection_c/ired_msgs/msg/detail/motor_speed__type_support.c.o[0m
[4.269s] [ 54%] [32mBuilding C object CMakeFiles/ired_msgs__rosidl_typesupport_introspection_c.dir/rosidl_typesupport_introspection_c/ired_msgs/msg/detail/motor_control__type_support.c.o[0m
[4.272s] [ 55%] [32mBuilding C object CMakeFiles/ired_msgs__rosidl_typesupport_introspection_c.dir/rosidl_typesupport_introspection_c/ired_msgs/srv/detail/pid_tuning__type_support.c.o[0m
[4.331s] [ 56%] [32m[1mLinking C shared library libired_msgs__rosidl_typesupport_introspection_c.so[0m
[4.339s] [ 56%] Built target ired_msgs__rosidl_typesupport_c
[4.355s] [ 58%] [32mBuilding CXX object CMakeFiles/ired_msgs__rosidl_typesupport_cpp.dir/rosidl_typesupport_cpp/ired_msgs/msg/imu_data__type_support.cpp.o[0m
[4.361s] [ 59%] [32mBuilding CXX object CMakeFiles/ired_msgs__rosidl_typesupport_cpp.dir/rosidl_typesupport_cpp/ired_msgs/msg/motor_data__type_support.cpp.o[0m
[4.361s] [ 60%] [32mBuilding CXX object CMakeFiles/ired_msgs__rosidl_typesupport_cpp.dir/rosidl_typesupport_cpp/ired_msgs/msg/motor_speed__type_support.cpp.o[0m
[4.361s] [ 62%] [32mBuilding CXX object CMakeFiles/ired_msgs__rosidl_typesupport_cpp.dir/rosidl_typesupport_cpp/ired_msgs/msg/motor_control__type_support.cpp.o[0m
[4.362s] [ 63%] [32mBuilding CXX object CMakeFiles/ired_msgs__rosidl_typesupport_cpp.dir/rosidl_typesupport_cpp/ired_msgs/srv/pid_tuning__type_support.cpp.o[0m
[4.380s] [ 64%] [32mBuilding CXX object CMakeFiles/ired_msgs__rosidl_typesupport_fastrtps_cpp.dir/rosidl_typesupport_fastrtps_cpp/ired_msgs/msg/detail/dds_fastrtps/imu_data__type_support.cpp.o[0m
[4.385s] [ 66%] [32mBuilding CXX object CMakeFiles/ired_msgs__rosidl_typesupport_fastrtps_cpp.dir/rosidl_typesupport_fastrtps_cpp/ired_msgs/msg/detail/dds_fastrtps/motor_control__type_support.cpp.o[0m
[4.386s] [ 66%] Built target ired_msgs__rosidl_typesupport_introspection_c
[4.388s] [ 67%] [32mBuilding CXX object CMakeFiles/ired_msgs__rosidl_typesupport_fastrtps_cpp.dir/rosidl_typesupport_fastrtps_cpp/ired_msgs/msg/detail/dds_fastrtps/motor_speed__type_support.cpp.o[0m
[4.392s] [ 68%] [32mBuilding CXX object CMakeFiles/ired_msgs__rosidl_typesupport_fastrtps_cpp.dir/rosidl_typesupport_fastrtps_cpp/ired_msgs/msg/detail/dds_fastrtps/motor_data__type_support.cpp.o[0m
[4.407s] [ 70%] [32mBuilding CXX object CMakeFiles/ired_msgs__rosidl_typesupport_fastrtps_cpp.dir/rosidl_typesupport_fastrtps_cpp/ired_msgs/srv/detail/dds_fastrtps/pid_tuning__type_support.cpp.o[0m
[4.413s] [ 71%] [32mBuilding CXX object CMakeFiles/ired_msgs__rosidl_typesupport_fastrtps_c.dir/rosidl_typesupport_fastrtps_c/ired_msgs/msg/detail/imu_data__type_support_c.cpp.o[0m
[4.623s] [ 72%] [32mBuilding CXX object CMakeFiles/ired_msgs__rosidl_typesupport_fastrtps_c.dir/rosidl_typesupport_fastrtps_c/ired_msgs/msg/detail/motor_control__type_support_c.cpp.o[0m
[4.668s] [ 74%] [32mBuilding CXX object CMakeFiles/ired_msgs__rosidl_typesupport_fastrtps_c.dir/rosidl_typesupport_fastrtps_c/ired_msgs/msg/detail/motor_data__type_support_c.cpp.o[0m
[4.725s] [ 75%] [32mBuilding CXX object CMakeFiles/ired_msgs__rosidl_typesupport_fastrtps_c.dir/rosidl_typesupport_fastrtps_c/ired_msgs/msg/detail/motor_speed__type_support_c.cpp.o[0m
[4.742s] [ 77%] [32mBuilding CXX object CMakeFiles/ired_msgs__rosidl_typesupport_fastrtps_c.dir/rosidl_typesupport_fastrtps_c/ired_msgs/srv/detail/pid_tuning__type_support_c.cpp.o[0m
[4.858s] [ 78%] [32m[1mLinking CXX shared library libired_msgs__rosidl_typesupport_introspection_cpp.so[0m
[4.896s] [ 79%] [32m[1mLinking CXX shared library libired_msgs__rosidl_typesupport_cpp.so[0m
[4.993s] [ 79%] Built target ired_msgs__rosidl_typesupport_introspection_cpp
[5.021s] [ 79%] Built target ired_msgs__rosidl_typesupport_cpp
[5.139s] [ 81%] [32m[1mLinking CXX shared library libired_msgs__rosidl_typesupport_fastrtps_cpp.so[0m
[5.214s] [ 81%] Built target ired_msgs__rosidl_typesupport_fastrtps_cpp
[5.227s] [ 82%] [32m[1mLinking CXX shared library libired_msgs__rosidl_typesupport_fastrtps_c.so[0m
[5.295s] [ 82%] Built target ired_msgs__rosidl_typesupport_fastrtps_c
[5.316s] [ 82%] Built target ired_msgs
[5.340s] [ 83%] [34m[1mGenerating Python code for ROS interfaces[0m
[5.761s] [ 83%] Built target ired_msgs__py
[5.784s] [ 90%] [32mBuilding C object CMakeFiles/ired_msgs__rosidl_generator_py.dir/rosidl_generator_py/ired_msgs/msg/_motor_control_s.c.o[0m
[5.784s] [ 90%] [32mBuilding C object CMakeFiles/ired_msgs__rosidl_generator_py.dir/rosidl_generator_py/ired_msgs/msg/_imu_data_s.c.o[0m
[5.784s] [ 90%] [32mBuilding C object CMakeFiles/ired_msgs__rosidl_generator_py.dir/rosidl_generator_py/ired_msgs/msg/_motor_data_s.c.o[0m
[5.784s] [ 90%] [32mBuilding C object CMakeFiles/ired_msgs__rosidl_generator_py.dir/rosidl_generator_py/ired_msgs/msg/_motor_speed_s.c.o[0m
[5.784s] [ 90%] [32mBuilding C object CMakeFiles/ired_msgs__rosidl_generator_py.dir/rosidl_generator_py/ired_msgs/srv/_pid_tuning_s.c.o[0m
[5.895s] [ 91%] [32m[1mLinking C shared library libired_msgs__rosidl_generator_py.so[0m
[5.938s] [ 91%] Built target ired_msgs__rosidl_generator_py
[5.957s] [ 95%] [32mBuilding C object CMakeFiles/ired_msgs_s__rosidl_typesupport_fastrtps_c.dir/rosidl_generator_py/ired_msgs/_ired_msgs_s.ep.rosidl_typesupport_fastrtps_c.c.o[0m
[5.957s] [ 95%] [32mBuilding C object CMakeFiles/ired_msgs_s__rosidl_typesupport_introspection_c.dir/rosidl_generator_py/ired_msgs/_ired_msgs_s.ep.rosidl_typesupport_introspection_c.c.o[0m
[5.957s] [ 95%] [32mBuilding C object CMakeFiles/ired_msgs_s__rosidl_typesupport_c.dir/rosidl_generator_py/ired_msgs/_ired_msgs_s.ep.rosidl_typesupport_c.c.o[0m
[6.043s] [100%] [32m[1mLinking C shared module rosidl_generator_py/ired_msgs/ired_msgs_s__rosidl_typesupport_c.so[0m
[6.043s] [100%] [32m[1mLinking C shared module rosidl_generator_py/ired_msgs/ired_msgs_s__rosidl_typesupport_fastrtps_c.so[0m
[6.043s] [100%] [32m[1mLinking C shared module rosidl_generator_py/ired_msgs/ired_msgs_s__rosidl_typesupport_introspection_c.so[0m
[6.071s] [100%] Built target ired_msgs_s__rosidl_typesupport_c
[6.072s] [100%] Built target ired_msgs_s__rosidl_typesupport_fastrtps_c
[6.072s] [100%] Built target ired_msgs_s__rosidl_typesupport_introspection_c
[6.085s] Invoked command in '/home/pi/robot_ws/build/ired_msgs' returned '0': CMAKE_PREFIX_PATH=${CMAKE_PREFIX_PATH}:/opt/ros/jazzy DEBUGINFOD_URLS=https://debuginfod.ubuntu.com /usr/bin/cmake --build /home/pi/robot_ws/build/ired_msgs -- -j16 -l16
[6.086s] Invoking command in '/home/pi/robot_ws/build/ired_msgs': CMAKE_PREFIX_PATH=${CMAKE_PREFIX_PATH}:/opt/ros/jazzy DEBUGINFOD_URLS=https://debuginfod.ubuntu.com /usr/bin/cmake --install /home/pi/robot_ws/build/ired_msgs
[6.094s] -- Install configuration: ""
[6.094s] -- Execute custom install script
[6.095s] -- Symlinking: /home/pi/robot_ws/install/ired_msgs/share/ament_index/resource_index/rosidl_interfaces/ired_msgs
[6.104s] -- Symlinking: /home/pi/robot_ws/install/ired_msgs/share/ired_msgs/msg/IMUData.json
[6.113s] -- Symlinking: /home/pi/robot_ws/install/ired_msgs/share/ired_msgs/msg/MotorControl.json
[6.123s] -- Symlinking: /home/pi/robot_ws/install/ired_msgs/share/ired_msgs/msg/MotorData.json
[6.132s] -- Symlinking: /home/pi/robot_ws/install/ired_msgs/share/ired_msgs/msg/MotorSpeed.json
[6.141s] -- Symlinking: /home/pi/robot_ws/install/ired_msgs/share/ired_msgs/srv/PIDTuning.json
[6.150s] -- Symlinking: /home/pi/robot_ws/install/ired_msgs/include/ired_msgs/ired_msgs/msg/detail/imu_data__functions.h
[6.159s] -- Symlinking: /home/pi/robot_ws/install/ired_msgs/include/ired_msgs/ired_msgs/msg/detail/imu_data__struct.h
[6.168s] -- Symlinking: /home/pi/robot_ws/install/ired_msgs/include/ired_msgs/ired_msgs/msg/detail/imu_data__type_support.h
[6.177s] -- Symlinking: /home/pi/robot_ws/install/ired_msgs/include/ired_msgs/ired_msgs/msg/detail/motor_control__functions.h
[6.185s] -- Symlinking: /home/pi/robot_ws/install/ired_msgs/include/ired_msgs/ired_msgs/msg/detail/motor_control__struct.h
[6.194s] -- Symlinking: /home/pi/robot_ws/install/ired_msgs/include/ired_msgs/ired_msgs/msg/detail/motor_control__type_support.h
[6.203s] -- Symlinking: /home/pi/robot_ws/install/ired_msgs/include/ired_msgs/ired_msgs/msg/detail/motor_data__functions.h
[6.212s] -- Symlinking: /home/pi/robot_ws/install/ired_msgs/include/ired_msgs/ired_msgs/msg/detail/motor_data__struct.h
[6.222s] -- Symlinking: /home/pi/robot_ws/install/ired_msgs/include/ired_msgs/ired_msgs/msg/detail/motor_data__type_support.h
[6.231s] -- Symlinking: /home/pi/robot_ws/install/ired_msgs/include/ired_msgs/ired_msgs/msg/detail/motor_speed__functions.h
[6.240s] -- Symlinking: /home/pi/robot_ws/install/ired_msgs/include/ired_msgs/ired_msgs/msg/detail/motor_speed__struct.h
[6.249s] -- Symlinking: /home/pi/robot_ws/install/ired_msgs/include/ired_msgs/ired_msgs/msg/detail/motor_speed__type_support.h
[6.259s] -- Symlinking: /home/pi/robot_ws/install/ired_msgs/include/ired_msgs/ired_msgs/msg/imu_data.h
[6.268s] -- Symlinking: /home/pi/robot_ws/install/ired_msgs/include/ired_msgs/ired_msgs/msg/motor_control.h
[6.276s] -- Symlinking: /home/pi/robot_ws/install/ired_msgs/include/ired_msgs/ired_msgs/msg/motor_data.h
[6.285s] -- Symlinking: /home/pi/robot_ws/install/ired_msgs/include/ired_msgs/ired_msgs/msg/motor_speed.h
[6.295s] -- Symlinking: /home/pi/robot_ws/install/ired_msgs/include/ired_msgs/ired_msgs/msg/rosidl_generator_c__visibility_control.h
[6.306s] -- Symlinking: /home/pi/robot_ws/install/ired_msgs/include/ired_msgs/ired_msgs/srv/detail/pid_tuning__functions.h
[6.315s] -- Symlinking: /home/pi/robot_ws/install/ired_msgs/include/ired_msgs/ired_msgs/srv/detail/pid_tuning__struct.h
[6.327s] -- Symlinking: /home/pi/robot_ws/install/ired_msgs/include/ired_msgs/ired_msgs/srv/detail/pid_tuning__type_support.h
[6.337s] -- Symlinking: /home/pi/robot_ws/install/ired_msgs/include/ired_msgs/ired_msgs/srv/pid_tuning.h
[6.346s] -- Symlinking: /home/pi/robot_ws/install/ired_msgs/share/ired_msgs/environment/library_path.sh
[6.356s] -- Symlinking: /home/pi/robot_ws/install/ired_msgs/share/ired_msgs/environment/library_path.dsv
[6.365s] -- Symlinking: /home/pi/robot_ws/install/ired_msgs/include/ired_msgs/ired_msgs/msg/detail/imu_data__rosidl_typesupport_fastrtps_c.h
[6.373s] -- Symlinking: /home/pi/robot_ws/install/ired_msgs/include/ired_msgs/ired_msgs/msg/detail/motor_control__rosidl_typesupport_fastrtps_c.h
[6.382s] -- Symlinking: /home/pi/robot_ws/install/ired_msgs/include/ired_msgs/ired_msgs/msg/detail/motor_data__rosidl_typesupport_fastrtps_c.h
[6.390s] -- Symlinking: /home/pi/robot_ws/install/ired_msgs/include/ired_msgs/ired_msgs/msg/detail/motor_speed__rosidl_typesupport_fastrtps_c.h
[6.398s] -- Symlinking: /home/pi/robot_ws/install/ired_msgs/include/ired_msgs/ired_msgs/msg/rosidl_typesupport_fastrtps_c__visibility_control.h
[6.407s] -- Symlinking: /home/pi/robot_ws/install/ired_msgs/include/ired_msgs/ired_msgs/srv/detail/pid_tuning__rosidl_typesupport_fastrtps_c.h
[6.417s] -- Symlinking: /home/pi/robot_ws/install/ired_msgs/include/ired_msgs/ired_msgs/msg/detail/imu_data__builder.hpp
[6.428s] -- Symlinking: /home/pi/robot_ws/install/ired_msgs/include/ired_msgs/ired_msgs/msg/detail/imu_data__struct.hpp
[6.438s] -- Symlinking: /home/pi/robot_ws/install/ired_msgs/include/ired_msgs/ired_msgs/msg/detail/imu_data__traits.hpp
[6.447s] -- Symlinking: /home/pi/robot_ws/install/ired_msgs/include/ired_msgs/ired_msgs/msg/detail/imu_data__type_support.hpp
[6.457s] -- Symlinking: /home/pi/robot_ws/install/ired_msgs/include/ired_msgs/ired_msgs/msg/detail/motor_control__builder.hpp
[6.467s] -- Symlinking: /home/pi/robot_ws/install/ired_msgs/include/ired_msgs/ired_msgs/msg/detail/motor_control__struct.hpp
[6.478s] -- Symlinking: /home/pi/robot_ws/install/ired_msgs/include/ired_msgs/ired_msgs/msg/detail/motor_control__traits.hpp
[6.489s] -- Symlinking: /home/pi/robot_ws/install/ired_msgs/include/ired_msgs/ired_msgs/msg/detail/motor_control__type_support.hpp
[6.498s] -- Symlinking: /home/pi/robot_ws/install/ired_msgs/include/ired_msgs/ired_msgs/msg/detail/motor_data__builder.hpp
[6.508s] -- Symlinking: /home/pi/robot_ws/install/ired_msgs/include/ired_msgs/ired_msgs/msg/detail/motor_data__struct.hpp
[6.519s] -- Symlinking: /home/pi/robot_ws/install/ired_msgs/include/ired_msgs/ired_msgs/msg/detail/motor_data__traits.hpp
[6.530s] -- Symlinking: /home/pi/robot_ws/install/ired_msgs/include/ired_msgs/ired_msgs/msg/detail/motor_data__type_support.hpp
[6.540s] -- Symlinking: /home/pi/robot_ws/install/ired_msgs/include/ired_msgs/ired_msgs/msg/detail/motor_speed__builder.hpp
[6.549s] -- Symlinking: /home/pi/robot_ws/install/ired_msgs/include/ired_msgs/ired_msgs/msg/detail/motor_speed__struct.hpp
[6.557s] -- Symlinking: /home/pi/robot_ws/install/ired_msgs/include/ired_msgs/ired_msgs/msg/detail/motor_speed__traits.hpp
[6.566s] -- Symlinking: /home/pi/robot_ws/install/ired_msgs/include/ired_msgs/ired_msgs/msg/detail/motor_speed__type_support.hpp
[6.574s] -- Symlinking: /home/pi/robot_ws/install/ired_msgs/include/ired_msgs/ired_msgs/msg/imu_data.hpp
[6.582s] -- Symlinking: /home/pi/robot_ws/install/ired_msgs/include/ired_msgs/ired_msgs/msg/motor_control.hpp
[6.590s] -- Symlinking: /home/pi/robot_ws/install/ired_msgs/include/ired_msgs/ired_msgs/msg/motor_data.hpp
[6.597s] -- Symlinking: /home/pi/robot_ws/install/ired_msgs/include/ired_msgs/ired_msgs/msg/motor_speed.hpp
[6.606s] -- Symlinking: /home/pi/robot_ws/install/ired_msgs/include/ired_msgs/ired_msgs/msg/rosidl_generator_cpp__visibility_control.hpp
[6.614s] -- Symlinking: /home/pi/robot_ws/install/ired_msgs/include/ired_msgs/ired_msgs/srv/detail/pid_tuning__builder.hpp
[6.624s] -- Symlinking: /home/pi/robot_ws/install/ired_msgs/include/ired_msgs/ired_msgs/srv/detail/pid_tuning__struct.hpp
[6.632s] -- Symlinking: /home/pi/robot_ws/install/ired_msgs/include/ired_msgs/ired_msgs/srv/detail/pid_tuning__traits.hpp
[6.640s] -- Symlinking: /home/pi/robot_ws/install/ired_msgs/include/ired_msgs/ired_msgs/srv/detail/pid_tuning__type_support.hpp
[6.648s] -- Symlinking: /home/pi/robot_ws/install/ired_msgs/include/ired_msgs/ired_msgs/srv/pid_tuning.hpp
[6.658s] -- Symlinking: /home/pi/robot_ws/install/ired_msgs/include/ired_msgs/ired_msgs/msg/detail/imu_data__rosidl_typesupport_fastrtps_cpp.hpp
[6.668s] -- Symlinking: /home/pi/robot_ws/install/ired_msgs/include/ired_msgs/ired_msgs/msg/detail/motor_control__rosidl_typesupport_fastrtps_cpp.hpp
[6.676s] -- Symlinking: /home/pi/robot_ws/install/ired_msgs/include/ired_msgs/ired_msgs/msg/detail/motor_data__rosidl_typesupport_fastrtps_cpp.hpp
[6.684s] -- Symlinking: /home/pi/robot_ws/install/ired_msgs/include/ired_msgs/ired_msgs/msg/detail/motor_speed__rosidl_typesupport_fastrtps_cpp.hpp
[6.692s] -- Symlinking: /home/pi/robot_ws/install/ired_msgs/include/ired_msgs/ired_msgs/msg/rosidl_typesupport_fastrtps_cpp__visibility_control.h
[6.701s] -- Symlinking: /home/pi/robot_ws/install/ired_msgs/include/ired_msgs/ired_msgs/srv/detail/pid_tuning__rosidl_typesupport_fastrtps_cpp.hpp
[6.711s] -- Symlinking: /home/pi/robot_ws/install/ired_msgs/include/ired_msgs/ired_msgs/msg/detail/imu_data__rosidl_typesupport_introspection_c.h
[6.720s] -- Symlinking: /home/pi/robot_ws/install/ired_msgs/include/ired_msgs/ired_msgs/msg/detail/motor_control__rosidl_typesupport_introspection_c.h
[6.730s] -- Symlinking: /home/pi/robot_ws/install/ired_msgs/include/ired_msgs/ired_msgs/msg/detail/motor_data__rosidl_typesupport_introspection_c.h
[6.739s] -- Symlinking: /home/pi/robot_ws/install/ired_msgs/include/ired_msgs/ired_msgs/msg/detail/motor_speed__rosidl_typesupport_introspection_c.h
[6.748s] -- Symlinking: /home/pi/robot_ws/install/ired_msgs/include/ired_msgs/ired_msgs/msg/rosidl_typesupport_introspection_c__visibility_control.h
[6.758s] -- Symlinking: /home/pi/robot_ws/install/ired_msgs/include/ired_msgs/ired_msgs/srv/detail/pid_tuning__rosidl_typesupport_introspection_c.h
[6.767s] -- Symlinking: /home/pi/robot_ws/install/ired_msgs/include/ired_msgs/ired_msgs/msg/detail/imu_data__rosidl_typesupport_introspection_cpp.hpp
[6.776s] -- Symlinking: /home/pi/robot_ws/install/ired_msgs/include/ired_msgs/ired_msgs/msg/detail/motor_control__rosidl_typesupport_introspection_cpp.hpp
[6.785s] -- Symlinking: /home/pi/robot_ws/install/ired_msgs/include/ired_msgs/ired_msgs/msg/detail/motor_data__rosidl_typesupport_introspection_cpp.hpp
[6.793s] -- Symlinking: /home/pi/robot_ws/install/ired_msgs/include/ired_msgs/ired_msgs/msg/detail/motor_speed__rosidl_typesupport_introspection_cpp.hpp
[6.801s] -- Symlinking: /home/pi/robot_ws/install/ired_msgs/include/ired_msgs/ired_msgs/srv/detail/pid_tuning__rosidl_typesupport_introspection_cpp.hpp
[6.809s] -- Symlinking: /home/pi/robot_ws/install/ired_msgs/share/ired_msgs/environment/pythonpath.sh
[6.818s] -- Symlinking: /home/pi/robot_ws/install/ired_msgs/share/ired_msgs/environment/pythonpath.dsv
[6.829s] -- Symlinking: /home/pi/robot_ws/install/ired_msgs/lib/python3.12/site-packages/ired_msgs-2.0.1-py3.12.egg-info/PKG-INFO
[6.839s] -- Symlinking: /home/pi/robot_ws/install/ired_msgs/lib/python3.12/site-packages/ired_msgs-2.0.1-py3.12.egg-info/SOURCES.txt
[6.849s] -- Symlinking: /home/pi/robot_ws/install/ired_msgs/lib/python3.12/site-packages/ired_msgs-2.0.1-py3.12.egg-info/dependency_links.txt
[6.858s] -- Symlinking: /home/pi/robot_ws/install/ired_msgs/lib/python3.12/site-packages/ired_msgs-2.0.1-py3.12.egg-info/top_level.txt
[6.868s] -- Symlinking: /home/pi/robot_ws/install/ired_msgs/lib/python3.12/site-packages/ired_msgs/__init__.py
[6.876s] -- Symlinking: /home/pi/robot_ws/install/ired_msgs/lib/python3.12/site-packages/ired_msgs/_ired_msgs_s.ep.rosidl_typesupport_c.c
[6.884s] -- Symlinking: /home/pi/robot_ws/install/ired_msgs/lib/python3.12/site-packages/ired_msgs/_ired_msgs_s.ep.rosidl_typesupport_fastrtps_c.c
[6.893s] -- Symlinking: /home/pi/robot_ws/install/ired_msgs/lib/python3.12/site-packages/ired_msgs/_ired_msgs_s.ep.rosidl_typesupport_introspection_c.c
[6.901s] -- Symlinking: /home/pi/robot_ws/install/ired_msgs/lib/python3.12/site-packages/ired_msgs/ired_msgs_s__rosidl_typesupport_c.so
[6.910s] -- Symlinking: /home/pi/robot_ws/install/ired_msgs/lib/python3.12/site-packages/ired_msgs/ired_msgs_s__rosidl_typesupport_fastrtps_c.so
[6.917s] -- Symlinking: /home/pi/robot_ws/install/ired_msgs/lib/python3.12/site-packages/ired_msgs/ired_msgs_s__rosidl_typesupport_introspection_c.so
[6.929s] -- Symlinking: /home/pi/robot_ws/install/ired_msgs/lib/python3.12/site-packages/ired_msgs/msg/__init__.py
[6.937s] -- Symlinking: /home/pi/robot_ws/install/ired_msgs/lib/python3.12/site-packages/ired_msgs/msg/_imu_data.py
[6.945s] -- Symlinking: /home/pi/robot_ws/install/ired_msgs/lib/python3.12/site-packages/ired_msgs/msg/_imu_data_s.c
[6.952s] -- Symlinking: /home/pi/robot_ws/install/ired_msgs/lib/python3.12/site-packages/ired_msgs/msg/_motor_control.py
[6.961s] -- Symlinking: /home/pi/robot_ws/install/ired_msgs/lib/python3.12/site-packages/ired_msgs/msg/_motor_control_s.c
[6.969s] -- Symlinking: /home/pi/robot_ws/install/ired_msgs/lib/python3.12/site-packages/ired_msgs/msg/_motor_data.py
[6.978s] -- Symlinking: /home/pi/robot_ws/install/ired_msgs/lib/python3.12/site-packages/ired_msgs/msg/_motor_data_s.c
[6.987s] -- Symlinking: /home/pi/robot_ws/install/ired_msgs/lib/python3.12/site-packages/ired_msgs/msg/_motor_speed.py
[6.996s] -- Symlinking: /home/pi/robot_ws/install/ired_msgs/lib/python3.12/site-packages/ired_msgs/msg/_motor_speed_s.c
[7.006s] -- Symlinking: /home/pi/robot_ws/install/ired_msgs/lib/python3.12/site-packages/ired_msgs/srv/__init__.py
[7.014s] -- Symlinking: /home/pi/robot_ws/install/ired_msgs/lib/python3.12/site-packages/ired_msgs/srv/_pid_tuning.py
[7.024s] -- Symlinking: /home/pi/robot_ws/install/ired_msgs/lib/python3.12/site-packages/ired_msgs/srv/_pid_tuning_s.c
[7.035s] -- Up-to-date symlink: /home/pi/robot_ws/install/ired_msgs/lib/python3.12/site-packages/ired_msgs/ired_msgs_s__rosidl_typesupport_fastrtps_c.so
[7.035s] -- Up-to-date symlink: /home/pi/robot_ws/install/ired_msgs/lib/python3.12/site-packages/ired_msgs/ired_msgs_s__rosidl_typesupport_introspection_c.so
[7.035s] -- Up-to-date symlink: /home/pi/robot_ws/install/ired_msgs/lib/python3.12/site-packages/ired_msgs/ired_msgs_s__rosidl_typesupport_c.so
[7.035s] -- Symlinking: /home/pi/robot_ws/install/ired_msgs/share/ired_msgs/msg/IMUData.idl
[7.044s] -- Symlinking: /home/pi/robot_ws/install/ired_msgs/share/ired_msgs/msg/MotorControl.idl
[7.053s] -- Symlinking: /home/pi/robot_ws/install/ired_msgs/share/ired_msgs/msg/MotorData.idl
[7.061s] -- Symlinking: /home/pi/robot_ws/install/ired_msgs/share/ired_msgs/msg/MotorSpeed.idl
[7.070s] -- Symlinking: /home/pi/robot_ws/install/ired_msgs/share/ired_msgs/srv/PIDTuning.idl
[7.079s] -- Symlinking: /home/pi/robot_ws/install/ired_msgs/share/ired_msgs/msg/IMUData.msg
[7.088s] -- Symlinking: /home/pi/robot_ws/install/ired_msgs/share/ired_msgs/msg/MotorControl.msg
[7.097s] -- Symlinking: /home/pi/robot_ws/install/ired_msgs/share/ired_msgs/msg/MotorData.msg
[7.106s] -- Symlinking: /home/pi/robot_ws/install/ired_msgs/share/ired_msgs/msg/MotorSpeed.msg
[7.115s] -- Symlinking: /home/pi/robot_ws/install/ired_msgs/share/ired_msgs/srv/PIDTuning.srv
[7.125s] -- Symlinking: /home/pi/robot_ws/install/ired_msgs/share/ament_index/resource_index/package_run_dependencies/ired_msgs
[7.135s] -- Symlinking: /home/pi/robot_ws/install/ired_msgs/share/ament_index/resource_index/parent_prefix_path/ired_msgs
[7.143s] -- Symlinking: /home/pi/robot_ws/install/ired_msgs/share/ired_msgs/environment/ament_prefix_path.sh
[7.152s] -- Symlinking: /home/pi/robot_ws/install/ired_msgs/share/ired_msgs/environment/ament_prefix_path.dsv
[7.160s] -- Symlinking: /home/pi/robot_ws/install/ired_msgs/share/ired_msgs/environment/path.sh
[7.169s] -- Symlinking: /home/pi/robot_ws/install/ired_msgs/share/ired_msgs/environment/path.dsv
[7.179s] -- Symlinking: /home/pi/robot_ws/install/ired_msgs/share/ired_msgs/local_setup.bash
[7.188s] -- Symlinking: /home/pi/robot_ws/install/ired_msgs/share/ired_msgs/local_setup.sh
[7.197s] -- Symlinking: /home/pi/robot_ws/install/ired_msgs/share/ired_msgs/local_setup.zsh
[7.206s] -- Symlinking: /home/pi/robot_ws/install/ired_msgs/share/ired_msgs/local_setup.dsv
[7.214s] -- Symlinking: /home/pi/robot_ws/install/ired_msgs/share/ired_msgs/package.dsv
[7.226s] -- Symlinking: /home/pi/robot_ws/install/ired_msgs/share/ament_index/resource_index/packages/ired_msgs
[7.234s] -- Symlinking: /home/pi/robot_ws/install/ired_msgs/share/ired_msgs/cmake/rosidl_cmake-extras.cmake
[7.243s] -- Symlinking: /home/pi/robot_ws/install/ired_msgs/share/ired_msgs/cmake/ament_cmake_export_dependencies-extras.cmake
[7.252s] -- Symlinking: /home/pi/robot_ws/install/ired_msgs/share/ired_msgs/cmake/ament_cmake_export_include_directories-extras.cmake
[7.261s] -- Symlinking: /home/pi/robot_ws/install/ired_msgs/share/ired_msgs/cmake/ament_cmake_export_libraries-extras.cmake
[7.270s] -- Symlinking: /home/pi/robot_ws/install/ired_msgs/share/ired_msgs/cmake/ament_cmake_export_targets-extras.cmake
[7.278s] -- Symlinking: /home/pi/robot_ws/install/ired_msgs/share/ired_msgs/cmake/rosidl_cmake_export_typesupport_targets-extras.cmake
[7.288s] -- Symlinking: /home/pi/robot_ws/install/ired_msgs/share/ired_msgs/cmake/rosidl_cmake_export_typesupport_libraries-extras.cmake
[7.297s] -- Symlinking: /home/pi/robot_ws/install/ired_msgs/share/ired_msgs/cmake/ired_msgsConfig.cmake
[7.305s] -- Symlinking: /home/pi/robot_ws/install/ired_msgs/share/ired_msgs/cmake/ired_msgsConfig-version.cmake
[7.313s] -- Symlinking: /home/pi/robot_ws/install/ired_msgs/share/ired_msgs/package.xml
[7.322s] -- Installing: /home/pi/robot_ws/install/ired_msgs/lib/libired_msgs__rosidl_generator_c.so
[7.322s] -- Set non-toolchain portion of runtime path of "/home/pi/robot_ws/install/ired_msgs/lib/libired_msgs__rosidl_generator_c.so" to ""
[7.322s] -- Installing: /home/pi/robot_ws/install/ired_msgs/lib/libired_msgs__rosidl_typesupport_fastrtps_c.so
[7.323s] -- Set non-toolchain portion of runtime path of "/home/pi/robot_ws/install/ired_msgs/lib/libired_msgs__rosidl_typesupport_fastrtps_c.so" to ""
[7.323s] -- Installing: /home/pi/robot_ws/install/ired_msgs/lib/libired_msgs__rosidl_typesupport_fastrtps_cpp.so
[7.323s] -- Set non-toolchain portion of runtime path of "/home/pi/robot_ws/install/ired_msgs/lib/libired_msgs__rosidl_typesupport_fastrtps_cpp.so" to ""
[7.323s] -- Installing: /home/pi/robot_ws/install/ired_msgs/lib/libired_msgs__rosidl_typesupport_introspection_c.so
[7.323s] -- Set non-toolchain portion of runtime path of "/home/pi/robot_ws/install/ired_msgs/lib/libired_msgs__rosidl_typesupport_introspection_c.so" to ""
[7.323s] -- Installing: /home/pi/robot_ws/install/ired_msgs/lib/libired_msgs__rosidl_typesupport_c.so
[7.323s] -- Set non-toolchain portion of runtime path of "/home/pi/robot_ws/install/ired_msgs/lib/libired_msgs__rosidl_typesupport_c.so" to ""
[7.323s] -- Installing: /home/pi/robot_ws/install/ired_msgs/lib/libired_msgs__rosidl_typesupport_introspection_cpp.so
[7.324s] -- Set non-toolchain portion of runtime path of "/home/pi/robot_ws/install/ired_msgs/lib/libired_msgs__rosidl_typesupport_introspection_cpp.so" to ""
[7.324s] -- Installing: /home/pi/robot_ws/install/ired_msgs/lib/libired_msgs__rosidl_typesupport_cpp.so
[7.324s] -- Set non-toolchain portion of runtime path of "/home/pi/robot_ws/install/ired_msgs/lib/libired_msgs__rosidl_typesupport_cpp.so" to ""
[7.357s] Listing '/home/pi/robot_ws/install/ired_msgs/lib/python3.12/site-packages/ired_msgs'...
[7.358s] Compiling '/home/pi/robot_ws/install/ired_msgs/lib/python3.12/site-packages/ired_msgs/__init__.py'...
[7.358s] Listing '/home/pi/robot_ws/install/ired_msgs/lib/python3.12/site-packages/ired_msgs/msg'...
[7.358s] Compiling '/home/pi/robot_ws/install/ired_msgs/lib/python3.12/site-packages/ired_msgs/msg/__init__.py'...
[7.358s] Compiling '/home/pi/robot_ws/install/ired_msgs/lib/python3.12/site-packages/ired_msgs/msg/_imu_data.py'...
[7.358s] Compiling '/home/pi/robot_ws/install/ired_msgs/lib/python3.12/site-packages/ired_msgs/msg/_motor_control.py'...
[7.358s] Compiling '/home/pi/robot_ws/install/ired_msgs/lib/python3.12/site-packages/ired_msgs/msg/_motor_data.py'...
[7.358s] Compiling '/home/pi/robot_ws/install/ired_msgs/lib/python3.12/site-packages/ired_msgs/msg/_motor_speed.py'...
[7.358s] Listing '/home/pi/robot_ws/install/ired_msgs/lib/python3.12/site-packages/ired_msgs/srv'...
[7.358s] Compiling '/home/pi/robot_ws/install/ired_msgs/lib/python3.12/site-packages/ired_msgs/srv/__init__.py'...
[7.358s] Compiling '/home/pi/robot_ws/install/ired_msgs/lib/python3.12/site-packages/ired_msgs/srv/_pid_tuning.py'...
[7.362s] -- Installing: /home/pi/robot_ws/install/ired_msgs/lib/libired_msgs__rosidl_generator_py.so
[7.362s] -- Set non-toolchain portion of runtime path of "/home/pi/robot_ws/install/ired_msgs/lib/libired_msgs__rosidl_generator_py.so" to ""
[7.362s] -- Installing: /home/pi/robot_ws/install/ired_msgs/share/ired_msgs/cmake/export_ired_msgs__rosidl_generator_cExport.cmake
[7.363s] -- Installing: /home/pi/robot_ws/install/ired_msgs/share/ired_msgs/cmake/export_ired_msgs__rosidl_generator_cExport-noconfig.cmake
[7.363s] -- Installing: /home/pi/robot_ws/install/ired_msgs/share/ired_msgs/cmake/export_ired_msgs__rosidl_typesupport_fastrtps_cExport.cmake
[7.363s] -- Installing: /home/pi/robot_ws/install/ired_msgs/share/ired_msgs/cmake/export_ired_msgs__rosidl_typesupport_fastrtps_cExport-noconfig.cmake
[7.363s] -- Installing: /home/pi/robot_ws/install/ired_msgs/share/ired_msgs/cmake/export_ired_msgs__rosidl_generator_cppExport.cmake
[7.363s] -- Installing: /home/pi/robot_ws/install/ired_msgs/share/ired_msgs/cmake/export_ired_msgs__rosidl_typesupport_fastrtps_cppExport.cmake
[7.363s] -- Installing: /home/pi/robot_ws/install/ired_msgs/share/ired_msgs/cmake/export_ired_msgs__rosidl_typesupport_fastrtps_cppExport-noconfig.cmake
[7.363s] -- Installing: /home/pi/robot_ws/install/ired_msgs/share/ired_msgs/cmake/ired_msgs__rosidl_typesupport_introspection_cExport.cmake
[7.363s] -- Installing: /home/pi/robot_ws/install/ired_msgs/share/ired_msgs/cmake/ired_msgs__rosidl_typesupport_introspection_cExport-noconfig.cmake
[7.363s] -- Installing: /home/pi/robot_ws/install/ired_msgs/share/ired_msgs/cmake/ired_msgs__rosidl_typesupport_cExport.cmake
[7.363s] -- Installing: /home/pi/robot_ws/install/ired_msgs/share/ired_msgs/cmake/ired_msgs__rosidl_typesupport_cExport-noconfig.cmake
[7.363s] -- Installing: /home/pi/robot_ws/install/ired_msgs/share/ired_msgs/cmake/ired_msgs__rosidl_typesupport_introspection_cppExport.cmake
[7.364s] -- Installing: /home/pi/robot_ws/install/ired_msgs/share/ired_msgs/cmake/ired_msgs__rosidl_typesupport_introspection_cppExport-noconfig.cmake
[7.364s] -- Installing: /home/pi/robot_ws/install/ired_msgs/share/ired_msgs/cmake/ired_msgs__rosidl_typesupport_cppExport.cmake
[7.364s] -- Installing: /home/pi/robot_ws/install/ired_msgs/share/ired_msgs/cmake/ired_msgs__rosidl_typesupport_cppExport-noconfig.cmake
[7.364s] -- Installing: /home/pi/robot_ws/install/ired_msgs/share/ired_msgs/cmake/export_ired_msgs__rosidl_generator_pyExport.cmake
[7.364s] -- Installing: /home/pi/robot_ws/install/ired_msgs/share/ired_msgs/cmake/export_ired_msgs__rosidl_generator_pyExport-noconfig.cmake
[7.366s] Invoked command in '/home/pi/robot_ws/build/ired_msgs' returned '0': CMAKE_PREFIX_PATH=${CMAKE_PREFIX_PATH}:/opt/ros/jazzy DEBUGINFOD_URLS=https://debuginfod.ubuntu.com /usr/bin/cmake --install /home/pi/robot_ws/build/ired_msgs
