[0.199s] Invoking command in '/home/pi/robot_ws/build/ired_navigation': CMAKE_PREFIX_PATH=${CMAKE_PREFIX_PATH}:/home/pi/robot_ws/install/ros2_aruco:/home/pi/robot_ws/install/ired_teleop:/home/pi/robot_ws/install/ired_movetogoal:/opt/ros/jazzy DEBUGINFOD_URLS=https://debuginfod.ubuntu.com /usr/bin/cmake /home/pi/robot_ws/src/robot/ired_navigation -DCMAKE_INSTALL_PREFIX=/home/pi/robot_ws/install/ired_navigation
[0.571s] -- Found ament_cmake: 2.5.4 (/opt/ros/jazzy/share/ament_cmake/cmake)
[0.571s] -- Override CMake install command with custom implementation using symlinks instead of copying resources
[0.571s] -- Configuring done (0.3s)
[0.571s] -- Generating done (0.0s)
[0.571s] -- Build files have been written to: /home/pi/robot_ws/build/ired_navigation
[0.576s] Invoked command in '/home/pi/robot_ws/build/ired_navigation' returned '0': CMAKE_PREFIX_PATH=${CMAKE_PREFIX_PATH}:/home/pi/robot_ws/install/ros2_aruco:/home/pi/robot_ws/install/ired_teleop:/home/pi/robot_ws/install/ired_movetogoal:/opt/ros/jazzy DEBUGINFOD_URLS=https://debuginfod.ubuntu.com /usr/bin/cmake /home/pi/robot_ws/src/robot/ired_navigation -DCMAKE_INSTALL_PREFIX=/home/pi/robot_ws/install/ired_navigation
[0.577s] Invoking command in '/home/pi/robot_ws/build/ired_navigation': CMAKE_PREFIX_PATH=${CMAKE_PREFIX_PATH}:/home/pi/robot_ws/install/ros2_aruco:/home/pi/robot_ws/install/ired_teleop:/home/pi/robot_ws/install/ired_movetogoal:/opt/ros/jazzy DEBUGINFOD_URLS=https://debuginfod.ubuntu.com /usr/bin/cmake --build /home/pi/robot_ws/build/ired_navigation -- -j16 -l16
[0.630s] Invoked command in '/home/pi/robot_ws/build/ired_navigation' returned '0': CMAKE_PREFIX_PATH=${CMAKE_PREFIX_PATH}:/home/pi/robot_ws/install/ros2_aruco:/home/pi/robot_ws/install/ired_teleop:/home/pi/robot_ws/install/ired_movetogoal:/opt/ros/jazzy DEBUGINFOD_URLS=https://debuginfod.ubuntu.com /usr/bin/cmake --build /home/pi/robot_ws/build/ired_navigation -- -j16 -l16
[0.641s] Invoking command in '/home/pi/robot_ws/build/ired_navigation': CMAKE_PREFIX_PATH=${CMAKE_PREFIX_PATH}:/home/pi/robot_ws/install/ros2_aruco:/home/pi/robot_ws/install/ired_teleop:/home/pi/robot_ws/install/ired_movetogoal:/opt/ros/jazzy DEBUGINFOD_URLS=https://debuginfod.ubuntu.com /usr/bin/cmake --install /home/pi/robot_ws/build/ired_navigation
[0.660s] -- Install configuration: ""
[0.660s] -- Execute custom install script
[0.660s] -- Up-to-date symlink: /home/pi/robot_ws/install/ired_navigation/share/ired_navigation/config/ired_rplidar_2d.lua
[0.660s] -- Up-to-date symlink: /home/pi/robot_ws/install/ired_navigation/share/ired_navigation/launch/navigation.launch.py
[0.661s] -- Up-to-date symlink: /home/pi/robot_ws/install/ired_navigation/share/ired_navigation/launch/occupancy_grid.launch.py
[0.661s] -- Up-to-date symlink: /home/pi/robot_ws/install/ired_navigation/share/ired_navigation/launch/save_map.launch.py
[0.661s] -- Up-to-date symlink: /home/pi/robot_ws/install/ired_navigation/share/ired_navigation/launch/slam.launch.py
[0.661s] -- Up-to-date symlink: /home/pi/robot_ws/install/ired_navigation/share/ired_navigation/maps/1
[0.661s] -- Up-to-date symlink: /home/pi/robot_ws/install/ired_navigation/share/ired_navigation/maps/map.pgm
[0.661s] -- Up-to-date symlink: /home/pi/robot_ws/install/ired_navigation/share/ired_navigation/maps/map.yaml
[0.661s] -- Up-to-date symlink: /home/pi/robot_ws/install/ired_navigation/share/ired_navigation/param/navigation.yaml
[0.662s] -- Up-to-date symlink: /home/pi/robot_ws/install/ired_navigation/share/ament_index/resource_index/package_run_dependencies/ired_navigation
[0.662s] -- Up-to-date symlink: /home/pi/robot_ws/install/ired_navigation/share/ament_index/resource_index/parent_prefix_path/ired_navigation
[0.662s] -- Up-to-date symlink: /home/pi/robot_ws/install/ired_navigation/share/ired_navigation/environment/ament_prefix_path.sh
[0.662s] -- Up-to-date symlink: /home/pi/robot_ws/install/ired_navigation/share/ired_navigation/environment/ament_prefix_path.dsv
[0.663s] -- Up-to-date symlink: /home/pi/robot_ws/install/ired_navigation/share/ired_navigation/environment/path.sh
[0.663s] -- Up-to-date symlink: /home/pi/robot_ws/install/ired_navigation/share/ired_navigation/environment/path.dsv
[0.663s] -- Up-to-date symlink: /home/pi/robot_ws/install/ired_navigation/share/ired_navigation/local_setup.bash
[0.664s] -- Up-to-date symlink: /home/pi/robot_ws/install/ired_navigation/share/ired_navigation/local_setup.sh
[0.664s] -- Up-to-date symlink: /home/pi/robot_ws/install/ired_navigation/share/ired_navigation/local_setup.zsh
[0.664s] -- Up-to-date symlink: /home/pi/robot_ws/install/ired_navigation/share/ired_navigation/local_setup.dsv
[0.664s] -- Symlinking: /home/pi/robot_ws/install/ired_navigation/share/ired_navigation/package.dsv
[0.678s] -- Up-to-date symlink: /home/pi/robot_ws/install/ired_navigation/share/ament_index/resource_index/packages/ired_navigation
[0.679s] -- Up-to-date symlink: /home/pi/robot_ws/install/ired_navigation/share/ired_navigation/cmake/ired_navigationConfig.cmake
[0.679s] -- Up-to-date symlink: /home/pi/robot_ws/install/ired_navigation/share/ired_navigation/cmake/ired_navigationConfig-version.cmake
[0.679s] -- Up-to-date symlink: /home/pi/robot_ws/install/ired_navigation/share/ired_navigation/package.xml
[0.680s] Invoked command in '/home/pi/robot_ws/build/ired_navigation' returned '0': CMAKE_PREFIX_PATH=${CMAKE_PREFIX_PATH}:/home/pi/robot_ws/install/ros2_aruco:/home/pi/robot_ws/install/ired_teleop:/home/pi/robot_ws/install/ired_movetogoal:/opt/ros/jazzy DEBUGINFOD_URLS=https://debuginfod.ubuntu.com /usr/bin/cmake --install /home/pi/robot_ws/build/ired_navigation
