[1.200s] Invoking command in '/home/pi/robot_ws/build/ired_movetogoal': DEBUGINFOD_URLS=https://debuginfod.ubuntu.com PYTHONPATH=/home/pi/robot_ws/build/ired_movetogoal/prefix_override:/usr/lib/python3/dist-packages/colcon_core/task/python/colcon_distutils_commands:/home/pi/robot_ws/install/ired_movetogoal/lib/python3.12/site-packages:${PYTHONPATH} /usr/bin/python3 -W ignore:setup.py install is deprecated -W ignore:easy_install command is deprecated setup.py develop --editable --build-directory /home/pi/robot_ws/build/ired_movetogoal/build --no-deps symlink_data
[1.405s] Traceback (most recent call last):
[1.405s]   File "/home/pi/robot_ws/build/ired_movetogoal/setup.py", line 5, in <module>
[1.405s]     setup(
[1.405s]   File "/usr/lib/python3/dist-packages/setuptools/__init__.py", line 107, in setup
[1.406s]     return distutils.core.setup(**attrs)
[1.406s]            ^^^^^^^^^^^^^^^^^^^^^^^^^^^^^
[1.406s]   File "/usr/lib/python3/dist-packages/setuptools/_distutils/core.py", line 172, in setup
[1.406s]     ok = dist.parse_command_line()
[1.406s]          ^^^^^^^^^^^^^^^^^^^^^^^^^
[1.406s]   File "/usr/lib/python3/dist-packages/setuptools/_distutils/dist.py", line 475, in parse_command_line
[1.406s]     args = self._parse_command_opts(parser, args)
[1.406s]            ^^^^^^^^^^^^^^^^^^^^^^^^^^^^^^^^^^^^^^
[1.407s]   File "/usr/lib/python3/dist-packages/setuptools/dist.py", line 1133, in _parse_command_opts
[1.408s]     nargs = _Distribution._parse_command_opts(self, parser, args)
[1.408s]             ^^^^^^^^^^^^^^^^^^^^^^^^^^^^^^^^^^^^^^^^^^^^^^^^^^^^^
[1.408s]   File "/usr/lib/python3/dist-packages/setuptools/_distutils/dist.py", line 534, in _parse_command_opts
[1.408s]     cmd_class = self.get_command_class(command)
[1.408s]                 ^^^^^^^^^^^^^^^^^^^^^^^^^^^^^^^
[1.408s]   File "/usr/lib/python3/dist-packages/setuptools/dist.py", line 980, in get_command_class
[1.408s]     self.cmdclass[command] = cmdclass = ep.load()
[1.408s]                                         ^^^^^^^^^
[1.409s]   File "/usr/lib/python3.12/importlib/metadata/__init__.py", line 205, in load
[1.409s]     module = import_module(match.group('module'))
[1.409s]              ^^^^^^^^^^^^^^^^^^^^^^^^^^^^^^^^^^^^
[1.409s]   File "/usr/lib/python3.12/importlib/__init__.py", line 90, in import_module
[1.409s]     return _bootstrap._gcd_import(name[level:], package, level)
[1.409s]            ^^^^^^^^^^^^^^^^^^^^^^^^^^^^^^^^^^^^^^^^^^^^^^^^^^^^
[1.409s]   File "<frozen importlib._bootstrap>", line 1387, in _gcd_import
[1.409s]   File "<frozen importlib._bootstrap>", line 1360, in _find_and_load
[1.409s]   File "<frozen importlib._bootstrap>", line 1331, in _find_and_load_unlocked
[1.409s]   File "<frozen importlib._bootstrap>", line 935, in _load_unlocked
[1.409s]   File "<frozen importlib._bootstrap_external>", line 995, in exec_module
[1.409s]   File "<frozen importlib._bootstrap>", line 488, in _call_with_frames_removed
[1.409s]   File "/usr/lib/python3/dist-packages/setuptools/command/develop.py", line 8, in <module>
[1.411s]     from setuptools.command.easy_install import easy_install
[1.411s]   File "/usr/lib/python3/dist-packages/setuptools/command/easy_install.py", line 50, in <module>
[1.411s]     from setuptools.sandbox import run_setup
[1.411s]   File "/usr/lib/python3/dist-packages/setuptools/sandbox.py", line 13, in <module>
[1.411s]     import pkg_resources
[1.411s]   File "/usr/lib/python3/dist-packages/pkg_resources/__init__.py", line 3327, in <module>
[1.411s]     @_call_aside
[1.411s]      ^^^^^^^^^^^
[1.411s]   File "/usr/lib/python3/dist-packages/pkg_resources/__init__.py", line 3302, in _call_aside
[1.412s]     f(*args, **kwargs)
[1.412s]   File "/usr/lib/python3/dist-packages/pkg_resources/__init__.py", line 3360, in _initialize_master_working_set
[1.412s]     list(map(working_set.add_entry, sys.path))
[1.412s]   File "/usr/lib/python3/dist-packages/pkg_resources/__init__.py", line 671, in add_entry
[1.412s]     for dist in find_distributions(entry, True):
[1.412s]   File "/usr/lib/python3/dist-packages/pkg_resources/__init__.py", line 2134, in find_on_path
[1.413s]     for dist in factory(fullpath):
[1.413s]   File "/usr/lib/python3/dist-packages/pkg_resources/__init__.py", line 2199, in distributions_from_metadata
[1.413s]     yield Distribution.from_location(
[1.413s]           ^^^^^^^^^^^^^^^^^^^^^^^^^^^
[1.413s]   File "/usr/lib/python3/dist-packages/pkg_resources/__init__.py", line 2673, in from_location
[1.413s]     )._reload_version()
[1.414s]       ^^^^^^^^^^^^^^^^^
[1.414s]   File "/usr/lib/python3/dist-packages/pkg_resources/__init__.py", line 3081, in _reload_version
[1.414s]     md_version = self._get_version()
[1.414s]                  ^^^^^^^^^^^^^^^^^^^
[1.414s]   File "/usr/lib/python3/dist-packages/pkg_resources/__init__.py", line 2858, in _get_version
[1.414s]     version = _version_from_file(lines)
[1.414s]               ^^^^^^^^^^^^^^^^^^^^^^^^^
[1.414s]   File "/usr/lib/python3/dist-packages/pkg_resources/__init__.py", line 2624, in _version_from_file
[1.415s]     line = next(iter(version_lines), '')
[1.415s]            ^^^^^^^^^^^^^^^^^^^^^^^^^^^^^
[1.415s]   File "/usr/lib/python3/dist-packages/pkg_resources/__init__.py", line 2621, in is_version_line
[1.415s]     return line.lower().startswith('version:')
[1.415s]            ^^^^^^^^^^^^^^^^^^^^^^^^^^^^^^^^^^^
[1.415s] KeyboardInterrupt
