-- Found ament_cmake: 2.5.4 (/opt/ros/jazzy/share/ament_cmake/cmake)
-- Override CMake install command with custom implementation using symlinks instead of copying resources
-- Found rclpy: 7.1.6 (/opt/ros/jazzy/share/rclpy/cmake)
-- Found ros2_aruco_interfaces: 0.1.0 (/home/pp/Tawan-pe-/install/ros2_aruco_interfaces/share/ros2_aruco_interfaces/cmake)
-- Found rosidl_generator_c: 4.6.6 (/opt/ros/jazzy/share/rosidl_generator_c/cmake)
-- Found rosidl_generator_cpp: 4.6.6 (/opt/ros/jazzy/share/rosidl_generator_cpp/cmake)
-- Using all available rosidl_typesupport_c: rosidl_typesupport_fastrtps_c;rosidl_typesupport_introspection_c
-- Using all available rosidl_typesupport_cpp: rosidl_typesupport_fastrtps_cpp;rosidl_typesupport_introspection_cpp
-- Configuring done (0.9s)
-- Generating done (0.0s)
-- Build files have been written to: /home/pp/Tawan-pe-/build/ired_aruco
-- Install configuration: ""
-- Execute custom install script
-- Up-to-date symlink: /home/pp/Tawan-pe-/install/ired_aruco/share/ired_aruco/launch/aruco_detect.launch.py
-- Up-to-date symlink: /home/pp/Tawan-pe-/install/ired_aruco/share/ired_aruco/rviz/aruco.rviz
-- Up-to-date symlink: /home/pp/Tawan-pe-/install/ired_aruco/share/ired_aruco/config/camera_calibration/ost.txt
-- Up-to-date symlink: /home/pp/Tawan-pe-/install/ired_aruco/share/ired_aruco/config/camera_calibration/ost.yaml
-- Up-to-date symlink: /home/pp/Tawan-pe-/install/ired_aruco/share/ament_index/resource_index/package_run_dependencies/ired_aruco
-- Up-to-date symlink: /home/pp/Tawan-pe-/install/ired_aruco/share/ament_index/resource_index/parent_prefix_path/ired_aruco
-- Up-to-date symlink: /home/pp/Tawan-pe-/install/ired_aruco/share/ired_aruco/environment/ament_prefix_path.sh
-- Up-to-date symlink: /home/pp/Tawan-pe-/install/ired_aruco/share/ired_aruco/environment/ament_prefix_path.dsv
-- Up-to-date symlink: /home/pp/Tawan-pe-/install/ired_aruco/share/ired_aruco/environment/path.sh
-- Up-to-date symlink: /home/pp/Tawan-pe-/install/ired_aruco/share/ired_aruco/environment/path.dsv
-- Up-to-date symlink: /home/pp/Tawan-pe-/install/ired_aruco/share/ired_aruco/local_setup.bash
-- Up-to-date symlink: /home/pp/Tawan-pe-/install/ired_aruco/share/ired_aruco/local_setup.sh
-- Up-to-date symlink: /home/pp/Tawan-pe-/install/ired_aruco/share/ired_aruco/local_setup.zsh
-- Up-to-date symlink: /home/pp/Tawan-pe-/install/ired_aruco/share/ired_aruco/local_setup.dsv
-- Symlinking: /home/pp/Tawan-pe-/install/ired_aruco/share/ired_aruco/package.dsv
-- Up-to-date symlink: /home/pp/Tawan-pe-/install/ired_aruco/share/ament_index/resource_index/packages/ired_aruco
-- Up-to-date symlink: /home/pp/Tawan-pe-/install/ired_aruco/share/ired_aruco/cmake/ired_arucoConfig.cmake
-- Up-to-date symlink: /home/pp/Tawan-pe-/install/ired_aruco/share/ired_aruco/cmake/ired_arucoConfig-version.cmake
-- Up-to-date symlink: /home/pp/Tawan-pe-/install/ired_aruco/share/ired_aruco/package.xml
