[0.026s] Invoking command in '/home/pi/robot_ws/build/ired_bringup': CMAKE_PREFIX_PATH=/home/pi/robot_ws/install/ired_msgs:/home/pi/robot_ws/install/rplidar_ros:/home/pi/robot_ws/install/ros2_laser_scan_matcher:/home/pi/robot_ws/install/ired_rviz:/home/pi/robot_ws/install/ired_navigation:/home/pi/robot_ws/install/ired_bringup:/home/pi/robot_ws/install/csm:/opt/ros/jazzy/opt/gz_sim_vendor:/opt/ros/jazzy/opt/gz_sensors_vendor:/opt/ros/jazzy/opt/gz_physics_vendor:/opt/ros/jazzy/opt/sdformat_vendor:/opt/ros/jazzy/opt/gz_gui_vendor:/opt/ros/jazzy/opt/gz_transport_vendor:/opt/ros/jazzy/opt/gz_rendering_vendor:/opt/ros/jazzy/opt/gz_plugin_vendor:/opt/ros/jazzy/opt/gz_fuel_tools_vendor:/opt/ros/jazzy/opt/gz_msgs_vendor:/opt/ros/jazzy/opt/gz_common_vendor:/opt/ros/jazzy/opt/gz_math_vendor:/opt/ros/jazzy/opt/gz_utils_vendor:/opt/ros/jazzy/opt/gz_tools_vendor:/opt/ros/jazzy/opt/gz_ogre_next_vendor:/opt/ros/jazzy/opt/gz_dartsim_vendor:/opt/ros/jazzy/opt/gz_cmake_vendor:/home/pi/robot_ws/install/ired_teleop:/home/pi/robot_ws/install/ired_movetogoal:/opt/ros/jazzy DEBUGINFOD_URLS=https://debuginfod.ubuntu.com PYTHONPATH=/home/pi/robot_ws/install/ired_msgs/lib/python3.12/site-packages:/home/pi/robot_ws/build/ired_teleop:/home/pi/robot_ws/install/ired_teleop/lib/python3.12/site-packages:/home/pi/robot_ws/build/ired_movetogoal:/home/pi/robot_ws/install/ired_movetogoal/lib/python3.12/site-packages:/opt/ros/jazzy/lib/python3.12/site-packages /usr/bin/cmake --build /home/pi/robot_ws/build/ired_bringup -- -j16 -l16
[0.231s] [  9%] [32mBuilding CXX object CMakeFiles/odom_node.dir/src/odom.cpp.o[0m
[0.238s] [ 18%] [32mBuilding CXX object CMakeFiles/imu_node.dir/src/imu.cpp.o[0m
[0.252s] [ 27%] [32mBuilding CXX object CMakeFiles/forward_kinematics_node.dir/src/forward_kinematics.cpp.o[0m
[0.253s] [ 36%] [32mBuilding CXX object CMakeFiles/iredcr_modbus_node.dir/src/modbus_rtu.cpp.o[0m
[0.255s] [ 45%] [32m[1mLinking CXX executable inverse_kinematics_node[0m
[0.265s] [ 54%] [32mBuilding CXX object CMakeFiles/iredcr_modbus_node.dir/src/ired_controller.cpp.o[0m
[1.234s] [ 63%] Built target inverse_kinematics_node
[9.359s] [ 72%] [32m[1mLinking CXX executable forward_kinematics_node[0m
[9.785s] [ 72%] Built target forward_kinematics_node
[9.836s] [ 81%] [32m[1mLinking CXX executable imu_node[0m
[10.235s] [ 81%] Built target imu_node
[10.926s] [ 90%] [32m[1mLinking CXX executable iredcr_modbus_node[0m
[11.308s] [ 90%] Built target iredcr_modbus_node
[14.733s] [100%] [32m[1mLinking CXX executable odom_node[0m
[15.243s] [100%] Built target odom_node
[15.255s] Invoked command in '/home/pi/robot_ws/build/ired_bringup' returned '0': CMAKE_PREFIX_PATH=/home/pi/robot_ws/install/ired_msgs:/home/pi/robot_ws/install/rplidar_ros:/home/pi/robot_ws/install/ros2_laser_scan_matcher:/home/pi/robot_ws/install/ired_rviz:/home/pi/robot_ws/install/ired_navigation:/home/pi/robot_ws/install/ired_bringup:/home/pi/robot_ws/install/csm:/opt/ros/jazzy/opt/gz_sim_vendor:/opt/ros/jazzy/opt/gz_sensors_vendor:/opt/ros/jazzy/opt/gz_physics_vendor:/opt/ros/jazzy/opt/sdformat_vendor:/opt/ros/jazzy/opt/gz_gui_vendor:/opt/ros/jazzy/opt/gz_transport_vendor:/opt/ros/jazzy/opt/gz_rendering_vendor:/opt/ros/jazzy/opt/gz_plugin_vendor:/opt/ros/jazzy/opt/gz_fuel_tools_vendor:/opt/ros/jazzy/opt/gz_msgs_vendor:/opt/ros/jazzy/opt/gz_common_vendor:/opt/ros/jazzy/opt/gz_math_vendor:/opt/ros/jazzy/opt/gz_utils_vendor:/opt/ros/jazzy/opt/gz_tools_vendor:/opt/ros/jazzy/opt/gz_ogre_next_vendor:/opt/ros/jazzy/opt/gz_dartsim_vendor:/opt/ros/jazzy/opt/gz_cmake_vendor:/home/pi/robot_ws/install/ired_teleop:/home/pi/robot_ws/install/ired_movetogoal:/opt/ros/jazzy DEBUGINFOD_URLS=https://debuginfod.ubuntu.com PYTHONPATH=/home/pi/robot_ws/install/ired_msgs/lib/python3.12/site-packages:/home/pi/robot_ws/build/ired_teleop:/home/pi/robot_ws/install/ired_teleop/lib/python3.12/site-packages:/home/pi/robot_ws/build/ired_movetogoal:/home/pi/robot_ws/install/ired_movetogoal/lib/python3.12/site-packages:/opt/ros/jazzy/lib/python3.12/site-packages /usr/bin/cmake --build /home/pi/robot_ws/build/ired_bringup -- -j16 -l16
[15.256s] Invoking command in '/home/pi/robot_ws/build/ired_bringup': CMAKE_PREFIX_PATH=/home/pi/robot_ws/install/ired_msgs:/home/pi/robot_ws/install/rplidar_ros:/home/pi/robot_ws/install/ros2_laser_scan_matcher:/home/pi/robot_ws/install/ired_rviz:/home/pi/robot_ws/install/ired_navigation:/home/pi/robot_ws/install/ired_bringup:/home/pi/robot_ws/install/csm:/opt/ros/jazzy/opt/gz_sim_vendor:/opt/ros/jazzy/opt/gz_sensors_vendor:/opt/ros/jazzy/opt/gz_physics_vendor:/opt/ros/jazzy/opt/sdformat_vendor:/opt/ros/jazzy/opt/gz_gui_vendor:/opt/ros/jazzy/opt/gz_transport_vendor:/opt/ros/jazzy/opt/gz_rendering_vendor:/opt/ros/jazzy/opt/gz_plugin_vendor:/opt/ros/jazzy/opt/gz_fuel_tools_vendor:/opt/ros/jazzy/opt/gz_msgs_vendor:/opt/ros/jazzy/opt/gz_common_vendor:/opt/ros/jazzy/opt/gz_math_vendor:/opt/ros/jazzy/opt/gz_utils_vendor:/opt/ros/jazzy/opt/gz_tools_vendor:/opt/ros/jazzy/opt/gz_ogre_next_vendor:/opt/ros/jazzy/opt/gz_dartsim_vendor:/opt/ros/jazzy/opt/gz_cmake_vendor:/home/pi/robot_ws/install/ired_teleop:/home/pi/robot_ws/install/ired_movetogoal:/opt/ros/jazzy DEBUGINFOD_URLS=https://debuginfod.ubuntu.com PYTHONPATH=/home/pi/robot_ws/install/ired_msgs/lib/python3.12/site-packages:/home/pi/robot_ws/build/ired_teleop:/home/pi/robot_ws/install/ired_teleop/lib/python3.12/site-packages:/home/pi/robot_ws/build/ired_movetogoal:/home/pi/robot_ws/install/ired_movetogoal/lib/python3.12/site-packages:/opt/ros/jazzy/lib/python3.12/site-packages /usr/bin/cmake --install /home/pi/robot_ws/build/ired_bringup
[15.268s] -- Install configuration: ""
[15.268s] -- Execute custom install script
[15.268s] -- Up-to-date symlink: /home/pi/robot_ws/install/ired_bringup/lib/ired_bringup/forward_kinematics_node
[15.268s] -- Up-to-date symlink: /home/pi/robot_ws/install/ired_bringup/lib/ired_bringup/inverse_kinematics_node
[15.268s] -- Up-to-date symlink: /home/pi/robot_ws/install/ired_bringup/lib/ired_bringup/imu_node
[15.269s] -- Up-to-date symlink: /home/pi/robot_ws/install/ired_bringup/lib/ired_bringup/iredcr_modbus_node
[15.269s] -- Up-to-date symlink: /home/pi/robot_ws/install/ired_bringup/lib/ired_bringup/odom_node
[15.269s] -- Up-to-date symlink: /home/pi/robot_ws/install/ired_bringup/share/ired_bringup/launch/bringup.launch.py
[15.269s] -- Up-to-date symlink: /home/pi/robot_ws/install/ired_bringup/share/ired_bringup/param/ired.yaml
[15.269s] -- Up-to-date symlink: /home/pi/robot_ws/install/ired_bringup/share/ired_bringup/param/laser_config.yaml
[15.270s] -- Up-to-date symlink: /home/pi/robot_ws/install/ired_bringup/share/ired_bringup/param/laser_scan_matcher.yaml
[15.270s] -- Up-to-date symlink: /home/pi/robot_ws/install/ired_bringup/share/ired_bringup/urdf/ired.urdf.xacro
[15.271s] -- Up-to-date symlink: /home/pi/robot_ws/install/ired_bringup/include//ired_bringup/forward_kinematics.hpp
[15.271s] -- Up-to-date symlink: /home/pi/robot_ws/install/ired_bringup/include//ired_bringup/imu.hpp
[15.271s] -- Up-to-date symlink: /home/pi/robot_ws/install/ired_bringup/include//ired_bringup/inverse_kinematics.hpp
[15.271s] -- Up-to-date symlink: /home/pi/robot_ws/install/ired_bringup/include//ired_bringup/ired_controller.hpp
[15.271s] -- Up-to-date symlink: /home/pi/robot_ws/install/ired_bringup/include//ired_bringup/ired_controller_define.hpp
[15.271s] -- Up-to-date symlink: /home/pi/robot_ws/install/ired_bringup/include//ired_bringup/odom.hpp
[15.272s] -- Up-to-date symlink: /home/pi/robot_ws/install/ired_bringup/include//modbus_rtu.hpp
[15.272s] -- Up-to-date symlink: /home/pi/robot_ws/install/ired_bringup/share/ament_index/resource_index/package_run_dependencies/ired_bringup
[15.272s] -- Up-to-date symlink: /home/pi/robot_ws/install/ired_bringup/share/ament_index/resource_index/parent_prefix_path/ired_bringup
[15.273s] -- Up-to-date symlink: /home/pi/robot_ws/install/ired_bringup/share/ired_bringup/environment/ament_prefix_path.sh
[15.273s] -- Up-to-date symlink: /home/pi/robot_ws/install/ired_bringup/share/ired_bringup/environment/ament_prefix_path.dsv
[15.273s] -- Up-to-date symlink: /home/pi/robot_ws/install/ired_bringup/share/ired_bringup/environment/path.sh
[15.273s] -- Up-to-date symlink: /home/pi/robot_ws/install/ired_bringup/share/ired_bringup/environment/path.dsv
[15.273s] -- Up-to-date symlink: /home/pi/robot_ws/install/ired_bringup/share/ired_bringup/local_setup.bash
[15.273s] -- Up-to-date symlink: /home/pi/robot_ws/install/ired_bringup/share/ired_bringup/local_setup.sh
[15.274s] -- Up-to-date symlink: /home/pi/robot_ws/install/ired_bringup/share/ired_bringup/local_setup.zsh
[15.274s] -- Up-to-date symlink: /home/pi/robot_ws/install/ired_bringup/share/ired_bringup/local_setup.dsv
[15.274s] -- Symlinking: /home/pi/robot_ws/install/ired_bringup/share/ired_bringup/package.dsv
[15.285s] -- Up-to-date symlink: /home/pi/robot_ws/install/ired_bringup/share/ament_index/resource_index/packages/ired_bringup
[15.285s] -- Up-to-date symlink: /home/pi/robot_ws/install/ired_bringup/share/ired_bringup/cmake/ament_cmake_export_include_directories-extras.cmake
[15.286s] -- Up-to-date symlink: /home/pi/robot_ws/install/ired_bringup/share/ired_bringup/cmake/ament_cmake_export_dependencies-extras.cmake
[15.286s] -- Up-to-date symlink: /home/pi/robot_ws/install/ired_bringup/share/ired_bringup/cmake/ired_bringupConfig.cmake
[15.286s] -- Up-to-date symlink: /home/pi/robot_ws/install/ired_bringup/share/ired_bringup/cmake/ired_bringupConfig-version.cmake
[15.286s] -- Up-to-date symlink: /home/pi/robot_ws/install/ired_bringup/share/ired_bringup/package.xml
[15.288s] Invoked command in '/home/pi/robot_ws/build/ired_bringup' returned '0': CMAKE_PREFIX_PATH=/home/pi/robot_ws/install/ired_msgs:/home/pi/robot_ws/install/rplidar_ros:/home/pi/robot_ws/install/ros2_laser_scan_matcher:/home/pi/robot_ws/install/ired_rviz:/home/pi/robot_ws/install/ired_navigation:/home/pi/robot_ws/install/ired_bringup:/home/pi/robot_ws/install/csm:/opt/ros/jazzy/opt/gz_sim_vendor:/opt/ros/jazzy/opt/gz_sensors_vendor:/opt/ros/jazzy/opt/gz_physics_vendor:/opt/ros/jazzy/opt/sdformat_vendor:/opt/ros/jazzy/opt/gz_gui_vendor:/opt/ros/jazzy/opt/gz_transport_vendor:/opt/ros/jazzy/opt/gz_rendering_vendor:/opt/ros/jazzy/opt/gz_plugin_vendor:/opt/ros/jazzy/opt/gz_fuel_tools_vendor:/opt/ros/jazzy/opt/gz_msgs_vendor:/opt/ros/jazzy/opt/gz_common_vendor:/opt/ros/jazzy/opt/gz_math_vendor:/opt/ros/jazzy/opt/gz_utils_vendor:/opt/ros/jazzy/opt/gz_tools_vendor:/opt/ros/jazzy/opt/gz_ogre_next_vendor:/opt/ros/jazzy/opt/gz_dartsim_vendor:/opt/ros/jazzy/opt/gz_cmake_vendor:/home/pi/robot_ws/install/ired_teleop:/home/pi/robot_ws/install/ired_movetogoal:/opt/ros/jazzy DEBUGINFOD_URLS=https://debuginfod.ubuntu.com PYTHONPATH=/home/pi/robot_ws/install/ired_msgs/lib/python3.12/site-packages:/home/pi/robot_ws/build/ired_teleop:/home/pi/robot_ws/install/ired_teleop/lib/python3.12/site-packages:/home/pi/robot_ws/build/ired_movetogoal:/home/pi/robot_ws/install/ired_movetogoal/lib/python3.12/site-packages:/opt/ros/jazzy/lib/python3.12/site-packages /usr/bin/cmake --install /home/pi/robot_ws/build/ired_bringup
