[0.053s] Invoking command in '/home/pp/Tawan-pe-/build/csm': CMAKE_PREFIX_PATH=${CMAKE_PREFIX_PATH}:/home/pp/Tawan-pe-/install/station_pkg:/home/pp/Tawan-pe-/install/station_manager:/home/pp/Tawan-pe-/install/ros2_aruco:/home/pp/Tawan-pe-/install/motion_control:/home/pp/Tawan-pe-/install/ired_teleop:/home/pp/Tawan-pe-/install/ired_movetogoal:/opt/ros/jazzy DEBUGINFOD_URLS=https://debuginfod.ubuntu.com /usr/bin/cmake --build /home/pp/Tawan-pe-/build/csm -- -j12 -l12
[0.902s] [100%] Built target csm
[0.911s] Invoked command in '/home/pp/Tawan-pe-/build/csm' returned '0': CMAKE_PREFIX_PATH=${CMAKE_PREFIX_PATH}:/home/pp/Tawan-pe-/install/station_pkg:/home/pp/Tawan-pe-/install/station_manager:/home/pp/Tawan-pe-/install/ros2_aruco:/home/pp/Tawan-pe-/install/motion_control:/home/pp/Tawan-pe-/install/ired_teleop:/home/pp/Tawan-pe-/install/ired_movetogoal:/opt/ros/jazzy DEBUGINFOD_URLS=https://debuginfod.ubuntu.com /usr/bin/cmake --build /home/pp/Tawan-pe-/build/csm -- -j12 -l12
[0.919s] Invoking command in '/home/pp/Tawan-pe-/build/csm': CMAKE_PREFIX_PATH=${CMAKE_PREFIX_PATH}:/home/pp/Tawan-pe-/install/station_pkg:/home/pp/Tawan-pe-/install/station_manager:/home/pp/Tawan-pe-/install/ros2_aruco:/home/pp/Tawan-pe-/install/motion_control:/home/pp/Tawan-pe-/install/ired_teleop:/home/pp/Tawan-pe-/install/ired_movetogoal:/opt/ros/jazzy DEBUGINFOD_URLS=https://debuginfod.ubuntu.com /usr/bin/cmake --install /home/pp/Tawan-pe-/build/csm
[0.956s] -- Install configuration: ""
[0.956s] -- Execute custom install script
[0.957s] -- Up-to-date symlink: /home/pp/Tawan-pe-/install/csm/lib/libcsm.so
[0.957s] -- Up-to-date symlink: /home/pp/Tawan-pe-/install/csm/include/..//include/csm/algos.h
[0.957s] -- Up-to-date symlink: /home/pp/Tawan-pe-/install/csm/include/..//include/csm/csm.h
[0.957s] -- Up-to-date symlink: /home/pp/Tawan-pe-/install/csm/include/..//include/csm/laser_data.h
[0.957s] -- Up-to-date symlink: /home/pp/Tawan-pe-/install/csm/include/..//include/csm/laser_data_inline.h
[0.957s] -- Up-to-date symlink: /home/pp/Tawan-pe-/install/csm/include/..//include/csm/restrict.h
[0.957s] -- Up-to-date symlink: /home/pp/Tawan-pe-/install/csm/include/..//include/gsl_eigen/gsl_eigen.h
[0.957s] -- Up-to-date symlink: /home/pp/Tawan-pe-/install/csm/share/csm/resource/csm
[0.957s] -- Up-to-date symlink: /home/pp/Tawan-pe-/install/csm/include/../gsl_eigen/gsl_eigen.h
[0.957s] -- Up-to-date symlink: /home/pp/Tawan-pe-/install/csm/share/csm/environment/library_path.sh
[0.957s] -- Up-to-date symlink: /home/pp/Tawan-pe-/install/csm/share/csm/environment/library_path.dsv
[0.958s] -- Up-to-date symlink: /home/pp/Tawan-pe-/install/csm/share/ament_index/resource_index/package_run_dependencies/csm
[0.958s] -- Up-to-date symlink: /home/pp/Tawan-pe-/install/csm/share/ament_index/resource_index/parent_prefix_path/csm
[0.958s] -- Up-to-date symlink: /home/pp/Tawan-pe-/install/csm/share/csm/environment/ament_prefix_path.sh
[0.958s] -- Up-to-date symlink: /home/pp/Tawan-pe-/install/csm/share/csm/environment/ament_prefix_path.dsv
[0.958s] -- Up-to-date symlink: /home/pp/Tawan-pe-/install/csm/share/csm/environment/path.sh
[0.958s] -- Up-to-date symlink: /home/pp/Tawan-pe-/install/csm/share/csm/environment/path.dsv
[0.958s] -- Up-to-date symlink: /home/pp/Tawan-pe-/install/csm/share/csm/local_setup.bash
[0.958s] -- Up-to-date symlink: /home/pp/Tawan-pe-/install/csm/share/csm/local_setup.sh
[0.958s] -- Up-to-date symlink: /home/pp/Tawan-pe-/install/csm/share/csm/local_setup.zsh
[0.959s] -- Up-to-date symlink: /home/pp/Tawan-pe-/install/csm/share/csm/local_setup.dsv
[0.959s] -- Symlinking: /home/pp/Tawan-pe-/install/csm/share/csm/package.dsv
[0.982s] -- Up-to-date symlink: /home/pp/Tawan-pe-/install/csm/share/ament_index/resource_index/packages/csm
[0.982s] -- Up-to-date symlink: /home/pp/Tawan-pe-/install/csm/share/csm/cmake/ament_cmake_export_dependencies-extras.cmake
[0.982s] -- Up-to-date symlink: /home/pp/Tawan-pe-/install/csm/share/csm/cmake/ament_cmake_export_include_directories-extras.cmake
[0.982s] -- Up-to-date symlink: /home/pp/Tawan-pe-/install/csm/share/csm/cmake/ament_cmake_export_libraries-extras.cmake
[0.982s] -- Up-to-date symlink: /home/pp/Tawan-pe-/install/csm/share/csm/cmake/csmConfig.cmake
[0.982s] -- Up-to-date symlink: /home/pp/Tawan-pe-/install/csm/share/csm/cmake/csmConfig-version.cmake
[0.982s] -- Up-to-date symlink: /home/pp/Tawan-pe-/install/csm/share/csm/package.xml
[1.059s] Invoked command in '/home/pp/Tawan-pe-/build/csm' returned '0': CMAKE_PREFIX_PATH=${CMAKE_PREFIX_PATH}:/home/pp/Tawan-pe-/install/station_pkg:/home/pp/Tawan-pe-/install/station_manager:/home/pp/Tawan-pe-/install/ros2_aruco:/home/pp/Tawan-pe-/install/motion_control:/home/pp/Tawan-pe-/install/ired_teleop:/home/pp/Tawan-pe-/install/ired_movetogoal:/opt/ros/jazzy DEBUGINFOD_URLS=https://debuginfod.ubuntu.com /usr/bin/cmake --install /home/pp/Tawan-pe-/build/csm
