[0.526s] Invoking command in '/home/pp/Tawan-pe-/build/ired_rviz': CMAKE_PREFIX_PATH=${CMAKE_PREFIX_PATH}:/home/pp/Tawan-pe-/install/station_pkg:/home/pp/Tawan-pe-/install/ros2_aruco:/home/pp/Tawan-pe-/install/motion_control:/home/pp/Tawan-pe-/install/ired_teleop:/home/pp/Tawan-pe-/install/ired_movetogoal:/opt/ros/jazzy DEBUGINFOD_URLS=https://debuginfod.ubuntu.com /usr/bin/cmake /home/pp/Tawan-pe-/src/robot/ired_rviz -DAMENT_CMAKE_SYMLINK_INSTALL=1 -DCMAKE_INSTALL_PREFIX=/home/pp/Tawan-pe-/install/ired_rviz
[1.882s] -- Found ament_cmake: 2.5.4 (/opt/ros/jazzy/share/ament_cmake/cmake)
[1.883s] -- Override CMake install command with custom implementation using symlinks instead of copying resources
[1.883s] -- Configuring done (0.7s)
[1.883s] -- Generating done (0.0s)
[1.883s] -- Build files have been written to: /home/pp/Tawan-pe-/build/ired_rviz
[1.892s] Invoked command in '/home/pp/Tawan-pe-/build/ired_rviz' returned '0': CMAKE_PREFIX_PATH=${CMAKE_PREFIX_PATH}:/home/pp/Tawan-pe-/install/station_pkg:/home/pp/Tawan-pe-/install/ros2_aruco:/home/pp/Tawan-pe-/install/motion_control:/home/pp/Tawan-pe-/install/ired_teleop:/home/pp/Tawan-pe-/install/ired_movetogoal:/opt/ros/jazzy DEBUGINFOD_URLS=https://debuginfod.ubuntu.com /usr/bin/cmake /home/pp/Tawan-pe-/src/robot/ired_rviz -DAMENT_CMAKE_SYMLINK_INSTALL=1 -DCMAKE_INSTALL_PREFIX=/home/pp/Tawan-pe-/install/ired_rviz
[1.893s] Invoking command in '/home/pp/Tawan-pe-/build/ired_rviz': CMAKE_PREFIX_PATH=${CMAKE_PREFIX_PATH}:/home/pp/Tawan-pe-/install/station_pkg:/home/pp/Tawan-pe-/install/ros2_aruco:/home/pp/Tawan-pe-/install/motion_control:/home/pp/Tawan-pe-/install/ired_teleop:/home/pp/Tawan-pe-/install/ired_movetogoal:/opt/ros/jazzy DEBUGINFOD_URLS=https://debuginfod.ubuntu.com /usr/bin/cmake --build /home/pp/Tawan-pe-/build/ired_rviz -- -j12 -l12
[1.999s] Invoked command in '/home/pp/Tawan-pe-/build/ired_rviz' returned '0': CMAKE_PREFIX_PATH=${CMAKE_PREFIX_PATH}:/home/pp/Tawan-pe-/install/station_pkg:/home/pp/Tawan-pe-/install/ros2_aruco:/home/pp/Tawan-pe-/install/motion_control:/home/pp/Tawan-pe-/install/ired_teleop:/home/pp/Tawan-pe-/install/ired_movetogoal:/opt/ros/jazzy DEBUGINFOD_URLS=https://debuginfod.ubuntu.com /usr/bin/cmake --build /home/pp/Tawan-pe-/build/ired_rviz -- -j12 -l12
[2.003s] Invoking command in '/home/pp/Tawan-pe-/build/ired_rviz': CMAKE_PREFIX_PATH=${CMAKE_PREFIX_PATH}:/home/pp/Tawan-pe-/install/station_pkg:/home/pp/Tawan-pe-/install/ros2_aruco:/home/pp/Tawan-pe-/install/motion_control:/home/pp/Tawan-pe-/install/ired_teleop:/home/pp/Tawan-pe-/install/ired_movetogoal:/opt/ros/jazzy DEBUGINFOD_URLS=https://debuginfod.ubuntu.com /usr/bin/cmake --install /home/pp/Tawan-pe-/build/ired_rviz
[2.032s] -- Install configuration: ""
[2.033s] -- Execute custom install script
[2.034s] -- Up-to-date symlink: /home/pp/Tawan-pe-/install/ired_rviz/share/ired_rviz/launch/navigation.launch.py
[2.034s] -- Up-to-date symlink: /home/pp/Tawan-pe-/install/ired_rviz/share/ired_rviz/launch/slam.launch.py
[2.034s] -- Up-to-date symlink: /home/pp/Tawan-pe-/install/ired_rviz/share/ired_rviz/rviz/bringup.rviz
[2.035s] -- Up-to-date symlink: /home/pp/Tawan-pe-/install/ired_rviz/share/ired_rviz/rviz/navi.rviz
[2.035s] -- Up-to-date symlink: /home/pp/Tawan-pe-/install/ired_rviz/share/ired_rviz/rviz/robot_urdf.rviz
[2.036s] -- Up-to-date symlink: /home/pp/Tawan-pe-/install/ired_rviz/share/ired_rviz/rviz/slam.rviz
[2.036s] -- Up-to-date symlink: /home/pp/Tawan-pe-/install/ired_rviz/share/ament_index/resource_index/package_run_dependencies/ired_rviz
[2.036s] -- Up-to-date symlink: /home/pp/Tawan-pe-/install/ired_rviz/share/ament_index/resource_index/parent_prefix_path/ired_rviz
[2.036s] -- Up-to-date symlink: /home/pp/Tawan-pe-/install/ired_rviz/share/ired_rviz/environment/ament_prefix_path.sh
[2.037s] -- Up-to-date symlink: /home/pp/Tawan-pe-/install/ired_rviz/share/ired_rviz/environment/ament_prefix_path.dsv
[2.037s] -- Up-to-date symlink: /home/pp/Tawan-pe-/install/ired_rviz/share/ired_rviz/environment/path.sh
[2.037s] -- Up-to-date symlink: /home/pp/Tawan-pe-/install/ired_rviz/share/ired_rviz/environment/path.dsv
[2.038s] -- Up-to-date symlink: /home/pp/Tawan-pe-/install/ired_rviz/share/ired_rviz/local_setup.bash
[2.038s] -- Up-to-date symlink: /home/pp/Tawan-pe-/install/ired_rviz/share/ired_rviz/local_setup.sh
[2.039s] -- Up-to-date symlink: /home/pp/Tawan-pe-/install/ired_rviz/share/ired_rviz/local_setup.zsh
[2.039s] -- Up-to-date symlink: /home/pp/Tawan-pe-/install/ired_rviz/share/ired_rviz/local_setup.dsv
[2.039s] -- Symlinking: /home/pp/Tawan-pe-/install/ired_rviz/share/ired_rviz/package.dsv
[2.062s] -- Up-to-date symlink: /home/pp/Tawan-pe-/install/ired_rviz/share/ament_index/resource_index/packages/ired_rviz
[2.062s] -- Up-to-date symlink: /home/pp/Tawan-pe-/install/ired_rviz/share/ired_rviz/cmake/ired_rvizConfig.cmake
[2.063s] -- Up-to-date symlink: /home/pp/Tawan-pe-/install/ired_rviz/share/ired_rviz/cmake/ired_rvizConfig-version.cmake
[2.063s] -- Up-to-date symlink: /home/pp/Tawan-pe-/install/ired_rviz/share/ired_rviz/package.xml
[2.125s] Invoked command in '/home/pp/Tawan-pe-/build/ired_rviz' returned '0': CMAKE_PREFIX_PATH=${CMAKE_PREFIX_PATH}:/home/pp/Tawan-pe-/install/station_pkg:/home/pp/Tawan-pe-/install/ros2_aruco:/home/pp/Tawan-pe-/install/motion_control:/home/pp/Tawan-pe-/install/ired_teleop:/home/pp/Tawan-pe-/install/ired_movetogoal:/opt/ros/jazzy DEBUGINFOD_URLS=https://debuginfod.ubuntu.com /usr/bin/cmake --install /home/pp/Tawan-pe-/build/ired_rviz
