[0.229s] Invoking command in '/home/pp/Tawan-pe-/build/ired_navigation': CMAKE_PREFIX_PATH=${CMAKE_PREFIX_PATH}:/home/pp/Tawan-pe-/install/station_pkg:/home/pp/Tawan-pe-/install/ros2_aruco:/home/pp/Tawan-pe-/install/motion_control:/home/pp/Tawan-pe-/install/ired_teleop:/home/pp/Tawan-pe-/install/ired_movetogoal:/opt/ros/jazzy DEBUGINFOD_URLS=https://debuginfod.ubuntu.com /usr/bin/cmake --build /home/pp/Tawan-pe-/build/ired_navigation -- -j12 -l12
[0.781s] Invoked command in '/home/pp/Tawan-pe-/build/ired_navigation' returned '0': CMAKE_PREFIX_PATH=${CMAKE_PREFIX_PATH}:/home/pp/Tawan-pe-/install/station_pkg:/home/pp/Tawan-pe-/install/ros2_aruco:/home/pp/Tawan-pe-/install/motion_control:/home/pp/Tawan-pe-/install/ired_teleop:/home/pp/Tawan-pe-/install/ired_movetogoal:/opt/ros/jazzy DEBUGINFOD_URLS=https://debuginfod.ubuntu.com /usr/bin/cmake --build /home/pp/Tawan-pe-/build/ired_navigation -- -j12 -l12
[0.783s] Invoking command in '/home/pp/Tawan-pe-/build/ired_navigation': CMAKE_PREFIX_PATH=${CMAKE_PREFIX_PATH}:/home/pp/Tawan-pe-/install/station_pkg:/home/pp/Tawan-pe-/install/ros2_aruco:/home/pp/Tawan-pe-/install/motion_control:/home/pp/Tawan-pe-/install/ired_teleop:/home/pp/Tawan-pe-/install/ired_movetogoal:/opt/ros/jazzy DEBUGINFOD_URLS=https://debuginfod.ubuntu.com /usr/bin/cmake --install /home/pp/Tawan-pe-/build/ired_navigation
[0.794s] -- Install configuration: ""
[0.796s] -- Execute custom install script
[0.796s] -- Up-to-date symlink: /home/pp/Tawan-pe-/install/ired_navigation/share/ired_navigation/config/ired_rplidar_2d.lua
[0.797s] -- Up-to-date symlink: /home/pp/Tawan-pe-/install/ired_navigation/share/ired_navigation/launch/navigation.launch.py
[0.797s] -- Up-to-date symlink: /home/pp/Tawan-pe-/install/ired_navigation/share/ired_navigation/launch/occupancy_grid.launch.py
[0.798s] -- Up-to-date symlink: /home/pp/Tawan-pe-/install/ired_navigation/share/ired_navigation/launch/save_map.launch.py
[0.798s] -- Up-to-date symlink: /home/pp/Tawan-pe-/install/ired_navigation/share/ired_navigation/launch/slam.launch.py
[0.800s] -- Up-to-date symlink: /home/pp/Tawan-pe-/install/ired_navigation/share/ired_navigation/maps/1
[0.802s] -- Up-to-date symlink: /home/pp/Tawan-pe-/install/ired_navigation/share/ired_navigation/maps/map.pgm
[0.802s] -- Up-to-date symlink: /home/pp/Tawan-pe-/install/ired_navigation/share/ired_navigation/maps/map.yaml
[0.804s] -- Up-to-date symlink: /home/pp/Tawan-pe-/install/ired_navigation/share/ired_navigation/param/navigation.yaml
[0.804s] -- Up-to-date symlink: /home/pp/Tawan-pe-/install/ired_navigation/share/ament_index/resource_index/package_run_dependencies/ired_navigation
[0.804s] -- Up-to-date symlink: /home/pp/Tawan-pe-/install/ired_navigation/share/ament_index/resource_index/parent_prefix_path/ired_navigation
[0.804s] -- Up-to-date symlink: /home/pp/Tawan-pe-/install/ired_navigation/share/ired_navigation/environment/ament_prefix_path.sh
[0.805s] -- Up-to-date symlink: /home/pp/Tawan-pe-/install/ired_navigation/share/ired_navigation/environment/ament_prefix_path.dsv
[0.805s] -- Up-to-date symlink: /home/pp/Tawan-pe-/install/ired_navigation/share/ired_navigation/environment/path.sh
[0.805s] -- Up-to-date symlink: /home/pp/Tawan-pe-/install/ired_navigation/share/ired_navigation/environment/path.dsv
[0.806s] -- Up-to-date symlink: /home/pp/Tawan-pe-/install/ired_navigation/share/ired_navigation/local_setup.bash
[0.806s] -- Up-to-date symlink: /home/pp/Tawan-pe-/install/ired_navigation/share/ired_navigation/local_setup.sh
[0.810s] -- Up-to-date symlink: /home/pp/Tawan-pe-/install/ired_navigation/share/ired_navigation/local_setup.zsh
[0.810s] -- Up-to-date symlink: /home/pp/Tawan-pe-/install/ired_navigation/share/ired_navigation/local_setup.dsv
[0.811s] -- Symlinking: /home/pp/Tawan-pe-/install/ired_navigation/share/ired_navigation/package.dsv
[0.821s] -- Up-to-date symlink: /home/pp/Tawan-pe-/install/ired_navigation/share/ament_index/resource_index/packages/ired_navigation
[0.821s] -- Up-to-date symlink: /home/pp/Tawan-pe-/install/ired_navigation/share/ired_navigation/cmake/ired_navigationConfig.cmake
[0.821s] -- Up-to-date symlink: /home/pp/Tawan-pe-/install/ired_navigation/share/ired_navigation/cmake/ired_navigationConfig-version.cmake
[0.821s] -- Up-to-date symlink: /home/pp/Tawan-pe-/install/ired_navigation/share/ired_navigation/package.xml
[0.936s] Invoked command in '/home/pp/Tawan-pe-/build/ired_navigation' returned '0': CMAKE_PREFIX_PATH=${CMAKE_PREFIX_PATH}:/home/pp/Tawan-pe-/install/station_pkg:/home/pp/Tawan-pe-/install/ros2_aruco:/home/pp/Tawan-pe-/install/motion_control:/home/pp/Tawan-pe-/install/ired_teleop:/home/pp/Tawan-pe-/install/ired_movetogoal:/opt/ros/jazzy DEBUGINFOD_URLS=https://debuginfod.ubuntu.com /usr/bin/cmake --install /home/pp/Tawan-pe-/build/ired_navigation
