[0.042s] Invoking command in '/home/pi/robot_ws/build/ired_msgs': CMAKE_PREFIX_PATH=${CMAKE_PREFIX_PATH}:/home/pi/robot_ws/install/ired_teleop:/home/pi/robot_ws/install/ired_movetogoal:/opt/ros/jazzy DEBUGINFOD_URLS=https://debuginfod.ubuntu.com /usr/bin/cmake --build /home/pi/robot_ws/build/ired_msgs -- -j16 -l16
[2.288s] [  1%] Built target ired_msgs__rosidl_generator_type_description
[2.288s] [  1%] Built target ament_cmake_python_symlink_ired_msgs
[2.288s] [  2%] Built target ired_msgs__cpp
[2.289s] [  4%] [32mBuilding C object CMakeFiles/ired_msgs__rosidl_generator_c.dir/rosidl_generator_c/ired_msgs/msg/detail/imu_data__description.c.o[0m
[2.289s] [  5%] [32mBuilding C object CMakeFiles/ired_msgs__rosidl_generator_c.dir/rosidl_generator_c/ired_msgs/msg/detail/imu_data__functions.c.o[0m
[2.289s] [  6%] [32mBuilding C object CMakeFiles/ired_msgs__rosidl_generator_c.dir/rosidl_generator_c/ired_msgs/msg/detail/motor_control__type_support.c.o[0m
[2.289s] [  8%] [32mBuilding C object CMakeFiles/ired_msgs__rosidl_generator_c.dir/rosidl_generator_c/ired_msgs/msg/detail/imu_data__type_support.c.o[0m
[2.289s] [  9%] [32mBuilding C object CMakeFiles/ired_msgs__rosidl_generator_c.dir/rosidl_generator_c/ired_msgs/msg/detail/motor_data__description.c.o[0m
[2.289s] [ 10%] [32mBuilding C object CMakeFiles/ired_msgs__rosidl_generator_c.dir/rosidl_generator_c/ired_msgs/msg/detail/motor_control__functions.c.o[0m
[2.289s] [ 12%] [32mBuilding C object CMakeFiles/ired_msgs__rosidl_generator_c.dir/rosidl_generator_c/ired_msgs/msg/detail/motor_control__description.c.o[0m
[2.289s] [ 14%] [32mBuilding C object CMakeFiles/ired_msgs__rosidl_generator_c.dir/rosidl_generator_c/ired_msgs/msg/detail/motor_data__functions.c.o[0m
[2.289s] [ 16%] [32mBuilding C object CMakeFiles/ired_msgs__rosidl_generator_c.dir/rosidl_generator_c/ired_msgs/msg/detail/motor_data__type_support.c.o[0m
[2.289s] [ 17%] [32mBuilding C object CMakeFiles/ired_msgs__rosidl_generator_c.dir/rosidl_generator_c/ired_msgs/msg/detail/motor_speed__type_support.c.o[0m
[2.289s] [ 18%] [32mBuilding C object CMakeFiles/ired_msgs__rosidl_generator_c.dir/rosidl_generator_c/ired_msgs/msg/detail/motor_speed__description.c.o[0m
[2.289s] [ 18%] [32mBuilding C object CMakeFiles/ired_msgs__rosidl_generator_c.dir/rosidl_generator_c/ired_msgs/msg/detail/motor_speed__functions.c.o[0m
[2.289s] [ 20%] [32mBuilding C object CMakeFiles/ired_msgs__rosidl_generator_c.dir/rosidl_generator_c/ired_msgs/srv/detail/pid_tuning__description.c.o[0m
[2.289s] [ 21%] [32mBuilding C object CMakeFiles/ired_msgs__rosidl_generator_c.dir/rosidl_generator_c/ired_msgs/srv/detail/pid_tuning__functions.c.o[0m
[2.289s] [ 22%] [32mBuilding C object CMakeFiles/ired_msgs__rosidl_generator_c.dir/rosidl_generator_c/ired_msgs/srv/detail/pid_tuning__type_support.c.o[0m
[2.289s] [ 24%] [32m[1mLinking C shared library libired_msgs__rosidl_generator_c.so[0m
[2.290s] [ 25%] Built target ired_msgs__rosidl_generator_c
[2.290s] running egg_info
[2.290s] [ 27%] [32mBuilding CXX object CMakeFiles/ired_msgs__rosidl_typesupport_c.dir/rosidl_typesupport_c/ired_msgs/msg/imu_data__type_support.cpp.o[0m
[2.290s] [ 28%] [32mBuilding CXX object CMakeFiles/ired_msgs__rosidl_typesupport_cpp.dir/rosidl_typesupport_cpp/ired_msgs/srv/pid_tuning__type_support.cpp.o[0m
[2.290s] [ 32%] [32mBuilding CXX object CMakeFiles/ired_msgs__rosidl_typesupport_cpp.dir/rosidl_typesupport_cpp/ired_msgs/msg/imu_data__type_support.cpp.o[0m
[2.290s] [ 29%] [32mBuilding CXX object CMakeFiles/ired_msgs__rosidl_typesupport_fastrtps_c.dir/rosidl_typesupport_fastrtps_c/ired_msgs/msg/detail/imu_data__type_support_c.cpp.o[0m
[2.290s] [ 37%] [32mBuilding CXX object CMakeFiles/ired_msgs__rosidl_typesupport_c.dir/rosidl_typesupport_c/ired_msgs/msg/motor_control__type_support.cpp.o[0m
[2.290s] [ 31%] [32mBuilding CXX object CMakeFiles/ired_msgs__rosidl_typesupport_cpp.dir/rosidl_typesupport_cpp/ired_msgs/msg/motor_speed__type_support.cpp.o[0m
[2.290s] [ 40%] [32mBuilding CXX object CMakeFiles/ired_msgs__rosidl_typesupport_fastrtps_c.dir/rosidl_typesupport_fastrtps_c/ired_msgs/msg/detail/motor_data__type_support_c.cpp.o[0m
[2.290s] [ 33%] [32mBuilding CXX object CMakeFiles/ired_msgs__rosidl_typesupport_cpp.dir/rosidl_typesupport_cpp/ired_msgs/msg/motor_control__type_support.cpp.o[0m
[2.290s] [ 35%] [32mBuilding CXX object CMakeFiles/ired_msgs__rosidl_typesupport_cpp.dir/rosidl_typesupport_cpp/ired_msgs/msg/motor_data__type_support.cpp.o[0m
[2.290s] [ 41%] [32mBuilding C object CMakeFiles/ired_msgs__rosidl_typesupport_introspection_c.dir/rosidl_typesupport_introspection_c/ired_msgs/msg/detail/imu_data__type_support.c.o[0m
[2.290s] [ 36%] [32mBuilding CXX object CMakeFiles/ired_msgs__rosidl_typesupport_fastrtps_c.dir/rosidl_typesupport_fastrtps_c/ired_msgs/msg/detail/motor_control__type_support_c.cpp.o[0m
[2.290s] [ 43%] [32mBuilding CXX object CMakeFiles/ired_msgs__rosidl_typesupport_fastrtps_cpp.dir/rosidl_typesupport_fastrtps_cpp/ired_msgs/msg/detail/dds_fastrtps/imu_data__type_support.cpp.o[0m
[2.290s] [ 39%] [32mBuilding CXX object CMakeFiles/ired_msgs__rosidl_typesupport_fastrtps_cpp.dir/rosidl_typesupport_fastrtps_cpp/ired_msgs/msg/detail/dds_fastrtps/motor_control__type_support.cpp.o[0m
[2.291s] [ 44%] [32mBuilding CXX object CMakeFiles/ired_msgs__rosidl_typesupport_c.dir/rosidl_typesupport_c/ired_msgs/msg/motor_data__type_support.cpp.o[0m
[2.291s] writing ired_msgs.egg-info/PKG-INFO
[2.291s] writing dependency_links to ired_msgs.egg-info/dependency_links.txt
[2.291s] writing top-level names to ired_msgs.egg-info/top_level.txt
[2.291s] [ 45%] [32mBuilding CXX object CMakeFiles/ired_msgs__rosidl_typesupport_introspection_cpp.dir/rosidl_typesupport_introspection_cpp/ired_msgs/msg/detail/imu_data__type_support.cpp.o[0m
[2.291s] [ 47%] [32mBuilding CXX object CMakeFiles/ired_msgs__rosidl_typesupport_fastrtps_c.dir/rosidl_typesupport_fastrtps_c/ired_msgs/msg/detail/motor_speed__type_support_c.cpp.o[0m
[2.291s] [ 48%] [32mBuilding C object CMakeFiles/ired_msgs__rosidl_typesupport_introspection_c.dir/rosidl_typesupport_introspection_c/ired_msgs/msg/detail/motor_control__type_support.c.o[0m
[2.291s] [ 50%] [32mBuilding CXX object CMakeFiles/ired_msgs__rosidl_typesupport_c.dir/rosidl_typesupport_c/ired_msgs/msg/motor_speed__type_support.cpp.o[0m
[2.291s] [ 51%] [32mBuilding CXX object CMakeFiles/ired_msgs__rosidl_typesupport_c.dir/rosidl_typesupport_c/ired_msgs/srv/pid_tuning__type_support.cpp.o[0m
[2.295s] reading manifest file 'ired_msgs.egg-info/SOURCES.txt'
[2.295s] writing manifest file 'ired_msgs.egg-info/SOURCES.txt'
[2.295s] [ 52%] [32mBuilding C object CMakeFiles/ired_msgs__rosidl_typesupport_introspection_c.dir/rosidl_typesupport_introspection_c/ired_msgs/msg/detail/motor_data__type_support.c.o[0m
[2.295s] [ 54%] [32mBuilding CXX object CMakeFiles/ired_msgs__rosidl_typesupport_introspection_cpp.dir/rosidl_typesupport_introspection_cpp/ired_msgs/msg/detail/motor_control__type_support.cpp.o[0m
[2.295s] [ 55%] [32m[1mLinking CXX shared library libired_msgs__rosidl_typesupport_c.so[0m
[2.295s] [ 55%] Built target ament_cmake_python_build_ired_msgs_egg
[2.295s] [ 56%] [32mBuilding CXX object CMakeFiles/ired_msgs__rosidl_typesupport_fastrtps_c.dir/rosidl_typesupport_fastrtps_c/ired_msgs/srv/detail/pid_tuning__type_support_c.cpp.o[0m
[2.295s] [ 58%] [32mBuilding C object CMakeFiles/ired_msgs__rosidl_typesupport_introspection_c.dir/rosidl_typesupport_introspection_c/ired_msgs/msg/detail/motor_speed__type_support.c.o[0m
[2.298s] [ 59%] Built target ired_msgs__rosidl_typesupport_c
[2.299s] [ 60%] [32mBuilding CXX object CMakeFiles/ired_msgs__rosidl_typesupport_introspection_cpp.dir/rosidl_typesupport_introspection_cpp/ired_msgs/msg/detail/motor_data__type_support.cpp.o[0m
[2.300s] [ 62%] [32mBuilding CXX object CMakeFiles/ired_msgs__rosidl_typesupport_fastrtps_cpp.dir/rosidl_typesupport_fastrtps_cpp/ired_msgs/msg/detail/dds_fastrtps/motor_data__type_support.cpp.o[0m
[2.300s] [ 63%] [32mBuilding C object CMakeFiles/ired_msgs__rosidl_typesupport_introspection_c.dir/rosidl_typesupport_introspection_c/ired_msgs/srv/detail/pid_tuning__type_support.c.o[0m
[2.300s] [ 64%] [32mBuilding CXX object CMakeFiles/ired_msgs__rosidl_typesupport_fastrtps_cpp.dir/rosidl_typesupport_fastrtps_cpp/ired_msgs/msg/detail/dds_fastrtps/motor_speed__type_support.cpp.o[0m
[2.300s] [ 66%] [32m[1mLinking C shared library libired_msgs__rosidl_typesupport_introspection_c.so[0m
[2.300s] [ 67%] [32mBuilding CXX object CMakeFiles/ired_msgs__rosidl_typesupport_introspection_cpp.dir/rosidl_typesupport_introspection_cpp/ired_msgs/msg/detail/motor_speed__type_support.cpp.o[0m
[2.300s] [ 68%] [32mBuilding CXX object CMakeFiles/ired_msgs__rosidl_typesupport_fastrtps_cpp.dir/rosidl_typesupport_fastrtps_cpp/ired_msgs/srv/detail/dds_fastrtps/pid_tuning__type_support.cpp.o[0m
[2.300s] [ 70%] Built target ired_msgs__rosidl_typesupport_introspection_c
[2.300s] [ 71%] [32mBuilding CXX object CMakeFiles/ired_msgs__rosidl_typesupport_introspection_cpp.dir/rosidl_typesupport_introspection_cpp/ired_msgs/srv/detail/pid_tuning__type_support.cpp.o[0m
[2.300s] [ 72%] [32m[1mLinking CXX shared library libired_msgs__rosidl_typesupport_cpp.so[0m
[2.539s] [ 74%] Built target ired_msgs__rosidl_typesupport_cpp
[2.716s] [ 75%] [32m[1mLinking CXX shared library libired_msgs__rosidl_typesupport_fastrtps_c.so[0m
[2.953s] [ 77%] [32m[1mLinking CXX shared library libired_msgs__rosidl_typesupport_introspection_cpp.so[0m
[3.265s] [ 78%] Built target ired_msgs__rosidl_typesupport_fastrtps_c
[3.465s] [ 79%] Built target ired_msgs__rosidl_typesupport_introspection_cpp
[3.818s] [ 81%] [32m[1mLinking CXX shared library libired_msgs__rosidl_typesupport_fastrtps_cpp.so[0m
[4.248s] [ 82%] Built target ired_msgs__rosidl_typesupport_fastrtps_cpp
[4.330s] [ 82%] Built target ired_msgs
[4.393s] [ 83%] Built target ired_msgs__py
[4.478s] [ 85%] [32mBuilding C object CMakeFiles/ired_msgs__rosidl_generator_py.dir/rosidl_generator_py/ired_msgs/msg/_imu_data_s.c.o[0m
[4.484s] [ 86%] [32mBuilding C object CMakeFiles/ired_msgs__rosidl_generator_py.dir/rosidl_generator_py/ired_msgs/msg/_motor_control_s.c.o[0m
[4.506s] [ 87%] [32mBuilding C object CMakeFiles/ired_msgs__rosidl_generator_py.dir/rosidl_generator_py/ired_msgs/srv/_pid_tuning_s.c.o[0m
[4.506s] [ 89%] [32mBuilding C object CMakeFiles/ired_msgs__rosidl_generator_py.dir/rosidl_generator_py/ired_msgs/msg/_motor_data_s.c.o[0m
[4.510s] [ 90%] [32mBuilding C object CMakeFiles/ired_msgs__rosidl_generator_py.dir/rosidl_generator_py/ired_msgs/msg/_motor_speed_s.c.o[0m
[4.954s] [ 91%] [32m[1mLinking C shared library libired_msgs__rosidl_generator_py.so[0m
[5.098s] [ 91%] Built target ired_msgs__rosidl_generator_py
[5.190s] [ 93%] [32mBuilding C object CMakeFiles/ired_msgs_s__rosidl_typesupport_fastrtps_c.dir/rosidl_generator_py/ired_msgs/_ired_msgs_s.ep.rosidl_typesupport_fastrtps_c.c.o[0m
[5.200s] [ 94%] [32mBuilding C object CMakeFiles/ired_msgs_s__rosidl_typesupport_introspection_c.dir/rosidl_generator_py/ired_msgs/_ired_msgs_s.ep.rosidl_typesupport_introspection_c.c.o[0m
[5.216s] [ 95%] [32mBuilding C object CMakeFiles/ired_msgs_s__rosidl_typesupport_c.dir/rosidl_generator_py/ired_msgs/_ired_msgs_s.ep.rosidl_typesupport_c.c.o[0m
[5.434s] [ 97%] [32m[1mLinking C shared module rosidl_generator_py/ired_msgs/ired_msgs_s__rosidl_typesupport_fastrtps_c.so[0m
[5.549s] [ 98%] [32m[1mLinking C shared module rosidl_generator_py/ired_msgs/ired_msgs_s__rosidl_typesupport_c.so[0m
[5.564s] [ 98%] Built target ired_msgs_s__rosidl_typesupport_fastrtps_c
[5.621s] [100%] [32m[1mLinking C shared module rosidl_generator_py/ired_msgs/ired_msgs_s__rosidl_typesupport_introspection_c.so[0m
[5.651s] [100%] Built target ired_msgs_s__rosidl_typesupport_c
[5.742s] [100%] Built target ired_msgs_s__rosidl_typesupport_introspection_c
[5.812s] Invoked command in '/home/pi/robot_ws/build/ired_msgs' returned '0': CMAKE_PREFIX_PATH=${CMAKE_PREFIX_PATH}:/home/pi/robot_ws/install/ired_teleop:/home/pi/robot_ws/install/ired_movetogoal:/opt/ros/jazzy DEBUGINFOD_URLS=https://debuginfod.ubuntu.com /usr/bin/cmake --build /home/pi/robot_ws/build/ired_msgs -- -j16 -l16
[5.819s] Invoking command in '/home/pi/robot_ws/build/ired_msgs': CMAKE_PREFIX_PATH=${CMAKE_PREFIX_PATH}:/home/pi/robot_ws/install/ired_teleop:/home/pi/robot_ws/install/ired_movetogoal:/opt/ros/jazzy DEBUGINFOD_URLS=https://debuginfod.ubuntu.com /usr/bin/cmake --install /home/pi/robot_ws/build/ired_msgs
[5.851s] -- Install configuration: ""
[5.852s] -- Execute custom install script
[5.854s] -- Up-to-date symlink: /home/pi/robot_ws/install/ired_msgs/share/ament_index/resource_index/rosidl_interfaces/ired_msgs
[5.857s] -- Up-to-date symlink: /home/pi/robot_ws/install/ired_msgs/share/ired_msgs/msg/IMUData.json
[5.857s] -- Up-to-date symlink: /home/pi/robot_ws/install/ired_msgs/share/ired_msgs/msg/MotorControl.json
[5.858s] -- Up-to-date symlink: /home/pi/robot_ws/install/ired_msgs/share/ired_msgs/msg/MotorData.json
[5.859s] -- Up-to-date symlink: /home/pi/robot_ws/install/ired_msgs/share/ired_msgs/msg/MotorSpeed.json
[5.860s] -- Up-to-date symlink: /home/pi/robot_ws/install/ired_msgs/share/ired_msgs/srv/PIDTuning.json
[5.863s] -- Up-to-date symlink: /home/pi/robot_ws/install/ired_msgs/include/ired_msgs/ired_msgs/msg/detail/imu_data__functions.h
[5.867s] -- Up-to-date symlink: /home/pi/robot_ws/install/ired_msgs/include/ired_msgs/ired_msgs/msg/detail/imu_data__struct.h
[5.867s] -- Up-to-date symlink: /home/pi/robot_ws/install/ired_msgs/include/ired_msgs/ired_msgs/msg/detail/imu_data__type_support.h
[5.867s] -- Up-to-date symlink: /home/pi/robot_ws/install/ired_msgs/include/ired_msgs/ired_msgs/msg/detail/motor_control__functions.h
[5.867s] -- Up-to-date symlink: /home/pi/robot_ws/install/ired_msgs/include/ired_msgs/ired_msgs/msg/detail/motor_control__struct.h
[5.868s] -- Up-to-date symlink: /home/pi/robot_ws/install/ired_msgs/include/ired_msgs/ired_msgs/msg/detail/motor_control__type_support.h
[5.868s] -- Up-to-date symlink: /home/pi/robot_ws/install/ired_msgs/include/ired_msgs/ired_msgs/msg/detail/motor_data__functions.h
[5.868s] -- Up-to-date symlink: /home/pi/robot_ws/install/ired_msgs/include/ired_msgs/ired_msgs/msg/detail/motor_data__struct.h
[5.869s] -- Up-to-date symlink: /home/pi/robot_ws/install/ired_msgs/include/ired_msgs/ired_msgs/msg/detail/motor_data__type_support.h
[5.873s] -- Up-to-date symlink: /home/pi/robot_ws/install/ired_msgs/include/ired_msgs/ired_msgs/msg/detail/motor_speed__functions.h
[5.873s] -- Up-to-date symlink: /home/pi/robot_ws/install/ired_msgs/include/ired_msgs/ired_msgs/msg/detail/motor_speed__struct.h
[5.873s] -- Up-to-date symlink: /home/pi/robot_ws/install/ired_msgs/include/ired_msgs/ired_msgs/msg/detail/motor_speed__type_support.h
[5.877s] -- Up-to-date symlink: /home/pi/robot_ws/install/ired_msgs/include/ired_msgs/ired_msgs/msg/imu_data.h
[5.877s] -- Up-to-date symlink: /home/pi/robot_ws/install/ired_msgs/include/ired_msgs/ired_msgs/msg/motor_control.h
[5.877s] -- Up-to-date symlink: /home/pi/robot_ws/install/ired_msgs/include/ired_msgs/ired_msgs/msg/motor_data.h
[5.877s] -- Up-to-date symlink: /home/pi/robot_ws/install/ired_msgs/include/ired_msgs/ired_msgs/msg/motor_speed.h
[5.877s] -- Up-to-date symlink: /home/pi/robot_ws/install/ired_msgs/include/ired_msgs/ired_msgs/msg/rosidl_generator_c__visibility_control.h
[5.877s] -- Up-to-date symlink: /home/pi/robot_ws/install/ired_msgs/include/ired_msgs/ired_msgs/srv/detail/pid_tuning__functions.h
[5.878s] -- Up-to-date symlink: /home/pi/robot_ws/install/ired_msgs/include/ired_msgs/ired_msgs/srv/detail/pid_tuning__struct.h
[5.879s] -- Up-to-date symlink: /home/pi/robot_ws/install/ired_msgs/include/ired_msgs/ired_msgs/srv/detail/pid_tuning__type_support.h
[5.879s] -- Up-to-date symlink: /home/pi/robot_ws/install/ired_msgs/include/ired_msgs/ired_msgs/srv/pid_tuning.h
[5.881s] -- Up-to-date symlink: /home/pi/robot_ws/install/ired_msgs/share/ired_msgs/environment/library_path.sh
[5.882s] -- Up-to-date symlink: /home/pi/robot_ws/install/ired_msgs/share/ired_msgs/environment/library_path.dsv
[5.882s] -- Up-to-date symlink: /home/pi/robot_ws/install/ired_msgs/include/ired_msgs/ired_msgs/msg/detail/imu_data__rosidl_typesupport_fastrtps_c.h
[5.882s] -- Up-to-date symlink: /home/pi/robot_ws/install/ired_msgs/include/ired_msgs/ired_msgs/msg/detail/motor_control__rosidl_typesupport_fastrtps_c.h
[5.882s] -- Up-to-date symlink: /home/pi/robot_ws/install/ired_msgs/include/ired_msgs/ired_msgs/msg/detail/motor_data__rosidl_typesupport_fastrtps_c.h
[5.882s] -- Up-to-date symlink: /home/pi/robot_ws/install/ired_msgs/include/ired_msgs/ired_msgs/msg/detail/motor_speed__rosidl_typesupport_fastrtps_c.h
[5.882s] -- Up-to-date symlink: /home/pi/robot_ws/install/ired_msgs/include/ired_msgs/ired_msgs/msg/rosidl_typesupport_fastrtps_c__visibility_control.h
[5.882s] -- Up-to-date symlink: /home/pi/robot_ws/install/ired_msgs/include/ired_msgs/ired_msgs/srv/detail/pid_tuning__rosidl_typesupport_fastrtps_c.h
[5.885s] -- Up-to-date symlink: /home/pi/robot_ws/install/ired_msgs/include/ired_msgs/ired_msgs/msg/detail/imu_data__builder.hpp
[5.885s] -- Up-to-date symlink: /home/pi/robot_ws/install/ired_msgs/include/ired_msgs/ired_msgs/msg/detail/imu_data__struct.hpp
[5.888s] -- Up-to-date symlink: /home/pi/robot_ws/install/ired_msgs/include/ired_msgs/ired_msgs/msg/detail/imu_data__traits.hpp
[5.888s] -- Up-to-date symlink: /home/pi/robot_ws/install/ired_msgs/include/ired_msgs/ired_msgs/msg/detail/imu_data__type_support.hpp
[5.889s] -- Up-to-date symlink: /home/pi/robot_ws/install/ired_msgs/include/ired_msgs/ired_msgs/msg/detail/motor_control__builder.hpp
[5.889s] -- Up-to-date symlink: /home/pi/robot_ws/install/ired_msgs/include/ired_msgs/ired_msgs/msg/detail/motor_control__struct.hpp
[5.889s] -- Up-to-date symlink: /home/pi/robot_ws/install/ired_msgs/include/ired_msgs/ired_msgs/msg/detail/motor_control__traits.hpp
[5.893s] -- Up-to-date symlink: /home/pi/robot_ws/install/ired_msgs/include/ired_msgs/ired_msgs/msg/detail/motor_control__type_support.hpp
[5.893s] -- Up-to-date symlink: /home/pi/robot_ws/install/ired_msgs/include/ired_msgs/ired_msgs/msg/detail/motor_data__builder.hpp
[5.893s] -- Up-to-date symlink: /home/pi/robot_ws/install/ired_msgs/include/ired_msgs/ired_msgs/msg/detail/motor_data__struct.hpp
[5.893s] -- Up-to-date symlink: /home/pi/robot_ws/install/ired_msgs/include/ired_msgs/ired_msgs/msg/detail/motor_data__traits.hpp
[5.893s] -- Up-to-date symlink: /home/pi/robot_ws/install/ired_msgs/include/ired_msgs/ired_msgs/msg/detail/motor_data__type_support.hpp
[5.893s] -- Up-to-date symlink: /home/pi/robot_ws/install/ired_msgs/include/ired_msgs/ired_msgs/msg/detail/motor_speed__builder.hpp
[5.894s] -- Up-to-date symlink: /home/pi/robot_ws/install/ired_msgs/include/ired_msgs/ired_msgs/msg/detail/motor_speed__struct.hpp
[5.894s] -- Up-to-date symlink: /home/pi/robot_ws/install/ired_msgs/include/ired_msgs/ired_msgs/msg/detail/motor_speed__traits.hpp
[5.895s] -- Up-to-date symlink: /home/pi/robot_ws/install/ired_msgs/include/ired_msgs/ired_msgs/msg/detail/motor_speed__type_support.hpp
[5.895s] -- Up-to-date symlink: /home/pi/robot_ws/install/ired_msgs/include/ired_msgs/ired_msgs/msg/imu_data.hpp
[5.895s] -- Up-to-date symlink: /home/pi/robot_ws/install/ired_msgs/include/ired_msgs/ired_msgs/msg/motor_control.hpp
[5.896s] -- Up-to-date symlink: /home/pi/robot_ws/install/ired_msgs/include/ired_msgs/ired_msgs/msg/motor_data.hpp
[5.898s] -- Up-to-date symlink: /home/pi/robot_ws/install/ired_msgs/include/ired_msgs/ired_msgs/msg/motor_speed.hpp
[5.899s] -- Up-to-date symlink: /home/pi/robot_ws/install/ired_msgs/include/ired_msgs/ired_msgs/msg/rosidl_generator_cpp__visibility_control.hpp
[5.899s] -- Up-to-date symlink: /home/pi/robot_ws/install/ired_msgs/include/ired_msgs/ired_msgs/srv/detail/pid_tuning__builder.hpp
[5.899s] -- Up-to-date symlink: /home/pi/robot_ws/install/ired_msgs/include/ired_msgs/ired_msgs/srv/detail/pid_tuning__struct.hpp
[5.899s] -- Up-to-date symlink: /home/pi/robot_ws/install/ired_msgs/include/ired_msgs/ired_msgs/srv/detail/pid_tuning__traits.hpp
[5.900s] -- Up-to-date symlink: /home/pi/robot_ws/install/ired_msgs/include/ired_msgs/ired_msgs/srv/detail/pid_tuning__type_support.hpp
[5.902s] -- Up-to-date symlink: /home/pi/robot_ws/install/ired_msgs/include/ired_msgs/ired_msgs/srv/pid_tuning.hpp
[5.902s] -- Up-to-date symlink: /home/pi/robot_ws/install/ired_msgs/include/ired_msgs/ired_msgs/msg/detail/imu_data__rosidl_typesupport_fastrtps_cpp.hpp
[5.902s] -- Up-to-date symlink: /home/pi/robot_ws/install/ired_msgs/include/ired_msgs/ired_msgs/msg/detail/motor_control__rosidl_typesupport_fastrtps_cpp.hpp
[5.902s] -- Up-to-date symlink: /home/pi/robot_ws/install/ired_msgs/include/ired_msgs/ired_msgs/msg/detail/motor_data__rosidl_typesupport_fastrtps_cpp.hpp
[5.902s] -- Up-to-date symlink: /home/pi/robot_ws/install/ired_msgs/include/ired_msgs/ired_msgs/msg/detail/motor_speed__rosidl_typesupport_fastrtps_cpp.hpp
[5.903s] -- Up-to-date symlink: /home/pi/robot_ws/install/ired_msgs/include/ired_msgs/ired_msgs/msg/rosidl_typesupport_fastrtps_cpp__visibility_control.h
[5.904s] -- Up-to-date symlink: /home/pi/robot_ws/install/ired_msgs/include/ired_msgs/ired_msgs/srv/detail/pid_tuning__rosidl_typesupport_fastrtps_cpp.hpp
[5.907s] -- Up-to-date symlink: /home/pi/robot_ws/install/ired_msgs/include/ired_msgs/ired_msgs/msg/detail/imu_data__rosidl_typesupport_introspection_c.h
[5.907s] -- Up-to-date symlink: /home/pi/robot_ws/install/ired_msgs/include/ired_msgs/ired_msgs/msg/detail/motor_control__rosidl_typesupport_introspection_c.h
[5.908s] -- Up-to-date symlink: /home/pi/robot_ws/install/ired_msgs/include/ired_msgs/ired_msgs/msg/detail/motor_data__rosidl_typesupport_introspection_c.h
[5.908s] -- Up-to-date symlink: /home/pi/robot_ws/install/ired_msgs/include/ired_msgs/ired_msgs/msg/detail/motor_speed__rosidl_typesupport_introspection_c.h
[5.908s] -- Up-to-date symlink: /home/pi/robot_ws/install/ired_msgs/include/ired_msgs/ired_msgs/msg/rosidl_typesupport_introspection_c__visibility_control.h
[5.908s] -- Up-to-date symlink: /home/pi/robot_ws/install/ired_msgs/include/ired_msgs/ired_msgs/srv/detail/pid_tuning__rosidl_typesupport_introspection_c.h
[5.909s] -- Up-to-date symlink: /home/pi/robot_ws/install/ired_msgs/include/ired_msgs/ired_msgs/msg/detail/imu_data__rosidl_typesupport_introspection_cpp.hpp
[5.913s] -- Up-to-date symlink: /home/pi/robot_ws/install/ired_msgs/include/ired_msgs/ired_msgs/msg/detail/motor_control__rosidl_typesupport_introspection_cpp.hpp
[5.913s] -- Up-to-date symlink: /home/pi/robot_ws/install/ired_msgs/include/ired_msgs/ired_msgs/msg/detail/motor_data__rosidl_typesupport_introspection_cpp.hpp
[5.913s] -- Up-to-date symlink: /home/pi/robot_ws/install/ired_msgs/include/ired_msgs/ired_msgs/msg/detail/motor_speed__rosidl_typesupport_introspection_cpp.hpp
[5.913s] -- Up-to-date symlink: /home/pi/robot_ws/install/ired_msgs/include/ired_msgs/ired_msgs/srv/detail/pid_tuning__rosidl_typesupport_introspection_cpp.hpp
[5.914s] -- Up-to-date symlink: /home/pi/robot_ws/install/ired_msgs/share/ired_msgs/environment/pythonpath.sh
[5.914s] -- Up-to-date symlink: /home/pi/robot_ws/install/ired_msgs/share/ired_msgs/environment/pythonpath.dsv
[5.914s] -- Up-to-date symlink: /home/pi/robot_ws/install/ired_msgs/lib/python3.12/site-packages/ired_msgs-2.0.1-py3.12.egg-info/PKG-INFO
[5.914s] -- Up-to-date symlink: /home/pi/robot_ws/install/ired_msgs/lib/python3.12/site-packages/ired_msgs-2.0.1-py3.12.egg-info/SOURCES.txt
[5.915s] -- Up-to-date symlink: /home/pi/robot_ws/install/ired_msgs/lib/python3.12/site-packages/ired_msgs-2.0.1-py3.12.egg-info/dependency_links.txt
[5.916s] -- Up-to-date symlink: /home/pi/robot_ws/install/ired_msgs/lib/python3.12/site-packages/ired_msgs-2.0.1-py3.12.egg-info/top_level.txt
[5.919s] -- Up-to-date symlink: /home/pi/robot_ws/install/ired_msgs/lib/python3.12/site-packages/ired_msgs/__init__.py
[5.919s] -- Up-to-date symlink: /home/pi/robot_ws/install/ired_msgs/lib/python3.12/site-packages/ired_msgs/_ired_msgs_s.ep.rosidl_typesupport_c.c
[5.920s] -- Up-to-date symlink: /home/pi/robot_ws/install/ired_msgs/lib/python3.12/site-packages/ired_msgs/_ired_msgs_s.ep.rosidl_typesupport_fastrtps_c.c
[5.920s] -- Up-to-date symlink: /home/pi/robot_ws/install/ired_msgs/lib/python3.12/site-packages/ired_msgs/_ired_msgs_s.ep.rosidl_typesupport_introspection_c.c
[5.920s] -- Up-to-date symlink: /home/pi/robot_ws/install/ired_msgs/lib/python3.12/site-packages/ired_msgs/ired_msgs_s__rosidl_typesupport_c.so
[5.920s] -- Up-to-date symlink: /home/pi/robot_ws/install/ired_msgs/lib/python3.12/site-packages/ired_msgs/ired_msgs_s__rosidl_typesupport_fastrtps_c.so
[5.922s] -- Up-to-date symlink: /home/pi/robot_ws/install/ired_msgs/lib/python3.12/site-packages/ired_msgs/ired_msgs_s__rosidl_typesupport_introspection_c.so
[5.922s] -- Up-to-date symlink: /home/pi/robot_ws/install/ired_msgs/lib/python3.12/site-packages/ired_msgs/msg/__init__.py
[5.922s] -- Up-to-date symlink: /home/pi/robot_ws/install/ired_msgs/lib/python3.12/site-packages/ired_msgs/msg/_imu_data.py
[5.923s] -- Up-to-date symlink: /home/pi/robot_ws/install/ired_msgs/lib/python3.12/site-packages/ired_msgs/msg/_imu_data_s.c
[5.923s] -- Up-to-date symlink: /home/pi/robot_ws/install/ired_msgs/lib/python3.12/site-packages/ired_msgs/msg/_motor_control.py
[5.929s] -- Up-to-date symlink: /home/pi/robot_ws/install/ired_msgs/lib/python3.12/site-packages/ired_msgs/msg/_motor_control_s.c
[5.929s] -- Up-to-date symlink: /home/pi/robot_ws/install/ired_msgs/lib/python3.12/site-packages/ired_msgs/msg/_motor_data.py
[5.929s] -- Up-to-date symlink: /home/pi/robot_ws/install/ired_msgs/lib/python3.12/site-packages/ired_msgs/msg/_motor_data_s.c
[5.929s] -- Up-to-date symlink: /home/pi/robot_ws/install/ired_msgs/lib/python3.12/site-packages/ired_msgs/msg/_motor_speed.py
[5.930s] -- Up-to-date symlink: /home/pi/robot_ws/install/ired_msgs/lib/python3.12/site-packages/ired_msgs/msg/_motor_speed_s.c
[5.933s] -- Up-to-date symlink: /home/pi/robot_ws/install/ired_msgs/lib/python3.12/site-packages/ired_msgs/srv/__init__.py
[5.933s] -- Up-to-date symlink: /home/pi/robot_ws/install/ired_msgs/lib/python3.12/site-packages/ired_msgs/srv/_pid_tuning.py
[5.933s] -- Up-to-date symlink: /home/pi/robot_ws/install/ired_msgs/lib/python3.12/site-packages/ired_msgs/srv/_pid_tuning_s.c
[5.934s] -- Up-to-date symlink: /home/pi/robot_ws/install/ired_msgs/lib/python3.12/site-packages/ired_msgs/ired_msgs_s__rosidl_typesupport_fastrtps_c.so
[5.934s] -- Up-to-date symlink: /home/pi/robot_ws/install/ired_msgs/lib/python3.12/site-packages/ired_msgs/ired_msgs_s__rosidl_typesupport_introspection_c.so
[5.934s] -- Up-to-date symlink: /home/pi/robot_ws/install/ired_msgs/lib/python3.12/site-packages/ired_msgs/ired_msgs_s__rosidl_typesupport_c.so
[5.934s] -- Up-to-date symlink: /home/pi/robot_ws/install/ired_msgs/share/ired_msgs/msg/IMUData.idl
[5.934s] -- Up-to-date symlink: /home/pi/robot_ws/install/ired_msgs/share/ired_msgs/msg/MotorControl.idl
[5.934s] -- Up-to-date symlink: /home/pi/robot_ws/install/ired_msgs/share/ired_msgs/msg/MotorData.idl
[5.934s] -- Up-to-date symlink: /home/pi/robot_ws/install/ired_msgs/share/ired_msgs/msg/MotorSpeed.idl
[5.934s] -- Up-to-date symlink: /home/pi/robot_ws/install/ired_msgs/share/ired_msgs/srv/PIDTuning.idl
[5.935s] -- Up-to-date symlink: /home/pi/robot_ws/install/ired_msgs/share/ired_msgs/msg/IMUData.msg
[5.935s] -- Up-to-date symlink: /home/pi/robot_ws/install/ired_msgs/share/ired_msgs/msg/MotorControl.msg
[5.935s] -- Up-to-date symlink: /home/pi/robot_ws/install/ired_msgs/share/ired_msgs/msg/MotorData.msg
[5.935s] -- Up-to-date symlink: /home/pi/robot_ws/install/ired_msgs/share/ired_msgs/msg/MotorSpeed.msg
[5.936s] -- Up-to-date symlink: /home/pi/robot_ws/install/ired_msgs/share/ired_msgs/srv/PIDTuning.srv
[5.936s] -- Up-to-date symlink: /home/pi/robot_ws/install/ired_msgs/share/ament_index/resource_index/package_run_dependencies/ired_msgs
[5.941s] -- Up-to-date symlink: /home/pi/robot_ws/install/ired_msgs/share/ament_index/resource_index/parent_prefix_path/ired_msgs
[5.941s] -- Up-to-date symlink: /home/pi/robot_ws/install/ired_msgs/share/ired_msgs/environment/ament_prefix_path.sh
[5.941s] -- Up-to-date symlink: /home/pi/robot_ws/install/ired_msgs/share/ired_msgs/environment/ament_prefix_path.dsv
[5.942s] -- Up-to-date symlink: /home/pi/robot_ws/install/ired_msgs/share/ired_msgs/environment/path.sh
[5.942s] -- Up-to-date symlink: /home/pi/robot_ws/install/ired_msgs/share/ired_msgs/environment/path.dsv
[5.943s] -- Up-to-date symlink: /home/pi/robot_ws/install/ired_msgs/share/ired_msgs/local_setup.bash
[5.944s] -- Up-to-date symlink: /home/pi/robot_ws/install/ired_msgs/share/ired_msgs/local_setup.sh
[5.944s] -- Up-to-date symlink: /home/pi/robot_ws/install/ired_msgs/share/ired_msgs/local_setup.zsh
[5.944s] -- Up-to-date symlink: /home/pi/robot_ws/install/ired_msgs/share/ired_msgs/local_setup.dsv
[5.944s] -- Symlinking: /home/pi/robot_ws/install/ired_msgs/share/ired_msgs/package.dsv
[5.984s] -- Up-to-date symlink: /home/pi/robot_ws/install/ired_msgs/share/ament_index/resource_index/packages/ired_msgs
[5.984s] -- Up-to-date symlink: /home/pi/robot_ws/install/ired_msgs/share/ired_msgs/cmake/rosidl_cmake-extras.cmake
[5.985s] -- Up-to-date symlink: /home/pi/robot_ws/install/ired_msgs/share/ired_msgs/cmake/ament_cmake_export_dependencies-extras.cmake
[5.985s] -- Up-to-date symlink: /home/pi/robot_ws/install/ired_msgs/share/ired_msgs/cmake/ament_cmake_export_include_directories-extras.cmake
[5.985s] -- Up-to-date symlink: /home/pi/robot_ws/install/ired_msgs/share/ired_msgs/cmake/ament_cmake_export_libraries-extras.cmake
[5.986s] -- Up-to-date symlink: /home/pi/robot_ws/install/ired_msgs/share/ired_msgs/cmake/ament_cmake_export_targets-extras.cmake
[5.987s] -- Up-to-date symlink: /home/pi/robot_ws/install/ired_msgs/share/ired_msgs/cmake/rosidl_cmake_export_typesupport_targets-extras.cmake
[5.988s] -- Up-to-date symlink: /home/pi/robot_ws/install/ired_msgs/share/ired_msgs/cmake/rosidl_cmake_export_typesupport_libraries-extras.cmake
[5.988s] -- Up-to-date symlink: /home/pi/robot_ws/install/ired_msgs/share/ired_msgs/cmake/ired_msgsConfig.cmake
[5.991s] -- Up-to-date symlink: /home/pi/robot_ws/install/ired_msgs/share/ired_msgs/cmake/ired_msgsConfig-version.cmake
[5.991s] -- Up-to-date symlink: /home/pi/robot_ws/install/ired_msgs/share/ired_msgs/package.xml
[5.991s] -- Installing: /home/pi/robot_ws/install/ired_msgs/lib/libired_msgs__rosidl_generator_c.so
[5.993s] -- Set non-toolchain portion of runtime path of "/home/pi/robot_ws/install/ired_msgs/lib/libired_msgs__rosidl_generator_c.so" to ""
[5.993s] -- Installing: /home/pi/robot_ws/install/ired_msgs/lib/libired_msgs__rosidl_typesupport_fastrtps_c.so
[5.996s] -- Set non-toolchain portion of runtime path of "/home/pi/robot_ws/install/ired_msgs/lib/libired_msgs__rosidl_typesupport_fastrtps_c.so" to ""
[5.997s] -- Installing: /home/pi/robot_ws/install/ired_msgs/lib/libired_msgs__rosidl_typesupport_fastrtps_cpp.so
[5.997s] -- Set non-toolchain portion of runtime path of "/home/pi/robot_ws/install/ired_msgs/lib/libired_msgs__rosidl_typesupport_fastrtps_cpp.so" to ""
[5.998s] -- Installing: /home/pi/robot_ws/install/ired_msgs/lib/libired_msgs__rosidl_typesupport_introspection_c.so
[6.001s] -- Set non-toolchain portion of runtime path of "/home/pi/robot_ws/install/ired_msgs/lib/libired_msgs__rosidl_typesupport_introspection_c.so" to ""
[6.001s] -- Installing: /home/pi/robot_ws/install/ired_msgs/lib/libired_msgs__rosidl_typesupport_c.so
[6.002s] -- Set non-toolchain portion of runtime path of "/home/pi/robot_ws/install/ired_msgs/lib/libired_msgs__rosidl_typesupport_c.so" to ""
[6.002s] -- Installing: /home/pi/robot_ws/install/ired_msgs/lib/libired_msgs__rosidl_typesupport_introspection_cpp.so
[6.002s] -- Set non-toolchain portion of runtime path of "/home/pi/robot_ws/install/ired_msgs/lib/libired_msgs__rosidl_typesupport_introspection_cpp.so" to ""
[6.003s] -- Installing: /home/pi/robot_ws/install/ired_msgs/lib/libired_msgs__rosidl_typesupport_cpp.so
[6.006s] -- Set non-toolchain portion of runtime path of "/home/pi/robot_ws/install/ired_msgs/lib/libired_msgs__rosidl_typesupport_cpp.so" to ""
[6.124s] Listing '/home/pi/robot_ws/install/ired_msgs/lib/python3.12/site-packages/ired_msgs'...
[6.124s] Listing '/home/pi/robot_ws/install/ired_msgs/lib/python3.12/site-packages/ired_msgs/msg'...
[6.124s] Listing '/home/pi/robot_ws/install/ired_msgs/lib/python3.12/site-packages/ired_msgs/srv'...
[6.175s] -- Installing: /home/pi/robot_ws/install/ired_msgs/lib/libired_msgs__rosidl_generator_py.so
[6.175s] -- Set non-toolchain portion of runtime path of "/home/pi/robot_ws/install/ired_msgs/lib/libired_msgs__rosidl_generator_py.so" to ""
[6.175s] -- Up-to-date: /home/pi/robot_ws/install/ired_msgs/share/ired_msgs/cmake/export_ired_msgs__rosidl_generator_cExport.cmake
[6.175s] -- Up-to-date: /home/pi/robot_ws/install/ired_msgs/share/ired_msgs/cmake/export_ired_msgs__rosidl_generator_cExport-noconfig.cmake
[6.175s] -- Up-to-date: /home/pi/robot_ws/install/ired_msgs/share/ired_msgs/cmake/export_ired_msgs__rosidl_typesupport_fastrtps_cExport.cmake
[6.175s] -- Up-to-date: /home/pi/robot_ws/install/ired_msgs/share/ired_msgs/cmake/export_ired_msgs__rosidl_typesupport_fastrtps_cExport-noconfig.cmake
[6.176s] -- Up-to-date: /home/pi/robot_ws/install/ired_msgs/share/ired_msgs/cmake/export_ired_msgs__rosidl_generator_cppExport.cmake
[6.183s] -- Up-to-date: /home/pi/robot_ws/install/ired_msgs/share/ired_msgs/cmake/export_ired_msgs__rosidl_typesupport_fastrtps_cppExport.cmake
[6.183s] -- Up-to-date: /home/pi/robot_ws/install/ired_msgs/share/ired_msgs/cmake/export_ired_msgs__rosidl_typesupport_fastrtps_cppExport-noconfig.cmake
[6.187s] -- Up-to-date: /home/pi/robot_ws/install/ired_msgs/share/ired_msgs/cmake/ired_msgs__rosidl_typesupport_introspection_cExport.cmake
[6.187s] -- Up-to-date: /home/pi/robot_ws/install/ired_msgs/share/ired_msgs/cmake/ired_msgs__rosidl_typesupport_introspection_cExport-noconfig.cmake
[6.187s] -- Up-to-date: /home/pi/robot_ws/install/ired_msgs/share/ired_msgs/cmake/ired_msgs__rosidl_typesupport_cExport.cmake
[6.187s] -- Up-to-date: /home/pi/robot_ws/install/ired_msgs/share/ired_msgs/cmake/ired_msgs__rosidl_typesupport_cExport-noconfig.cmake
[6.188s] -- Up-to-date: /home/pi/robot_ws/install/ired_msgs/share/ired_msgs/cmake/ired_msgs__rosidl_typesupport_introspection_cppExport.cmake
[6.188s] -- Up-to-date: /home/pi/robot_ws/install/ired_msgs/share/ired_msgs/cmake/ired_msgs__rosidl_typesupport_introspection_cppExport-noconfig.cmake
[6.188s] -- Up-to-date: /home/pi/robot_ws/install/ired_msgs/share/ired_msgs/cmake/ired_msgs__rosidl_typesupport_cppExport.cmake
[6.190s] -- Up-to-date: /home/pi/robot_ws/install/ired_msgs/share/ired_msgs/cmake/ired_msgs__rosidl_typesupport_cppExport-noconfig.cmake
[6.190s] -- Up-to-date: /home/pi/robot_ws/install/ired_msgs/share/ired_msgs/cmake/export_ired_msgs__rosidl_generator_pyExport.cmake
[6.191s] -- Up-to-date: /home/pi/robot_ws/install/ired_msgs/share/ired_msgs/cmake/export_ired_msgs__rosidl_generator_pyExport-noconfig.cmake
[6.194s] Invoked command in '/home/pi/robot_ws/build/ired_msgs' returned '0': CMAKE_PREFIX_PATH=${CMAKE_PREFIX_PATH}:/home/pi/robot_ws/install/ired_teleop:/home/pi/robot_ws/install/ired_movetogoal:/opt/ros/jazzy DEBUGINFOD_URLS=https://debuginfod.ubuntu.com /usr/bin/cmake --install /home/pi/robot_ws/build/ired_msgs
