[0.217s] Invoking command in '/home/pp/Tawan-pe-/build/ired_bringup': CMAKE_PREFIX_PATH=/home/pp/Tawan-pe-/install/ired_msgs:/home/pp/Tawan-pe-/install/rplidar_ros:/home/pp/Tawan-pe-/install/ros2_laser_scan_matcher:/home/pp/Tawan-pe-/install/ros2_aruco_interfaces:/home/pp/Tawan-pe-/install/lidar_bringup:/home/pp/Tawan-pe-/install/ired_rviz:/home/pp/Tawan-pe-/install/ired_navigation:/home/pp/Tawan-pe-/install/ired_bringup:/home/pp/Tawan-pe-/install/ired_aruco:/home/pp/Tawan-pe-/install/csm:/opt/ros/jazzy/opt/gz_math_vendor:/opt/ros/jazzy/opt/gz_utils_vendor:/opt/ros/jazzy/opt/gz_cmake_vendor:/home/pp/Tawan-pe-/install/station_pkg:/home/pp/Tawan-pe-/install/ros2_aruco:/home/pp/Tawan-pe-/install/ired_teleop:/home/pp/Tawan-pe-/install/ired_movetogoal:/opt/ros/jazzy DEBUGINFOD_URLS=https://debuginfod.ubuntu.com LD_LIBRARY_PATH=/home/pp/Tawan-pe-/install/ired_msgs/lib:/home/pp/Tawan-pe-/install/ros2_aruco_interfaces/lib:/home/pp/Tawan-pe-/install/csm/lib:/opt/ros/jazzy/opt/rviz_ogre_vendor/lib:/opt/ros/jazzy/lib/x86_64-linux-gnu:/opt/ros/jazzy/opt/gz_math_vendor/lib:/opt/ros/jazzy/opt/gz_utils_vendor/lib:/opt/ros/jazzy/opt/gz_cmake_vendor/lib:/opt/ros/jazzy/lib PYTHONPATH=/home/pp/Tawan-pe-/install/ired_msgs/lib/python3.12/site-packages:/home/pp/Tawan-pe-/install/station_pkg/lib/python3.12/site-packages:/home/pp/Tawan-pe-/install/ros2_aruco_interfaces/lib/python3.12/site-packages:/home/pp/Tawan-pe-/install/ros2_aruco/lib/python3.12/site-packages:/home/pp/Tawan-pe-/install/motion_control/lib/python3.12/site-packages:/home/pp/Tawan-pe-/install/ired_teleop/lib/python3.12/site-packages:/home/pp/Tawan-pe-/install/ired_movetogoal/lib/python3.12/site-packages:/opt/ros/jazzy/lib/python3.12/site-packages /usr/bin/cmake --build /home/pp/Tawan-pe-/build/ired_bringup -- -j12 -l12
[0.288s] [ 18%] Built target inverse_kinematics_node
[0.292s] [ 45%] Built target iredcr_modbus_node
[0.298s] [ 63%] Built target forward_kinematics_node
[0.301s] [ 81%] Built target odom_node
[0.304s] [100%] Built target imu_node
[0.319s] Invoked command in '/home/pp/Tawan-pe-/build/ired_bringup' returned '0': CMAKE_PREFIX_PATH=/home/pp/Tawan-pe-/install/ired_msgs:/home/pp/Tawan-pe-/install/rplidar_ros:/home/pp/Tawan-pe-/install/ros2_laser_scan_matcher:/home/pp/Tawan-pe-/install/ros2_aruco_interfaces:/home/pp/Tawan-pe-/install/lidar_bringup:/home/pp/Tawan-pe-/install/ired_rviz:/home/pp/Tawan-pe-/install/ired_navigation:/home/pp/Tawan-pe-/install/ired_bringup:/home/pp/Tawan-pe-/install/ired_aruco:/home/pp/Tawan-pe-/install/csm:/opt/ros/jazzy/opt/gz_math_vendor:/opt/ros/jazzy/opt/gz_utils_vendor:/opt/ros/jazzy/opt/gz_cmake_vendor:/home/pp/Tawan-pe-/install/station_pkg:/home/pp/Tawan-pe-/install/ros2_aruco:/home/pp/Tawan-pe-/install/ired_teleop:/home/pp/Tawan-pe-/install/ired_movetogoal:/opt/ros/jazzy DEBUGINFOD_URLS=https://debuginfod.ubuntu.com LD_LIBRARY_PATH=/home/pp/Tawan-pe-/install/ired_msgs/lib:/home/pp/Tawan-pe-/install/ros2_aruco_interfaces/lib:/home/pp/Tawan-pe-/install/csm/lib:/opt/ros/jazzy/opt/rviz_ogre_vendor/lib:/opt/ros/jazzy/lib/x86_64-linux-gnu:/opt/ros/jazzy/opt/gz_math_vendor/lib:/opt/ros/jazzy/opt/gz_utils_vendor/lib:/opt/ros/jazzy/opt/gz_cmake_vendor/lib:/opt/ros/jazzy/lib PYTHONPATH=/home/pp/Tawan-pe-/install/ired_msgs/lib/python3.12/site-packages:/home/pp/Tawan-pe-/install/station_pkg/lib/python3.12/site-packages:/home/pp/Tawan-pe-/install/ros2_aruco_interfaces/lib/python3.12/site-packages:/home/pp/Tawan-pe-/install/ros2_aruco/lib/python3.12/site-packages:/home/pp/Tawan-pe-/install/motion_control/lib/python3.12/site-packages:/home/pp/Tawan-pe-/install/ired_teleop/lib/python3.12/site-packages:/home/pp/Tawan-pe-/install/ired_movetogoal/lib/python3.12/site-packages:/opt/ros/jazzy/lib/python3.12/site-packages /usr/bin/cmake --build /home/pp/Tawan-pe-/build/ired_bringup -- -j12 -l12
[0.320s] Invoking command in '/home/pp/Tawan-pe-/build/ired_bringup': CMAKE_PREFIX_PATH=/home/pp/Tawan-pe-/install/ired_msgs:/home/pp/Tawan-pe-/install/rplidar_ros:/home/pp/Tawan-pe-/install/ros2_laser_scan_matcher:/home/pp/Tawan-pe-/install/ros2_aruco_interfaces:/home/pp/Tawan-pe-/install/lidar_bringup:/home/pp/Tawan-pe-/install/ired_rviz:/home/pp/Tawan-pe-/install/ired_navigation:/home/pp/Tawan-pe-/install/ired_bringup:/home/pp/Tawan-pe-/install/ired_aruco:/home/pp/Tawan-pe-/install/csm:/opt/ros/jazzy/opt/gz_math_vendor:/opt/ros/jazzy/opt/gz_utils_vendor:/opt/ros/jazzy/opt/gz_cmake_vendor:/home/pp/Tawan-pe-/install/station_pkg:/home/pp/Tawan-pe-/install/ros2_aruco:/home/pp/Tawan-pe-/install/ired_teleop:/home/pp/Tawan-pe-/install/ired_movetogoal:/opt/ros/jazzy DEBUGINFOD_URLS=https://debuginfod.ubuntu.com LD_LIBRARY_PATH=/home/pp/Tawan-pe-/install/ired_msgs/lib:/home/pp/Tawan-pe-/install/ros2_aruco_interfaces/lib:/home/pp/Tawan-pe-/install/csm/lib:/opt/ros/jazzy/opt/rviz_ogre_vendor/lib:/opt/ros/jazzy/lib/x86_64-linux-gnu:/opt/ros/jazzy/opt/gz_math_vendor/lib:/opt/ros/jazzy/opt/gz_utils_vendor/lib:/opt/ros/jazzy/opt/gz_cmake_vendor/lib:/opt/ros/jazzy/lib PYTHONPATH=/home/pp/Tawan-pe-/install/ired_msgs/lib/python3.12/site-packages:/home/pp/Tawan-pe-/install/station_pkg/lib/python3.12/site-packages:/home/pp/Tawan-pe-/install/ros2_aruco_interfaces/lib/python3.12/site-packages:/home/pp/Tawan-pe-/install/ros2_aruco/lib/python3.12/site-packages:/home/pp/Tawan-pe-/install/motion_control/lib/python3.12/site-packages:/home/pp/Tawan-pe-/install/ired_teleop/lib/python3.12/site-packages:/home/pp/Tawan-pe-/install/ired_movetogoal/lib/python3.12/site-packages:/opt/ros/jazzy/lib/python3.12/site-packages /usr/bin/cmake --install /home/pp/Tawan-pe-/build/ired_bringup
[0.330s] -- Install configuration: ""
[0.330s] -- Execute custom install script
[0.330s] -- Up-to-date symlink: /home/pp/Tawan-pe-/install/ired_bringup/lib/ired_bringup/forward_kinematics_node
[0.331s] -- Up-to-date symlink: /home/pp/Tawan-pe-/install/ired_bringup/lib/ired_bringup/inverse_kinematics_node
[0.331s] -- Up-to-date symlink: /home/pp/Tawan-pe-/install/ired_bringup/lib/ired_bringup/imu_node
[0.331s] -- Up-to-date symlink: /home/pp/Tawan-pe-/install/ired_bringup/lib/ired_bringup/iredcr_modbus_node
[0.331s] -- Up-to-date symlink: /home/pp/Tawan-pe-/install/ired_bringup/lib/ired_bringup/odom_node
[0.332s] -- Up-to-date symlink: /home/pp/Tawan-pe-/install/ired_bringup/share/ired_bringup/launch/bringup.launch.py
[0.332s] -- Up-to-date symlink: /home/pp/Tawan-pe-/install/ired_bringup/share/ired_bringup/param/efk.yaml
[0.332s] -- Up-to-date symlink: /home/pp/Tawan-pe-/install/ired_bringup/share/ired_bringup/param/frames_2026-03-02_22.16.46.gv
[0.332s] -- Up-to-date symlink: /home/pp/Tawan-pe-/install/ired_bringup/share/ired_bringup/param/frames_2026-03-02_22.16.46.pdf
[0.332s] -- Up-to-date symlink: /home/pp/Tawan-pe-/install/ired_bringup/share/ired_bringup/param/ired.yaml
[0.333s] -- Up-to-date symlink: /home/pp/Tawan-pe-/install/ired_bringup/share/ired_bringup/param/laser_config.yaml
[0.333s] -- Up-to-date symlink: /home/pp/Tawan-pe-/install/ired_bringup/share/ired_bringup/param/laser_scan_matcher.yaml
[0.333s] -- Up-to-date symlink: /home/pp/Tawan-pe-/install/ired_bringup/share/ired_bringup/urdf/ired.urdf.xacro
[0.333s] -- Up-to-date symlink: /home/pp/Tawan-pe-/install/ired_bringup/include//ired_bringup/forward_kinematics.hpp
[0.333s] -- Up-to-date symlink: /home/pp/Tawan-pe-/install/ired_bringup/include//ired_bringup/imu.hpp
[0.334s] -- Up-to-date symlink: /home/pp/Tawan-pe-/install/ired_bringup/include//ired_bringup/inverse_kinematics.hpp
[0.334s] -- Up-to-date symlink: /home/pp/Tawan-pe-/install/ired_bringup/include//ired_bringup/ired_controller.hpp
[0.334s] -- Up-to-date symlink: /home/pp/Tawan-pe-/install/ired_bringup/include//ired_bringup/ired_controller_define.hpp
[0.334s] -- Up-to-date symlink: /home/pp/Tawan-pe-/install/ired_bringup/include//ired_bringup/odom.hpp
[0.334s] -- Up-to-date symlink: /home/pp/Tawan-pe-/install/ired_bringup/include//modbus_rtu.hpp
[0.334s] -- Up-to-date symlink: /home/pp/Tawan-pe-/install/ired_bringup/share/ament_index/resource_index/package_run_dependencies/ired_bringup
[0.335s] -- Up-to-date symlink: /home/pp/Tawan-pe-/install/ired_bringup/share/ament_index/resource_index/parent_prefix_path/ired_bringup
[0.335s] -- Up-to-date symlink: /home/pp/Tawan-pe-/install/ired_bringup/share/ired_bringup/environment/ament_prefix_path.sh
[0.335s] -- Up-to-date symlink: /home/pp/Tawan-pe-/install/ired_bringup/share/ired_bringup/environment/ament_prefix_path.dsv
[0.335s] -- Up-to-date symlink: /home/pp/Tawan-pe-/install/ired_bringup/share/ired_bringup/environment/path.sh
[0.336s] -- Up-to-date symlink: /home/pp/Tawan-pe-/install/ired_bringup/share/ired_bringup/environment/path.dsv
[0.336s] -- Up-to-date symlink: /home/pp/Tawan-pe-/install/ired_bringup/share/ired_bringup/local_setup.bash
[0.336s] -- Up-to-date symlink: /home/pp/Tawan-pe-/install/ired_bringup/share/ired_bringup/local_setup.sh
[0.336s] -- Up-to-date symlink: /home/pp/Tawan-pe-/install/ired_bringup/share/ired_bringup/local_setup.zsh
[0.336s] -- Up-to-date symlink: /home/pp/Tawan-pe-/install/ired_bringup/share/ired_bringup/local_setup.dsv
[0.336s] -- Symlinking: /home/pp/Tawan-pe-/install/ired_bringup/share/ired_bringup/package.dsv
[0.349s] -- Up-to-date symlink: /home/pp/Tawan-pe-/install/ired_bringup/share/ament_index/resource_index/packages/ired_bringup
[0.350s] -- Up-to-date symlink: /home/pp/Tawan-pe-/install/ired_bringup/share/ired_bringup/cmake/ament_cmake_export_include_directories-extras.cmake
[0.350s] -- Up-to-date symlink: /home/pp/Tawan-pe-/install/ired_bringup/share/ired_bringup/cmake/ament_cmake_export_dependencies-extras.cmake
[0.350s] -- Up-to-date symlink: /home/pp/Tawan-pe-/install/ired_bringup/share/ired_bringup/cmake/ired_bringupConfig.cmake
[0.350s] -- Up-to-date symlink: /home/pp/Tawan-pe-/install/ired_bringup/share/ired_bringup/cmake/ired_bringupConfig-version.cmake
[0.350s] -- Up-to-date symlink: /home/pp/Tawan-pe-/install/ired_bringup/share/ired_bringup/package.xml
[0.372s] Invoked command in '/home/pp/Tawan-pe-/build/ired_bringup' returned '0': CMAKE_PREFIX_PATH=/home/pp/Tawan-pe-/install/ired_msgs:/home/pp/Tawan-pe-/install/rplidar_ros:/home/pp/Tawan-pe-/install/ros2_laser_scan_matcher:/home/pp/Tawan-pe-/install/ros2_aruco_interfaces:/home/pp/Tawan-pe-/install/lidar_bringup:/home/pp/Tawan-pe-/install/ired_rviz:/home/pp/Tawan-pe-/install/ired_navigation:/home/pp/Tawan-pe-/install/ired_bringup:/home/pp/Tawan-pe-/install/ired_aruco:/home/pp/Tawan-pe-/install/csm:/opt/ros/jazzy/opt/gz_math_vendor:/opt/ros/jazzy/opt/gz_utils_vendor:/opt/ros/jazzy/opt/gz_cmake_vendor:/home/pp/Tawan-pe-/install/station_pkg:/home/pp/Tawan-pe-/install/ros2_aruco:/home/pp/Tawan-pe-/install/ired_teleop:/home/pp/Tawan-pe-/install/ired_movetogoal:/opt/ros/jazzy DEBUGINFOD_URLS=https://debuginfod.ubuntu.com LD_LIBRARY_PATH=/home/pp/Tawan-pe-/install/ired_msgs/lib:/home/pp/Tawan-pe-/install/ros2_aruco_interfaces/lib:/home/pp/Tawan-pe-/install/csm/lib:/opt/ros/jazzy/opt/rviz_ogre_vendor/lib:/opt/ros/jazzy/lib/x86_64-linux-gnu:/opt/ros/jazzy/opt/gz_math_vendor/lib:/opt/ros/jazzy/opt/gz_utils_vendor/lib:/opt/ros/jazzy/opt/gz_cmake_vendor/lib:/opt/ros/jazzy/lib PYTHONPATH=/home/pp/Tawan-pe-/install/ired_msgs/lib/python3.12/site-packages:/home/pp/Tawan-pe-/install/station_pkg/lib/python3.12/site-packages:/home/pp/Tawan-pe-/install/ros2_aruco_interfaces/lib/python3.12/site-packages:/home/pp/Tawan-pe-/install/ros2_aruco/lib/python3.12/site-packages:/home/pp/Tawan-pe-/install/motion_control/lib/python3.12/site-packages:/home/pp/Tawan-pe-/install/ired_teleop/lib/python3.12/site-packages:/home/pp/Tawan-pe-/install/ired_movetogoal/lib/python3.12/site-packages:/opt/ros/jazzy/lib/python3.12/site-packages /usr/bin/cmake --install /home/pp/Tawan-pe-/build/ired_bringup
