[0.045s] Invoking command in '/home/pp/Tawan-pe-/build/ired_msgs': CMAKE_PREFIX_PATH=${CMAKE_PREFIX_PATH}:/home/pp/Tawan-pe-/install/station_pkg:/home/pp/Tawan-pe-/install/ros2_aruco:/home/pp/Tawan-pe-/install/motion_control:/home/pp/Tawan-pe-/install/ired_teleop:/home/pp/Tawan-pe-/install/ired_movetogoal:/opt/ros/jazzy DEBUGINFOD_URLS=https://debuginfod.ubuntu.com /usr/bin/cmake /home/pp/Tawan-pe-/src/robot/ired_msgs -DCMAKE_INSTALL_PREFIX=/home/pp/Tawan-pe-/install/ired_msgs
[0.915s] -- Found ament_cmake: 2.5.4 (/opt/ros/jazzy/share/ament_cmake/cmake)
[0.915s] -- Found Python3: /usr/bin/python3 (found version "3.12.3") found components: Interpreter 
[0.916s] -- Override CMake install command with custom implementation using symlinks instead of copying resources
[0.916s] -- Found std_msgs: 5.3.6 (/opt/ros/jazzy/share/std_msgs/cmake)
[0.916s] -- Found rosidl_generator_c: 4.6.6 (/opt/ros/jazzy/share/rosidl_generator_c/cmake)
[0.916s] -- Found rosidl_generator_cpp: 4.6.6 (/opt/ros/jazzy/share/rosidl_generator_cpp/cmake)
[0.916s] -- Using all available rosidl_typesupport_c: rosidl_typesupport_fastrtps_c;rosidl_typesupport_introspection_c
[0.916s] -- Using all available rosidl_typesupport_cpp: rosidl_typesupport_fastrtps_cpp;rosidl_typesupport_introspection_cpp
[0.916s] -- Found rosidl_default_generators: 1.6.0 (/opt/ros/jazzy/share/rosidl_default_generators/cmake)
[0.916s] -- Found rosidl_adapter: 4.6.6 (/opt/ros/jazzy/share/rosidl_adapter/cmake)
[0.916s] -- Found ament_cmake_ros: 0.12.0 (/opt/ros/jazzy/share/ament_cmake_ros/cmake)
[0.916s] -- Using all available rosidl_typesupport_c: rosidl_typesupport_fastrtps_c;rosidl_typesupport_introspection_c
[0.916s] -- Using all available rosidl_typesupport_cpp: rosidl_typesupport_fastrtps_cpp;rosidl_typesupport_introspection_cpp
[0.916s] -- Found python_cmake_module: 0.11.1 (/opt/ros/jazzy/share/python_cmake_module/cmake)
[1.315s] -- Found Python3: /usr/bin/python3 (found version "3.12.3") found components: Interpreter Development NumPy Development.Module Development.Embed 
[1.354s] -- Found ament_lint_auto: 0.17.3 (/opt/ros/jazzy/share/ament_lint_auto/cmake)
[1.369s] -- Added test 'lint_cmake' to check CMake code style
[1.370s] -- Added test 'xmllint' to check XML markup files
[1.373s] -- Configuring done (1.3s)
[1.427s] -- Generating done (0.0s)
[1.444s] -- Build files have been written to: /home/pp/Tawan-pe-/build/ired_msgs
[1.458s] Invoked command in '/home/pp/Tawan-pe-/build/ired_msgs' returned '0': CMAKE_PREFIX_PATH=${CMAKE_PREFIX_PATH}:/home/pp/Tawan-pe-/install/station_pkg:/home/pp/Tawan-pe-/install/ros2_aruco:/home/pp/Tawan-pe-/install/motion_control:/home/pp/Tawan-pe-/install/ired_teleop:/home/pp/Tawan-pe-/install/ired_movetogoal:/opt/ros/jazzy DEBUGINFOD_URLS=https://debuginfod.ubuntu.com /usr/bin/cmake /home/pp/Tawan-pe-/src/robot/ired_msgs -DCMAKE_INSTALL_PREFIX=/home/pp/Tawan-pe-/install/ired_msgs
[1.458s] Invoking command in '/home/pp/Tawan-pe-/build/ired_msgs': CMAKE_PREFIX_PATH=${CMAKE_PREFIX_PATH}:/home/pp/Tawan-pe-/install/station_pkg:/home/pp/Tawan-pe-/install/ros2_aruco:/home/pp/Tawan-pe-/install/motion_control:/home/pp/Tawan-pe-/install/ired_teleop:/home/pp/Tawan-pe-/install/ired_movetogoal:/opt/ros/jazzy DEBUGINFOD_URLS=https://debuginfod.ubuntu.com /usr/bin/cmake --build /home/pp/Tawan-pe-/build/ired_msgs -- -j12 -l12
[1.564s] [  1%] Built target ired_msgs__rosidl_generator_type_description
[1.582s] [  1%] Built target ament_cmake_python_symlink_ired_msgs
[1.606s] [  2%] Built target ired_msgs__cpp
[1.630s] [ 25%] Built target ired_msgs__rosidl_generator_c
[1.702s] [ 44%] Built target ired_msgs__rosidl_typesupport_fastrtps_c
[1.702s] [ 44%] Built target ired_msgs__rosidl_typesupport_introspection_c
[1.709s] [ 54%] Built target ired_msgs__rosidl_typesupport_cpp
[1.711s] [ 64%] Built target ired_msgs__rosidl_typesupport_c
[1.713s] [ 72%] Built target ired_msgs__rosidl_typesupport_introspection_cpp
[1.722s] [ 82%] Built target ired_msgs__rosidl_typesupport_fastrtps_cpp
[1.792s] [ 82%] Built target ired_msgs
[1.851s] [ 83%] Built target ired_msgs__py
[1.886s] [ 91%] Built target ired_msgs__rosidl_generator_py
[1.915s] running egg_info
[1.920s] [ 94%] Built target ired_msgs_s__rosidl_typesupport_introspection_c
[1.931s] [ 97%] Built target ired_msgs_s__rosidl_typesupport_fastrtps_c
[1.944s] writing ired_msgs.egg-info/PKG-INFO
[1.944s] writing dependency_links to ired_msgs.egg-info/dependency_links.txt
[1.944s] writing top-level names to ired_msgs.egg-info/top_level.txt
[1.954s] [100%] Built target ired_msgs_s__rosidl_typesupport_c
[2.033s] reading manifest file 'ired_msgs.egg-info/SOURCES.txt'
[2.034s] writing manifest file 'ired_msgs.egg-info/SOURCES.txt'
[2.082s] [100%] Built target ament_cmake_python_build_ired_msgs_egg
[2.114s] Invoked command in '/home/pp/Tawan-pe-/build/ired_msgs' returned '0': CMAKE_PREFIX_PATH=${CMAKE_PREFIX_PATH}:/home/pp/Tawan-pe-/install/station_pkg:/home/pp/Tawan-pe-/install/ros2_aruco:/home/pp/Tawan-pe-/install/motion_control:/home/pp/Tawan-pe-/install/ired_teleop:/home/pp/Tawan-pe-/install/ired_movetogoal:/opt/ros/jazzy DEBUGINFOD_URLS=https://debuginfod.ubuntu.com /usr/bin/cmake --build /home/pp/Tawan-pe-/build/ired_msgs -- -j12 -l12
[2.115s] Invoking command in '/home/pp/Tawan-pe-/build/ired_msgs': CMAKE_PREFIX_PATH=${CMAKE_PREFIX_PATH}:/home/pp/Tawan-pe-/install/station_pkg:/home/pp/Tawan-pe-/install/ros2_aruco:/home/pp/Tawan-pe-/install/motion_control:/home/pp/Tawan-pe-/install/ired_teleop:/home/pp/Tawan-pe-/install/ired_movetogoal:/opt/ros/jazzy DEBUGINFOD_URLS=https://debuginfod.ubuntu.com /usr/bin/cmake --install /home/pp/Tawan-pe-/build/ired_msgs
[2.135s] -- Install configuration: ""
[2.136s] -- Execute custom install script
[2.138s] -- Up-to-date symlink: /home/pp/Tawan-pe-/install/ired_msgs/share/ament_index/resource_index/rosidl_interfaces/ired_msgs
[2.138s] -- Up-to-date symlink: /home/pp/Tawan-pe-/install/ired_msgs/share/ired_msgs/msg/IMUData.json
[2.139s] -- Up-to-date symlink: /home/pp/Tawan-pe-/install/ired_msgs/share/ired_msgs/msg/MotorControl.json
[2.139s] -- Up-to-date symlink: /home/pp/Tawan-pe-/install/ired_msgs/share/ired_msgs/msg/MotorData.json
[2.139s] -- Up-to-date symlink: /home/pp/Tawan-pe-/install/ired_msgs/share/ired_msgs/msg/MotorSpeed.json
[2.139s] -- Up-to-date symlink: /home/pp/Tawan-pe-/install/ired_msgs/share/ired_msgs/srv/PIDTuning.json
[2.142s] -- Up-to-date symlink: /home/pp/Tawan-pe-/install/ired_msgs/include/ired_msgs/ired_msgs/msg/detail/imu_data__functions.h
[2.142s] -- Up-to-date symlink: /home/pp/Tawan-pe-/install/ired_msgs/include/ired_msgs/ired_msgs/msg/detail/imu_data__struct.h
[2.142s] -- Up-to-date symlink: /home/pp/Tawan-pe-/install/ired_msgs/include/ired_msgs/ired_msgs/msg/detail/imu_data__type_support.h
[2.143s] -- Up-to-date symlink: /home/pp/Tawan-pe-/install/ired_msgs/include/ired_msgs/ired_msgs/msg/detail/motor_control__functions.h
[2.143s] -- Up-to-date symlink: /home/pp/Tawan-pe-/install/ired_msgs/include/ired_msgs/ired_msgs/msg/detail/motor_control__struct.h
[2.143s] -- Up-to-date symlink: /home/pp/Tawan-pe-/install/ired_msgs/include/ired_msgs/ired_msgs/msg/detail/motor_control__type_support.h
[2.143s] -- Up-to-date symlink: /home/pp/Tawan-pe-/install/ired_msgs/include/ired_msgs/ired_msgs/msg/detail/motor_data__functions.h
[2.145s] -- Up-to-date symlink: /home/pp/Tawan-pe-/install/ired_msgs/include/ired_msgs/ired_msgs/msg/detail/motor_data__struct.h
[2.145s] -- Up-to-date symlink: /home/pp/Tawan-pe-/install/ired_msgs/include/ired_msgs/ired_msgs/msg/detail/motor_data__type_support.h
[2.145s] -- Up-to-date symlink: /home/pp/Tawan-pe-/install/ired_msgs/include/ired_msgs/ired_msgs/msg/detail/motor_speed__functions.h
[2.146s] -- Up-to-date symlink: /home/pp/Tawan-pe-/install/ired_msgs/include/ired_msgs/ired_msgs/msg/detail/motor_speed__struct.h
[2.146s] -- Up-to-date symlink: /home/pp/Tawan-pe-/install/ired_msgs/include/ired_msgs/ired_msgs/msg/detail/motor_speed__type_support.h
[2.147s] -- Up-to-date symlink: /home/pp/Tawan-pe-/install/ired_msgs/include/ired_msgs/ired_msgs/msg/imu_data.h
[2.147s] -- Up-to-date symlink: /home/pp/Tawan-pe-/install/ired_msgs/include/ired_msgs/ired_msgs/msg/motor_control.h
[2.147s] -- Up-to-date symlink: /home/pp/Tawan-pe-/install/ired_msgs/include/ired_msgs/ired_msgs/msg/motor_data.h
[2.147s] -- Up-to-date symlink: /home/pp/Tawan-pe-/install/ired_msgs/include/ired_msgs/ired_msgs/msg/motor_speed.h
[2.147s] -- Up-to-date symlink: /home/pp/Tawan-pe-/install/ired_msgs/include/ired_msgs/ired_msgs/msg/rosidl_generator_c__visibility_control.h
[2.148s] -- Up-to-date symlink: /home/pp/Tawan-pe-/install/ired_msgs/include/ired_msgs/ired_msgs/srv/detail/pid_tuning__functions.h
[2.148s] -- Up-to-date symlink: /home/pp/Tawan-pe-/install/ired_msgs/include/ired_msgs/ired_msgs/srv/detail/pid_tuning__struct.h
[2.148s] -- Up-to-date symlink: /home/pp/Tawan-pe-/install/ired_msgs/include/ired_msgs/ired_msgs/srv/detail/pid_tuning__type_support.h
[2.148s] -- Up-to-date symlink: /home/pp/Tawan-pe-/install/ired_msgs/include/ired_msgs/ired_msgs/srv/pid_tuning.h
[2.148s] -- Up-to-date symlink: /home/pp/Tawan-pe-/install/ired_msgs/share/ired_msgs/environment/library_path.sh
[2.148s] -- Up-to-date symlink: /home/pp/Tawan-pe-/install/ired_msgs/share/ired_msgs/environment/library_path.dsv
[2.149s] -- Up-to-date symlink: /home/pp/Tawan-pe-/install/ired_msgs/include/ired_msgs/ired_msgs/msg/detail/imu_data__rosidl_typesupport_fastrtps_c.h
[2.149s] -- Up-to-date symlink: /home/pp/Tawan-pe-/install/ired_msgs/include/ired_msgs/ired_msgs/msg/detail/motor_control__rosidl_typesupport_fastrtps_c.h
[2.152s] -- Up-to-date symlink: /home/pp/Tawan-pe-/install/ired_msgs/include/ired_msgs/ired_msgs/msg/detail/motor_data__rosidl_typesupport_fastrtps_c.h
[2.152s] -- Up-to-date symlink: /home/pp/Tawan-pe-/install/ired_msgs/include/ired_msgs/ired_msgs/msg/detail/motor_speed__rosidl_typesupport_fastrtps_c.h
[2.152s] -- Up-to-date symlink: /home/pp/Tawan-pe-/install/ired_msgs/include/ired_msgs/ired_msgs/msg/rosidl_typesupport_fastrtps_c__visibility_control.h
[2.153s] -- Up-to-date symlink: /home/pp/Tawan-pe-/install/ired_msgs/include/ired_msgs/ired_msgs/srv/detail/pid_tuning__rosidl_typesupport_fastrtps_c.h
[2.153s] -- Up-to-date symlink: /home/pp/Tawan-pe-/install/ired_msgs/include/ired_msgs/ired_msgs/msg/detail/imu_data__builder.hpp
[2.153s] -- Up-to-date symlink: /home/pp/Tawan-pe-/install/ired_msgs/include/ired_msgs/ired_msgs/msg/detail/imu_data__struct.hpp
[2.154s] -- Up-to-date symlink: /home/pp/Tawan-pe-/install/ired_msgs/include/ired_msgs/ired_msgs/msg/detail/imu_data__traits.hpp
[2.154s] -- Up-to-date symlink: /home/pp/Tawan-pe-/install/ired_msgs/include/ired_msgs/ired_msgs/msg/detail/imu_data__type_support.hpp
[2.154s] -- Up-to-date symlink: /home/pp/Tawan-pe-/install/ired_msgs/include/ired_msgs/ired_msgs/msg/detail/motor_control__builder.hpp
[2.154s] -- Up-to-date symlink: /home/pp/Tawan-pe-/install/ired_msgs/include/ired_msgs/ired_msgs/msg/detail/motor_control__struct.hpp
[2.157s] -- Up-to-date symlink: /home/pp/Tawan-pe-/install/ired_msgs/include/ired_msgs/ired_msgs/msg/detail/motor_control__traits.hpp
[2.157s] -- Up-to-date symlink: /home/pp/Tawan-pe-/install/ired_msgs/include/ired_msgs/ired_msgs/msg/detail/motor_control__type_support.hpp
[2.157s] -- Up-to-date symlink: /home/pp/Tawan-pe-/install/ired_msgs/include/ired_msgs/ired_msgs/msg/detail/motor_data__builder.hpp
[2.157s] -- Up-to-date symlink: /home/pp/Tawan-pe-/install/ired_msgs/include/ired_msgs/ired_msgs/msg/detail/motor_data__struct.hpp
[2.157s] -- Up-to-date symlink: /home/pp/Tawan-pe-/install/ired_msgs/include/ired_msgs/ired_msgs/msg/detail/motor_data__traits.hpp
[2.157s] -- Up-to-date symlink: /home/pp/Tawan-pe-/install/ired_msgs/include/ired_msgs/ired_msgs/msg/detail/motor_data__type_support.hpp
[2.157s] -- Up-to-date symlink: /home/pp/Tawan-pe-/install/ired_msgs/include/ired_msgs/ired_msgs/msg/detail/motor_speed__builder.hpp
[2.157s] -- Up-to-date symlink: /home/pp/Tawan-pe-/install/ired_msgs/include/ired_msgs/ired_msgs/msg/detail/motor_speed__struct.hpp
[2.157s] -- Up-to-date symlink: /home/pp/Tawan-pe-/install/ired_msgs/include/ired_msgs/ired_msgs/msg/detail/motor_speed__traits.hpp
[2.157s] -- Up-to-date symlink: /home/pp/Tawan-pe-/install/ired_msgs/include/ired_msgs/ired_msgs/msg/detail/motor_speed__type_support.hpp
[2.158s] -- Up-to-date symlink: /home/pp/Tawan-pe-/install/ired_msgs/include/ired_msgs/ired_msgs/msg/imu_data.hpp
[2.158s] -- Up-to-date symlink: /home/pp/Tawan-pe-/install/ired_msgs/include/ired_msgs/ired_msgs/msg/motor_control.hpp
[2.158s] -- Up-to-date symlink: /home/pp/Tawan-pe-/install/ired_msgs/include/ired_msgs/ired_msgs/msg/motor_data.hpp
[2.158s] -- Up-to-date symlink: /home/pp/Tawan-pe-/install/ired_msgs/include/ired_msgs/ired_msgs/msg/motor_speed.hpp
[2.159s] -- Up-to-date symlink: /home/pp/Tawan-pe-/install/ired_msgs/include/ired_msgs/ired_msgs/msg/rosidl_generator_cpp__visibility_control.hpp
[2.159s] -- Up-to-date symlink: /home/pp/Tawan-pe-/install/ired_msgs/include/ired_msgs/ired_msgs/srv/detail/pid_tuning__builder.hpp
[2.159s] -- Up-to-date symlink: /home/pp/Tawan-pe-/install/ired_msgs/include/ired_msgs/ired_msgs/srv/detail/pid_tuning__struct.hpp
[2.159s] -- Up-to-date symlink: /home/pp/Tawan-pe-/install/ired_msgs/include/ired_msgs/ired_msgs/srv/detail/pid_tuning__traits.hpp
[2.159s] -- Up-to-date symlink: /home/pp/Tawan-pe-/install/ired_msgs/include/ired_msgs/ired_msgs/srv/detail/pid_tuning__type_support.hpp
[2.159s] -- Up-to-date symlink: /home/pp/Tawan-pe-/install/ired_msgs/include/ired_msgs/ired_msgs/srv/pid_tuning.hpp
[2.160s] -- Up-to-date symlink: /home/pp/Tawan-pe-/install/ired_msgs/include/ired_msgs/ired_msgs/msg/detail/imu_data__rosidl_typesupport_fastrtps_cpp.hpp
[2.160s] -- Up-to-date symlink: /home/pp/Tawan-pe-/install/ired_msgs/include/ired_msgs/ired_msgs/msg/detail/motor_control__rosidl_typesupport_fastrtps_cpp.hpp
[2.161s] -- Up-to-date symlink: /home/pp/Tawan-pe-/install/ired_msgs/include/ired_msgs/ired_msgs/msg/detail/motor_data__rosidl_typesupport_fastrtps_cpp.hpp
[2.161s] -- Up-to-date symlink: /home/pp/Tawan-pe-/install/ired_msgs/include/ired_msgs/ired_msgs/msg/detail/motor_speed__rosidl_typesupport_fastrtps_cpp.hpp
[2.161s] -- Up-to-date symlink: /home/pp/Tawan-pe-/install/ired_msgs/include/ired_msgs/ired_msgs/msg/rosidl_typesupport_fastrtps_cpp__visibility_control.h
[2.161s] -- Up-to-date symlink: /home/pp/Tawan-pe-/install/ired_msgs/include/ired_msgs/ired_msgs/srv/detail/pid_tuning__rosidl_typesupport_fastrtps_cpp.hpp
[2.161s] -- Up-to-date symlink: /home/pp/Tawan-pe-/install/ired_msgs/include/ired_msgs/ired_msgs/msg/detail/imu_data__rosidl_typesupport_introspection_c.h
[2.164s] -- Up-to-date symlink: /home/pp/Tawan-pe-/install/ired_msgs/include/ired_msgs/ired_msgs/msg/detail/motor_control__rosidl_typesupport_introspection_c.h
[2.164s] -- Up-to-date symlink: /home/pp/Tawan-pe-/install/ired_msgs/include/ired_msgs/ired_msgs/msg/detail/motor_data__rosidl_typesupport_introspection_c.h
[2.164s] -- Up-to-date symlink: /home/pp/Tawan-pe-/install/ired_msgs/include/ired_msgs/ired_msgs/msg/detail/motor_speed__rosidl_typesupport_introspection_c.h
[2.164s] -- Up-to-date symlink: /home/pp/Tawan-pe-/install/ired_msgs/include/ired_msgs/ired_msgs/msg/rosidl_typesupport_introspection_c__visibility_control.h
[2.164s] -- Up-to-date symlink: /home/pp/Tawan-pe-/install/ired_msgs/include/ired_msgs/ired_msgs/srv/detail/pid_tuning__rosidl_typesupport_introspection_c.h
[2.165s] -- Up-to-date symlink: /home/pp/Tawan-pe-/install/ired_msgs/include/ired_msgs/ired_msgs/msg/detail/imu_data__rosidl_typesupport_introspection_cpp.hpp
[2.165s] -- Up-to-date symlink: /home/pp/Tawan-pe-/install/ired_msgs/include/ired_msgs/ired_msgs/msg/detail/motor_control__rosidl_typesupport_introspection_cpp.hpp
[2.165s] -- Up-to-date symlink: /home/pp/Tawan-pe-/install/ired_msgs/include/ired_msgs/ired_msgs/msg/detail/motor_data__rosidl_typesupport_introspection_cpp.hpp
[2.166s] -- Up-to-date symlink: /home/pp/Tawan-pe-/install/ired_msgs/include/ired_msgs/ired_msgs/msg/detail/motor_speed__rosidl_typesupport_introspection_cpp.hpp
[2.166s] -- Up-to-date symlink: /home/pp/Tawan-pe-/install/ired_msgs/include/ired_msgs/ired_msgs/srv/detail/pid_tuning__rosidl_typesupport_introspection_cpp.hpp
[2.166s] -- Up-to-date symlink: /home/pp/Tawan-pe-/install/ired_msgs/share/ired_msgs/environment/pythonpath.sh
[2.166s] -- Up-to-date symlink: /home/pp/Tawan-pe-/install/ired_msgs/share/ired_msgs/environment/pythonpath.dsv
[2.166s] -- Up-to-date symlink: /home/pp/Tawan-pe-/install/ired_msgs/lib/python3.12/site-packages/ired_msgs-2.0.1-py3.12.egg-info/PKG-INFO
[2.167s] -- Up-to-date symlink: /home/pp/Tawan-pe-/install/ired_msgs/lib/python3.12/site-packages/ired_msgs-2.0.1-py3.12.egg-info/SOURCES.txt
[2.167s] -- Up-to-date symlink: /home/pp/Tawan-pe-/install/ired_msgs/lib/python3.12/site-packages/ired_msgs-2.0.1-py3.12.egg-info/dependency_links.txt
[2.167s] -- Up-to-date symlink: /home/pp/Tawan-pe-/install/ired_msgs/lib/python3.12/site-packages/ired_msgs-2.0.1-py3.12.egg-info/top_level.txt
[2.168s] -- Up-to-date symlink: /home/pp/Tawan-pe-/install/ired_msgs/lib/python3.12/site-packages/ired_msgs/__init__.py
[2.168s] -- Up-to-date symlink: /home/pp/Tawan-pe-/install/ired_msgs/lib/python3.12/site-packages/ired_msgs/_ired_msgs_s.ep.rosidl_typesupport_c.c
[2.170s] -- Up-to-date symlink: /home/pp/Tawan-pe-/install/ired_msgs/lib/python3.12/site-packages/ired_msgs/_ired_msgs_s.ep.rosidl_typesupport_fastrtps_c.c
[2.171s] -- Up-to-date symlink: /home/pp/Tawan-pe-/install/ired_msgs/lib/python3.12/site-packages/ired_msgs/_ired_msgs_s.ep.rosidl_typesupport_introspection_c.c
[2.171s] -- Up-to-date symlink: /home/pp/Tawan-pe-/install/ired_msgs/lib/python3.12/site-packages/ired_msgs/ired_msgs_s__rosidl_typesupport_c.so
[2.171s] -- Up-to-date symlink: /home/pp/Tawan-pe-/install/ired_msgs/lib/python3.12/site-packages/ired_msgs/ired_msgs_s__rosidl_typesupport_fastrtps_c.so
[2.171s] -- Up-to-date symlink: /home/pp/Tawan-pe-/install/ired_msgs/lib/python3.12/site-packages/ired_msgs/ired_msgs_s__rosidl_typesupport_introspection_c.so
[2.171s] -- Up-to-date symlink: /home/pp/Tawan-pe-/install/ired_msgs/lib/python3.12/site-packages/ired_msgs/msg/__init__.py
[2.171s] -- Up-to-date symlink: /home/pp/Tawan-pe-/install/ired_msgs/lib/python3.12/site-packages/ired_msgs/msg/_imu_data.py
[2.172s] -- Up-to-date symlink: /home/pp/Tawan-pe-/install/ired_msgs/lib/python3.12/site-packages/ired_msgs/msg/_imu_data_s.c
[2.172s] -- Up-to-date symlink: /home/pp/Tawan-pe-/install/ired_msgs/lib/python3.12/site-packages/ired_msgs/msg/_motor_control.py
[2.172s] -- Up-to-date symlink: /home/pp/Tawan-pe-/install/ired_msgs/lib/python3.12/site-packages/ired_msgs/msg/_motor_control_s.c
[2.172s] -- Up-to-date symlink: /home/pp/Tawan-pe-/install/ired_msgs/lib/python3.12/site-packages/ired_msgs/msg/_motor_data.py
[2.172s] -- Up-to-date symlink: /home/pp/Tawan-pe-/install/ired_msgs/lib/python3.12/site-packages/ired_msgs/msg/_motor_data_s.c
[2.173s] -- Up-to-date symlink: /home/pp/Tawan-pe-/install/ired_msgs/lib/python3.12/site-packages/ired_msgs/msg/_motor_speed.py
[2.173s] -- Up-to-date symlink: /home/pp/Tawan-pe-/install/ired_msgs/lib/python3.12/site-packages/ired_msgs/msg/_motor_speed_s.c
[2.173s] -- Up-to-date symlink: /home/pp/Tawan-pe-/install/ired_msgs/lib/python3.12/site-packages/ired_msgs/srv/__init__.py
[2.173s] -- Up-to-date symlink: /home/pp/Tawan-pe-/install/ired_msgs/lib/python3.12/site-packages/ired_msgs/srv/_pid_tuning.py
[2.173s] -- Up-to-date symlink: /home/pp/Tawan-pe-/install/ired_msgs/lib/python3.12/site-packages/ired_msgs/srv/_pid_tuning_s.c
[2.173s] -- Up-to-date symlink: /home/pp/Tawan-pe-/install/ired_msgs/lib/python3.12/site-packages/ired_msgs/ired_msgs_s__rosidl_typesupport_fastrtps_c.so
[2.173s] -- Up-to-date symlink: /home/pp/Tawan-pe-/install/ired_msgs/lib/python3.12/site-packages/ired_msgs/ired_msgs_s__rosidl_typesupport_introspection_c.so
[2.174s] -- Up-to-date symlink: /home/pp/Tawan-pe-/install/ired_msgs/lib/python3.12/site-packages/ired_msgs/ired_msgs_s__rosidl_typesupport_c.so
[2.174s] -- Up-to-date symlink: /home/pp/Tawan-pe-/install/ired_msgs/share/ired_msgs/msg/IMUData.idl
[2.177s] -- Up-to-date symlink: /home/pp/Tawan-pe-/install/ired_msgs/share/ired_msgs/msg/MotorControl.idl
[2.178s] -- Up-to-date symlink: /home/pp/Tawan-pe-/install/ired_msgs/share/ired_msgs/msg/MotorData.idl
[2.178s] -- Up-to-date symlink: /home/pp/Tawan-pe-/install/ired_msgs/share/ired_msgs/msg/MotorSpeed.idl
[2.178s] -- Up-to-date symlink: /home/pp/Tawan-pe-/install/ired_msgs/share/ired_msgs/srv/PIDTuning.idl
[2.178s] -- Up-to-date symlink: /home/pp/Tawan-pe-/install/ired_msgs/share/ired_msgs/msg/IMUData.msg
[2.179s] -- Up-to-date symlink: /home/pp/Tawan-pe-/install/ired_msgs/share/ired_msgs/msg/MotorControl.msg
[2.181s] -- Up-to-date symlink: /home/pp/Tawan-pe-/install/ired_msgs/share/ired_msgs/msg/MotorData.msg
[2.181s] -- Up-to-date symlink: /home/pp/Tawan-pe-/install/ired_msgs/share/ired_msgs/msg/MotorSpeed.msg
[2.181s] -- Up-to-date symlink: /home/pp/Tawan-pe-/install/ired_msgs/share/ired_msgs/srv/PIDTuning.srv
[2.181s] -- Up-to-date symlink: /home/pp/Tawan-pe-/install/ired_msgs/share/ament_index/resource_index/package_run_dependencies/ired_msgs
[2.181s] -- Up-to-date symlink: /home/pp/Tawan-pe-/install/ired_msgs/share/ament_index/resource_index/parent_prefix_path/ired_msgs
[2.181s] -- Up-to-date symlink: /home/pp/Tawan-pe-/install/ired_msgs/share/ired_msgs/environment/ament_prefix_path.sh
[2.181s] -- Up-to-date symlink: /home/pp/Tawan-pe-/install/ired_msgs/share/ired_msgs/environment/ament_prefix_path.dsv
[2.181s] -- Up-to-date symlink: /home/pp/Tawan-pe-/install/ired_msgs/share/ired_msgs/environment/path.sh
[2.182s] -- Up-to-date symlink: /home/pp/Tawan-pe-/install/ired_msgs/share/ired_msgs/environment/path.dsv
[2.182s] -- Up-to-date symlink: /home/pp/Tawan-pe-/install/ired_msgs/share/ired_msgs/local_setup.bash
[2.182s] -- Up-to-date symlink: /home/pp/Tawan-pe-/install/ired_msgs/share/ired_msgs/local_setup.sh
[2.182s] -- Up-to-date symlink: /home/pp/Tawan-pe-/install/ired_msgs/share/ired_msgs/local_setup.zsh
[2.183s] -- Up-to-date symlink: /home/pp/Tawan-pe-/install/ired_msgs/share/ired_msgs/local_setup.dsv
[2.184s] -- Symlinking: /home/pp/Tawan-pe-/install/ired_msgs/share/ired_msgs/package.dsv
[2.199s] -- Up-to-date symlink: /home/pp/Tawan-pe-/install/ired_msgs/share/ament_index/resource_index/packages/ired_msgs
[2.200s] -- Up-to-date symlink: /home/pp/Tawan-pe-/install/ired_msgs/share/ired_msgs/cmake/rosidl_cmake-extras.cmake
[2.200s] -- Up-to-date symlink: /home/pp/Tawan-pe-/install/ired_msgs/share/ired_msgs/cmake/ament_cmake_export_dependencies-extras.cmake
[2.200s] -- Up-to-date symlink: /home/pp/Tawan-pe-/install/ired_msgs/share/ired_msgs/cmake/ament_cmake_export_include_directories-extras.cmake
[2.200s] -- Up-to-date symlink: /home/pp/Tawan-pe-/install/ired_msgs/share/ired_msgs/cmake/ament_cmake_export_libraries-extras.cmake
[2.200s] -- Up-to-date symlink: /home/pp/Tawan-pe-/install/ired_msgs/share/ired_msgs/cmake/ament_cmake_export_targets-extras.cmake
[2.200s] -- Up-to-date symlink: /home/pp/Tawan-pe-/install/ired_msgs/share/ired_msgs/cmake/rosidl_cmake_export_typesupport_targets-extras.cmake
[2.200s] -- Up-to-date symlink: /home/pp/Tawan-pe-/install/ired_msgs/share/ired_msgs/cmake/rosidl_cmake_export_typesupport_libraries-extras.cmake
[2.200s] -- Up-to-date symlink: /home/pp/Tawan-pe-/install/ired_msgs/share/ired_msgs/cmake/ired_msgsConfig.cmake
[2.200s] -- Up-to-date symlink: /home/pp/Tawan-pe-/install/ired_msgs/share/ired_msgs/cmake/ired_msgsConfig-version.cmake
[2.201s] -- Up-to-date symlink: /home/pp/Tawan-pe-/install/ired_msgs/share/ired_msgs/package.xml
[2.201s] -- Up-to-date: /home/pp/Tawan-pe-/install/ired_msgs/lib/libired_msgs__rosidl_generator_c.so
[2.201s] -- Up-to-date: /home/pp/Tawan-pe-/install/ired_msgs/lib/libired_msgs__rosidl_typesupport_fastrtps_c.so
[2.201s] -- Up-to-date: /home/pp/Tawan-pe-/install/ired_msgs/lib/libired_msgs__rosidl_typesupport_fastrtps_cpp.so
[2.201s] -- Up-to-date: /home/pp/Tawan-pe-/install/ired_msgs/lib/libired_msgs__rosidl_typesupport_introspection_c.so
[2.202s] -- Up-to-date: /home/pp/Tawan-pe-/install/ired_msgs/lib/libired_msgs__rosidl_typesupport_c.so
[2.202s] -- Up-to-date: /home/pp/Tawan-pe-/install/ired_msgs/lib/libired_msgs__rosidl_typesupport_introspection_cpp.so
[2.202s] -- Up-to-date: /home/pp/Tawan-pe-/install/ired_msgs/lib/libired_msgs__rosidl_typesupport_cpp.so
[2.278s] Listing '/home/pp/Tawan-pe-/install/ired_msgs/lib/python3.12/site-packages/ired_msgs'...
[2.278s] Compiling '/home/pp/Tawan-pe-/install/ired_msgs/lib/python3.12/site-packages/ired_msgs/__init__.py'...
[2.278s] Listing '/home/pp/Tawan-pe-/install/ired_msgs/lib/python3.12/site-packages/ired_msgs/msg'...
[2.278s] Listing '/home/pp/Tawan-pe-/install/ired_msgs/lib/python3.12/site-packages/ired_msgs/srv'...
[2.286s] -- Up-to-date: /home/pp/Tawan-pe-/install/ired_msgs/lib/libired_msgs__rosidl_generator_py.so
[2.287s] -- Up-to-date: /home/pp/Tawan-pe-/install/ired_msgs/share/ired_msgs/cmake/export_ired_msgs__rosidl_generator_cExport.cmake
[2.287s] -- Up-to-date: /home/pp/Tawan-pe-/install/ired_msgs/share/ired_msgs/cmake/export_ired_msgs__rosidl_generator_cExport-noconfig.cmake
[2.287s] -- Up-to-date: /home/pp/Tawan-pe-/install/ired_msgs/share/ired_msgs/cmake/export_ired_msgs__rosidl_typesupport_fastrtps_cExport.cmake
[2.287s] -- Up-to-date: /home/pp/Tawan-pe-/install/ired_msgs/share/ired_msgs/cmake/export_ired_msgs__rosidl_typesupport_fastrtps_cExport-noconfig.cmake
[2.287s] -- Up-to-date: /home/pp/Tawan-pe-/install/ired_msgs/share/ired_msgs/cmake/export_ired_msgs__rosidl_generator_cppExport.cmake
[2.287s] -- Up-to-date: /home/pp/Tawan-pe-/install/ired_msgs/share/ired_msgs/cmake/export_ired_msgs__rosidl_typesupport_fastrtps_cppExport.cmake
[2.287s] -- Up-to-date: /home/pp/Tawan-pe-/install/ired_msgs/share/ired_msgs/cmake/export_ired_msgs__rosidl_typesupport_fastrtps_cppExport-noconfig.cmake
[2.288s] -- Up-to-date: /home/pp/Tawan-pe-/install/ired_msgs/share/ired_msgs/cmake/ired_msgs__rosidl_typesupport_introspection_cExport.cmake
[2.288s] -- Up-to-date: /home/pp/Tawan-pe-/install/ired_msgs/share/ired_msgs/cmake/ired_msgs__rosidl_typesupport_introspection_cExport-noconfig.cmake
[2.288s] -- Up-to-date: /home/pp/Tawan-pe-/install/ired_msgs/share/ired_msgs/cmake/ired_msgs__rosidl_typesupport_cExport.cmake
[2.288s] -- Up-to-date: /home/pp/Tawan-pe-/install/ired_msgs/share/ired_msgs/cmake/ired_msgs__rosidl_typesupport_cExport-noconfig.cmake
[2.288s] -- Up-to-date: /home/pp/Tawan-pe-/install/ired_msgs/share/ired_msgs/cmake/ired_msgs__rosidl_typesupport_introspection_cppExport.cmake
[2.288s] -- Up-to-date: /home/pp/Tawan-pe-/install/ired_msgs/share/ired_msgs/cmake/ired_msgs__rosidl_typesupport_introspection_cppExport-noconfig.cmake
[2.288s] -- Up-to-date: /home/pp/Tawan-pe-/install/ired_msgs/share/ired_msgs/cmake/ired_msgs__rosidl_typesupport_cppExport.cmake
[2.289s] -- Up-to-date: /home/pp/Tawan-pe-/install/ired_msgs/share/ired_msgs/cmake/ired_msgs__rosidl_typesupport_cppExport-noconfig.cmake
[2.289s] -- Up-to-date: /home/pp/Tawan-pe-/install/ired_msgs/share/ired_msgs/cmake/export_ired_msgs__rosidl_generator_pyExport.cmake
[2.290s] -- Up-to-date: /home/pp/Tawan-pe-/install/ired_msgs/share/ired_msgs/cmake/export_ired_msgs__rosidl_generator_pyExport-noconfig.cmake
[2.297s] Invoked command in '/home/pp/Tawan-pe-/build/ired_msgs' returned '0': CMAKE_PREFIX_PATH=${CMAKE_PREFIX_PATH}:/home/pp/Tawan-pe-/install/station_pkg:/home/pp/Tawan-pe-/install/ros2_aruco:/home/pp/Tawan-pe-/install/motion_control:/home/pp/Tawan-pe-/install/ired_teleop:/home/pp/Tawan-pe-/install/ired_movetogoal:/opt/ros/jazzy DEBUGINFOD_URLS=https://debuginfod.ubuntu.com /usr/bin/cmake --install /home/pp/Tawan-pe-/build/ired_msgs
