-- The C compiler identification is GNU 13.3.0
-- The CXX compiler identification is GNU 13.3.0
-- Detecting C compiler ABI info
-- Detecting C compiler ABI info - done
-- Check for working C compiler: /usr/bin/cc - skipped
-- Detecting C compile features
-- Detecting C compile features - done
-- Detecting CXX compiler ABI info
-- Detecting CXX compiler ABI info - done
-- Check for working CXX compiler: /usr/bin/c++ - skipped
-- Detecting CXX compile features
-- Detecting CXX compile features - done
-- Found ament_cmake: 2.5.4 (/opt/ros/jazzy/share/ament_cmake/cmake)
-- Found Python3: /usr/bin/python3 (found version "3.12.3") found components: Interpreter 
-- Override CMake install command with custom implementation using symlinks instead of copying resources
-- Found geometry_msgs: 5.3.6 (/opt/ros/jazzy/share/geometry_msgs/cmake)
-- Found rosidl_generator_c: 4.6.6 (/opt/ros/jazzy/share/rosidl_generator_c/cmake)
-- Found rosidl_generator_cpp: 4.6.6 (/opt/ros/jazzy/share/rosidl_generator_cpp/cmake)
-- Using all available rosidl_typesupport_c: rosidl_typesupport_fastrtps_c;rosidl_typesupport_introspection_c
-- Using all available rosidl_typesupport_cpp: rosidl_typesupport_fastrtps_cpp;rosidl_typesupport_introspection_cpp
-- Found ired_msgs: 2.0.1 (/home/pi/robot_ws/install/ired_msgs/share/ired_msgs/cmake)
-- Found nav_msgs: 5.3.6 (/opt/ros/jazzy/share/nav_msgs/cmake)
-- Found rclcpp: 28.1.13 (/opt/ros/jazzy/share/rclcpp/cmake)
-- Found rmw_implementation_cmake: 7.3.2 (/opt/ros/jazzy/share/rmw_implementation_cmake/cmake)
-- Found rmw_fastrtps_cpp: 8.4.3 (/opt/ros/jazzy/share/rmw_fastrtps_cpp/cmake)
-- Found OpenSSL: /usr/lib/x86_64-linux-gnu/libcrypto.so (found version "3.0.13")  
-- Found FastRTPS: /opt/ros/jazzy/include (Required is at least version "2.13") 
-- Using RMW implementation 'rmw_fastrtps_cpp' as default
-- Found rclpy: 7.1.6 (/opt/ros/jazzy/share/rclpy/cmake)
-- Found sensor_msgs: 5.3.6 (/opt/ros/jazzy/share/sensor_msgs/cmake)
-- Found std_srvs: 5.3.6 (/opt/ros/jazzy/share/std_srvs/cmake)
-- Found tf2: 0.36.16 (/opt/ros/jazzy/share/tf2/cmake)
-- Found tf2_msgs: 0.36.16 (/opt/ros/jazzy/share/tf2_msgs/cmake)
-- Configuring done (1.1s)
-- Generating done (0.0s)
-- Build files have been written to: /home/pi/robot_ws/build/ired_bringup
[ 54%] [32mBuilding CXX object CMakeFiles/imu_node.dir/src/imu.cpp.o[0m
[ 54%] [32mBuilding CXX object CMakeFiles/iredcr_modbus_node.dir/src/ired_controller.cpp.o[0m
[ 54%] [32mBuilding CXX object CMakeFiles/odom_node.dir/src/odom.cpp.o[0m
[ 54%] [32mBuilding CXX object CMakeFiles/iredcr_modbus_node.dir/src/modbus_rtu.cpp.o[0m
[ 54%] [32mBuilding CXX object CMakeFiles/forward_kinematics_node.dir/src/forward_kinematics.cpp.o[0m
[ 54%] [32mBuilding CXX object CMakeFiles/inverse_kinematics_node.dir/src/inverse_kinematics.cpp.o[0m
[01m[K/home/pi/robot_ws/src/robot/ired_bringup/src/ired_controller.cpp:215:16:[m[K [01;35m[Kwarning: [m[K‘[01m[Kspeed_t[01;32m[K baud2termios[m[K(int)[m[K’ defined but not used [[01;35m[K]8;;https://gcc.gnu.org/onlinedocs/gcc/Warning-Options.html#index-Wunused-function-Wunused-function]8;;[m[K]
  215 | static speed_t [01;35m[Kbaud2termios[m[K(int baud){
      |                [01;35m[K^~~~~~~~~~~~[m[K
[ 72%] [32m[1mLinking CXX executable forward_kinematics_node[0m
[ 72%] [32m[1mLinking CXX executable inverse_kinematics_node[0m
[ 72%] Built target forward_kinematics_node
[ 72%] Built target inverse_kinematics_node
[ 81%] [32m[1mLinking CXX executable imu_node[0m
[ 81%] Built target imu_node
[ 90%] [32m[1mLinking CXX executable iredcr_modbus_node[0m
[ 90%] Built target iredcr_modbus_node
[100%] [32m[1mLinking CXX executable odom_node[0m
[100%] Built target odom_node
-- Install configuration: ""
-- Execute custom install script
-- Symlinking: /home/pi/robot_ws/install/ired_bringup/lib/ired_bringup/forward_kinematics_node
-- Symlinking: /home/pi/robot_ws/install/ired_bringup/lib/ired_bringup/inverse_kinematics_node
-- Symlinking: /home/pi/robot_ws/install/ired_bringup/lib/ired_bringup/imu_node
-- Symlinking: /home/pi/robot_ws/install/ired_bringup/lib/ired_bringup/iredcr_modbus_node
-- Symlinking: /home/pi/robot_ws/install/ired_bringup/lib/ired_bringup/odom_node
-- Symlinking: /home/pi/robot_ws/install/ired_bringup/share/ired_bringup/launch/bringup.launch.py
-- Symlinking: /home/pi/robot_ws/install/ired_bringup/share/ired_bringup/param/ired.yaml
-- Symlinking: /home/pi/robot_ws/install/ired_bringup/share/ired_bringup/param/laser_config.yaml
-- Symlinking: /home/pi/robot_ws/install/ired_bringup/share/ired_bringup/urdf/ired.urdf.xacro
-- Symlinking: /home/pi/robot_ws/install/ired_bringup/include//ired_bringup/forward_kinematics.hpp
-- Symlinking: /home/pi/robot_ws/install/ired_bringup/include//ired_bringup/imu.hpp
-- Symlinking: /home/pi/robot_ws/install/ired_bringup/include//ired_bringup/inverse_kinematics.hpp
-- Symlinking: /home/pi/robot_ws/install/ired_bringup/include//ired_bringup/ired_controller.hpp
-- Symlinking: /home/pi/robot_ws/install/ired_bringup/include//ired_bringup/ired_controller_define.hpp
-- Symlinking: /home/pi/robot_ws/install/ired_bringup/include//ired_bringup/odom.hpp
-- Symlinking: /home/pi/robot_ws/install/ired_bringup/include//modbus_rtu.hpp
-- Symlinking: /home/pi/robot_ws/install/ired_bringup/share/ament_index/resource_index/package_run_dependencies/ired_bringup
-- Symlinking: /home/pi/robot_ws/install/ired_bringup/share/ament_index/resource_index/parent_prefix_path/ired_bringup
-- Symlinking: /home/pi/robot_ws/install/ired_bringup/share/ired_bringup/environment/ament_prefix_path.sh
-- Symlinking: /home/pi/robot_ws/install/ired_bringup/share/ired_bringup/environment/ament_prefix_path.dsv
-- Symlinking: /home/pi/robot_ws/install/ired_bringup/share/ired_bringup/environment/path.sh
-- Symlinking: /home/pi/robot_ws/install/ired_bringup/share/ired_bringup/environment/path.dsv
-- Symlinking: /home/pi/robot_ws/install/ired_bringup/share/ired_bringup/local_setup.bash
-- Symlinking: /home/pi/robot_ws/install/ired_bringup/share/ired_bringup/local_setup.sh
-- Symlinking: /home/pi/robot_ws/install/ired_bringup/share/ired_bringup/local_setup.zsh
-- Symlinking: /home/pi/robot_ws/install/ired_bringup/share/ired_bringup/local_setup.dsv
-- Symlinking: /home/pi/robot_ws/install/ired_bringup/share/ired_bringup/package.dsv
-- Symlinking: /home/pi/robot_ws/install/ired_bringup/share/ament_index/resource_index/packages/ired_bringup
-- Symlinking: /home/pi/robot_ws/install/ired_bringup/share/ired_bringup/cmake/ament_cmake_export_include_directories-extras.cmake
-- Symlinking: /home/pi/robot_ws/install/ired_bringup/share/ired_bringup/cmake/ament_cmake_export_dependencies-extras.cmake
-- Symlinking: /home/pi/robot_ws/install/ired_bringup/share/ired_bringup/cmake/ired_bringupConfig.cmake
-- Symlinking: /home/pi/robot_ws/install/ired_bringup/share/ired_bringup/cmake/ired_bringupConfig-version.cmake
-- Symlinking: /home/pi/robot_ws/install/ired_bringup/share/ired_bringup/package.xml
