[0.083s] Invoking command in '/home/pp/Tawan-pe-/build/ired_msgs': CMAKE_PREFIX_PATH=${CMAKE_PREFIX_PATH}:/home/pp/Tawan-pe-/install/station_pkg:/home/pp/Tawan-pe-/install/ros2_aruco:/home/pp/Tawan-pe-/install/motion_control:/home/pp/Tawan-pe-/install/ired_teleop:/home/pp/Tawan-pe-/install/ired_movetogoal:/opt/ros/jazzy DEBUGINFOD_URLS=https://debuginfod.ubuntu.com /usr/bin/cmake --build /home/pp/Tawan-pe-/build/ired_msgs -- -j12 -l12
[1.471s] [  1%] Built target ired_msgs__rosidl_generator_type_description
[1.473s] [  1%] Built target ament_cmake_python_symlink_ired_msgs
[1.474s] [  2%] Built target ired_msgs__cpp
[1.474s] [ 25%] Built target ired_msgs__rosidl_generator_c
[1.474s] [ 35%] Built target ired_msgs__rosidl_typesupport_introspection_c
[1.475s] [ 44%] Built target ired_msgs__rosidl_typesupport_cpp
[1.475s] [ 54%] Built target ired_msgs__rosidl_typesupport_c
[1.475s] [ 63%] Built target ired_msgs__rosidl_typesupport_fastrtps_c
[1.475s] [ 72%] Built target ired_msgs__rosidl_typesupport_introspection_cpp
[1.475s] [ 82%] Built target ired_msgs__rosidl_typesupport_fastrtps_cpp
[1.475s] [ 82%] Built target ired_msgs
[1.475s] [ 83%] Built target ired_msgs__py
[1.475s] [ 91%] Built target ired_msgs__rosidl_generator_py
[1.475s] [ 98%] Built target ired_msgs_s__rosidl_typesupport_fastrtps_c
[1.475s] [100%] Built target ired_msgs_s__rosidl_typesupport_c
[1.475s] [100%] Built target ired_msgs_s__rosidl_typesupport_introspection_c
[1.476s] running egg_info
[1.476s] writing ired_msgs.egg-info/PKG-INFO
[1.476s] writing dependency_links to ired_msgs.egg-info/dependency_links.txt
[1.476s] writing top-level names to ired_msgs.egg-info/top_level.txt
[1.476s] reading manifest file 'ired_msgs.egg-info/SOURCES.txt'
[1.476s] writing manifest file 'ired_msgs.egg-info/SOURCES.txt'
[1.476s] [100%] Built target ament_cmake_python_build_ired_msgs_egg
[1.491s] Invoked command in '/home/pp/Tawan-pe-/build/ired_msgs' returned '0': CMAKE_PREFIX_PATH=${CMAKE_PREFIX_PATH}:/home/pp/Tawan-pe-/install/station_pkg:/home/pp/Tawan-pe-/install/ros2_aruco:/home/pp/Tawan-pe-/install/motion_control:/home/pp/Tawan-pe-/install/ired_teleop:/home/pp/Tawan-pe-/install/ired_movetogoal:/opt/ros/jazzy DEBUGINFOD_URLS=https://debuginfod.ubuntu.com /usr/bin/cmake --build /home/pp/Tawan-pe-/build/ired_msgs -- -j12 -l12
[1.493s] Invoking command in '/home/pp/Tawan-pe-/build/ired_msgs': CMAKE_PREFIX_PATH=${CMAKE_PREFIX_PATH}:/home/pp/Tawan-pe-/install/station_pkg:/home/pp/Tawan-pe-/install/ros2_aruco:/home/pp/Tawan-pe-/install/motion_control:/home/pp/Tawan-pe-/install/ired_teleop:/home/pp/Tawan-pe-/install/ired_movetogoal:/opt/ros/jazzy DEBUGINFOD_URLS=https://debuginfod.ubuntu.com /usr/bin/cmake --install /home/pp/Tawan-pe-/build/ired_msgs
[1.505s] -- Install configuration: ""
[1.508s] -- Execute custom install script
[1.508s] -- Up-to-date symlink: /home/pp/Tawan-pe-/install/ired_msgs/share/ament_index/resource_index/rosidl_interfaces/ired_msgs
[1.508s] -- Up-to-date symlink: /home/pp/Tawan-pe-/install/ired_msgs/share/ired_msgs/msg/IMUData.json
[1.508s] -- Up-to-date symlink: /home/pp/Tawan-pe-/install/ired_msgs/share/ired_msgs/msg/MotorControl.json
[1.509s] -- Up-to-date symlink: /home/pp/Tawan-pe-/install/ired_msgs/share/ired_msgs/msg/MotorData.json
[1.510s] -- Up-to-date symlink: /home/pp/Tawan-pe-/install/ired_msgs/share/ired_msgs/msg/MotorSpeed.json
[1.511s] -- Up-to-date symlink: /home/pp/Tawan-pe-/install/ired_msgs/share/ired_msgs/srv/PIDTuning.json
[1.514s] -- Up-to-date symlink: /home/pp/Tawan-pe-/install/ired_msgs/include/ired_msgs/ired_msgs/msg/detail/imu_data__functions.h
[1.514s] -- Up-to-date symlink: /home/pp/Tawan-pe-/install/ired_msgs/include/ired_msgs/ired_msgs/msg/detail/imu_data__struct.h
[1.514s] -- Up-to-date symlink: /home/pp/Tawan-pe-/install/ired_msgs/include/ired_msgs/ired_msgs/msg/detail/imu_data__type_support.h
[1.516s] -- Up-to-date symlink: /home/pp/Tawan-pe-/install/ired_msgs/include/ired_msgs/ired_msgs/msg/detail/motor_control__functions.h
[1.521s] -- Up-to-date symlink: /home/pp/Tawan-pe-/install/ired_msgs/include/ired_msgs/ired_msgs/msg/detail/motor_control__struct.h
[1.522s] -- Up-to-date symlink: /home/pp/Tawan-pe-/install/ired_msgs/include/ired_msgs/ired_msgs/msg/detail/motor_control__type_support.h
[1.522s] -- Up-to-date symlink: /home/pp/Tawan-pe-/install/ired_msgs/include/ired_msgs/ired_msgs/msg/detail/motor_data__functions.h
[1.522s] -- Up-to-date symlink: /home/pp/Tawan-pe-/install/ired_msgs/include/ired_msgs/ired_msgs/msg/detail/motor_data__struct.h
[1.523s] -- Up-to-date symlink: /home/pp/Tawan-pe-/install/ired_msgs/include/ired_msgs/ired_msgs/msg/detail/motor_data__type_support.h
[1.523s] -- Up-to-date symlink: /home/pp/Tawan-pe-/install/ired_msgs/include/ired_msgs/ired_msgs/msg/detail/motor_speed__functions.h
[1.523s] -- Up-to-date symlink: /home/pp/Tawan-pe-/install/ired_msgs/include/ired_msgs/ired_msgs/msg/detail/motor_speed__struct.h
[1.524s] -- Up-to-date symlink: /home/pp/Tawan-pe-/install/ired_msgs/include/ired_msgs/ired_msgs/msg/detail/motor_speed__type_support.h
[1.524s] -- Up-to-date symlink: /home/pp/Tawan-pe-/install/ired_msgs/include/ired_msgs/ired_msgs/msg/imu_data.h
[1.524s] -- Up-to-date symlink: /home/pp/Tawan-pe-/install/ired_msgs/include/ired_msgs/ired_msgs/msg/motor_control.h
[1.524s] -- Up-to-date symlink: /home/pp/Tawan-pe-/install/ired_msgs/include/ired_msgs/ired_msgs/msg/motor_data.h
[1.524s] -- Up-to-date symlink: /home/pp/Tawan-pe-/install/ired_msgs/include/ired_msgs/ired_msgs/msg/motor_speed.h
[1.533s] -- Up-to-date symlink: /home/pp/Tawan-pe-/install/ired_msgs/include/ired_msgs/ired_msgs/msg/rosidl_generator_c__visibility_control.h
[1.535s] -- Up-to-date symlink: /home/pp/Tawan-pe-/install/ired_msgs/include/ired_msgs/ired_msgs/srv/detail/pid_tuning__functions.h
[1.536s] -- Up-to-date symlink: /home/pp/Tawan-pe-/install/ired_msgs/include/ired_msgs/ired_msgs/srv/detail/pid_tuning__struct.h
[1.537s] -- Up-to-date symlink: /home/pp/Tawan-pe-/install/ired_msgs/include/ired_msgs/ired_msgs/srv/detail/pid_tuning__type_support.h
[1.537s] -- Up-to-date symlink: /home/pp/Tawan-pe-/install/ired_msgs/include/ired_msgs/ired_msgs/srv/pid_tuning.h
[1.539s] -- Up-to-date symlink: /home/pp/Tawan-pe-/install/ired_msgs/share/ired_msgs/environment/library_path.sh
[1.540s] -- Up-to-date symlink: /home/pp/Tawan-pe-/install/ired_msgs/share/ired_msgs/environment/library_path.dsv
[1.543s] -- Up-to-date symlink: /home/pp/Tawan-pe-/install/ired_msgs/include/ired_msgs/ired_msgs/msg/detail/imu_data__rosidl_typesupport_fastrtps_c.h
[1.543s] -- Up-to-date symlink: /home/pp/Tawan-pe-/install/ired_msgs/include/ired_msgs/ired_msgs/msg/detail/motor_control__rosidl_typesupport_fastrtps_c.h
[1.543s] -- Up-to-date symlink: /home/pp/Tawan-pe-/install/ired_msgs/include/ired_msgs/ired_msgs/msg/detail/motor_data__rosidl_typesupport_fastrtps_c.h
[1.543s] -- Up-to-date symlink: /home/pp/Tawan-pe-/install/ired_msgs/include/ired_msgs/ired_msgs/msg/detail/motor_speed__rosidl_typesupport_fastrtps_c.h
[1.543s] -- Up-to-date symlink: /home/pp/Tawan-pe-/install/ired_msgs/include/ired_msgs/ired_msgs/msg/rosidl_typesupport_fastrtps_c__visibility_control.h
[1.544s] -- Up-to-date symlink: /home/pp/Tawan-pe-/install/ired_msgs/include/ired_msgs/ired_msgs/srv/detail/pid_tuning__rosidl_typesupport_fastrtps_c.h
[1.551s] -- Up-to-date symlink: /home/pp/Tawan-pe-/install/ired_msgs/include/ired_msgs/ired_msgs/msg/detail/imu_data__builder.hpp
[1.551s] -- Up-to-date symlink: /home/pp/Tawan-pe-/install/ired_msgs/include/ired_msgs/ired_msgs/msg/detail/imu_data__struct.hpp
[1.553s] -- Up-to-date symlink: /home/pp/Tawan-pe-/install/ired_msgs/include/ired_msgs/ired_msgs/msg/detail/imu_data__traits.hpp
[1.555s] -- Up-to-date symlink: /home/pp/Tawan-pe-/install/ired_msgs/include/ired_msgs/ired_msgs/msg/detail/imu_data__type_support.hpp
[1.558s] -- Up-to-date symlink: /home/pp/Tawan-pe-/install/ired_msgs/include/ired_msgs/ired_msgs/msg/detail/motor_control__builder.hpp
[1.558s] -- Up-to-date symlink: /home/pp/Tawan-pe-/install/ired_msgs/include/ired_msgs/ired_msgs/msg/detail/motor_control__struct.hpp
[1.559s] -- Up-to-date symlink: /home/pp/Tawan-pe-/install/ired_msgs/include/ired_msgs/ired_msgs/msg/detail/motor_control__traits.hpp
[1.560s] -- Up-to-date symlink: /home/pp/Tawan-pe-/install/ired_msgs/include/ired_msgs/ired_msgs/msg/detail/motor_control__type_support.hpp
[1.563s] -- Up-to-date symlink: /home/pp/Tawan-pe-/install/ired_msgs/include/ired_msgs/ired_msgs/msg/detail/motor_data__builder.hpp
[1.563s] -- Up-to-date symlink: /home/pp/Tawan-pe-/install/ired_msgs/include/ired_msgs/ired_msgs/msg/detail/motor_data__struct.hpp
[1.564s] -- Up-to-date symlink: /home/pp/Tawan-pe-/install/ired_msgs/include/ired_msgs/ired_msgs/msg/detail/motor_data__traits.hpp
[1.564s] -- Up-to-date symlink: /home/pp/Tawan-pe-/install/ired_msgs/include/ired_msgs/ired_msgs/msg/detail/motor_data__type_support.hpp
[1.564s] -- Up-to-date symlink: /home/pp/Tawan-pe-/install/ired_msgs/include/ired_msgs/ired_msgs/msg/detail/motor_speed__builder.hpp
[1.564s] -- Up-to-date symlink: /home/pp/Tawan-pe-/install/ired_msgs/include/ired_msgs/ired_msgs/msg/detail/motor_speed__struct.hpp
[1.564s] -- Up-to-date symlink: /home/pp/Tawan-pe-/install/ired_msgs/include/ired_msgs/ired_msgs/msg/detail/motor_speed__traits.hpp
[1.564s] -- Up-to-date symlink: /home/pp/Tawan-pe-/install/ired_msgs/include/ired_msgs/ired_msgs/msg/detail/motor_speed__type_support.hpp
[1.565s] -- Up-to-date symlink: /home/pp/Tawan-pe-/install/ired_msgs/include/ired_msgs/ired_msgs/msg/imu_data.hpp
[1.565s] -- Up-to-date symlink: /home/pp/Tawan-pe-/install/ired_msgs/include/ired_msgs/ired_msgs/msg/motor_control.hpp
[1.565s] -- Up-to-date symlink: /home/pp/Tawan-pe-/install/ired_msgs/include/ired_msgs/ired_msgs/msg/motor_data.hpp
[1.565s] -- Up-to-date symlink: /home/pp/Tawan-pe-/install/ired_msgs/include/ired_msgs/ired_msgs/msg/motor_speed.hpp
[1.565s] -- Up-to-date symlink: /home/pp/Tawan-pe-/install/ired_msgs/include/ired_msgs/ired_msgs/msg/rosidl_generator_cpp__visibility_control.hpp
[1.566s] -- Up-to-date symlink: /home/pp/Tawan-pe-/install/ired_msgs/include/ired_msgs/ired_msgs/srv/detail/pid_tuning__builder.hpp
[1.566s] -- Up-to-date symlink: /home/pp/Tawan-pe-/install/ired_msgs/include/ired_msgs/ired_msgs/srv/detail/pid_tuning__struct.hpp
[1.566s] -- Up-to-date symlink: /home/pp/Tawan-pe-/install/ired_msgs/include/ired_msgs/ired_msgs/srv/detail/pid_tuning__traits.hpp
[1.566s] -- Up-to-date symlink: /home/pp/Tawan-pe-/install/ired_msgs/include/ired_msgs/ired_msgs/srv/detail/pid_tuning__type_support.hpp
[1.566s] -- Up-to-date symlink: /home/pp/Tawan-pe-/install/ired_msgs/include/ired_msgs/ired_msgs/srv/pid_tuning.hpp
[1.569s] -- Up-to-date symlink: /home/pp/Tawan-pe-/install/ired_msgs/include/ired_msgs/ired_msgs/msg/detail/imu_data__rosidl_typesupport_fastrtps_cpp.hpp
[1.569s] -- Up-to-date symlink: /home/pp/Tawan-pe-/install/ired_msgs/include/ired_msgs/ired_msgs/msg/detail/motor_control__rosidl_typesupport_fastrtps_cpp.hpp
[1.570s] -- Up-to-date symlink: /home/pp/Tawan-pe-/install/ired_msgs/include/ired_msgs/ired_msgs/msg/detail/motor_data__rosidl_typesupport_fastrtps_cpp.hpp
[1.570s] -- Up-to-date symlink: /home/pp/Tawan-pe-/install/ired_msgs/include/ired_msgs/ired_msgs/msg/detail/motor_speed__rosidl_typesupport_fastrtps_cpp.hpp
[1.570s] -- Up-to-date symlink: /home/pp/Tawan-pe-/install/ired_msgs/include/ired_msgs/ired_msgs/msg/rosidl_typesupport_fastrtps_cpp__visibility_control.h
[1.570s] -- Up-to-date symlink: /home/pp/Tawan-pe-/install/ired_msgs/include/ired_msgs/ired_msgs/srv/detail/pid_tuning__rosidl_typesupport_fastrtps_cpp.hpp
[1.570s] -- Up-to-date symlink: /home/pp/Tawan-pe-/install/ired_msgs/include/ired_msgs/ired_msgs/msg/detail/imu_data__rosidl_typesupport_introspection_c.h
[1.570s] -- Up-to-date symlink: /home/pp/Tawan-pe-/install/ired_msgs/include/ired_msgs/ired_msgs/msg/detail/motor_control__rosidl_typesupport_introspection_c.h
[1.571s] -- Up-to-date symlink: /home/pp/Tawan-pe-/install/ired_msgs/include/ired_msgs/ired_msgs/msg/detail/motor_data__rosidl_typesupport_introspection_c.h
[1.571s] -- Up-to-date symlink: /home/pp/Tawan-pe-/install/ired_msgs/include/ired_msgs/ired_msgs/msg/detail/motor_speed__rosidl_typesupport_introspection_c.h
[1.571s] -- Up-to-date symlink: /home/pp/Tawan-pe-/install/ired_msgs/include/ired_msgs/ired_msgs/msg/rosidl_typesupport_introspection_c__visibility_control.h
[1.571s] -- Up-to-date symlink: /home/pp/Tawan-pe-/install/ired_msgs/include/ired_msgs/ired_msgs/srv/detail/pid_tuning__rosidl_typesupport_introspection_c.h
[1.571s] -- Up-to-date symlink: /home/pp/Tawan-pe-/install/ired_msgs/include/ired_msgs/ired_msgs/msg/detail/imu_data__rosidl_typesupport_introspection_cpp.hpp
[1.572s] -- Up-to-date symlink: /home/pp/Tawan-pe-/install/ired_msgs/include/ired_msgs/ired_msgs/msg/detail/motor_control__rosidl_typesupport_introspection_cpp.hpp
[1.572s] -- Up-to-date symlink: /home/pp/Tawan-pe-/install/ired_msgs/include/ired_msgs/ired_msgs/msg/detail/motor_data__rosidl_typesupport_introspection_cpp.hpp
[1.572s] -- Up-to-date symlink: /home/pp/Tawan-pe-/install/ired_msgs/include/ired_msgs/ired_msgs/msg/detail/motor_speed__rosidl_typesupport_introspection_cpp.hpp
[1.572s] -- Up-to-date symlink: /home/pp/Tawan-pe-/install/ired_msgs/include/ired_msgs/ired_msgs/srv/detail/pid_tuning__rosidl_typesupport_introspection_cpp.hpp
[1.573s] -- Up-to-date symlink: /home/pp/Tawan-pe-/install/ired_msgs/share/ired_msgs/environment/pythonpath.sh
[1.573s] -- Up-to-date symlink: /home/pp/Tawan-pe-/install/ired_msgs/share/ired_msgs/environment/pythonpath.dsv
[1.574s] -- Up-to-date symlink: /home/pp/Tawan-pe-/install/ired_msgs/lib/python3.12/site-packages/ired_msgs-2.0.1-py3.12.egg-info/PKG-INFO
[1.574s] -- Up-to-date symlink: /home/pp/Tawan-pe-/install/ired_msgs/lib/python3.12/site-packages/ired_msgs-2.0.1-py3.12.egg-info/SOURCES.txt
[1.574s] -- Up-to-date symlink: /home/pp/Tawan-pe-/install/ired_msgs/lib/python3.12/site-packages/ired_msgs-2.0.1-py3.12.egg-info/dependency_links.txt
[1.574s] -- Up-to-date symlink: /home/pp/Tawan-pe-/install/ired_msgs/lib/python3.12/site-packages/ired_msgs-2.0.1-py3.12.egg-info/top_level.txt
[1.574s] -- Up-to-date symlink: /home/pp/Tawan-pe-/install/ired_msgs/lib/python3.12/site-packages/ired_msgs/__init__.py
[1.574s] -- Up-to-date symlink: /home/pp/Tawan-pe-/install/ired_msgs/lib/python3.12/site-packages/ired_msgs/_ired_msgs_s.ep.rosidl_typesupport_c.c
[1.574s] -- Up-to-date symlink: /home/pp/Tawan-pe-/install/ired_msgs/lib/python3.12/site-packages/ired_msgs/_ired_msgs_s.ep.rosidl_typesupport_fastrtps_c.c
[1.575s] -- Up-to-date symlink: /home/pp/Tawan-pe-/install/ired_msgs/lib/python3.12/site-packages/ired_msgs/_ired_msgs_s.ep.rosidl_typesupport_introspection_c.c
[1.575s] -- Up-to-date symlink: /home/pp/Tawan-pe-/install/ired_msgs/lib/python3.12/site-packages/ired_msgs/ired_msgs_s__rosidl_typesupport_c.so
[1.575s] -- Up-to-date symlink: /home/pp/Tawan-pe-/install/ired_msgs/lib/python3.12/site-packages/ired_msgs/ired_msgs_s__rosidl_typesupport_fastrtps_c.so
[1.575s] -- Up-to-date symlink: /home/pp/Tawan-pe-/install/ired_msgs/lib/python3.12/site-packages/ired_msgs/ired_msgs_s__rosidl_typesupport_introspection_c.so
[1.575s] -- Up-to-date symlink: /home/pp/Tawan-pe-/install/ired_msgs/lib/python3.12/site-packages/ired_msgs/msg/__init__.py
[1.575s] -- Up-to-date symlink: /home/pp/Tawan-pe-/install/ired_msgs/lib/python3.12/site-packages/ired_msgs/msg/_imu_data.py
[1.576s] -- Up-to-date symlink: /home/pp/Tawan-pe-/install/ired_msgs/lib/python3.12/site-packages/ired_msgs/msg/_imu_data_s.c
[1.576s] -- Up-to-date symlink: /home/pp/Tawan-pe-/install/ired_msgs/lib/python3.12/site-packages/ired_msgs/msg/_motor_control.py
[1.576s] -- Up-to-date symlink: /home/pp/Tawan-pe-/install/ired_msgs/lib/python3.12/site-packages/ired_msgs/msg/_motor_control_s.c
[1.576s] -- Up-to-date symlink: /home/pp/Tawan-pe-/install/ired_msgs/lib/python3.12/site-packages/ired_msgs/msg/_motor_data.py
[1.576s] -- Up-to-date symlink: /home/pp/Tawan-pe-/install/ired_msgs/lib/python3.12/site-packages/ired_msgs/msg/_motor_data_s.c
[1.576s] -- Up-to-date symlink: /home/pp/Tawan-pe-/install/ired_msgs/lib/python3.12/site-packages/ired_msgs/msg/_motor_speed.py
[1.576s] -- Up-to-date symlink: /home/pp/Tawan-pe-/install/ired_msgs/lib/python3.12/site-packages/ired_msgs/msg/_motor_speed_s.c
[1.577s] -- Up-to-date symlink: /home/pp/Tawan-pe-/install/ired_msgs/lib/python3.12/site-packages/ired_msgs/srv/__init__.py
[1.577s] -- Up-to-date symlink: /home/pp/Tawan-pe-/install/ired_msgs/lib/python3.12/site-packages/ired_msgs/srv/_pid_tuning.py
[1.577s] -- Up-to-date symlink: /home/pp/Tawan-pe-/install/ired_msgs/lib/python3.12/site-packages/ired_msgs/srv/_pid_tuning_s.c
[1.577s] -- Up-to-date symlink: /home/pp/Tawan-pe-/install/ired_msgs/lib/python3.12/site-packages/ired_msgs/ired_msgs_s__rosidl_typesupport_fastrtps_c.so
[1.577s] -- Up-to-date symlink: /home/pp/Tawan-pe-/install/ired_msgs/lib/python3.12/site-packages/ired_msgs/ired_msgs_s__rosidl_typesupport_introspection_c.so
[1.577s] -- Up-to-date symlink: /home/pp/Tawan-pe-/install/ired_msgs/lib/python3.12/site-packages/ired_msgs/ired_msgs_s__rosidl_typesupport_c.so
[1.577s] -- Up-to-date symlink: /home/pp/Tawan-pe-/install/ired_msgs/share/ired_msgs/msg/IMUData.idl
[1.577s] -- Up-to-date symlink: /home/pp/Tawan-pe-/install/ired_msgs/share/ired_msgs/msg/MotorControl.idl
[1.578s] -- Up-to-date symlink: /home/pp/Tawan-pe-/install/ired_msgs/share/ired_msgs/msg/MotorData.idl
[1.578s] -- Up-to-date symlink: /home/pp/Tawan-pe-/install/ired_msgs/share/ired_msgs/msg/MotorSpeed.idl
[1.578s] -- Up-to-date symlink: /home/pp/Tawan-pe-/install/ired_msgs/share/ired_msgs/srv/PIDTuning.idl
[1.579s] -- Up-to-date symlink: /home/pp/Tawan-pe-/install/ired_msgs/share/ired_msgs/msg/IMUData.msg
[1.579s] -- Up-to-date symlink: /home/pp/Tawan-pe-/install/ired_msgs/share/ired_msgs/msg/MotorControl.msg
[1.580s] -- Up-to-date symlink: /home/pp/Tawan-pe-/install/ired_msgs/share/ired_msgs/msg/MotorData.msg
[1.580s] -- Up-to-date symlink: /home/pp/Tawan-pe-/install/ired_msgs/share/ired_msgs/msg/MotorSpeed.msg
[1.580s] -- Up-to-date symlink: /home/pp/Tawan-pe-/install/ired_msgs/share/ired_msgs/srv/PIDTuning.srv
[1.581s] -- Up-to-date symlink: /home/pp/Tawan-pe-/install/ired_msgs/share/ament_index/resource_index/package_run_dependencies/ired_msgs
[1.581s] -- Up-to-date symlink: /home/pp/Tawan-pe-/install/ired_msgs/share/ament_index/resource_index/parent_prefix_path/ired_msgs
[1.581s] -- Up-to-date symlink: /home/pp/Tawan-pe-/install/ired_msgs/share/ired_msgs/environment/ament_prefix_path.sh
[1.581s] -- Up-to-date symlink: /home/pp/Tawan-pe-/install/ired_msgs/share/ired_msgs/environment/ament_prefix_path.dsv
[1.581s] -- Up-to-date symlink: /home/pp/Tawan-pe-/install/ired_msgs/share/ired_msgs/environment/path.sh
[1.582s] -- Up-to-date symlink: /home/pp/Tawan-pe-/install/ired_msgs/share/ired_msgs/environment/path.dsv
[1.582s] -- Up-to-date symlink: /home/pp/Tawan-pe-/install/ired_msgs/share/ired_msgs/local_setup.bash
[1.582s] -- Up-to-date symlink: /home/pp/Tawan-pe-/install/ired_msgs/share/ired_msgs/local_setup.sh
[1.582s] -- Up-to-date symlink: /home/pp/Tawan-pe-/install/ired_msgs/share/ired_msgs/local_setup.zsh
[1.583s] -- Up-to-date symlink: /home/pp/Tawan-pe-/install/ired_msgs/share/ired_msgs/local_setup.dsv
[1.583s] -- Symlinking: /home/pp/Tawan-pe-/install/ired_msgs/share/ired_msgs/package.dsv
[1.584s] -- Up-to-date symlink: /home/pp/Tawan-pe-/install/ired_msgs/share/ament_index/resource_index/packages/ired_msgs
[1.584s] -- Up-to-date symlink: /home/pp/Tawan-pe-/install/ired_msgs/share/ired_msgs/cmake/rosidl_cmake-extras.cmake
[1.585s] -- Up-to-date symlink: /home/pp/Tawan-pe-/install/ired_msgs/share/ired_msgs/cmake/ament_cmake_export_dependencies-extras.cmake
[1.585s] -- Up-to-date symlink: /home/pp/Tawan-pe-/install/ired_msgs/share/ired_msgs/cmake/ament_cmake_export_include_directories-extras.cmake
[1.585s] -- Up-to-date symlink: /home/pp/Tawan-pe-/install/ired_msgs/share/ired_msgs/cmake/ament_cmake_export_libraries-extras.cmake
[1.585s] -- Up-to-date symlink: /home/pp/Tawan-pe-/install/ired_msgs/share/ired_msgs/cmake/ament_cmake_export_targets-extras.cmake
[1.585s] -- Up-to-date symlink: /home/pp/Tawan-pe-/install/ired_msgs/share/ired_msgs/cmake/rosidl_cmake_export_typesupport_targets-extras.cmake
[1.586s] -- Up-to-date symlink: /home/pp/Tawan-pe-/install/ired_msgs/share/ired_msgs/cmake/rosidl_cmake_export_typesupport_libraries-extras.cmake
[1.586s] -- Up-to-date symlink: /home/pp/Tawan-pe-/install/ired_msgs/share/ired_msgs/cmake/ired_msgsConfig.cmake
[1.586s] -- Up-to-date symlink: /home/pp/Tawan-pe-/install/ired_msgs/share/ired_msgs/cmake/ired_msgsConfig-version.cmake
[1.586s] -- Up-to-date symlink: /home/pp/Tawan-pe-/install/ired_msgs/share/ired_msgs/package.xml
[1.586s] -- Up-to-date: /home/pp/Tawan-pe-/install/ired_msgs/lib/libired_msgs__rosidl_generator_c.so
[1.587s] -- Up-to-date: /home/pp/Tawan-pe-/install/ired_msgs/lib/libired_msgs__rosidl_typesupport_fastrtps_c.so
[1.587s] -- Up-to-date: /home/pp/Tawan-pe-/install/ired_msgs/lib/libired_msgs__rosidl_typesupport_fastrtps_cpp.so
[1.587s] -- Up-to-date: /home/pp/Tawan-pe-/install/ired_msgs/lib/libired_msgs__rosidl_typesupport_introspection_c.so
[1.588s] -- Up-to-date: /home/pp/Tawan-pe-/install/ired_msgs/lib/libired_msgs__rosidl_typesupport_c.so
[1.588s] -- Up-to-date: /home/pp/Tawan-pe-/install/ired_msgs/lib/libired_msgs__rosidl_typesupport_introspection_cpp.so
[1.588s] -- Up-to-date: /home/pp/Tawan-pe-/install/ired_msgs/lib/libired_msgs__rosidl_typesupport_cpp.so
[1.671s] Listing '/home/pp/Tawan-pe-/install/ired_msgs/lib/python3.12/site-packages/ired_msgs'...
[1.671s] Listing '/home/pp/Tawan-pe-/install/ired_msgs/lib/python3.12/site-packages/ired_msgs/msg'...
[1.671s] Listing '/home/pp/Tawan-pe-/install/ired_msgs/lib/python3.12/site-packages/ired_msgs/srv'...
[1.686s] -- Up-to-date: /home/pp/Tawan-pe-/install/ired_msgs/lib/libired_msgs__rosidl_generator_py.so
[1.687s] -- Up-to-date: /home/pp/Tawan-pe-/install/ired_msgs/share/ired_msgs/cmake/export_ired_msgs__rosidl_generator_cExport.cmake
[1.687s] -- Up-to-date: /home/pp/Tawan-pe-/install/ired_msgs/share/ired_msgs/cmake/export_ired_msgs__rosidl_generator_cExport-noconfig.cmake
[1.687s] -- Up-to-date: /home/pp/Tawan-pe-/install/ired_msgs/share/ired_msgs/cmake/export_ired_msgs__rosidl_typesupport_fastrtps_cExport.cmake
[1.688s] -- Up-to-date: /home/pp/Tawan-pe-/install/ired_msgs/share/ired_msgs/cmake/export_ired_msgs__rosidl_typesupport_fastrtps_cExport-noconfig.cmake
[1.688s] -- Up-to-date: /home/pp/Tawan-pe-/install/ired_msgs/share/ired_msgs/cmake/export_ired_msgs__rosidl_generator_cppExport.cmake
[1.688s] -- Up-to-date: /home/pp/Tawan-pe-/install/ired_msgs/share/ired_msgs/cmake/export_ired_msgs__rosidl_typesupport_fastrtps_cppExport.cmake
[1.688s] -- Up-to-date: /home/pp/Tawan-pe-/install/ired_msgs/share/ired_msgs/cmake/export_ired_msgs__rosidl_typesupport_fastrtps_cppExport-noconfig.cmake
[1.689s] -- Up-to-date: /home/pp/Tawan-pe-/install/ired_msgs/share/ired_msgs/cmake/ired_msgs__rosidl_typesupport_introspection_cExport.cmake
[1.689s] -- Up-to-date: /home/pp/Tawan-pe-/install/ired_msgs/share/ired_msgs/cmake/ired_msgs__rosidl_typesupport_introspection_cExport-noconfig.cmake
[1.689s] -- Up-to-date: /home/pp/Tawan-pe-/install/ired_msgs/share/ired_msgs/cmake/ired_msgs__rosidl_typesupport_cExport.cmake
[1.689s] -- Up-to-date: /home/pp/Tawan-pe-/install/ired_msgs/share/ired_msgs/cmake/ired_msgs__rosidl_typesupport_cExport-noconfig.cmake
[1.689s] -- Up-to-date: /home/pp/Tawan-pe-/install/ired_msgs/share/ired_msgs/cmake/ired_msgs__rosidl_typesupport_introspection_cppExport.cmake
[1.690s] -- Up-to-date: /home/pp/Tawan-pe-/install/ired_msgs/share/ired_msgs/cmake/ired_msgs__rosidl_typesupport_introspection_cppExport-noconfig.cmake
[1.690s] -- Up-to-date: /home/pp/Tawan-pe-/install/ired_msgs/share/ired_msgs/cmake/ired_msgs__rosidl_typesupport_cppExport.cmake
[1.690s] -- Up-to-date: /home/pp/Tawan-pe-/install/ired_msgs/share/ired_msgs/cmake/ired_msgs__rosidl_typesupport_cppExport-noconfig.cmake
[1.691s] -- Up-to-date: /home/pp/Tawan-pe-/install/ired_msgs/share/ired_msgs/cmake/export_ired_msgs__rosidl_generator_pyExport.cmake
[1.691s] -- Up-to-date: /home/pp/Tawan-pe-/install/ired_msgs/share/ired_msgs/cmake/export_ired_msgs__rosidl_generator_pyExport-noconfig.cmake
[1.740s] Invoked command in '/home/pp/Tawan-pe-/build/ired_msgs' returned '0': CMAKE_PREFIX_PATH=${CMAKE_PREFIX_PATH}:/home/pp/Tawan-pe-/install/station_pkg:/home/pp/Tawan-pe-/install/ros2_aruco:/home/pp/Tawan-pe-/install/motion_control:/home/pp/Tawan-pe-/install/ired_teleop:/home/pp/Tawan-pe-/install/ired_movetogoal:/opt/ros/jazzy DEBUGINFOD_URLS=https://debuginfod.ubuntu.com /usr/bin/cmake --install /home/pp/Tawan-pe-/build/ired_msgs
