[0.130s] DEBUG:colcon:Command line arguments: ['/usr/bin/colcon', 'build', '--symlink-install']
[0.130s] DEBUG:colcon:Parsed command line arguments: Namespace(log_base=None, log_level=None, verb_name='build', build_base='build', install_base='install', merge_install=False, symlink_install=True, test_result_base=None, continue_on_error=False, executor='parallel', parallel_workers=16, event_handlers=None, ignore_user_meta=False, metas=['./colcon.meta'], base_paths=['.'], packages_ignore=None, packages_ignore_regex=None, paths=None, packages_up_to=None, packages_up_to_regex=None, packages_above=None, packages_above_and_dependencies=None, packages_above_depth=None, packages_select_by_dep=None, packages_skip_by_dep=None, packages_skip_up_to=None, packages_select_build_failed=False, packages_skip_build_finished=False, packages_select_test_failures=False, packages_skip_test_passed=False, packages_select=None, packages_skip=None, packages_select_regex=None, packages_skip_regex=None, packages_start=None, packages_end=None, allow_overriding=[], cmake_args=None, cmake_target=None, cmake_target_skip_unavailable=False, cmake_clean_cache=False, cmake_clean_first=False, cmake_force_configure=False, ament_cmake_args=None, catkin_cmake_args=None, catkin_skip_building_tests=False, mixin_files=None, mixin=None, verb_parser=<colcon_mixin.mixin.mixin_argument.MixinArgumentDecorator object at 0x76cd4af9cb90>, verb_extension=<colcon_core.verb.build.BuildVerb object at 0x76cd4af9c830>, main=<bound method BuildVerb.main of <colcon_core.verb.build.BuildVerb object at 0x76cd4af9c830>>, mixin_verb=('build',))
[0.181s] Level 1:colcon.colcon_core.package_discovery:discover_packages(colcon_meta) check parameters
[0.181s] Level 1:colcon.colcon_core.package_discovery:discover_packages(recursive) check parameters
[0.181s] Level 1:colcon.colcon_core.package_discovery:discover_packages(ignore) check parameters
[0.181s] Level 1:colcon.colcon_core.package_discovery:discover_packages(path) check parameters
[0.181s] Level 1:colcon.colcon_core.package_discovery:discover_packages(colcon_meta) discover
[0.182s] Level 1:colcon.colcon_core.package_discovery:discover_packages(recursive) discover
[0.182s] INFO:colcon.colcon_core.package_discovery:Crawling recursively for packages in '/home/pi/robot_ws'
[0.182s] Level 1:colcon.colcon_core.package_identification:_identify(.) by extensions ['ignore', 'ignore_ament_install']
[0.182s] Level 1:colcon.colcon_core.package_identification:_identify(.) by extension 'ignore'
[0.182s] Level 1:colcon.colcon_core.package_identification:_identify(.) by extension 'ignore_ament_install'
[0.182s] Level 1:colcon.colcon_core.package_identification:_identify(.) by extensions ['colcon_pkg']
[0.182s] Level 1:colcon.colcon_core.package_identification:_identify(.) by extension 'colcon_pkg'
[0.182s] Level 1:colcon.colcon_core.package_identification:_identify(.) by extensions ['colcon_meta']
[0.182s] Level 1:colcon.colcon_core.package_identification:_identify(.) by extension 'colcon_meta'
[0.182s] Level 1:colcon.colcon_core.package_identification:_identify(.) by extensions ['ros']
[0.182s] Level 1:colcon.colcon_core.package_identification:_identify(.) by extension 'ros'
[0.215s] Level 1:colcon.colcon_core.package_identification:_identify(.) by extensions ['cmake', 'python']
[0.215s] Level 1:colcon.colcon_core.package_identification:_identify(.) by extension 'cmake'
[0.215s] Level 1:colcon.colcon_core.package_identification:_identify(.) by extension 'python'
[0.215s] Level 1:colcon.colcon_core.package_identification:_identify(.) by extensions ['python_setup_py']
[0.215s] Level 1:colcon.colcon_core.package_identification:_identify(.) by extension 'python_setup_py'
[0.215s] Level 1:colcon.colcon_core.package_identification:_identify(build) by extensions ['ignore', 'ignore_ament_install']
[0.215s] Level 1:colcon.colcon_core.package_identification:_identify(build) by extension 'ignore'
[0.215s] Level 1:colcon.colcon_core.package_identification:_identify(build) ignored
[0.215s] Level 1:colcon.colcon_core.package_identification:_identify(install) by extensions ['ignore', 'ignore_ament_install']
[0.215s] Level 1:colcon.colcon_core.package_identification:_identify(install) by extension 'ignore'
[0.215s] Level 1:colcon.colcon_core.package_identification:_identify(install) ignored
[0.216s] Level 1:colcon.colcon_core.package_identification:_identify(log) by extensions ['ignore', 'ignore_ament_install']
[0.216s] Level 1:colcon.colcon_core.package_identification:_identify(log) by extension 'ignore'
[0.216s] Level 1:colcon.colcon_core.package_identification:_identify(log) ignored
[0.216s] Level 1:colcon.colcon_core.package_identification:_identify(src) by extensions ['ignore', 'ignore_ament_install']
[0.216s] Level 1:colcon.colcon_core.package_identification:_identify(src) by extension 'ignore'
[0.216s] Level 1:colcon.colcon_core.package_identification:_identify(src) by extension 'ignore_ament_install'
[0.216s] Level 1:colcon.colcon_core.package_identification:_identify(src) by extensions ['colcon_pkg']
[0.216s] Level 1:colcon.colcon_core.package_identification:_identify(src) by extension 'colcon_pkg'
[0.216s] Level 1:colcon.colcon_core.package_identification:_identify(src) by extensions ['colcon_meta']
[0.216s] Level 1:colcon.colcon_core.package_identification:_identify(src) by extension 'colcon_meta'
[0.216s] Level 1:colcon.colcon_core.package_identification:_identify(src) by extensions ['ros']
[0.216s] Level 1:colcon.colcon_core.package_identification:_identify(src) by extension 'ros'
[0.216s] Level 1:colcon.colcon_core.package_identification:_identify(src) by extensions ['cmake', 'python']
[0.216s] Level 1:colcon.colcon_core.package_identification:_identify(src) by extension 'cmake'
[0.216s] Level 1:colcon.colcon_core.package_identification:_identify(src) by extension 'python'
[0.216s] Level 1:colcon.colcon_core.package_identification:_identify(src) by extensions ['python_setup_py']
[0.216s] Level 1:colcon.colcon_core.package_identification:_identify(src) by extension 'python_setup_py'
[0.216s] Level 1:colcon.colcon_core.package_identification:_identify(src/robot) by extensions ['ignore', 'ignore_ament_install']
[0.216s] Level 1:colcon.colcon_core.package_identification:_identify(src/robot) by extension 'ignore'
[0.216s] Level 1:colcon.colcon_core.package_identification:_identify(src/robot) by extension 'ignore_ament_install'
[0.216s] Level 1:colcon.colcon_core.package_identification:_identify(src/robot) by extensions ['colcon_pkg']
[0.217s] Level 1:colcon.colcon_core.package_identification:_identify(src/robot) by extension 'colcon_pkg'
[0.217s] Level 1:colcon.colcon_core.package_identification:_identify(src/robot) by extensions ['colcon_meta']
[0.217s] Level 1:colcon.colcon_core.package_identification:_identify(src/robot) by extension 'colcon_meta'
[0.217s] Level 1:colcon.colcon_core.package_identification:_identify(src/robot) by extensions ['ros']
[0.217s] Level 1:colcon.colcon_core.package_identification:_identify(src/robot) by extension 'ros'
[0.217s] Level 1:colcon.colcon_core.package_identification:_identify(src/robot) by extensions ['cmake', 'python']
[0.217s] Level 1:colcon.colcon_core.package_identification:_identify(src/robot) by extension 'cmake'
[0.217s] Level 1:colcon.colcon_core.package_identification:_identify(src/robot) by extension 'python'
[0.217s] Level 1:colcon.colcon_core.package_identification:_identify(src/robot) by extensions ['python_setup_py']
[0.217s] Level 1:colcon.colcon_core.package_identification:_identify(src/robot) by extension 'python_setup_py'
[0.217s] Level 1:colcon.colcon_core.package_identification:_identify(src/robot/ired_bringup) by extensions ['ignore', 'ignore_ament_install']
[0.217s] Level 1:colcon.colcon_core.package_identification:_identify(src/robot/ired_bringup) by extension 'ignore'
[0.217s] Level 1:colcon.colcon_core.package_identification:_identify(src/robot/ired_bringup) by extension 'ignore_ament_install'
[0.217s] Level 1:colcon.colcon_core.package_identification:_identify(src/robot/ired_bringup) by extensions ['colcon_pkg']
[0.217s] Level 1:colcon.colcon_core.package_identification:_identify(src/robot/ired_bringup) by extension 'colcon_pkg'
[0.217s] Level 1:colcon.colcon_core.package_identification:_identify(src/robot/ired_bringup) by extensions ['colcon_meta']
[0.217s] Level 1:colcon.colcon_core.package_identification:_identify(src/robot/ired_bringup) by extension 'colcon_meta'
[0.217s] Level 1:colcon.colcon_core.package_identification:_identify(src/robot/ired_bringup) by extensions ['ros']
[0.217s] Level 1:colcon.colcon_core.package_identification:_identify(src/robot/ired_bringup) by extension 'ros'
[0.221s] DEBUG:colcon.colcon_core.package_identification:Package 'src/robot/ired_bringup' with type 'ros.ament_cmake' and name 'ired_bringup'
[0.221s] Level 1:colcon.colcon_core.package_identification:_identify(src/robot/ired_movetogoal) by extensions ['ignore', 'ignore_ament_install']
[0.221s] Level 1:colcon.colcon_core.package_identification:_identify(src/robot/ired_movetogoal) by extension 'ignore'
[0.221s] Level 1:colcon.colcon_core.package_identification:_identify(src/robot/ired_movetogoal) by extension 'ignore_ament_install'
[0.221s] Level 1:colcon.colcon_core.package_identification:_identify(src/robot/ired_movetogoal) by extensions ['colcon_pkg']
[0.221s] Level 1:colcon.colcon_core.package_identification:_identify(src/robot/ired_movetogoal) by extension 'colcon_pkg'
[0.221s] Level 1:colcon.colcon_core.package_identification:_identify(src/robot/ired_movetogoal) by extensions ['colcon_meta']
[0.221s] Level 1:colcon.colcon_core.package_identification:_identify(src/robot/ired_movetogoal) by extension 'colcon_meta'
[0.221s] Level 1:colcon.colcon_core.package_identification:_identify(src/robot/ired_movetogoal) by extensions ['ros']
[0.221s] Level 1:colcon.colcon_core.package_identification:_identify(src/robot/ired_movetogoal) by extension 'ros'
[0.222s] DEBUG:colcon.colcon_core.package_identification:Package 'src/robot/ired_movetogoal' with type 'ros.ament_python' and name 'ired_movetogoal'
[0.222s] Level 1:colcon.colcon_core.package_identification:_identify(src/robot/ired_msgs) by extensions ['ignore', 'ignore_ament_install']
[0.222s] Level 1:colcon.colcon_core.package_identification:_identify(src/robot/ired_msgs) by extension 'ignore'
[0.222s] Level 1:colcon.colcon_core.package_identification:_identify(src/robot/ired_msgs) by extension 'ignore_ament_install'
[0.222s] Level 1:colcon.colcon_core.package_identification:_identify(src/robot/ired_msgs) by extensions ['colcon_pkg']
[0.222s] Level 1:colcon.colcon_core.package_identification:_identify(src/robot/ired_msgs) by extension 'colcon_pkg'
[0.222s] Level 1:colcon.colcon_core.package_identification:_identify(src/robot/ired_msgs) by extensions ['colcon_meta']
[0.222s] Level 1:colcon.colcon_core.package_identification:_identify(src/robot/ired_msgs) by extension 'colcon_meta'
[0.222s] Level 1:colcon.colcon_core.package_identification:_identify(src/robot/ired_msgs) by extensions ['ros']
[0.222s] Level 1:colcon.colcon_core.package_identification:_identify(src/robot/ired_msgs) by extension 'ros'
[0.223s] DEBUG:colcon.colcon_core.package_identification:Package 'src/robot/ired_msgs' with type 'ros.ament_cmake' and name 'ired_msgs'
[0.223s] Level 1:colcon.colcon_core.package_identification:_identify(src/robot/ired_navigation) by extensions ['ignore', 'ignore_ament_install']
[0.223s] Level 1:colcon.colcon_core.package_identification:_identify(src/robot/ired_navigation) by extension 'ignore'
[0.223s] Level 1:colcon.colcon_core.package_identification:_identify(src/robot/ired_navigation) by extension 'ignore_ament_install'
[0.223s] Level 1:colcon.colcon_core.package_identification:_identify(src/robot/ired_navigation) by extensions ['colcon_pkg']
[0.223s] Level 1:colcon.colcon_core.package_identification:_identify(src/robot/ired_navigation) by extension 'colcon_pkg'
[0.223s] Level 1:colcon.colcon_core.package_identification:_identify(src/robot/ired_navigation) by extensions ['colcon_meta']
[0.223s] Level 1:colcon.colcon_core.package_identification:_identify(src/robot/ired_navigation) by extension 'colcon_meta'
[0.223s] Level 1:colcon.colcon_core.package_identification:_identify(src/robot/ired_navigation) by extensions ['ros']
[0.223s] Level 1:colcon.colcon_core.package_identification:_identify(src/robot/ired_navigation) by extension 'ros'
[0.224s] DEBUG:colcon.colcon_core.package_identification:Package 'src/robot/ired_navigation' with type 'ros.ament_cmake' and name 'ired_navigation'
[0.224s] Level 1:colcon.colcon_core.package_identification:_identify(src/robot/ired_teleop) by extensions ['ignore', 'ignore_ament_install']
[0.224s] Level 1:colcon.colcon_core.package_identification:_identify(src/robot/ired_teleop) by extension 'ignore'
[0.224s] Level 1:colcon.colcon_core.package_identification:_identify(src/robot/ired_teleop) by extension 'ignore_ament_install'
[0.224s] Level 1:colcon.colcon_core.package_identification:_identify(src/robot/ired_teleop) by extensions ['colcon_pkg']
[0.224s] Level 1:colcon.colcon_core.package_identification:_identify(src/robot/ired_teleop) by extension 'colcon_pkg'
[0.224s] Level 1:colcon.colcon_core.package_identification:_identify(src/robot/ired_teleop) by extensions ['colcon_meta']
[0.224s] Level 1:colcon.colcon_core.package_identification:_identify(src/robot/ired_teleop) by extension 'colcon_meta'
[0.224s] Level 1:colcon.colcon_core.package_identification:_identify(src/robot/ired_teleop) by extensions ['ros']
[0.224s] Level 1:colcon.colcon_core.package_identification:_identify(src/robot/ired_teleop) by extension 'ros'
[0.225s] DEBUG:colcon.colcon_core.package_identification:Package 'src/robot/ired_teleop' with type 'ros.ament_python' and name 'ired_teleop'
[0.225s] Level 1:colcon.colcon_core.package_identification:_identify(src/robot/ros2_laser_scan_matcher) by extensions ['ignore', 'ignore_ament_install']
[0.225s] Level 1:colcon.colcon_core.package_identification:_identify(src/robot/ros2_laser_scan_matcher) by extension 'ignore'
[0.225s] Level 1:colcon.colcon_core.package_identification:_identify(src/robot/ros2_laser_scan_matcher) by extension 'ignore_ament_install'
[0.225s] Level 1:colcon.colcon_core.package_identification:_identify(src/robot/ros2_laser_scan_matcher) by extensions ['colcon_pkg']
[0.225s] Level 1:colcon.colcon_core.package_identification:_identify(src/robot/ros2_laser_scan_matcher) by extension 'colcon_pkg'
[0.225s] Level 1:colcon.colcon_core.package_identification:_identify(src/robot/ros2_laser_scan_matcher) by extensions ['colcon_meta']
[0.225s] Level 1:colcon.colcon_core.package_identification:_identify(src/robot/ros2_laser_scan_matcher) by extension 'colcon_meta'
[0.225s] Level 1:colcon.colcon_core.package_identification:_identify(src/robot/ros2_laser_scan_matcher) by extensions ['ros']
[0.225s] Level 1:colcon.colcon_core.package_identification:_identify(src/robot/ros2_laser_scan_matcher) by extension 'ros'
[0.226s] DEBUG:colcon.colcon_core.package_identification:Package 'src/robot/ros2_laser_scan_matcher' with type 'ros.ament_cmake' and name 'ros2_laser_scan_matcher'
[0.226s] Level 1:colcon.colcon_core.package_identification:_identify(src/robot/rplidar_ros) by extensions ['ignore', 'ignore_ament_install']
[0.226s] Level 1:colcon.colcon_core.package_identification:_identify(src/robot/rplidar_ros) by extension 'ignore'
[0.226s] Level 1:colcon.colcon_core.package_identification:_identify(src/robot/rplidar_ros) by extension 'ignore_ament_install'
[0.226s] Level 1:colcon.colcon_core.package_identification:_identify(src/robot/rplidar_ros) by extensions ['colcon_pkg']
[0.226s] Level 1:colcon.colcon_core.package_identification:_identify(src/robot/rplidar_ros) by extension 'colcon_pkg'
[0.226s] Level 1:colcon.colcon_core.package_identification:_identify(src/robot/rplidar_ros) by extensions ['colcon_meta']
[0.226s] Level 1:colcon.colcon_core.package_identification:_identify(src/robot/rplidar_ros) by extension 'colcon_meta'
[0.226s] Level 1:colcon.colcon_core.package_identification:_identify(src/robot/rplidar_ros) by extensions ['ros']
[0.226s] Level 1:colcon.colcon_core.package_identification:_identify(src/robot/rplidar_ros) by extension 'ros'
[0.227s] DEBUG:colcon.colcon_core.package_identification:Package 'src/robot/rplidar_ros' with type 'ros.ament_cmake' and name 'rplidar_ros'
[0.227s] Level 1:colcon.colcon_core.package_discovery:discover_packages(recursive) using defaults
[0.227s] Level 1:colcon.colcon_core.package_discovery:discover_packages(ignore) discover
[0.227s] Level 1:colcon.colcon_core.package_discovery:discover_packages(ignore) using defaults
[0.227s] Level 1:colcon.colcon_core.package_discovery:discover_packages(path) discover
[0.227s] Level 1:colcon.colcon_core.package_discovery:discover_packages(path) using defaults
[0.251s] Level 1:colcon.colcon_core.package_discovery:discover_packages(prefix_path) check parameters
[0.251s] Level 1:colcon.colcon_core.package_discovery:discover_packages(prefix_path) discover
[0.254s] DEBUG:colcon.colcon_installed_package_information.package_discovery:Found 7 installed packages in /home/pi/robot_ws/install
[0.256s] DEBUG:colcon.colcon_installed_package_information.package_discovery:Found 382 installed packages in /opt/ros/jazzy
[0.258s] Level 1:colcon.colcon_core.package_discovery:discover_packages(prefix_path) using defaults
[0.316s] Level 5:colcon.colcon_core.verb:set package 'ired_movetogoal' build argument 'cmake_args' from command line to 'None'
[0.317s] Level 5:colcon.colcon_core.verb:set package 'ired_movetogoal' build argument 'cmake_target' from command line to 'None'
[0.317s] Level 5:colcon.colcon_core.verb:set package 'ired_movetogoal' build argument 'cmake_target_skip_unavailable' from command line to 'False'
[0.317s] Level 5:colcon.colcon_core.verb:set package 'ired_movetogoal' build argument 'cmake_clean_cache' from command line to 'False'
[0.317s] Level 5:colcon.colcon_core.verb:set package 'ired_movetogoal' build argument 'cmake_clean_first' from command line to 'False'
[0.317s] Level 5:colcon.colcon_core.verb:set package 'ired_movetogoal' build argument 'cmake_force_configure' from command line to 'False'
[0.317s] Level 5:colcon.colcon_core.verb:set package 'ired_movetogoal' build argument 'ament_cmake_args' from command line to 'None'
[0.317s] Level 5:colcon.colcon_core.verb:set package 'ired_movetogoal' build argument 'catkin_cmake_args' from command line to 'None'
[0.317s] Level 5:colcon.colcon_core.verb:set package 'ired_movetogoal' build argument 'catkin_skip_building_tests' from command line to 'False'
[0.317s] DEBUG:colcon.colcon_core.verb:Building package 'ired_movetogoal' with the following arguments: {'ament_cmake_args': None, 'build_base': '/home/pi/robot_ws/build/ired_movetogoal', 'catkin_cmake_args': None, 'catkin_skip_building_tests': False, 'cmake_args': None, 'cmake_clean_cache': False, 'cmake_clean_first': False, 'cmake_force_configure': False, 'cmake_target': None, 'cmake_target_skip_unavailable': False, 'install_base': '/home/pi/robot_ws/install/ired_movetogoal', 'merge_install': False, 'path': '/home/pi/robot_ws/src/robot/ired_movetogoal', 'symlink_install': True, 'test_result_base': None}
[0.317s] Level 5:colcon.colcon_core.verb:set package 'ired_msgs' build argument 'cmake_args' from command line to 'None'
[0.317s] Level 5:colcon.colcon_core.verb:set package 'ired_msgs' build argument 'cmake_target' from command line to 'None'
[0.317s] Level 5:colcon.colcon_core.verb:set package 'ired_msgs' build argument 'cmake_target_skip_unavailable' from command line to 'False'
[0.317s] Level 5:colcon.colcon_core.verb:set package 'ired_msgs' build argument 'cmake_clean_cache' from command line to 'False'
[0.317s] Level 5:colcon.colcon_core.verb:set package 'ired_msgs' build argument 'cmake_clean_first' from command line to 'False'
[0.317s] Level 5:colcon.colcon_core.verb:set package 'ired_msgs' build argument 'cmake_force_configure' from command line to 'False'
[0.317s] Level 5:colcon.colcon_core.verb:set package 'ired_msgs' build argument 'ament_cmake_args' from command line to 'None'
[0.317s] Level 5:colcon.colcon_core.verb:set package 'ired_msgs' build argument 'catkin_cmake_args' from command line to 'None'
[0.317s] Level 5:colcon.colcon_core.verb:set package 'ired_msgs' build argument 'catkin_skip_building_tests' from command line to 'False'
[0.317s] DEBUG:colcon.colcon_core.verb:Building package 'ired_msgs' with the following arguments: {'ament_cmake_args': None, 'build_base': '/home/pi/robot_ws/build/ired_msgs', 'catkin_cmake_args': None, 'catkin_skip_building_tests': False, 'cmake_args': None, 'cmake_clean_cache': False, 'cmake_clean_first': False, 'cmake_force_configure': False, 'cmake_target': None, 'cmake_target_skip_unavailable': False, 'install_base': '/home/pi/robot_ws/install/ired_msgs', 'merge_install': False, 'path': '/home/pi/robot_ws/src/robot/ired_msgs', 'symlink_install': True, 'test_result_base': None}
[0.318s] Level 5:colcon.colcon_core.verb:set package 'ired_navigation' build argument 'cmake_args' from command line to 'None'
[0.318s] Level 5:colcon.colcon_core.verb:set package 'ired_navigation' build argument 'cmake_target' from command line to 'None'
[0.318s] Level 5:colcon.colcon_core.verb:set package 'ired_navigation' build argument 'cmake_target_skip_unavailable' from command line to 'False'
[0.318s] Level 5:colcon.colcon_core.verb:set package 'ired_navigation' build argument 'cmake_clean_cache' from command line to 'False'
[0.318s] Level 5:colcon.colcon_core.verb:set package 'ired_navigation' build argument 'cmake_clean_first' from command line to 'False'
[0.318s] Level 5:colcon.colcon_core.verb:set package 'ired_navigation' build argument 'cmake_force_configure' from command line to 'False'
[0.318s] Level 5:colcon.colcon_core.verb:set package 'ired_navigation' build argument 'ament_cmake_args' from command line to 'None'
[0.318s] Level 5:colcon.colcon_core.verb:set package 'ired_navigation' build argument 'catkin_cmake_args' from command line to 'None'
[0.318s] Level 5:colcon.colcon_core.verb:set package 'ired_navigation' build argument 'catkin_skip_building_tests' from command line to 'False'
[0.318s] DEBUG:colcon.colcon_core.verb:Building package 'ired_navigation' with the following arguments: {'ament_cmake_args': None, 'build_base': '/home/pi/robot_ws/build/ired_navigation', 'catkin_cmake_args': None, 'catkin_skip_building_tests': False, 'cmake_args': None, 'cmake_clean_cache': False, 'cmake_clean_first': False, 'cmake_force_configure': False, 'cmake_target': None, 'cmake_target_skip_unavailable': False, 'install_base': '/home/pi/robot_ws/install/ired_navigation', 'merge_install': False, 'path': '/home/pi/robot_ws/src/robot/ired_navigation', 'symlink_install': True, 'test_result_base': None}
[0.318s] Level 5:colcon.colcon_core.verb:set package 'ired_teleop' build argument 'cmake_args' from command line to 'None'
[0.318s] Level 5:colcon.colcon_core.verb:set package 'ired_teleop' build argument 'cmake_target' from command line to 'None'
[0.318s] Level 5:colcon.colcon_core.verb:set package 'ired_teleop' build argument 'cmake_target_skip_unavailable' from command line to 'False'
[0.318s] Level 5:colcon.colcon_core.verb:set package 'ired_teleop' build argument 'cmake_clean_cache' from command line to 'False'
[0.318s] Level 5:colcon.colcon_core.verb:set package 'ired_teleop' build argument 'cmake_clean_first' from command line to 'False'
[0.318s] Level 5:colcon.colcon_core.verb:set package 'ired_teleop' build argument 'cmake_force_configure' from command line to 'False'
[0.318s] Level 5:colcon.colcon_core.verb:set package 'ired_teleop' build argument 'ament_cmake_args' from command line to 'None'
[0.318s] Level 5:colcon.colcon_core.verb:set package 'ired_teleop' build argument 'catkin_cmake_args' from command line to 'None'
[0.318s] Level 5:colcon.colcon_core.verb:set package 'ired_teleop' build argument 'catkin_skip_building_tests' from command line to 'False'
[0.318s] DEBUG:colcon.colcon_core.verb:Building package 'ired_teleop' with the following arguments: {'ament_cmake_args': None, 'build_base': '/home/pi/robot_ws/build/ired_teleop', 'catkin_cmake_args': None, 'catkin_skip_building_tests': False, 'cmake_args': None, 'cmake_clean_cache': False, 'cmake_clean_first': False, 'cmake_force_configure': False, 'cmake_target': None, 'cmake_target_skip_unavailable': False, 'install_base': '/home/pi/robot_ws/install/ired_teleop', 'merge_install': False, 'path': '/home/pi/robot_ws/src/robot/ired_teleop', 'symlink_install': True, 'test_result_base': None}
[0.318s] Level 5:colcon.colcon_core.verb:set package 'ros2_laser_scan_matcher' build argument 'cmake_args' from command line to 'None'
[0.318s] Level 5:colcon.colcon_core.verb:set package 'ros2_laser_scan_matcher' build argument 'cmake_target' from command line to 'None'
[0.318s] Level 5:colcon.colcon_core.verb:set package 'ros2_laser_scan_matcher' build argument 'cmake_target_skip_unavailable' from command line to 'False'
[0.318s] Level 5:colcon.colcon_core.verb:set package 'ros2_laser_scan_matcher' build argument 'cmake_clean_cache' from command line to 'False'
[0.318s] Level 5:colcon.colcon_core.verb:set package 'ros2_laser_scan_matcher' build argument 'cmake_clean_first' from command line to 'False'
[0.318s] Level 5:colcon.colcon_core.verb:set package 'ros2_laser_scan_matcher' build argument 'cmake_force_configure' from command line to 'False'
[0.318s] Level 5:colcon.colcon_core.verb:set package 'ros2_laser_scan_matcher' build argument 'ament_cmake_args' from command line to 'None'
[0.318s] Level 5:colcon.colcon_core.verb:set package 'ros2_laser_scan_matcher' build argument 'catkin_cmake_args' from command line to 'None'
[0.318s] Level 5:colcon.colcon_core.verb:set package 'ros2_laser_scan_matcher' build argument 'catkin_skip_building_tests' from command line to 'False'
[0.319s] DEBUG:colcon.colcon_core.verb:Building package 'ros2_laser_scan_matcher' with the following arguments: {'ament_cmake_args': None, 'build_base': '/home/pi/robot_ws/build/ros2_laser_scan_matcher', 'catkin_cmake_args': None, 'catkin_skip_building_tests': False, 'cmake_args': None, 'cmake_clean_cache': False, 'cmake_clean_first': False, 'cmake_force_configure': False, 'cmake_target': None, 'cmake_target_skip_unavailable': False, 'install_base': '/home/pi/robot_ws/install/ros2_laser_scan_matcher', 'merge_install': False, 'path': '/home/pi/robot_ws/src/robot/ros2_laser_scan_matcher', 'symlink_install': True, 'test_result_base': None}
[0.319s] Level 5:colcon.colcon_core.verb:set package 'rplidar_ros' build argument 'cmake_args' from command line to 'None'
[0.319s] Level 5:colcon.colcon_core.verb:set package 'rplidar_ros' build argument 'cmake_target' from command line to 'None'
[0.319s] Level 5:colcon.colcon_core.verb:set package 'rplidar_ros' build argument 'cmake_target_skip_unavailable' from command line to 'False'
[0.319s] Level 5:colcon.colcon_core.verb:set package 'rplidar_ros' build argument 'cmake_clean_cache' from command line to 'False'
[0.319s] Level 5:colcon.colcon_core.verb:set package 'rplidar_ros' build argument 'cmake_clean_first' from command line to 'False'
[0.319s] Level 5:colcon.colcon_core.verb:set package 'rplidar_ros' build argument 'cmake_force_configure' from command line to 'False'
[0.319s] Level 5:colcon.colcon_core.verb:set package 'rplidar_ros' build argument 'ament_cmake_args' from command line to 'None'
[0.319s] Level 5:colcon.colcon_core.verb:set package 'rplidar_ros' build argument 'catkin_cmake_args' from command line to 'None'
[0.319s] Level 5:colcon.colcon_core.verb:set package 'rplidar_ros' build argument 'catkin_skip_building_tests' from command line to 'False'
[0.319s] DEBUG:colcon.colcon_core.verb:Building package 'rplidar_ros' with the following arguments: {'ament_cmake_args': None, 'build_base': '/home/pi/robot_ws/build/rplidar_ros', 'catkin_cmake_args': None, 'catkin_skip_building_tests': False, 'cmake_args': None, 'cmake_clean_cache': False, 'cmake_clean_first': False, 'cmake_force_configure': False, 'cmake_target': None, 'cmake_target_skip_unavailable': False, 'install_base': '/home/pi/robot_ws/install/rplidar_ros', 'merge_install': False, 'path': '/home/pi/robot_ws/src/robot/rplidar_ros', 'symlink_install': True, 'test_result_base': None}
[0.319s] Level 5:colcon.colcon_core.verb:set package 'ired_bringup' build argument 'cmake_args' from command line to 'None'
[0.319s] Level 5:colcon.colcon_core.verb:set package 'ired_bringup' build argument 'cmake_target' from command line to 'None'
[0.319s] Level 5:colcon.colcon_core.verb:set package 'ired_bringup' build argument 'cmake_target_skip_unavailable' from command line to 'False'
[0.319s] Level 5:colcon.colcon_core.verb:set package 'ired_bringup' build argument 'cmake_clean_cache' from command line to 'False'
[0.319s] Level 5:colcon.colcon_core.verb:set package 'ired_bringup' build argument 'cmake_clean_first' from command line to 'False'
[0.319s] Level 5:colcon.colcon_core.verb:set package 'ired_bringup' build argument 'cmake_force_configure' from command line to 'False'
[0.319s] Level 5:colcon.colcon_core.verb:set package 'ired_bringup' build argument 'ament_cmake_args' from command line to 'None'
[0.319s] Level 5:colcon.colcon_core.verb:set package 'ired_bringup' build argument 'catkin_cmake_args' from command line to 'None'
[0.319s] Level 5:colcon.colcon_core.verb:set package 'ired_bringup' build argument 'catkin_skip_building_tests' from command line to 'False'
[0.319s] DEBUG:colcon.colcon_core.verb:Building package 'ired_bringup' with the following arguments: {'ament_cmake_args': None, 'build_base': '/home/pi/robot_ws/build/ired_bringup', 'catkin_cmake_args': None, 'catkin_skip_building_tests': False, 'cmake_args': None, 'cmake_clean_cache': False, 'cmake_clean_first': False, 'cmake_force_configure': False, 'cmake_target': None, 'cmake_target_skip_unavailable': False, 'install_base': '/home/pi/robot_ws/install/ired_bringup', 'merge_install': False, 'path': '/home/pi/robot_ws/src/robot/ired_bringup', 'symlink_install': True, 'test_result_base': None}
[0.319s] INFO:colcon.colcon_core.executor:Executing jobs using 'parallel' executor
[0.321s] DEBUG:colcon.colcon_parallel_executor.executor.parallel:run_until_complete
[0.321s] INFO:colcon.colcon_ros.task.ament_cmake.build:Building ROS package in '/home/pi/robot_ws/src/robot/ired_msgs' with build type 'ament_cmake'
[0.321s] INFO:colcon.colcon_cmake.task.cmake.build:Building CMake package in '/home/pi/robot_ws/src/robot/ired_msgs'
[0.324s] INFO:colcon.colcon_core.plugin_system:Skipping extension 'colcon_core.shell.bat': Not used on non-Windows systems
[0.325s] INFO:colcon.colcon_core.shell:Skip shell extension 'powershell' for command environment: Not usable outside of PowerShell
[0.325s] DEBUG:colcon.colcon_core.shell:Skip shell extension 'dsv' for command environment
[0.334s] INFO:colcon.colcon_ros.task.ament_python.build:Building ROS package in '/home/pi/robot_ws/src/robot/ired_movetogoal' with build type 'ament_python'
[0.335s] Level 1:colcon.colcon_core.shell:create_environment_hook('ired_movetogoal', 'ament_prefix_path')
[0.335s] INFO:colcon.colcon_core.shell:Creating environment hook '/home/pi/robot_ws/install/ired_movetogoal/share/ired_movetogoal/hook/ament_prefix_path.ps1'
[0.336s] INFO:colcon.colcon_core.shell:Creating environment descriptor '/home/pi/robot_ws/install/ired_movetogoal/share/ired_movetogoal/hook/ament_prefix_path.dsv'
[0.336s] INFO:colcon.colcon_core.shell:Creating environment hook '/home/pi/robot_ws/install/ired_movetogoal/share/ired_movetogoal/hook/ament_prefix_path.sh'
[0.337s] INFO:colcon.colcon_core.shell:Skip shell extension 'powershell' for command environment: Not usable outside of PowerShell
[0.337s] DEBUG:colcon.colcon_core.shell:Skip shell extension 'dsv' for command environment
[0.343s] INFO:colcon.colcon_ros.task.ament_cmake.build:Building ROS package in '/home/pi/robot_ws/src/robot/ired_navigation' with build type 'ament_cmake'
[0.343s] INFO:colcon.colcon_cmake.task.cmake.build:Building CMake package in '/home/pi/robot_ws/src/robot/ired_navigation'
[0.343s] INFO:colcon.colcon_core.shell:Skip shell extension 'powershell' for command environment: Not usable outside of PowerShell
[0.344s] DEBUG:colcon.colcon_core.shell:Skip shell extension 'dsv' for command environment
[0.349s] INFO:colcon.colcon_ros.task.ament_python.build:Building ROS package in '/home/pi/robot_ws/src/robot/ired_teleop' with build type 'ament_python'
[0.350s] Level 1:colcon.colcon_core.shell:create_environment_hook('ired_teleop', 'ament_prefix_path')
[0.350s] INFO:colcon.colcon_core.shell:Creating environment hook '/home/pi/robot_ws/install/ired_teleop/share/ired_teleop/hook/ament_prefix_path.ps1'
[0.351s] INFO:colcon.colcon_core.shell:Creating environment descriptor '/home/pi/robot_ws/install/ired_teleop/share/ired_teleop/hook/ament_prefix_path.dsv'
[0.351s] INFO:colcon.colcon_core.shell:Creating environment hook '/home/pi/robot_ws/install/ired_teleop/share/ired_teleop/hook/ament_prefix_path.sh'
[0.352s] INFO:colcon.colcon_core.shell:Skip shell extension 'powershell' for command environment: Not usable outside of PowerShell
[0.352s] DEBUG:colcon.colcon_core.shell:Skip shell extension 'dsv' for command environment
[0.358s] INFO:colcon.colcon_ros.task.ament_cmake.build:Building ROS package in '/home/pi/robot_ws/src/robot/ros2_laser_scan_matcher' with build type 'ament_cmake'
[0.358s] INFO:colcon.colcon_cmake.task.cmake.build:Building CMake package in '/home/pi/robot_ws/src/robot/ros2_laser_scan_matcher'
[0.358s] INFO:colcon.colcon_core.shell:Skip shell extension 'powershell' for command environment: Not usable outside of PowerShell
[0.358s] DEBUG:colcon.colcon_core.shell:Skip shell extension 'dsv' for command environment
[0.364s] INFO:colcon.colcon_ros.task.ament_cmake.build:Building ROS package in '/home/pi/robot_ws/src/robot/rplidar_ros' with build type 'ament_cmake'
[0.365s] INFO:colcon.colcon_cmake.task.cmake.build:Building CMake package in '/home/pi/robot_ws/src/robot/rplidar_ros'
[0.365s] INFO:colcon.colcon_core.shell:Skip shell extension 'powershell' for command environment: Not usable outside of PowerShell
[0.365s] DEBUG:colcon.colcon_core.shell:Skip shell extension 'dsv' for command environment
[0.379s] DEBUG:colcon.colcon_core.event_handler.log_command:Invoking command in '/home/pi/robot_ws/build/ired_msgs': CMAKE_PREFIX_PATH=${CMAKE_PREFIX_PATH}:/home/pi/robot_ws/install/ired_teleop:/home/pi/robot_ws/install/ired_movetogoal:/opt/ros/jazzy DEBUGINFOD_URLS=https://debuginfod.ubuntu.com /usr/bin/cmake --build /home/pi/robot_ws/build/ired_msgs -- -j16 -l16
[0.700s] INFO:colcon.colcon_core.task.python.build:Building Python package in '/home/pi/robot_ws/src/robot/ired_movetogoal'
[0.700s] INFO:colcon.colcon_core.shell:Skip shell extension 'powershell' for command environment: Not usable outside of PowerShell
[0.700s] DEBUG:colcon.colcon_core.shell:Skip shell extension 'dsv' for command environment
[0.711s] DEBUG:colcon.colcon_core.event_handler.log_command:Invoking command in '/home/pi/robot_ws/build/ired_navigation': CMAKE_PREFIX_PATH=${CMAKE_PREFIX_PATH}:/home/pi/robot_ws/install/ired_teleop:/home/pi/robot_ws/install/ired_movetogoal:/opt/ros/jazzy DEBUGINFOD_URLS=https://debuginfod.ubuntu.com /usr/bin/cmake --build /home/pi/robot_ws/build/ired_navigation -- -j16 -l16
[0.998s] INFO:colcon.colcon_core.task.python.build:Building Python package in '/home/pi/robot_ws/src/robot/ired_teleop'
[0.998s] INFO:colcon.colcon_core.shell:Skip shell extension 'powershell' for command environment: Not usable outside of PowerShell
[0.998s] DEBUG:colcon.colcon_core.shell:Skip shell extension 'dsv' for command environment
[1.006s] DEBUG:colcon.colcon_core.event_handler.log_command:Invoking command in '/home/pi/robot_ws/build/ros2_laser_scan_matcher': CMAKE_PREFIX_PATH=${CMAKE_PREFIX_PATH}:/home/pi/robot_ws/install/ired_teleop:/home/pi/robot_ws/install/ired_movetogoal:/opt/ros/jazzy DEBUGINFOD_URLS=https://debuginfod.ubuntu.com /usr/bin/cmake /home/pi/robot_ws/src/robot/ros2_laser_scan_matcher -DAMENT_CMAKE_SYMLINK_INSTALL=1 -DCMAKE_INSTALL_PREFIX=/home/pi/robot_ws/install/ros2_laser_scan_matcher
[1.014s] DEBUG:colcon.colcon_core.event_handler.log_command:Invoked command in '/home/pi/robot_ws/build/ired_msgs' returned '0': CMAKE_PREFIX_PATH=${CMAKE_PREFIX_PATH}:/home/pi/robot_ws/install/ired_teleop:/home/pi/robot_ws/install/ired_movetogoal:/opt/ros/jazzy DEBUGINFOD_URLS=https://debuginfod.ubuntu.com /usr/bin/cmake --build /home/pi/robot_ws/build/ired_msgs -- -j16 -l16
[1.035s] DEBUG:colcon.colcon_core.event_handler.log_command:Invoking command in '/home/pi/robot_ws/build/ired_msgs': CMAKE_PREFIX_PATH=${CMAKE_PREFIX_PATH}:/home/pi/robot_ws/install/ired_teleop:/home/pi/robot_ws/install/ired_movetogoal:/opt/ros/jazzy DEBUGINFOD_URLS=https://debuginfod.ubuntu.com /usr/bin/cmake --install /home/pi/robot_ws/build/ired_msgs
[1.036s] DEBUG:colcon.colcon_core.event_handler.log_command:Invoked command in '/home/pi/robot_ws/build/ired_navigation' returned '0': CMAKE_PREFIX_PATH=${CMAKE_PREFIX_PATH}:/home/pi/robot_ws/install/ired_teleop:/home/pi/robot_ws/install/ired_movetogoal:/opt/ros/jazzy DEBUGINFOD_URLS=https://debuginfod.ubuntu.com /usr/bin/cmake --build /home/pi/robot_ws/build/ired_navigation -- -j16 -l16
[1.037s] DEBUG:colcon.colcon_core.event_handler.log_command:Invoking command in '/home/pi/robot_ws/build/ired_navigation': CMAKE_PREFIX_PATH=${CMAKE_PREFIX_PATH}:/home/pi/robot_ws/install/ired_teleop:/home/pi/robot_ws/install/ired_movetogoal:/opt/ros/jazzy DEBUGINFOD_URLS=https://debuginfod.ubuntu.com /usr/bin/cmake --install /home/pi/robot_ws/build/ired_navigation
[1.041s] DEBUG:colcon.colcon_core.event_handler.log_command:Invoking command in '/home/pi/robot_ws/build/rplidar_ros': CMAKE_PREFIX_PATH=${CMAKE_PREFIX_PATH}:/home/pi/robot_ws/install/ired_teleop:/home/pi/robot_ws/install/ired_movetogoal:/opt/ros/jazzy DEBUGINFOD_URLS=https://debuginfod.ubuntu.com /usr/bin/cmake --build /home/pi/robot_ws/build/rplidar_ros -- -j16 -l16
[1.082s] Level 1:colcon.colcon_core.environment:create_environment_scripts_only(ired_navigation)
[1.083s] DEBUG:colcon.colcon_core.event_handler.log_command:Invoked command in '/home/pi/robot_ws/build/ired_navigation' returned '0': CMAKE_PREFIX_PATH=${CMAKE_PREFIX_PATH}:/home/pi/robot_ws/install/ired_teleop:/home/pi/robot_ws/install/ired_movetogoal:/opt/ros/jazzy DEBUGINFOD_URLS=https://debuginfod.ubuntu.com /usr/bin/cmake --install /home/pi/robot_ws/build/ired_navigation
[1.087s] Level 1:colcon.colcon_core.environment:checking '/home/pi/robot_ws/install/ired_navigation' for CMake module files
[1.088s] Level 1:colcon.colcon_core.environment:checking '/home/pi/robot_ws/install/ired_navigation' for CMake config files
[1.089s] Level 1:colcon.colcon_core.shell:create_environment_hook('ired_navigation', 'cmake_prefix_path')
[1.089s] INFO:colcon.colcon_core.shell:Creating environment hook '/home/pi/robot_ws/install/ired_navigation/share/ired_navigation/hook/cmake_prefix_path.ps1'
[1.090s] INFO:colcon.colcon_core.shell:Creating environment descriptor '/home/pi/robot_ws/install/ired_navigation/share/ired_navigation/hook/cmake_prefix_path.dsv'
[1.090s] INFO:colcon.colcon_core.shell:Creating environment hook '/home/pi/robot_ws/install/ired_navigation/share/ired_navigation/hook/cmake_prefix_path.sh'
[1.091s] Level 1:colcon.colcon_core.environment:checking '/home/pi/robot_ws/install/ired_navigation/bin'
[1.091s] Level 1:colcon.colcon_core.environment:checking '/home/pi/robot_ws/install/ired_navigation/lib/pkgconfig/ired_navigation.pc'
[1.092s] Level 1:colcon.colcon_core.environment:checking '/home/pi/robot_ws/install/ired_navigation/lib/python3.12/site-packages'
[1.092s] Level 1:colcon.colcon_core.environment:checking '/home/pi/robot_ws/install/ired_navigation/bin'
[1.092s] INFO:colcon.colcon_core.shell:Creating package script '/home/pi/robot_ws/install/ired_navigation/share/ired_navigation/package.ps1'
[1.093s] INFO:colcon.colcon_core.shell:Creating package descriptor '/home/pi/robot_ws/install/ired_navigation/share/ired_navigation/package.dsv'
[1.094s] INFO:colcon.colcon_core.shell:Creating package script '/home/pi/robot_ws/install/ired_navigation/share/ired_navigation/package.sh'
[1.095s] INFO:colcon.colcon_core.shell:Creating package script '/home/pi/robot_ws/install/ired_navigation/share/ired_navigation/package.bash'
[1.095s] INFO:colcon.colcon_core.shell:Creating package script '/home/pi/robot_ws/install/ired_navigation/share/ired_navigation/package.zsh'
[1.096s] Level 1:colcon.colcon_core.environment:create_file_with_runtime_dependencies(/home/pi/robot_ws/install/ired_navigation/share/colcon-core/packages/ired_navigation)
[1.097s] Level 1:colcon.colcon_core.environment:create_environment_scripts_only(ired_navigation)
[1.097s] Level 1:colcon.colcon_core.environment:checking '/home/pi/robot_ws/install/ired_navigation' for CMake module files
[1.098s] Level 1:colcon.colcon_core.environment:checking '/home/pi/robot_ws/install/ired_navigation' for CMake config files
[1.099s] Level 1:colcon.colcon_core.shell:create_environment_hook('ired_navigation', 'cmake_prefix_path')
[1.099s] INFO:colcon.colcon_core.shell:Creating environment hook '/home/pi/robot_ws/install/ired_navigation/share/ired_navigation/hook/cmake_prefix_path.ps1'
[1.100s] INFO:colcon.colcon_core.shell:Creating environment descriptor '/home/pi/robot_ws/install/ired_navigation/share/ired_navigation/hook/cmake_prefix_path.dsv'
[1.100s] INFO:colcon.colcon_core.shell:Creating environment hook '/home/pi/robot_ws/install/ired_navigation/share/ired_navigation/hook/cmake_prefix_path.sh'
[1.101s] Level 1:colcon.colcon_core.environment:checking '/home/pi/robot_ws/install/ired_navigation/bin'
[1.101s] Level 1:colcon.colcon_core.environment:checking '/home/pi/robot_ws/install/ired_navigation/lib/pkgconfig/ired_navigation.pc'
[1.102s] Level 1:colcon.colcon_core.environment:checking '/home/pi/robot_ws/install/ired_navigation/lib/python3.12/site-packages'
[1.102s] Level 1:colcon.colcon_core.environment:checking '/home/pi/robot_ws/install/ired_navigation/bin'
[1.103s] INFO:colcon.colcon_core.shell:Creating package script '/home/pi/robot_ws/install/ired_navigation/share/ired_navigation/package.ps1'
[1.105s] INFO:colcon.colcon_core.shell:Creating package descriptor '/home/pi/robot_ws/install/ired_navigation/share/ired_navigation/package.dsv'
[1.106s] INFO:colcon.colcon_core.shell:Creating package script '/home/pi/robot_ws/install/ired_navigation/share/ired_navigation/package.sh'
[1.107s] INFO:colcon.colcon_core.shell:Creating package script '/home/pi/robot_ws/install/ired_navigation/share/ired_navigation/package.bash'
[1.108s] INFO:colcon.colcon_core.shell:Creating package script '/home/pi/robot_ws/install/ired_navigation/share/ired_navigation/package.zsh'
[1.108s] Level 1:colcon.colcon_core.environment:create_file_with_runtime_dependencies(/home/pi/robot_ws/install/ired_navigation/share/colcon-core/packages/ired_navigation)
[1.190s] Level 1:colcon.colcon_core.environment:create_environment_scripts_only(ired_msgs)
[1.190s] DEBUG:colcon.colcon_core.event_handler.log_command:Invoked command in '/home/pi/robot_ws/build/ired_msgs' returned '0': CMAKE_PREFIX_PATH=${CMAKE_PREFIX_PATH}:/home/pi/robot_ws/install/ired_teleop:/home/pi/robot_ws/install/ired_movetogoal:/opt/ros/jazzy DEBUGINFOD_URLS=https://debuginfod.ubuntu.com /usr/bin/cmake --install /home/pi/robot_ws/build/ired_msgs
[1.191s] Level 1:colcon.colcon_core.environment:checking '/home/pi/robot_ws/install/ired_msgs' for CMake module files
[1.192s] Level 1:colcon.colcon_core.environment:checking '/home/pi/robot_ws/install/ired_msgs' for CMake config files
[1.194s] Level 1:colcon.colcon_core.shell:create_environment_hook('ired_msgs', 'cmake_prefix_path')
[1.194s] INFO:colcon.colcon_core.shell:Creating environment hook '/home/pi/robot_ws/install/ired_msgs/share/ired_msgs/hook/cmake_prefix_path.ps1'
[1.194s] INFO:colcon.colcon_core.shell:Creating environment descriptor '/home/pi/robot_ws/install/ired_msgs/share/ired_msgs/hook/cmake_prefix_path.dsv'
[1.195s] INFO:colcon.colcon_core.shell:Creating environment hook '/home/pi/robot_ws/install/ired_msgs/share/ired_msgs/hook/cmake_prefix_path.sh'
[1.196s] Level 1:colcon.colcon_core.environment:checking '/home/pi/robot_ws/install/ired_msgs/lib'
[1.196s] Level 1:colcon.colcon_core.shell:create_environment_hook('ired_msgs', 'ld_library_path_lib')
[1.196s] INFO:colcon.colcon_core.shell:Creating environment hook '/home/pi/robot_ws/install/ired_msgs/share/ired_msgs/hook/ld_library_path_lib.ps1'
[1.197s] INFO:colcon.colcon_core.shell:Creating environment descriptor '/home/pi/robot_ws/install/ired_msgs/share/ired_msgs/hook/ld_library_path_lib.dsv'
[1.197s] INFO:colcon.colcon_core.shell:Creating environment hook '/home/pi/robot_ws/install/ired_msgs/share/ired_msgs/hook/ld_library_path_lib.sh'
[1.198s] Level 1:colcon.colcon_core.environment:checking '/home/pi/robot_ws/install/ired_msgs/bin'
[1.198s] Level 1:colcon.colcon_core.environment:checking '/home/pi/robot_ws/install/ired_msgs/lib/pkgconfig/ired_msgs.pc'
[1.198s] Level 1:colcon.colcon_core.environment:checking '/home/pi/robot_ws/install/ired_msgs/lib/python3.12/site-packages'
[1.198s] Level 1:colcon.colcon_core.shell:create_environment_hook('ired_msgs', 'pythonpath')
[1.198s] INFO:colcon.colcon_core.shell:Creating environment hook '/home/pi/robot_ws/install/ired_msgs/share/ired_msgs/hook/pythonpath.ps1'
[1.199s] INFO:colcon.colcon_core.shell:Creating environment descriptor '/home/pi/robot_ws/install/ired_msgs/share/ired_msgs/hook/pythonpath.dsv'
[1.199s] INFO:colcon.colcon_core.shell:Creating environment hook '/home/pi/robot_ws/install/ired_msgs/share/ired_msgs/hook/pythonpath.sh'
[1.200s] Level 1:colcon.colcon_core.environment:checking '/home/pi/robot_ws/install/ired_msgs/bin'
[1.200s] INFO:colcon.colcon_core.shell:Creating package script '/home/pi/robot_ws/install/ired_msgs/share/ired_msgs/package.ps1'
[1.201s] INFO:colcon.colcon_core.shell:Creating package descriptor '/home/pi/robot_ws/install/ired_msgs/share/ired_msgs/package.dsv'
[1.202s] INFO:colcon.colcon_core.shell:Creating package script '/home/pi/robot_ws/install/ired_msgs/share/ired_msgs/package.sh'
[1.202s] INFO:colcon.colcon_core.shell:Creating package script '/home/pi/robot_ws/install/ired_msgs/share/ired_msgs/package.bash'
[1.202s] INFO:colcon.colcon_core.shell:Creating package script '/home/pi/robot_ws/install/ired_msgs/share/ired_msgs/package.zsh'
[1.203s] Level 1:colcon.colcon_core.environment:create_file_with_runtime_dependencies(/home/pi/robot_ws/install/ired_msgs/share/colcon-core/packages/ired_msgs)
[1.204s] Level 1:colcon.colcon_core.environment:create_environment_scripts_only(ired_msgs)
[1.204s] Level 1:colcon.colcon_core.environment:checking '/home/pi/robot_ws/install/ired_msgs' for CMake module files
[1.205s] Level 1:colcon.colcon_core.environment:checking '/home/pi/robot_ws/install/ired_msgs' for CMake config files
[1.206s] Level 1:colcon.colcon_core.shell:create_environment_hook('ired_msgs', 'cmake_prefix_path')
[1.206s] INFO:colcon.colcon_core.shell:Creating environment hook '/home/pi/robot_ws/install/ired_msgs/share/ired_msgs/hook/cmake_prefix_path.ps1'
[1.207s] INFO:colcon.colcon_core.shell:Creating environment descriptor '/home/pi/robot_ws/install/ired_msgs/share/ired_msgs/hook/cmake_prefix_path.dsv'
[1.207s] INFO:colcon.colcon_core.shell:Creating environment hook '/home/pi/robot_ws/install/ired_msgs/share/ired_msgs/hook/cmake_prefix_path.sh'
[1.208s] Level 1:colcon.colcon_core.environment:checking '/home/pi/robot_ws/install/ired_msgs/lib'
[1.208s] Level 1:colcon.colcon_core.shell:create_environment_hook('ired_msgs', 'ld_library_path_lib')
[1.208s] INFO:colcon.colcon_core.shell:Creating environment hook '/home/pi/robot_ws/install/ired_msgs/share/ired_msgs/hook/ld_library_path_lib.ps1'
[1.209s] INFO:colcon.colcon_core.shell:Creating environment descriptor '/home/pi/robot_ws/install/ired_msgs/share/ired_msgs/hook/ld_library_path_lib.dsv'
[1.209s] INFO:colcon.colcon_core.shell:Creating environment hook '/home/pi/robot_ws/install/ired_msgs/share/ired_msgs/hook/ld_library_path_lib.sh'
[1.210s] Level 1:colcon.colcon_core.environment:checking '/home/pi/robot_ws/install/ired_msgs/bin'
[1.210s] Level 1:colcon.colcon_core.environment:checking '/home/pi/robot_ws/install/ired_msgs/lib/pkgconfig/ired_msgs.pc'
[1.210s] Level 1:colcon.colcon_core.environment:checking '/home/pi/robot_ws/install/ired_msgs/lib/python3.12/site-packages'
[1.210s] Level 1:colcon.colcon_core.shell:create_environment_hook('ired_msgs', 'pythonpath')
[1.210s] INFO:colcon.colcon_core.shell:Creating environment hook '/home/pi/robot_ws/install/ired_msgs/share/ired_msgs/hook/pythonpath.ps1'
[1.211s] INFO:colcon.colcon_core.shell:Creating environment descriptor '/home/pi/robot_ws/install/ired_msgs/share/ired_msgs/hook/pythonpath.dsv'
[1.211s] INFO:colcon.colcon_core.shell:Creating environment hook '/home/pi/robot_ws/install/ired_msgs/share/ired_msgs/hook/pythonpath.sh'
[1.212s] Level 1:colcon.colcon_core.environment:checking '/home/pi/robot_ws/install/ired_msgs/bin'
[1.212s] INFO:colcon.colcon_core.shell:Creating package script '/home/pi/robot_ws/install/ired_msgs/share/ired_msgs/package.ps1'
[1.213s] INFO:colcon.colcon_core.shell:Creating package descriptor '/home/pi/robot_ws/install/ired_msgs/share/ired_msgs/package.dsv'
[1.213s] INFO:colcon.colcon_core.shell:Creating package script '/home/pi/robot_ws/install/ired_msgs/share/ired_msgs/package.sh'
[1.214s] INFO:colcon.colcon_core.shell:Creating package script '/home/pi/robot_ws/install/ired_msgs/share/ired_msgs/package.bash'
[1.214s] INFO:colcon.colcon_core.shell:Creating package script '/home/pi/robot_ws/install/ired_msgs/share/ired_msgs/package.zsh'
[1.215s] Level 1:colcon.colcon_core.environment:create_file_with_runtime_dependencies(/home/pi/robot_ws/install/ired_msgs/share/colcon-core/packages/ired_msgs)
[1.216s] INFO:colcon.colcon_ros.task.ament_cmake.build:Building ROS package in '/home/pi/robot_ws/src/robot/ired_bringup' with build type 'ament_cmake'
[1.216s] INFO:colcon.colcon_cmake.task.cmake.build:Building CMake package in '/home/pi/robot_ws/src/robot/ired_bringup'
[1.216s] INFO:colcon.colcon_core.shell:Skip shell extension 'powershell' for command environment: Not usable outside of PowerShell
[1.216s] DEBUG:colcon.colcon_core.shell:Skip shell extension 'dsv' for command environment
[1.226s] DEBUG:colcon.colcon_core.event_handler.log_command:Invoked command in '/home/pi/robot_ws/build/rplidar_ros' returned '0': CMAKE_PREFIX_PATH=${CMAKE_PREFIX_PATH}:/home/pi/robot_ws/install/ired_teleop:/home/pi/robot_ws/install/ired_movetogoal:/opt/ros/jazzy DEBUGINFOD_URLS=https://debuginfod.ubuntu.com /usr/bin/cmake --build /home/pi/robot_ws/build/rplidar_ros -- -j16 -l16
[1.228s] DEBUG:colcon.colcon_core.event_handler.log_command:Invoking command in '/home/pi/robot_ws/build/rplidar_ros': CMAKE_PREFIX_PATH=${CMAKE_PREFIX_PATH}:/home/pi/robot_ws/install/ired_teleop:/home/pi/robot_ws/install/ired_movetogoal:/opt/ros/jazzy DEBUGINFOD_URLS=https://debuginfod.ubuntu.com /usr/bin/cmake --install /home/pi/robot_ws/build/rplidar_ros
[1.237s] DEBUG:colcon.colcon_core.event_handler.log_command:Invoking command in '/home/pi/robot_ws/build/ired_bringup': CMAKE_PREFIX_PATH=/home/pi/robot_ws/install/ired_msgs:/home/pi/robot_ws/install/rplidar_ros:/home/pi/robot_ws/install/ired_navigation:/home/pi/robot_ws/install/ired_bringup:/opt/ros/jazzy/opt/gz_sim_vendor:/opt/ros/jazzy/opt/gz_sensors_vendor:/opt/ros/jazzy/opt/gz_physics_vendor:/opt/ros/jazzy/opt/sdformat_vendor:/opt/ros/jazzy/opt/gz_gui_vendor:/opt/ros/jazzy/opt/gz_transport_vendor:/opt/ros/jazzy/opt/gz_rendering_vendor:/opt/ros/jazzy/opt/gz_plugin_vendor:/opt/ros/jazzy/opt/gz_fuel_tools_vendor:/opt/ros/jazzy/opt/gz_msgs_vendor:/opt/ros/jazzy/opt/gz_common_vendor:/opt/ros/jazzy/opt/gz_math_vendor:/opt/ros/jazzy/opt/gz_utils_vendor:/opt/ros/jazzy/opt/gz_tools_vendor:/opt/ros/jazzy/opt/gz_ogre_next_vendor:/opt/ros/jazzy/opt/gz_dartsim_vendor:/opt/ros/jazzy/opt/gz_cmake_vendor:/home/pi/robot_ws/install/ired_teleop:/home/pi/robot_ws/install/ired_movetogoal:/opt/ros/jazzy DEBUGINFOD_URLS=https://debuginfod.ubuntu.com PYTHONPATH=/home/pi/robot_ws/install/ired_msgs/lib/python3.12/site-packages:/home/pi/robot_ws/build/ired_teleop:/home/pi/robot_ws/install/ired_teleop/lib/python3.12/site-packages:/home/pi/robot_ws/build/ired_movetogoal:/home/pi/robot_ws/install/ired_movetogoal/lib/python3.12/site-packages:/opt/ros/jazzy/lib/python3.12/site-packages /usr/bin/cmake --build /home/pi/robot_ws/build/ired_bringup -- -j16 -l16
[1.274s] Level 1:colcon.colcon_core.environment:create_environment_scripts_only(rplidar_ros)
[1.274s] Level 1:colcon.colcon_core.environment:checking '/home/pi/robot_ws/install/rplidar_ros' for CMake module files
[1.275s] DEBUG:colcon.colcon_core.event_handler.log_command:Invoked command in '/home/pi/robot_ws/build/rplidar_ros' returned '0': CMAKE_PREFIX_PATH=${CMAKE_PREFIX_PATH}:/home/pi/robot_ws/install/ired_teleop:/home/pi/robot_ws/install/ired_movetogoal:/opt/ros/jazzy DEBUGINFOD_URLS=https://debuginfod.ubuntu.com /usr/bin/cmake --install /home/pi/robot_ws/build/rplidar_ros
[1.276s] Level 1:colcon.colcon_core.environment:checking '/home/pi/robot_ws/install/rplidar_ros' for CMake config files
[1.276s] Level 1:colcon.colcon_core.shell:create_environment_hook('rplidar_ros', 'cmake_prefix_path')
[1.277s] INFO:colcon.colcon_core.shell:Creating environment hook '/home/pi/robot_ws/install/rplidar_ros/share/rplidar_ros/hook/cmake_prefix_path.ps1'
[1.277s] INFO:colcon.colcon_core.shell:Creating environment descriptor '/home/pi/robot_ws/install/rplidar_ros/share/rplidar_ros/hook/cmake_prefix_path.dsv'
[1.278s] INFO:colcon.colcon_core.shell:Creating environment hook '/home/pi/robot_ws/install/rplidar_ros/share/rplidar_ros/hook/cmake_prefix_path.sh'
[1.279s] Level 1:colcon.colcon_core.environment:checking '/home/pi/robot_ws/install/rplidar_ros/lib'
[1.279s] Level 1:colcon.colcon_core.environment:checking '/home/pi/robot_ws/install/rplidar_ros/bin'
[1.279s] Level 1:colcon.colcon_core.environment:checking '/home/pi/robot_ws/install/rplidar_ros/lib/pkgconfig/rplidar_ros.pc'
[1.279s] Level 1:colcon.colcon_core.environment:checking '/home/pi/robot_ws/install/rplidar_ros/lib/python3.12/site-packages'
[1.280s] Level 1:colcon.colcon_core.environment:checking '/home/pi/robot_ws/install/rplidar_ros/bin'
[1.280s] INFO:colcon.colcon_core.shell:Creating package script '/home/pi/robot_ws/install/rplidar_ros/share/rplidar_ros/package.ps1'
[1.281s] INFO:colcon.colcon_core.shell:Creating package descriptor '/home/pi/robot_ws/install/rplidar_ros/share/rplidar_ros/package.dsv'
[1.281s] INFO:colcon.colcon_core.shell:Creating package script '/home/pi/robot_ws/install/rplidar_ros/share/rplidar_ros/package.sh'
[1.282s] INFO:colcon.colcon_core.shell:Creating package script '/home/pi/robot_ws/install/rplidar_ros/share/rplidar_ros/package.bash'
[1.282s] INFO:colcon.colcon_core.shell:Creating package script '/home/pi/robot_ws/install/rplidar_ros/share/rplidar_ros/package.zsh'
[1.283s] Level 1:colcon.colcon_core.environment:create_file_with_runtime_dependencies(/home/pi/robot_ws/install/rplidar_ros/share/colcon-core/packages/rplidar_ros)
[1.283s] Level 1:colcon.colcon_core.environment:create_environment_scripts_only(rplidar_ros)
[1.284s] Level 1:colcon.colcon_core.environment:checking '/home/pi/robot_ws/install/rplidar_ros' for CMake module files
[1.284s] Level 1:colcon.colcon_core.environment:checking '/home/pi/robot_ws/install/rplidar_ros' for CMake config files
[1.285s] Level 1:colcon.colcon_core.shell:create_environment_hook('rplidar_ros', 'cmake_prefix_path')
[1.285s] INFO:colcon.colcon_core.shell:Creating environment hook '/home/pi/robot_ws/install/rplidar_ros/share/rplidar_ros/hook/cmake_prefix_path.ps1'
[1.285s] INFO:colcon.colcon_core.shell:Creating environment descriptor '/home/pi/robot_ws/install/rplidar_ros/share/rplidar_ros/hook/cmake_prefix_path.dsv'
[1.286s] INFO:colcon.colcon_core.shell:Creating environment hook '/home/pi/robot_ws/install/rplidar_ros/share/rplidar_ros/hook/cmake_prefix_path.sh'
[1.287s] Level 1:colcon.colcon_core.environment:checking '/home/pi/robot_ws/install/rplidar_ros/lib'
[1.287s] Level 1:colcon.colcon_core.environment:checking '/home/pi/robot_ws/install/rplidar_ros/bin'
[1.287s] Level 1:colcon.colcon_core.environment:checking '/home/pi/robot_ws/install/rplidar_ros/lib/pkgconfig/rplidar_ros.pc'
[1.287s] Level 1:colcon.colcon_core.environment:checking '/home/pi/robot_ws/install/rplidar_ros/lib/python3.12/site-packages'
[1.288s] Level 1:colcon.colcon_core.environment:checking '/home/pi/robot_ws/install/rplidar_ros/bin'
[1.288s] INFO:colcon.colcon_core.shell:Creating package script '/home/pi/robot_ws/install/rplidar_ros/share/rplidar_ros/package.ps1'
[1.289s] INFO:colcon.colcon_core.shell:Creating package descriptor '/home/pi/robot_ws/install/rplidar_ros/share/rplidar_ros/package.dsv'
[1.289s] INFO:colcon.colcon_core.shell:Creating package script '/home/pi/robot_ws/install/rplidar_ros/share/rplidar_ros/package.sh'
[1.290s] INFO:colcon.colcon_core.shell:Creating package script '/home/pi/robot_ws/install/rplidar_ros/share/rplidar_ros/package.bash'
[1.291s] INFO:colcon.colcon_core.shell:Creating package script '/home/pi/robot_ws/install/rplidar_ros/share/rplidar_ros/package.zsh'
[1.291s] Level 1:colcon.colcon_core.environment:create_file_with_runtime_dependencies(/home/pi/robot_ws/install/rplidar_ros/share/colcon-core/packages/rplidar_ros)
[1.374s] DEBUG:colcon.colcon_core.event_handler.log_command:Invoked command in '/home/pi/robot_ws/build/ired_bringup' returned '0': CMAKE_PREFIX_PATH=/home/pi/robot_ws/install/ired_msgs:/home/pi/robot_ws/install/rplidar_ros:/home/pi/robot_ws/install/ired_navigation:/home/pi/robot_ws/install/ired_bringup:/opt/ros/jazzy/opt/gz_sim_vendor:/opt/ros/jazzy/opt/gz_sensors_vendor:/opt/ros/jazzy/opt/gz_physics_vendor:/opt/ros/jazzy/opt/sdformat_vendor:/opt/ros/jazzy/opt/gz_gui_vendor:/opt/ros/jazzy/opt/gz_transport_vendor:/opt/ros/jazzy/opt/gz_rendering_vendor:/opt/ros/jazzy/opt/gz_plugin_vendor:/opt/ros/jazzy/opt/gz_fuel_tools_vendor:/opt/ros/jazzy/opt/gz_msgs_vendor:/opt/ros/jazzy/opt/gz_common_vendor:/opt/ros/jazzy/opt/gz_math_vendor:/opt/ros/jazzy/opt/gz_utils_vendor:/opt/ros/jazzy/opt/gz_tools_vendor:/opt/ros/jazzy/opt/gz_ogre_next_vendor:/opt/ros/jazzy/opt/gz_dartsim_vendor:/opt/ros/jazzy/opt/gz_cmake_vendor:/home/pi/robot_ws/install/ired_teleop:/home/pi/robot_ws/install/ired_movetogoal:/opt/ros/jazzy DEBUGINFOD_URLS=https://debuginfod.ubuntu.com PYTHONPATH=/home/pi/robot_ws/install/ired_msgs/lib/python3.12/site-packages:/home/pi/robot_ws/build/ired_teleop:/home/pi/robot_ws/install/ired_teleop/lib/python3.12/site-packages:/home/pi/robot_ws/build/ired_movetogoal:/home/pi/robot_ws/install/ired_movetogoal/lib/python3.12/site-packages:/opt/ros/jazzy/lib/python3.12/site-packages /usr/bin/cmake --build /home/pi/robot_ws/build/ired_bringup -- -j16 -l16
[1.376s] DEBUG:colcon.colcon_core.event_handler.log_command:Invoking command in '/home/pi/robot_ws/build/ired_bringup': CMAKE_PREFIX_PATH=/home/pi/robot_ws/install/ired_msgs:/home/pi/robot_ws/install/rplidar_ros:/home/pi/robot_ws/install/ired_navigation:/home/pi/robot_ws/install/ired_bringup:/opt/ros/jazzy/opt/gz_sim_vendor:/opt/ros/jazzy/opt/gz_sensors_vendor:/opt/ros/jazzy/opt/gz_physics_vendor:/opt/ros/jazzy/opt/sdformat_vendor:/opt/ros/jazzy/opt/gz_gui_vendor:/opt/ros/jazzy/opt/gz_transport_vendor:/opt/ros/jazzy/opt/gz_rendering_vendor:/opt/ros/jazzy/opt/gz_plugin_vendor:/opt/ros/jazzy/opt/gz_fuel_tools_vendor:/opt/ros/jazzy/opt/gz_msgs_vendor:/opt/ros/jazzy/opt/gz_common_vendor:/opt/ros/jazzy/opt/gz_math_vendor:/opt/ros/jazzy/opt/gz_utils_vendor:/opt/ros/jazzy/opt/gz_tools_vendor:/opt/ros/jazzy/opt/gz_ogre_next_vendor:/opt/ros/jazzy/opt/gz_dartsim_vendor:/opt/ros/jazzy/opt/gz_cmake_vendor:/home/pi/robot_ws/install/ired_teleop:/home/pi/robot_ws/install/ired_movetogoal:/opt/ros/jazzy DEBUGINFOD_URLS=https://debuginfod.ubuntu.com PYTHONPATH=/home/pi/robot_ws/install/ired_msgs/lib/python3.12/site-packages:/home/pi/robot_ws/build/ired_teleop:/home/pi/robot_ws/install/ired_teleop/lib/python3.12/site-packages:/home/pi/robot_ws/build/ired_movetogoal:/home/pi/robot_ws/install/ired_movetogoal/lib/python3.12/site-packages:/opt/ros/jazzy/lib/python3.12/site-packages /usr/bin/cmake --install /home/pi/robot_ws/build/ired_bringup
[1.421s] Level 1:colcon.colcon_core.environment:create_environment_scripts_only(ired_bringup)
[1.421s] Level 1:colcon.colcon_core.environment:checking '/home/pi/robot_ws/install/ired_bringup' for CMake module files
[1.422s] DEBUG:colcon.colcon_core.event_handler.log_command:Invoked command in '/home/pi/robot_ws/build/ired_bringup' returned '0': CMAKE_PREFIX_PATH=/home/pi/robot_ws/install/ired_msgs:/home/pi/robot_ws/install/rplidar_ros:/home/pi/robot_ws/install/ired_navigation:/home/pi/robot_ws/install/ired_bringup:/opt/ros/jazzy/opt/gz_sim_vendor:/opt/ros/jazzy/opt/gz_sensors_vendor:/opt/ros/jazzy/opt/gz_physics_vendor:/opt/ros/jazzy/opt/sdformat_vendor:/opt/ros/jazzy/opt/gz_gui_vendor:/opt/ros/jazzy/opt/gz_transport_vendor:/opt/ros/jazzy/opt/gz_rendering_vendor:/opt/ros/jazzy/opt/gz_plugin_vendor:/opt/ros/jazzy/opt/gz_fuel_tools_vendor:/opt/ros/jazzy/opt/gz_msgs_vendor:/opt/ros/jazzy/opt/gz_common_vendor:/opt/ros/jazzy/opt/gz_math_vendor:/opt/ros/jazzy/opt/gz_utils_vendor:/opt/ros/jazzy/opt/gz_tools_vendor:/opt/ros/jazzy/opt/gz_ogre_next_vendor:/opt/ros/jazzy/opt/gz_dartsim_vendor:/opt/ros/jazzy/opt/gz_cmake_vendor:/home/pi/robot_ws/install/ired_teleop:/home/pi/robot_ws/install/ired_movetogoal:/opt/ros/jazzy DEBUGINFOD_URLS=https://debuginfod.ubuntu.com PYTHONPATH=/home/pi/robot_ws/install/ired_msgs/lib/python3.12/site-packages:/home/pi/robot_ws/build/ired_teleop:/home/pi/robot_ws/install/ired_teleop/lib/python3.12/site-packages:/home/pi/robot_ws/build/ired_movetogoal:/home/pi/robot_ws/install/ired_movetogoal/lib/python3.12/site-packages:/opt/ros/jazzy/lib/python3.12/site-packages /usr/bin/cmake --install /home/pi/robot_ws/build/ired_bringup
[1.422s] Level 1:colcon.colcon_core.environment:checking '/home/pi/robot_ws/install/ired_bringup' for CMake config files
[1.423s] Level 1:colcon.colcon_core.shell:create_environment_hook('ired_bringup', 'cmake_prefix_path')
[1.423s] INFO:colcon.colcon_core.shell:Creating environment hook '/home/pi/robot_ws/install/ired_bringup/share/ired_bringup/hook/cmake_prefix_path.ps1'
[1.424s] INFO:colcon.colcon_core.shell:Creating environment descriptor '/home/pi/robot_ws/install/ired_bringup/share/ired_bringup/hook/cmake_prefix_path.dsv'
[1.425s] INFO:colcon.colcon_core.shell:Creating environment hook '/home/pi/robot_ws/install/ired_bringup/share/ired_bringup/hook/cmake_prefix_path.sh'
[1.425s] Level 1:colcon.colcon_core.environment:checking '/home/pi/robot_ws/install/ired_bringup/lib'
[1.425s] Level 1:colcon.colcon_core.environment:checking '/home/pi/robot_ws/install/ired_bringup/bin'
[1.426s] Level 1:colcon.colcon_core.environment:checking '/home/pi/robot_ws/install/ired_bringup/lib/pkgconfig/ired_bringup.pc'
[1.426s] Level 1:colcon.colcon_core.environment:checking '/home/pi/robot_ws/install/ired_bringup/lib/python3.12/site-packages'
[1.427s] Level 1:colcon.colcon_core.environment:checking '/home/pi/robot_ws/install/ired_bringup/bin'
[1.428s] INFO:colcon.colcon_core.shell:Creating package script '/home/pi/robot_ws/install/ired_bringup/share/ired_bringup/package.ps1'
[1.429s] INFO:colcon.colcon_core.shell:Creating package descriptor '/home/pi/robot_ws/install/ired_bringup/share/ired_bringup/package.dsv'
[1.429s] INFO:colcon.colcon_core.shell:Creating package script '/home/pi/robot_ws/install/ired_bringup/share/ired_bringup/package.sh'
[1.430s] INFO:colcon.colcon_core.shell:Creating package script '/home/pi/robot_ws/install/ired_bringup/share/ired_bringup/package.bash'
[1.430s] INFO:colcon.colcon_core.shell:Creating package script '/home/pi/robot_ws/install/ired_bringup/share/ired_bringup/package.zsh'
[1.431s] Level 1:colcon.colcon_core.environment:create_file_with_runtime_dependencies(/home/pi/robot_ws/install/ired_bringup/share/colcon-core/packages/ired_bringup)
[1.431s] Level 1:colcon.colcon_core.environment:create_environment_scripts_only(ired_bringup)
[1.431s] Level 1:colcon.colcon_core.environment:checking '/home/pi/robot_ws/install/ired_bringup' for CMake module files
[1.432s] Level 1:colcon.colcon_core.environment:checking '/home/pi/robot_ws/install/ired_bringup' for CMake config files
[1.433s] Level 1:colcon.colcon_core.shell:create_environment_hook('ired_bringup', 'cmake_prefix_path')
[1.433s] INFO:colcon.colcon_core.shell:Creating environment hook '/home/pi/robot_ws/install/ired_bringup/share/ired_bringup/hook/cmake_prefix_path.ps1'
[1.433s] INFO:colcon.colcon_core.shell:Creating environment descriptor '/home/pi/robot_ws/install/ired_bringup/share/ired_bringup/hook/cmake_prefix_path.dsv'
[1.434s] INFO:colcon.colcon_core.shell:Creating environment hook '/home/pi/robot_ws/install/ired_bringup/share/ired_bringup/hook/cmake_prefix_path.sh'
[1.435s] Level 1:colcon.colcon_core.environment:checking '/home/pi/robot_ws/install/ired_bringup/lib'
[1.435s] Level 1:colcon.colcon_core.environment:checking '/home/pi/robot_ws/install/ired_bringup/bin'
[1.435s] Level 1:colcon.colcon_core.environment:checking '/home/pi/robot_ws/install/ired_bringup/lib/pkgconfig/ired_bringup.pc'
[1.435s] Level 1:colcon.colcon_core.environment:checking '/home/pi/robot_ws/install/ired_bringup/lib/python3.12/site-packages'
[1.435s] Level 1:colcon.colcon_core.environment:checking '/home/pi/robot_ws/install/ired_bringup/bin'
[1.436s] INFO:colcon.colcon_core.shell:Creating package script '/home/pi/robot_ws/install/ired_bringup/share/ired_bringup/package.ps1'
[1.437s] INFO:colcon.colcon_core.shell:Creating package descriptor '/home/pi/robot_ws/install/ired_bringup/share/ired_bringup/package.dsv'
[1.437s] INFO:colcon.colcon_core.shell:Creating package script '/home/pi/robot_ws/install/ired_bringup/share/ired_bringup/package.sh'
[1.438s] INFO:colcon.colcon_core.shell:Creating package script '/home/pi/robot_ws/install/ired_bringup/share/ired_bringup/package.bash'
[1.438s] INFO:colcon.colcon_core.shell:Creating package script '/home/pi/robot_ws/install/ired_bringup/share/ired_bringup/package.zsh'
[1.439s] Level 1:colcon.colcon_core.environment:create_file_with_runtime_dependencies(/home/pi/robot_ws/install/ired_bringup/share/colcon-core/packages/ired_bringup)
[1.738s] DEBUG:colcon.colcon_core.event_handler.log_command:Invoking command in '/home/pi/robot_ws/build/ired_movetogoal': DEBUGINFOD_URLS=https://debuginfod.ubuntu.com PYTHONPATH=/home/pi/robot_ws/build/ired_movetogoal/prefix_override:/usr/lib/python3/dist-packages/colcon_core/task/python/colcon_distutils_commands:/home/pi/robot_ws/install/ired_movetogoal/lib/python3.12/site-packages:${PYTHONPATH} /usr/bin/python3 -W ignore:setup.py install is deprecated -W ignore:easy_install command is deprecated setup.py develop --editable --build-directory /home/pi/robot_ws/build/ired_movetogoal/build --no-deps symlink_data
[1.739s] DEBUG:colcon.colcon_core.event_handler.log_command:Invoking command in '/home/pi/robot_ws/build/ired_teleop': DEBUGINFOD_URLS=https://debuginfod.ubuntu.com PYTHONPATH=/home/pi/robot_ws/build/ired_teleop/prefix_override:/usr/lib/python3/dist-packages/colcon_core/task/python/colcon_distutils_commands:/home/pi/robot_ws/install/ired_teleop/lib/python3.12/site-packages:${PYTHONPATH} /usr/bin/python3 -W ignore:setup.py install is deprecated -W ignore:easy_install command is deprecated setup.py develop --editable --build-directory /home/pi/robot_ws/build/ired_teleop/build --no-deps symlink_data
[1.873s] DEBUG:colcon.colcon_core.event_handler.log_command:Invoked command in '/home/pi/robot_ws/build/ros2_laser_scan_matcher' returned '1': CMAKE_PREFIX_PATH=${CMAKE_PREFIX_PATH}:/home/pi/robot_ws/install/ired_teleop:/home/pi/robot_ws/install/ired_movetogoal:/opt/ros/jazzy DEBUGINFOD_URLS=https://debuginfod.ubuntu.com /usr/bin/cmake /home/pi/robot_ws/src/robot/ros2_laser_scan_matcher -DAMENT_CMAKE_SYMLINK_INSTALL=1 -DCMAKE_INSTALL_PREFIX=/home/pi/robot_ws/install/ros2_laser_scan_matcher
[1.884s] Level 1:colcon.colcon_core.environment:create_environment_scripts_only(ros2_laser_scan_matcher)
[1.885s] Level 1:colcon.colcon_core.environment:checking '/home/pi/robot_ws/install/ros2_laser_scan_matcher' for CMake module files
[1.885s] Level 1:colcon.colcon_core.environment:checking '/home/pi/robot_ws/install/ros2_laser_scan_matcher' for CMake config files
[1.886s] Level 1:colcon.colcon_core.environment:checking '/home/pi/robot_ws/install/ros2_laser_scan_matcher/bin'
[1.886s] Level 1:colcon.colcon_core.environment:checking '/home/pi/robot_ws/install/ros2_laser_scan_matcher/lib/pkgconfig/ros2_laser_scan_matcher.pc'
[1.886s] Level 1:colcon.colcon_core.environment:checking '/home/pi/robot_ws/install/ros2_laser_scan_matcher/lib/python3.12/site-packages'
[1.886s] Level 1:colcon.colcon_core.environment:checking '/home/pi/robot_ws/install/ros2_laser_scan_matcher/bin'
[1.886s] INFO:colcon.colcon_core.shell:Creating package script '/home/pi/robot_ws/install/ros2_laser_scan_matcher/share/ros2_laser_scan_matcher/package.ps1'
[1.887s] INFO:colcon.colcon_core.shell:Creating package descriptor '/home/pi/robot_ws/install/ros2_laser_scan_matcher/share/ros2_laser_scan_matcher/package.dsv'
[1.887s] INFO:colcon.colcon_core.shell:Creating package script '/home/pi/robot_ws/install/ros2_laser_scan_matcher/share/ros2_laser_scan_matcher/package.sh'
[1.887s] INFO:colcon.colcon_core.shell:Creating package script '/home/pi/robot_ws/install/ros2_laser_scan_matcher/share/ros2_laser_scan_matcher/package.bash'
[1.888s] INFO:colcon.colcon_core.shell:Creating package script '/home/pi/robot_ws/install/ros2_laser_scan_matcher/share/ros2_laser_scan_matcher/package.zsh'
[1.888s] Level 1:colcon.colcon_core.environment:create_file_with_runtime_dependencies(/home/pi/robot_ws/install/ros2_laser_scan_matcher/share/colcon-core/packages/ros2_laser_scan_matcher)
[2.122s] DEBUG:colcon.colcon_parallel_executor.executor.parallel:closing loop
[2.123s] DEBUG:colcon.colcon_parallel_executor.executor.parallel:loop closed
[2.123s] DEBUG:colcon.colcon_parallel_executor.executor.parallel:run_until_complete finished with '1'
[2.123s] DEBUG:colcon.colcon_core.event_reactor:joining thread
[2.128s] INFO:colcon.colcon_core.plugin_system:Skipping extension 'colcon_notification.desktop_notification.terminal_notifier': Not used on non-Darwin systems
[2.128s] INFO:colcon.colcon_core.plugin_system:Skipping extension 'colcon_notification.desktop_notification.win32': Not used on non-Windows systems
[2.128s] INFO:colcon.colcon_notification.desktop_notification:Sending desktop notification using 'notify2'
[2.137s] DEBUG:colcon.colcon_core.event_reactor:joined thread
[2.137s] INFO:colcon.colcon_core.shell:Creating prefix script '/home/pi/robot_ws/install/local_setup.ps1'
[2.138s] INFO:colcon.colcon_core.shell:Creating prefix util module '/home/pi/robot_ws/install/_local_setup_util_ps1.py'
[2.139s] INFO:colcon.colcon_core.shell:Creating prefix chain script '/home/pi/robot_ws/install/setup.ps1'
[2.140s] INFO:colcon.colcon_core.shell:Creating prefix script '/home/pi/robot_ws/install/local_setup.sh'
[2.140s] INFO:colcon.colcon_core.shell:Creating prefix util module '/home/pi/robot_ws/install/_local_setup_util_sh.py'
[2.140s] INFO:colcon.colcon_core.shell:Creating prefix chain script '/home/pi/robot_ws/install/setup.sh'
[2.141s] INFO:colcon.colcon_core.shell:Creating prefix script '/home/pi/robot_ws/install/local_setup.bash'
[2.141s] INFO:colcon.colcon_core.shell:Creating prefix chain script '/home/pi/robot_ws/install/setup.bash'
[2.142s] INFO:colcon.colcon_core.shell:Creating prefix script '/home/pi/robot_ws/install/local_setup.zsh'
[2.142s] INFO:colcon.colcon_core.shell:Creating prefix chain script '/home/pi/robot_ws/install/setup.zsh'
