[1.853s] Invoking command in '/home/pp/Tawan-pe-/build/rplidar_ros': CMAKE_PREFIX_PATH=${CMAKE_PREFIX_PATH}:/home/pp/Tawan-pe-/install/station_pkg:/home/pp/Tawan-pe-/install/ros2_aruco:/home/pp/Tawan-pe-/install/motion_control:/home/pp/Tawan-pe-/install/ired_teleop:/home/pp/Tawan-pe-/install/ired_movetogoal:/opt/ros/jazzy DEBUGINFOD_URLS=https://debuginfod.ubuntu.com /usr/bin/cmake /home/pp/Tawan-pe-/src/robot/rplidar_ros -DAMENT_CMAKE_SYMLINK_INSTALL=1 -DCMAKE_INSTALL_PREFIX=/home/pp/Tawan-pe-/install/rplidar_ros
[1.895s] -- Found ament_cmake: 2.5.4 (/opt/ros/jazzy/share/ament_cmake/cmake)
[2.519s] -- Override CMake install command with custom implementation using symlinks instead of copying resources
[2.546s] -- Found rclcpp: 28.1.13 (/opt/ros/jazzy/share/rclcpp/cmake)
[2.655s] -- Found rosidl_generator_c: 4.6.6 (/opt/ros/jazzy/share/rosidl_generator_c/cmake)
[2.692s] -- Found rosidl_generator_cpp: 4.6.6 (/opt/ros/jazzy/share/rosidl_generator_cpp/cmake)
[2.740s] -- Using all available rosidl_typesupport_c: rosidl_typesupport_fastrtps_c;rosidl_typesupport_introspection_c
[2.798s] -- Using all available rosidl_typesupport_cpp: rosidl_typesupport_fastrtps_cpp;rosidl_typesupport_introspection_cpp
[2.968s] -- Found rmw_implementation_cmake: 7.3.2 (/opt/ros/jazzy/share/rmw_implementation_cmake/cmake)
[2.970s] -- Found rmw_fastrtps_cpp: 8.4.3 (/opt/ros/jazzy/share/rmw_fastrtps_cpp/cmake)
[3.096s] -- Using RMW implementation 'rmw_fastrtps_cpp' as default
[3.386s] -- Found sensor_msgs: 5.3.6 (/opt/ros/jazzy/share/sensor_msgs/cmake)
[3.672s] -- Found std_srvs: 5.3.6 (/opt/ros/jazzy/share/std_srvs/cmake)
[4.080s] -- Configuring done (2.2s)
[4.173s] -- Generating done (0.1s)
[4.189s] -- Build files have been written to: /home/pp/Tawan-pe-/build/rplidar_ros
[4.211s] Invoked command in '/home/pp/Tawan-pe-/build/rplidar_ros' returned '0': CMAKE_PREFIX_PATH=${CMAKE_PREFIX_PATH}:/home/pp/Tawan-pe-/install/station_pkg:/home/pp/Tawan-pe-/install/ros2_aruco:/home/pp/Tawan-pe-/install/motion_control:/home/pp/Tawan-pe-/install/ired_teleop:/home/pp/Tawan-pe-/install/ired_movetogoal:/opt/ros/jazzy DEBUGINFOD_URLS=https://debuginfod.ubuntu.com /usr/bin/cmake /home/pp/Tawan-pe-/src/robot/rplidar_ros -DAMENT_CMAKE_SYMLINK_INSTALL=1 -DCMAKE_INSTALL_PREFIX=/home/pp/Tawan-pe-/install/rplidar_ros
[4.213s] Invoking command in '/home/pp/Tawan-pe-/build/rplidar_ros': CMAKE_PREFIX_PATH=${CMAKE_PREFIX_PATH}:/home/pp/Tawan-pe-/install/station_pkg:/home/pp/Tawan-pe-/install/ros2_aruco:/home/pp/Tawan-pe-/install/motion_control:/home/pp/Tawan-pe-/install/ired_teleop:/home/pp/Tawan-pe-/install/ired_movetogoal:/opt/ros/jazzy DEBUGINFOD_URLS=https://debuginfod.ubuntu.com /usr/bin/cmake --build /home/pp/Tawan-pe-/build/rplidar_ros -- -j12 -l12
[4.406s] [  5%] Built target rplidar_client
[4.433s] [ 52%] Built target rplidar_composition
[4.437s] [100%] Built target rplidar_node
[4.463s] Invoked command in '/home/pp/Tawan-pe-/build/rplidar_ros' returned '0': CMAKE_PREFIX_PATH=${CMAKE_PREFIX_PATH}:/home/pp/Tawan-pe-/install/station_pkg:/home/pp/Tawan-pe-/install/ros2_aruco:/home/pp/Tawan-pe-/install/motion_control:/home/pp/Tawan-pe-/install/ired_teleop:/home/pp/Tawan-pe-/install/ired_movetogoal:/opt/ros/jazzy DEBUGINFOD_URLS=https://debuginfod.ubuntu.com /usr/bin/cmake --build /home/pp/Tawan-pe-/build/rplidar_ros -- -j12 -l12
[4.465s] Invoking command in '/home/pp/Tawan-pe-/build/rplidar_ros': CMAKE_PREFIX_PATH=${CMAKE_PREFIX_PATH}:/home/pp/Tawan-pe-/install/station_pkg:/home/pp/Tawan-pe-/install/ros2_aruco:/home/pp/Tawan-pe-/install/motion_control:/home/pp/Tawan-pe-/install/ired_teleop:/home/pp/Tawan-pe-/install/ired_movetogoal:/opt/ros/jazzy DEBUGINFOD_URLS=https://debuginfod.ubuntu.com /usr/bin/cmake --install /home/pp/Tawan-pe-/build/rplidar_ros
[4.480s] -- Install configuration: ""
[4.481s] -- Execute custom install script
[4.482s] -- Up-to-date symlink: /home/pp/Tawan-pe-/install/rplidar_ros/share/rplidar_ros/launch/rplidar_a1_launch.py
[4.482s] -- Up-to-date symlink: /home/pp/Tawan-pe-/install/rplidar_ros/share/rplidar_ros/launch/view_rplidar_a1_launch.py
[4.483s] -- Up-to-date symlink: /home/pp/Tawan-pe-/install/rplidar_ros/share/rplidar_ros/rviz/rplidar_ros.rviz
[4.483s] -- Up-to-date symlink: /home/pp/Tawan-pe-/install/rplidar_ros/lib/rplidar_ros/rplidar_node
[4.484s] -- Up-to-date symlink: /home/pp/Tawan-pe-/install/rplidar_ros/lib/rplidar_ros/rplidar_composition
[4.484s] -- Up-to-date symlink: /home/pp/Tawan-pe-/install/rplidar_ros/lib/rplidar_ros/rplidar_client
[4.485s] -- Up-to-date symlink: /home/pp/Tawan-pe-/install/rplidar_ros/share/ament_index/resource_index/package_run_dependencies/rplidar_ros
[4.485s] -- Up-to-date symlink: /home/pp/Tawan-pe-/install/rplidar_ros/share/ament_index/resource_index/parent_prefix_path/rplidar_ros
[4.485s] -- Up-to-date symlink: /home/pp/Tawan-pe-/install/rplidar_ros/share/rplidar_ros/environment/ament_prefix_path.sh
[4.485s] -- Up-to-date symlink: /home/pp/Tawan-pe-/install/rplidar_ros/share/rplidar_ros/environment/ament_prefix_path.dsv
[4.486s] -- Up-to-date symlink: /home/pp/Tawan-pe-/install/rplidar_ros/share/rplidar_ros/environment/path.sh
[4.486s] -- Up-to-date symlink: /home/pp/Tawan-pe-/install/rplidar_ros/share/rplidar_ros/environment/path.dsv
[4.486s] -- Up-to-date symlink: /home/pp/Tawan-pe-/install/rplidar_ros/share/rplidar_ros/local_setup.bash
[4.486s] -- Up-to-date symlink: /home/pp/Tawan-pe-/install/rplidar_ros/share/rplidar_ros/local_setup.sh
[4.487s] -- Up-to-date symlink: /home/pp/Tawan-pe-/install/rplidar_ros/share/rplidar_ros/local_setup.zsh
[4.487s] -- Up-to-date symlink: /home/pp/Tawan-pe-/install/rplidar_ros/share/rplidar_ros/local_setup.dsv
[4.487s] -- Symlinking: /home/pp/Tawan-pe-/install/rplidar_ros/share/rplidar_ros/package.dsv
[4.505s] -- Up-to-date symlink: /home/pp/Tawan-pe-/install/rplidar_ros/share/ament_index/resource_index/packages/rplidar_ros
[4.505s] -- Up-to-date symlink: /home/pp/Tawan-pe-/install/rplidar_ros/share/rplidar_ros/cmake/ament_cmake_export_dependencies-extras.cmake
[4.506s] -- Up-to-date symlink: /home/pp/Tawan-pe-/install/rplidar_ros/share/rplidar_ros/cmake/ament_cmake_export_include_directories-extras.cmake
[4.506s] -- Up-to-date symlink: /home/pp/Tawan-pe-/install/rplidar_ros/share/rplidar_ros/cmake/rplidar_rosConfig.cmake
[4.507s] -- Up-to-date symlink: /home/pp/Tawan-pe-/install/rplidar_ros/share/rplidar_ros/cmake/rplidar_rosConfig-version.cmake
[4.507s] -- Up-to-date symlink: /home/pp/Tawan-pe-/install/rplidar_ros/share/rplidar_ros/package.xml
[4.513s] Invoked command in '/home/pp/Tawan-pe-/build/rplidar_ros' returned '0': CMAKE_PREFIX_PATH=${CMAKE_PREFIX_PATH}:/home/pp/Tawan-pe-/install/station_pkg:/home/pp/Tawan-pe-/install/ros2_aruco:/home/pp/Tawan-pe-/install/motion_control:/home/pp/Tawan-pe-/install/ired_teleop:/home/pp/Tawan-pe-/install/ired_movetogoal:/opt/ros/jazzy DEBUGINFOD_URLS=https://debuginfod.ubuntu.com /usr/bin/cmake --install /home/pp/Tawan-pe-/build/rplidar_ros
