[0.040s] Invoking command in '/home/pi/robot_ws/build/ired_aruco': CMAKE_PREFIX_PATH=${CMAKE_PREFIX_PATH}:/home/pi/robot_ws/install/ired_teleop:/home/pi/robot_ws/install/ired_movetogoal:/opt/ros/jazzy DEBUGINFOD_URLS=https://debuginfod.ubuntu.com /usr/bin/cmake /home/pi/robot_ws/src/aruco_marker/ired_aruco -DAMENT_CMAKE_SYMLINK_INSTALL=1 -DCMAKE_INSTALL_PREFIX=/home/pi/robot_ws/install/ired_aruco
[2.297s] -- The C compiler identification is GNU 13.3.0
[2.297s] -- The CXX compiler identification is GNU 13.3.0
[2.297s] -- Detecting C compiler ABI info
[2.301s] -- Detecting C compiler ABI info - done
[2.301s] -- Check for working C compiler: /usr/bin/cc - skipped
[2.301s] -- Detecting C compile features
[2.301s] -- Detecting C compile features - done
[2.301s] -- Detecting CXX compiler ABI info
[2.301s] -- Detecting CXX compiler ABI info - done
[2.301s] -- Check for working CXX compiler: /usr/bin/c++ - skipped
[2.301s] -- Detecting CXX compile features
[2.301s] -- Detecting CXX compile features - done
[2.301s] -- Found ament_cmake: 2.5.4 (/opt/ros/jazzy/share/ament_cmake/cmake)
[2.301s] -- Found Python3: /usr/bin/python3 (found version "3.12.3") found components: Interpreter 
[2.301s] -- Override CMake install command with custom implementation using symlinks instead of copying resources
[2.584s] -- Configuring done (2.5s)
[2.713s] -- Generating done (0.0s)
[2.714s] -- Build files have been written to: /home/pi/robot_ws/build/ired_aruco
[2.745s] Invoked command in '/home/pi/robot_ws/build/ired_aruco' returned '0': CMAKE_PREFIX_PATH=${CMAKE_PREFIX_PATH}:/home/pi/robot_ws/install/ired_teleop:/home/pi/robot_ws/install/ired_movetogoal:/opt/ros/jazzy DEBUGINFOD_URLS=https://debuginfod.ubuntu.com /usr/bin/cmake /home/pi/robot_ws/src/aruco_marker/ired_aruco -DAMENT_CMAKE_SYMLINK_INSTALL=1 -DCMAKE_INSTALL_PREFIX=/home/pi/robot_ws/install/ired_aruco
[2.745s] Invoking command in '/home/pi/robot_ws/build/ired_aruco': CMAKE_PREFIX_PATH=${CMAKE_PREFIX_PATH}:/home/pi/robot_ws/install/ired_teleop:/home/pi/robot_ws/install/ired_movetogoal:/opt/ros/jazzy DEBUGINFOD_URLS=https://debuginfod.ubuntu.com /usr/bin/cmake --build /home/pi/robot_ws/build/ired_aruco -- -j16 -l16
[3.001s] Invoked command in '/home/pi/robot_ws/build/ired_aruco' returned '0': CMAKE_PREFIX_PATH=${CMAKE_PREFIX_PATH}:/home/pi/robot_ws/install/ired_teleop:/home/pi/robot_ws/install/ired_movetogoal:/opt/ros/jazzy DEBUGINFOD_URLS=https://debuginfod.ubuntu.com /usr/bin/cmake --build /home/pi/robot_ws/build/ired_aruco -- -j16 -l16
[3.001s] Invoking command in '/home/pi/robot_ws/build/ired_aruco': CMAKE_PREFIX_PATH=${CMAKE_PREFIX_PATH}:/home/pi/robot_ws/install/ired_teleop:/home/pi/robot_ws/install/ired_movetogoal:/opt/ros/jazzy DEBUGINFOD_URLS=https://debuginfod.ubuntu.com /usr/bin/cmake --install /home/pi/robot_ws/build/ired_aruco
[3.026s] -- Install configuration: ""
[3.030s] -- Execute custom install script
[3.030s] -- Symlinking: /home/pi/robot_ws/install/ired_aruco/share/ired_aruco/launch/aruco_detect.launch.py
[3.068s] -- Symlinking: /home/pi/robot_ws/install/ired_aruco/share/ired_aruco/rviz/aruco.rviz
[3.104s] -- Symlinking: /home/pi/robot_ws/install/ired_aruco/share/ired_aruco/config/camera_calibration/ost.txt
[3.175s] -- Symlinking: /home/pi/robot_ws/install/ired_aruco/share/ired_aruco/config/camera_calibration/ost.yaml
[3.240s] -- Symlinking: /home/pi/robot_ws/install/ired_aruco/share/ament_index/resource_index/package_run_dependencies/ired_aruco
[3.281s] -- Symlinking: /home/pi/robot_ws/install/ired_aruco/share/ament_index/resource_index/parent_prefix_path/ired_aruco
[3.336s] -- Symlinking: /home/pi/robot_ws/install/ired_aruco/share/ired_aruco/environment/ament_prefix_path.sh
[3.388s] -- Symlinking: /home/pi/robot_ws/install/ired_aruco/share/ired_aruco/environment/ament_prefix_path.dsv
[3.420s] -- Symlinking: /home/pi/robot_ws/install/ired_aruco/share/ired_aruco/environment/path.sh
[3.474s] -- Symlinking: /home/pi/robot_ws/install/ired_aruco/share/ired_aruco/environment/path.dsv
[3.525s] -- Symlinking: /home/pi/robot_ws/install/ired_aruco/share/ired_aruco/local_setup.bash
[3.554s] -- Symlinking: /home/pi/robot_ws/install/ired_aruco/share/ired_aruco/local_setup.sh
[3.599s] -- Symlinking: /home/pi/robot_ws/install/ired_aruco/share/ired_aruco/local_setup.zsh
[3.631s] -- Symlinking: /home/pi/robot_ws/install/ired_aruco/share/ired_aruco/local_setup.dsv
[3.691s] -- Symlinking: /home/pi/robot_ws/install/ired_aruco/share/ired_aruco/package.dsv
[3.754s] -- Symlinking: /home/pi/robot_ws/install/ired_aruco/share/ament_index/resource_index/packages/ired_aruco
[3.806s] -- Symlinking: /home/pi/robot_ws/install/ired_aruco/share/ired_aruco/cmake/ired_arucoConfig.cmake
[3.835s] -- Symlinking: /home/pi/robot_ws/install/ired_aruco/share/ired_aruco/cmake/ired_arucoConfig-version.cmake
[3.877s] -- Symlinking: /home/pi/robot_ws/install/ired_aruco/share/ired_aruco/package.xml
[3.918s] Invoked command in '/home/pi/robot_ws/build/ired_aruco' returned '0': CMAKE_PREFIX_PATH=${CMAKE_PREFIX_PATH}:/home/pi/robot_ws/install/ired_teleop:/home/pi/robot_ws/install/ired_movetogoal:/opt/ros/jazzy DEBUGINFOD_URLS=https://debuginfod.ubuntu.com /usr/bin/cmake --install /home/pi/robot_ws/build/ired_aruco
