[2.604s] Invoking command in '/home/pp/Tawan-pe-/src/robot/ired_movetogoal': DEBUGINFOD_URLS=https://debuginfod.ubuntu.com PYTHONPATH=/home/pp/Tawan-pe-/build/ired_movetogoal/prefix_override:/usr/lib/python3/dist-packages/colcon_core/task/python/colcon_distutils_commands:/home/pp/Tawan-pe-/install/ired_movetogoal/lib/python3.12/site-packages:${PYTHONPATH} /usr/bin/python3 -W ignore:setup.py install is deprecated -W ignore:easy_install command is deprecated setup.py egg_info --egg-base ../../../build/ired_movetogoal build --build-base /home/pp/Tawan-pe-/build/ired_movetogoal/build install --record /home/pp/Tawan-pe-/build/ired_movetogoal/install.log --single-version-externally-managed install_data
[2.844s] running egg_info
[2.860s] writing ../../../build/ired_movetogoal/ired_movetogoal.egg-info/PKG-INFO
[2.861s] writing dependency_links to ../../../build/ired_movetogoal/ired_movetogoal.egg-info/dependency_links.txt
[2.861s] writing entry points to ../../../build/ired_movetogoal/ired_movetogoal.egg-info/entry_points.txt
[2.861s] writing requirements to ../../../build/ired_movetogoal/ired_movetogoal.egg-info/requires.txt
[2.861s] writing top-level names to ../../../build/ired_movetogoal/ired_movetogoal.egg-info/top_level.txt
[2.896s] reading manifest file '../../../build/ired_movetogoal/ired_movetogoal.egg-info/SOURCES.txt'
[2.897s] adding license file 'LICENSE'
[2.897s] writing manifest file '../../../build/ired_movetogoal/ired_movetogoal.egg-info/SOURCES.txt'
[2.897s] running build
[2.897s] running build_py
[2.898s] running install
[2.902s] running install_lib
[2.920s] running install_data
[2.920s] running install_egg_info
[2.938s] removing '/home/pp/Tawan-pe-/install/ired_movetogoal/lib/python3.12/site-packages/ired_movetogoal-2.0.1-py3.12.egg-info' (and everything under it)
[2.938s] Copying ../../../build/ired_movetogoal/ired_movetogoal.egg-info to /home/pp/Tawan-pe-/install/ired_movetogoal/lib/python3.12/site-packages/ired_movetogoal-2.0.1-py3.12.egg-info
[2.939s] running install_scripts
[3.056s] Installing movetogoal script to /home/pp/Tawan-pe-/install/ired_movetogoal/lib/ired_movetogoal
[3.057s] writing list of installed files to '/home/pp/Tawan-pe-/build/ired_movetogoal/install.log'
[3.102s] Invoked command in '/home/pp/Tawan-pe-/src/robot/ired_movetogoal' returned '0': DEBUGINFOD_URLS=https://debuginfod.ubuntu.com PYTHONPATH=/home/pp/Tawan-pe-/build/ired_movetogoal/prefix_override:/usr/lib/python3/dist-packages/colcon_core/task/python/colcon_distutils_commands:/home/pp/Tawan-pe-/install/ired_movetogoal/lib/python3.12/site-packages:${PYTHONPATH} /usr/bin/python3 -W ignore:setup.py install is deprecated -W ignore:easy_install command is deprecated setup.py egg_info --egg-base ../../../build/ired_movetogoal build --build-base /home/pp/Tawan-pe-/build/ired_movetogoal/build install --record /home/pp/Tawan-pe-/build/ired_movetogoal/install.log --single-version-externally-managed install_data
