[0.008s] Invoking command in '/home/pp/Tawan-pe-/build/ros2_laser_scan_matcher': CMAKE_PREFIX_PATH=/home/pp/Tawan-pe-/install/csm:/home/pp/Tawan-pe-/install/rplidar_ros:/home/pp/Tawan-pe-/install/ros2_laser_scan_matcher:/home/pp/Tawan-pe-/install/ros2_aruco_interfaces:/home/pp/Tawan-pe-/install/lidar_bringup:/home/pp/Tawan-pe-/install/ired_rviz:/home/pp/Tawan-pe-/install/ired_navigation:/home/pp/Tawan-pe-/install/ired_bringup:/home/pp/Tawan-pe-/install/ired_msgs:/home/pp/Tawan-pe-/install/ired_aruco:/opt/ros/jazzy/opt/gz_math_vendor:/opt/ros/jazzy/opt/gz_utils_vendor:/opt/ros/jazzy/opt/gz_cmake_vendor:/home/pp/Tawan-pe-/install/station_pkg:/home/pp/Tawan-pe-/install/ros2_aruco:/home/pp/Tawan-pe-/install/ired_teleop:/home/pp/Tawan-pe-/install/ired_movetogoal:/opt/ros/jazzy DEBUGINFOD_URLS=https://debuginfod.ubuntu.com LD_LIBRARY_PATH=/home/pp/Tawan-pe-/install/csm/lib:/home/pp/Tawan-pe-/install/ros2_aruco_interfaces/lib:/home/pp/Tawan-pe-/install/ired_msgs/lib:/opt/ros/jazzy/opt/rviz_ogre_vendor/lib:/opt/ros/jazzy/lib/x86_64-linux-gnu:/opt/ros/jazzy/opt/gz_math_vendor/lib:/opt/ros/jazzy/opt/gz_utils_vendor/lib:/opt/ros/jazzy/opt/gz_cmake_vendor/lib:/opt/ros/jazzy/lib /usr/bin/cmake /home/pp/Tawan-pe-/src/robot/ros2_laser_scan_matcher -DAMENT_CMAKE_SYMLINK_INSTALL=1 -DCMAKE_INSTALL_PREFIX=/home/pp/Tawan-pe-/install/ros2_laser_scan_matcher
[0.060s] -- The C compiler identification is GNU 13.3.0
[0.111s] -- The CXX compiler identification is GNU 13.3.0
[0.128s] -- Detecting C compiler ABI info
[0.242s] -- Detecting C compiler ABI info - done
[0.254s] -- Check for working C compiler: /usr/bin/cc - skipped
[0.254s] -- Detecting C compile features
[0.254s] -- Detecting C compile features - done
[0.267s] -- Detecting CXX compiler ABI info
[0.376s] -- Detecting CXX compiler ABI info - done
[0.383s] -- Check for working CXX compiler: /usr/bin/c++ - skipped
[0.384s] -- Detecting CXX compile features
[0.384s] -- Detecting CXX compile features - done
[0.387s] -- Found ament_cmake: 2.5.4 (/opt/ros/jazzy/share/ament_cmake/cmake)
[0.533s] -- Found Python3: /usr/bin/python3 (found version "3.12.3") found components: Interpreter 
[0.606s] -- Override CMake install command with custom implementation using symlinks instead of copying resources
[0.648s] -- Found sensor_msgs: 5.3.6 (/opt/ros/jazzy/share/sensor_msgs/cmake)
[0.690s] -- Found rosidl_generator_c: 4.6.6 (/opt/ros/jazzy/share/rosidl_generator_c/cmake)
[0.704s] -- Found rosidl_generator_cpp: 4.6.6 (/opt/ros/jazzy/share/rosidl_generator_cpp/cmake)
[0.720s] -- Using all available rosidl_typesupport_c: rosidl_typesupport_fastrtps_c;rosidl_typesupport_introspection_c
[0.739s] -- Using all available rosidl_typesupport_cpp: rosidl_typesupport_fastrtps_cpp;rosidl_typesupport_introspection_cpp
[0.821s] -- Found rclcpp: 28.1.13 (/opt/ros/jazzy/share/rclcpp/cmake)
[0.873s] -- Found rmw_implementation_cmake: 7.3.2 (/opt/ros/jazzy/share/rmw_implementation_cmake/cmake)
[0.877s] -- Found rmw_fastrtps_cpp: 8.4.3 (/opt/ros/jazzy/share/rmw_fastrtps_cpp/cmake)
[0.968s] -- Found OpenSSL: /usr/lib/x86_64-linux-gnu/libcrypto.so (found version "3.0.13")  
[0.997s] -- Found FastRTPS: /opt/ros/jazzy/include (Required is at least version "2.13") 
[1.027s] -- Using RMW implementation 'rmw_fastrtps_cpp' as default
[1.098s] -- Found nav_msgs: 5.3.6 (/opt/ros/jazzy/share/nav_msgs/cmake)
[1.125s] -- Found tf2_ros: 0.36.16 (/opt/ros/jazzy/share/tf2_ros/cmake)
[1.256s] -- Found tf2_geometry_msgs: 0.36.16 (/opt/ros/jazzy/share/tf2_geometry_msgs/cmake)
[1.275s] -- Found eigen3_cmake_module: 0.3.0 (/opt/ros/jazzy/share/eigen3_cmake_module/cmake)
[1.276s] -- Found Eigen3: TRUE (found version "3.4.0") 
[1.276s] -- Ensuring Eigen3 include directory is part of orocos-kdl CMake target
[1.282s] -- Found PkgConfig: /usr/bin/pkg-config (found version "1.8.1") 
[1.283s] -- Found csm: 0.0.0 (/home/pp/Tawan-pe-/install/csm/share/csm/cmake)
[1.395s] -- Found Boost: /usr/lib/x86_64-linux-gnu/cmake/Boost-1.83.0/BoostConfig.cmake (found version "1.83.0") found components: thread 
[1.532s] -- Configuring done (1.5s)
[1.557s] -- Generating done (0.0s)
[1.563s] -- Build files have been written to: /home/pp/Tawan-pe-/build/ros2_laser_scan_matcher
[1.583s] Invoked command in '/home/pp/Tawan-pe-/build/ros2_laser_scan_matcher' returned '0': CMAKE_PREFIX_PATH=/home/pp/Tawan-pe-/install/csm:/home/pp/Tawan-pe-/install/rplidar_ros:/home/pp/Tawan-pe-/install/ros2_laser_scan_matcher:/home/pp/Tawan-pe-/install/ros2_aruco_interfaces:/home/pp/Tawan-pe-/install/lidar_bringup:/home/pp/Tawan-pe-/install/ired_rviz:/home/pp/Tawan-pe-/install/ired_navigation:/home/pp/Tawan-pe-/install/ired_bringup:/home/pp/Tawan-pe-/install/ired_msgs:/home/pp/Tawan-pe-/install/ired_aruco:/opt/ros/jazzy/opt/gz_math_vendor:/opt/ros/jazzy/opt/gz_utils_vendor:/opt/ros/jazzy/opt/gz_cmake_vendor:/home/pp/Tawan-pe-/install/station_pkg:/home/pp/Tawan-pe-/install/ros2_aruco:/home/pp/Tawan-pe-/install/ired_teleop:/home/pp/Tawan-pe-/install/ired_movetogoal:/opt/ros/jazzy DEBUGINFOD_URLS=https://debuginfod.ubuntu.com LD_LIBRARY_PATH=/home/pp/Tawan-pe-/install/csm/lib:/home/pp/Tawan-pe-/install/ros2_aruco_interfaces/lib:/home/pp/Tawan-pe-/install/ired_msgs/lib:/opt/ros/jazzy/opt/rviz_ogre_vendor/lib:/opt/ros/jazzy/lib/x86_64-linux-gnu:/opt/ros/jazzy/opt/gz_math_vendor/lib:/opt/ros/jazzy/opt/gz_utils_vendor/lib:/opt/ros/jazzy/opt/gz_cmake_vendor/lib:/opt/ros/jazzy/lib /usr/bin/cmake /home/pp/Tawan-pe-/src/robot/ros2_laser_scan_matcher -DAMENT_CMAKE_SYMLINK_INSTALL=1 -DCMAKE_INSTALL_PREFIX=/home/pp/Tawan-pe-/install/ros2_laser_scan_matcher
[1.584s] Invoking command in '/home/pp/Tawan-pe-/build/ros2_laser_scan_matcher': CMAKE_PREFIX_PATH=/home/pp/Tawan-pe-/install/csm:/home/pp/Tawan-pe-/install/rplidar_ros:/home/pp/Tawan-pe-/install/ros2_laser_scan_matcher:/home/pp/Tawan-pe-/install/ros2_aruco_interfaces:/home/pp/Tawan-pe-/install/lidar_bringup:/home/pp/Tawan-pe-/install/ired_rviz:/home/pp/Tawan-pe-/install/ired_navigation:/home/pp/Tawan-pe-/install/ired_bringup:/home/pp/Tawan-pe-/install/ired_msgs:/home/pp/Tawan-pe-/install/ired_aruco:/opt/ros/jazzy/opt/gz_math_vendor:/opt/ros/jazzy/opt/gz_utils_vendor:/opt/ros/jazzy/opt/gz_cmake_vendor:/home/pp/Tawan-pe-/install/station_pkg:/home/pp/Tawan-pe-/install/ros2_aruco:/home/pp/Tawan-pe-/install/ired_teleop:/home/pp/Tawan-pe-/install/ired_movetogoal:/opt/ros/jazzy DEBUGINFOD_URLS=https://debuginfod.ubuntu.com LD_LIBRARY_PATH=/home/pp/Tawan-pe-/install/csm/lib:/home/pp/Tawan-pe-/install/ros2_aruco_interfaces/lib:/home/pp/Tawan-pe-/install/ired_msgs/lib:/opt/ros/jazzy/opt/rviz_ogre_vendor/lib:/opt/ros/jazzy/lib/x86_64-linux-gnu:/opt/ros/jazzy/opt/gz_math_vendor/lib:/opt/ros/jazzy/opt/gz_utils_vendor/lib:/opt/ros/jazzy/opt/gz_cmake_vendor/lib:/opt/ros/jazzy/lib /usr/bin/cmake --build /home/pp/Tawan-pe-/build/ros2_laser_scan_matcher -- -j12 -l12
[1.658s] [ 50%] [32mBuilding CXX object CMakeFiles/laser_scan_matcher.dir/src/laser_scan_matcher.cpp.o[0m
[12.190s] [100%] [32m[1mLinking CXX executable laser_scan_matcher[0m
[12.628s] [100%] Built target laser_scan_matcher
[12.638s] Invoked command in '/home/pp/Tawan-pe-/build/ros2_laser_scan_matcher' returned '0': CMAKE_PREFIX_PATH=/home/pp/Tawan-pe-/install/csm:/home/pp/Tawan-pe-/install/rplidar_ros:/home/pp/Tawan-pe-/install/ros2_laser_scan_matcher:/home/pp/Tawan-pe-/install/ros2_aruco_interfaces:/home/pp/Tawan-pe-/install/lidar_bringup:/home/pp/Tawan-pe-/install/ired_rviz:/home/pp/Tawan-pe-/install/ired_navigation:/home/pp/Tawan-pe-/install/ired_bringup:/home/pp/Tawan-pe-/install/ired_msgs:/home/pp/Tawan-pe-/install/ired_aruco:/opt/ros/jazzy/opt/gz_math_vendor:/opt/ros/jazzy/opt/gz_utils_vendor:/opt/ros/jazzy/opt/gz_cmake_vendor:/home/pp/Tawan-pe-/install/station_pkg:/home/pp/Tawan-pe-/install/ros2_aruco:/home/pp/Tawan-pe-/install/ired_teleop:/home/pp/Tawan-pe-/install/ired_movetogoal:/opt/ros/jazzy DEBUGINFOD_URLS=https://debuginfod.ubuntu.com LD_LIBRARY_PATH=/home/pp/Tawan-pe-/install/csm/lib:/home/pp/Tawan-pe-/install/ros2_aruco_interfaces/lib:/home/pp/Tawan-pe-/install/ired_msgs/lib:/opt/ros/jazzy/opt/rviz_ogre_vendor/lib:/opt/ros/jazzy/lib/x86_64-linux-gnu:/opt/ros/jazzy/opt/gz_math_vendor/lib:/opt/ros/jazzy/opt/gz_utils_vendor/lib:/opt/ros/jazzy/opt/gz_cmake_vendor/lib:/opt/ros/jazzy/lib /usr/bin/cmake --build /home/pp/Tawan-pe-/build/ros2_laser_scan_matcher -- -j12 -l12
[12.640s] Invoking command in '/home/pp/Tawan-pe-/build/ros2_laser_scan_matcher': CMAKE_PREFIX_PATH=/home/pp/Tawan-pe-/install/csm:/home/pp/Tawan-pe-/install/rplidar_ros:/home/pp/Tawan-pe-/install/ros2_laser_scan_matcher:/home/pp/Tawan-pe-/install/ros2_aruco_interfaces:/home/pp/Tawan-pe-/install/lidar_bringup:/home/pp/Tawan-pe-/install/ired_rviz:/home/pp/Tawan-pe-/install/ired_navigation:/home/pp/Tawan-pe-/install/ired_bringup:/home/pp/Tawan-pe-/install/ired_msgs:/home/pp/Tawan-pe-/install/ired_aruco:/opt/ros/jazzy/opt/gz_math_vendor:/opt/ros/jazzy/opt/gz_utils_vendor:/opt/ros/jazzy/opt/gz_cmake_vendor:/home/pp/Tawan-pe-/install/station_pkg:/home/pp/Tawan-pe-/install/ros2_aruco:/home/pp/Tawan-pe-/install/ired_teleop:/home/pp/Tawan-pe-/install/ired_movetogoal:/opt/ros/jazzy DEBUGINFOD_URLS=https://debuginfod.ubuntu.com LD_LIBRARY_PATH=/home/pp/Tawan-pe-/install/csm/lib:/home/pp/Tawan-pe-/install/ros2_aruco_interfaces/lib:/home/pp/Tawan-pe-/install/ired_msgs/lib:/opt/ros/jazzy/opt/rviz_ogre_vendor/lib:/opt/ros/jazzy/lib/x86_64-linux-gnu:/opt/ros/jazzy/opt/gz_math_vendor/lib:/opt/ros/jazzy/opt/gz_utils_vendor/lib:/opt/ros/jazzy/opt/gz_cmake_vendor/lib:/opt/ros/jazzy/lib /usr/bin/cmake --install /home/pp/Tawan-pe-/build/ros2_laser_scan_matcher
[12.647s] -- Install configuration: ""
[12.647s] -- Execute custom install script
[12.647s] -- Symlinking: /home/pp/Tawan-pe-/install/ros2_laser_scan_matcher/lib/ros2_laser_scan_matcher/laser_scan_matcher
[12.657s] -- Symlinking: /home/pp/Tawan-pe-/install/ros2_laser_scan_matcher/share/ros2_laser_scan_matcher/launch/laser_scan_matcher.launch.py
[12.667s] -- Symlinking: /home/pp/Tawan-pe-/install/ros2_laser_scan_matcher/share/ros2_laser_scan_matcher/param/laser_scan_matcher.yaml
[12.675s] -- Symlinking: /home/pp/Tawan-pe-/install/ros2_laser_scan_matcher/share/ament_index/resource_index/package_run_dependencies/ros2_laser_scan_matcher
[12.684s] -- Symlinking: /home/pp/Tawan-pe-/install/ros2_laser_scan_matcher/share/ament_index/resource_index/parent_prefix_path/ros2_laser_scan_matcher
[12.692s] -- Symlinking: /home/pp/Tawan-pe-/install/ros2_laser_scan_matcher/share/ros2_laser_scan_matcher/environment/ament_prefix_path.sh
[12.700s] -- Symlinking: /home/pp/Tawan-pe-/install/ros2_laser_scan_matcher/share/ros2_laser_scan_matcher/environment/ament_prefix_path.dsv
[12.708s] -- Symlinking: /home/pp/Tawan-pe-/install/ros2_laser_scan_matcher/share/ros2_laser_scan_matcher/environment/path.sh
[12.716s] -- Symlinking: /home/pp/Tawan-pe-/install/ros2_laser_scan_matcher/share/ros2_laser_scan_matcher/environment/path.dsv
[12.724s] -- Symlinking: /home/pp/Tawan-pe-/install/ros2_laser_scan_matcher/share/ros2_laser_scan_matcher/local_setup.bash
[12.732s] -- Symlinking: /home/pp/Tawan-pe-/install/ros2_laser_scan_matcher/share/ros2_laser_scan_matcher/local_setup.sh
[12.741s] -- Symlinking: /home/pp/Tawan-pe-/install/ros2_laser_scan_matcher/share/ros2_laser_scan_matcher/local_setup.zsh
[12.749s] -- Symlinking: /home/pp/Tawan-pe-/install/ros2_laser_scan_matcher/share/ros2_laser_scan_matcher/local_setup.dsv
[12.757s] -- Symlinking: /home/pp/Tawan-pe-/install/ros2_laser_scan_matcher/share/ros2_laser_scan_matcher/package.dsv
[12.765s] -- Symlinking: /home/pp/Tawan-pe-/install/ros2_laser_scan_matcher/share/ament_index/resource_index/packages/ros2_laser_scan_matcher
[12.775s] -- Symlinking: /home/pp/Tawan-pe-/install/ros2_laser_scan_matcher/share/ros2_laser_scan_matcher/cmake/ros2_laser_scan_matcherConfig.cmake
[12.784s] -- Symlinking: /home/pp/Tawan-pe-/install/ros2_laser_scan_matcher/share/ros2_laser_scan_matcher/cmake/ros2_laser_scan_matcherConfig-version.cmake
[12.792s] -- Symlinking: /home/pp/Tawan-pe-/install/ros2_laser_scan_matcher/share/ros2_laser_scan_matcher/package.xml
[12.802s] Invoked command in '/home/pp/Tawan-pe-/build/ros2_laser_scan_matcher' returned '0': CMAKE_PREFIX_PATH=/home/pp/Tawan-pe-/install/csm:/home/pp/Tawan-pe-/install/rplidar_ros:/home/pp/Tawan-pe-/install/ros2_laser_scan_matcher:/home/pp/Tawan-pe-/install/ros2_aruco_interfaces:/home/pp/Tawan-pe-/install/lidar_bringup:/home/pp/Tawan-pe-/install/ired_rviz:/home/pp/Tawan-pe-/install/ired_navigation:/home/pp/Tawan-pe-/install/ired_bringup:/home/pp/Tawan-pe-/install/ired_msgs:/home/pp/Tawan-pe-/install/ired_aruco:/opt/ros/jazzy/opt/gz_math_vendor:/opt/ros/jazzy/opt/gz_utils_vendor:/opt/ros/jazzy/opt/gz_cmake_vendor:/home/pp/Tawan-pe-/install/station_pkg:/home/pp/Tawan-pe-/install/ros2_aruco:/home/pp/Tawan-pe-/install/ired_teleop:/home/pp/Tawan-pe-/install/ired_movetogoal:/opt/ros/jazzy DEBUGINFOD_URLS=https://debuginfod.ubuntu.com LD_LIBRARY_PATH=/home/pp/Tawan-pe-/install/csm/lib:/home/pp/Tawan-pe-/install/ros2_aruco_interfaces/lib:/home/pp/Tawan-pe-/install/ired_msgs/lib:/opt/ros/jazzy/opt/rviz_ogre_vendor/lib:/opt/ros/jazzy/lib/x86_64-linux-gnu:/opt/ros/jazzy/opt/gz_math_vendor/lib:/opt/ros/jazzy/opt/gz_utils_vendor/lib:/opt/ros/jazzy/opt/gz_cmake_vendor/lib:/opt/ros/jazzy/lib /usr/bin/cmake --install /home/pp/Tawan-pe-/build/ros2_laser_scan_matcher
