[3.678s] Invoking command in '/home/pp/Tawan-pe-/src/build/ired_movetogoal': DEBUGINFOD_URLS=https://debuginfod.ubuntu.com PYTHONPATH=/home/pp/Tawan-pe-/src/build/ired_movetogoal/prefix_override:/usr/lib/python3/dist-packages/colcon_core/task/python/colcon_distutils_commands:/home/pp/Tawan-pe-/src/install/ired_movetogoal/lib/python3.12/site-packages:${PYTHONPATH} /usr/bin/python3 -W ignore:setup.py install is deprecated -W ignore:easy_install command is deprecated setup.py develop --editable --build-directory /home/pp/Tawan-pe-/src/build/ired_movetogoal/build --no-deps symlink_data
[5.973s] running develop
[7.652s] running egg_info
[7.652s] creating ired_movetogoal.egg-info
[7.855s] writing ired_movetogoal.egg-info/PKG-INFO
[7.859s] writing dependency_links to ired_movetogoal.egg-info/dependency_links.txt
[7.859s] writing entry points to ired_movetogoal.egg-info/entry_points.txt
[7.864s] writing requirements to ired_movetogoal.egg-info/requires.txt
[7.864s] writing top-level names to ired_movetogoal.egg-info/top_level.txt
[7.868s] writing manifest file 'ired_movetogoal.egg-info/SOURCES.txt'
[8.245s] reading manifest file 'ired_movetogoal.egg-info/SOURCES.txt'
[8.245s] writing manifest file 'ired_movetogoal.egg-info/SOURCES.txt'
[8.455s] running build_ext
[8.455s] Creating /home/pp/Tawan-pe-/src/install/ired_movetogoal/lib/python3.12/site-packages/ired-movetogoal.egg-link (link to .)
[8.466s] Installing movetogoal script to /home/pp/Tawan-pe-/src/install/ired_movetogoal/lib/ired_movetogoal
[8.466s] 
[8.466s] Installed /home/pp/Tawan-pe-/src/build/ired_movetogoal
[8.467s] running symlink_data
[8.470s] creating /home/pp/Tawan-pe-/src/install/ired_movetogoal/share/ament_index
[8.470s] creating /home/pp/Tawan-pe-/src/install/ired_movetogoal/share/ament_index/resource_index
[8.470s] creating /home/pp/Tawan-pe-/src/install/ired_movetogoal/share/ament_index/resource_index/packages
[8.471s] symbolically linking /home/pp/Tawan-pe-/src/build/ired_movetogoal/resource/ired_movetogoal -> /home/pp/Tawan-pe-/src/install/ired_movetogoal/share/ament_index/resource_index/packages
[8.477s] symbolically linking /home/pp/Tawan-pe-/src/build/ired_movetogoal/package.xml -> /home/pp/Tawan-pe-/src/install/ired_movetogoal/share/ired_movetogoal
[8.920s] Invoked command in '/home/pp/Tawan-pe-/src/build/ired_movetogoal' returned '0': DEBUGINFOD_URLS=https://debuginfod.ubuntu.com PYTHONPATH=/home/pp/Tawan-pe-/src/build/ired_movetogoal/prefix_override:/usr/lib/python3/dist-packages/colcon_core/task/python/colcon_distutils_commands:/home/pp/Tawan-pe-/src/install/ired_movetogoal/lib/python3.12/site-packages:${PYTHONPATH} /usr/bin/python3 -W ignore:setup.py install is deprecated -W ignore:easy_install command is deprecated setup.py develop --editable --build-directory /home/pp/Tawan-pe-/src/build/ired_movetogoal/build --no-deps symlink_data
